Iteration 0
Elapsed time for kappa 77.5965 sec
Elapsed time for experts 23.6995 sec
Elapsed time for households 19.1952 sec
Iteration 1
Elapsed time for kappa 36.7763 sec
Elapsed time for experts 18.0090 sec
Elapsed time for households 15.7140 sec
Iteration 2
Elapsed time for kappa 33.8205 sec
Elapsed time for experts 17.3780 sec
Elapsed time for households 15.8777 sec
Iteration 3
Elapsed time for kappa 33.5999 sec
Elapsed time for experts 17.5849 sec
Elapsed time for households 15.2199 sec
Iteration 4
Elapsed time for kappa 33.9997 sec
Elapsed time for experts 16.9989 sec
Elapsed time for households 14.8521 sec
Iteration 5
Elapsed time for kappa 38.2126 sec
Elapsed time for experts 17.4779 sec
Elapsed time for households 15.3910 sec
Iteration 6
Elapsed time for kappa 34.2122 sec
Elapsed time for experts 15.9293 sec
Elapsed time for households 15.0167 sec
Iteration 7
Elapsed time for kappa 41.4633 sec
Elapsed time for experts 15.2223 sec
Elapsed time for households 14.8026 sec
Iteration 8
Elapsed time for kappa 34.6278 sec
Elapsed time for experts 14.2396 sec
Elapsed time for households 11.1667 sec
Iteration 9
Elapsed time for kappa 34.7479 sec
Elapsed time for experts 14.0482 sec
Elapsed time for households 10.7800 sec
Iteration 10
Elapsed time for kappa 34.0883 sec
Elapsed time for experts 15.9235 sec
Elapsed time for households 10.8832 sec
Iteration 11
Elapsed time for kappa 35.0861 sec
Elapsed time for experts 16.5148 sec
Elapsed time for households 11.2227 sec
Iteration 12
Elapsed time for kappa 33.6960 sec
Elapsed time for experts 14.5587 sec
Elapsed time for households 17.7235 sec
Iteration 13
Elapsed time for kappa 34.7958 sec
Elapsed time for experts 15.0516 sec
Elapsed time for households 13.3260 sec
Iteration 14
Elapsed time for kappa 34.4925 sec
Elapsed time for experts 14.3304 sec
Elapsed time for households 11.7607 sec
Iteration 15
Elapsed time for kappa 33.8396 sec
Elapsed time for experts 14.2419 sec
Elapsed time for households 11.3790 sec
Iteration 16
Elapsed time for kappa 33.8647 sec
Elapsed time for experts 14.1990 sec
Elapsed time for households 11.2253 sec
Iteration 17
Elapsed time for kappa 33.8137 sec
Elapsed time for experts 16.7510 sec
Elapsed time for households 11.0157 sec
Iteration 18
Elapsed time for kappa 34.1315 sec
Elapsed time for experts 15.6694 sec
Elapsed time for households 17.4559 sec
Iteration 19
Elapsed time for kappa 33.8511 sec
Elapsed time for experts 12.3187 sec
Elapsed time for households 10.8967 sec
Iteration 20
Elapsed time for kappa 34.4308 sec
Elapsed time for experts 13.1035 sec
Elapsed time for households 10.9089 sec
Iteration 21
Elapsed time for kappa 33.5169 sec
Elapsed time for experts 14.0048 sec
Elapsed time for households 10.9928 sec
Iteration 22
Elapsed time for kappa 33.8263 sec
Elapsed time for experts 13.3811 sec
Elapsed time for households 10.8075 sec
Iteration 23
Elapsed time for kappa 34.0948 sec
Elapsed time for experts 13.2605 sec
Elapsed time for households 11.0110 sec
Iteration 24
Elapsed time for kappa 34.2111 sec
Elapsed time for experts 19.8116 sec
Elapsed time for households 11.2072 sec
Iteration 25
Elapsed time for kappa 33.9412 sec
Elapsed time for experts 15.1462 sec
Elapsed time for households 11.0094 sec
Iteration 26
Elapsed time for kappa 33.9735 sec
Elapsed time for experts 13.5159 sec
Elapsed time for households 11.1130 sec
Iteration 27
Elapsed time for kappa 33.7367 sec
Elapsed time for experts 12.7558 sec
Elapsed time for households 11.3815 sec
Iteration 28
Elapsed time for kappa 33.6468 sec
Elapsed time for experts 15.0671 sec
Elapsed time for households 10.7691 sec
Iteration 29
Elapsed time for kappa 33.7441 sec
Elapsed time for experts 14.1712 sec
Elapsed time for households 10.8552 sec
Iteration 30
Elapsed time for kappa 33.5096 sec
Elapsed time for experts 19.9727 sec
Elapsed time for households 12.0919 sec
Iteration 31
Elapsed time for kappa 33.2845 sec
Elapsed time for experts 13.4010 sec
Elapsed time for households 11.0910 sec
Iteration 32
Elapsed time for kappa 31.8734 sec
Elapsed time for experts 14.2830 sec
Elapsed time for households 11.0929 sec
Iteration 33
Elapsed time for kappa 32.9521 sec
Elapsed time for experts 12.5638 sec
Elapsed time for households 11.0722 sec
Iteration 34
Elapsed time for kappa 33.4420 sec
Elapsed time for experts 14.5676 sec
Elapsed time for households 11.0221 sec
Iteration 35
Elapsed time for kappa 32.9811 sec
Elapsed time for experts 12.7127 sec
Elapsed time for households 11.2938 sec
Iteration 36
Elapsed time for kappa 32.9855 sec
Elapsed time for experts 20.0652 sec
Elapsed time for households 11.3195 sec
Iteration 37
Elapsed time for kappa 33.1844 sec
Elapsed time for experts 13.3199 sec
Elapsed time for households 10.9954 sec
Iteration 38
Elapsed time for kappa 33.2448 sec
Elapsed time for experts 13.9588 sec
Elapsed time for households 11.0144 sec
Iteration 39
Elapsed time for kappa 33.6450 sec
Elapsed time for experts 13.6345 sec
Elapsed time for households 10.7399 sec
Iteration 40
Elapsed time for kappa 32.7671 sec
Elapsed time for experts 13.2502 sec
Elapsed time for households 10.9697 sec
Iteration 41
Elapsed time for kappa 33.1154 sec
Elapsed time for experts 13.8031 sec
Elapsed time for households 11.0816 sec
Iteration 42
Elapsed time for kappa 39.1846 sec
Elapsed time for experts 13.9270 sec
Elapsed time for households 11.3011 sec
Iteration 43
Elapsed time for kappa 32.7429 sec
Elapsed time for experts 14.2384 sec
Elapsed time for households 10.8696 sec
Iteration 44
Elapsed time for kappa 32.5346 sec
Elapsed time for experts 12.6074 sec
Elapsed time for households 10.6843 sec
Iteration 45
Elapsed time for kappa 32.1988 sec
Elapsed time for experts 12.2059 sec
Elapsed time for households 11.8033 sec
Iteration 46
Elapsed time for kappa 32.6087 sec
Elapsed time for experts 12.7437 sec
Elapsed time for households 11.7544 sec
Iteration 47
Elapsed time for kappa 32.7317 sec
Elapsed time for experts 13.1000 sec
Elapsed time for households 11.0477 sec
Iteration 48
Elapsed time for kappa 39.1987 sec
Elapsed time for experts 12.9597 sec
Elapsed time for households 10.9101 sec
Iteration 49
Elapsed time for kappa 33.0451 sec
Elapsed time for experts 12.9865 sec
Elapsed time for households 10.5960 sec
Iteration 50
Elapsed time for kappa 32.8002 sec
Elapsed time for experts 12.9407 sec
Elapsed time for households 10.6077 sec
Iteration 51
Elapsed time for kappa 32.4837 sec
Elapsed time for experts 12.7615 sec
Elapsed time for households 10.5801 sec
Iteration 52
Elapsed time for kappa 32.6536 sec
Elapsed time for experts 12.1544 sec
Elapsed time for households 10.4891 sec
Iteration 53
Elapsed time for kappa 32.8231 sec
Elapsed time for experts 13.2592 sec
Elapsed time for households 11.0369 sec
Iteration 54
Elapsed time for kappa 38.8442 sec
Elapsed time for experts 14.5237 sec
Elapsed time for households 10.8570 sec
Iteration 55
Elapsed time for kappa 32.4920 sec
Elapsed time for experts 12.7658 sec
Elapsed time for households 10.8458 sec
Iteration 56
Elapsed time for kappa 31.8106 sec
Elapsed time for experts 12.4932 sec
Elapsed time for households 10.7486 sec
Iteration 57
Elapsed time for kappa 32.4406 sec
Elapsed time for experts 13.9492 sec
Elapsed time for households 11.0054 sec
Iteration 58
Elapsed time for kappa 31.9930 sec
Elapsed time for experts 13.1625 sec
Elapsed time for households 10.7195 sec
Iteration 59
Elapsed time for kappa 32.0217 sec
Elapsed time for experts 13.1619 sec
Elapsed time for households 10.4208 sec
Iteration 60
Elapsed time for kappa 38.3379 sec
Elapsed time for experts 12.5671 sec
Elapsed time for households 11.0353 sec
Iteration 61
Elapsed time for kappa 31.9806 sec
Elapsed time for experts 12.8519 sec
Elapsed time for households 10.5957 sec
Iteration 62
Elapsed time for kappa 32.1196 sec
Elapsed time for experts 13.4685 sec
Elapsed time for households 10.4401 sec
Iteration 63
Elapsed time for kappa 31.5828 sec
Elapsed time for experts 13.7430 sec
Elapsed time for households 10.7406 sec
Iteration 64
Elapsed time for kappa 31.9134 sec
Elapsed time for experts 12.3395 sec
Elapsed time for households 10.9552 sec
Iteration 65
Elapsed time for kappa 32.5004 sec
Elapsed time for experts 13.9491 sec
Elapsed time for households 16.2787 sec
Iteration 66
Elapsed time for kappa 32.5883 sec
Elapsed time for experts 13.3521 sec
Elapsed time for households 10.9972 sec
Iteration 67
Elapsed time for kappa 32.4251 sec
Elapsed time for experts 12.0796 sec
Elapsed time for households 11.2657 sec
Iteration 68
Elapsed time for kappa 32.0121 sec
Elapsed time for experts 12.3799 sec
Elapsed time for households 10.3675 sec
Iteration 69
Elapsed time for kappa 31.7312 sec
Elapsed time for experts 12.7393 sec
Elapsed time for households 10.6245 sec
Iteration 70
Elapsed time for kappa 32.5708 sec
Elapsed time for experts 13.2107 sec
Elapsed time for households 10.7372 sec
Iteration 71
Elapsed time for kappa 32.4826 sec
Elapsed time for experts 19.1279 sec
Elapsed time for households 11.1128 sec
Iteration 72
Elapsed time for kappa 32.7423 sec
Elapsed time for experts 12.7177 sec
Elapsed time for households 10.9174 sec
Iteration 73
Elapsed time for kappa 32.6010 sec
Elapsed time for experts 12.8744 sec
Elapsed time for households 10.9469 sec
Iteration 74
Elapsed time for kappa 32.4433 sec
Elapsed time for experts 13.5650 sec
Elapsed time for households 10.4222 sec
Iteration 75
Elapsed time for kappa 32.2696 sec
Elapsed time for experts 13.1460 sec
Elapsed time for households 10.6184 sec
Iteration 76
Elapsed time for kappa 32.4535 sec
Elapsed time for experts 12.9192 sec
Elapsed time for households 10.6107 sec
Iteration 77
Elapsed time for kappa 32.2066 sec
Elapsed time for experts 18.8160 sec
Elapsed time for households 11.0457 sec
Iteration 78
Elapsed time for kappa 32.9329 sec
Elapsed time for experts 13.3964 sec
Elapsed time for households 10.8653 sec
Iteration 79
Elapsed time for kappa 32.8719 sec
Elapsed time for experts 12.6192 sec
Elapsed time for households 10.6387 sec
Iteration 80
Elapsed time for kappa 31.9338 sec
Elapsed time for experts 13.3448 sec
Elapsed time for households 10.8286 sec
Iteration 81
Elapsed time for kappa 31.2505 sec
Elapsed time for experts 13.2928 sec
Elapsed time for households 11.2721 sec
Iteration 82
Elapsed time for kappa 32.1822 sec
Elapsed time for experts 12.3797 sec
Elapsed time for households 10.5227 sec
Iteration 83
Elapsed time for kappa 32.5174 sec
Elapsed time for experts 19.7013 sec
Elapsed time for households 11.9083 sec
Iteration 84
Elapsed time for kappa 33.1671 sec
Elapsed time for experts 12.8925 sec
Elapsed time for households 10.7347 sec
Iteration 85
Elapsed time for kappa 32.4476 sec
Elapsed time for experts 12.4184 sec
Elapsed time for households 10.7700 sec
Iteration 86
Elapsed time for kappa 32.1338 sec
Elapsed time for experts 13.4607 sec
Elapsed time for households 10.4319 sec
Iteration 87
Elapsed time for kappa 32.2929 sec
Elapsed time for experts 13.2127 sec
Elapsed time for households 10.4572 sec
Iteration 88
Elapsed time for kappa 32.1270 sec
Elapsed time for experts 12.4775 sec
Elapsed time for households 10.7805 sec
Iteration 89
Elapsed time for kappa 32.4570 sec
Elapsed time for experts 18.9079 sec
Elapsed time for households 10.9535 sec
Iteration 90
Elapsed time for kappa 32.5300 sec
Elapsed time for experts 12.9198 sec
Elapsed time for households 11.0576 sec
Iteration 91
Elapsed time for kappa 32.3377 sec
Elapsed time for experts 12.5408 sec
Elapsed time for households 11.3552 sec
Iteration 92
Elapsed time for kappa 31.9988 sec
Elapsed time for experts 11.8488 sec
Elapsed time for households 10.5483 sec
Iteration 93
Elapsed time for kappa 31.5914 sec
Elapsed time for experts 12.2470 sec
Elapsed time for households 10.6594 sec
Iteration 94
Elapsed time for kappa 32.0846 sec
Elapsed time for experts 12.9902 sec
Elapsed time for households 10.5266 sec
Iteration 95
Elapsed time for kappa 38.4198 sec
Elapsed time for experts 12.9231 sec
Elapsed time for households 10.9376 sec
Iteration 96
Elapsed time for kappa 32.9602 sec
Elapsed time for experts 12.8363 sec
Elapsed time for households 10.4775 sec
Iteration 97
Elapsed time for kappa 32.6094 sec
Elapsed time for experts 12.6655 sec
Elapsed time for households 10.4910 sec
Iteration 98
Elapsed time for kappa 32.3314 sec
Elapsed time for experts 12.7786 sec
Elapsed time for households 10.7119 sec
Iteration 99
Elapsed time for kappa 32.1135 sec
Elapsed time for experts 13.0426 sec
Elapsed time for households 10.4115 sec
Iteration 100
Elapsed time for kappa 32.3491 sec
Elapsed time for experts 13.5270 sec
Elapsed time for households 10.6728 sec
Iteration 101
Elapsed time for kappa 38.4381 sec
Elapsed time for experts 15.1696 sec
Elapsed time for households 10.7799 sec
Iteration 102
Elapsed time for kappa 32.0834 sec
Elapsed time for experts 13.0184 sec
Elapsed time for households 10.5765 sec
Iteration 103
Elapsed time for kappa 32.6506 sec
Elapsed time for experts 14.9562 sec
Elapsed time for households 10.5360 sec
Iteration 104
Elapsed time for kappa 32.4449 sec
Elapsed time for experts 13.3004 sec
Elapsed time for households 10.7013 sec
Iteration 105
Elapsed time for kappa 31.2557 sec
Elapsed time for experts 12.8965 sec
Elapsed time for households 10.6500 sec
Iteration 106
Elapsed time for kappa 31.7564 sec
Elapsed time for experts 13.7888 sec
Elapsed time for households 10.8214 sec
Iteration 107
Elapsed time for kappa 38.7878 sec
Elapsed time for experts 13.5551 sec
Elapsed time for households 10.7864 sec
Iteration 108
Elapsed time for kappa 32.4074 sec
Elapsed time for experts 13.0423 sec
Elapsed time for households 10.7094 sec
Iteration 109
Elapsed time for kappa 32.2012 sec
Elapsed time for experts 12.7921 sec
Elapsed time for households 10.3964 sec
Iteration 110
Elapsed time for kappa 32.0020 sec
Elapsed time for experts 12.7476 sec
Elapsed time for households 10.7541 sec
Iteration 111
Elapsed time for kappa 31.9557 sec
Elapsed time for experts 12.7178 sec
Elapsed time for households 10.8540 sec
Iteration 112
Elapsed time for kappa 32.3907 sec
Elapsed time for experts 13.7050 sec
Elapsed time for households 10.5098 sec
Iteration 113
Elapsed time for kappa 38.5103 sec
Elapsed time for experts 12.6869 sec
Elapsed time for households 10.8599 sec
Iteration 114
Elapsed time for kappa 32.1254 sec
Elapsed time for experts 13.3806 sec
Elapsed time for households 10.8025 sec
Iteration 115
Elapsed time for kappa 32.2968 sec
Elapsed time for experts 12.7948 sec
Elapsed time for households 10.7454 sec
Iteration 116
Elapsed time for kappa 32.0767 sec
Elapsed time for experts 13.4985 sec
Elapsed time for households 11.1758 sec
Iteration 117
Elapsed time for kappa 31.8002 sec
Elapsed time for experts 12.9871 sec
Elapsed time for households 10.6854 sec
Iteration 118
Elapsed time for kappa 31.4563 sec
Elapsed time for experts 12.1876 sec
Elapsed time for households 16.5162 sec
Iteration 119
Elapsed time for kappa 32.3965 sec
Elapsed time for experts 13.7664 sec
Elapsed time for households 11.1974 sec
Iteration 120
Elapsed time for kappa 32.4202 sec
Elapsed time for experts 12.3407 sec
Elapsed time for households 10.9229 sec
Iteration 121
Elapsed time for kappa 32.3583 sec
Elapsed time for experts 12.3412 sec
Elapsed time for households 10.7211 sec
Iteration 122
Elapsed time for kappa 32.2233 sec
Elapsed time for experts 13.4070 sec
Elapsed time for households 11.0369 sec
Iteration 123
Elapsed time for kappa 32.1310 sec
Elapsed time for experts 12.9665 sec
Elapsed time for households 10.6019 sec
Iteration 124
Elapsed time for kappa 32.5783 sec
Elapsed time for experts 18.3222 sec
Elapsed time for households 11.6769 sec
Iteration 125
Elapsed time for kappa 32.9601 sec
Elapsed time for experts 12.8806 sec
Elapsed time for households 11.1943 sec
Iteration 126
Elapsed time for kappa 32.7509 sec
Elapsed time for experts 13.2693 sec
Elapsed time for households 10.8482 sec
Iteration 127
Elapsed time for kappa 32.5995 sec
Elapsed time for experts 12.7017 sec
Elapsed time for households 10.7354 sec
Iteration 128
Elapsed time for kappa 32.1111 sec
Elapsed time for experts 12.7561 sec
Elapsed time for households 10.7991 sec
Iteration 129
Elapsed time for kappa 32.3551 sec
Elapsed time for experts 12.5173 sec
Elapsed time for households 10.6552 sec
Iteration 130
Elapsed time for kappa 31.9024 sec
Elapsed time for experts 18.0057 sec
Elapsed time for households 10.6825 sec
Iteration 131
Elapsed time for kappa 33.1959 sec
Elapsed time for experts 12.7127 sec
Elapsed time for households 10.6538 sec
Iteration 132
Elapsed time for kappa 32.5100 sec
Elapsed time for experts 12.7362 sec
Elapsed time for households 10.9886 sec
Iteration 133
Elapsed time for kappa 32.4411 sec
Elapsed time for experts 12.5481 sec
Elapsed time for households 10.6193 sec
Iteration 134
Elapsed time for kappa 32.5035 sec
Elapsed time for experts 12.9230 sec
Elapsed time for households 10.6806 sec
Iteration 135
Elapsed time for kappa 32.7730 sec
Elapsed time for experts 13.3061 sec
Elapsed time for households 10.7913 sec
Iteration 136
Elapsed time for kappa 32.2199 sec
Elapsed time for experts 19.8938 sec
Elapsed time for households 10.7983 sec
Iteration 137
Elapsed time for kappa 32.6562 sec
Elapsed time for experts 12.7455 sec
Elapsed time for households 11.0902 sec
Iteration 138
Elapsed time for kappa 32.7030 sec
Elapsed time for experts 13.3590 sec
Elapsed time for households 10.9867 sec
Iteration 139
Elapsed time for kappa 32.6652 sec
Elapsed time for experts 12.2421 sec
Elapsed time for households 10.8500 sec
Iteration 140
Elapsed time for kappa 31.8825 sec
Elapsed time for experts 13.6311 sec
Elapsed time for households 10.3756 sec
Iteration 141
Elapsed time for kappa 31.9385 sec
Elapsed time for experts 13.0274 sec
Elapsed time for households 10.7462 sec
Iteration 142
Elapsed time for kappa 37.8871 sec
Elapsed time for experts 13.0397 sec
Elapsed time for households 10.5529 sec
Iteration 143
Elapsed time for kappa 31.3536 sec
Elapsed time for experts 12.5007 sec
Elapsed time for households 10.7793 sec
Iteration 144
Elapsed time for kappa 32.1351 sec
Elapsed time for experts 12.8613 sec
Elapsed time for households 10.7780 sec
Iteration 145
Elapsed time for kappa 32.1352 sec
Elapsed time for experts 12.7392 sec
Elapsed time for households 10.7689 sec
Iteration 146
Elapsed time for kappa 32.0223 sec
Elapsed time for experts 13.3949 sec
Elapsed time for households 10.4005 sec
Iteration 147
Elapsed time for kappa 32.0592 sec
Elapsed time for experts 12.7871 sec
Elapsed time for households 10.5093 sec
Iteration 148
Elapsed time for kappa 38.3770 sec
Elapsed time for experts 12.9177 sec
Elapsed time for households 10.8971 sec
Iteration 149
Elapsed time for kappa 32.4628 sec
Elapsed time for experts 13.5771 sec
Elapsed time for households 10.9305 sec
Iteration 150
Elapsed time for kappa 32.1601 sec
Elapsed time for experts 12.9084 sec
Elapsed time for households 11.8017 sec
Iteration 151
Elapsed time for kappa 32.3421 sec
Elapsed time for experts 11.9112 sec
Elapsed time for households 10.6905 sec
Iteration 152
Elapsed time for kappa 32.2149 sec
Elapsed time for experts 13.3647 sec
Elapsed time for households 10.7499 sec
Iteration 153
Elapsed time for kappa 32.4294 sec
Elapsed time for experts 12.7370 sec
Elapsed time for households 10.2443 sec
Iteration 154
Elapsed time for kappa 38.8311 sec
Elapsed time for experts 12.6909 sec
Elapsed time for households 10.4982 sec
Iteration 155
Elapsed time for kappa 31.6836 sec
Elapsed time for experts 12.7912 sec
Elapsed time for households 10.8104 sec
Iteration 156
Elapsed time for kappa 32.9728 sec
Elapsed time for experts 13.7734 sec
Elapsed time for households 10.4236 sec
Iteration 157
Elapsed time for kappa 32.1740 sec
Elapsed time for experts 13.3024 sec
Elapsed time for households 10.6429 sec
Iteration 158
Elapsed time for kappa 32.3369 sec
Elapsed time for experts 13.0557 sec
Elapsed time for households 10.4640 sec
Iteration 159
Elapsed time for kappa 32.4295 sec
Elapsed time for experts 12.2490 sec
Elapsed time for households 11.0667 sec
Iteration 160
Elapsed time for kappa 38.6527 sec
Elapsed time for experts 13.2288 sec
Elapsed time for households 11.0282 sec
Iteration 161
Elapsed time for kappa 32.5255 sec
Elapsed time for experts 12.7192 sec
Elapsed time for households 10.8943 sec
Iteration 162
Elapsed time for kappa 32.1566 sec
Elapsed time for experts 12.6281 sec
Elapsed time for households 10.5845 sec
Iteration 163
Elapsed time for kappa 32.4842 sec
Elapsed time for experts 13.5819 sec
Elapsed time for households 10.6852 sec
Iteration 164
Elapsed time for kappa 32.2050 sec
Elapsed time for experts 13.3897 sec
Elapsed time for households 10.7435 sec
Iteration 165
Elapsed time for kappa 31.6962 sec
Elapsed time for experts 12.1161 sec
Elapsed time for households 10.5128 sec
Iteration 166
Elapsed time for kappa 37.9797 sec
Elapsed time for experts 12.3088 sec
Elapsed time for households 11.4764 sec
Iteration 167
Elapsed time for kappa 31.8340 sec
Elapsed time for experts 12.9107 sec
Elapsed time for households 10.4920 sec
Iteration 168
Elapsed time for kappa 31.0576 sec
Elapsed time for experts 12.6641 sec
Elapsed time for households 10.8836 sec
Iteration 169
Elapsed time for kappa 31.7888 sec
Elapsed time for experts 12.8651 sec
Elapsed time for households 10.6689 sec
Iteration 170
Elapsed time for kappa 32.0640 sec
Elapsed time for experts 14.0565 sec
Elapsed time for households 10.8645 sec
Iteration 171
Elapsed time for kappa 31.8751 sec
Elapsed time for experts 17.4645 sec
Elapsed time for households 11.4599 sec
Iteration 172
Elapsed time for kappa 32.6959 sec
Elapsed time for experts 12.8629 sec
Elapsed time for households 11.0962 sec
Iteration 173
Elapsed time for kappa 32.9823 sec
Elapsed time for experts 12.9646 sec
Elapsed time for households 10.9966 sec
Iteration 174
Elapsed time for kappa 32.4078 sec
Elapsed time for experts 13.8338 sec
Elapsed time for households 10.9033 sec
Iteration 175
Elapsed time for kappa 32.4507 sec
Elapsed time for experts 13.1138 sec
Elapsed time for households 11.0053 sec
Iteration 176
Elapsed time for kappa 32.2492 sec
Elapsed time for experts 12.5535 sec
Elapsed time for households 10.3931 sec
Iteration 177
Elapsed time for kappa 32.7996 sec
Elapsed time for experts 18.4080 sec
Elapsed time for households 11.5304 sec
Iteration 178
Elapsed time for kappa 33.2034 sec
Elapsed time for experts 13.6366 sec
Elapsed time for households 10.8677 sec
Iteration 179
Elapsed time for kappa 32.7842 sec
Elapsed time for experts 12.4441 sec
Elapsed time for households 10.5718 sec
Iteration 180
Elapsed time for kappa 31.1510 sec
Elapsed time for experts 12.9325 sec
Elapsed time for households 10.8131 sec
Iteration 181
Elapsed time for kappa 33.0059 sec
Elapsed time for experts 12.6102 sec
Elapsed time for households 10.7276 sec
Iteration 182
Elapsed time for kappa 32.2994 sec
Elapsed time for experts 12.8002 sec
Elapsed time for households 10.4671 sec
Iteration 183
Elapsed time for kappa 32.8570 sec
Elapsed time for experts 18.2225 sec
Elapsed time for households 11.2627 sec
Iteration 184
Elapsed time for kappa 33.1929 sec
Elapsed time for experts 14.2716 sec
Elapsed time for households 10.9398 sec
Iteration 185
Elapsed time for kappa 32.9113 sec
Elapsed time for experts 13.2221 sec
Elapsed time for households 10.5012 sec
Iteration 186
Elapsed time for kappa 32.6580 sec
Elapsed time for experts 13.1767 sec
Elapsed time for households 10.7801 sec
Iteration 187
Elapsed time for kappa 32.5775 sec
Elapsed time for experts 12.6543 sec
Elapsed time for households 10.6842 sec
Iteration 188
Elapsed time for kappa 31.9349 sec
Elapsed time for experts 12.9901 sec
Elapsed time for households 11.0720 sec
Iteration 189
Elapsed time for kappa 32.7411 sec
Elapsed time for experts 18.7964 sec
Elapsed time for households 11.5924 sec
Iteration 190
Elapsed time for kappa 33.0468 sec
Elapsed time for experts 13.0427 sec
Elapsed time for households 11.0611 sec
Iteration 191
Elapsed time for kappa 31.9694 sec
Elapsed time for experts 12.7448 sec
Elapsed time for households 10.2479 sec
Iteration 192
Elapsed time for kappa 31.7599 sec
Elapsed time for experts 12.4355 sec
Elapsed time for households 10.9974 sec
Iteration 193
Elapsed time for kappa 32.2341 sec
Elapsed time for experts 12.7364 sec
Elapsed time for households 10.8726 sec
Iteration 194
Elapsed time for kappa 32.5745 sec
Elapsed time for experts 13.1824 sec
Elapsed time for households 10.5111 sec
Iteration 195
Elapsed time for kappa 39.1198 sec
Elapsed time for experts 14.8362 sec
Elapsed time for households 11.2050 sec
Iteration 196
Elapsed time for kappa 32.4449 sec
Elapsed time for experts 13.4085 sec
Elapsed time for households 10.9950 sec
Iteration 197
Elapsed time for kappa 32.5016 sec
Elapsed time for experts 13.0670 sec
Elapsed time for households 11.0028 sec
Iteration 198
Elapsed time for kappa 32.3502 sec
Elapsed time for experts 12.9706 sec
Elapsed time for households 11.2016 sec
Iteration 199
Elapsed time for kappa 32.2520 sec
Elapsed time for experts 12.6311 sec
Elapsed time for households 10.5714 sec
Elapsed time for training 11679.0531 sec
90000 90000 90000 90000
