2022-09-30 09:18:15.932869: W tensorflow/stream_executor/platform/default/dso_loader.cc:64] Could not load dynamic library 'libcudart.so.11.0'; dlerror: libcudart.so.11.0: cannot open shared object file: No such file or directory; LD_LIBRARY_PATH: /apps/python/3.8/3.8.5/lib
2022-09-30 09:18:15.932898: I tensorflow/stream_executor/cuda/cudart_stub.cc:29] Ignore above cudart dlerror if you do not have a GPU set up on your machine.
2022-09-30 09:18:27.368531: W tensorflow/stream_executor/platform/default/dso_loader.cc:64] Could not load dynamic library 'libcuda.so.1'; dlerror: libcuda.so.1: cannot open shared object file: No such file or directory; LD_LIBRARY_PATH: /apps/python/3.8/3.8.5/lib
2022-09-30 09:18:27.368603: W tensorflow/stream_executor/cuda/cuda_driver.cc:269] failed call to cuInit: UNKNOWN ERROR (303)
2022-09-30 09:18:27.368624: I tensorflow/stream_executor/cuda/cuda_diagnostics.cc:156] kernel driver does not appear to be running on this host (mcn24): /proc/driver/nvidia/version does not exist
2022-09-30 09:18:27.369355: I tensorflow/core/platform/cpu_feature_guard.cc:151] This TensorFlow binary is optimized with oneAPI Deep Neural Network Library (oneDNN) to use the following CPU instructions in performance-critical operations:  AVX2 AVX512F FMA
To enable them in other operations, rebuild TensorFlow with the appropriate compiler flags.
Iter: 1 loss: 0.17480599880218506
Iter: 2 loss: 0.0034331362694501877
Iter: 3 loss: 0.00313147297129035
Iter: 4 loss: 0.0020086183212697506
Iter: 5 loss: 0.0017812340520322323
Iter: 6 loss: 0.001673135906457901
Iter: 7 loss: 0.0016276006354019046
Iter: 8 loss: 0.0015657737385481596
Iter: 9 loss: 0.0014206119813024998
Iter: 10 loss: 0.0014461788814514875
Iter: 11 loss: 0.0013714130036532879
Iter: 12 loss: 0.0013466503005474806
Iter: 13 loss: 0.0013346357736736536
Iter: 14 loss: 0.0058493469841778278
Iter: 15 loss: 0.0012319211382418871
Iter: 16 loss: 0.0011320516932755709
Iter: 17 loss: 0.0010848835809156299
Iter: 18 loss: 0.00082005670992657542
Iter: 19 loss: 0.00079185282811522484
Iter: 20 loss: 0.00077565177343785763
Iter: 21 loss: 0.00077350134961307049
Iter: 22 loss: 0.00076766015263274312
Iter: 23 loss: 0.00072770321276038885
Iter: 24 loss: 0.00065262132557109
Iter: 25 loss: 0.0021977676078677177
Iter: 26 loss: 0.00062188459560275078
Iter: 27 loss: 0.00052192696603015065
Iter: 28 loss: 0.0030070650391280651
Iter: 29 loss: 0.00035758706508204341
Iter: 30 loss: 0.0027184695936739445
Iter: 31 loss: 0.00026958819944411516
Iter: 32 loss: 0.00020229400251992047
Iter: 33 loss: 0.00018750317394733429
Iter: 34 loss: 0.0001778811274562031
Iter: 35 loss: 0.00017650458903517574
Iter: 36 loss: 0.00017102944548241794
Iter: 37 loss: 0.00013917169417254627
Iter: 38 loss: 0.00013444825890474021
Iter: 39 loss: 0.00013390963431447744
1685.9599661589164
Iter: 1 loss: 26.766216278076172
2976.2316074203582
Iter: 2 loss: 24.342540740966797
2218.7654596316424
Iter: 3 loss: 17.151893615722656
-555.447887873685
Iter: 4 loss: 5.2445454597473145
-14962.492284582328
Iter: 5 loss: 269.91403198242188
-1419.3337798392936
Iter: 6 loss: 4.758735179901123
-1310.248333785727
Iter: 7 loss: 4.3635959625244141
-1383.5711507373685
Iter: 8 loss: 4.1213779449462891
-1171.5514534253305
Iter: 9 loss: 3.7204453945159912
-13.337227277427594
Iter: 10 loss: 3.0095338821411133
53.341189519983473
Iter: 11 loss: 2.76824951171875
-63.8314341176256
Iter: 12 loss: 4.9168586730957031
147.70367494383171
Iter: 13 loss: 2.5598304271698
616.5482151308147
Iter: 14 loss: 2.4153642654418945
6753.4510387333485
Iter: 15 loss: 51.593070983886719
640.855366033501
Iter: 16 loss: 2.404301643371582
666.93262832024016
Iter: 17 loss: 2.3920106887817383
3711.4966622713828
Iter: 18 loss: 7.27603006362915
1154.3922003713546
Iter: 19 loss: 2.1179409027099609
1751.5250389210455
Iter: 20 loss: 1.9230095148086548
5938.7124114980452
Iter: 21 loss: 37.269832611083984
1792.1207845061704
Iter: 22 loss: 1.9096250534057617
356.56198701799474
Iter: 23 loss: 2.4415607452392578
1323.4757792183113
Iter: 24 loss: 1.55466628074646
1405.9813105523951
Iter: 25 loss: 1.4654282331466675
1603.9485911567708
Iter: 26 loss: 1.3925596475601196
1346.5629277648702
Iter: 27 loss: 1.2348642349243164
1162.5833665373705
Iter: 28 loss: 1.0877561569213867
829.81725888644428
Iter: 29 loss: 0.84217178821563721
689.24100923819628
Iter: 30 loss: 0.768983006477356
363.75631892859207
Iter: 31 loss: 0.858850359916687
586.15029563484268
Iter: 32 loss: 0.68521326780319214
627.08362236217476
Iter: 33 loss: 0.5912853479385376
792.66626628972153
Iter: 34 loss: 0.54615259170532227
807.68389861739911
Iter: 35 loss: 0.54371118545532227
812.91339314671313
Iter: 36 loss: 0.53208363056182861
829.6335537617706
Iter: 37 loss: 0.49442505836486816
672.68903056222371
Iter: 38 loss: 0.37670215964317322
462.05083840653242
Iter: 39 loss: 0.28732210397720337
223.35574602899777
Iter: 40 loss: 0.2988554835319519
354.135362049458
Iter: 41 loss: 0.251742959022522
418.45814331770629
Iter: 42 loss: 0.23160812258720398
397.92671731363288
Iter: 43 loss: 0.21761813759803772
402.86109606523917
Iter: 44 loss: 0.21516907215118408
397.48086501314845
Iter: 45 loss: 0.21379697322845459
403.15506559779135
Iter: 46 loss: 0.2068290114402771
428.69756488034005
Iter: 47 loss: 0.19967049360275269
427.7273319635699
Iter: 48 loss: 0.19179663062095642
418.92488759563395
Iter: 49 loss: 0.17104564607143402
519.48228455175047
Iter: 50 loss: 0.15998531877994537
539.55722840779129
Iter: 51 loss: 0.1492936909198761
713.70299707979268
Iter: 52 loss: 0.15014754235744476
619.51442398693575
Iter: 53 loss: 0.13625569641590118
513.79430776407719
Iter: 54 loss: 0.12798412144184113
593.66504736442369
Iter: 55 loss: 0.12429828196763992
601.094511214496
Iter: 56 loss: 0.12140284478664398
617.648395992595
Iter: 57 loss: 0.11798185110092163
613.74629651265309
Iter: 58 loss: 0.11512743681669235
636.349076770274
Iter: 59 loss: 0.11395171284675598
629.80786483115185
Iter: 60 loss: 0.11315126717090607
662.98756199659283
Iter: 61 loss: 0.11222830414772034
661.21018447941435
Iter: 62 loss: 0.1104700118303299
646.26213506872227
Iter: 63 loss: 0.10591182112693787
641.08673635519472
Iter: 64 loss: 0.095119982957839966
526.26893241530138
Iter: 65 loss: 0.075077421963214874
-1428.0215583503273
Iter: 1 loss: 0.37520337104797363
652.10819856521323
Iter: 2 loss: 0.66623038053512573
-651.30492742538331
Iter: 3 loss: 0.2657940685749054
-735.20885775761633
Iter: 4 loss: 0.25563046336174011
-1074.9470181190118
Iter: 5 loss: 0.22380480170249939
-576.93426452633275
Iter: 6 loss: 0.19748479127883911
-473.06935695518905
Iter: 7 loss: 0.18821310997009277
-349.54074294620204
Iter: 8 loss: 0.18337054550647736
-222.17534106495634
Iter: 9 loss: 0.16926462948322296
-113.04595261533839
Iter: 10 loss: 0.15134701132774353
-240.13253489794295
Iter: 11 loss: 0.091294974088668823
-536.32668048116784
Iter: 12 loss: 0.28214874863624573
-341.06858774158911
Iter: 13 loss: 0.074058353900909424
-613.37107299385718
Iter: 14 loss: 0.073347702622413635
-460.19548046180483
Iter: 15 loss: 0.067003794014453888
-285.07493193033844
Iter: 16 loss: 0.065428167581558228
-361.18228525617883
Iter: 17 loss: 0.059298582375049591
-353.38887855882388
Iter: 18 loss: 0.055981256067752838
-254.4386609034471
Iter: 19 loss: 0.048763468861579895
-104.68299284662268
Iter: 20 loss: 0.0426410548388958
-12.201735660089074
Iter: 21 loss: 0.039734847843647
-12.160369980367898
Iter: 22 loss: 0.038212187588214874
-39.709386049023742
Iter: 23 loss: 0.035309784114360809
-47.056728182751257
Iter: 24 loss: 0.034695234149694443
-51.732931040182123
Iter: 25 loss: 0.034278791397809982
-70.105263299656883
Iter: 26 loss: 0.03410729393362999
-83.507810661811078
Iter: 27 loss: 0.033792056143283844
-137.1886421872853
Iter: 28 loss: 0.033131703734397888
-143.33915317042147
Iter: 29 loss: 0.031919918954372406
-167.76478166894037
Iter: 30 loss: 0.03072059154510498
-73.252163168019109
Iter: 31 loss: 0.029628153890371323
-125.51762780451021
Iter: 32 loss: 0.029457388445734978
-152.32218272667961
Iter: 33 loss: 0.028987132012844086
-134.69631949085021
Iter: 34 loss: 0.028847513720393181
-133.97317293058634
Iter: 35 loss: 0.028665740042924881
-134.06017660969547
Iter: 36 loss: 0.02773631364107132
-123.62922448972813
Iter: 37 loss: 0.026091789826750755
-155.75051488126817
Iter: 38 loss: 0.024541305378079414
-88.005499003284115
Iter: 39 loss: 0.0235493965446949
-56.604361445136966
Iter: 40 loss: 0.026891261339187622
-72.181868860364261
Iter: 41 loss: 0.022877339273691177
-84.036830267182125
Iter: 42 loss: 0.02045895904302597
-107.32875508337196
Iter: 43 loss: 0.016133541241288185
-72.638017666774857
Iter: 44 loss: 0.013794594444334507
-69.53266417381775
Iter: 45 loss: 0.012668918818235397
13.992063085709924
Iter: 46 loss: 0.012961201369762421
-29.911791579859344
Iter: 47 loss: 0.011507231742143631
-28.049751144603253
Iter: 48 loss: 0.011049089021980762
-59.748772578349232
Iter: 49 loss: 0.010597221553325653
-76.186534759998054
Iter: 50 loss: 0.0099406624212861061
-80.078806996016738
Iter: 51 loss: 0.0087892794981598854
-82.560572599670678
Iter: 52 loss: 0.0067643066868186
-50.863900803198369
Iter: 53 loss: 0.0052028466016054153
-27.182657330591105
Iter: 54 loss: 0.0047827721573412418
0.18989298134450072
Iter: 55 loss: 0.0049726273864507675
-16.887452270506948
Iter: 56 loss: 0.0046862573362886906
-8.2061194358916278
Iter: 57 loss: 0.0046484894119203091
Iter: 1 loss: 0.00019010597316082567
Iter: 2 loss: 0.57228255271911621
Iter: 3 loss: 0.00017948585445992649
Iter: 4 loss: 0.00017217121785506606
Iter: 5 loss: 0.00017173144442494959
385.04847736860148
Iter: 1 loss: 0.0700664147734642
3162.7918097024635
Iter: 2 loss: 16.259304046630859
2708.51558285139
Iter: 3 loss: 12.434249877929688
629.7844232885252
Iter: 4 loss: 0.27655208110809326
416.38718853147248
Iter: 5 loss: 0.065496936440467834
416.835224778064
Iter: 6 loss: 0.065301157534122467
418.62336603901531
Iter: 7 loss: 0.064557313919067383
425.71147652587706
Iter: 8 loss: 0.062223624438047409
461.88398092062386
Iter: 9 loss: 0.058789253234863281
481.50409576888512
Iter: 10 loss: 0.057417232543230057
506.37545639208895
Iter: 11 loss: 0.056389793753623962
507.80930910949758
Iter: 12 loss: 0.0561775304377079
507.29600938748138
Iter: 13 loss: 0.05555260181427002
504.9995829094039
Iter: 14 loss: 0.054913312196731567
498.87170308438857
Iter: 15 loss: 0.05298619344830513
489.67804186560659
Iter: 16 loss: 0.0491681769490242
477.7415968305487
Iter: 17 loss: 0.042193550616502762
466.56243301673669
Iter: 18 loss: 0.03296004980802536
447.784200994679
Iter: 19 loss: 0.0252494215965271
420.90917459060586
Iter: 20 loss: 0.022418089210987091
402.28322366392308
Iter: 21 loss: 0.022010765969753265
391.38334972248106
Iter: 22 loss: 0.021790981292724609
370.3258114516085
Iter: 23 loss: 0.021399892866611481
361.97375082103105
Iter: 24 loss: 0.021197568625211716
359.01307460579255
Iter: 25 loss: 0.021003661677241325
358.96494928693727
Iter: 26 loss: 0.020747052505612373
357.67399419507387
Iter: 27 loss: 0.019867295399308205
350.96963034851376
Iter: 28 loss: 0.018080689013004303
335.66071497586233
Iter: 29 loss: 0.0166483074426651
322.19485323308356
Iter: 30 loss: 0.015702839940786362
317.6410754441502
Iter: 31 loss: 0.015494544059038162
317.78882761080735
Iter: 32 loss: 0.015482137911021709
318.35260882064438
Iter: 33 loss: 0.015457024797797203
319.35225522482955
Iter: 34 loss: 0.015354135073721409
320.24458905603115
Iter: 35 loss: 0.015183622948825359
318.14807766428385
Iter: 36 loss: 0.01490485668182373
315.19834783695626
Iter: 37 loss: 0.014678603038191795
310.5369227214029
Iter: 38 loss: 0.014533290639519691
308.63108407783091
Iter: 39 loss: 0.014490977860987186
307.372135833072
Iter: 40 loss: 0.014436344616115093
306.36333593604024
Iter: 41 loss: 0.014243987388908863
304.97107979118624
Iter: 42 loss: 0.013732291758060455
303.52616573711782
Iter: 43 loss: 0.013102483004331589
298.42243960214932
Iter: 44 loss: 0.011930737644433975
285.251226508585
Iter: 45 loss: 0.011647336184978485
288.13600435675443
Iter: 46 loss: 0.011432362720370293
286.4621257545441
Iter: 47 loss: 0.011324852705001831
285.07983712637656
Iter: 48 loss: 0.011311564594507217
283.38087879797973
Iter: 49 loss: 0.011294721625745296
279.45157336330215
Iter: 50 loss: 0.011264062486588955
274.99481599075739
Iter: 51 loss: 0.011224584653973579
265.88301778678709
Iter: 52 loss: 0.011122359894216061
249.03819131556077
Iter: 53 loss: 0.010881195776164532
216.02268792348318
Iter: 54 loss: 0.010314123705029488
160.84250939476777
Iter: 55 loss: 0.0093858232721686363
135.5085062499808
Iter: 56 loss: 0.0089585371315479279
-13.739255552792264
Iter: 1 loss: 0.0046811904758214951
5583750.1211724859
Iter: 2 loss: 6049014784
2992257.8168563144
Iter: 3 loss: 2117145856
-13.739255552792269
Iter: 4 loss: 0.0046811904758214951
Iter: 1 loss: 0.00016642184345982969
Iter: 2 loss: 0.0021967976354062557
Iter: 3 loss: 0.00040532718412578106
Iter: 4 loss: 0.00016573477478232235
150.26625222190319
Iter: 1 loss: 0.010256382636725903
191.33411007409342
Iter: 2 loss: 43.742496490478516
-12742.486827100049
Iter: 3 loss: 507.41717529296875
149.72178859915437
Iter: 4 loss: 0.01019328273832798
140.64341956446464
Iter: 5 loss: 0.0096838511526584625
140.78269538019003
Iter: 6 loss: 0.0096808560192585
141.3398071414021
Iter: 7 loss: 0.00966920331120491
143.56839007415016
Iter: 8 loss: 0.009627888910472393
154.50439271898011
Iter: 9 loss: 0.00949556939303875
155.50477747949091
Iter: 10 loss: 0.0094696618616580963
157.38764358698404
Iter: 11 loss: 0.0094215609133243561
157.91419369353639
Iter: 12 loss: 0.0094057470560073853
159.574444543033
Iter: 13 loss: 0.0093535520136356354
164.05479969218845
Iter: 14 loss: 0.0092391129583120346
166.30358678654972
Iter: 15 loss: 0.00917856115847826
167.18577157000396
Iter: 16 loss: 0.0091305533424019814
167.05044314685711
Iter: 17 loss: 0.009107295423746109
166.71046202645533
Iter: 18 loss: 0.00908871740102768
165.49605216126139
Iter: 19 loss: 0.0090296203270554543
163.02786958780212
Iter: 20 loss: 0.0089082084596157074
158.53222159247704
Iter: 21 loss: 0.0086563089862465858
153.76171888668384
Iter: 22 loss: 0.0083161378279328346
147.63652574618408
Iter: 23 loss: 0.0081185176968574524
145.7889210803549
Iter: 24 loss: 0.0080807413905859
147.43342824046903
Iter: 25 loss: 0.0080664549022912979
149.3405925588109
Iter: 26 loss: 0.008037228137254715
151.3382282643488
Iter: 27 loss: 0.0079919211566448212
152.10071969354021
Iter: 28 loss: 0.0079197380691766739
150.83053736627568
Iter: 29 loss: 0.0078883394598960876
148.96649048372623
Iter: 30 loss: 0.0078755076974630356
148.31417487752233
Iter: 31 loss: 0.0078726448118686676
148.08781807752649
Iter: 32 loss: 0.0078715849667787552
148.16607381403676
Iter: 33 loss: 0.0078706592321395874
-11.585390539060036
Iter: 1 loss: 0.0044749565422534943
15318.182364668817
Iter: 2 loss: 36010.62890625
319244.97960236284
Iter: 3 loss: 5222592
2692.0065482022196
Iter: 4 loss: 18.732669830322266
-140.49204716504431
Iter: 5 loss: 0.078366279602050781
-12.727485983909204
Iter: 6 loss: 0.0044643813744187355
-13.656653355619866
Iter: 7 loss: 0.0044601578265428543
-14.396346466854091
Iter: 8 loss: 0.0044555580243468285
-16.341869878858134
Iter: 9 loss: 0.0044406834058463573
-17.811776178559008
Iter: 10 loss: 0.0044232155196368694
-17.267058901448031
Iter: 11 loss: 0.00438553374260664
-11.767019485835881
Iter: 12 loss: 0.0042746937833726406
-5.542028467020419
Iter: 13 loss: 0.0041983351111412048
-2.9366786249279042
Iter: 14 loss: 0.0041292994283139706
-3.70512571002838
Iter: 15 loss: 0.0040506161749362946
-7.7189781637739738
Iter: 16 loss: 0.0039203944616019726
-13.851876231470555
Iter: 17 loss: 0.0037642729002982378
-7.2866490321432869
Iter: 18 loss: 0.0035601980052888393
-19.380037184725822
Iter: 19 loss: 0.0034192586317658424
-18.926131424362978
Iter: 20 loss: 0.0033694356679916382
-17.082520230975184
Iter: 21 loss: 0.0032681366428732872
-15.0999334831405
Iter: 22 loss: 0.0031477524898946285
-11.174676363624855
Iter: 23 loss: 0.0029460426885634661
-4.7984411591764715
Iter: 24 loss: 0.0027566766366362572
-0.37378881782040474
Iter: 25 loss: 0.0026022964157164097
-1.376240787428014
Iter: 26 loss: 0.0025132442824542522
-2.0431285714395671
Iter: 27 loss: 0.0024827904999256134
-5.1808416879912569
Iter: 28 loss: 0.0024201576597988605
-5.3198579431613773
Iter: 29 loss: 0.0023668962530791759
-3.1451069592232388
Iter: 30 loss: 0.0023095309734344482
3.0617405556381394
Iter: 31 loss: 0.0022200082894414663
8.3028282448306
Iter: 32 loss: 0.0021141450852155685
21.74786663430115
Iter: 33 loss: 0.0018777127843350172
34.889915502180152
Iter: 34 loss: 0.0015003039734438062
35.9603952451335
Iter: 35 loss: 0.0011971197091042995
38.650021312937767
Iter: 36 loss: 0.0014920879621058702
37.58622614114843
Iter: 37 loss: 0.0011127737816423178
33.080258132889782
Iter: 38 loss: 0.0010808401275426149
30.036094138556244
Iter: 39 loss: 0.0010577300563454628
30.461797835614711
Iter: 40 loss: 0.0010460779303684831
28.769712848585684
Iter: 41 loss: 0.001040189410559833
32.10866980727026
Iter: 42 loss: 0.0010314681567251682
29.304541766309335
Iter: 43 loss: 0.0010025716619566083
33.708107223459336
Iter: 44 loss: 0.00093585642753168941
22.859451829989602
Iter: 45 loss: 0.000882590189576149
9.9069070020719856
Iter: 46 loss: 0.00078946480061858892
8.2186223432811
Iter: 47 loss: 0.00073219742625951767
8.7893065883689374
Iter: 48 loss: 0.00069831556174904108
9.3121306785368212
Iter: 49 loss: 0.00068944267695769668
8.657122744219734
Iter: 50 loss: 0.00067764165578410029
5.7997745329044115
Iter: 51 loss: 0.00065606489079073071
-1.4995099097182882
Iter: 52 loss: 0.000621998799033463
-8.8315078400314615
Iter: 53 loss: 0.00057412008754909039
-13.68341290833175
Iter: 54 loss: 0.00052895705448463559
-12.307610657162744
Iter: 55 loss: 0.00051433412590995431
-9.686098122291888
Iter: 56 loss: 0.00049797858810052276
Iter: 1 loss: 0.00017500310786999762
Iter: 2 loss: 0.5071481466293335
Iter: 3 loss: 0.00017425414989702404
147.44377683066142
Iter: 1 loss: 0.0093269366770982742
2674.2364886991545
Iter: 2 loss: 13.647782325744629
1182.1220572630145
Iter: 3 loss: 4.4439973831176758
161.75389647234604
Iter: 4 loss: 0.0094681689515709877
153.73902888940989
Iter: 5 loss: 0.009098028764128685
153.64362908692027
Iter: 6 loss: 0.009094911627471447
153.26200452212885
Iter: 7 loss: 0.0090827401727437973
151.73510071119313
Iter: 8 loss: 0.009038856253027916
143.47288494764945
Iter: 9 loss: 0.0088387224823236465
140.42277276336139
Iter: 10 loss: 0.0087003288790583611
138.71302067568669
Iter: 11 loss: 0.0083401594310998917
144.52050015913443
Iter: 12 loss: 0.0081605454906821251
146.4029520095859
Iter: 13 loss: 0.0081491041928529739
146.93318702236144
Iter: 14 loss: 0.0081420475617051125
148.189308594886
Iter: 15 loss: 0.0080996071919798851
147.62082578134596
Iter: 16 loss: 0.0080318041145801544
143.02345542060598
Iter: 17 loss: 0.00791141763329506
134.20998872126705
Iter: 18 loss: 0.0077884746715426445
123.3341499087004
Iter: 19 loss: 0.0076893116347491741
119.09394427924813
Iter: 20 loss: 0.0076756677590310574
118.57935678111873
Iter: 21 loss: 0.0076673435978591442
117.98529049695645
Iter: 22 loss: 0.0076152505353093147
118.62087317496133
Iter: 23 loss: 0.0075765717774629593
120.71871217970619
Iter: 24 loss: 0.0074757286347448826
120.55819540245415
Iter: 25 loss: 0.0073718107305467129
113.79923220289771
Iter: 26 loss: 0.0070874937810003757
85.8061025112018
Iter: 27 loss: 0.0066829165443778038
81.163440410037225
Iter: 28 loss: 0.0068133249878883362
84.0747939222675
Iter: 29 loss: 0.0066277589648962021
76.2295883365564
Iter: 30 loss: 0.0064387032762169838
82.704565909747757
Iter: 31 loss: 0.0062913140282034874
77.220613876439046
Iter: 32 loss: 0.0062170764431357384
78.510953297183448
Iter: 33 loss: 0.0061824135482311249
81.900823784675111
Iter: 34 loss: 0.0061602136120200157
83.967705795907079
Iter: 35 loss: 0.0061482083983719349
86.3365093984717
Iter: 36 loss: 0.0061234049499034882
88.63851805012672
Iter: 37 loss: 0.006063148844987154
89.033110552442039
Iter: 38 loss: 0.0059279059059917927
85.476668808802614
Iter: 39 loss: 0.0057321139611303806
81.239827619967826
Iter: 40 loss: 0.0055483663454651833
65.926398282497814
Iter: 41 loss: 0.0053936969488859177
48.521666121500793
Iter: 42 loss: 0.0053107165731489658
48.6792870125781
Iter: 43 loss: 0.0051308823749423027
44.0461250264633
Iter: 44 loss: 0.0050410726107656956
34.53263725592722
Iter: 45 loss: 0.0049289045855402946
26.013330157471259
Iter: 46 loss: 0.0048231733962893486
13.171929113887417
Iter: 47 loss: 0.0046967598609626293
-9.769682033195485
Iter: 48 loss: 0.00620221346616745
7.9117025239176817
Iter: 49 loss: 0.00465411227196455
1.741888986321114
Iter: 50 loss: 0.0046292757615447044
-2.1108352356495237
Iter: 51 loss: 0.0046133687719702721
-6.229737431002552
Iter: 52 loss: 0.0046069375239312649
-8.0483970150451754
Iter: 53 loss: 0.00460343062877655
-12.387631529577511
Iter: 54 loss: 0.0046013225801289082
-12.02315913455125
Iter: 55 loss: 0.0045983097516000271
-11.858087760334985
Iter: 56 loss: 0.00459243031218648
-11.792360094941444
Iter: 57 loss: 0.0045846770517528057
-10.696651379691868
Iter: 58 loss: 0.00453498400747776
-14.782534735392403
Iter: 1 loss: 0.00060039304662495852
5304330.0412252909
Iter: 2 loss: 6481030656
418708.980947792
Iter: 3 loss: 9291986
-14.782534737167456
Iter: 4 loss: 0.00060039304662495852
-14.782534735767195
Iter: 5 loss: 0.00060039304662495852
-14.78253473547149
Iter: 6 loss: 0.00060039304662495852
-14.782534735408939
Iter: 7 loss: 0.00060039304662495852
-14.782534735395521
Iter: 8 loss: 0.00060039304662495852
-14.782534735392664
Iter: 9 loss: 0.00060039304662495852
-14.782534735394048
Iter: 10 loss: 0.00060039304662495852
-14.782534735392725
Iter: 11 loss: 0.00060039304662495852
-14.78253473539398
Iter: 12 loss: 0.00060039304662495852
-14.782534735392792
Iter: 13 loss: 0.00060039304662495852
-14.782534735394053
Iter: 14 loss: 0.00060039304662495852
-14.782534735394036
Iter: 15 loss: 0.00060039304662495852
Iter: 1 loss: 0.00017845904221758246
Iter: 2 loss: 0.0036104694008827209
Iter: 3 loss: 0.000163595934282057
Iter: 4 loss: 0.00073120876913890243
Iter: 5 loss: 0.00016170743037946522
Iter: 6 loss: 0.00015197551692835987
Iter: 7 loss: 0.00015045711188577116
Iter: 8 loss: 0.00014944803842809051
Iter: 9 loss: 0.00014664026093669236
Iter: 10 loss: 0.0001437343453289941
Iter: 11 loss: 0.00013807282084599137
Iter: 12 loss: 0.00012902886373922229
Iter: 13 loss: 0.00012122032057959586
Iter: 14 loss: 0.00010416227451059967
Iter: 15 loss: 9.68550011748448e-05
Iter: 16 loss: 9.0797453594859689e-05
Iter: 17 loss: 8.85974004631862e-05
Iter: 18 loss: 8.65733964019455e-05
Iter: 19 loss: 8.1225312897004187e-05
Iter: 20 loss: 7.8059565566945821e-05
Iter: 21 loss: 7.5720512541010976e-05
Iter: 22 loss: 7.3754483310040087e-05
Iter: 23 loss: 7.278674456756562e-05
20.7773482149494
Iter: 1 loss: 0.0074201524257659912
-21396.331902707803
Iter: 2 loss: 46732.12109375
-2832.3875942394111
Iter: 3 loss: 57.015518188476562
-242.2338932464265
Iter: 4 loss: 0.28098970651626587
-0.35055967104920516
Iter: 5 loss: 0.00501371081918478
-2.2709277984453324
Iter: 6 loss: 0.0049957125447690487
-2.4885729411554496
Iter: 7 loss: 0.00499219074845314
-3.3591700547151246
Iter: 8 loss: 0.0049800369888544083
-7.1661833008579041
Iter: 9 loss: 0.0049131866544485092
-10.879956417362315
Iter: 10 loss: 0.0048449058085680008
-11.684802990402087
Iter: 11 loss: 0.0048053646460175514
-11.516178157151455
Iter: 12 loss: 0.00480447243899107
20.404297418268264
Iter: 1 loss: 0.0027369016315788031
152866.26578996313
Iter: 2 loss: 2714604.5
2836030.1753718546
Iter: 3 loss: 684386176
494.418878547643
Iter: 4 loss: 2.6234993934631348
-151.72523123619908
Iter: 5 loss: 0.037724569439888
15.567135438867886
Iter: 6 loss: 0.00268363393843174
10.373374466292383
Iter: 7 loss: 0.0026063506957143545
-26.628395156612367
Iter: 8 loss: 0.0021395264193415642
-48.768675064781142
Iter: 9 loss: 0.0018454117234796286
-50.822648034079791
Iter: 10 loss: 0.0016816486604511738
-44.333807083269207
Iter: 11 loss: 0.0016346753109246492
-37.562625806947537
Iter: 12 loss: 0.0016153724864125252
-31.126054910470536
Iter: 13 loss: 0.001595380250364542
-28.468144533123205
Iter: 14 loss: 0.001587343867868185
-27.935300606435145
Iter: 15 loss: 0.0015818816609680653
-28.131369512541426
Iter: 16 loss: 0.0015717420028522611
-28.474736002628923
Iter: 17 loss: 0.0015542428009212017
-26.303693279927934
Iter: 18 loss: 0.0014952486380934715
-21.311534866923441
Iter: 19 loss: 0.0013784079346805811
-1.2647258723075705
Iter: 20 loss: 0.0012870896607637405
-6.2096784413369219
Iter: 21 loss: 0.0012342473492026329
-5.3032634992525569
Iter: 22 loss: 0.001214711694046855
-6.5799610854024184
Iter: 23 loss: 0.0012082974426448345
-8.96555654650594
Iter: 24 loss: 0.0011842137901112437
-9.8287628901287576
Iter: 25 loss: 0.0011370971333235502
-6.3924767002140861
Iter: 26 loss: 0.0010734477546066046
0.885536500731009
Iter: 27 loss: 0.0010327690979465842
5.5571323718939851
Iter: 28 loss: 0.0010174729395657778
7.8168932075231634
Iter: 29 loss: 0.0010127935092896223
9.65385236729377
Iter: 30 loss: 0.0010061231441795826
12.557410452964154
Iter: 31 loss: 0.00099055096507072449
14.706552364407925
Iter: 32 loss: 0.00097086670575663447
15.410146001641326
Iter: 33 loss: 0.00094732921570539474
16.133382928699461
Iter: 34 loss: 0.00091158854775130749
16.727501952386334
Iter: 35 loss: 0.00085618568118661642
16.429150249233327
Iter: 36 loss: 0.00083928019739687443
16.309661945201064
Iter: 37 loss: 0.000835898972582072
16.371799051942851
Iter: 38 loss: 0.00083407131023705006
16.458254136161813
Iter: 39 loss: 0.00082996103446930647
16.02375016473524
Iter: 40 loss: 0.0008174987742677331
13.28223524416385
Iter: 41 loss: 0.0007901536300778389
8.2229273470966771
Iter: 42 loss: 0.00076519401045516133
3.8814199219119554
Iter: 43 loss: 0.00075281981844455
2.5916610536050162
Iter: 44 loss: 0.00074933283030986786
2.9550725395852027
Iter: 45 loss: 0.00074803410097956657
3.794512335248001
Iter: 46 loss: 0.00074563722591847181
4.2283073819956583
Iter: 47 loss: 0.00074138946365565062
3.4433643289965179
Iter: 48 loss: 0.000724691548384726
0.38359164319849337
Iter: 49 loss: 0.00069466046988964081
0.75788103320036282
Iter: 50 loss: 0.00068180751986801624
-4.1291190704660492
Iter: 51 loss: 0.00064685771940276027
-4.1373350169765377
Iter: 52 loss: 0.00062722479924559593
-5.272504192796732
Iter: 53 loss: 0.00061931210802868009
-4.8695054541268288
Iter: 54 loss: 0.00061560608446598053
-5.396825694916501
Iter: 55 loss: 0.00061180727789178491
Iter: 1 loss: 7.34536733943969e-05
Iter: 2 loss: 0.0026225992478430271
Iter: 3 loss: 0.0004786025674548
Iter: 4 loss: 7.288502820301801e-05
-11.850848582018459
Iter: 1 loss: 0.0048040337860584259
2799.7259120863437
Iter: 2 loss: 15.13349437713623
76.251528200954681
Iter: 3 loss: 0.041953124105930328
-11.388333925698312
Iter: 4 loss: 0.0048029902391135693
-11.388501077834118
Iter: 5 loss: 0.0048020314425230026
-11.389179292099863
Iter: 6 loss: 0.0047982605174183846
-11.392045913951765
Iter: 7 loss: 0.0047841593623161316
-10.401613109846267
Iter: 8 loss: 0.0046927416697144508
-9.0078503016832752
Iter: 9 loss: 0.0046301083639264107
-8.74952598324717
Iter: 10 loss: 0.0045397654175758362
-4.3646268686054448
Iter: 11 loss: 0.004530453123152256
-4.9828965020715188
Iter: 12 loss: 0.0045252437703311443
-4.7560821619521167
Iter: 13 loss: 0.0045148115605115891
-2.8712718249993361
Iter: 14 loss: 0.0045055598020553589
0.73955897599609832
Iter: 15 loss: 0.0044885585084557533
9.5898220927023026
Iter: 16 loss: 0.0044386889785528183
24.604874585566048
Iter: 17 loss: 0.0043505849316716194
37.290031424164
Iter: 18 loss: 0.00427017780020833
40.709495303059782
Iter: 19 loss: 0.0042283162474632263
39.758825818985365
Iter: 20 loss: 0.0042158579453825951
38.759716704689382
Iter: 21 loss: 0.0042105368338525295
36.701169731947722
Iter: 22 loss: 0.0041933241300284863
35.348486128512874
Iter: 23 loss: 0.0041625071316957474
36.836383401788225
Iter: 24 loss: 0.0041040973737835884
43.715670813384854
Iter: 25 loss: 0.0040305424481630325
52.535532101991507
Iter: 26 loss: 0.0039799557998776436
57.9253056647957
Iter: 27 loss: 0.0039661237969994545
60.072744506523421
Iter: 28 loss: 0.0039646783843636513
60.224138558408349
Iter: 29 loss: 0.0039644748903810978
-8.2217515234135341
Iter: 1 loss: 0.00085918273543938994
4341121.1155540179
Iter: 2 loss: 4403412992
-8.2217515234135323
Iter: 3 loss: 0.00085918273543938994
Iter: 1 loss: 6.6553504439070821e-05
Iter: 2 loss: 0.51305282115936279
Iter: 3 loss: 6.632990698562935e-05
67.416555659924569
Iter: 1 loss: 0.0043931067921221256
950.84539083848
Iter: 2 loss: 56.037250518798828
-549.890809183915
Iter: 3 loss: 2.0627052783966064
64.098696631066574
Iter: 4 loss: 0.0043322313576936722
63.954146116141146
Iter: 5 loss: 0.00433040875941515
63.643015008862065
Iter: 6 loss: 0.0043195527978241444
63.933392332608719
Iter: 7 loss: 0.0043056458234786987
65.170224316111842
Iter: 8 loss: 0.0042894971556961536
66.209367476744532
Iter: 9 loss: 0.0042803729884326458
66.90265767834029
Iter: 10 loss: 0.0042761955410242081
67.095893562285681
Iter: 11 loss: 0.0042736586183309555
67.282722011725355
Iter: 12 loss: 0.0042652306146919727
67.036985531620374
Iter: 13 loss: 0.004251197911798954
65.976631307339346
Iter: 14 loss: 0.0042305281385779381
67.528279145755832
Iter: 15 loss: 0.0041998405940830708
67.246243458912062
Iter: 16 loss: 0.00419214554131031
66.832108743862534
Iter: 17 loss: 0.0041907066479325294
66.6963447504121
Iter: 18 loss: 0.0041905888356268406
-6.586426073256062
Iter: 1 loss: 0.000661955215036869
99725.257705542041
Iter: 2 loss: 322997.34375
-6.5864268319403516
Iter: 3 loss: 0.000661955215036869
-6.586426233366705
Iter: 4 loss: 0.00066195515682920814
-6.5864262342778126
Iter: 5 loss: 0.00066195515682920814
-6.58642653310933
Iter: 6 loss: 0.00066195515682920814
-6.586426730339273
Iter: 7 loss: 0.000661955215036869
-6.58642653441031
Iter: 8 loss: 0.00066195515682920814
-6.5864266637222775
Iter: 9 loss: 0.000661955215036869
-6.5864265349752085
Iter: 10 loss: 0.00066195515682920814
-6.5864266199484947
Iter: 11 loss: 0.000661955215036869
-6.5864265352209443
Iter: 12 loss: 0.00066195515682920814
-6.5864265911415014
Iter: 13 loss: 0.000661955215036869
-6.5864265353274956
Iter: 14 loss: 0.00066195515682920814
-6.5864265721639139
Iter: 15 loss: 0.000661955215036869
-6.5864265353274964
Iter: 16 loss: 0.00066195515682920814
Iter: 1 loss: 5.9773308748845011e-05
Iter: 2 loss: 0.44151359796524048
Iter: 3 loss: 5.9666304878192022e-05
63.435265784753717
Iter: 1 loss: 0.0040497947484254837
2168.6475294046168
Iter: 2 loss: 9.348271369934082
633.4736608212736
Iter: 3 loss: 1.3990408182144165
67.204483269633869
Iter: 4 loss: 0.004020976833999157
65.9846076808289
Iter: 5 loss: 0.0040128156542778015
65.831438007649155
Iter: 6 loss: 0.0040117683820426464
65.2186760493107
Iter: 7 loss: 0.0040085716173052788
63.960628075568948
Iter: 8 loss: 0.0039991862140595913
62.72243316887117
Iter: 9 loss: 0.0039900992996990681
62.629061521363788
Iter: 10 loss: 0.0039882650598883629
62.693622149204536
Iter: 11 loss: 0.0039879153482615948
-9.0888885607950911
Iter: 1 loss: 0.00077868485823273659
34441593.67504333
Iter: 2 loss: 209317134336
42777040.600990638
Iter: 3 loss: 434253856768
1007.0433820283417
Iter: 4 loss: 4.0313606262207031
-6.9420714955699543
Iter: 5 loss: 0.042570747435092926
-9.1425570110014913
Iter: 6 loss: 0.0007751312805339694
-8.29305992390714
Iter: 7 loss: 0.00076966197229921818
-4.97052743152868
Iter: 8 loss: 0.00075860001379624009
-5.23414374541435
Iter: 9 loss: 0.00075821566861122847
Iter: 1 loss: 7.372446998488158e-05
Iter: 2 loss: 0.31175065040588379
Iter: 3 loss: 7.3624207288958132e-05
61.124905475230079
Iter: 1 loss: 0.0041362210176885128
-41322.37500662815
Iter: 2 loss: 146070.8125
-3145.2726143967334
Iter: 3 loss: 56.790210723876953
40.045335292105563
Iter: 4 loss: 0.0056949551217257977
58.472169359138547
Iter: 5 loss: 0.004102751612663269
58.455794809070639
Iter: 6 loss: 0.0041026007384061813
58.390289396589537
Iter: 7 loss: 0.0041020400822162628
-1.4588409558923079
Iter: 1 loss: 0.000637527322396636
744.627971540126
Iter: 2 loss: 659.5574951171875
-1.4591766502369297
Iter: 3 loss: 0.00063752371352165937
-2.7397022488621259
Iter: 4 loss: 0.0006310540484264493
-2.8792319677165308
Iter: 5 loss: 0.0006308626034297049
-3.4373798032860918
Iter: 6 loss: 0.00063019571825861931
Iter: 1 loss: 6.3665211200714111e-05
Iter: 2 loss: 0.20975661277770996
Iter: 3 loss: 6.3556050008628517e-05
59.55020721693726
Iter: 1 loss: 0.0040199104696512222
2295.8557623907345
Iter: 2 loss: 10.047987937927246
692.19891979886052
Iter: 3 loss: 1.5580358505249023
63.786648843977815
Iter: 4 loss: 0.0039868792518973351
62.454849785128019
Iter: 5 loss: 0.003977370448410511
62.283750942517685
Iter: 6 loss: 0.0039757201448082924
60.680846640099688
Iter: 7 loss: 0.0039575062692165375
59.745786853025827
Iter: 8 loss: 0.003943189512938261
59.72042312789624
Iter: 9 loss: 0.0039321156218647957
59.925948418238562
Iter: 10 loss: 0.00393134169280529
-4.3342850844439456
Iter: 1 loss: 0.00066755223087966442
-524.66415238309173
Iter: 2 loss: 0.39670050144195557
130.77317875662544
Iter: 3 loss: 0.0906500518321991
-2.777634036385674
Iter: 4 loss: 0.00066108512692153454
-3.2614494725057268
Iter: 5 loss: 0.0006601691129617393
Iter: 1 loss: 6.8727968027815223e-05
Iter: 2 loss: 0.0030764318071305752
Iter: 3 loss: 6.5070300479419529e-05
Iter: 4 loss: 5.9907171817030758e-05
Iter: 5 loss: 5.7462104450678453e-05
Iter: 6 loss: 5.5846066970843822e-05
Iter: 7 loss: 5.2688534196931869e-05
Iter: 8 loss: 4.7676177928224206e-05
Iter: 9 loss: 4.4298059947323054e-05
Iter: 10 loss: 4.3839594582095742e-05
66.949731355025079
Iter: 1 loss: 0.0041302801109850407
-2516378.6014528354
Iter: 2 loss: 1510779008
66.949731353526957
Iter: 3 loss: 0.0041302801109850407
66.949731354710067
Iter: 4 loss: 0.0041302801109850407
66.949731354962978
Iter: 5 loss: 0.0041302801109850407
66.949731355014677
Iter: 6 loss: 0.0041302801109850407
66.9497313550225
Iter: 7 loss: 0.0041302801109850407
66.949731355017491
Iter: 8 loss: 0.0041302801109850407
66.949731355021612
Iter: 9 loss: 0.0041302801109850407
66.949731355019651
Iter: 10 loss: 0.0041302801109850407
66.949731355017718
Iter: 11 loss: 0.0041302801109850407
66.949731355019608
Iter: 12 loss: 0.0041302801109850407
66.949731355019509
Iter: 13 loss: 0.0041302801109850407
-1.1074579437961081
Iter: 1 loss: 0.00089364126324653625
65142.833040793805
Iter: 2 loss: 608874.25
-1.1074579770305417
Iter: 3 loss: 0.00089364126324653625
-1.1074579508098212
Iter: 4 loss: 0.00089364126324653625
-1.1074579452757276
Iter: 5 loss: 0.00089364126324653625
-1.1074579441082817
Iter: 6 loss: 0.00089364126324653625
-1.1074579438628478
Iter: 7 loss: 0.00089364126324653625
-1.1074579438095897
Iter: 8 loss: 0.00089364126324653625
-1.1074579437981036
Iter: 9 loss: 0.00089364126324653625
-1.107457943796375
Iter: 10 loss: 0.00089364126324653625
-1.1074579437979288
Iter: 11 loss: 0.00089364126324653625
-1.1074579437979728
Iter: 12 loss: 0.00089364126324653625
Iter: 1 loss: 4.8012196202762425e-05
Iter: 2 loss: 0.54774284362792969
Iter: 3 loss: 4.7917812480591238e-05
69.235797183122656
Iter: 1 loss: 0.0045302631333470345
-2118.1803581742352
Iter: 2 loss: 959.6488037109375
-2547.9590754525443
Iter: 3 loss: 120.1112060546875
-14812.800590286914
Iter: 4 loss: 402.21295166015625
68.230790531186955
Iter: 5 loss: 0.0044455667957663536
60.463418082218006
Iter: 6 loss: 0.0041383313946425915
60.585090966972473
Iter: 7 loss: 0.0041364403441548347
61.071708051313763
Iter: 8 loss: 0.0041297134011983871
63.58047285925371
Iter: 9 loss: 0.0040880143642425537
64.878656960361539
Iter: 10 loss: 0.0040625156834721565
64.599820984840463
Iter: 11 loss: 0.0040547177195549011
64.349463710264914
Iter: 12 loss: 0.0040543084032833576
-2.3988981459691492
Iter: 1 loss: 0.0008810338331386447
93.009329073174158
Iter: 2 loss: 0.38948518037796021
93.777888714654623
Iter: 3 loss: 0.045617744326591492
-1.2864773170739978
Iter: 4 loss: 0.00087634747615084052
-1.4332647145314237
Iter: 5 loss: 0.00087464670650660992
-1.6633593390275223
Iter: 6 loss: 0.00086689193267375231
-1.4746047937409994
Iter: 7 loss: 0.00085817789658904076
-1.470919318873475
Iter: 8 loss: 0.00084938353393226862
-2.4616350308092296
Iter: 9 loss: 0.00084545224672183394
-3.6778381083909979
Iter: 10 loss: 0.00084362830966711044
-4.9398282298335587
Iter: 11 loss: 0.00084259931463748217
-7.1104611741560415
Iter: 12 loss: 0.00084126170258969069
-8.17904473837134
Iter: 13 loss: 0.0008389740833081305
-8.0032006063126975
Iter: 14 loss: 0.00083668879233300686
-7.0865087949715129
Iter: 15 loss: 0.00083601323422044516
Iter: 1 loss: 4.03660123993177e-05
Iter: 2 loss: 0.0017027724534273148
Iter: 3 loss: 5.9729900385718793e-05
Iter: 4 loss: 4.0339175029657781e-05
60.405594168509758
Iter: 1 loss: 0.0039537567645311356
-80284.058628671017
Iter: 2 loss: 32245740
60.405594158879481
Iter: 3 loss: 0.0039537567645311356
60.405594166476533
Iter: 4 loss: 0.0039537567645311356
60.405594168081535
Iter: 5 loss: 0.0039537567645311356
60.405594168421629
Iter: 6 loss: 0.0039537567645311356
60.405594168494787
Iter: 7 loss: 0.0039537567645311356
60.405594168443905
Iter: 8 loss: 0.0039537567645311356
60.405594168484768
Iter: 9 loss: 0.0039537567645311356
60.405594168458137
Iter: 10 loss: 0.0039537567645311356
60.405594168478544
Iter: 11 loss: 0.0039537567645311356
60.405594168464809
Iter: 12 loss: 0.0039537567645311356
60.405594168460304
Iter: 13 loss: 0.0039537567645311356
