Iteration 0
Elapsed time for kappa 78.4885 sec
Elapsed time for experts 26.9203 sec
Elapsed time for households 21.3299 sec
Iteration 1
Elapsed time for kappa 43.2578 sec
Elapsed time for experts 21.3968 sec
Elapsed time for households 13.7267 sec
Iteration 2
Elapsed time for kappa 39.5080 sec
Elapsed time for experts 18.3853 sec
Elapsed time for households 19.0150 sec
Iteration 3
Elapsed time for kappa 39.3298 sec
Elapsed time for experts 20.8373 sec
Elapsed time for households 14.4957 sec
Iteration 4
Elapsed time for kappa 43.1532 sec
Elapsed time for experts 16.0760 sec
Elapsed time for households 18.6349 sec
Iteration 5
Elapsed time for kappa 39.8341 sec
Elapsed time for experts 18.0234 sec
Elapsed time for households 13.2560 sec
Iteration 6
Elapsed time for kappa 39.2009 sec
Elapsed time for experts 16.8702 sec
Elapsed time for households 14.4849 sec
Iteration 7
Elapsed time for kappa 48.0423 sec
Elapsed time for experts 16.8464 sec
Elapsed time for households 14.1257 sec
Iteration 8
Elapsed time for kappa 39.5188 sec
Elapsed time for experts 15.6593 sec
Elapsed time for households 13.7908 sec
Iteration 9
Elapsed time for kappa 39.4441 sec
Elapsed time for experts 15.8539 sec
Elapsed time for households 13.6170 sec
Iteration 10
Elapsed time for kappa 40.7213 sec
Elapsed time for experts 16.4126 sec
Elapsed time for households 14.2107 sec
Iteration 11
Elapsed time for kappa 39.1559 sec
Elapsed time for experts 16.0449 sec
Elapsed time for households 14.7284 sec
Iteration 12
Elapsed time for kappa 38.7455 sec
Elapsed time for experts 16.0337 sec
Elapsed time for households 23.0261 sec
Iteration 13
Elapsed time for kappa 40.0098 sec
Elapsed time for experts 16.7911 sec
Elapsed time for households 13.8476 sec
Iteration 14
Elapsed time for kappa 39.8719 sec
Elapsed time for experts 16.5547 sec
Elapsed time for households 15.3894 sec
Iteration 15
Elapsed time for kappa 36.9832 sec
Elapsed time for experts 17.3359 sec
Elapsed time for households 13.6790 sec
Iteration 16
Elapsed time for kappa 39.4518 sec
Elapsed time for experts 13.7652 sec
Elapsed time for households 13.8845 sec
Iteration 17
Elapsed time for kappa 42.3874 sec
Elapsed time for experts 15.6942 sec
Elapsed time for households 12.6763 sec
Iteration 18
Elapsed time for kappa 35.8744 sec
Elapsed time for experts 13.2299 sec
Elapsed time for households 23.8984 sec
Iteration 19
Elapsed time for kappa 37.5027 sec
Elapsed time for experts 13.8537 sec
Elapsed time for households 12.9537 sec
Iteration 20
Elapsed time for kappa 44.1864 sec
Elapsed time for experts 17.3962 sec
Elapsed time for households 15.5042 sec
Iteration 21
Elapsed time for kappa 43.3150 sec
Elapsed time for experts 16.7480 sec
Elapsed time for households 14.4270 sec
Iteration 22
Elapsed time for kappa 43.9931 sec
Elapsed time for experts 16.2332 sec
Elapsed time for households 14.7843 sec
Iteration 23
Elapsed time for kappa 43.4658 sec
Elapsed time for experts 16.0119 sec
Elapsed time for households 15.2648 sec
Iteration 24
Elapsed time for kappa 40.9979 sec
Elapsed time for experts 26.3914 sec
Elapsed time for households 15.5644 sec
Iteration 25
Elapsed time for kappa 40.6352 sec
Elapsed time for experts 16.3975 sec
Elapsed time for households 13.5125 sec
Iteration 26
Elapsed time for kappa 39.5458 sec
Elapsed time for experts 15.8050 sec
Elapsed time for households 16.3853 sec
Iteration 27
Elapsed time for kappa 39.0155 sec
Elapsed time for experts 14.7159 sec
Elapsed time for households 13.3656 sec
Iteration 28
Elapsed time for kappa 39.3357 sec
Elapsed time for experts 13.9561 sec
Elapsed time for households 15.2933 sec
Iteration 29
Elapsed time for kappa 37.9856 sec
Elapsed time for experts 13.5637 sec
Elapsed time for households 13.7009 sec
Iteration 30
Elapsed time for kappa 40.2733 sec
Elapsed time for experts 30.2396 sec
Elapsed time for households 15.4540 sec
Iteration 31
Elapsed time for kappa 41.5190 sec
Elapsed time for experts 18.1369 sec
Elapsed time for households 15.6434 sec
Iteration 32
Elapsed time for kappa 40.3265 sec
Elapsed time for experts 16.1194 sec
Elapsed time for households 14.7179 sec
Iteration 33
Elapsed time for kappa 41.0292 sec
Elapsed time for experts 15.8185 sec
Elapsed time for households 14.2620 sec
Iteration 34
Elapsed time for kappa 41.1521 sec
Elapsed time for experts 15.6747 sec
Elapsed time for households 14.9291 sec
Iteration 35
Elapsed time for kappa 41.0714 sec
Elapsed time for experts 16.4965 sec
Elapsed time for households 14.0877 sec
Iteration 36
Elapsed time for kappa 39.9072 sec
Elapsed time for experts 25.9801 sec
Elapsed time for households 14.3604 sec
Iteration 37
Elapsed time for kappa 40.1199 sec
Elapsed time for experts 16.5759 sec
Elapsed time for households 13.4885 sec
Iteration 38
Elapsed time for kappa 39.4344 sec
Elapsed time for experts 15.9895 sec
Elapsed time for households 14.2455 sec
Iteration 39
Elapsed time for kappa 39.8838 sec
Elapsed time for experts 15.4950 sec
Elapsed time for households 16.0612 sec
Iteration 40
Elapsed time for kappa 39.8785 sec
Elapsed time for experts 16.5392 sec
Elapsed time for households 14.1189 sec
Iteration 41
Elapsed time for kappa 40.1378 sec
Elapsed time for experts 15.2823 sec
Elapsed time for households 13.5773 sec
Iteration 42
Elapsed time for kappa 48.4827 sec
Elapsed time for experts 15.9862 sec
Elapsed time for households 14.9511 sec
Iteration 43
Elapsed time for kappa 39.3270 sec
Elapsed time for experts 16.2366 sec
Elapsed time for households 13.8997 sec
Iteration 44
Elapsed time for kappa 38.9392 sec
Elapsed time for experts 15.9948 sec
Elapsed time for households 13.5517 sec
Iteration 45
Elapsed time for kappa 39.4552 sec
Elapsed time for experts 16.1272 sec
Elapsed time for households 13.6810 sec
Iteration 46
Elapsed time for kappa 39.3658 sec
Elapsed time for experts 15.2020 sec
Elapsed time for households 13.5545 sec
Iteration 47
Elapsed time for kappa 39.4774 sec
Elapsed time for experts 15.2040 sec
Elapsed time for households 14.2475 sec
Iteration 48
Elapsed time for kappa 46.6911 sec
Elapsed time for experts 15.8299 sec
Elapsed time for households 14.1740 sec
Iteration 49
Elapsed time for kappa 39.0749 sec
Elapsed time for experts 15.5564 sec
Elapsed time for households 13.5391 sec
Iteration 50
Elapsed time for kappa 38.4879 sec
Elapsed time for experts 17.2701 sec
Elapsed time for households 13.7792 sec
Iteration 51
Elapsed time for kappa 39.0615 sec
Elapsed time for experts 15.8947 sec
Elapsed time for households 14.0182 sec
Iteration 52
Elapsed time for kappa 38.8962 sec
Elapsed time for experts 15.2748 sec
Elapsed time for households 14.5650 sec
Iteration 53
Elapsed time for kappa 39.0414 sec
Elapsed time for experts 16.6453 sec
Elapsed time for households 13.9005 sec
Iteration 54
Elapsed time for kappa 46.7920 sec
Elapsed time for experts 16.8975 sec
Elapsed time for households 13.7482 sec
Iteration 55
Elapsed time for kappa 38.5793 sec
Elapsed time for experts 15.2916 sec
Elapsed time for households 13.5607 sec
Iteration 56
Elapsed time for kappa 38.8899 sec
Elapsed time for experts 17.0143 sec
Elapsed time for households 14.1213 sec
Iteration 57
Elapsed time for kappa 38.4948 sec
Elapsed time for experts 15.1904 sec
Elapsed time for households 14.3257 sec
Iteration 58
Elapsed time for kappa 38.7724 sec
Elapsed time for experts 15.1142 sec
Elapsed time for households 13.8029 sec
Iteration 59
Elapsed time for kappa 38.8806 sec
Elapsed time for experts 15.5405 sec
Elapsed time for households 14.4102 sec
Iteration 60
Elapsed time for kappa 46.2774 sec
Elapsed time for experts 15.9455 sec
Elapsed time for households 14.3232 sec
Iteration 61
Elapsed time for kappa 39.4499 sec
Elapsed time for experts 15.0946 sec
Elapsed time for households 14.1623 sec
Iteration 62
Elapsed time for kappa 38.8923 sec
Elapsed time for experts 16.4895 sec
Elapsed time for households 13.2331 sec
Iteration 63
Elapsed time for kappa 38.5119 sec
Elapsed time for experts 16.3623 sec
Elapsed time for households 14.0911 sec
Iteration 64
Elapsed time for kappa 38.6604 sec
Elapsed time for experts 15.7954 sec
Elapsed time for households 13.7938 sec
Iteration 65
Elapsed time for kappa 38.7040 sec
Elapsed time for experts 15.1378 sec
Elapsed time for households 21.2398 sec
Iteration 66
Elapsed time for kappa 38.9827 sec
Elapsed time for experts 15.8105 sec
Elapsed time for households 14.2842 sec
Iteration 67
Elapsed time for kappa 38.8992 sec
Elapsed time for experts 15.8571 sec
Elapsed time for households 13.4256 sec
Iteration 68
Elapsed time for kappa 39.1798 sec
Elapsed time for experts 16.3280 sec
Elapsed time for households 14.3670 sec
Iteration 69
Elapsed time for kappa 38.9000 sec
Elapsed time for experts 15.1831 sec
Elapsed time for households 14.2392 sec
Iteration 70
Elapsed time for kappa 38.6345 sec
Elapsed time for experts 15.2728 sec
Elapsed time for households 14.0502 sec
Iteration 71
Elapsed time for kappa 40.0202 sec
Elapsed time for experts 24.6849 sec
Elapsed time for households 14.9925 sec
Iteration 72
Elapsed time for kappa 39.0081 sec
Elapsed time for experts 16.6845 sec
Elapsed time for households 13.9848 sec
Iteration 73
Elapsed time for kappa 38.8859 sec
Elapsed time for experts 16.6613 sec
Elapsed time for households 13.6317 sec
Iteration 74
Elapsed time for kappa 39.3021 sec
Elapsed time for experts 15.6008 sec
Elapsed time for households 13.4042 sec
Iteration 75
Elapsed time for kappa 38.5968 sec
Elapsed time for experts 15.6362 sec
Elapsed time for households 13.5610 sec
Iteration 76
Elapsed time for kappa 38.6550 sec
Elapsed time for experts 15.2711 sec
Elapsed time for households 14.2362 sec
Iteration 77
Elapsed time for kappa 39.6618 sec
Elapsed time for experts 22.6952 sec
Elapsed time for households 14.0021 sec
Iteration 78
Elapsed time for kappa 38.9093 sec
Elapsed time for experts 16.2803 sec
Elapsed time for households 13.4129 sec
Iteration 79
Elapsed time for kappa 38.6425 sec
Elapsed time for experts 15.0434 sec
Elapsed time for households 14.5106 sec
Iteration 80
Elapsed time for kappa 38.6296 sec
Elapsed time for experts 16.0456 sec
Elapsed time for households 18.0052 sec
Iteration 81
Elapsed time for kappa 38.8938 sec
Elapsed time for experts 16.5005 sec
Elapsed time for households 13.6084 sec
Iteration 82
Elapsed time for kappa 39.2745 sec
Elapsed time for experts 15.6895 sec
Elapsed time for households 13.6370 sec
Iteration 83
Elapsed time for kappa 39.2625 sec
Elapsed time for experts 24.2053 sec
Elapsed time for households 15.1094 sec
Iteration 84
Elapsed time for kappa 39.2015 sec
Elapsed time for experts 15.9166 sec
Elapsed time for households 14.0650 sec
Iteration 85
Elapsed time for kappa 39.3534 sec
Elapsed time for experts 15.3731 sec
Elapsed time for households 13.9777 sec
Iteration 86
Elapsed time for kappa 39.2728 sec
Elapsed time for experts 15.3532 sec
Elapsed time for households 13.3956 sec
Iteration 87
Elapsed time for kappa 39.2274 sec
Elapsed time for experts 15.4869 sec
Elapsed time for households 14.2572 sec
Iteration 88
Elapsed time for kappa 38.8378 sec
Elapsed time for experts 15.2293 sec
Elapsed time for households 13.3546 sec
Iteration 89
Elapsed time for kappa 39.0863 sec
Elapsed time for experts 24.1823 sec
Elapsed time for households 14.5244 sec
Iteration 90
Elapsed time for kappa 39.2067 sec
Elapsed time for experts 16.4825 sec
Elapsed time for households 13.3584 sec
Iteration 91
Elapsed time for kappa 38.9240 sec
Elapsed time for experts 16.6641 sec
Elapsed time for households 14.2257 sec
Iteration 92
Elapsed time for kappa 39.3388 sec
Elapsed time for experts 15.9348 sec
Elapsed time for households 13.1754 sec
Iteration 93
Elapsed time for kappa 39.0292 sec
Elapsed time for experts 15.7079 sec
Elapsed time for households 13.8997 sec
Iteration 94
Elapsed time for kappa 38.6839 sec
Elapsed time for experts 15.2114 sec
Elapsed time for households 13.5512 sec
Iteration 95
Elapsed time for kappa 46.9139 sec
Elapsed time for experts 16.1406 sec
Elapsed time for households 13.8805 sec
Iteration 96
Elapsed time for kappa 39.5795 sec
Elapsed time for experts 16.9597 sec
Elapsed time for households 13.6516 sec
Iteration 97
Elapsed time for kappa 39.2916 sec
Elapsed time for experts 15.3680 sec
Elapsed time for households 14.1119 sec
Iteration 98
Elapsed time for kappa 39.3285 sec
Elapsed time for experts 16.7239 sec
Elapsed time for households 14.4722 sec
Iteration 99
Elapsed time for kappa 39.1483 sec
Elapsed time for experts 18.0288 sec
Elapsed time for households 13.6433 sec
Iteration 100
Elapsed time for kappa 38.8111 sec
Elapsed time for experts 16.8965 sec
Elapsed time for households 14.0329 sec
Iteration 101
Elapsed time for kappa 45.7665 sec
Elapsed time for experts 16.7751 sec
Elapsed time for households 13.7772 sec
Iteration 102
Elapsed time for kappa 39.6155 sec
Elapsed time for experts 16.7282 sec
Elapsed time for households 14.8570 sec
Iteration 103
Elapsed time for kappa 39.5058 sec
Elapsed time for experts 17.3749 sec
Elapsed time for households 14.8694 sec
Iteration 104
Elapsed time for kappa 38.7743 sec
Elapsed time for experts 15.1988 sec
Elapsed time for households 14.8218 sec
Iteration 105
Elapsed time for kappa 39.4894 sec
Elapsed time for experts 16.4269 sec
Elapsed time for households 14.1112 sec
Iteration 106
Elapsed time for kappa 39.2385 sec
Elapsed time for experts 16.6601 sec
Elapsed time for households 13.4038 sec
Iteration 107
Elapsed time for kappa 46.3598 sec
Elapsed time for experts 15.9323 sec
Elapsed time for households 13.4984 sec
Iteration 108
Elapsed time for kappa 40.0278 sec
Elapsed time for experts 15.4212 sec
Elapsed time for households 13.5445 sec
Iteration 109
Elapsed time for kappa 39.7840 sec
Elapsed time for experts 16.0349 sec
Elapsed time for households 14.0964 sec
Iteration 110
Elapsed time for kappa 39.0662 sec
Elapsed time for experts 15.6327 sec
Elapsed time for households 14.0016 sec
Iteration 111
Elapsed time for kappa 38.7087 sec
Elapsed time for experts 15.6649 sec
Elapsed time for households 13.3649 sec
Iteration 112
Elapsed time for kappa 39.5140 sec
Elapsed time for experts 15.4168 sec
Elapsed time for households 13.4359 sec
Iteration 113
Elapsed time for kappa 47.5027 sec
Elapsed time for experts 16.2259 sec
Elapsed time for households 14.8896 sec
Iteration 114
Elapsed time for kappa 39.5818 sec
Elapsed time for experts 15.3055 sec
Elapsed time for households 13.6941 sec
Iteration 115
Elapsed time for kappa 39.4743 sec
Elapsed time for experts 15.3361 sec
Elapsed time for households 13.5228 sec
Iteration 116
Elapsed time for kappa 38.6988 sec
Elapsed time for experts 16.2904 sec
Elapsed time for households 14.3751 sec
Iteration 117
Elapsed time for kappa 39.0441 sec
Elapsed time for experts 15.7953 sec
Elapsed time for households 13.6016 sec
Iteration 118
Elapsed time for kappa 38.8388 sec
Elapsed time for experts 15.9613 sec
Elapsed time for households 20.4658 sec
Iteration 119
Elapsed time for kappa 39.2636 sec
Elapsed time for experts 16.0000 sec
Elapsed time for households 14.3237 sec
Iteration 120
Elapsed time for kappa 39.0276 sec
Elapsed time for experts 15.2689 sec
Elapsed time for households 14.8224 sec
Iteration 121
Elapsed time for kappa 39.5286 sec
Elapsed time for experts 15.6632 sec
Elapsed time for households 13.3986 sec
Iteration 122
Elapsed time for kappa 39.8999 sec
Elapsed time for experts 16.8486 sec
Elapsed time for households 14.0449 sec
Iteration 123
Elapsed time for kappa 38.7111 sec
Elapsed time for experts 15.0496 sec
Elapsed time for households 14.3950 sec
Iteration 124
Elapsed time for kappa 38.7638 sec
Elapsed time for experts 16.5476 sec
Elapsed time for households 21.9383 sec
Iteration 125
Elapsed time for kappa 39.1360 sec
Elapsed time for experts 16.1467 sec
Elapsed time for households 14.1706 sec
Iteration 126
Elapsed time for kappa 39.2235 sec
Elapsed time for experts 15.1000 sec
Elapsed time for households 13.6739 sec
Iteration 127
Elapsed time for kappa 38.9211 sec
Elapsed time for experts 15.2503 sec
Elapsed time for households 13.8461 sec
Iteration 128
Elapsed time for kappa 38.1543 sec
Elapsed time for experts 16.3398 sec
Elapsed time for households 13.2754 sec
Iteration 129
Elapsed time for kappa 38.3232 sec
Elapsed time for experts 14.8718 sec
Elapsed time for households 13.2693 sec
Iteration 130
Elapsed time for kappa 38.1719 sec
Elapsed time for experts 15.4383 sec
Elapsed time for households 20.9888 sec
Iteration 131
Elapsed time for kappa 38.4142 sec
Elapsed time for experts 17.0701 sec
Elapsed time for households 14.3224 sec
Iteration 132
Elapsed time for kappa 38.5878 sec
Elapsed time for experts 16.4372 sec
Elapsed time for households 14.1184 sec
Iteration 133
Elapsed time for kappa 38.5128 sec
Elapsed time for experts 15.6540 sec
Elapsed time for households 14.3227 sec
Iteration 134
Elapsed time for kappa 38.3874 sec
Elapsed time for experts 15.7640 sec
Elapsed time for households 13.5993 sec
Iteration 135
Elapsed time for kappa 38.8341 sec
Elapsed time for experts 15.3612 sec
Elapsed time for households 13.3425 sec
Iteration 136
Elapsed time for kappa 39.0865 sec
Elapsed time for experts 24.0910 sec
Elapsed time for households 14.7329 sec
Iteration 137
Elapsed time for kappa 38.8756 sec
Elapsed time for experts 16.0050 sec
Elapsed time for households 13.2584 sec
Iteration 138
Elapsed time for kappa 38.3383 sec
Elapsed time for experts 16.8148 sec
Elapsed time for households 13.7413 sec
Iteration 139
Elapsed time for kappa 38.1962 sec
Elapsed time for experts 15.5847 sec
Elapsed time for households 13.1561 sec
Iteration 140
Elapsed time for kappa 39.1468 sec
Elapsed time for experts 15.7166 sec
Elapsed time for households 13.6618 sec
Iteration 141
Elapsed time for kappa 38.0373 sec
Elapsed time for experts 16.3538 sec
Elapsed time for households 14.5150 sec
Iteration 142
Elapsed time for kappa 39.3006 sec
Elapsed time for experts 22.6787 sec
Elapsed time for households 15.0812 sec
Iteration 143
Elapsed time for kappa 38.6551 sec
Elapsed time for experts 15.8703 sec
Elapsed time for households 14.1227 sec
Iteration 144
Elapsed time for kappa 38.1073 sec
Elapsed time for experts 15.5751 sec
Elapsed time for households 13.3323 sec
Iteration 145
Elapsed time for kappa 38.3203 sec
Elapsed time for experts 15.6136 sec
Elapsed time for households 14.1121 sec
Iteration 146
Elapsed time for kappa 37.9038 sec
Elapsed time for experts 14.8769 sec
Elapsed time for households 13.2369 sec
Iteration 147
Elapsed time for kappa 38.4470 sec
Elapsed time for experts 15.8470 sec
Elapsed time for households 13.0538 sec
Iteration 148
Elapsed time for kappa 38.9372 sec
Elapsed time for experts 23.5512 sec
Elapsed time for households 14.8957 sec
Iteration 149
Elapsed time for kappa 38.6171 sec
Elapsed time for experts 15.9633 sec
Elapsed time for households 13.4835 sec
Iteration 150
Elapsed time for kappa 38.4839 sec
Elapsed time for experts 15.2067 sec
Elapsed time for households 13.7635 sec
Iteration 151
Elapsed time for kappa 38.1855 sec
Elapsed time for experts 15.6163 sec
Elapsed time for households 13.2064 sec
Iteration 152
Elapsed time for kappa 38.1613 sec
Elapsed time for experts 14.9064 sec
Elapsed time for households 13.8606 sec
Iteration 153
Elapsed time for kappa 37.7676 sec
Elapsed time for experts 15.3645 sec
Elapsed time for households 13.7595 sec
Iteration 154
Elapsed time for kappa 38.0070 sec
Elapsed time for experts 22.9651 sec
Elapsed time for households 14.1520 sec
Iteration 155
Elapsed time for kappa 38.2752 sec
Elapsed time for experts 15.7137 sec
Elapsed time for households 13.8530 sec
Iteration 156
Elapsed time for kappa 38.3913 sec
Elapsed time for experts 15.5079 sec
Elapsed time for households 13.3908 sec
Iteration 157
Elapsed time for kappa 38.2902 sec
Elapsed time for experts 15.1872 sec
Elapsed time for households 13.5763 sec
Iteration 158
Elapsed time for kappa 37.8966 sec
Elapsed time for experts 13.8795 sec
Elapsed time for households 12.2676 sec
Iteration 159
Elapsed time for kappa 33.4729 sec
Elapsed time for experts 11.7905 sec
Elapsed time for households 10.9592 sec
Iteration 160
Elapsed time for kappa 40.2310 sec
Elapsed time for experts 12.8475 sec
Elapsed time for households 11.0794 sec
Iteration 161
Elapsed time for kappa 32.1402 sec
Elapsed time for experts 11.8908 sec
Elapsed time for households 10.7334 sec
Iteration 162
Elapsed time for kappa 31.8483 sec
Elapsed time for experts 12.8010 sec
Elapsed time for households 10.1131 sec
Iteration 163
Elapsed time for kappa 32.1928 sec
Elapsed time for experts 11.5094 sec
Elapsed time for households 10.3402 sec
Iteration 164
Elapsed time for kappa 32.3979 sec
Elapsed time for experts 12.4519 sec
Elapsed time for households 10.2020 sec
Iteration 165
Elapsed time for kappa 33.4137 sec
Elapsed time for experts 11.9015 sec
Elapsed time for households 11.0684 sec
Iteration 166
Elapsed time for kappa 38.9441 sec
Elapsed time for experts 11.9165 sec
Elapsed time for households 11.1778 sec
Iteration 167
Elapsed time for kappa 31.9824 sec
Elapsed time for experts 12.2356 sec
Elapsed time for households 10.9448 sec
Iteration 168
Elapsed time for kappa 31.5125 sec
Elapsed time for experts 12.1369 sec
Elapsed time for households 10.4478 sec
Iteration 169
Elapsed time for kappa 31.2987 sec
Elapsed time for experts 12.8593 sec
Elapsed time for households 10.2969 sec
Iteration 170
Elapsed time for kappa 31.2803 sec
Elapsed time for experts 11.9358 sec
Elapsed time for households 10.3117 sec
Iteration 171
Elapsed time for kappa 31.2956 sec
Elapsed time for experts 11.3097 sec
Elapsed time for households 10.0341 sec
Iteration 172
Elapsed time for kappa 38.2718 sec
Elapsed time for experts 11.9631 sec
Elapsed time for households 11.0211 sec
Iteration 173
Elapsed time for kappa 32.3276 sec
Elapsed time for experts 13.1287 sec
Elapsed time for households 10.5303 sec
Iteration 174
Elapsed time for kappa 31.6328 sec
Elapsed time for experts 11.9578 sec
Elapsed time for households 11.2634 sec
Iteration 175
Elapsed time for kappa 31.6472 sec
Elapsed time for experts 11.4157 sec
Elapsed time for households 9.9815 sec
Iteration 176
Elapsed time for kappa 31.0103 sec
Elapsed time for experts 11.4791 sec
Elapsed time for households 10.0485 sec
Iteration 177
Elapsed time for kappa 30.9461 sec
Elapsed time for experts 11.2395 sec
Elapsed time for households 10.1429 sec
Iteration 178
Elapsed time for kappa 37.8741 sec
Elapsed time for experts 11.7087 sec
Elapsed time for households 11.4096 sec
Iteration 179
Elapsed time for kappa 31.3519 sec
Elapsed time for experts 12.9579 sec
Elapsed time for households 10.2804 sec
Iteration 180
Elapsed time for kappa 31.2564 sec
Elapsed time for experts 12.6491 sec
Elapsed time for households 10.5472 sec
Iteration 181
Elapsed time for kappa 31.3494 sec
Elapsed time for experts 12.2500 sec
Elapsed time for households 9.9217 sec
Iteration 182
Elapsed time for kappa 31.3640 sec
Elapsed time for experts 12.4799 sec
Elapsed time for households 13.3289 sec
Iteration 183
Elapsed time for kappa 31.4508 sec
Elapsed time for experts 12.7232 sec
Elapsed time for households 16.3630 sec
Iteration 184
Elapsed time for kappa 32.1395 sec
Elapsed time for experts 11.5813 sec
Elapsed time for households 10.4789 sec
Iteration 185
Elapsed time for kappa 31.5209 sec
Elapsed time for experts 11.5880 sec
Elapsed time for households 10.9432 sec
Iteration 186
Elapsed time for kappa 30.9432 sec
Elapsed time for experts 11.2740 sec
Elapsed time for households 11.1765 sec
Iteration 187
Elapsed time for kappa 30.7838 sec
Elapsed time for experts 12.0629 sec
Elapsed time for households 10.7165 sec
Iteration 188
Elapsed time for kappa 31.0999 sec
Elapsed time for experts 11.3777 sec
Elapsed time for households 9.9072 sec
Iteration 189
Elapsed time for kappa 32.5664 sec
Elapsed time for experts 12.8556 sec
Elapsed time for households 17.5860 sec
Iteration 190
Elapsed time for kappa 32.0008 sec
Elapsed time for experts 12.1178 sec
Elapsed time for households 11.2543 sec
Iteration 191
Elapsed time for kappa 31.3546 sec
Elapsed time for experts 11.5053 sec
Elapsed time for households 11.0941 sec
Iteration 192
Elapsed time for kappa 31.2251 sec
Elapsed time for experts 11.3554 sec
Elapsed time for households 11.2583 sec
Iteration 193
Elapsed time for kappa 30.8951 sec
Elapsed time for experts 11.5503 sec
Elapsed time for households 10.3078 sec
Iteration 194
Elapsed time for kappa 30.9801 sec
Elapsed time for experts 14.7789 sec
Elapsed time for households 11.1687 sec
Iteration 195
Elapsed time for kappa 31.4384 sec
Elapsed time for experts 12.5143 sec
Elapsed time for households 16.7353 sec
Iteration 196
Elapsed time for kappa 31.8072 sec
Elapsed time for experts 12.6686 sec
Elapsed time for households 10.8531 sec
Iteration 197
Elapsed time for kappa 31.3707 sec
Elapsed time for experts 12.1155 sec
Elapsed time for households 10.6517 sec
Iteration 198
Elapsed time for kappa 31.3058 sec
Elapsed time for experts 12.4590 sec
Elapsed time for households 10.3088 sec
Iteration 199
Elapsed time for kappa 30.9143 sec
Elapsed time for experts 11.9733 sec
Elapsed time for households 10.5597 sec
Elapsed time for training 13587.4426 sec
90000 90000 90000 90000
