Iteration 0
Elapsed time for kappa 73.2618 sec
Elapsed time for experts 23.1376 sec
Elapsed time for households 19.7219 sec
Iteration 1
Elapsed time for kappa 34.9730 sec
Elapsed time for experts 18.3667 sec
Elapsed time for households 16.5356 sec
Iteration 2
Elapsed time for kappa 33.0064 sec
Elapsed time for experts 16.8198 sec
Elapsed time for households 16.0615 sec
Iteration 3
Elapsed time for kappa 32.1073 sec
Elapsed time for experts 13.4226 sec
Elapsed time for households 15.7966 sec
Iteration 4
Elapsed time for kappa 35.6524 sec
Elapsed time for experts 14.1071 sec
Elapsed time for households 15.8644 sec
Iteration 5
Elapsed time for kappa 32.3349 sec
Elapsed time for experts 13.2276 sec
Elapsed time for households 10.9176 sec
Iteration 6
Elapsed time for kappa 32.0841 sec
Elapsed time for experts 13.1760 sec
Elapsed time for households 11.5060 sec
Iteration 7
Elapsed time for kappa 38.8794 sec
Elapsed time for experts 13.8443 sec
Elapsed time for households 11.6626 sec
Iteration 8
Elapsed time for kappa 32.3650 sec
Elapsed time for experts 17.5509 sec
Elapsed time for households 15.8074 sec
Iteration 9
Elapsed time for kappa 31.8922 sec
Elapsed time for experts 12.0911 sec
Elapsed time for households 12.1812 sec
Iteration 10
Elapsed time for kappa 32.0010 sec
Elapsed time for experts 14.5872 sec
Elapsed time for households 15.5194 sec
Iteration 11
Elapsed time for kappa 32.2104 sec
Elapsed time for experts 13.0922 sec
Elapsed time for households 15.8122 sec
Iteration 12
Elapsed time for kappa 32.0556 sec
Elapsed time for experts 14.3944 sec
Elapsed time for households 21.6965 sec
Iteration 13
Elapsed time for kappa 33.2873 sec
Elapsed time for experts 15.8635 sec
Elapsed time for households 16.1073 sec
Iteration 14
Elapsed time for kappa 32.6753 sec
Elapsed time for experts 12.5679 sec
Elapsed time for households 15.6178 sec
Iteration 15
Elapsed time for kappa 32.1464 sec
Elapsed time for experts 12.2239 sec
Elapsed time for households 11.2562 sec
Iteration 16
Elapsed time for kappa 32.3566 sec
Elapsed time for experts 12.7290 sec
Elapsed time for households 15.6140 sec
Iteration 17
Elapsed time for kappa 32.4082 sec
Elapsed time for experts 13.3076 sec
Elapsed time for households 15.7370 sec
Iteration 18
Elapsed time for kappa 32.5235 sec
Elapsed time for experts 14.6935 sec
Elapsed time for households 22.3974 sec
Iteration 19
Elapsed time for kappa 33.2080 sec
Elapsed time for experts 14.4794 sec
Elapsed time for households 12.1317 sec
Iteration 20
Elapsed time for kappa 32.2035 sec
Elapsed time for experts 14.5612 sec
Elapsed time for households 15.8049 sec
Iteration 21
Elapsed time for kappa 32.1863 sec
Elapsed time for experts 14.1437 sec
Elapsed time for households 15.9597 sec
Iteration 22
Elapsed time for kappa 32.1062 sec
Elapsed time for experts 13.7338 sec
Elapsed time for households 16.0632 sec
Iteration 23
Elapsed time for kappa 32.3246 sec
Elapsed time for experts 14.8718 sec
Elapsed time for households 15.8974 sec
Iteration 24
Elapsed time for kappa 32.2015 sec
Elapsed time for experts 18.4054 sec
Elapsed time for households 13.6259 sec
Iteration 25
Elapsed time for kappa 32.7235 sec
Elapsed time for experts 13.4933 sec
Elapsed time for households 11.2802 sec
Iteration 26
Elapsed time for kappa 32.3355 sec
Elapsed time for experts 13.8722 sec
Elapsed time for households 11.4726 sec
Iteration 27
Elapsed time for kappa 32.2783 sec
Elapsed time for experts 13.5609 sec
Elapsed time for households 14.6246 sec
Iteration 28
Elapsed time for kappa 32.0947 sec
Elapsed time for experts 12.2337 sec
Elapsed time for households 11.6057 sec
Iteration 29
Elapsed time for kappa 32.2502 sec
Elapsed time for experts 13.1195 sec
Elapsed time for households 12.6132 sec
Iteration 30
Elapsed time for kappa 32.1541 sec
Elapsed time for experts 18.5155 sec
Elapsed time for households 11.7516 sec
Iteration 31
Elapsed time for kappa 32.5102 sec
Elapsed time for experts 13.0835 sec
Elapsed time for households 11.6346 sec
Iteration 32
Elapsed time for kappa 32.3522 sec
Elapsed time for experts 13.7463 sec
Elapsed time for households 11.5419 sec
Iteration 33
Elapsed time for kappa 32.0783 sec
Elapsed time for experts 11.9845 sec
Elapsed time for households 11.5800 sec
Iteration 34
Elapsed time for kappa 32.2836 sec
Elapsed time for experts 13.4988 sec
Elapsed time for households 11.5551 sec
Iteration 35
Elapsed time for kappa 32.4420 sec
Elapsed time for experts 13.3598 sec
Elapsed time for households 10.7005 sec
Iteration 36
Elapsed time for kappa 31.9814 sec
Elapsed time for experts 20.5820 sec
Elapsed time for households 11.9663 sec
Iteration 37
Elapsed time for kappa 33.0354 sec
Elapsed time for experts 13.5228 sec
Elapsed time for households 11.1995 sec
Iteration 38
Elapsed time for kappa 32.4204 sec
Elapsed time for experts 12.9885 sec
Elapsed time for households 11.5374 sec
Iteration 39
Elapsed time for kappa 32.2724 sec
Elapsed time for experts 13.3840 sec
Elapsed time for households 11.4132 sec
Iteration 40
Elapsed time for kappa 32.0961 sec
Elapsed time for experts 13.5618 sec
Elapsed time for households 11.3917 sec
Iteration 41
Elapsed time for kappa 32.1604 sec
Elapsed time for experts 13.4603 sec
Elapsed time for households 11.0777 sec
Iteration 42
Elapsed time for kappa 37.8830 sec
Elapsed time for experts 13.7065 sec
Elapsed time for households 11.0358 sec
Iteration 43
Elapsed time for kappa 32.1783 sec
Elapsed time for experts 12.8697 sec
Elapsed time for households 10.9417 sec
Iteration 44
Elapsed time for kappa 32.5045 sec
Elapsed time for experts 14.4304 sec
Elapsed time for households 11.3056 sec
Iteration 45
Elapsed time for kappa 32.2697 sec
Elapsed time for experts 13.6799 sec
Elapsed time for households 11.1725 sec
Iteration 46
Elapsed time for kappa 32.2673 sec
Elapsed time for experts 12.8815 sec
Elapsed time for households 12.6023 sec
Iteration 47
Elapsed time for kappa 32.1414 sec
Elapsed time for experts 12.9463 sec
Elapsed time for households 11.5238 sec
Iteration 48
Elapsed time for kappa 38.0479 sec
Elapsed time for experts 12.8447 sec
Elapsed time for households 11.4831 sec
Iteration 49
Elapsed time for kappa 32.5337 sec
Elapsed time for experts 12.9349 sec
Elapsed time for households 12.4904 sec
Iteration 50
Elapsed time for kappa 32.1327 sec
Elapsed time for experts 12.5857 sec
Elapsed time for households 11.0344 sec
Iteration 51
Elapsed time for kappa 32.1245 sec
Elapsed time for experts 11.9115 sec
Elapsed time for households 12.3664 sec
Iteration 52
Elapsed time for kappa 32.3147 sec
Elapsed time for experts 12.1006 sec
Elapsed time for households 11.7523 sec
Iteration 53
Elapsed time for kappa 32.4002 sec
Elapsed time for experts 13.5092 sec
Elapsed time for households 11.4916 sec
Iteration 54
Elapsed time for kappa 37.8979 sec
Elapsed time for experts 12.5522 sec
Elapsed time for households 11.8164 sec
Iteration 55
Elapsed time for kappa 32.4342 sec
Elapsed time for experts 13.3850 sec
Elapsed time for households 11.1330 sec
Iteration 56
Elapsed time for kappa 32.3188 sec
Elapsed time for experts 12.9935 sec
Elapsed time for households 11.3371 sec
Iteration 57
Elapsed time for kappa 32.1478 sec
Elapsed time for experts 12.7444 sec
Elapsed time for households 11.3224 sec
Iteration 58
Elapsed time for kappa 32.1612 sec
Elapsed time for experts 12.8749 sec
Elapsed time for households 11.0375 sec
Iteration 59
Elapsed time for kappa 32.3416 sec
Elapsed time for experts 12.8893 sec
Elapsed time for households 10.7914 sec
Iteration 60
Elapsed time for kappa 37.7536 sec
Elapsed time for experts 14.3925 sec
Elapsed time for households 11.2781 sec
Iteration 61
Elapsed time for kappa 32.5112 sec
Elapsed time for experts 13.9847 sec
Elapsed time for households 11.4724 sec
Iteration 62
Elapsed time for kappa 32.1074 sec
Elapsed time for experts 13.4495 sec
Elapsed time for households 11.7241 sec
Iteration 63
Elapsed time for kappa 32.1614 sec
Elapsed time for experts 13.5560 sec
Elapsed time for households 12.0943 sec
Iteration 64
Elapsed time for kappa 32.0921 sec
Elapsed time for experts 12.6690 sec
Elapsed time for households 11.4163 sec
Iteration 65
Elapsed time for kappa 32.0957 sec
Elapsed time for experts 13.5432 sec
Elapsed time for households 16.1424 sec
Iteration 66
Elapsed time for kappa 32.3737 sec
Elapsed time for experts 13.5331 sec
Elapsed time for households 10.7720 sec
Iteration 67
Elapsed time for kappa 32.1791 sec
Elapsed time for experts 12.7406 sec
Elapsed time for households 11.0902 sec
Iteration 68
Elapsed time for kappa 31.7655 sec
Elapsed time for experts 13.1642 sec
Elapsed time for households 10.6697 sec
Iteration 69
Elapsed time for kappa 31.9256 sec
Elapsed time for experts 13.1839 sec
Elapsed time for households 10.8633 sec
Iteration 70
Elapsed time for kappa 31.8309 sec
Elapsed time for experts 13.4145 sec
Elapsed time for households 11.2507 sec
Iteration 71
Elapsed time for kappa 32.2488 sec
Elapsed time for experts 19.5331 sec
Elapsed time for households 12.4771 sec
Iteration 72
Elapsed time for kappa 32.5479 sec
Elapsed time for experts 12.4985 sec
Elapsed time for households 11.5276 sec
Iteration 73
Elapsed time for kappa 32.0514 sec
Elapsed time for experts 13.4877 sec
Elapsed time for households 11.3678 sec
Iteration 74
Elapsed time for kappa 32.0260 sec
Elapsed time for experts 13.0354 sec
Elapsed time for households 11.3924 sec
Iteration 75
Elapsed time for kappa 31.6843 sec
Elapsed time for experts 13.3171 sec
Elapsed time for households 10.8069 sec
Iteration 76
Elapsed time for kappa 31.9320 sec
Elapsed time for experts 11.9841 sec
Elapsed time for households 11.5690 sec
Iteration 77
Elapsed time for kappa 31.9833 sec
Elapsed time for experts 19.0450 sec
Elapsed time for households 11.8249 sec
Iteration 78
Elapsed time for kappa 32.6215 sec
Elapsed time for experts 14.6964 sec
Elapsed time for households 11.4274 sec
Iteration 79
Elapsed time for kappa 31.9573 sec
Elapsed time for experts 13.0454 sec
Elapsed time for households 11.1515 sec
Iteration 80
Elapsed time for kappa 31.9922 sec
Elapsed time for experts 13.3715 sec
Elapsed time for households 11.6238 sec
Iteration 81
Elapsed time for kappa 31.9569 sec
Elapsed time for experts 12.8562 sec
Elapsed time for households 11.0013 sec
Iteration 82
Elapsed time for kappa 31.8663 sec
Elapsed time for experts 13.1821 sec
Elapsed time for households 11.5283 sec
Iteration 83
Elapsed time for kappa 32.0213 sec
Elapsed time for experts 18.2249 sec
Elapsed time for households 11.5547 sec
Iteration 84
Elapsed time for kappa 32.4610 sec
Elapsed time for experts 15.4985 sec
Elapsed time for households 11.6986 sec
Iteration 85
Elapsed time for kappa 32.6192 sec
Elapsed time for experts 12.1973 sec
Elapsed time for households 11.4579 sec
Iteration 86
Elapsed time for kappa 32.2847 sec
Elapsed time for experts 11.9075 sec
Elapsed time for households 11.1858 sec
Iteration 87
Elapsed time for kappa 32.2434 sec
Elapsed time for experts 13.1937 sec
Elapsed time for households 11.3555 sec
Iteration 88
Elapsed time for kappa 32.0216 sec
Elapsed time for experts 13.4496 sec
Elapsed time for households 11.1700 sec
Iteration 89
Elapsed time for kappa 32.4218 sec
Elapsed time for experts 19.4701 sec
Elapsed time for households 11.2887 sec
Iteration 90
Elapsed time for kappa 32.7088 sec
Elapsed time for experts 12.9046 sec
Elapsed time for households 11.6060 sec
Iteration 91
Elapsed time for kappa 32.2059 sec
Elapsed time for experts 12.2929 sec
Elapsed time for households 10.9780 sec
Iteration 92
Elapsed time for kappa 32.1800 sec
Elapsed time for experts 17.6535 sec
Elapsed time for households 10.8004 sec
Iteration 93
Elapsed time for kappa 32.2703 sec
Elapsed time for experts 11.9684 sec
Elapsed time for households 11.9103 sec
Iteration 94
Elapsed time for kappa 32.0351 sec
Elapsed time for experts 13.3379 sec
Elapsed time for households 11.2669 sec
Iteration 95
Elapsed time for kappa 37.9218 sec
Elapsed time for experts 13.2960 sec
Elapsed time for households 12.4581 sec
Iteration 96
Elapsed time for kappa 32.1900 sec
Elapsed time for experts 12.6742 sec
Elapsed time for households 10.8192 sec
Iteration 97
Elapsed time for kappa 32.0403 sec
Elapsed time for experts 12.1020 sec
Elapsed time for households 11.3798 sec
Iteration 98
Elapsed time for kappa 31.7758 sec
Elapsed time for experts 12.2755 sec
Elapsed time for households 11.6976 sec
Iteration 99
Elapsed time for kappa 31.9628 sec
Elapsed time for experts 12.6617 sec
Elapsed time for households 10.9546 sec
Iteration 100
Elapsed time for kappa 31.7632 sec
Elapsed time for experts 12.0272 sec
Elapsed time for households 11.3705 sec
Iteration 101
Elapsed time for kappa 38.0422 sec
Elapsed time for experts 12.3089 sec
Elapsed time for households 10.6959 sec
Iteration 102
Elapsed time for kappa 32.2951 sec
Elapsed time for experts 13.0182 sec
Elapsed time for households 11.3358 sec
Iteration 103
Elapsed time for kappa 32.4061 sec
Elapsed time for experts 12.1417 sec
Elapsed time for households 10.6583 sec
Iteration 104
Elapsed time for kappa 32.1830 sec
Elapsed time for experts 12.0817 sec
Elapsed time for households 11.6727 sec
Iteration 105
Elapsed time for kappa 32.1534 sec
Elapsed time for experts 12.5948 sec
Elapsed time for households 10.9153 sec
Iteration 106
Elapsed time for kappa 32.0004 sec
Elapsed time for experts 13.2305 sec
Elapsed time for households 11.4640 sec
Iteration 107
Elapsed time for kappa 37.9349 sec
Elapsed time for experts 12.8908 sec
Elapsed time for households 11.2722 sec
Iteration 108
Elapsed time for kappa 32.3884 sec
Elapsed time for experts 12.8425 sec
Elapsed time for households 11.2217 sec
Iteration 109
Elapsed time for kappa 32.3236 sec
Elapsed time for experts 12.7754 sec
Elapsed time for households 11.0887 sec
Iteration 110
Elapsed time for kappa 31.9133 sec
Elapsed time for experts 13.9292 sec
Elapsed time for households 11.2336 sec
Iteration 111
Elapsed time for kappa 32.0140 sec
Elapsed time for experts 12.4618 sec
Elapsed time for households 11.4542 sec
Iteration 112
Elapsed time for kappa 31.7318 sec
Elapsed time for experts 12.1839 sec
Elapsed time for households 11.2446 sec
Iteration 113
Elapsed time for kappa 37.8301 sec
Elapsed time for experts 13.4095 sec
Elapsed time for households 12.1702 sec
Iteration 114
Elapsed time for kappa 32.2115 sec
Elapsed time for experts 12.8629 sec
Elapsed time for households 11.5576 sec
Iteration 115
Elapsed time for kappa 32.2854 sec
Elapsed time for experts 11.9426 sec
Elapsed time for households 11.9527 sec
Iteration 116
Elapsed time for kappa 31.9671 sec
Elapsed time for experts 12.7093 sec
Elapsed time for households 12.2762 sec
Iteration 117
Elapsed time for kappa 31.4670 sec
Elapsed time for experts 13.2392 sec
Elapsed time for households 10.8773 sec
Iteration 118
Elapsed time for kappa 31.5247 sec
Elapsed time for experts 13.0860 sec
Elapsed time for households 16.3080 sec
Iteration 119
Elapsed time for kappa 32.4917 sec
Elapsed time for experts 12.4320 sec
Elapsed time for households 11.1562 sec
Iteration 120
Elapsed time for kappa 31.7574 sec
Elapsed time for experts 12.9145 sec
Elapsed time for households 10.9661 sec
Iteration 121
Elapsed time for kappa 31.9411 sec
Elapsed time for experts 11.8962 sec
Elapsed time for households 10.6602 sec
Iteration 122
Elapsed time for kappa 31.4779 sec
Elapsed time for experts 13.0035 sec
Elapsed time for households 11.4402 sec
Iteration 123
Elapsed time for kappa 31.6026 sec
Elapsed time for experts 12.8631 sec
Elapsed time for households 11.9067 sec
Iteration 124
Elapsed time for kappa 31.8789 sec
Elapsed time for experts 13.2892 sec
Elapsed time for households 16.3113 sec
Iteration 125
Elapsed time for kappa 32.2792 sec
Elapsed time for experts 13.3450 sec
Elapsed time for households 11.5339 sec
Iteration 126
Elapsed time for kappa 31.7594 sec
Elapsed time for experts 13.2821 sec
Elapsed time for households 10.5914 sec
Iteration 127
Elapsed time for kappa 31.4233 sec
Elapsed time for experts 12.7335 sec
Elapsed time for households 10.7051 sec
Iteration 128
Elapsed time for kappa 31.3995 sec
Elapsed time for experts 12.8021 sec
Elapsed time for households 11.2612 sec
Iteration 129
Elapsed time for kappa 31.1160 sec
Elapsed time for experts 12.4991 sec
Elapsed time for households 10.7298 sec
Iteration 130
Elapsed time for kappa 31.5774 sec
Elapsed time for experts 12.1913 sec
Elapsed time for households 16.9622 sec
Iteration 131
Elapsed time for kappa 31.7704 sec
Elapsed time for experts 13.0970 sec
Elapsed time for households 10.6437 sec
Iteration 132
Elapsed time for kappa 31.4781 sec
Elapsed time for experts 12.8824 sec
Elapsed time for households 10.8266 sec
Iteration 133
Elapsed time for kappa 31.1507 sec
Elapsed time for experts 11.9332 sec
Elapsed time for households 11.1200 sec
Iteration 134
Elapsed time for kappa 31.0381 sec
Elapsed time for experts 12.7830 sec
Elapsed time for households 10.5002 sec
Iteration 135
Elapsed time for kappa 31.0228 sec
Elapsed time for experts 12.6278 sec
Elapsed time for households 10.6750 sec
Iteration 136
Elapsed time for kappa 31.2815 sec
Elapsed time for experts 18.5305 sec
Elapsed time for households 11.8123 sec
Iteration 137
Elapsed time for kappa 31.4350 sec
Elapsed time for experts 12.7206 sec
Elapsed time for households 11.3789 sec
Iteration 138
Elapsed time for kappa 31.2198 sec
Elapsed time for experts 13.2509 sec
Elapsed time for households 11.2045 sec
Iteration 139
Elapsed time for kappa 30.7077 sec
Elapsed time for experts 13.0270 sec
Elapsed time for households 10.4428 sec
Iteration 140
Elapsed time for kappa 30.9208 sec
Elapsed time for experts 12.9647 sec
Elapsed time for households 10.9790 sec
Iteration 141
Elapsed time for kappa 30.8557 sec
Elapsed time for experts 12.7651 sec
Elapsed time for households 11.1668 sec
Iteration 142
Elapsed time for kappa 30.8029 sec
Elapsed time for experts 17.6979 sec
Elapsed time for households 11.1400 sec
Iteration 143
Elapsed time for kappa 31.3639 sec
Elapsed time for experts 11.8470 sec
Elapsed time for households 11.2961 sec
Iteration 144
Elapsed time for kappa 30.6952 sec
Elapsed time for experts 12.9029 sec
Elapsed time for households 11.3949 sec
Iteration 145
Elapsed time for kappa 30.8360 sec
Elapsed time for experts 11.7849 sec
Elapsed time for households 10.7012 sec
Iteration 146
Elapsed time for kappa 30.7252 sec
Elapsed time for experts 12.0480 sec
Elapsed time for households 11.1054 sec
Iteration 147
Elapsed time for kappa 30.3798 sec
Elapsed time for experts 12.4698 sec
Elapsed time for households 10.0077 sec
Iteration 148
Elapsed time for kappa 30.7081 sec
Elapsed time for experts 17.2218 sec
Elapsed time for households 11.5097 sec
Iteration 149
Elapsed time for kappa 31.1407 sec
Elapsed time for experts 12.4045 sec
Elapsed time for households 11.2325 sec
Iteration 150
Elapsed time for kappa 30.5765 sec
Elapsed time for experts 13.7497 sec
Elapsed time for households 11.3976 sec
Iteration 151
Elapsed time for kappa 30.6261 sec
Elapsed time for experts 12.4873 sec
Elapsed time for households 10.2997 sec
Iteration 152
Elapsed time for kappa 30.3246 sec
Elapsed time for experts 13.5045 sec
Elapsed time for households 10.8823 sec
Iteration 153
Elapsed time for kappa 30.3654 sec
Elapsed time for experts 11.4200 sec
Elapsed time for households 10.9596 sec
Iteration 154
Elapsed time for kappa 30.1986 sec
Elapsed time for experts 17.4167 sec
Elapsed time for households 11.2660 sec
Iteration 155
Elapsed time for kappa 31.0466 sec
Elapsed time for experts 12.4928 sec
Elapsed time for households 10.8550 sec
Iteration 156
Elapsed time for kappa 30.9275 sec
Elapsed time for experts 12.9661 sec
Elapsed time for households 11.1041 sec
Iteration 157
Elapsed time for kappa 30.5736 sec
Elapsed time for experts 12.0739 sec
Elapsed time for households 10.9020 sec
Iteration 158
Elapsed time for kappa 30.4033 sec
Elapsed time for experts 11.9182 sec
Elapsed time for households 10.6558 sec
Iteration 159
Elapsed time for kappa 30.2312 sec
Elapsed time for experts 13.0140 sec
Elapsed time for households 11.1373 sec
Iteration 160
Elapsed time for kappa 36.4515 sec
Elapsed time for experts 14.3729 sec
Elapsed time for households 10.9559 sec
Iteration 161
Elapsed time for kappa 30.8252 sec
Elapsed time for experts 11.8586 sec
Elapsed time for households 11.1978 sec
Iteration 162
Elapsed time for kappa 30.4331 sec
Elapsed time for experts 13.0332 sec
Elapsed time for households 10.8138 sec
Iteration 163
Elapsed time for kappa 30.3356 sec
Elapsed time for experts 11.9154 sec
Elapsed time for households 11.2873 sec
Iteration 164
Elapsed time for kappa 30.5006 sec
Elapsed time for experts 11.8927 sec
Elapsed time for households 10.3421 sec
Iteration 165
Elapsed time for kappa 30.1603 sec
Elapsed time for experts 12.4022 sec
Elapsed time for households 10.2066 sec
Iteration 166
Elapsed time for kappa 36.4987 sec
Elapsed time for experts 12.3760 sec
Elapsed time for households 10.4203 sec
Iteration 167
Elapsed time for kappa 30.6253 sec
Elapsed time for experts 12.8210 sec
Elapsed time for households 10.8003 sec
Iteration 168
Elapsed time for kappa 30.6163 sec
Elapsed time for experts 12.3922 sec
Elapsed time for households 10.5071 sec
Iteration 169
Elapsed time for kappa 30.3026 sec
Elapsed time for experts 11.7023 sec
Elapsed time for households 11.0825 sec
Iteration 170
Elapsed time for kappa 30.2032 sec
Elapsed time for experts 12.4131 sec
Elapsed time for households 10.8718 sec
Iteration 171
Elapsed time for kappa 30.5429 sec
Elapsed time for experts 12.6672 sec
Elapsed time for households 10.8217 sec
Iteration 172
Elapsed time for kappa 36.4610 sec
Elapsed time for experts 13.3016 sec
Elapsed time for households 10.5366 sec
Iteration 173
Elapsed time for kappa 30.6452 sec
Elapsed time for experts 11.8666 sec
Elapsed time for households 11.0103 sec
Iteration 174
Elapsed time for kappa 30.6777 sec
Elapsed time for experts 12.9530 sec
Elapsed time for households 10.4367 sec
Iteration 175
Elapsed time for kappa 30.3437 sec
Elapsed time for experts 11.9331 sec
Elapsed time for households 11.5865 sec
Iteration 176
Elapsed time for kappa 30.4192 sec
Elapsed time for experts 11.4659 sec
Elapsed time for households 11.7137 sec
Iteration 177
Elapsed time for kappa 30.3881 sec
Elapsed time for experts 12.4324 sec
Elapsed time for households 11.8456 sec
Iteration 178
Elapsed time for kappa 36.3605 sec
Elapsed time for experts 13.4700 sec
Elapsed time for households 10.7336 sec
Iteration 179
Elapsed time for kappa 30.8435 sec
Elapsed time for experts 12.4164 sec
Elapsed time for households 10.8353 sec
Iteration 180
Elapsed time for kappa 30.4889 sec
Elapsed time for experts 14.6280 sec
Elapsed time for households 11.4914 sec
Iteration 181
Elapsed time for kappa 30.3088 sec
Elapsed time for experts 11.5993 sec
Elapsed time for households 10.7938 sec
Iteration 182
Elapsed time for kappa 30.4203 sec
Elapsed time for experts 12.5143 sec
Elapsed time for households 10.4574 sec
Iteration 183
Elapsed time for kappa 30.3266 sec
Elapsed time for experts 11.4665 sec
Elapsed time for households 15.5552 sec
Iteration 184
Elapsed time for kappa 31.4436 sec
Elapsed time for experts 12.2779 sec
Elapsed time for households 10.8898 sec
Iteration 185
Elapsed time for kappa 30.6243 sec
Elapsed time for experts 12.1688 sec
Elapsed time for households 11.4150 sec
Iteration 186
Elapsed time for kappa 30.4256 sec
Elapsed time for experts 12.4020 sec
Elapsed time for households 11.0021 sec
Iteration 187
Elapsed time for kappa 30.2619 sec
Elapsed time for experts 12.8434 sec
Elapsed time for households 11.2939 sec
Iteration 188
Elapsed time for kappa 30.2159 sec
Elapsed time for experts 12.3574 sec
Elapsed time for households 11.0601 sec
Iteration 189
Elapsed time for kappa 30.5922 sec
Elapsed time for experts 11.6435 sec
Elapsed time for households 16.1510 sec
Iteration 190
Elapsed time for kappa 31.1498 sec
Elapsed time for experts 11.8059 sec
Elapsed time for households 10.3923 sec
Iteration 191
Elapsed time for kappa 30.6109 sec
Elapsed time for experts 11.5214 sec
Elapsed time for households 10.4933 sec
Iteration 192
Elapsed time for kappa 30.6379 sec
Elapsed time for experts 12.2075 sec
Elapsed time for households 10.3006 sec
Iteration 193
Elapsed time for kappa 30.3133 sec
Elapsed time for experts 13.7103 sec
Elapsed time for households 11.4932 sec
Iteration 194
Elapsed time for kappa 30.3852 sec
Elapsed time for experts 12.4170 sec
Elapsed time for households 10.3527 sec
Iteration 195
Elapsed time for kappa 30.2601 sec
Elapsed time for experts 11.6751 sec
Elapsed time for households 16.6942 sec
Iteration 196
Elapsed time for kappa 31.3023 sec
Elapsed time for experts 12.3639 sec
Elapsed time for households 11.5262 sec
Iteration 197
Elapsed time for kappa 30.5680 sec
Elapsed time for experts 12.3788 sec
Elapsed time for households 10.8101 sec
Iteration 198
Elapsed time for kappa 30.6187 sec
Elapsed time for experts 13.0281 sec
Elapsed time for households 10.7207 sec
Iteration 199
Elapsed time for kappa 30.2835 sec
Elapsed time for experts 12.9331 sec
Elapsed time for households 10.3070 sec
Elapsed time for training 11520.6101 sec
