Iteration 0
Elapsed time for kappa 75.0394 sec
Elapsed time for experts 27.6010 sec
Elapsed time for households 19.6733 sec
Iteration 1
Elapsed time for kappa 43.2526 sec
Elapsed time for experts 19.8863 sec
Elapsed time for households 20.3770 sec
Iteration 2
Elapsed time for kappa 38.4117 sec
Elapsed time for experts 21.1139 sec
Elapsed time for households 19.1913 sec
Iteration 3
Elapsed time for kappa 38.6324 sec
Elapsed time for experts 16.5468 sec
Elapsed time for households 19.0719 sec
Iteration 4
Elapsed time for kappa 39.4549 sec
Elapsed time for experts 17.6457 sec
Elapsed time for households 19.3997 sec
Iteration 5
Elapsed time for kappa 39.2420 sec
Elapsed time for experts 16.2927 sec
Elapsed time for households 14.0603 sec
Iteration 6
Elapsed time for kappa 39.6565 sec
Elapsed time for experts 15.5722 sec
Elapsed time for households 14.2041 sec
Iteration 7
Elapsed time for kappa 47.8797 sec
Elapsed time for experts 17.3689 sec
Elapsed time for households 16.0735 sec
Iteration 8
Elapsed time for kappa 39.0056 sec
Elapsed time for experts 16.7962 sec
Elapsed time for households 13.4756 sec
Iteration 9
Elapsed time for kappa 38.1117 sec
Elapsed time for experts 17.0140 sec
Elapsed time for households 13.8609 sec
Iteration 10
Elapsed time for kappa 39.1091 sec
Elapsed time for experts 16.8853 sec
Elapsed time for households 13.5780 sec
Iteration 11
Elapsed time for kappa 39.3056 sec
Elapsed time for experts 16.5573 sec
Elapsed time for households 13.7609 sec
Iteration 12
Elapsed time for kappa 38.3108 sec
Elapsed time for experts 16.5283 sec
Elapsed time for households 22.5539 sec
Iteration 13
Elapsed time for kappa 39.5807 sec
Elapsed time for experts 18.8072 sec
Elapsed time for households 15.1216 sec
Iteration 14
Elapsed time for kappa 38.8694 sec
Elapsed time for experts 18.6885 sec
Elapsed time for households 17.4451 sec
Iteration 15
Elapsed time for kappa 38.4345 sec
Elapsed time for experts 16.6841 sec
Elapsed time for households 13.1991 sec
Iteration 16
Elapsed time for kappa 38.2065 sec
Elapsed time for experts 18.7103 sec
Elapsed time for households 15.2222 sec
Iteration 17
Elapsed time for kappa 38.5417 sec
Elapsed time for experts 16.4080 sec
Elapsed time for households 14.2873 sec
Iteration 18
Elapsed time for kappa 38.9288 sec
Elapsed time for experts 16.2335 sec
Elapsed time for households 25.3522 sec
Iteration 19
Elapsed time for kappa 39.3194 sec
Elapsed time for experts 17.0545 sec
Elapsed time for households 13.5261 sec
Iteration 20
Elapsed time for kappa 38.5519 sec
Elapsed time for experts 17.1631 sec
Elapsed time for households 13.2378 sec
Iteration 21
Elapsed time for kappa 38.6449 sec
Elapsed time for experts 16.4739 sec
Elapsed time for households 13.3779 sec
Iteration 22
Elapsed time for kappa 38.9192 sec
Elapsed time for experts 16.7595 sec
Elapsed time for households 13.5239 sec
Iteration 23
Elapsed time for kappa 38.3155 sec
Elapsed time for experts 17.1437 sec
Elapsed time for households 13.5616 sec
Iteration 24
Elapsed time for kappa 38.5643 sec
Elapsed time for experts 25.0287 sec
Elapsed time for households 14.2540 sec
Iteration 25
Elapsed time for kappa 39.5177 sec
Elapsed time for experts 16.7069 sec
Elapsed time for households 13.6874 sec
Iteration 26
Elapsed time for kappa 39.6070 sec
Elapsed time for experts 16.3665 sec
Elapsed time for households 17.6788 sec
Iteration 27
Elapsed time for kappa 39.1050 sec
Elapsed time for experts 17.7095 sec
Elapsed time for households 14.3164 sec
Iteration 28
Elapsed time for kappa 38.6063 sec
Elapsed time for experts 15.2071 sec
Elapsed time for households 13.3984 sec
Iteration 29
Elapsed time for kappa 38.7281 sec
Elapsed time for experts 16.0155 sec
Elapsed time for households 14.2122 sec
Iteration 30
Elapsed time for kappa 38.2079 sec
Elapsed time for experts 24.7596 sec
Elapsed time for households 14.7568 sec
Iteration 31
Elapsed time for kappa 39.7556 sec
Elapsed time for experts 16.2454 sec
Elapsed time for households 13.5726 sec
Iteration 32
Elapsed time for kappa 38.6442 sec
Elapsed time for experts 16.2223 sec
Elapsed time for households 13.6306 sec
Iteration 33
Elapsed time for kappa 39.0946 sec
Elapsed time for experts 16.0746 sec
Elapsed time for households 14.0164 sec
Iteration 34
Elapsed time for kappa 38.4410 sec
Elapsed time for experts 17.8670 sec
Elapsed time for households 13.5287 sec
Iteration 35
Elapsed time for kappa 38.0634 sec
Elapsed time for experts 15.6917 sec
Elapsed time for households 13.4440 sec
Iteration 36
Elapsed time for kappa 38.2900 sec
Elapsed time for experts 24.6037 sec
Elapsed time for households 14.9271 sec
Iteration 37
Elapsed time for kappa 39.2978 sec
Elapsed time for experts 18.3220 sec
Elapsed time for households 13.6327 sec
Iteration 38
Elapsed time for kappa 38.7290 sec
Elapsed time for experts 17.6027 sec
Elapsed time for households 13.2909 sec
Iteration 39
Elapsed time for kappa 37.9190 sec
Elapsed time for experts 15.3474 sec
Elapsed time for households 13.2542 sec
Iteration 40
Elapsed time for kappa 38.8992 sec
Elapsed time for experts 17.0800 sec
Elapsed time for households 13.5210 sec
Iteration 41
Elapsed time for kappa 39.1324 sec
Elapsed time for experts 15.9680 sec
Elapsed time for households 13.4303 sec
Iteration 42
Elapsed time for kappa 47.8442 sec
Elapsed time for experts 17.4561 sec
Elapsed time for households 13.6940 sec
Iteration 43
Elapsed time for kappa 39.5160 sec
Elapsed time for experts 17.3502 sec
Elapsed time for households 14.0054 sec
Iteration 44
Elapsed time for kappa 39.3762 sec
Elapsed time for experts 16.4654 sec
Elapsed time for households 13.6960 sec
Iteration 45
Elapsed time for kappa 39.1791 sec
Elapsed time for experts 16.1505 sec
Elapsed time for households 13.6257 sec
Iteration 46
Elapsed time for kappa 39.3092 sec
Elapsed time for experts 15.7037 sec
Elapsed time for households 13.6275 sec
Iteration 47
Elapsed time for kappa 38.9317 sec
Elapsed time for experts 15.3951 sec
Elapsed time for households 13.6378 sec
Iteration 48
Elapsed time for kappa 48.6806 sec
Elapsed time for experts 16.6659 sec
Elapsed time for households 14.0888 sec
Iteration 49
Elapsed time for kappa 39.5767 sec
Elapsed time for experts 17.3102 sec
Elapsed time for households 13.9536 sec
Iteration 50
Elapsed time for kappa 39.1773 sec
Elapsed time for experts 16.8525 sec
Elapsed time for households 13.6743 sec
Iteration 51
Elapsed time for kappa 43.1959 sec
Elapsed time for experts 17.1337 sec
Elapsed time for households 14.2485 sec
Iteration 52
Elapsed time for kappa 40.0503 sec
Elapsed time for experts 16.5822 sec
Elapsed time for households 13.9686 sec
Iteration 53
Elapsed time for kappa 39.6444 sec
Elapsed time for experts 16.9284 sec
Elapsed time for households 13.7474 sec
Iteration 54
Elapsed time for kappa 49.2620 sec
Elapsed time for experts 16.4024 sec
Elapsed time for households 13.8645 sec
Iteration 55
Elapsed time for kappa 40.1807 sec
Elapsed time for experts 18.6019 sec
Elapsed time for households 14.3248 sec
Iteration 56
Elapsed time for kappa 39.7084 sec
Elapsed time for experts 17.4470 sec
Elapsed time for households 13.9101 sec
Iteration 57
Elapsed time for kappa 38.8029 sec
Elapsed time for experts 16.2771 sec
Elapsed time for households 13.4832 sec
Iteration 58
Elapsed time for kappa 39.5350 sec
Elapsed time for experts 16.5809 sec
Elapsed time for households 13.5046 sec
Iteration 59
Elapsed time for kappa 39.4841 sec
Elapsed time for experts 15.5026 sec
Elapsed time for households 13.4389 sec
Iteration 60
Elapsed time for kappa 48.8482 sec
Elapsed time for experts 16.4242 sec
Elapsed time for households 14.4857 sec
Iteration 61
Elapsed time for kappa 38.8697 sec
Elapsed time for experts 16.4856 sec
Elapsed time for households 13.6196 sec
Iteration 62
Elapsed time for kappa 38.6758 sec
Elapsed time for experts 17.2020 sec
Elapsed time for households 13.3487 sec
Iteration 63
Elapsed time for kappa 38.8107 sec
Elapsed time for experts 16.0965 sec
Elapsed time for households 13.5674 sec
Iteration 64
Elapsed time for kappa 38.2626 sec
Elapsed time for experts 15.9261 sec
Elapsed time for households 15.0715 sec
Iteration 65
Elapsed time for kappa 39.0776 sec
Elapsed time for experts 17.2481 sec
Elapsed time for households 14.5527 sec
Iteration 66
Elapsed time for kappa 48.0406 sec
Elapsed time for experts 18.1806 sec
Elapsed time for households 13.6353 sec
Iteration 67
Elapsed time for kappa 38.6520 sec
Elapsed time for experts 16.2372 sec
Elapsed time for households 13.8560 sec
Iteration 68
Elapsed time for kappa 39.7058 sec
Elapsed time for experts 16.5776 sec
Elapsed time for households 13.6327 sec
Iteration 69
Elapsed time for kappa 39.0615 sec
Elapsed time for experts 17.8533 sec
Elapsed time for households 13.3891 sec
Iteration 70
Elapsed time for kappa 38.9875 sec
Elapsed time for experts 16.1304 sec
Elapsed time for households 13.7302 sec
Iteration 71
Elapsed time for kappa 39.0649 sec
Elapsed time for experts 16.5157 sec
Elapsed time for households 21.6423 sec
Iteration 72
Elapsed time for kappa 40.7151 sec
Elapsed time for experts 15.9089 sec
Elapsed time for households 14.7101 sec
Iteration 73
Elapsed time for kappa 39.3411 sec
Elapsed time for experts 17.3692 sec
Elapsed time for households 13.7231 sec
Iteration 74
Elapsed time for kappa 39.0365 sec
Elapsed time for experts 15.4970 sec
Elapsed time for households 14.3742 sec
Iteration 75
Elapsed time for kappa 39.1496 sec
Elapsed time for experts 16.3928 sec
Elapsed time for households 14.2796 sec
Iteration 76
Elapsed time for kappa 38.7892 sec
Elapsed time for experts 15.3584 sec
Elapsed time for households 13.5905 sec
Iteration 77
Elapsed time for kappa 39.7571 sec
Elapsed time for experts 28.7886 sec
Elapsed time for households 15.1396 sec
Iteration 78
Elapsed time for kappa 39.7466 sec
Elapsed time for experts 17.0139 sec
Elapsed time for households 14.2851 sec
Iteration 79
Elapsed time for kappa 39.5111 sec
Elapsed time for experts 17.5305 sec
Elapsed time for households 13.5492 sec
Iteration 80
Elapsed time for kappa 38.8021 sec
Elapsed time for experts 16.5886 sec
Elapsed time for households 13.3739 sec
Iteration 81
Elapsed time for kappa 38.9510 sec
Elapsed time for experts 15.4043 sec
Elapsed time for households 13.4519 sec
Iteration 82
Elapsed time for kappa 38.6186 sec
Elapsed time for experts 17.8409 sec
Elapsed time for households 13.7741 sec
Iteration 83
Elapsed time for kappa 38.7388 sec
Elapsed time for experts 24.0920 sec
Elapsed time for households 14.8018 sec
Iteration 84
Elapsed time for kappa 39.8952 sec
Elapsed time for experts 15.8049 sec
Elapsed time for households 13.7347 sec
Iteration 85
Elapsed time for kappa 39.3473 sec
Elapsed time for experts 16.2552 sec
Elapsed time for households 13.8726 sec
Iteration 86
Elapsed time for kappa 39.6634 sec
Elapsed time for experts 16.3899 sec
Elapsed time for households 13.5646 sec
Iteration 87
Elapsed time for kappa 39.0086 sec
Elapsed time for experts 15.9462 sec
Elapsed time for households 14.8087 sec
Iteration 88
Elapsed time for kappa 39.8535 sec
Elapsed time for experts 16.2942 sec
Elapsed time for households 14.6850 sec
Iteration 89
Elapsed time for kappa 39.6364 sec
Elapsed time for experts 24.3825 sec
Elapsed time for households 14.3383 sec
Iteration 90
Elapsed time for kappa 39.9758 sec
Elapsed time for experts 17.8858 sec
Elapsed time for households 14.6385 sec
Iteration 91
Elapsed time for kappa 39.6417 sec
Elapsed time for experts 15.3779 sec
Elapsed time for households 13.5535 sec
Iteration 92
Elapsed time for kappa 39.0837 sec
Elapsed time for experts 19.1713 sec
Elapsed time for households 13.8137 sec
Iteration 93
Elapsed time for kappa 39.3191 sec
Elapsed time for experts 16.6648 sec
Elapsed time for households 13.9373 sec
Iteration 94
Elapsed time for kappa 38.9476 sec
Elapsed time for experts 15.4360 sec
Elapsed time for households 13.5832 sec
Iteration 95
Elapsed time for kappa 49.9827 sec
Elapsed time for experts 17.4416 sec
Elapsed time for households 14.2193 sec
Iteration 96
Elapsed time for kappa 40.0000 sec
Elapsed time for experts 16.1632 sec
Elapsed time for households 13.9189 sec
Iteration 97
Elapsed time for kappa 40.3047 sec
Elapsed time for experts 17.0421 sec
Elapsed time for households 13.7373 sec
Iteration 98
Elapsed time for kappa 39.8232 sec
Elapsed time for experts 16.1697 sec
Elapsed time for households 13.7939 sec
Iteration 99
Elapsed time for kappa 39.4858 sec
Elapsed time for experts 17.3774 sec
Elapsed time for households 13.6490 sec
Iteration 100
Elapsed time for kappa 39.3726 sec
Elapsed time for experts 17.0262 sec
Elapsed time for households 13.5475 sec
Iteration 101
Elapsed time for kappa 48.9299 sec
Elapsed time for experts 18.0714 sec
Elapsed time for households 14.5823 sec
Iteration 102
Elapsed time for kappa 40.1626 sec
Elapsed time for experts 16.5451 sec
Elapsed time for households 13.7297 sec
Iteration 103
Elapsed time for kappa 39.1524 sec
Elapsed time for experts 16.1916 sec
Elapsed time for households 16.5054 sec
Iteration 104
Elapsed time for kappa 39.3862 sec
Elapsed time for experts 16.2845 sec
Elapsed time for households 13.8182 sec
Iteration 105
Elapsed time for kappa 39.1433 sec
Elapsed time for experts 16.5177 sec
Elapsed time for households 14.8704 sec
Iteration 106
Elapsed time for kappa 39.6019 sec
Elapsed time for experts 15.5723 sec
Elapsed time for households 13.1535 sec
Iteration 107
Elapsed time for kappa 48.0474 sec
Elapsed time for experts 17.4184 sec
Elapsed time for households 13.8095 sec
Iteration 108
Elapsed time for kappa 38.8677 sec
Elapsed time for experts 16.9460 sec
Elapsed time for households 14.2372 sec
Iteration 109
Elapsed time for kappa 38.7111 sec
Elapsed time for experts 17.4134 sec
Elapsed time for households 13.4327 sec
Iteration 110
Elapsed time for kappa 39.1309 sec
Elapsed time for experts 15.1849 sec
Elapsed time for households 13.5038 sec
Iteration 111
Elapsed time for kappa 38.8909 sec
Elapsed time for experts 16.6669 sec
Elapsed time for households 13.4204 sec
Iteration 112
Elapsed time for kappa 38.7717 sec
Elapsed time for experts 17.4275 sec
Elapsed time for households 13.8024 sec
Iteration 113
Elapsed time for kappa 48.5388 sec
Elapsed time for experts 17.2569 sec
Elapsed time for households 13.7621 sec
Iteration 114
Elapsed time for kappa 38.9618 sec
Elapsed time for experts 15.5594 sec
Elapsed time for households 13.9773 sec
Iteration 115
Elapsed time for kappa 38.1373 sec
Elapsed time for experts 15.8710 sec
Elapsed time for households 13.5437 sec
Iteration 116
Elapsed time for kappa 38.2217 sec
Elapsed time for experts 15.7243 sec
Elapsed time for households 13.4170 sec
Iteration 117
Elapsed time for kappa 38.3753 sec
Elapsed time for experts 15.2490 sec
Elapsed time for households 13.7437 sec
Iteration 118
Elapsed time for kappa 38.2739 sec
Elapsed time for experts 15.2165 sec
Elapsed time for households 13.2994 sec
Iteration 119
Elapsed time for kappa 46.9721 sec
Elapsed time for experts 16.5140 sec
Elapsed time for households 13.8770 sec
Iteration 120
Elapsed time for kappa 38.7519 sec
Elapsed time for experts 16.2517 sec
Elapsed time for households 13.8392 sec
Iteration 121
Elapsed time for kappa 38.4844 sec
Elapsed time for experts 16.2334 sec
Elapsed time for households 13.4376 sec
Iteration 122
Elapsed time for kappa 38.7254 sec
Elapsed time for experts 15.9300 sec
Elapsed time for households 13.6306 sec
Iteration 123
Elapsed time for kappa 38.6672 sec
Elapsed time for experts 16.0601 sec
Elapsed time for households 13.4014 sec
Iteration 124
Elapsed time for kappa 38.2834 sec
Elapsed time for experts 23.4747 sec
Elapsed time for households 14.3010 sec
Iteration 125
Elapsed time for kappa 39.3842 sec
Elapsed time for experts 16.2977 sec
Elapsed time for households 13.8005 sec
Iteration 126
Elapsed time for kappa 39.2399 sec
Elapsed time for experts 16.3420 sec
Elapsed time for households 13.4399 sec
Iteration 127
Elapsed time for kappa 39.1193 sec
Elapsed time for experts 15.3929 sec
Elapsed time for households 13.6361 sec
Iteration 128
Elapsed time for kappa 38.8334 sec
Elapsed time for experts 16.3718 sec
Elapsed time for households 13.7200 sec
Iteration 129
Elapsed time for kappa 38.4472 sec
Elapsed time for experts 16.6454 sec
Elapsed time for households 13.3236 sec
Iteration 130
Elapsed time for kappa 38.5993 sec
Elapsed time for experts 25.3302 sec
Elapsed time for households 14.2706 sec
Iteration 131
Elapsed time for kappa 39.8285 sec
Elapsed time for experts 17.4950 sec
Elapsed time for households 14.2116 sec
Iteration 132
Elapsed time for kappa 38.9454 sec
Elapsed time for experts 16.3728 sec
Elapsed time for households 13.9139 sec
Iteration 133
Elapsed time for kappa 38.6792 sec
Elapsed time for experts 15.3932 sec
Elapsed time for households 13.5757 sec
Iteration 134
Elapsed time for kappa 39.2314 sec
Elapsed time for experts 16.7012 sec
Elapsed time for households 13.5346 sec
Iteration 135
Elapsed time for kappa 38.9782 sec
Elapsed time for experts 15.8493 sec
Elapsed time for households 13.4642 sec
Iteration 136
Elapsed time for kappa 38.7411 sec
Elapsed time for experts 25.6799 sec
Elapsed time for households 14.2473 sec
Iteration 137
Elapsed time for kappa 39.8745 sec
Elapsed time for experts 16.5720 sec
Elapsed time for households 13.3705 sec
Iteration 138
Elapsed time for kappa 39.6125 sec
Elapsed time for experts 16.7249 sec
Elapsed time for households 13.9511 sec
Iteration 139
Elapsed time for kappa 39.3281 sec
Elapsed time for experts 15.4001 sec
Elapsed time for households 13.9818 sec
Iteration 140
Elapsed time for kappa 39.1492 sec
Elapsed time for experts 15.2531 sec
Elapsed time for households 13.3191 sec
Iteration 141
Elapsed time for kappa 38.7060 sec
Elapsed time for experts 16.5613 sec
Elapsed time for households 12.9303 sec
Iteration 142
Elapsed time for kappa 37.7753 sec
Elapsed time for experts 23.8333 sec
Elapsed time for households 14.5373 sec
Iteration 143
Elapsed time for kappa 39.5280 sec
Elapsed time for experts 16.4098 sec
Elapsed time for households 13.6949 sec
Iteration 144
Elapsed time for kappa 43.0697 sec
Elapsed time for experts 16.8417 sec
Elapsed time for households 17.2934 sec
Iteration 145
Elapsed time for kappa 38.9756 sec
Elapsed time for experts 15.2822 sec
Elapsed time for households 14.6536 sec
Iteration 146
Elapsed time for kappa 38.5562 sec
Elapsed time for experts 17.0094 sec
Elapsed time for households 13.2330 sec
Iteration 147
Elapsed time for kappa 38.3555 sec
Elapsed time for experts 14.8437 sec
Elapsed time for households 14.2363 sec
Iteration 148
Elapsed time for kappa 47.9985 sec
Elapsed time for experts 16.3156 sec
Elapsed time for households 13.6272 sec
Iteration 149
Elapsed time for kappa 38.4925 sec
Elapsed time for experts 15.2767 sec
Elapsed time for households 13.5052 sec
Iteration 150
Elapsed time for kappa 38.4939 sec
Elapsed time for experts 16.4641 sec
Elapsed time for households 13.4464 sec
Iteration 151
Elapsed time for kappa 38.1532 sec
Elapsed time for experts 16.4700 sec
Elapsed time for households 13.1875 sec
Iteration 152
Elapsed time for kappa 38.1477 sec
Elapsed time for experts 15.0154 sec
Elapsed time for households 13.3463 sec
Iteration 153
Elapsed time for kappa 39.3202 sec
Elapsed time for experts 15.3161 sec
Elapsed time for households 13.6332 sec
Iteration 154
Elapsed time for kappa 48.0655 sec
Elapsed time for experts 16.9897 sec
Elapsed time for households 15.1789 sec
Iteration 155
Elapsed time for kappa 38.6211 sec
Elapsed time for experts 15.2658 sec
Elapsed time for households 13.5103 sec
Iteration 156
Elapsed time for kappa 39.2184 sec
Elapsed time for experts 15.4633 sec
Elapsed time for households 13.4411 sec
Iteration 157
Elapsed time for kappa 39.1179 sec
Elapsed time for experts 15.4922 sec
Elapsed time for households 13.3604 sec
Iteration 158
Elapsed time for kappa 38.8395 sec
Elapsed time for experts 15.7266 sec
Elapsed time for households 13.2199 sec
Iteration 159
Elapsed time for kappa 37.9557 sec
Elapsed time for experts 15.4126 sec
Elapsed time for households 13.4013 sec
Iteration 160
Elapsed time for kappa 47.9220 sec
Elapsed time for experts 16.1088 sec
Elapsed time for households 13.6214 sec
Iteration 161
Elapsed time for kappa 38.6613 sec
Elapsed time for experts 15.7525 sec
Elapsed time for households 13.4009 sec
Iteration 162
Elapsed time for kappa 38.7315 sec
Elapsed time for experts 15.3248 sec
Elapsed time for households 13.3736 sec
Iteration 163
Elapsed time for kappa 38.7925 sec
Elapsed time for experts 15.3615 sec
Elapsed time for households 13.3856 sec
Iteration 164
Elapsed time for kappa 38.6536 sec
Elapsed time for experts 15.2420 sec
Elapsed time for households 13.3114 sec
Iteration 165
Elapsed time for kappa 38.2342 sec
Elapsed time for experts 17.9789 sec
Elapsed time for households 13.2084 sec
Iteration 166
Elapsed time for kappa 48.9988 sec
Elapsed time for experts 16.1502 sec
Elapsed time for households 14.1009 sec
Iteration 167
Elapsed time for kappa 39.5302 sec
Elapsed time for experts 15.2360 sec
Elapsed time for households 14.6253 sec
Iteration 168
Elapsed time for kappa 39.2250 sec
Elapsed time for experts 16.8138 sec
Elapsed time for households 13.4484 sec
Iteration 169
Elapsed time for kappa 38.2070 sec
Elapsed time for experts 15.2373 sec
Elapsed time for households 13.3064 sec
Iteration 170
Elapsed time for kappa 38.2684 sec
Elapsed time for experts 15.0302 sec
Elapsed time for households 13.3159 sec
Iteration 171
Elapsed time for kappa 38.0626 sec
Elapsed time for experts 15.1932 sec
Elapsed time for households 22.0196 sec
Iteration 172
Elapsed time for kappa 39.9195 sec
Elapsed time for experts 15.7129 sec
Elapsed time for households 14.5018 sec
Iteration 173
Elapsed time for kappa 38.8382 sec
Elapsed time for experts 15.3722 sec
Elapsed time for households 13.4981 sec
Iteration 174
Elapsed time for kappa 38.7333 sec
Elapsed time for experts 15.3698 sec
Elapsed time for households 13.2201 sec
Iteration 175
Elapsed time for kappa 38.4140 sec
Elapsed time for experts 15.8146 sec
Elapsed time for households 13.2596 sec
Iteration 176
Elapsed time for kappa 38.2838 sec
Elapsed time for experts 15.8235 sec
Elapsed time for households 13.4827 sec
Iteration 177
Elapsed time for kappa 38.6528 sec
Elapsed time for experts 15.7449 sec
Elapsed time for households 22.8836 sec
Iteration 178
Elapsed time for kappa 39.9118 sec
Elapsed time for experts 17.8058 sec
Elapsed time for households 14.2933 sec
Iteration 179
Elapsed time for kappa 39.5891 sec
Elapsed time for experts 17.6085 sec
Elapsed time for households 14.7758 sec
Iteration 180
Elapsed time for kappa 39.4584 sec
Elapsed time for experts 15.8180 sec
Elapsed time for households 13.4547 sec
Iteration 181
Elapsed time for kappa 38.5458 sec
Elapsed time for experts 16.6511 sec
Elapsed time for households 14.0706 sec
Iteration 182
Elapsed time for kappa 38.5053 sec
Elapsed time for experts 15.9135 sec
Elapsed time for households 13.4757 sec
Iteration 183
Elapsed time for kappa 38.3282 sec
Elapsed time for experts 15.2948 sec
Elapsed time for households 22.2562 sec
Iteration 184
Elapsed time for kappa 39.9847 sec
Elapsed time for experts 15.9239 sec
Elapsed time for households 14.4159 sec
Iteration 185
Elapsed time for kappa 39.3544 sec
Elapsed time for experts 17.0251 sec
Elapsed time for households 13.7405 sec
Iteration 186
Elapsed time for kappa 38.9167 sec
Elapsed time for experts 16.4029 sec
Elapsed time for households 13.4631 sec
Iteration 187
Elapsed time for kappa 38.6940 sec
Elapsed time for experts 16.8688 sec
Elapsed time for households 14.1286 sec
Iteration 188
Elapsed time for kappa 38.2840 sec
Elapsed time for experts 15.6409 sec
Elapsed time for households 13.2663 sec
Iteration 189
Elapsed time for kappa 38.9196 sec
Elapsed time for experts 25.8997 sec
Elapsed time for households 15.8551 sec
Iteration 190
Elapsed time for kappa 39.9996 sec
Elapsed time for experts 16.7925 sec
Elapsed time for households 14.3879 sec
Iteration 191
Elapsed time for kappa 39.1790 sec
Elapsed time for experts 15.4625 sec
Elapsed time for households 13.7481 sec
Iteration 192
Elapsed time for kappa 38.5503 sec
Elapsed time for experts 15.3375 sec
Elapsed time for households 13.4673 sec
Iteration 193
Elapsed time for kappa 38.7611 sec
Elapsed time for experts 15.1047 sec
Elapsed time for households 13.7484 sec
Iteration 194
Elapsed time for kappa 38.4244 sec
Elapsed time for experts 15.7552 sec
Elapsed time for households 13.2179 sec
Iteration 195
Elapsed time for kappa 38.4769 sec
Elapsed time for experts 24.1545 sec
Elapsed time for households 14.7721 sec
Iteration 196
Elapsed time for kappa 39.0112 sec
Elapsed time for experts 16.2926 sec
Elapsed time for households 13.4918 sec
Iteration 197
Elapsed time for kappa 38.6362 sec
Elapsed time for experts 15.6142 sec
Elapsed time for households 13.7887 sec
Iteration 198
Elapsed time for kappa 38.4549 sec
Elapsed time for experts 16.5591 sec
Elapsed time for households 13.7375 sec
Iteration 199
Elapsed time for kappa 38.5301 sec
Elapsed time for experts 17.0845 sec
Elapsed time for households 13.1325 sec
Elapsed time for training 14264.6373 sec
90000 90000 90000 90000
