2022-09-30 08:43:52.767323: W tensorflow/stream_executor/platform/default/dso_loader.cc:64] Could not load dynamic library 'libcudart.so.11.0'; dlerror: libcudart.so.11.0: cannot open shared object file: No such file or directory; LD_LIBRARY_PATH: /apps/python/3.8/3.8.5/lib
2022-09-30 08:43:52.767373: I tensorflow/stream_executor/cuda/cudart_stub.cc:29] Ignore above cudart dlerror if you do not have a GPU set up on your machine.
2022-09-30 08:44:17.006526: W tensorflow/stream_executor/platform/default/dso_loader.cc:64] Could not load dynamic library 'libcuda.so.1'; dlerror: libcuda.so.1: cannot open shared object file: No such file or directory; LD_LIBRARY_PATH: /apps/python/3.8/3.8.5/lib
2022-09-30 08:44:17.006588: W tensorflow/stream_executor/cuda/cuda_driver.cc:269] failed call to cuInit: UNKNOWN ERROR (303)
2022-09-30 08:44:17.006630: I tensorflow/stream_executor/cuda/cuda_diagnostics.cc:156] kernel driver does not appear to be running on this host (mcn02): /proc/driver/nvidia/version does not exist
2022-09-30 08:44:17.007791: I tensorflow/core/platform/cpu_feature_guard.cc:151] This TensorFlow binary is optimized with oneAPI Deep Neural Network Library (oneDNN) to use the following CPU instructions in performance-critical operations:  AVX2 AVX512F FMA
To enable them in other operations, rebuild TensorFlow with the appropriate compiler flags.
Iter: 1 loss: 0.18356668949127197
Iter: 2 loss: 0.0032111359760165215
Iter: 3 loss: 0.0030646929517388344
Iter: 4 loss: 0.0023141214624047279
Iter: 5 loss: 0.0021862848661839962
Iter: 6 loss: 0.0021162889897823334
Iter: 7 loss: 0.0020318485330790281
Iter: 8 loss: 0.0015627465909346938
Iter: 9 loss: 0.85060358047485352
Iter: 10 loss: 0.0015570541145280004
Iter: 11 loss: 0.0015199187910184264
Iter: 12 loss: 0.0014511821791529655
Iter: 13 loss: 0.0013807637151330709
Iter: 14 loss: 0.001096143969334662
Iter: 15 loss: 0.00098264589905738831
Iter: 16 loss: 0.00082427094457671046
Iter: 17 loss: 0.0016512282891198993
Iter: 18 loss: 0.00077650032471865416
Iter: 19 loss: 0.00073347007855772972
Iter: 20 loss: 0.00062299339333549142
Iter: 21 loss: 0.017000105232000351
Iter: 22 loss: 0.000474151544040069
Iter: 23 loss: 0.00050244084559381008
Iter: 24 loss: 0.00038512307219207287
Iter: 25 loss: 0.0003740903630387038
Iter: 26 loss: 0.00034588685957714915
Iter: 27 loss: 0.00034753387444652617
Iter: 28 loss: 0.00031666539143770933
Iter: 29 loss: 0.0003150152915623039
Iter: 30 loss: 0.00031272449996322393
Iter: 31 loss: 0.00029584165895357728
Iter: 32 loss: 0.0002751522115431726
Iter: 33 loss: 0.00024725569528527558
Iter: 34 loss: 0.00018912545056082308
Iter: 35 loss: 0.00028525548987090588
Iter: 36 loss: 0.00018207667744718492
Iter: 37 loss: 0.00018440837447997183
Iter: 38 loss: 0.00018057059787679464
Iter: 39 loss: 0.000179807044332847
2425.5910079220093
Iter: 1 loss: 25.403141021728516
2546.711870408451
Iter: 2 loss: 23.756618499755859
1982.5557183045751
Iter: 3 loss: 20.456840515136719
-4141.8573597753011
Iter: 4 loss: 13.963838577270508
-2725.5712789337958
Iter: 5 loss: 10.820066452026367
2520.7007856360678
Iter: 6 loss: 18.411003112792969
-872.70752443982019
Iter: 7 loss: 9.861088752746582
-1057.069020528912
Iter: 8 loss: 7.7861762046813965
-709.42482087630412
Iter: 9 loss: 4.560908317565918
3093.4960556854203
Iter: 10 loss: 13.083904266357422
288.61931634133452
Iter: 11 loss: 3.8840022087097168
139.64273254004007
Iter: 12 loss: 3.8131120204925537
-491.9151268218252
Iter: 13 loss: 3.6374220848083496
-397.33104589520843
Iter: 14 loss: 3.4766802787780762
106.26765422233889
Iter: 15 loss: 3.2897331714630127
-399.59494266489037
Iter: 16 loss: 3.1215009689331055
-402.87845165009287
Iter: 17 loss: 2.9828143119812012
1619.9772598268637
Iter: 18 loss: 6.4501314163208008
-70.635429408528566
Iter: 19 loss: 2.5880124568939209
377.2741238164682
Iter: 20 loss: 2.2295305728912354
-117.20765476313706
Iter: 21 loss: 1.7298862934112549
160.80433892967696
Iter: 22 loss: 1.4588003158569336
682.17248212144011
Iter: 23 loss: 1.3761749267578125
233.70047865829997
Iter: 24 loss: 1.6494191884994507
556.01437824516768
Iter: 25 loss: 1.0375545024871826
-117.51965706291689
Iter: 26 loss: 3.0382437705993652
480.6383780597323
Iter: 27 loss: 0.99535912275314331
228.83353497912535
Iter: 28 loss: 0.90528911352157593
277.38533706536975
Iter: 29 loss: 0.85161614418029785
480.32950310906364
Iter: 30 loss: 0.6762315034866333
462.28167852815415
Iter: 31 loss: 0.935843825340271
582.97183942864626
Iter: 32 loss: 0.46901929378509521
1308.7007126687104
Iter: 33 loss: 2.0059814453125
666.96881605278259
Iter: 34 loss: 0.42752918601036072
638.90869646991609
Iter: 35 loss: 0.43361383676528931
667.678329741161
Iter: 36 loss: 0.40100380778312683
727.20072242922936
Iter: 37 loss: 0.38981074094772339
760.78030227249656
Iter: 38 loss: 0.36798256635665894
1027.7690751440555
Iter: 39 loss: 0.2807852029800415
803.67673996835379
Iter: 40 loss: 0.96402370929718018
1003.6431923414161
Iter: 41 loss: 0.24141022562980652
902.03747115339524
Iter: 42 loss: 0.21153354644775391
876.09264729750248
Iter: 43 loss: 0.16494724154472351
894.59995955810336
Iter: 44 loss: 0.14138412475585938
657.47390687195093
Iter: 45 loss: 0.16503059864044189
802.33314969250819
Iter: 46 loss: 0.12480686604976654
822.36833858083344
Iter: 47 loss: 0.1226741150021553
813.609770307461
Iter: 48 loss: 0.12223060429096222
808.639162055229
Iter: 49 loss: 0.12179097533226013
781.14256390241462
Iter: 50 loss: 0.11672794818878174
539.48568733832167
Iter: 51 loss: 0.0887468010187149
433.76450109348309
Iter: 52 loss: 0.079334840178489685
396.68648039390837
Iter: 53 loss: 0.07148134708404541
340.49240785367567
Iter: 54 loss: 0.087680429220199585
381.70734740775754
Iter: 55 loss: 0.066621355712413788
428.03607497545545
Iter: 56 loss: 0.065358154475688934
408.52375166812283
Iter: 57 loss: 0.06502300500869751
400.64159709488433
Iter: 58 loss: 0.064859136939048767
394.03564652710452
Iter: 59 loss: 0.06467825174331665
387.62558667998377
Iter: 60 loss: 0.064395785331726074
374.69355787393135
Iter: 61 loss: 0.063564814627170563
352.46400221105455
Iter: 62 loss: 0.061679866164922714
320.99491675964396
Iter: 63 loss: 0.058429982513189316
283.59699630395085
Iter: 64 loss: 0.054633669555187225
370.47489229640286
Iter: 65 loss: 0.059173282235860825
309.04204398171339
Iter: 66 loss: 0.052393998950719833
-1959.6963114263358
Iter: 1 loss: 0.42529124021530151
34.8114332262452
Iter: 2 loss: 0.353466272354126
-809.76339681275067
Iter: 3 loss: 0.19592048227787018
-826.256136164764
Iter: 4 loss: 0.18750947713851929
-684.27349662410347
Iter: 5 loss: 0.12909787893295288
1254.6417033381654
Iter: 6 loss: 0.39105623960494995
-450.9935924618959
Iter: 7 loss: 0.11624292284250259
-220.91849059749751
Iter: 8 loss: 0.11179967224597931
-293.81932950445696
Iter: 9 loss: 0.10774513334035873
-255.11537683560351
Iter: 10 loss: 0.1048579141497612
-124.72388497549559
Iter: 11 loss: 0.10074372589588165
-171.79873183275089
Iter: 12 loss: 0.098837867379188538
-78.840600613913068
Iter: 13 loss: 0.092373192310333252
-26.181251891072378
Iter: 14 loss: 0.078164897859096527
-271.13186664806165
Iter: 15 loss: 0.053000345826148987
-514.49372065990747
Iter: 16 loss: 0.059589918702840805
-367.55644593615114
Iter: 17 loss: 0.047844558954238892
-263.30620883492747
Iter: 18 loss: 0.044775914400815964
-218.07965690431922
Iter: 19 loss: 0.041394218802452087
6.2463247519851235
Iter: 20 loss: 0.032963454723358154
-134.66976758793055
Iter: 21 loss: 0.030380891636013985
-65.961146786563361
Iter: 22 loss: 0.027802580967545509
-49.150474579099729
Iter: 23 loss: 0.027525737881660461
-38.580070505827074
Iter: 24 loss: 0.026668842881917953
-13.828936202209677
Iter: 25 loss: 0.023550987243652344
-64.601058685434523
Iter: 26 loss: 0.022295808419585228
-67.482862810161151
Iter: 27 loss: 0.021805822849273682
-57.345797395887779
Iter: 28 loss: 0.02106030099093914
-42.480467589187469
Iter: 29 loss: 0.020047292113304138
-55.241750868084772
Iter: 30 loss: 0.019330220296978951
-55.225813225929116
Iter: 31 loss: 0.018699493259191513
-38.990454053523067
Iter: 32 loss: 0.018154703080654144
-32.283204228470673
Iter: 33 loss: 0.0176515094935894
-28.117122041667521
Iter: 34 loss: 0.016399091109633446
-85.878327319189722
Iter: 35 loss: 0.016152288764715195
-43.252077582853218
Iter: 36 loss: 0.015461011789739132
-76.48460273358954
Iter: 37 loss: 0.014150216244161129
-65.345481735672166
Iter: 38 loss: 0.013197277672588825
-40.11762566620385
Iter: 39 loss: 0.012639014050364494
-48.605927429418358
Iter: 40 loss: 0.012265522964298725
-43.7074625566096
Iter: 41 loss: 0.011768795549869537
-26.403593761254356
Iter: 42 loss: 0.010177555494010448
-13.928057469126927
Iter: 43 loss: 0.0093895010650157928
-7.2298947101868158
Iter: 44 loss: 0.0090448828414082527
-1.9715579371694698
Iter: 45 loss: 0.0087349414825439453
-2.078080556482111
Iter: 46 loss: 0.0086739351972937584
-8.3238880990712243
Iter: 47 loss: 0.0082143433392047882
-2.8114339583571351
Iter: 48 loss: 0.0063500106334686279
-28.236602786975435
Iter: 49 loss: 0.0066445348784327507
-12.047290716139905
Iter: 50 loss: 0.0061455117538571358
6.6964221527959849
Iter: 51 loss: 0.0057839076034724712
12.00146479684652
Iter: 52 loss: 0.005552136804908514
23.133372739106662
Iter: 53 loss: 0.0054851332679390907
27.838031788032396
Iter: 54 loss: 0.0054238950833678246
27.631725366688748
Iter: 55 loss: 0.0052390941418707371
4.2261474578809981
Iter: 56 loss: 0.0048870248720049858
Iter: 1 loss: 0.00022771266230847687
Iter: 2 loss: 0.69837164878845215
Iter: 3 loss: 0.00022160090156830847
Iter: 4 loss: 0.00021483867021743208
Iter: 5 loss: 0.00021397898672148585
Iter: 6 loss: 0.00021070711954962462
Iter: 7 loss: 0.00020015527843497694
Iter: 8 loss: 0.00018197223835159093
Iter: 9 loss: 0.00018045560864266008
Iter: 10 loss: 0.00017569273768458515
Iter: 11 loss: 0.00015827527386136353
Iter: 12 loss: 0.00012853489897679538
Iter: 13 loss: 0.00011656845163088292
Iter: 14 loss: 0.00011090200860053301
Iter: 15 loss: 0.00010954907338600606
Iter: 16 loss: 0.00010926158574875444
235.91826324982418
Iter: 1 loss: 0.0456511452794075
-64767.868410690928
Iter: 2 loss: 467749.6875
235.89964963091026
Iter: 3 loss: 0.045647531747817993
222.42675166824628
Iter: 4 loss: 0.044367168098688126
223.03445457746051
Iter: 5 loss: 0.044325783848762512
225.46355970004728
Iter: 6 loss: 0.044177383184432983
241.55793769542487
Iter: 7 loss: 0.043151885271072388
254.32710031423846
Iter: 8 loss: 0.042412709444761276
267.61067335950827
Iter: 9 loss: 0.041271496564149857
316.93425338071506
Iter: 10 loss: 0.037715494632720947
351.12221364272534
Iter: 11 loss: 0.035449061542749405
386.91889817888989
Iter: 12 loss: 0.033378008753061295
395.39933043488918
Iter: 13 loss: 0.032644197344779968
396.6498482446288
Iter: 14 loss: 0.0321323536336422
395.10957782595403
Iter: 15 loss: 0.0317942276597023
393.330724315221
Iter: 16 loss: 0.031107569113373756
395.88817950951687
Iter: 17 loss: 0.030492138117551804
401.52467010410453
Iter: 18 loss: 0.030203349888324738
404.37811322254231
Iter: 19 loss: 0.030159767717123032
404.81366291187965
Iter: 20 loss: 0.030155690386891365
404.77729755849344
Iter: 21 loss: 0.03015412949025631
404.57909330363304
Iter: 22 loss: 0.030147446319460869
404.09593949942143
Iter: 23 loss: 0.030127173289656639
403.11786761593447
Iter: 24 loss: 0.030075808987021446
401.05588302743053
Iter: 25 loss: 0.02994605153799057
396.88989778923388
Iter: 26 loss: 0.029645428061485291
389.64028505682609
Iter: 27 loss: 0.029058972373604774
380.56514968398449
Iter: 28 loss: 0.028231851756572723
372.03379682892052
Iter: 29 loss: 0.027461972087621689
366.22326887862062
Iter: 30 loss: 0.027076326310634613
363.99518943255509
Iter: 31 loss: 0.026944570243358612
358.98444653146259
Iter: 32 loss: 0.026389094069600105
335.96281608726542
Iter: 33 loss: 0.023623010143637657
312.02743387768749
Iter: 34 loss: 0.021327551454305649
260.79328099336237
Iter: 35 loss: 0.018452905118465424
253.45886434350015
Iter: 36 loss: 0.019372023642063141
255.36246814161763
Iter: 37 loss: 0.017858847975730896
247.05787953158733
Iter: 38 loss: 0.017481449991464615
240.29278452354728
Iter: 39 loss: 0.01735725998878479
223.37961811520694
Iter: 40 loss: 0.0170942023396492
208.2518298938266
Iter: 41 loss: 0.016817376017570496
191.76035372894546
Iter: 42 loss: 0.016534535214304924
179.14897576091619
Iter: 43 loss: 0.016327189281582832
165.50852038138805
Iter: 44 loss: 0.016193060204386711
147.26699261280484
Iter: 45 loss: 0.01640714518725872
157.73744796649748
Iter: 46 loss: 0.016127556562423706
143.36876896750886
Iter: 47 loss: 0.015966529026627541
117.59560984373624
Iter: 48 loss: 0.015615117736160755
91.343062561876479
Iter: 49 loss: 0.015243232250213623
58.673385237229
Iter: 50 loss: 0.014619356952607632
64.9883371169914
Iter: 51 loss: 0.01393845584243536
101.77722316804945
Iter: 52 loss: 0.015505515038967133
72.781651915639969
Iter: 53 loss: 0.01339784637093544
77.704796691333769
Iter: 54 loss: 0.012951577082276344
56.00423280027379
Iter: 55 loss: 0.012567104771733284
86.376735799086447
Iter: 56 loss: 0.012163539417088032
83.538864354131192
Iter: 57 loss: 0.012078283354640007
19.918484736396039
Iter: 1 loss: 0.0062080500647425652
271171.11298996035
Iter: 2 loss: 4196997
877233.683283001
Iter: 3 loss: 127413936
19.918484736342243
Iter: 4 loss: 0.0062080500647425652
19.918484736384993
Iter: 5 loss: 0.0062080500647425652
19.918484736393925
Iter: 6 loss: 0.0062080500647425652
19.918484736387693
Iter: 7 loss: 0.0062080500647425652
19.918484736392514
Iter: 8 loss: 0.0062080500647425652
19.918484736389232
Iter: 9 loss: 0.0062080500647425652
19.91848473639153
Iter: 10 loss: 0.0062080500647425652
19.918484736392507
Iter: 11 loss: 0.0062080500647425652
19.918484736392131
Iter: 12 loss: 0.0062080500647425652
Iter: 1 loss: 0.00013573442993219942
Iter: 2 loss: 0.0039597419090569019
Iter: 3 loss: 0.00024410242622252554
Iter: 4 loss: 0.00013560074148699641
92.50362457497485
Iter: 1 loss: 0.012575906701385975
2147.07297512568
Iter: 2 loss: 17.744022369384766
245.19407251644066
Iter: 3 loss: 0.16768103837966919
94.2761521460664
Iter: 4 loss: 0.012554574757814407
94.027252618713035
Iter: 5 loss: 0.012530216947197914
93.0305528555094
Iter: 6 loss: 0.012440863996744156
87.491646182243016
Iter: 7 loss: 0.012169506400823593
87.924390496321791
Iter: 8 loss: 0.012160522863268852
89.655108638841014
Iter: 9 loss: 0.012127578258514404
101.34953401792242
Iter: 10 loss: 0.011980462819337845
102.51962136584385
Iter: 11 loss: 0.011929268017411232
107.17244498124755
Iter: 12 loss: 0.011771630495786667
111.92459098428137
Iter: 13 loss: 0.011493002064526081
112.67109725071626
Iter: 14 loss: 0.011415288783609867
112.72594760916614
Iter: 15 loss: 0.011399474926292896
112.79113728210154
Iter: 16 loss: 0.011393699795007706
113.03829325007614
Iter: 17 loss: 0.011386990547180176
114.16975041610664
Iter: 18 loss: 0.011365674436092377
117.30655724225856
Iter: 19 loss: 0.0113168153911829
125.74346673737921
Iter: 20 loss: 0.011199668981134892
143.67748833309071
Iter: 21 loss: 0.010971782729029655
171.75564913147142
Iter: 22 loss: 0.010643454268574715
192.36868258986215
Iter: 23 loss: 0.010260495357215405
194.04530289280495
Iter: 24 loss: 0.010229215025901794
192.12300294816004
Iter: 25 loss: 0.010226340964436531
190.04115580246989
Iter: 26 loss: 0.010220981203019619
182.22084663216884
Iter: 27 loss: 0.010172191075980663
167.17085563762572
Iter: 28 loss: 0.010047445073723793
165.31106378948559
Iter: 29 loss: 0.0099218860268592834
170.87278273930082
Iter: 30 loss: 0.0098702507093548775
174.11099043631685
Iter: 31 loss: 0.0098605230450630188
176.27402526311727
Iter: 32 loss: 0.0098542990162968636
177.30309473727857
Iter: 33 loss: 0.009847140870988369
177.2766068517829
Iter: 34 loss: 0.0098352637141942978
175.42644240746796
Iter: 35 loss: 0.0098247099667787552
172.24681601981683
Iter: 36 loss: 0.009813280776143074
169.35884471277251
Iter: 37 loss: 0.0098009444773197174
167.17992484233983
Iter: 38 loss: 0.009781992994248867
168.49710464961811
Iter: 39 loss: 0.0097535839304327965
173.29244959247461
Iter: 40 loss: 0.0097363311797380447
176.01914420063923
Iter: 41 loss: 0.0097334450110793114
176.96530087816546
Iter: 42 loss: 0.0097329812124371529
5.4864600885221648
Iter: 1 loss: 0.0056431014090776443
85923.210405577323
Iter: 2 loss: 1865696.25
8519706.5542185754
Iter: 3 loss: 15740377088
5.4864600885221613
Iter: 4 loss: 0.0056431014090776443
Iter: 1 loss: 0.00012692567543126643
Iter: 2 loss: 0.11332619190216064
Iter: 3 loss: 0.00012673341552726924
168.60448560709062
Iter: 1 loss: 0.010690391063690186
-8935827.7628024835
Iter: 2 loss: 19617368064
-2568515.6954046548
Iter: 3 loss: 1517167744
168.60448560698825
Iter: 4 loss: 0.010690391063690186
168.60448560706959
Iter: 5 loss: 0.010690391063690186
168.60448560708647
Iter: 6 loss: 0.010690391063690186
168.60448560707562
Iter: 7 loss: 0.010690391063690186
168.6044856070842
Iter: 8 loss: 0.010690391063690186
168.6044856070788
Iter: 9 loss: 0.010690391063690186
168.6044856070834
Iter: 10 loss: 0.010690391063690186
168.6044856070809
Iter: 11 loss: 0.010690391063690186
168.60448560708329
Iter: 12 loss: 0.010690391063690186
168.6044856070834
Iter: 13 loss: 0.010690391063690186
3.1542428746266111
Iter: 1 loss: 0.0051292311400175095
105053.21980842504
Iter: 2 loss: 1985317
10424413.847444339
Iter: 3 loss: 21295466496
1301.8998470294532
Iter: 4 loss: 4.2225074768066406
-112.60616624656895
Iter: 5 loss: 0.058715689927339554
1.6279046250046383
Iter: 6 loss: 0.0051173530519008636
1.2956484961531274
Iter: 7 loss: 0.0051130671054124832
1.2169721429801656
Iter: 8 loss: 0.0051007028669118881
2.1407224556695912
Iter: 9 loss: 0.0050858273170888424
3.490886534981672
Iter: 10 loss: 0.0050687938928604126
4.4902294842176111
Iter: 11 loss: 0.0050572114996612072
4.8678282069605912
Iter: 12 loss: 0.0050467825494706631
4.8236092509684312
Iter: 13 loss: 0.0050171138718724251
3.0614748796834048
Iter: 14 loss: 0.0049656834453344345
-2.0522517758172931
Iter: 15 loss: 0.0048899268731474876
-2.7533850519570255
Iter: 16 loss: 0.0047211330384016037
-4.737408288283965
Iter: 17 loss: 0.0045824171975255013
-3.0703545326261423
Iter: 18 loss: 0.0045084115117788315
0.16379220475869616
Iter: 19 loss: 0.0044758175499737263
2.5687002801071621
Iter: 20 loss: 0.004452370572835207
4.9492955450481677
Iter: 21 loss: 0.0044126221910119057
4.9909967416027836
Iter: 22 loss: 0.0043629147112369537
1.1054596906041905
Iter: 23 loss: 0.0042995717376470566
-5.5588514369670605
Iter: 24 loss: 0.00419890321791172
-12.003618029308939
Iter: 25 loss: 0.0040799686685204506
-13.495349497018722
Iter: 26 loss: 0.00403881911188364
-8.0440857113071029
Iter: 27 loss: 0.0040225740522146225
-5.4019799486022961
Iter: 28 loss: 0.0039778212085366249
3.6053515192798153
Iter: 29 loss: 0.0039118980057537556
12.652585801177203
Iter: 30 loss: 0.0038659267593175173
24.039275726384609
Iter: 31 loss: 0.0037728743627667427
37.260886999936758
Iter: 32 loss: 0.0036042244173586369
41.067204340040185
Iter: 33 loss: 0.003393673337996006
20.147661032316165
Iter: 34 loss: 0.0030620135366916656
5.5988631102684359
Iter: 35 loss: 0.00303315045312047
13.007609394385286
Iter: 36 loss: 0.0029607727192342281
-4.6772250732404563
Iter: 37 loss: 0.00291087431833148
-7.3628700445497053
Iter: 38 loss: 0.0028356024995446205
-3.995598729067201
Iter: 39 loss: 0.0026929029263556004
-6.6035321196657524
Iter: 40 loss: 0.002490991959348321
0.58769852500495756
Iter: 41 loss: 0.0024637631140649319
-3.4265326770076348
Iter: 42 loss: 0.0024042003788053989
12.776029547773536
Iter: 43 loss: 0.0023157731629908085
1.8027473848296991
Iter: 44 loss: 0.0022927518002688885
7.4288760466224089
Iter: 45 loss: 0.002270381897687912
-6.7950945624616859
Iter: 46 loss: 0.0022225566208362579
-5.4883449363713082
Iter: 47 loss: 0.0021952597890049219
-0.37215914324714272
Iter: 48 loss: 0.0020960504189133644
10.631962614594476
Iter: 49 loss: 0.0020618410781025887
4.4105946237739175
Iter: 50 loss: 0.0019899003673344851
4.9068538343178805
Iter: 51 loss: 0.0019709565676748753
9.2196009160404753
Iter: 52 loss: 0.00191621039994061
14.624167661613189
Iter: 53 loss: 0.0018601783085614443
13.286665207850152
Iter: 54 loss: 0.0018179126782342792
7.4336283961660552
Iter: 55 loss: 0.0017942502163350582
3.0797845228574121
Iter: 56 loss: 0.0017851376906037331
-1.1802915650275103
Iter: 57 loss: 0.0017735327128320932
-6.3289444751637687
Iter: 58 loss: 0.0017567388713359833
Iter: 1 loss: 0.00012516215792857111
Iter: 2 loss: 0.0038799536414444447
Iter: 3 loss: 0.00033936006366275251
Iter: 4 loss: 0.00012490102380979806
179.01192263132913
Iter: 1 loss: 0.011206264607608318
-18153.943542498273
Iter: 2 loss: 383412.125
179.0046762274782
Iter: 3 loss: 0.011205319315195084
178.90540800166775
Iter: 4 loss: 0.011192459613084793
-13346.852436746576
Iter: 5 loss: 6674.8291015625
178.89809809921167
Iter: 6 loss: 0.011191518977284431
170.25398324996678
Iter: 7 loss: 0.010642053559422493
170.40221667409187
Iter: 8 loss: 0.010640394873917103
171.81807881728909
Iter: 9 loss: 0.010621819645166397
173.2708651194512
Iter: 10 loss: 0.010599424131214619
174.74795844248976
Iter: 11 loss: 0.010571388527750969
175.35170042107461
Iter: 12 loss: 0.010545287281274796
175.815853834165
Iter: 13 loss: 0.010515708476305008
176.1336686352339
Iter: 14 loss: 0.010497345589101315
177.59296239178323
Iter: 15 loss: 0.010452127084136009
179.90568423701848
Iter: 16 loss: 0.010412726551294327
182.07676142296947
Iter: 17 loss: 0.0103912353515625
182.5158363542231
Iter: 18 loss: 0.01038852147758007
182.4729277840683
Iter: 19 loss: 0.010388361290097237
-8.7153731699829464
Iter: 1 loss: 0.0020904059056192636
548.02292250689015
Iter: 2 loss: 0.24942022562026978
187.99928451965798
Iter: 3 loss: 0.11036878824234009
-2.6227620528678059
Iter: 4 loss: 0.0020758295431733131
-4.8596108778016873
Iter: 5 loss: 0.0020462789107114077
-4.91963866514995
Iter: 6 loss: 0.0020390967838466167
-3.6765918070253227
Iter: 7 loss: 0.002012528944760561
-2.0597041999213861
Iter: 8 loss: 0.0020033016335219145
-1.0598204022059057
Iter: 9 loss: 0.0019993395544588566
-0.078600036705973819
Iter: 10 loss: 0.0019953181035816669
1.2382960786668691
Iter: 11 loss: 0.0019883033819496632
3.5901939628519148
Iter: 12 loss: 0.001972544938325882
6.5673596576917008
Iter: 13 loss: 0.0019479105249047279
8.5098034965547722
Iter: 14 loss: 0.0019221992697566748
8.0118407455192191
Iter: 15 loss: 0.001909271813929081
6.75980228131678
Iter: 16 loss: 0.0019064826192334294
6.0680893403976182
Iter: 17 loss: 0.0019053129944950342
4.9240523571341708
Iter: 18 loss: 0.0019020445179194212
3.0759374038942844
Iter: 19 loss: 0.0018934330437332392
0.28536381700838409
Iter: 20 loss: 0.0018733616452664137
-2.8722536368275469
Iter: 21 loss: 0.0018383525311946869
-6.3247118276302858
Iter: 22 loss: 0.0017924491548910737
-7.9070847052495257
Iter: 23 loss: 0.0017540670232847333
-7.425848625427351
Iter: 24 loss: 0.0017409096471965313
-7.17157149187627
Iter: 25 loss: 0.0017360849305987358
-7.4983811770954141
Iter: 26 loss: 0.0017256350256502628
-9.82111211824805
Iter: 27 loss: 0.0017034754855558276
-16.255930075831706
Iter: 28 loss: 0.0016601802781224251
-23.704239385478395
Iter: 29 loss: 0.0015685963444411755
-19.018521857128235
Iter: 30 loss: 0.0013556064805015922
-30.567648518103621
Iter: 31 loss: 0.0011783477384597063
-19.518212221610518
Iter: 32 loss: 0.0010964723769575357
-17.56834370510531
Iter: 33 loss: 0.001088170800358057
-16.321150929059744
Iter: 34 loss: 0.0010799807496368885
-14.488431506052471
Iter: 35 loss: 0.0010604065610095859
-11.915190751715251
Iter: 36 loss: 0.001014903886243701
-9.4412250448728887
Iter: 37 loss: 0.00093365670181810856
-3.3340037773242113
Iter: 38 loss: 0.00084147852612659335
3.1611735946587269
Iter: 39 loss: 0.00075102271512150764
2.23494763174095
Iter: 40 loss: 0.00071356730768457055
3.1900000096901819
Iter: 41 loss: 0.00069251412060111761
1.3191113195696773
Iter: 42 loss: 0.0006657359772361815
8.6679642381000779
Iter: 43 loss: 0.00064559769816696644
14.611325052471994
Iter: 44 loss: 0.00061568856472149491
20.675995636686626
Iter: 45 loss: 0.00058152200654149055
21.2526102192945
Iter: 46 loss: 0.00056194921489804983
20.332324984786247
Iter: 47 loss: 0.00054420530796051025
18.527585828721438
Iter: 48 loss: 0.00052696955390274525
18.114832608188067
Iter: 49 loss: 0.00050398102030158043
14.863189894955863
Iter: 50 loss: 0.00046631268924102187
11.947749070662592
Iter: 51 loss: 0.000443497410742566
7.689515407888738
Iter: 52 loss: 0.00042178892181254923
4.47360545637068
Iter: 53 loss: 0.00040829618228599429
Iter: 1 loss: 0.00012281269300729036
Iter: 2 loss: 0.56928592920303345
Iter: 3 loss: 0.00012274783512111753
179.80704466312068
Iter: 1 loss: 0.010377294383943081
741030.88613678247
Iter: 2 loss: 133025416
179.80704452308677
Iter: 3 loss: 0.010377294383943081
179.80704463356926
Iter: 4 loss: 0.010377294383943081
179.8070446568837
Iter: 5 loss: 0.010377294383943081
179.80704466180612
Iter: 6 loss: 0.010377294383943081
179.80704466284195
Iter: 7 loss: 0.010377294383943081
179.80704466306446
Iter: 8 loss: 0.010377294383943081
179.80704466291559
Iter: 9 loss: 0.010377294383943081
179.80704466303416
Iter: 10 loss: 0.010377294383943081
179.80704466305775
Iter: 11 loss: 0.010377294383943081
179.80704466304303
Iter: 12 loss: 0.010377294383943081
179.80704466305349
Iter: 13 loss: 0.010377294383943081
179.80704466304564
Iter: 14 loss: 0.010377294383943081
179.80704466305167
Iter: 15 loss: 0.010377294383943081
3.5890331030291227
Iter: 1 loss: 0.00050312821986153722
575.16953322339316
Iter: 2 loss: 0.32160735130310059
88.5105125905468
Iter: 3 loss: 0.028787672519683838
4.4300171301990714
Iter: 4 loss: 0.00050011917483061552
4.3780869387391235
Iter: 5 loss: 0.0004999885568395257
Iter: 1 loss: 0.00014016107888892293
Iter: 2 loss: 0.67067414522171021
Iter: 3 loss: 0.00013976640184409916
182.4330144947906
Iter: 1 loss: 0.010423353873193264
3335.3546290800514
Iter: 2 loss: 23.089683532714844
792.59085243465881
Iter: 3 loss: 1.8064639568328857
186.36180164051896
Iter: 4 loss: 0.010363383218646049
185.86003986973907
Iter: 5 loss: 0.010360071435570717
185.60661314770081
Iter: 6 loss: 0.010356737300753593
185.21805970278791
Iter: 7 loss: 0.010345113463699818
185.28470046819692
Iter: 8 loss: 0.010327521711587906
186.2071569574868
Iter: 9 loss: 0.010307062417268753
187.11104339195379
Iter: 10 loss: 0.010296009480953217
187.55106685834249
Iter: 11 loss: 0.010293063707649708
187.60125647371547
Iter: 12 loss: 0.010291846469044685
187.46753723498298
Iter: 13 loss: 0.01028773095458746
186.82196815581523
Iter: 14 loss: 0.010280000977218151
184.97569407701741
Iter: 15 loss: 0.010265163145959377
182.19211151073358
Iter: 16 loss: 0.010248997248709202
180.2941349188294
Iter: 17 loss: 0.010241091251373291
180.02716538173527
Iter: 18 loss: 0.010239781811833382
180.14218322411563
Iter: 19 loss: 0.010239692404866219
4.3850443370353975
Iter: 1 loss: 0.00059992482420057058
86204.9364665341
Iter: 2 loss: 233767.640625
545765.47729322314
Iter: 3 loss: 20391546
4.3850443369217693
Iter: 4 loss: 0.00059992482420057058
4.3850443370105427
Iter: 5 loss: 0.00059992482420057058
4.3850443370304442
Iter: 6 loss: 0.00059992482420057058
4.3850443370181154
Iter: 7 loss: 0.00059992482420057058
4.38504433702753
Iter: 8 loss: 0.00059992482420057058
4.385044337030128
Iter: 9 loss: 0.00059992482420057058
4.3850443370284395
Iter: 10 loss: 0.00059992482420057058
Iter: 1 loss: 0.00012322327529545873
Iter: 2 loss: 0.11312230676412582
Iter: 3 loss: 0.00012304994743317366
184.32215248192904
Iter: 1 loss: 0.010409156791865826
-16769.858608993491
Iter: 2 loss: 358425.625
-126380.57569246535
Iter: 3 loss: 775036.25
-18384.235248375979
Iter: 4 loss: 1065.4107666015625
184.22536252383821
Iter: 5 loss: 0.010406535118818283
181.88314438785613
Iter: 6 loss: 0.010375559329986572
181.82645840432113
Iter: 7 loss: 0.010368706658482552
181.59955413216446
Iter: 8 loss: 0.010342558845877647
180.68936850181206
Iter: 9 loss: 0.010258181020617485
178.38132567773883
Iter: 10 loss: 0.01018032617866993
178.49011503676508
Iter: 11 loss: 0.010170871391892433
178.92576444878844
Iter: 12 loss: 0.010141421109437943
179.84967354290546
Iter: 13 loss: 0.01011226698756218
178.55516468234561
Iter: 14 loss: 0.010103442706167698
173.04318417349577
Iter: 15 loss: 0.01008276455104351
170.90418323799096
Iter: 16 loss: 0.010072999633848667
166.23679655436263
Iter: 17 loss: 0.010042654350399971
162.69332826202688
Iter: 18 loss: 0.009999389760196209
158.66004480658086
Iter: 19 loss: 0.0098988339304924011
161.22094383295354
Iter: 20 loss: 0.0098360907286405563
167.58919334032788
Iter: 21 loss: 0.0098015591502189636
169.49105113465683
Iter: 22 loss: 0.0097991609945893288
169.66806208514481
Iter: 23 loss: 0.0097989179193973541
4.3333884978139618
Iter: 1 loss: 0.000527107622474432
751724.50474325113
Iter: 2 loss: 128890328
4.3333884977698833
Iter: 3 loss: 0.000527107622474432
4.3333884978046449
Iter: 4 loss: 0.000527107622474432
4.3333884978127086
Iter: 5 loss: 0.000527107622474432
4.3333884978072641
Iter: 6 loss: 0.000527107622474432
4.3333884978113622
Iter: 7 loss: 0.000527107622474432
4.3333884978126838
Iter: 8 loss: 0.000527107622474432
4.3333884978127086
Iter: 9 loss: 0.000527107622474432
Iter: 1 loss: 0.00013382939505390823
Iter: 2 loss: 0.0035788114182651043
Iter: 3 loss: 0.00016183675325009972
Iter: 4 loss: 0.00013374465925153345
155.54665074135892
Iter: 1 loss: 0.010191712528467178
3228.2358262216439
Iter: 2 loss: 22.810398101806641
488.79889358618993
Iter: 3 loss: 0.64385396242141724
157.23915839394866
Iter: 4 loss: 0.010176025331020355
157.18331153847026
Iter: 5 loss: 0.010174923576414585
156.95987909700176
Iter: 6 loss: 0.01017138734459877
156.90236121931915
Iter: 7 loss: 0.010157311335206032
157.67383888757902
Iter: 8 loss: 0.010136455297470093
158.79537046440731
Iter: 9 loss: 0.01012258417904377
159.75499026051557
Iter: 10 loss: 0.010116182267665863
160.06144732481135
Iter: 11 loss: 0.01011347770690918
160.57215477734678
Iter: 12 loss: 0.010105656459927559
161.0097650641878
Iter: 13 loss: 0.010091416537761688
161.11836337763279
Iter: 14 loss: 0.010066666640341282
160.50759807453522
Iter: 15 loss: 0.01004311814904213
159.64960738304393
Iter: 16 loss: 0.010034232400357723
159.31778983856083
Iter: 17 loss: 0.010033126920461655
159.27957412860434
Iter: 18 loss: 0.010033031925559044
3.7969011113331184
Iter: 1 loss: 0.000563760579098016
5514.4224364886622
Iter: 2 loss: 13366.8115234375
3.7968948142475867
Iter: 3 loss: 0.00056376040447503328
3.7968905867036038
Iter: 4 loss: 0.00056376034626737237
345326.52450583311
Iter: 5 loss: 22953384
3.7968905865017359
Iter: 6 loss: 0.00056376034626737237
1.4668337742833746
Iter: 7 loss: 0.00053730752551928163
1.5468659379907632
Iter: 8 loss: 0.00053691992070525885
1.8668643566607035
Iter: 9 loss: 0.00053551408927887678
3.2762080978821642
Iter: 10 loss: 0.00053143006516620517
3.017569107025071
Iter: 11 loss: 0.000530521385371685
1.9830392723306256
Iter: 12 loss: 0.00052747264271602035
-0.69345769471094187
Iter: 13 loss: 0.00051762477960437536
1.6039628466463998
Iter: 14 loss: 0.00050583132542669773
-2.263961084106537
Iter: 15 loss: 0.00050043658120557666
1.3411379804951502
Iter: 16 loss: 0.00049650511937215924
2.622892305814462
Iter: 17 loss: 0.00049423077143728733
3.4476737979594518
Iter: 18 loss: 0.00049026147462427616
3.1387286812121387
Iter: 19 loss: 0.00048366421833634377
1.3681876612761674
Iter: 20 loss: 0.00047377217561006546
-1.5189724355084124
Iter: 21 loss: 0.00045339803909882903
-6.8365152089277554
Iter: 22 loss: 0.00042552081868052483
-8.3568157457875323
Iter: 23 loss: 0.00040521722985431552
-6.2859481758926394
Iter: 24 loss: 0.00038726723869331181
-3.8139963646910915
Iter: 25 loss: 0.00038283783942461014
-2.8740020566033135
Iter: 26 loss: 0.00038141029654070735
-1.9444564129469828
Iter: 27 loss: 0.00038019890780560672
-1.5270680185941647
Iter: 28 loss: 0.00037876301212236285
-0.72793045771628118
Iter: 29 loss: 0.00037408139905892313
-0.57313687780605016
Iter: 30 loss: 0.00036684790393337607
-0.67092358725596934
Iter: 31 loss: 0.00035500741796568036
-1.6197305119598098
Iter: 32 loss: 0.00034626218257471919
-1.5500031951119302
Iter: 33 loss: 0.00033920584246516228
-2.667296925396375
Iter: 34 loss: 0.00033151337993331254
-2.4588538851778026
Iter: 35 loss: 0.00032333002309314907
-1.6219595036678762
Iter: 36 loss: 0.00030636234441772103
0.31263978614570026
Iter: 37 loss: 0.00029430148424580693
0.22043915363439703
Iter: 38 loss: 0.0002917259989771992
0.53148974181692621
Iter: 39 loss: 0.00029132279451005161
Iter: 1 loss: 0.00013170561578590423
Iter: 2 loss: 0.0018135879654437304
Iter: 3 loss: 0.00014325862866826355
Iter: 4 loss: 0.00013145359116606414
171.4356447605528
Iter: 1 loss: 0.010738091543316841
147430.12469976154
Iter: 2 loss: 4947572.5
-63582.026745168638
Iter: 3 loss: 29728.48046875
171.43533107385784
Iter: 4 loss: 0.010738080367445946
168.6232345028572
Iter: 5 loss: 0.01068461686372757
168.66576115161376
Iter: 6 loss: 0.010683024302124977
168.83585382569024
Iter: 7 loss: 0.010676810517907143
169.51600184462609
Iter: 8 loss: 0.010654577054083347
172.22167187327261
Iter: 9 loss: 0.010593559592962265
173.15483872765847
Iter: 10 loss: 0.01055319607257843
177.12529026235245
Iter: 11 loss: 0.01042878907173872
176.06867403655258
Iter: 12 loss: 0.010424163192510605
174.63195073526518
Iter: 13 loss: 0.010421348735690117
174.55238418485578
Iter: 14 loss: 0.010420506820082664
174.23404137548147
Iter: 15 loss: 0.010417444631457329
171.97087584344962
Iter: 16 loss: 0.010396383702754974
170.12277934021097
Iter: 17 loss: 0.010383149608969688
168.64989533775071
Iter: 18 loss: 0.010370349511504173
168.34450729371633
Iter: 19 loss: 0.010364762507379055
168.61984562530381
Iter: 20 loss: 0.010362389497458935
169.67769955485161
Iter: 21 loss: 0.010354960337281227
171.66099178970882
Iter: 22 loss: 0.010340769775211811
175.77131735304135
Iter: 23 loss: 0.010310878977179527
181.14116313735309
Iter: 24 loss: 0.01027147751301527
181.46883962482627
Iter: 25 loss: 0.010226910933852196
182.34203620226702
Iter: 26 loss: 0.010213839821517467
181.87834199468853
Iter: 27 loss: 0.010211264714598656
181.05836577104643
Iter: 28 loss: 0.010208671912550926
178.43443708573662
Iter: 29 loss: 0.010200748220086098
173.47031626967095
Iter: 30 loss: 0.010186124593019485
165.516896067343
Iter: 31 loss: 0.0101636266335845
159.11028868283185
Iter: 32 loss: 0.010143312625586987
157.47276588940815
Iter: 33 loss: 0.010134957730770111
158.42209336500704
Iter: 34 loss: 0.01013406366109848
0.5969191736056263
Iter: 1 loss: 0.00026330642867833376
113.99597144752805
Iter: 2 loss: 0.24881406128406525
107.18304177413016
Iter: 3 loss: 0.053528103977441788
1.9896723852759215
Iter: 4 loss: 0.00025759037816897035
1.6508463998450764
Iter: 5 loss: 0.00025701121194288135
Iter: 1 loss: 0.00013152690371498466
Iter: 2 loss: 0.67835217714309692
Iter: 3 loss: 0.00013101512740831822
151.66363111265224
Iter: 1 loss: 0.00981556624174118
3084.4064352574833
Iter: 2 loss: 20.107170104980469
1003.084285847398
Iter: 3 loss: 3.2768220901489258
160.38681861634308
Iter: 4 loss: 0.0096539175137877464
157.79671137617606
Iter: 5 loss: 0.0096177738159894943
157.75212845253276
Iter: 6 loss: 0.0096173044294118881
157.57379081550073
Iter: 7 loss: 0.0096155889332294464
156.43403772911779
Iter: 8 loss: 0.0095994351431727409
155.39789943281858
Iter: 9 loss: 0.0095786536112427711
154.87139714885978
Iter: 10 loss: 0.0095577780157327652
154.77276154369957
Iter: 11 loss: 0.0095427948981523514
154.88090841987395
Iter: 12 loss: 0.0095318444073200226
154.8037444693405
Iter: 13 loss: 0.0095258606597781181
154.14510030636896
Iter: 14 loss: 0.0095144975930452347
152.8977101926744
Iter: 15 loss: 0.0095048397779464722
151.94365654137559
Iter: 16 loss: 0.0095011498779058456
151.75906008252912
Iter: 17 loss: 0.009500737302005291
0.89740209787741931
Iter: 1 loss: 0.00021986104547977448
-1141.413567821734
Iter: 2 loss: 0.470813512802124
8.1044511082745672
Iter: 3 loss: 0.0017023800173774362
1.0390237704018348
Iter: 4 loss: 0.00021918948914390057
Iter: 1 loss: 0.00012648475239984691
Iter: 2 loss: 0.68141657114028931
Iter: 3 loss: 0.00012627523392438889
153.03721479462345
Iter: 1 loss: 0.010231339372694492
-29290.572579565367
Iter: 2 loss: 1229166.5
153.03721110275194
Iter: 3 loss: 0.010231339372694492
153.03721401550524
Iter: 4 loss: 0.010231339372694492
153.03721463019974
Iter: 5 loss: 0.010231339372694492
153.03721475992376
Iter: 6 loss: 0.010231339372694492
153.03721478730165
Iter: 7 loss: 0.010231339372694492
153.03721479307961
Iter: 8 loss: 0.010231339372694492
153.03721479429797
Iter: 9 loss: 0.010231339372694492
153.03721479455774
Iter: 10 loss: 0.010231339372694492
153.03721479461066
Iter: 11 loss: 0.010231339372694492
153.03721479457636
Iter: 12 loss: 0.010231339372694492
153.03721479460259
Iter: 13 loss: 0.010231339372694492
153.03721479458497
Iter: 14 loss: 0.010231339372694492
153.03721479459853
Iter: 15 loss: 0.010231339372694492
153.03721479460225
Iter: 16 loss: 0.010231339372694492
153.03721479459929
Iter: 17 loss: 0.010231339372694492
3.6907757809097972
Iter: 1 loss: 0.0003532588598318398
333063.59825059446
Iter: 2 loss: 22188988
224171.33355513171
Iter: 3 loss: 8412776
3.6907757801454917
Iter: 4 loss: 0.0003532588598318398
3.69077578074834
Iter: 5 loss: 0.0003532588598318398
3.6907757808756645
Iter: 6 loss: 0.0003532588598318398
3.6907757809022597
Iter: 7 loss: 0.0003532588598318398
3.6907757809089463
Iter: 8 loss: 0.0003532588598318398
3.6907757809097896
Iter: 9 loss: 0.0003532588598318398
3.690775780909628
Iter: 10 loss: 0.0003532588598318398
3.6907757809097479
Iter: 11 loss: 0.0003532588598318398
3.6907757809096249
Iter: 12 loss: 0.0003532588598318398
3.6907757809097066
Iter: 13 loss: 0.0003532588598318398
3.6907757809096546
Iter: 14 loss: 0.0003532588598318398
3.6907757809096289
Iter: 15 loss: 0.0003532588598318398
3.6907757809096524
Iter: 16 loss: 0.0003532588598318398
Iter: 1 loss: 0.00011832365998998284
Iter: 2 loss: 0.0035261893644928932
Iter: 3 loss: 0.00022196448117028922
Iter: 4 loss: 0.00011817930499091744
151.94372768433109
Iter: 1 loss: 0.010279254987835884
16758.157667866
Iter: 2 loss: 485419.125
-929312.561796316
Iter: 3 loss: 186112000
-17994.123080942398
Iter: 4 loss: 1132.9068603515625
151.75322802065187
Iter: 5 loss: 0.010269895195960999
148.4303831853619
Iter: 6 loss: 0.010190986096858978
148.496903805893
Iter: 7 loss: 0.010189220309257507
148.7629469741143
Iter: 8 loss: 0.010182412341237068
149.82649114243333
Iter: 9 loss: 0.010159231722354889
152.75829119856243
Iter: 10 loss: 0.010111087933182716
153.16708365139786
Iter: 11 loss: 0.010099958628416061
155.70801944514164
Iter: 12 loss: 0.010055208578705788
156.48003502743813
Iter: 13 loss: 0.01004793681204319
156.77328376791553
Iter: 14 loss: 0.010045925155282021
156.76276247004756
Iter: 15 loss: 0.010045795701444149
1.0685476574074735
Iter: 1 loss: 0.0002578525454737246
949870.950415247
Iter: 2 loss: 217396848
900903.46258925006
Iter: 3 loss: 180819920
525234.534343427
Iter: 4 loss: 14271457
1.0685476572699679
Iter: 5 loss: 0.0002578525454737246
1.0685476573791455
Iter: 6 loss: 0.0002578525454737246
1.0685476574010504
Iter: 7 loss: 0.0002578525454737246
1.0685476574069721
Iter: 8 loss: 0.0002578525454737246
1.0685476574033359
Iter: 9 loss: 0.0002578525454737246
1.0685476574061739
Iter: 10 loss: 0.0002578525454737246
1.0685476574066135
Iter: 11 loss: 0.0002578525454737246
1.068547657406244
Iter: 12 loss: 0.0002578525454737246
Iter: 1 loss: 0.00015287200221791863
Iter: 2 loss: 0.64565670490264893
Iter: 3 loss: 0.00015255037578754127
168.32642141965252
Iter: 1 loss: 0.011037508025765419
581561.94606149
Iter: 2 loss: 43219536
-57664.507925143691
Iter: 3 loss: 5718.0380859375
-21570.159523742332
Iter: 4 loss: 1656.6837158203125
168.26254377207903
Iter: 5 loss: 0.01103643886744976
166.90367392631748
Iter: 6 loss: 0.011023946106433868
166.64130492131565
Iter: 7 loss: 0.011013207957148552
165.59130074926108
Iter: 8 loss: 0.010976666584610939
162.9623713220559
Iter: 9 loss: 0.010845903307199478
163.39440906209114
Iter: 10 loss: 0.010806402191519737
163.73183217788022
Iter: 11 loss: 0.010804511606693268
163.84227368318335
Iter: 12 loss: 0.010804044082760811
0.58450892107471009
Iter: 1 loss: 0.00026742284535430372
28451.643943933752
Iter: 2 loss: 95774.9609375
0.58450881892263939
Iter: 3 loss: 0.00026742284535430372
0.58450889951634077
Iter: 4 loss: 0.00026742284535430372
0.58450891652496839
Iter: 5 loss: 0.00026742284535430372
0.584508920114434
Iter: 6 loss: 0.00026742284535430372
0.58450892087172179
Iter: 7 loss: 0.00026742284535430372
0.58450892103213559
Iter: 8 loss: 0.00026742284535430372
0.58450892106580921
Iter: 9 loss: 0.00026742284535430372
0.58450892107325869
Iter: 10 loss: 0.00026742284535430372
0.58450892106780672
Iter: 11 loss: 0.00026742284535430372
0.58450892107177743
Iter: 12 loss: 0.00026742284535430372
0.584508921069024
Iter: 13 loss: 0.00026742284535430372
0.58450892107144781
Iter: 14 loss: 0.00026742284535430372
0.58450892107177022
Iter: 15 loss: 0.00026742284535430372
0.584508921071426
Iter: 16 loss: 0.00026742284535430372
0.58450892107176933
Iter: 17 loss: 0.00026742284535430372
Iter: 1 loss: 0.000133096007630229
Iter: 2 loss: 0.67699658870697021
Iter: 3 loss: 0.00013289772323332727
159.38473464538123
Iter: 1 loss: 0.010732839815318584
-208491.03830632445
Iter: 2 loss: 3607295.5
-95304.416741559151
Iter: 3 loss: 275280.53125
159.38471570588655
Iter: 4 loss: 0.01073283888399601
153.52677979888574
Iter: 5 loss: 0.01050291582942009
153.66022140666973
Iter: 6 loss: 0.01049601286649704
154.19383703242951
Iter: 7 loss: 0.010469850152730942
158.98835119478608
Iter: 8 loss: 0.010299685411155224
159.07246901277128
Iter: 9 loss: 0.010297644883394241
159.22495901746134
Iter: 10 loss: 0.010296599939465523
159.54109895286263
Iter: 11 loss: 0.010295333340764046
160.46651454969412
Iter: 12 loss: 0.010292597115039825
161.52908594284159
Iter: 13 loss: 0.01029023714363575
162.12637468220913
Iter: 14 loss: 0.01028916984796524
162.16498317517176
Iter: 15 loss: 0.010289006866514683
2.8202285202084907
Iter: 1 loss: 0.00027736424817703664
86035.589053223
Iter: 2 loss: 1791242.875
30560.249363280011
Iter: 3 loss: 38264.10546875
2.8202281683374264
Iter: 4 loss: 0.00027736421907320619
2.8202281614067237
Iter: 5 loss: 0.00027736421907320619
684514.4118945977
Iter: 6 loss: 26087400
2.8202281613701219
Iter: 7 loss: 0.00027736421907320619
1.9234900945171405
Iter: 8 loss: 0.00027379990206100047
1.9164591637033837
Iter: 9 loss: 0.00027377277729101479
Iter: 1 loss: 0.00012674869503825903
Iter: 2 loss: 0.001270006294362247
Iter: 3 loss: 0.00013090122956782579
Iter: 4 loss: 0.0001261533034266904
152.96756404572056
Iter: 1 loss: 0.0098749399185180664
3010.2719651485836
Iter: 2 loss: 20.92762565612793
949.5388857427389
Iter: 3 loss: 3.6089816093444824
159.94569796901851
Iter: 4 loss: 0.0097450725734233856
157.76928192959042
Iter: 5 loss: 0.00971171259880066
157.71051917225068
Iter: 6 loss: 0.009711206890642643
157.47544948061335
Iter: 7 loss: 0.0097093954682350159
156.12173845610172
Iter: 8 loss: 0.0096984198316931725
155.59084288914721
Iter: 9 loss: 0.0096937324851751328
155.59157688304802
Iter: 10 loss: 0.0096923056989908218
155.67832558417177
Iter: 11 loss: 0.0096919210627675056
1.6576563467496161
Iter: 1 loss: 0.00026350736152380705
81275.108769832208
Iter: 2 loss: 651890.4375
1.6576563429642062
Iter: 3 loss: 0.00026350736152380705
1.6576563459505218
Iter: 4 loss: 0.00026350736152380705
1.6576563465815493
Iter: 5 loss: 0.00026350736152380705
1.6576563467136149
Iter: 6 loss: 0.00026350736152380705
1.6576563467421292
Iter: 7 loss: 0.00026350736152380705
1.657656346723495
Iter: 8 loss: 0.00026350736152380705
1.6576563467380014
Iter: 9 loss: 0.00026350736152380705
1.657656346728734
Iter: 10 loss: 0.00026350736152380705
1.6576563467365459
Iter: 11 loss: 0.00026350736152380705
1.6576563467376777
Iter: 12 loss: 0.00026350736152380705
1.6576563467368346
Iter: 13 loss: 0.00026350736152380705
1.6576563467376757
Iter: 14 loss: 0.00026350736152380705
Iter: 1 loss: 0.00013240381667856127
Iter: 2 loss: 0.67816841602325439
Iter: 3 loss: 0.00013184873387217522
161.40789100707042
Iter: 1 loss: 0.010006541386246681
114261.75482850903
Iter: 2 loss: 4413744
-63943.672533833233
Iter: 3 loss: 14395.02734375
-23044.628197948288
Iter: 4 loss: 1403.51318359375
161.32237325681768
Iter: 5 loss: 0.010004583746194839
159.92865231888678
Iter: 6 loss: 0.0099823102355003357
158.91441345269089
Iter: 7 loss: 0.0099774859845638275
158.91901203499083
Iter: 8 loss: 0.009977465495467186
158.9374060150038
Iter: 9 loss: 0.0099773891270160675
159.01097634850655
Iter: 10 loss: 0.0099771302193403244
0.96967733572907655
Iter: 1 loss: 0.00025609217118471861
177742.60096697294
Iter: 2 loss: 4347926
12886651.696808983
Iter: 3 loss: 12342962176
4330766.7140101483
Iter: 4 loss: 2280248832
-54.440382472494562
Iter: 5 loss: 0.051780257374048233
0.71138875105246835
Iter: 6 loss: 0.00025536329485476017
Iter: 1 loss: 0.00013488161494024098
Iter: 2 loss: 0.65440821647644043
Iter: 3 loss: 0.00013467215467244387
161.37805694201489
Iter: 1 loss: 0.010031795129179955
3116.2081234348557
Iter: 2 loss: 20.860767364501953
398.2829080732871
Iter: 3 loss: 0.34206500649452209
162.46140590307587
Iter: 4 loss: 0.010024893097579479
162.43124630346381
Iter: 5 loss: 0.010024826973676682
0.68682197840049153
Iter: 1 loss: 0.0003098036686424166
579.03819179108245
Iter: 2 loss: 0.40105879306793213
49.086254885023529
Iter: 3 loss: 0.008429868146777153
1.1265010129177804
Iter: 4 loss: 0.00030916649848222733
Iter: 1 loss: 0.00011643323523458093
Iter: 2 loss: 0.0037534413859248161
Iter: 3 loss: 0.00029797072056680918
Iter: 4 loss: 0.00011621358135016635
159.54204384806926
Iter: 1 loss: 0.01009056530892849
2642.8923446053172
Iter: 2 loss: 14.03776741027832
709.06161527750328
Iter: 3 loss: 1.4583027362823486
164.36390704700653
Iter: 4 loss: 0.010014128871262074
163.38587165735009
Iter: 5 loss: 0.010008633136749268
163.31654989377742
Iter: 6 loss: 0.010008182376623154
163.03923815840983
Iter: 7 loss: 0.010006673634052277
162.12821638833361
Iter: 8 loss: 0.0099997352808713913
161.30328300845764
Iter: 9 loss: 0.0099924905225634575
160.57054437205056
Iter: 10 loss: 0.00998365692794323
159.3183017609839
Iter: 11 loss: 0.00997375138103962
158.75058921666025
Iter: 12 loss: 0.00997093878686428
157.90260539337822
Iter: 13 loss: 0.00996834971010685
157.70036479446895
Iter: 14 loss: 0.0099679902195930481
3.1764186286998428
Iter: 1 loss: 0.00025487766833975911
177330.75025376672
Iter: 2 loss: 2869714.25
1304445.05438445
Iter: 3 loss: 182661488
4089974.8938121246
Iter: 4 loss: 2666081280
3.1764186286998353
Iter: 5 loss: 0.00025487766833975911
-17.349095605551618
Iter: 6 loss: 0.0019005422946065664
2.0781233710950842
Iter: 7 loss: 0.00024954130640253425
2.0935588528435236
Iter: 8 loss: 0.00024935760302469134
2.1552368302915665
Iter: 9 loss: 0.00024869770277291536
Iter: 1 loss: 0.00014026698772795498
Iter: 2 loss: 0.66278433799743652
Iter: 3 loss: 0.0001401060726493597
149.14338400526742
Iter: 1 loss: 0.0099969934672117233
43950.1708379796
Iter: 2 loss: 4914610.5
149.14338033774297
Iter: 3 loss: 0.0099969934672117233
149.14338323128703
Iter: 4 loss: 0.0099969934672117233
149.14338384193019
Iter: 5 loss: 0.0099969934672117233
149.14338397079828
Iter: 6 loss: 0.0099969934672117233
149.14338399799271
Iter: 7 loss: 0.0099969934672117233
149.14338400373208
Iter: 8 loss: 0.0099969934672117233
149.14338400494353
Iter: 9 loss: 0.0099969934672117233
149.14338400520239
Iter: 10 loss: 0.0099969934672117233
149.14338400525602
Iter: 11 loss: 0.0099969934672117233
149.14338400521956
Iter: 12 loss: 0.0099969934672117233
149.14338400524767
Iter: 13 loss: 0.0099969934672117233
149.14338400522934
Iter: 14 loss: 0.0099969934672117233
149.14338400524241
Iter: 15 loss: 0.0099969934672117233
149.14338400523272
Iter: 16 loss: 0.0099969934672117233
149.14338400524156
Iter: 17 loss: 0.0099969934672117233
149.1433840052367
Iter: 18 loss: 0.0099969934672117233
149.1433840052411
Iter: 19 loss: 0.0099969934672117233
149.14338400523769
Iter: 20 loss: 0.0099969934672117233
149.1433840052411
Iter: 21 loss: 0.0099969934672117233
-0.22671153593837512
Iter: 1 loss: 0.00028463604394346476
328.51595160750162
Iter: 2 loss: 0.4164213240146637
129.45963361681154
Iter: 3 loss: 0.064159557223320007
0.988663593049713
Iter: 4 loss: 0.00028011773247271776
0.85767044270973791
Iter: 5 loss: 0.00027986150234937668
Iter: 1 loss: 0.00013904637307859957
Iter: 2 loss: 0.67456841468811035
Iter: 3 loss: 0.00013849232345819473
159.64273810493313
Iter: 1 loss: 0.010566122829914093
1947404.0784912934
Iter: 2 loss: 623810816
159.64273807553542
Iter: 3 loss: 0.010566122829914093
159.64273809873154
Iter: 4 loss: 0.010566122829914093
159.64273810362403
Iter: 5 loss: 0.010566122829914093
159.64273810465829
Iter: 6 loss: 0.010566122829914093
159.64273810487572
Iter: 7 loss: 0.010566122829914093
159.64273810492233
Iter: 8 loss: 0.010566122829914093
159.64273810493103
Iter: 9 loss: 0.010566122829914093
159.6427381049246
Iter: 10 loss: 0.010566122829914093
159.64273810492992
Iter: 11 loss: 0.010566122829914093
159.64273810492645
Iter: 12 loss: 0.010566122829914093
159.6427381049298
Iter: 13 loss: 0.010566122829914093
159.64273810492739
Iter: 14 loss: 0.010566122829914093
159.64273810492978
Iter: 15 loss: 0.010566122829914093
159.64273810492753
Iter: 16 loss: 0.010566122829914093
-0.31912973070705741
Iter: 1 loss: 0.00025811858358792961
-274.53533039635806
Iter: 2 loss: 0.25417545437812805
28.185673842241982
Iter: 3 loss: 0.0045694499276578426
-0.0097810036404531453
Iter: 4 loss: 0.00025754811940714717
Iter: 1 loss: 0.00014533163630403578
Iter: 2 loss: 0.65874910354614258
Iter: 3 loss: 0.00014509030734188855
164.33996366100575
Iter: 1 loss: 0.010848646983504295
-88048.311643170367
Iter: 2 loss: 438940.96875
-98541.811977006786
Iter: 3 loss: 294096.375
-23098.410301519689
Iter: 4 loss: 1678.8209228515625
163.75487822084983
Iter: 5 loss: 0.010791666805744171
156.53738948063736
Iter: 6 loss: 0.010454797185957432
156.61832834322553
Iter: 7 loss: 0.010450828820466995
156.94203424736997
Iter: 8 loss: 0.010435386560857296
158.23606573926418
Iter: 9 loss: 0.010380569845438004
163.01437073410693
Iter: 10 loss: 0.010241614654660225
163.11576006451759
Iter: 11 loss: 0.010238677263259888
163.62477162875996
Iter: 12 loss: 0.010232146829366684
164.15694671515942
Iter: 13 loss: 0.010228782892227173
164.32539961537248
Iter: 14 loss: 0.010223460383713245
163.96032997006887
Iter: 15 loss: 0.010221304371953011
163.54688900392742
Iter: 16 loss: 0.01022041030228138
1.5950981844707532
Iter: 1 loss: 0.00026304990751668811
191660.7241153183
Iter: 2 loss: 4274579
97614.067406814531
Iter: 3 loss: 703485
1.5950981766890608
Iter: 4 loss: 0.00026304990751668811
1.5950981828285764
Iter: 5 loss: 0.00026304990751668811
1.5950981841243681
Iter: 6 loss: 0.00026304990751668811
1.595098184397532
Iter: 7 loss: 0.00026304990751668811
1.5950981844555168
Iter: 8 loss: 0.00026304990751668811
1.59509818446775
Iter: 9 loss: 0.00026304990751668811
1.5950981844706231
Iter: 10 loss: 0.00026304990751668811
1.5950981844689212
Iter: 11 loss: 0.00026304990751668811
1.5950981844706109
Iter: 12 loss: 0.00026304990751668811
1.5950981844693866
Iter: 13 loss: 0.00026304990751668811
1.5950981844693557
Iter: 14 loss: 0.00026304990751668811
1.5950981844693932
Iter: 15 loss: 0.00026304990751668811
1.5950981844693941
Iter: 16 loss: 0.00026304990751668811
Iter: 1 loss: 0.00012945845082867891
Iter: 2 loss: 0.003388705663383007
Iter: 3 loss: 0.00014274218119680882
Iter: 4 loss: 0.00012937032443005592
158.11689639794574
Iter: 1 loss: 0.009842604398727417
169351.31014591845
Iter: 2 loss: 6337231.5
-52623.395395536078
Iter: 3 loss: 4511.0537109375
158.11655711247096
Iter: 4 loss: 0.0098425960168242455
158.11586070147655
Iter: 5 loss: 0.0098425783216953278
-36345.3729632959
Iter: 6 loss: 3579.581787109375
-439.4445094963221
Iter: 7 loss: 2.2283236980438232
156.15219385319406
Iter: 8 loss: 0.0098175080493092537
155.96044248779208
Iter: 9 loss: 0.00981343723833561
155.19309262218869
Iter: 10 loss: 0.0097999051213264465
153.1473054467213
Iter: 11 loss: 0.0097503606230020523
152.5847166660738
Iter: 12 loss: 0.009724888950586319
152.96167211179903
Iter: 13 loss: 0.009721606969833374
153.13128226123018
Iter: 14 loss: 0.0097214225679636
0.59701214553517379
Iter: 1 loss: 0.00029457348864525557
21349.12180468149
Iter: 2 loss: 73156.046875
0.59701158118607989
Iter: 3 loss: 0.00029457348864525557
0.59701202643722318
Iter: 4 loss: 0.00029457348864525557
0.59701212040133644
Iter: 5 loss: 0.00029457348864525557
0.59701214023014093
Iter: 6 loss: 0.00029457348864525557
0.59701214441612183
Iter: 7 loss: 0.00029457348864525557
0.5970121452988757
Iter: 8 loss: 0.00029457348864525557
0.59701214548516224
Iter: 9 loss: 0.00029457348864525557
0.59701214552476811
Iter: 10 loss: 0.00029457348864525557
0.59701214553384152
Iter: 11 loss: 0.00029457348864525557
0.59701214552776816
Iter: 12 loss: 0.00029457348864525557
0.59701214553226623
Iter: 13 loss: 0.00029457348864525557
0.597012145533844
Iter: 14 loss: 0.00029457348864525557
0.59701214553247217
Iter: 15 loss: 0.00029457348864525557
0.59701214553383064
Iter: 16 loss: 0.00029457348864525557
0.59701214553384285
Iter: 17 loss: 0.00029457348864525557
Iter: 1 loss: 0.000133196561364457
Iter: 2 loss: 0.59675174951553345
Iter: 3 loss: 0.00013313116505742073
154.5568057802152
Iter: 1 loss: 0.010488576255738735
3285.6038840495848
Iter: 2 loss: 22.321500778198242
552.66066713472128
Iter: 3 loss: 0.8245995044708252
156.83395796851937
Iter: 4 loss: 0.010463674552738667
156.75924074480366
Iter: 5 loss: 0.010458443313837051
156.46019003529216
Iter: 6 loss: 0.010440856218338013
157.10144155975792
Iter: 7 loss: 0.010376935824751854
158.80716707007974
Iter: 8 loss: 0.010350623168051243
159.63346579485358
Iter: 9 loss: 0.010346942581236362
159.81855152214771
Iter: 10 loss: 0.01034658495336771
1.9398058735950807
Iter: 1 loss: 0.00025308245676569641
305829.415843667
Iter: 2 loss: 8850908
157390.85349982459
Iter: 3 loss: 1535639.125
1.9398058714912227
Iter: 4 loss: 0.00025308245676569641
1.9398058731512771
Iter: 5 loss: 0.00025308245676569641
1.9398058735014285
Iter: 6 loss: 0.00025308245676569641
1.9398058735754224
Iter: 7 loss: 0.00025308245676569641
1.939805873590706
Iter: 8 loss: 0.00025308245676569641
1.9398058735949093
Iter: 9 loss: 0.00025308245676569641
1.9398058735922539
Iter: 10 loss: 0.00025308245676569641
1.9398058735943722
Iter: 11 loss: 0.00025308245676569641
1.939805873592815
Iter: 12 loss: 0.00025308245676569641
1.9398058735925607
Iter: 13 loss: 0.00025308245676569641
1.9398058735927939
Iter: 14 loss: 0.00025308245676569641
1.9398058735926722
Iter: 15 loss: 0.00025308245676569641
1.9398058735927934
Iter: 16 loss: 0.00025308245676569641
Iter: 1 loss: 0.00013565250264946371
Iter: 2 loss: 0.62024056911468506
Iter: 3 loss: 0.00013553212920669466
171.58413371248514
Iter: 1 loss: 0.010609901510179043
-5799.0769866046776
Iter: 2 loss: 254.76638793945312
172.07084059011044
Iter: 3 loss: 0.010596358217298985
172.01396555344945
Iter: 4 loss: 0.010556207038462162
169.76269211390127
Iter: 5 loss: 0.010474793612957
161.66602930243775
Iter: 6 loss: 0.0106935054063797
168.16248105469236
Iter: 7 loss: 0.010460595600306988
167.57053849228788
Iter: 8 loss: 0.01045595295727253
167.61055362910525
Iter: 9 loss: 0.010454669594764709
167.77061664304111
Iter: 10 loss: 0.010449842549860477
169.5157381613119
Iter: 11 loss: 0.010427216999232769
170.1733450498545
Iter: 12 loss: 0.010423378087580204
172.80450933567226
Iter: 13 loss: 0.010411870665848255
177.40938720806327
Iter: 14 loss: 0.010399892926216125
179.50509285217623
Iter: 15 loss: 0.010386623442173004
187.68573091632953
Iter: 16 loss: 0.010318433865904808
186.62953188482504
Iter: 17 loss: 0.010284748859703541
184.0862232511036
Iter: 18 loss: 0.010273711755871773
183.49843631003836
Iter: 19 loss: 0.010273323394358158
2.1427331447342146
Iter: 1 loss: 0.00024878914700821042
141911.1962255711
Iter: 2 loss: 3159200.25
2.142733144164926
Iter: 3 loss: 0.00024878914700821042
2.14273314461355
Iter: 4 loss: 0.00024878914700821042
2.1427331447089233
Iter: 5 loss: 0.00024878914700821042
2.1427331447286972
Iter: 6 loss: 0.00024878914700821042
2.1427331447154936
Iter: 7 loss: 0.00024878914700821042
2.1427331447259066
Iter: 8 loss: 0.00024878914700821042
2.1427331447282616
Iter: 9 loss: 0.00024878914700821042
2.1427331447271425
Iter: 10 loss: 0.00024878914700821042
2.1427331447278526
Iter: 11 loss: 0.00024878914700821042
2.1427331447272411
Iter: 12 loss: 0.00024878914700821042
2.1427331447277771
Iter: 13 loss: 0.00024878914700821042
Iter: 1 loss: 0.00013241243141237646
Iter: 2 loss: 0.0040427143685519695
Iter: 3 loss: 0.00015074475959409028
Iter: 4 loss: 0.00013235199730843306
165.21012742716357
Iter: 1 loss: 0.0096964575350284576
3112.3706426165072
Iter: 2 loss: 22.003437042236328
777.89374610885159
Iter: 3 loss: 1.9994889497756958
169.38884345840947
Iter: 4 loss: 0.009626876562833786
168.72379168135785
Iter: 5 loss: 0.0096238274127244949
168.69119475477873
Iter: 6 loss: 0.0096234679222106934
168.56079129407507
Iter: 7 loss: 0.0096223009750247
168.48751306998145
Iter: 8 loss: 0.0096173770725727081
168.8586290321505
Iter: 9 loss: 0.0096100643277168274
169.46352288485809
Iter: 10 loss: 0.0096043655648827553
170.10836850206007
Iter: 11 loss: 0.0096008880063891411
170.32148411289074
Iter: 12 loss: 0.0095993112772703171
170.61296378451627
Iter: 13 loss: 0.0095950998365879059
170.71861511424976
Iter: 14 loss: 0.00958833284676075
170.39461448937735
Iter: 15 loss: 0.00957905501127243
169.64385879684048
Iter: 16 loss: 0.0095727406442165375
169.24424713117543
Iter: 17 loss: 0.00957186333835125
2.1390680300042013
Iter: 1 loss: 0.00033905197051353753
205442.99242401644
Iter: 2 loss: 5010672
2210332.6623692536
Iter: 3 loss: 987707904
2.1390680300040223
Iter: 4 loss: 0.00033905197051353753
-5.2722539430867776
Iter: 5 loss: 0.0004841787158511579
0.40499442053749
Iter: 6 loss: 0.00032470255973748863
0.49956692612701914
Iter: 7 loss: 0.00032384594669565558
0.87756691425945454
Iter: 8 loss: 0.00032074027694761753
2.1888174092972128
Iter: 9 loss: 0.0003115154686383903
0.93430639599936571
Iter: 10 loss: 0.00030993216205388308
-2.3912453177686972
Iter: 11 loss: 0.00030420327675528824
-5.1750309153393825
Iter: 12 loss: 0.00029603793518617749
-5.3028610759056081
Iter: 13 loss: 0.00028506550006568432
-1.5231555749907766
Iter: 14 loss: 0.00027767216670326889
-0.25504604612478476
Iter: 15 loss: 0.000275983678875491
0.008151284941709247
Iter: 16 loss: 0.000275198690360412
Iter: 1 loss: 0.00011811440344899893
Iter: 2 loss: 0.0038676038384437561
Iter: 3 loss: 0.00037157998303882778
Iter: 4 loss: 0.0001177942322101444
172.61736272944398
Iter: 1 loss: 0.0095162242650985718
2632.5794306306525
Iter: 2 loss: 15.855129241943359
467.87799835953467
Iter: 3 loss: 0.49390044808387756
174.37104377813247
Iter: 4 loss: 0.00950019434094429
174.24865629611148
Iter: 5 loss: 0.0094997622072696686
-1.4493211155099315
Iter: 1 loss: 0.0002611971867736429
-138.1397577549167
Iter: 2 loss: 0.24623212218284607
105.58897686891881
Iter: 3 loss: 0.062450997531414032
0.709856839887957
Iter: 4 loss: 0.00024812589981593192
-0.18210081057729621
Iter: 5 loss: 0.00024425724404864013
-0.82726900815655013
Iter: 6 loss: 0.0002415635681245476
-2.7049781089874259
Iter: 7 loss: 0.00023386611428577453
-3.6425149214202905
Iter: 8 loss: 0.0002288972755195573
-3.1398444887267303
Iter: 9 loss: 0.00022663222625851631
-2.3750759793533627
Iter: 10 loss: 0.00022566967527382076
Iter: 1 loss: 0.00012624132796190679
Iter: 2 loss: 0.67296552658081055
Iter: 3 loss: 0.00012595442240126431
172.45326422985
Iter: 1 loss: 0.0098058311268687248
-23699.343163809666
Iter: 2 loss: 1070509.75
-82077.94995060045
Iter: 3 loss: 71617.3671875
172.44911386631125
Iter: 4 loss: 0.0098056010901927948
168.18603706330003
Iter: 5 loss: 0.00968816876411438
168.20873480548505
Iter: 6 loss: 0.0096881408244371414
-0.56009265447293832
Iter: 1 loss: 0.00028845830820500851
81437.0585318288
Iter: 2 loss: 1465524
869059.67135572457
Iter: 3 loss: 172409760
-0.56009265447438716
Iter: 4 loss: 0.00028845830820500851
-1.3662547747389917
Iter: 5 loss: 0.00028695014771074057
-1.0685496818796254
Iter: 6 loss: 0.00028618279611691833
Iter: 1 loss: 0.00011693677515722811
Iter: 2 loss: 0.28982430696487427
Iter: 3 loss: 0.00011689033999573439
177.96413480455658
Iter: 1 loss: 0.009829418733716011
2435.6762250217971
Iter: 2 loss: 12.334835052490234
446.25178228952007
Iter: 3 loss: 0.41338813304901123
179.70720549081062
Iter: 4 loss: 0.0098134987056255341
179.57183560769835
Iter: 5 loss: 0.009813203476369381
-2.5899262473262588
Iter: 1 loss: 0.00027838745154440403
165.17529241307869
Iter: 2 loss: 0.2840212881565094
120.7310108832622
Iter: 3 loss: 0.08614097535610199
-0.72874298907011248
Iter: 4 loss: 0.0002677795710042119
-1.2078693590450711
Iter: 5 loss: 0.00026624769088812172
-1.2449334735689241
Iter: 6 loss: 0.00026610141503624618
-1.3932109720171568
Iter: 7 loss: 0.00026559969410300255
Iter: 1 loss: 0.00012798634998034686
Iter: 2 loss: 0.0039343452081084251
Iter: 3 loss: 0.00014002810348756611
Iter: 4 loss: 0.00012792994675692171
170.70682660714743
Iter: 1 loss: 0.01042221300303936
-53454.080333834434
Iter: 2 loss: 470930.125
-49652.100558459439
Iter: 3 loss: 2836.494140625
170.48947054642224
Iter: 4 loss: 0.010404055938124657
163.7146339808275
Iter: 5 loss: 0.010128093883395195
163.80215186899107
Iter: 6 loss: 0.010127346031367779
164.15218004086017
Iter: 7 loss: 0.010124953463673592
164.97836736095869
Iter: 8 loss: 0.010115774348378181
165.87306598734975
Iter: 9 loss: 0.010103754699230194
166.09892224006776
Iter: 10 loss: 0.010092728771269321
166.20959935605867
Iter: 11 loss: 0.010081017389893532
166.35276509708825
Iter: 12 loss: 0.010074400343000889
167.06528217062561
Iter: 13 loss: 0.010060472413897514
167.95427205339823
Iter: 14 loss: 0.010051976889371872
168.33803770172278
Iter: 15 loss: 0.010049792006611824
168.33608993477645
Iter: 16 loss: 0.010049586184322834
0.057978411404043972
Iter: 1 loss: 0.00039803306572139263
42276.527242560114
Iter: 2 loss: 136977.578125
41434.557249905978
Iter: 3 loss: 53972.25390625
0.057977988842380923
Iter: 4 loss: 0.00039803303661756217
0.057977912973380563
Iter: 5 loss: 0.00039803303661756217
654107.352243534
Iter: 6 loss: 31768498
279.80908610538654
Iter: 7 loss: 0.3812183141708374
-69.517401922126908
Iter: 8 loss: 0.032533958554267883
-2.0975826189904794
Iter: 9 loss: 0.00034696579677984118
-2.4061863666342553
Iter: 10 loss: 0.00034175816108472645
-2.2666053110562787
Iter: 11 loss: 0.00033645943040028214
-1.1861987357397745
Iter: 12 loss: 0.000325932283885777
0.13945937483342252
Iter: 13 loss: 0.00031884099007584155
0.40723159086529226
Iter: 14 loss: 0.00031725145527161658
0.29376758282489845
Iter: 15 loss: 0.00031679944368079305
Iter: 1 loss: 0.00012235490430612117
Iter: 2 loss: 0.64414471387863159
Iter: 3 loss: 0.00012225273530930281
179.04456602340133
Iter: 1 loss: 0.009929838590323925
2798.9656801142946
Iter: 2 loss: 16.324953079223633
759.70702054375965
Iter: 3 loss: 1.7303354740142822
183.74360512333902
Iter: 4 loss: 0.0098515134304761887
182.80063579474913
Iter: 5 loss: 0.0098455492407083511
182.66920692677044
Iter: 6 loss: 0.00984439067542553
181.42636907096181
Iter: 7 loss: 0.0098311407491564751
180.42702910000776
Iter: 8 loss: 0.0098174409940838814
179.80297319609383
Iter: 9 loss: 0.0098032578825950623
179.93835740534877
Iter: 10 loss: 0.0097988210618495941
180.16201768280882
Iter: 11 loss: 0.0097979092970490456
0.5569518280739123
Iter: 1 loss: 0.000287980365101248
-278.850899214839
Iter: 2 loss: 0.26235485076904297
89.275377739803275
Iter: 3 loss: 0.052165761590003967
2.3054676431672814
Iter: 4 loss: 0.0002758634218480438
1.6028914844322606
Iter: 5 loss: 0.00027290606522001326
0.5429331556300574
Iter: 6 loss: 0.00026887294370681047
-1.3829877311935412
Iter: 7 loss: 0.00026192917721346021
-2.4554278906954639
Iter: 8 loss: 0.00025703490246087313
-2.15935472708282
Iter: 9 loss: 0.00025547682889737189
-1.6150141073776081
Iter: 10 loss: 0.00025479707983322442
Iter: 1 loss: 0.00013701559510082006
Iter: 2 loss: 0.6604001522064209
Iter: 3 loss: 0.00013681408017873764
166.84330062208312
Iter: 1 loss: 0.0099762380123138428
35401.376420253793
Iter: 2 loss: 1395473.625
-115337.53635787539
Iter: 3 loss: 364546.5625
166.84320339743357
Iter: 4 loss: 0.0099762342870235443
166.843161324241
Iter: 5 loss: 0.0099762324243783951
-38934.028613908617
Iter: 6 loss: 4964.60205078125
166.65634308253402
Iter: 7 loss: 0.009970800019800663
164.31001555998591
Iter: 8 loss: 0.0099380910396575928
164.36068201035
Iter: 9 loss: 0.0099346563220024109
164.563291524279
Iter: 10 loss: 0.00992140918970108
165.37282973010571
Iter: 11 loss: 0.0098763341084122658
167.25761784116281
Iter: 12 loss: 0.00980316661298275
167.15659234624121
Iter: 13 loss: 0.0097759580239653587
164.06637048779973
Iter: 14 loss: 0.00961366482079029
164.11069354059941
Iter: 15 loss: 0.0095989145338535309
164.1352252643955
Iter: 16 loss: 0.009598245844244957
-3.2722915289447094
Iter: 1 loss: 0.00026621608412824571
910.878225192587
Iter: 2 loss: 0.35075536370277405
8.23250630519924
Iter: 3 loss: 0.000687046442180872
-2.9486427847702523
Iter: 4 loss: 0.00026593593065626919
Iter: 1 loss: 0.00013054242299403995
Iter: 2 loss: 0.680679976940155
Iter: 3 loss: 0.00013028045941609889
165.95434735587858
Iter: 1 loss: 0.010305495001375675
16064.729125421101
Iter: 2 loss: 94078.765625
-381771.26138204581
Iter: 3 loss: 26779778
-15418.282352674389
Iter: 4 loss: 1118.6744384765625
165.92659361536272
Iter: 5 loss: 0.010305264033377171
165.28880556877542
Iter: 6 loss: 0.010302654467523098
165.35439232423042
Iter: 7 loss: 0.010300528258085251
165.61666570396972
Iter: 8 loss: 0.010292574763298035
167.84188114102872
Iter: 9 loss: 0.010255225002765656
168.03808530303107
Iter: 10 loss: 0.010249296203255653
168.82233442556651
Iter: 11 loss: 0.010231600143015385
169.42956817408384
Iter: 12 loss: 0.010186213999986649
169.22439597216436
Iter: 13 loss: 0.010147165507078171
168.93322762462969
Iter: 14 loss: 0.010142827406525612
168.82235375785831
Iter: 15 loss: 0.010142156854271889
-1.0602798113883471
Iter: 1 loss: 0.00031243491685017943
78327.247045856973
Iter: 2 loss: 400611.8125
-1.0602798488152623
Iter: 3 loss: 0.00031243491685017943
-1.0602798192872347
Iter: 4 loss: 0.00031243491685017943
-1.0602798130556406
Iter: 5 loss: 0.00031243491685017943
-1.0602798117402021
Iter: 6 loss: 0.00031243491685017943
-1.0602798114624985
Iter: 7 loss: 0.00031243491685017943
-1.060279811404186
Iter: 8 loss: 0.00031243491685017943
-1.0602798113911889
Iter: 9 loss: 0.00031243491685017943
-1.0602798113884169
Iter: 10 loss: 0.00031243491685017943
-1.0602798113904326
Iter: 11 loss: 0.00031243491685017943
-1.0602798113884748
Iter: 12 loss: 0.00031243491685017943
-1.0602798113896554
Iter: 13 loss: 0.00031243491685017943
-1.0602798113890148
Iter: 14 loss: 0.00031243491685017943
-1.0602798113895953
Iter: 15 loss: 0.00031243491685017943
-1.0602798113890812
Iter: 16 loss: 0.00031243491685017943
-1.0602798113891967
Iter: 17 loss: 0.00031243491685017943
-1.0602798113890841
Iter: 18 loss: 0.00031243491685017943
-1.0602798113891867
Iter: 19 loss: 0.00031243491685017943
Iter: 1 loss: 0.00013045115338172764
Iter: 2 loss: 0.0040023783221840858
Iter: 3 loss: 0.00045359734212979674
Iter: 4 loss: 0.00013002759078517556
177.24989923017043
Iter: 1 loss: 0.0096197556704282761
-76528.206348669424
Iter: 2 loss: 481487.5625
177.2492913671918
Iter: 3 loss: 0.0096197500824928284
176.37819693578246
Iter: 4 loss: 0.0096151325851678848
176.37519698614923
Iter: 5 loss: 0.0096150217577815056
176.36319653090041
Iter: 6 loss: 0.0096145849674940109
176.3151842038167
Iter: 7 loss: 0.0096128862351179123
176.12296688342809
Iter: 8 loss: 0.0096068177372217178
174.33705010998796
Iter: 9 loss: 0.0095878317952156067
171.22226159936969
Iter: 10 loss: 0.00958176888525486
172.04550120662225
Iter: 11 loss: 0.0095776980742812157
172.05421799758
Iter: 12 loss: 0.0095776654779911041
-4.7045199558304214
Iter: 1 loss: 0.00029834290035068989
150861.76279722116
Iter: 2 loss: 1776772.125
718754.43271131127
Iter: 3 loss: 110935408
2218970.4422618644
Iter: 4 loss: 742639168
-12.579641551280877
Iter: 5 loss: 0.023683415725827217
-5.4502979441380566
Iter: 6 loss: 0.0002901354746427387
-5.3114550717608342
Iter: 7 loss: 0.0002885053982026875
-3.4808511346409752
Iter: 8 loss: 0.00027949261129833758
-1.7487959392814132
Iter: 9 loss: 0.00027431064518168569
-1.6668150749561987
Iter: 10 loss: 0.00027019291883334517
-2.4201680990462413
Iter: 11 loss: 0.00026783440262079239
-3.3892142873817521
Iter: 12 loss: 0.00026643631281331182
-4.7085221432350028
Iter: 13 loss: 0.00026358073228038847
-4.07118470383842
Iter: 14 loss: 0.000255229533649981
-1.9284264049612214
Iter: 15 loss: 0.00024335640773642808
0.13165299538648934
Iter: 16 loss: 0.0002355054602958262
0.27833684336033887
Iter: 17 loss: 0.00023150985362008214
-0.18815839831132436
Iter: 18 loss: 0.0002306385722476989
Iter: 1 loss: 0.00013854721328243613
Iter: 2 loss: 0.67348629236221313
Iter: 3 loss: 0.00013814448902849108
171.85377651077386
Iter: 1 loss: 0.010192928835749626
3092.6212893648249
Iter: 2 loss: 21.513223648071289
823.67435628496446
Iter: 3 loss: 2.2209606170654297
176.6453987653988
Iter: 4 loss: 0.01010926254093647
175.7252210440266
Iter: 5 loss: 0.010104184970259666
175.70168630579133
Iter: 6 loss: 0.010104065760970116
175.60754380673646
Iter: 7 loss: 0.010103628039360046
3.0017254753592049
Iter: 1 loss: 0.00024093611864373088
-987.23540513211117
Iter: 2 loss: 0.39641773700714111
7.43076394978201
Iter: 3 loss: 0.0022145672701299191
3.1836374205457352
Iter: 4 loss: 0.0002378444914938882
2.5560292137945817
Iter: 5 loss: 0.00023475507623516023
0.099490233590457167
Iter: 6 loss: 0.00022872892441228032
0.50501147260895829
Iter: 7 loss: 0.00022831246315035969
Iter: 1 loss: 0.00012690428411588073
Iter: 2 loss: 0.662577748298645
Iter: 3 loss: 0.00012659249478019774
176.34778857955985
Iter: 1 loss: 0.0099458843469619751
732531.01497209
Iter: 2 loss: 108291600
-20747992.360804908
Iter: 3 loss: 83457966080
-20589.988547036432
Iter: 4 loss: 1368.286865234375
176.11682453322848
Iter: 5 loss: 0.00993337295949459
171.80910266672191
Iter: 6 loss: 0.0098204687237739563
171.85205977593523
Iter: 7 loss: 0.0098199788480997086
172.02388028006237
Iter: 8 loss: 0.00981814693659544
173.74323370494079
Iter: 9 loss: 0.0097967162728309631
174.85624435705492
Iter: 10 loss: 0.0097802877426147461
176.01932171267049
Iter: 11 loss: 0.0097429938614368439
176.75463694268774
Iter: 12 loss: 0.0096860677003860474
176.14753684569035
Iter: 13 loss: 0.0096810553222894669
175.8026932985907
Iter: 14 loss: 0.0096805840730667114
-0.96200681183565628
Iter: 1 loss: 0.00022881012409925461
274609.22111694817
Iter: 2 loss: 17521916
49908.704048770989
Iter: 3 loss: 104411.53125
-0.96200683076381388
Iter: 4 loss: 0.00022881012409925461
-0.96200681583025216
Iter: 5 loss: 0.00022881012409925461
-0.96200681267850563
Iter: 6 loss: 0.00022881012409925461
-0.96200681201317928
Iter: 7 loss: 0.00022881012409925461
-0.96200681187311243
Iter: 8 loss: 0.00022881012409925461
-0.96200681184334769
Iter: 9 loss: 0.00022881012409925461
-0.9620068118368843
Iter: 10 loss: 0.00022881012409925461
-0.96200681184152725
Iter: 11 loss: 0.00022881012409925461
-0.96200681183806092
Iter: 12 loss: 0.00022881012409925461
-0.96200681184031878
Iter: 13 loss: 0.00022881012409925461
-0.9620068118384919
Iter: 14 loss: 0.00022881012409925461
-0.96200681183965231
Iter: 15 loss: 0.00022881012409925461
-0.96200681183906656
Iter: 16 loss: 0.00022881012409925461
-0.962006811839457
Iter: 17 loss: 0.00022881012409925461
-0.96200681183907344
Iter: 18 loss: 0.00022881012409925461
-0.96200681183936321
Iter: 19 loss: 0.00022881012409925461
-0.96200681183907366
Iter: 20 loss: 0.00022881012409925461
Iter: 1 loss: 0.00012659013736993074
Iter: 2 loss: 0.22624695301055908
Iter: 3 loss: 0.00012654383317567408
167.59446840473964
Iter: 1 loss: 0.0097729358822107315
3022.462563110807
Iter: 2 loss: 20.315910339355469
678.20642323200173
Iter: 3 loss: 1.3427255153656006
170.86187444201877
Iter: 4 loss: 0.00972753670066595
170.45953793911659
Iter: 5 loss: 0.00972628965973854
170.35227946520661
Iter: 6 loss: 0.0097257737070322037
2.2402897352789983
Iter: 1 loss: 0.00027800249517895281
3593.171220268302
Iter: 2 loss: 5404.61962890625
2.2402025602454563
Iter: 3 loss: 0.00027800173847936094
1.2505619397835779
Iter: 4 loss: 0.00027386492001824081
1.2911835408332966
Iter: 5 loss: 0.00027363840490579605
1.4536301338706186
Iter: 6 loss: 0.00027278010384179652
2.4548038874830711
Iter: 7 loss: 0.00026688072830438614
1.1246263331699349
Iter: 8 loss: 0.000262784626102075
-3.3814342358730154
Iter: 9 loss: 0.0002543431764934212
-2.1945009143940348
Iter: 10 loss: 0.00024700452922843397
-7.5246945679407746
Iter: 11 loss: 0.00024330081942025572
-0.87708336509401108
Iter: 12 loss: 0.00023719957971479744
-1.4074930429921071
Iter: 13 loss: 0.00023682767641730607
Iter: 1 loss: 0.00013607877190224826
Iter: 2 loss: 0.45349398255348206
Iter: 3 loss: 0.00013603427214547992
177.60305041470104
Iter: 1 loss: 0.010727854445576668
326084.27141269104
Iter: 2 loss: 26628142
-81760.800354147854
Iter: 3 loss: 163274.359375
177.60303776155985
Iter: 4 loss: 0.010727853514254093
171.10164792433011
Iter: 5 loss: 0.010426755994558334
171.17208182259742
Iter: 6 loss: 0.010426335968077183
-3.6232909038359127
Iter: 1 loss: 0.00027135558775626123
183984.39434442189
Iter: 2 loss: 2394589.5
-3.6232909077195794
Iter: 3 loss: 0.00027135558775626123
-3.6232909046554451
Iter: 4 loss: 0.00027135558775626123
-3.6232909040088783
Iter: 5 loss: 0.00027135558775626123
-3.6232909038718795
Iter: 6 loss: 0.00027135558775626123
-3.6232909038439463
Iter: 7 loss: 0.00027135558775626123
-3.6232909038371255
Iter: 8 loss: 0.00027135558775626123
-3.6232909038418311
Iter: 9 loss: 0.00027135558775626123
-3.6232909038383529
Iter: 10 loss: 0.00027135558775626123
-3.6232909038406573
Iter: 11 loss: 0.00027135558775626123
-3.6232909038386278
Iter: 12 loss: 0.00027135558775626123
-3.6232909038383534
Iter: 13 loss: 0.00027135558775626123
-3.6232909038383951
Iter: 14 loss: 0.00027135558775626123
Iter: 1 loss: 0.00012439049896784127
Iter: 2 loss: 0.00402705417945981
Iter: 3 loss: 0.00025049893883988261
Iter: 4 loss: 0.00012423710722941905
172.46254994730648
Iter: 1 loss: 0.010172193869948387
3200.9781863066733
Iter: 2 loss: 22.706249237060547
319.46471611207073
Iter: 3 loss: 0.13904732465744019
173.12271387338077
Iter: 4 loss: 0.010169565677642822
173.14332428184866
Iter: 5 loss: 0.010169108398258686
173.2257577177343
Iter: 6 loss: 0.010167358443140984
173.55536031160506
Iter: 7 loss: 0.010161731392145157
174.63060188900738
Iter: 8 loss: 0.010155891999602318
174.86030406770905
Iter: 9 loss: 0.010153649374842644
175.77876022089794
Iter: 10 loss: 0.010146312415599823
177.77215813023108
Iter: 11 loss: 0.010133733972907066
177.61180017794948
Iter: 12 loss: 0.010130665265023708
176.74056756042319
Iter: 13 loss: 0.010126863606274128
176.55072323889939
Iter: 14 loss: 0.010125156491994858
174.94727729572605
Iter: 15 loss: 0.010107459500432014
174.21418958521593
Iter: 16 loss: 0.010093821212649345
174.22870942419024
Iter: 17 loss: 0.010080122388899326
174.83394756089362
Iter: 18 loss: 0.010076867416501045
175.10392761143189
Iter: 19 loss: 0.010075518861413002
175.48229302055395
Iter: 20 loss: 0.010072805918753147
175.67670103189249
Iter: 21 loss: 0.010066723451018333
175.27557353396287
Iter: 22 loss: 0.010046830400824547
172.87392113716069
Iter: 23 loss: 0.01001003198325634
166.65385260088181
Iter: 24 loss: 0.0099582253023982048
161.73977137655274
Iter: 25 loss: 0.0098955947905778885
156.97441803175545
Iter: 26 loss: 0.0098405713215470314
149.9712529595368
Iter: 27 loss: 0.0098415790125727654
153.56553888793505
Iter: 28 loss: 0.0098324259743094444
152.87118433606693
Iter: 29 loss: 0.00983019731938839
151.75721226463929
Iter: 30 loss: 0.0098257344216108322
150.86948881438582
Iter: 31 loss: 0.0098244044929742813
150.15776051108492
Iter: 32 loss: 0.0098230466246604919
148.70093371404857
Iter: 33 loss: 0.0098205674439668655
146.75177413550131
Iter: 34 loss: 0.009815555065870285
141.61797082060798
Iter: 35 loss: 0.0098055116832256317
136.18203504882928
Iter: 36 loss: 0.00978919118642807
127.4943271587611
Iter: 37 loss: 0.0097839385271072388
130.3177012344425
Iter: 38 loss: 0.0097663402557373047
130.71884970450856
Iter: 39 loss: 0.00975620187819004
133.33255544488978
Iter: 40 loss: 0.0097475890070199966
134.19434776674086
Iter: 41 loss: 0.0097450520843267441
134.00238132411624
Iter: 42 loss: 0.0097434800118207932
134.19743291398487
Iter: 43 loss: 0.00974278710782528
-4.0657920802352123
Iter: 1 loss: 0.00027589246747083962
590.97764420891247
Iter: 2 loss: 0.22956112027168274
53.19214072460106
Iter: 3 loss: 0.013500034809112549
-3.5061088041207413
Iter: 4 loss: 0.0002746804675552994
-3.5202807298577863
Iter: 5 loss: 0.00027438392862677574
-3.5771806162097204
Iter: 6 loss: 0.00027349439915269613
-3.2263707330042686
Iter: 7 loss: 0.00027152645634487271
-2.1432685797948476
Iter: 8 loss: 0.0002696981537155807
-0.20620381300514945
Iter: 9 loss: 0.00026733634877018631
2.421320617003563
Iter: 10 loss: 0.00026446359697729349
4.437524313028133
Iter: 11 loss: 0.00026125909062102437
4.5442084494140822
Iter: 12 loss: 0.00025478884344920516
5.8685671898037439
Iter: 13 loss: 0.00024372077314183116
3.130996690193967
Iter: 14 loss: 0.00023550921468995512
0.31806815723815668
Iter: 15 loss: 0.00023053667973726988
-0.29057281848639405
Iter: 16 loss: 0.00022995614563114941
Iter: 1 loss: 0.00013219309039413929
Iter: 2 loss: 0.55564296245574951
Iter: 3 loss: 0.0001321494928561151
125.46561308361882
Iter: 1 loss: 0.009647296741604805
20213357.350335997
Iter: 2 loss: 99756466176
-20603775.696766306
Iter: 3 loss: 102443909120
-22418.612538096808
Iter: 4 loss: 1546.22119140625
125.35379600657386
Iter: 5 loss: 0.0096451723948121071
123.94458071206736
Iter: 6 loss: 0.0096323192119598389
123.95021628365856
Iter: 7 loss: 0.009632280096411705
123.97275842736047
Iter: 8 loss: 0.0096321254968643188
124.06292471954714
Iter: 9 loss: 0.0096315238624811172
124.42355336992787
Iter: 10 loss: 0.0096294563263654709
126.05514708006493
Iter: 11 loss: 0.0096189416944980621
127.28978252065545
Iter: 12 loss: 0.0096115227788686752
127.79569999592721
Iter: 13 loss: 0.0096051022410392761
128.02794261753832
Iter: 14 loss: 0.0095988120883703232
127.90988717898833
Iter: 15 loss: 0.0095976488664746284
127.9954342720514
Iter: 16 loss: 0.0095961475744843483
128.3574133992318
Iter: 17 loss: 0.0095939934253692627
128.88343445985012
Iter: 18 loss: 0.00959168653935194
130.67325395639259
Iter: 19 loss: 0.00958437379449606
134.16591428023642
Iter: 20 loss: 0.0095706107094883919
140.36830760565584
Iter: 21 loss: 0.0095472894608974457
146.52303983820855
Iter: 22 loss: 0.0095250038430094719
148.94996377950739
Iter: 23 loss: 0.0095149753615260124
148.44614971264031
Iter: 24 loss: 0.0095133660361170769
147.97658294737275
Iter: 25 loss: 0.0095131341367959976
-0.10125187366590405
Iter: 1 loss: 0.00025631702737882733
2417512.3845572425
Iter: 2 loss: 505560192
984806.72987693839
Iter: 3 loss: 112838944
-0.10125187367034982
Iter: 4 loss: 0.00025631702737882733
-0.10125187366621113
Iter: 5 loss: 0.00025631702737882733
-0.10125187366873839
Iter: 6 loss: 0.00025631702737882733
-0.10125187367028426
Iter: 7 loss: 0.00025631702737882733
Iter: 1 loss: 0.00013338513963390142
Iter: 2 loss: 0.66111701726913452
Iter: 3 loss: 0.000133230205392465
158.95651656990481
Iter: 1 loss: 0.0094744525849819183
2933.1571321615829
Iter: 2 loss: 20.215673446655273
682.63659921709291
Iter: 3 loss: 1.4564855098724365
162.45609617494551
Iter: 4 loss: 0.0094223534688353539
161.9293235368545
Iter: 5 loss: 0.009419051930308342
161.51118254718688
Iter: 6 loss: 0.0094153471291065216
160.47154302472333
Iter: 7 loss: 0.0094033200293779373
159.27683947557944
Iter: 8 loss: 0.00938493013381958
158.48191554293376
Iter: 9 loss: 0.0093644466251134872
158.70828652441384
Iter: 10 loss: 0.0093559715896844864
159.00593780761264
Iter: 11 loss: 0.0093549750745296478
0.7309696707134542
Iter: 1 loss: 0.00030743255047127604
122.99503724564593
Iter: 2 loss: 0.30089730024337769
74.175831922764431
Iter: 3 loss: 0.023587401956319809
1.4344171998825885
Iter: 4 loss: 0.00030545232584699988
1.3672344058451704
Iter: 5 loss: 0.00030519993742927909
Iter: 1 loss: 0.00012381261331029236
Iter: 2 loss: 0.65012264251708984
Iter: 3 loss: 0.00012361758854240179
159.67657326642069
Iter: 1 loss: 0.0097530214115977287
243339.26065553518
Iter: 2 loss: 7763173
159.67657080221377
Iter: 3 loss: 0.0097530204802751541
159.67657070345035
Iter: 4 loss: 0.0097530204802751541
-61223.1980209417
Iter: 5 loss: 467706.625
-36124.187688123369
Iter: 6 loss: 4088.848876953125
159.43364533839269
Iter: 7 loss: 0.0097351148724555969
154.81482677697619
Iter: 8 loss: 0.0095705296844244
154.89341582270481
Iter: 9 loss: 0.0095689762383699417
155.20773019750504
Iter: 10 loss: 0.0095631824806332588
157.87334019052594
Iter: 11 loss: 0.0095185190439224243
158.24800418682895
Iter: 12 loss: 0.009510052390396595
158.16938455130423
Iter: 13 loss: 0.00950792245566845
158.08728949109644
Iter: 14 loss: 0.00950707122683525
1.8370336299469048
Iter: 1 loss: 0.000337727164151147
23945.848937375824
Iter: 2 loss: 33016.5
61365.544395144956
Iter: 3 loss: 95145.6875
42642094.151286349
Iter: 4 loss: 378338410496
1.8370336299469052
Iter: 5 loss: 0.000337727164151147
Iter: 1 loss: 0.00012525901547633111
Iter: 2 loss: 0.00393916480243206
Iter: 3 loss: 0.00037452124524861574
Iter: 4 loss: 0.00012494056136347353
162.21137234545489
Iter: 1 loss: 0.01004320289939642
2545.4565594908509
Iter: 2 loss: 17.032535552978516
640.28713799109335
Iter: 3 loss: 1.6702182292938232
165.26605906723529
Iter: 4 loss: 0.00999252125620842
164.71886637580081
Iter: 5 loss: 0.009989812970161438
164.69738247334689
Iter: 6 loss: 0.0099896416068077087
164.61144280229217
Iter: 7 loss: 0.0099890232086181641
1.2357351972808321
Iter: 1 loss: 0.00025333656230941415
20634.673466921813
Iter: 2 loss: 74920.421875
1.2357350596642243
Iter: 3 loss: 0.00025333656230941415
1.235735168238663
Iter: 4 loss: 0.00025333656230941415
1.2357351911518146
Iter: 5 loss: 0.00025333656230941415
1.2357351959874245
Iter: 6 loss: 0.00025333656230941415
1.2357351970079931
Iter: 7 loss: 0.00025333656230941415
1.2357351972227062
Iter: 8 loss: 0.00025333656230941415
1.2357351972689441
Iter: 9 loss: 0.00025333656230941415
1.2357351972785491
Iter: 10 loss: 0.00025333656230941415
1.2357351972807091
Iter: 11 loss: 0.00025333656230941415
1.2357351972796549
Iter: 12 loss: 0.00025333656230941415
1.23573519727893
Iter: 13 loss: 0.00025333656230941415
Iter: 1 loss: 0.0001223752333316952
Iter: 2 loss: 0.016874846071004868
Iter: 3 loss: 0.00012391459313221276
Iter: 4 loss: 0.00012146681547164917
153.184273842192
Iter: 1 loss: 0.0094255805015563965
2666.2617387369041
Iter: 2 loss: 16.62373161315918
807.89392915721442
Iter: 3 loss: 2.3868050575256348
159.10317571934098
Iter: 4 loss: 0.00932120531797409
157.46911090564282
Iter: 5 loss: 0.0093030817806720734
157.44886281346493
Iter: 6 loss: 0.0093029718846082687
157.36786834065998
Iter: 7 loss: 0.0093025695532560349
2.665587964184124
Iter: 1 loss: 0.00034987542312592268
55133.644031169206
Iter: 2 loss: 196141.015625
2.6655878589378035
Iter: 3 loss: 0.00034987542312592268
2.6655879419736013
Iter: 4 loss: 0.00034987542312592268
2.6655879594965306
Iter: 5 loss: 0.00034987542312592268
2.6655879631950934
Iter: 6 loss: 0.00034987542312592268
2.6655879639754234
Iter: 7 loss: 0.00034987542312592268
2.66558796413971
Iter: 8 loss: 0.00034987542312592268
2.6655879641752156
Iter: 9 loss: 0.00034987542312592268
2.6655879641829165
Iter: 10 loss: 0.00034987542312592268
2.6655879641840592
Iter: 11 loss: 0.00034987542312592268
2.6655879641832825
Iter: 12 loss: 0.00034987542312592268
2.6655879641840032
Iter: 13 loss: 0.00034987542312592268
2.6655879641833962
Iter: 14 loss: 0.00034987542312592268
2.6655879641839975
Iter: 15 loss: 0.00034987542312592268
2.6655879641837585
Iter: 16 loss: 0.00034987542312592268
2.6655879641837168
Iter: 17 loss: 0.00034987542312592268
Iter: 1 loss: 0.00012803566642105579
Iter: 2 loss: 0.50266897678375244
Iter: 3 loss: 0.00012795695511158556
160.46813663735608
Iter: 1 loss: 0.00961628183722496
-102904.24815077444
Iter: 2 loss: 552807.8125
-930754.74551128212
Iter: 3 loss: 180268576
160.46813663680794
Iter: 4 loss: 0.00961628183722496
160.46813663724359
Iter: 5 loss: 0.00961628183722496
160.46813663733417
Iter: 6 loss: 0.00961628183722496
160.46813663735139
Iter: 7 loss: 0.00961628183722496
160.46813663734042
Iter: 8 loss: 0.00961628183722496
160.46813663733568
Iter: 9 loss: 0.00961628183722496
0.80877645837273993
Iter: 1 loss: 0.00025974953314289451
249.41207390311726
Iter: 2 loss: 0.24222719669342041
89.339765756990246
Iter: 3 loss: 0.028174934908747673
1.9732904311661423
Iter: 4 loss: 0.00025610148441046476
1.7842781828565122
Iter: 5 loss: 0.00025524059310555458
Iter: 1 loss: 0.0001301068696193397
Iter: 2 loss: 0.004036489874124527
Iter: 3 loss: 0.00029110407922416925
Iter: 4 loss: 0.00012989666720386595
164.53731519569689
Iter: 1 loss: 0.0097609227523207664
-59010.299379794014
Iter: 2 loss: 418034.0625
-1376721.5973686655
Iter: 3 loss: 380008000
164.53731519493013
Iter: 4 loss: 0.0097609227523207664
164.53731519553543
Iter: 5 loss: 0.0097609227523207664
164.53731519566364
Iter: 6 loss: 0.0097609227523207664
164.53731519568959
Iter: 7 loss: 0.0097609227523207664
164.53731519567273
Iter: 8 loss: 0.0097609227523207664
164.53731519568726
Iter: 9 loss: 0.0097609227523207664
164.53731519567796
Iter: 10 loss: 0.0097609227523207664
164.53731519568345
Iter: 11 loss: 0.0097609227523207664
164.53731519567975
Iter: 12 loss: 0.0097609227523207664
164.53731519568302
Iter: 13 loss: 0.0097609227523207664
164.53731519568063
Iter: 14 loss: 0.0097609227523207664
164.53731519568231
Iter: 15 loss: 0.0097609227523207664
164.53731519568095
Iter: 16 loss: 0.0097609227523207664
164.53731519568231
Iter: 17 loss: 0.0097609227523207664
0.28022504484947464
Iter: 1 loss: 0.00029259349685162306
1000017.3328665581
Iter: 2 loss: 152292672
588724.67375593726
Iter: 3 loss: 56806420
24870.613750447817
Iter: 4 loss: 25961.04296875
-55.791254208141225
Iter: 5 loss: 0.035677745938301086
-0.13145412701659009
Iter: 6 loss: 0.00029043061658740044
-0.27216560729673567
Iter: 7 loss: 0.0002884779532905668
-0.21374418333282036
Iter: 8 loss: 0.00028315099189057946
0.32122024024586893
Iter: 9 loss: 0.0002767730038613081
-0.53399980525693624
Iter: 10 loss: 0.0002695161965675652
-1.6917321218025652
Iter: 11 loss: 0.000266662216745317
-2.8938346293018054
Iter: 12 loss: 0.00026489805895835161
-5.7488740685709718
Iter: 13 loss: 0.0002609437215141952
-7.2421939320847848
Iter: 14 loss: 0.00025005365023389459
-7.2607212579113378
Iter: 15 loss: 0.00023137372045312077
-4.2023307248994772
Iter: 16 loss: 0.00022481307678390294
-2.154189082886329
Iter: 17 loss: 0.00022388581419363618
Iter: 1 loss: 0.00012328755110502243
Iter: 2 loss: 0.00432031974196434
Iter: 3 loss: 0.00016702365246601403
Iter: 4 loss: 0.00012320379028096795
163.99032515737409
Iter: 1 loss: 0.010109622031450272
56686.332680173917
Iter: 2 loss: 2596142
163.99032291306577
Iter: 3 loss: 0.010109622031450272
163.99032468374313
Iter: 4 loss: 0.010109622031450272
163.99032505741985
Iter: 5 loss: 0.010109622031450272
163.990325136279
Iter: 6 loss: 0.010109622031450272
163.99032515292296
Iter: 7 loss: 0.010109622031450272
163.99032515643643
Iter: 8 loss: 0.010109622031450272
163.990325157176
Iter: 9 loss: 0.010109622031450272
163.99032515733387
Iter: 10 loss: 0.010109622031450272
163.99032515736604
Iter: 11 loss: 0.010109622031450272
163.99032515734439
Iter: 12 loss: 0.010109622031450272
163.99032515736118
Iter: 13 loss: 0.010109622031450272
163.9903251573499
Iter: 14 loss: 0.010109622031450272
163.99032515734751
Iter: 15 loss: 0.010109622031450272
-0.10478264672302484
Iter: 1 loss: 0.00025361674488522112
233999.68836594469
Iter: 2 loss: 12117255
-0.10478264694328432
Iter: 3 loss: 0.00025361674488522112
-0.1047826467696249
Iter: 4 loss: 0.00025361674488522112
-0.10478264673291759
Iter: 5 loss: 0.00025361674488522112
-0.10478264672481985
Iter: 6 loss: 0.00025361674488522112
-0.10478264672308646
Iter: 7 loss: 0.00025361674488522112
-0.10478264672395388
Iter: 8 loss: 0.00025361674488522112
-0.10478264672442106
Iter: 9 loss: 0.00025361674488522112
-0.10478264672399074
Iter: 10 loss: 0.00025361674488522112
-0.10478264672443238
Iter: 11 loss: 0.00025361674488522112
Iter: 1 loss: 0.00012712515308521688
Iter: 2 loss: 0.65364366769790649
Iter: 3 loss: 0.00012700006482191384
165.66129214070898
Iter: 1 loss: 0.010057700797915459
-83011.991672395088
Iter: 2 loss: 432665.5
165.64499794775196
Iter: 3 loss: 0.01005707960575819
162.25375589731539
Iter: 4 loss: 0.009992704726755619
162.24954624254551
Iter: 5 loss: 0.0099910898134112358
162.23269042063535
Iter: 6 loss: 0.0099848397076129913
162.16499180997585
Iter: 7 loss: 0.009963122196495533
160.77859390864705
Iter: 8 loss: 0.0099165244027972221
161.0914428016132
Iter: 9 loss: 0.0098827574402093887
163.68600655199208
Iter: 10 loss: 0.0097099225968122482
160.01085670856469
Iter: 11 loss: 0.0096880160272121429
158.84991949969111
Iter: 12 loss: 0.009686056524515152
158.57411752756727
Iter: 13 loss: 0.0096834003925323486
157.47282922811212
Iter: 14 loss: 0.0096751423552632332
156.24368794989857
Iter: 15 loss: 0.0096682943403720856
156.4679036211632
Iter: 16 loss: 0.009667079895734787
157.36413501018
Iter: 17 loss: 0.00966271199285984
165.37817255698627
Iter: 18 loss: 0.0096367569640278816
172.46460692042683
Iter: 19 loss: 0.0096200602129101753
176.99898838007479
Iter: 20 loss: 0.0096080638468265533
179.15746873332304
Iter: 21 loss: 0.0096030430868268013
179.21152168871424
Iter: 22 loss: 0.00960201770067215
178.98566390112185
Iter: 23 loss: 0.0095994444563984871
178.38116501671595
Iter: 24 loss: 0.0095931179821491241
177.10047605963916
Iter: 25 loss: 0.0095785325393080711
174.74373454772143
Iter: 26 loss: 0.00955001451075077
171.6860537025529
Iter: 27 loss: 0.00951000303030014
169.897395774235
Iter: 28 loss: 0.009473227895796299
170.65484816552012
Iter: 29 loss: 0.00946003943681717
171.07416433390284
Iter: 30 loss: 0.0094595225527882576
-0.956121810278508
Iter: 1 loss: 0.00025658024242147803
319318.97263627924
Iter: 2 loss: 18277502
1375110652.681788
Iter: 3 loss: 433449206808576
-0.95612181027850485
Iter: 4 loss: 0.00025658024242147803
Iter: 1 loss: 0.00012138808961026371
Iter: 2 loss: 0.62786984443664551
Iter: 3 loss: 0.00012128053640481085
169.297180647486
Iter: 1 loss: 0.0093384552747011185
-7346050.6073700236
Iter: 2 loss: 13063166976
169.29718064748596
Iter: 3 loss: 0.0093384552747011185
-2.2474620304711568
Iter: 1 loss: 0.00023530908219981939
1445988.1607127911
Iter: 2 loss: 341012992
446289.14996800158
Iter: 3 loss: 18185110
1604.0788003407602
Iter: 4 loss: 10.000400543212891
-110.6410940893702
Iter: 5 loss: 0.043390534818172455
-2.528114261974566
Iter: 6 loss: 0.00023478310322389007
Iter: 1 loss: 0.00011046061263186857
Iter: 2 loss: 0.51750528812408447
Iter: 3 loss: 0.0001104322072933428
166.58131039059469
Iter: 1 loss: 0.0098875332623720169
2602.5931599835285
Iter: 2 loss: 17.865066528320312
498.99376115273651
Iter: 3 loss: 0.7705376148223877
168.42725077503948
Iter: 4 loss: 0.0098659172654151917
168.26604780618152
Iter: 5 loss: 0.00986433681100607
167.38021181670354
Iter: 6 loss: 0.0098528880625963211
166.27201146403669
Iter: 7 loss: 0.0098337642848491669
164.55727938194264
Iter: 8 loss: 0.009795396588742733
163.39048248779713
Iter: 9 loss: 0.0097536426037549973
163.30275794857553
Iter: 10 loss: 0.0097079947590827942
164.21658722546462
Iter: 11 loss: 0.00965585745871067
165.06967480412339
Iter: 12 loss: 0.0096247810870409012
166.3502368752487
Iter: 13 loss: 0.0095641156658530235
166.74991230393849
Iter: 14 loss: 0.0095033934339880943
165.79139048694896
Iter: 15 loss: 0.009465070441365242
165.20297626545477
Iter: 16 loss: 0.0094603681936860085
165.08976127868402
Iter: 17 loss: 0.0094600860029459
-1.2301286246312702
Iter: 1 loss: 0.00019065270316787064
112570.15269204185
Iter: 2 loss: 1966024.5
-1.2301286257392783
Iter: 3 loss: 0.00019065270316787064
-1.2301286248649506
Iter: 4 loss: 0.00019065270316787064
-1.230128624680727
Iter: 5 loss: 0.00019065270316787064
-1.2301286246414604
Iter: 6 loss: 0.00019065270316787064
-1.2301286246328664
Iter: 7 loss: 0.00019065270316787064
-1.2301286246388381
Iter: 8 loss: 0.00019065270316787064
-1.2301286246342835
Iter: 9 loss: 0.00019065270316787064
-1.230128624637298
Iter: 10 loss: 0.00019065270316787064
-1.230128624634911
Iter: 11 loss: 0.00019065270316787064
-1.2301286246344885
Iter: 12 loss: 0.00019065270316787064
-1.23012862463458
Iter: 13 loss: 0.00019065270316787064
Iter: 1 loss: 0.00013785366900265217
Iter: 2 loss: 0.33632802963256836
Iter: 3 loss: 0.00013780091830994934
156.37624925857656
Iter: 1 loss: 0.00914115272462368
-24340.096210633972
Iter: 2 loss: 3214.281494140625
-4740.3437400133071
Iter: 3 loss: 464.150634765625
156.31613200410953
Iter: 4 loss: 0.0091339871287345886
155.48976825518139
Iter: 5 loss: 0.0090855881571769714
158.60415797694645
Iter: 6 loss: 0.0090203629806637764
159.53907462535471
Iter: 7 loss: 0.0090165669098496437
159.56140316642859
Iter: 8 loss: 0.0090164458379149437
159.65071352375776
Iter: 9 loss: 0.0090160025283694267
-2.1059438056524353
Iter: 1 loss: 0.00024774967459961772
-730.28520886512706
Iter: 2 loss: 0.43932855129241943
21.778078138627656
Iter: 3 loss: 0.0061956588178873062
-1.8064410733197938
Iter: 4 loss: 0.00024678171030245721
Iter: 1 loss: 0.00013130555453244597
Iter: 2 loss: 0.0043908571824431419
Iter: 3 loss: 0.000187191748409532
Iter: 4 loss: 0.00013121253869030625
168.88559240448814
Iter: 1 loss: 0.0098379906266927719
116219.60296491865
Iter: 2 loss: 7816270
-79588.466543569826
Iter: 3 loss: 103235.25
168.88558793501898
Iter: 4 loss: 0.0098379906266927719
168.88559146126491
Iter: 5 loss: 0.0098379906266927719
168.88559220543374
Iter: 6 loss: 0.0098379906266927719
168.88559236247977
Iter: 7 loss: 0.0098379906266927719
168.885592395623
Iter: 8 loss: 0.0098379906266927719
168.88559240261748
Iter: 9 loss: 0.0098379906266927719
168.885592404092
Iter: 10 loss: 0.0098379906266927719
168.88559240440634
Iter: 11 loss: 0.0098379906266927719
168.88559240447233
Iter: 12 loss: 0.0098379906266927719
168.88559240442942
Iter: 13 loss: 0.0098379906266927719
168.88559240446284
Iter: 14 loss: 0.0098379906266927719
168.88559240443976
Iter: 15 loss: 0.0098379906266927719
168.88559240445841
Iter: 16 loss: 0.0098379906266927719
168.88559240444624
Iter: 17 loss: 0.0098379906266927719
168.88559240445628
Iter: 18 loss: 0.0098379906266927719
168.88559240445034
Iter: 19 loss: 0.0098379906266927719
168.88559240445423
Iter: 20 loss: 0.0098379906266927719
168.88559240445625
Iter: 21 loss: 0.0098379906266927719
-1.4222699244561825
Iter: 1 loss: 0.00030884883017279208
1883584.4532257654
Iter: 2 loss: 851408192
125775.14798677491
Iter: 3 loss: 777427.875
-1.422269950692175
Iter: 4 loss: 0.00030884883017279208
-1.422269929993476
Iter: 5 loss: 0.00030884883017279208
-1.4222699256248212
Iter: 6 loss: 0.00030884883017279208
-1.4222699247024106
Iter: 7 loss: 0.00030884883017279208
-1.4222699245084471
Iter: 8 loss: 0.00030884883017279208
-1.4222699244672081
Iter: 9 loss: 0.00030884883017279208
-1.4222699244581667
Iter: 10 loss: 0.00030884883017279208
-1.4222699244648322
Iter: 11 loss: 0.00030884883017279208
-1.4222699244596253
Iter: 12 loss: 0.00030884883017279208
-1.42226992445817
Iter: 13 loss: 0.00030884883017279208
-1.4222699244591175
Iter: 14 loss: 0.00030884883017279208
-1.422269924458659
Iter: 15 loss: 0.00030884883017279208
-1.4222699244587718
Iter: 16 loss: 0.00030884883017279208
-1.4222699244587491
Iter: 17 loss: 0.00030884883017279208
Iter: 1 loss: 0.00010604124690871686
