Iteration 0
Elapsed time for kappa 65.2872 sec
Elapsed time for experts 23.1744 sec
Elapsed time for households 16.5906 sec
Iteration 1
Elapsed time for kappa 36.8384 sec
Elapsed time for experts 17.5882 sec
Elapsed time for households 11.8786 sec
Iteration 2
Elapsed time for kappa 34.9315 sec
Elapsed time for experts 14.7637 sec
Elapsed time for households 10.0654 sec
Iteration 3
Elapsed time for kappa 32.0281 sec
Elapsed time for experts 12.3307 sec
Elapsed time for households 14.4392 sec
Iteration 4
Elapsed time for kappa 32.1729 sec
Elapsed time for experts 12.8138 sec
Elapsed time for households 14.0628 sec
Iteration 5
Elapsed time for kappa 31.9893 sec
Elapsed time for experts 12.4537 sec
Elapsed time for households 10.1311 sec
Iteration 6
Elapsed time for kappa 32.6025 sec
Elapsed time for experts 14.4735 sec
Elapsed time for households 10.6991 sec
Iteration 7
Elapsed time for kappa 39.8531 sec
Elapsed time for experts 14.5281 sec
Elapsed time for households 11.4866 sec
Iteration 8
Elapsed time for kappa 32.0593 sec
Elapsed time for experts 12.6317 sec
Elapsed time for households 13.8373 sec
Iteration 9
Elapsed time for kappa 31.7035 sec
Elapsed time for experts 13.8794 sec
Elapsed time for households 10.9850 sec
Iteration 10
Elapsed time for kappa 34.4584 sec
Elapsed time for experts 12.5040 sec
Elapsed time for households 10.9153 sec
Iteration 11
Elapsed time for kappa 31.6104 sec
Elapsed time for experts 13.7968 sec
Elapsed time for households 10.8942 sec
Iteration 12
Elapsed time for kappa 31.5972 sec
Elapsed time for experts 12.3598 sec
Elapsed time for households 17.2548 sec
Iteration 13
Elapsed time for kappa 32.1633 sec
Elapsed time for experts 12.1905 sec
Elapsed time for households 11.1165 sec
Iteration 14
Elapsed time for kappa 32.0612 sec
Elapsed time for experts 12.4647 sec
Elapsed time for households 10.4689 sec
Iteration 15
Elapsed time for kappa 32.2659 sec
Elapsed time for experts 12.1574 sec
Elapsed time for households 10.8941 sec
Iteration 16
Elapsed time for kappa 32.0898 sec
Elapsed time for experts 12.1046 sec
Elapsed time for households 10.1336 sec
Iteration 17
Elapsed time for kappa 31.7250 sec
Elapsed time for experts 11.4739 sec
Elapsed time for households 9.8659 sec
Iteration 18
Elapsed time for kappa 31.7604 sec
Elapsed time for experts 12.3834 sec
Elapsed time for households 17.7243 sec
Iteration 19
Elapsed time for kappa 32.1698 sec
Elapsed time for experts 13.0072 sec
Elapsed time for households 10.0851 sec
Iteration 20
Elapsed time for kappa 31.6590 sec
Elapsed time for experts 12.4333 sec
Elapsed time for households 9.9165 sec
Iteration 21
Elapsed time for kappa 32.0063 sec
Elapsed time for experts 12.4822 sec
Elapsed time for households 10.8677 sec
Iteration 22
Elapsed time for kappa 32.2561 sec
Elapsed time for experts 12.2622 sec
Elapsed time for households 12.3093 sec
Iteration 23
Elapsed time for kappa 32.0966 sec
Elapsed time for experts 11.9747 sec
Elapsed time for households 11.0380 sec
Iteration 24
Elapsed time for kappa 31.6023 sec
Elapsed time for experts 20.1380 sec
Elapsed time for households 11.3344 sec
Iteration 25
Elapsed time for kappa 32.3277 sec
Elapsed time for experts 12.7514 sec
Elapsed time for households 11.2087 sec
Iteration 26
Elapsed time for kappa 32.3630 sec
Elapsed time for experts 11.5818 sec
Elapsed time for households 10.5128 sec
Iteration 27
Elapsed time for kappa 32.1274 sec
Elapsed time for experts 11.7298 sec
Elapsed time for households 10.3079 sec
Iteration 28
Elapsed time for kappa 31.9495 sec
Elapsed time for experts 12.5456 sec
Elapsed time for households 11.1363 sec
Iteration 29
Elapsed time for kappa 31.8101 sec
Elapsed time for experts 12.5901 sec
Elapsed time for households 10.7953 sec
Iteration 30
Elapsed time for kappa 31.5604 sec
Elapsed time for experts 19.2506 sec
Elapsed time for households 10.9100 sec
Iteration 31
Elapsed time for kappa 32.4482 sec
Elapsed time for experts 12.6281 sec
Elapsed time for households 10.0814 sec
Iteration 32
Elapsed time for kappa 31.3643 sec
Elapsed time for experts 12.3183 sec
Elapsed time for households 11.3229 sec
Iteration 33
Elapsed time for kappa 31.6947 sec
Elapsed time for experts 11.9829 sec
Elapsed time for households 11.0104 sec
Iteration 34
Elapsed time for kappa 31.7522 sec
Elapsed time for experts 11.6958 sec
Elapsed time for households 10.2004 sec
Iteration 35
Elapsed time for kappa 31.8435 sec
Elapsed time for experts 13.2268 sec
Elapsed time for households 11.2323 sec
Iteration 36
Elapsed time for kappa 31.5596 sec
Elapsed time for experts 18.6639 sec
Elapsed time for households 12.2946 sec
Iteration 37
Elapsed time for kappa 32.3540 sec
Elapsed time for experts 11.6604 sec
Elapsed time for households 10.7928 sec
Iteration 38
Elapsed time for kappa 34.7276 sec
Elapsed time for experts 14.7628 sec
Elapsed time for households 12.0942 sec
Iteration 39
Elapsed time for kappa 32.0791 sec
Elapsed time for experts 13.1710 sec
Elapsed time for households 11.0463 sec
Iteration 40
Elapsed time for kappa 34.2751 sec
Elapsed time for experts 11.9376 sec
Elapsed time for households 10.8300 sec
Iteration 41
Elapsed time for kappa 34.0385 sec
Elapsed time for experts 12.1462 sec
Elapsed time for households 10.9428 sec
Iteration 42
Elapsed time for kappa 38.6137 sec
Elapsed time for experts 11.7554 sec
Elapsed time for households 10.6264 sec
Iteration 43
Elapsed time for kappa 31.7969 sec
Elapsed time for experts 12.8306 sec
Elapsed time for households 11.9978 sec
Iteration 44
Elapsed time for kappa 31.6161 sec
Elapsed time for experts 11.5977 sec
Elapsed time for households 10.9154 sec
Iteration 45
Elapsed time for kappa 31.4053 sec
Elapsed time for experts 12.2216 sec
Elapsed time for households 11.9100 sec
Iteration 46
Elapsed time for kappa 31.4388 sec
Elapsed time for experts 12.1528 sec
Elapsed time for households 10.2802 sec
Iteration 47
Elapsed time for kappa 33.9319 sec
Elapsed time for experts 14.5693 sec
Elapsed time for households 9.6909 sec
Iteration 48
Elapsed time for kappa 38.2197 sec
Elapsed time for experts 11.3429 sec
Elapsed time for households 11.0559 sec
Iteration 49
Elapsed time for kappa 31.5572 sec
Elapsed time for experts 12.3687 sec
Elapsed time for households 11.6176 sec
Iteration 50
Elapsed time for kappa 31.2539 sec
Elapsed time for experts 12.7806 sec
Elapsed time for households 10.8450 sec
Iteration 51
Elapsed time for kappa 31.3856 sec
Elapsed time for experts 12.6375 sec
Elapsed time for households 10.8782 sec
Iteration 52
Elapsed time for kappa 31.4589 sec
Elapsed time for experts 11.6088 sec
Elapsed time for households 10.1697 sec
Iteration 53
Elapsed time for kappa 31.6842 sec
Elapsed time for experts 13.0803 sec
Elapsed time for households 10.3495 sec
Iteration 54
Elapsed time for kappa 38.2536 sec
Elapsed time for experts 13.1836 sec
Elapsed time for households 9.9863 sec
Iteration 55
Elapsed time for kappa 31.5534 sec
Elapsed time for experts 12.3943 sec
Elapsed time for households 10.1181 sec
Iteration 56
Elapsed time for kappa 31.2122 sec
Elapsed time for experts 11.9144 sec
Elapsed time for households 9.9103 sec
Iteration 57
Elapsed time for kappa 31.1465 sec
Elapsed time for experts 12.0764 sec
Elapsed time for households 9.9699 sec
Iteration 58
Elapsed time for kappa 31.3632 sec
Elapsed time for experts 11.0523 sec
Elapsed time for households 10.3629 sec
Iteration 59
Elapsed time for kappa 31.4109 sec
Elapsed time for experts 12.5266 sec
Elapsed time for households 9.7180 sec
Iteration 60
Elapsed time for kappa 38.3387 sec
Elapsed time for experts 12.0983 sec
Elapsed time for households 11.3599 sec
Iteration 61
Elapsed time for kappa 35.1583 sec
Elapsed time for experts 12.3866 sec
Elapsed time for households 10.5709 sec
Iteration 62
Elapsed time for kappa 31.0829 sec
Elapsed time for experts 12.3321 sec
Elapsed time for households 10.1157 sec
Iteration 63
Elapsed time for kappa 31.8778 sec
Elapsed time for experts 12.8117 sec
Elapsed time for households 10.0974 sec
Iteration 64
Elapsed time for kappa 31.5919 sec
Elapsed time for experts 11.9609 sec
Elapsed time for households 10.6131 sec
Iteration 65
Elapsed time for kappa 31.4169 sec
Elapsed time for experts 12.2312 sec
Elapsed time for households 15.4262 sec
Iteration 66
Elapsed time for kappa 31.3410 sec
Elapsed time for experts 11.7376 sec
Elapsed time for households 9.7154 sec
Iteration 67
Elapsed time for kappa 31.3125 sec
Elapsed time for experts 11.2712 sec
Elapsed time for households 10.2274 sec
Iteration 68
Elapsed time for kappa 30.9395 sec
Elapsed time for experts 15.0360 sec
Elapsed time for households 11.1228 sec
Iteration 69
Elapsed time for kappa 34.2857 sec
Elapsed time for experts 13.1632 sec
Elapsed time for households 11.0551 sec
Iteration 70
Elapsed time for kappa 34.2067 sec
Elapsed time for experts 12.4145 sec
Elapsed time for households 11.5999 sec
Iteration 71
Elapsed time for kappa 31.5458 sec
Elapsed time for experts 20.1275 sec
Elapsed time for households 10.7422 sec
Iteration 72
Elapsed time for kappa 31.4916 sec
Elapsed time for experts 13.0180 sec
Elapsed time for households 10.8650 sec
Iteration 73
Elapsed time for kappa 34.2109 sec
Elapsed time for experts 14.0896 sec
Elapsed time for households 12.0993 sec
Iteration 74
Elapsed time for kappa 41.7411 sec
Elapsed time for experts 18.2365 sec
Elapsed time for households 12.6815 sec
Iteration 75
Elapsed time for kappa 40.7468 sec
Elapsed time for experts 14.7740 sec
Elapsed time for households 11.4984 sec
Iteration 76
Elapsed time for kappa 43.5756 sec
Elapsed time for experts 15.4562 sec
Elapsed time for households 13.4554 sec
Iteration 77
Elapsed time for kappa 38.2064 sec
Elapsed time for experts 23.1424 sec
Elapsed time for households 16.4928 sec
Iteration 78
Elapsed time for kappa 36.4746 sec
Elapsed time for experts 14.1059 sec
Elapsed time for households 15.1096 sec
Iteration 79
Elapsed time for kappa 46.6653 sec
Elapsed time for experts 18.6562 sec
Elapsed time for households 12.6413 sec
Iteration 80
Elapsed time for kappa 37.0160 sec
Elapsed time for experts 12.4297 sec
Elapsed time for households 10.9414 sec
Iteration 81
Elapsed time for kappa 35.3257 sec
Elapsed time for experts 12.2518 sec
Elapsed time for households 10.7565 sec
Iteration 82
Elapsed time for kappa 33.0997 sec
Elapsed time for experts 11.4134 sec
Elapsed time for households 11.0082 sec
Iteration 83
Elapsed time for kappa 32.0592 sec
Elapsed time for experts 19.3947 sec
Elapsed time for households 10.4479 sec
Iteration 84
Elapsed time for kappa 32.3045 sec
Elapsed time for experts 12.8813 sec
Elapsed time for households 10.6794 sec
Iteration 85
Elapsed time for kappa 31.3722 sec
Elapsed time for experts 13.5732 sec
Elapsed time for households 11.8225 sec
Iteration 86
Elapsed time for kappa 31.2376 sec
Elapsed time for experts 11.1344 sec
Elapsed time for households 11.0294 sec
Iteration 87
Elapsed time for kappa 31.2118 sec
Elapsed time for experts 12.0093 sec
Elapsed time for households 10.4042 sec
Iteration 88
Elapsed time for kappa 31.5703 sec
Elapsed time for experts 11.3386 sec
Elapsed time for households 9.7739 sec
Iteration 89
Elapsed time for kappa 32.6300 sec
Elapsed time for experts 18.5323 sec
Elapsed time for households 10.0511 sec
Iteration 90
Elapsed time for kappa 34.4153 sec
Elapsed time for experts 12.4020 sec
Elapsed time for households 10.9126 sec
Iteration 91
Elapsed time for kappa 35.7206 sec
Elapsed time for experts 13.0671 sec
Elapsed time for households 9.7890 sec
Iteration 92
Elapsed time for kappa 30.9058 sec
Elapsed time for experts 12.4924 sec
Elapsed time for households 10.5949 sec
Iteration 93
Elapsed time for kappa 31.2348 sec
Elapsed time for experts 12.1400 sec
Elapsed time for households 10.1050 sec
Iteration 94
Elapsed time for kappa 31.7619 sec
Elapsed time for experts 11.4694 sec
Elapsed time for households 10.0398 sec
Iteration 95
Elapsed time for kappa 40.7881 sec
Elapsed time for experts 13.0846 sec
Elapsed time for households 10.4361 sec
Iteration 96
Elapsed time for kappa 31.1717 sec
Elapsed time for experts 12.8974 sec
Elapsed time for households 11.8273 sec
Iteration 97
Elapsed time for kappa 34.0499 sec
Elapsed time for experts 11.2033 sec
Elapsed time for households 9.8158 sec
Iteration 98
Elapsed time for kappa 31.0317 sec
Elapsed time for experts 13.3151 sec
Elapsed time for households 10.7868 sec
Iteration 99
Elapsed time for kappa 34.0139 sec
Elapsed time for experts 12.7265 sec
Elapsed time for households 9.9344 sec
Iteration 100
Elapsed time for kappa 31.4378 sec
Elapsed time for experts 12.2256 sec
Elapsed time for households 10.0693 sec
Iteration 101
Elapsed time for kappa 38.0757 sec
Elapsed time for experts 12.1061 sec
Elapsed time for households 10.0135 sec
Iteration 102
Elapsed time for kappa 31.6107 sec
Elapsed time for experts 13.7164 sec
Elapsed time for households 10.9405 sec
Iteration 103
Elapsed time for kappa 31.2870 sec
Elapsed time for experts 12.1854 sec
Elapsed time for households 11.7157 sec
Iteration 104
Elapsed time for kappa 31.4010 sec
Elapsed time for experts 11.7302 sec
Elapsed time for households 10.6734 sec
Iteration 105
Elapsed time for kappa 31.2498 sec
Elapsed time for experts 11.0700 sec
Elapsed time for households 9.5850 sec
Iteration 106
Elapsed time for kappa 31.0283 sec
Elapsed time for experts 13.7441 sec
Elapsed time for households 9.7296 sec
Iteration 107
Elapsed time for kappa 37.6562 sec
Elapsed time for experts 13.7151 sec
Elapsed time for households 11.9573 sec
Iteration 108
Elapsed time for kappa 31.4494 sec
Elapsed time for experts 11.4295 sec
Elapsed time for households 10.2543 sec
Iteration 109
Elapsed time for kappa 31.6909 sec
Elapsed time for experts 12.6626 sec
Elapsed time for households 9.8975 sec
Iteration 110
Elapsed time for kappa 31.2417 sec
Elapsed time for experts 15.0143 sec
Elapsed time for households 10.7612 sec
Iteration 111
Elapsed time for kappa 31.4478 sec
Elapsed time for experts 13.4329 sec
Elapsed time for households 9.8490 sec
Iteration 112
Elapsed time for kappa 31.5654 sec
Elapsed time for experts 12.0740 sec
Elapsed time for households 10.6046 sec
Iteration 113
Elapsed time for kappa 38.0459 sec
Elapsed time for experts 11.9287 sec
Elapsed time for households 10.5894 sec
Iteration 114
Elapsed time for kappa 31.7079 sec
Elapsed time for experts 13.7788 sec
Elapsed time for households 10.5938 sec
Iteration 115
Elapsed time for kappa 31.6284 sec
Elapsed time for experts 12.2218 sec
Elapsed time for households 10.1191 sec
Iteration 116
Elapsed time for kappa 31.6594 sec
Elapsed time for experts 11.5271 sec
Elapsed time for households 9.9690 sec
Iteration 117
Elapsed time for kappa 31.6650 sec
Elapsed time for experts 12.1128 sec
Elapsed time for households 11.0813 sec
Iteration 118
Elapsed time for kappa 31.5915 sec
Elapsed time for experts 11.3993 sec
Elapsed time for households 16.5763 sec
Iteration 119
Elapsed time for kappa 31.2147 sec
Elapsed time for experts 11.1997 sec
Elapsed time for households 10.3548 sec
Iteration 120
Elapsed time for kappa 31.2154 sec
Elapsed time for experts 12.7269 sec
Elapsed time for households 10.3852 sec
Iteration 121
Elapsed time for kappa 31.2976 sec
Elapsed time for experts 12.1730 sec
Elapsed time for households 9.8198 sec
Iteration 122
Elapsed time for kappa 31.0862 sec
Elapsed time for experts 11.5708 sec
Elapsed time for households 9.9500 sec
Iteration 123
Elapsed time for kappa 31.4736 sec
Elapsed time for experts 11.3546 sec
Elapsed time for households 10.5020 sec
Iteration 124
Elapsed time for kappa 31.5111 sec
Elapsed time for experts 13.1558 sec
Elapsed time for households 16.5565 sec
Iteration 125
Elapsed time for kappa 34.1781 sec
Elapsed time for experts 13.3170 sec
Elapsed time for households 11.2165 sec
Iteration 126
Elapsed time for kappa 31.9849 sec
Elapsed time for experts 11.3882 sec
Elapsed time for households 9.8353 sec
Iteration 127
Elapsed time for kappa 31.2369 sec
Elapsed time for experts 11.9199 sec
Elapsed time for households 10.6045 sec
Iteration 128
Elapsed time for kappa 31.0038 sec
Elapsed time for experts 12.4548 sec
Elapsed time for households 11.8665 sec
Iteration 129
Elapsed time for kappa 30.8863 sec
Elapsed time for experts 12.7227 sec
Elapsed time for households 11.5424 sec
Iteration 130
Elapsed time for kappa 34.0425 sec
Elapsed time for experts 12.8097 sec
Elapsed time for households 17.3753 sec
Iteration 131
Elapsed time for kappa 31.0376 sec
Elapsed time for experts 13.8662 sec
Elapsed time for households 11.1293 sec
Iteration 132
Elapsed time for kappa 31.0110 sec
Elapsed time for experts 11.8449 sec
Elapsed time for households 9.8097 sec
Iteration 133
Elapsed time for kappa 31.4507 sec
Elapsed time for experts 11.9942 sec
Elapsed time for households 10.4056 sec
Iteration 134
Elapsed time for kappa 31.7139 sec
Elapsed time for experts 11.1905 sec
Elapsed time for households 10.4246 sec
Iteration 135
Elapsed time for kappa 31.1443 sec
Elapsed time for experts 12.1651 sec
Elapsed time for households 10.6911 sec
Iteration 136
Elapsed time for kappa 30.8463 sec
Elapsed time for experts 18.3057 sec
Elapsed time for households 10.6783 sec
Iteration 137
Elapsed time for kappa 30.8697 sec
Elapsed time for experts 12.2862 sec
Elapsed time for households 9.8958 sec
Iteration 138
Elapsed time for kappa 31.3978 sec
Elapsed time for experts 11.8346 sec
Elapsed time for households 10.6620 sec
Iteration 139
Elapsed time for kappa 30.8701 sec
Elapsed time for experts 12.5875 sec
Elapsed time for households 10.4892 sec
Iteration 140
Elapsed time for kappa 31.0705 sec
Elapsed time for experts 12.2982 sec
Elapsed time for households 10.8139 sec
Iteration 141
Elapsed time for kappa 31.0423 sec
Elapsed time for experts 11.9549 sec
Elapsed time for households 13.1132 sec
Iteration 142
Elapsed time for kappa 35.5442 sec
Elapsed time for experts 21.3461 sec
Elapsed time for households 11.2038 sec
Iteration 143
Elapsed time for kappa 32.4812 sec
Elapsed time for experts 12.2138 sec
Elapsed time for households 10.8104 sec
Iteration 144
Elapsed time for kappa 36.9512 sec
Elapsed time for experts 13.3701 sec
Elapsed time for households 9.9354 sec
Iteration 145
Elapsed time for kappa 31.0095 sec
Elapsed time for experts 11.3278 sec
Elapsed time for households 10.7197 sec
Iteration 146
Elapsed time for kappa 30.5076 sec
Elapsed time for experts 11.7331 sec
Elapsed time for households 9.8371 sec
Iteration 147
Elapsed time for kappa 30.3289 sec
Elapsed time for experts 15.2184 sec
Elapsed time for households 10.8223 sec
Iteration 148
Elapsed time for kappa 32.6953 sec
Elapsed time for experts 18.2627 sec
Elapsed time for households 10.4575 sec
Iteration 149
Elapsed time for kappa 36.5077 sec
Elapsed time for experts 13.7295 sec
Elapsed time for households 11.2277 sec
Iteration 150
Elapsed time for kappa 32.0471 sec
Elapsed time for experts 11.9925 sec
Elapsed time for households 10.0313 sec
Iteration 151
Elapsed time for kappa 31.0756 sec
Elapsed time for experts 12.4349 sec
Elapsed time for households 9.9309 sec
Iteration 152
Elapsed time for kappa 30.8792 sec
Elapsed time for experts 11.4404 sec
Elapsed time for households 10.4100 sec
Iteration 153
Elapsed time for kappa 31.4615 sec
Elapsed time for experts 12.2078 sec
Elapsed time for households 10.7133 sec
Iteration 154
Elapsed time for kappa 33.8224 sec
Elapsed time for experts 19.6120 sec
Elapsed time for households 11.1029 sec
Iteration 155
Elapsed time for kappa 33.8424 sec
Elapsed time for experts 13.1989 sec
Elapsed time for households 9.7390 sec
Iteration 156
Elapsed time for kappa 30.5712 sec
Elapsed time for experts 11.8446 sec
Elapsed time for households 10.7228 sec
Iteration 157
Elapsed time for kappa 33.0191 sec
Elapsed time for experts 13.9909 sec
Elapsed time for households 10.3098 sec
Iteration 158
Elapsed time for kappa 29.9658 sec
Elapsed time for experts 10.9587 sec
Elapsed time for households 10.0781 sec
Iteration 159
Elapsed time for kappa 30.1722 sec
Elapsed time for experts 11.6689 sec
Elapsed time for households 10.7429 sec
Iteration 160
Elapsed time for kappa 36.7426 sec
Elapsed time for experts 12.8171 sec
Elapsed time for households 9.8193 sec
Iteration 161
Elapsed time for kappa 30.3476 sec
Elapsed time for experts 11.1724 sec
Elapsed time for households 10.5410 sec
Iteration 162
Elapsed time for kappa 29.7743 sec
Elapsed time for experts 11.5877 sec
Elapsed time for households 9.3189 sec
Iteration 163
Elapsed time for kappa 29.6081 sec
Elapsed time for experts 11.6200 sec
Elapsed time for households 9.9876 sec
Iteration 164
Elapsed time for kappa 29.7730 sec
Elapsed time for experts 11.4606 sec
Elapsed time for households 10.4011 sec
Iteration 165
Elapsed time for kappa 29.9036 sec
Elapsed time for experts 11.1284 sec
Elapsed time for households 10.3089 sec
Iteration 166
Elapsed time for kappa 36.2183 sec
Elapsed time for experts 11.3213 sec
Elapsed time for households 9.9568 sec
Iteration 167
Elapsed time for kappa 30.2522 sec
Elapsed time for experts 11.4015 sec
Elapsed time for households 9.5057 sec
Iteration 168
Elapsed time for kappa 30.1883 sec
Elapsed time for experts 12.0466 sec
Elapsed time for households 10.4169 sec
Iteration 169
Elapsed time for kappa 30.2506 sec
Elapsed time for experts 11.6338 sec
Elapsed time for households 9.8615 sec
Iteration 170
Elapsed time for kappa 29.9970 sec
Elapsed time for experts 12.9050 sec
Elapsed time for households 10.5052 sec
Iteration 171
Elapsed time for kappa 29.7655 sec
Elapsed time for experts 11.5759 sec
Elapsed time for households 9.9313 sec
Iteration 172
Elapsed time for kappa 36.7975 sec
Elapsed time for experts 11.3041 sec
Elapsed time for households 9.7004 sec
Iteration 173
Elapsed time for kappa 30.4105 sec
Elapsed time for experts 10.8545 sec
Elapsed time for households 9.5826 sec
Iteration 174
Elapsed time for kappa 30.4196 sec
Elapsed time for experts 11.0278 sec
Elapsed time for households 9.5140 sec
Iteration 175
Elapsed time for kappa 29.9666 sec
Elapsed time for experts 11.8680 sec
Elapsed time for households 10.7875 sec
Iteration 176
Elapsed time for kappa 29.8287 sec
Elapsed time for experts 10.7868 sec
Elapsed time for households 9.8306 sec
Iteration 177
Elapsed time for kappa 29.9588 sec
Elapsed time for experts 11.7179 sec
Elapsed time for households 9.3944 sec
Iteration 178
Elapsed time for kappa 36.5765 sec
Elapsed time for experts 13.4847 sec
Elapsed time for households 11.0983 sec
Iteration 179
Elapsed time for kappa 33.0423 sec
Elapsed time for experts 13.0636 sec
Elapsed time for households 10.5816 sec
Iteration 180
Elapsed time for kappa 29.9677 sec
Elapsed time for experts 11.0231 sec
Elapsed time for households 9.5472 sec
Iteration 181
Elapsed time for kappa 29.8379 sec
Elapsed time for experts 12.5941 sec
Elapsed time for households 10.1186 sec
Iteration 182
Elapsed time for kappa 41.9630 sec
Elapsed time for experts 14.5588 sec
Elapsed time for households 11.6787 sec
Iteration 183
Elapsed time for kappa 29.9529 sec
Elapsed time for experts 10.7721 sec
Elapsed time for households 15.6592 sec
Iteration 184
Elapsed time for kappa 31.0105 sec
Elapsed time for experts 11.1142 sec
Elapsed time for households 9.8757 sec
Iteration 185
Elapsed time for kappa 38.3279 sec
Elapsed time for experts 13.1077 sec
Elapsed time for households 10.6896 sec
Iteration 186
Elapsed time for kappa 30.6093 sec
Elapsed time for experts 10.8662 sec
Elapsed time for households 14.3297 sec
Iteration 187
Elapsed time for kappa 33.1446 sec
Elapsed time for experts 16.2205 sec
Elapsed time for households 11.2208 sec
Iteration 188
Elapsed time for kappa 36.3051 sec
Elapsed time for experts 14.1095 sec
Elapsed time for households 10.4731 sec
Iteration 189
Elapsed time for kappa 31.3076 sec
Elapsed time for experts 11.8542 sec
Elapsed time for households 16.9099 sec
Iteration 190
Elapsed time for kappa 30.7892 sec
Elapsed time for experts 11.6786 sec
Elapsed time for households 10.6190 sec
Iteration 191
Elapsed time for kappa 34.8979 sec
Elapsed time for experts 12.4001 sec
Elapsed time for households 10.2856 sec
Iteration 192
Elapsed time for kappa 33.3850 sec
Elapsed time for experts 12.1384 sec
Elapsed time for households 10.3240 sec
Iteration 193
Elapsed time for kappa 35.7244 sec
Elapsed time for experts 13.2462 sec
Elapsed time for households 10.0173 sec
Iteration 194
Elapsed time for kappa 30.4416 sec
Elapsed time for experts 12.2124 sec
Elapsed time for households 9.6242 sec
Iteration 195
Elapsed time for kappa 29.9669 sec
Elapsed time for experts 11.5940 sec
Elapsed time for households 16.1828 sec
Iteration 196
Elapsed time for kappa 30.7139 sec
Elapsed time for experts 11.7397 sec
Elapsed time for households 9.7970 sec
Iteration 197
Elapsed time for kappa 30.4880 sec
Elapsed time for experts 11.2290 sec
Elapsed time for households 10.5059 sec
Iteration 198
Elapsed time for kappa 30.2205 sec
Elapsed time for experts 11.5291 sec
Elapsed time for households 10.9950 sec
Iteration 199
Elapsed time for kappa 30.1789 sec
Elapsed time for experts 16.7429 sec
Elapsed time for households 12.9229 sec
Elapsed time for training 11376.8814 sec
90000 90000 90000 90000
