Iteration 0
Elapsed time for kappa 73.7513 sec
Elapsed time for experts 23.5162 sec
Elapsed time for households 18.4126 sec
Iteration 1
Elapsed time for kappa 41.3242 sec
Elapsed time for experts 15.3679 sec
Elapsed time for households 16.1313 sec
Iteration 2
Elapsed time for kappa 36.0319 sec
Elapsed time for experts 17.5689 sec
Elapsed time for households 16.0359 sec
Iteration 3
Elapsed time for kappa 36.0400 sec
Elapsed time for experts 17.6369 sec
Elapsed time for households 15.7084 sec
Iteration 4
Elapsed time for kappa 35.8275 sec
Elapsed time for experts 12.7546 sec
Elapsed time for households 15.3629 sec
Iteration 5
Elapsed time for kappa 35.5329 sec
Elapsed time for experts 13.7126 sec
Elapsed time for households 12.0080 sec
Iteration 6
Elapsed time for kappa 35.9017 sec
Elapsed time for experts 14.2229 sec
Elapsed time for households 12.6319 sec
Iteration 7
Elapsed time for kappa 44.5967 sec
Elapsed time for experts 14.8542 sec
Elapsed time for households 12.6992 sec
Iteration 8
Elapsed time for kappa 35.2965 sec
Elapsed time for experts 14.7276 sec
Elapsed time for households 15.8506 sec
Iteration 9
Elapsed time for kappa 34.8398 sec
Elapsed time for experts 16.5590 sec
Elapsed time for households 11.5208 sec
Iteration 10
Elapsed time for kappa 34.8685 sec
Elapsed time for experts 13.8283 sec
Elapsed time for households 16.3992 sec
Iteration 11
Elapsed time for kappa 34.7908 sec
Elapsed time for experts 13.3474 sec
Elapsed time for households 15.8198 sec
Iteration 12
Elapsed time for kappa 34.7362 sec
Elapsed time for experts 13.1563 sec
Elapsed time for households 23.3928 sec
Iteration 13
Elapsed time for kappa 35.8037 sec
Elapsed time for experts 14.5975 sec
Elapsed time for households 12.5074 sec
Iteration 14
Elapsed time for kappa 35.5733 sec
Elapsed time for experts 16.3431 sec
Elapsed time for households 15.6631 sec
Iteration 15
Elapsed time for kappa 35.4392 sec
Elapsed time for experts 14.6836 sec
Elapsed time for households 15.4793 sec
Iteration 16
Elapsed time for kappa 35.1852 sec
Elapsed time for experts 13.3602 sec
Elapsed time for households 15.0866 sec
Iteration 17
Elapsed time for kappa 34.9205 sec
Elapsed time for experts 13.1264 sec
Elapsed time for households 16.0682 sec
Iteration 18
Elapsed time for kappa 35.7366 sec
Elapsed time for experts 14.1412 sec
Elapsed time for households 23.4671 sec
Iteration 19
Elapsed time for kappa 35.7376 sec
Elapsed time for experts 13.0711 sec
Elapsed time for households 15.7559 sec
Iteration 20
Elapsed time for kappa 34.5347 sec
Elapsed time for experts 14.4062 sec
Elapsed time for households 16.0402 sec
Iteration 21
Elapsed time for kappa 34.3754 sec
Elapsed time for experts 15.6044 sec
Elapsed time for households 12.0136 sec
Iteration 22
Elapsed time for kappa 34.5463 sec
Elapsed time for experts 13.4617 sec
Elapsed time for households 11.3792 sec
Iteration 23
Elapsed time for kappa 34.1230 sec
Elapsed time for experts 13.8541 sec
Elapsed time for households 12.0433 sec
Iteration 24
Elapsed time for kappa 34.1786 sec
Elapsed time for experts 22.1920 sec
Elapsed time for households 13.0426 sec
Iteration 25
Elapsed time for kappa 35.5322 sec
Elapsed time for experts 15.8029 sec
Elapsed time for households 12.4161 sec
Iteration 26
Elapsed time for kappa 35.3259 sec
Elapsed time for experts 14.2089 sec
Elapsed time for households 12.1629 sec
Iteration 27
Elapsed time for kappa 34.4825 sec
Elapsed time for experts 13.2888 sec
Elapsed time for households 11.6697 sec
Iteration 28
Elapsed time for kappa 35.0405 sec
Elapsed time for experts 14.3197 sec
Elapsed time for households 11.6681 sec
Iteration 29
Elapsed time for kappa 34.8883 sec
Elapsed time for experts 14.5795 sec
Elapsed time for households 12.0808 sec
Iteration 30
Elapsed time for kappa 35.1716 sec
Elapsed time for experts 23.5319 sec
Elapsed time for households 12.2260 sec
Iteration 31
Elapsed time for kappa 36.0211 sec
Elapsed time for experts 14.1074 sec
Elapsed time for households 11.8731 sec
Iteration 32
Elapsed time for kappa 35.6301 sec
Elapsed time for experts 13.6770 sec
Elapsed time for households 11.6206 sec
Iteration 33
Elapsed time for kappa 35.2094 sec
Elapsed time for experts 14.6952 sec
Elapsed time for households 11.3651 sec
Iteration 34
Elapsed time for kappa 35.5686 sec
Elapsed time for experts 12.9233 sec
Elapsed time for households 11.4652 sec
Iteration 35
Elapsed time for kappa 35.0104 sec
Elapsed time for experts 13.4533 sec
Elapsed time for households 12.4408 sec
Iteration 36
Elapsed time for kappa 34.9647 sec
Elapsed time for experts 20.2926 sec
Elapsed time for households 11.7113 sec
Iteration 37
Elapsed time for kappa 35.8322 sec
Elapsed time for experts 15.3852 sec
Elapsed time for households 13.1296 sec
Iteration 38
Elapsed time for kappa 36.0457 sec
Elapsed time for experts 15.1376 sec
Elapsed time for households 10.7787 sec
Iteration 39
Elapsed time for kappa 33.3832 sec
Elapsed time for experts 12.1332 sec
Elapsed time for households 11.2645 sec
Iteration 40
Elapsed time for kappa 36.1977 sec
Elapsed time for experts 13.7811 sec
Elapsed time for households 11.7400 sec
Iteration 41
Elapsed time for kappa 34.8664 sec
Elapsed time for experts 13.5813 sec
Elapsed time for households 12.1619 sec
Iteration 42
Elapsed time for kappa 44.3325 sec
Elapsed time for experts 15.8372 sec
Elapsed time for households 12.7267 sec
Iteration 43
Elapsed time for kappa 34.9403 sec
Elapsed time for experts 15.2193 sec
Elapsed time for households 12.4127 sec
Iteration 44
Elapsed time for kappa 34.8548 sec
Elapsed time for experts 13.8067 sec
Elapsed time for households 12.0638 sec
Iteration 45
Elapsed time for kappa 35.1989 sec
Elapsed time for experts 16.8292 sec
Elapsed time for households 12.2183 sec
Iteration 46
Elapsed time for kappa 34.2959 sec
Elapsed time for experts 13.8360 sec
Elapsed time for households 12.1772 sec
Iteration 47
Elapsed time for kappa 33.9861 sec
Elapsed time for experts 13.5143 sec
Elapsed time for households 11.4669 sec
Iteration 48
Elapsed time for kappa 43.5990 sec
Elapsed time for experts 14.1552 sec
Elapsed time for households 13.2053 sec
Iteration 49
Elapsed time for kappa 34.5127 sec
Elapsed time for experts 13.1707 sec
Elapsed time for households 12.1877 sec
Iteration 50
Elapsed time for kappa 34.5726 sec
Elapsed time for experts 13.7682 sec
Elapsed time for households 11.3361 sec
Iteration 51
Elapsed time for kappa 34.1051 sec
Elapsed time for experts 13.3532 sec
Elapsed time for households 11.6301 sec
Iteration 52
Elapsed time for kappa 34.8972 sec
Elapsed time for experts 13.7002 sec
Elapsed time for households 12.1585 sec
Iteration 53
Elapsed time for kappa 34.7506 sec
Elapsed time for experts 13.1530 sec
Elapsed time for households 11.9135 sec
Iteration 54
Elapsed time for kappa 43.5382 sec
Elapsed time for experts 15.1073 sec
Elapsed time for households 11.3201 sec
Iteration 55
Elapsed time for kappa 35.3772 sec
Elapsed time for experts 14.3730 sec
Elapsed time for households 11.5676 sec
Iteration 56
Elapsed time for kappa 34.9848 sec
Elapsed time for experts 13.8357 sec
Elapsed time for households 11.1376 sec
Iteration 57
Elapsed time for kappa 34.9692 sec
Elapsed time for experts 15.4893 sec
Elapsed time for households 11.5027 sec
Iteration 58
Elapsed time for kappa 35.7854 sec
Elapsed time for experts 14.1547 sec
Elapsed time for households 12.0683 sec
Iteration 59
Elapsed time for kappa 34.4906 sec
Elapsed time for experts 14.1598 sec
Elapsed time for households 12.1709 sec
Iteration 60
Elapsed time for kappa 43.2725 sec
Elapsed time for experts 15.4352 sec
Elapsed time for households 12.0635 sec
Iteration 61
Elapsed time for kappa 35.4254 sec
Elapsed time for experts 14.3376 sec
Elapsed time for households 11.3054 sec
Iteration 62
Elapsed time for kappa 34.8187 sec
Elapsed time for experts 13.9694 sec
Elapsed time for households 11.4093 sec
Iteration 63
Elapsed time for kappa 34.7528 sec
Elapsed time for experts 13.4880 sec
Elapsed time for households 11.5466 sec
Iteration 64
Elapsed time for kappa 34.7105 sec
Elapsed time for experts 13.9267 sec
Elapsed time for households 12.2705 sec
Iteration 65
Elapsed time for kappa 34.6955 sec
Elapsed time for experts 13.7572 sec
Elapsed time for households 19.0507 sec
Iteration 66
Elapsed time for kappa 35.2403 sec
Elapsed time for experts 14.1065 sec
Elapsed time for households 11.9868 sec
Iteration 67
Elapsed time for kappa 34.8439 sec
Elapsed time for experts 14.2757 sec
Elapsed time for households 12.0591 sec
Iteration 68
Elapsed time for kappa 34.2659 sec
Elapsed time for experts 13.1113 sec
Elapsed time for households 11.2271 sec
Iteration 69
Elapsed time for kappa 34.2645 sec
Elapsed time for experts 12.8079 sec
Elapsed time for households 11.8739 sec
Iteration 70
Elapsed time for kappa 34.1464 sec
Elapsed time for experts 12.9050 sec
Elapsed time for households 12.1444 sec
Iteration 71
Elapsed time for kappa 34.3902 sec
Elapsed time for experts 22.2334 sec
Elapsed time for households 12.6605 sec
Iteration 72
Elapsed time for kappa 35.3521 sec
Elapsed time for experts 13.5920 sec
Elapsed time for households 12.0261 sec
Iteration 73
Elapsed time for kappa 35.3581 sec
Elapsed time for experts 14.0246 sec
Elapsed time for households 11.7954 sec
Iteration 74
Elapsed time for kappa 34.7215 sec
Elapsed time for experts 13.9233 sec
Elapsed time for households 11.1734 sec
Iteration 75
Elapsed time for kappa 34.6048 sec
Elapsed time for experts 15.2354 sec
Elapsed time for households 10.8782 sec
Iteration 76
Elapsed time for kappa 34.2728 sec
Elapsed time for experts 13.9535 sec
Elapsed time for households 11.5076 sec
Iteration 77
Elapsed time for kappa 35.1156 sec
Elapsed time for experts 21.5781 sec
Elapsed time for households 11.9641 sec
Iteration 78
Elapsed time for kappa 35.5511 sec
Elapsed time for experts 13.4369 sec
Elapsed time for households 11.4475 sec
Iteration 79
Elapsed time for kappa 35.1720 sec
Elapsed time for experts 13.5732 sec
Elapsed time for households 11.0873 sec
Iteration 80
Elapsed time for kappa 35.2220 sec
Elapsed time for experts 14.5085 sec
Elapsed time for households 12.0092 sec
Iteration 81
Elapsed time for kappa 34.7251 sec
Elapsed time for experts 13.8690 sec
Elapsed time for households 11.4352 sec
Iteration 82
Elapsed time for kappa 34.5900 sec
Elapsed time for experts 14.7634 sec
Elapsed time for households 11.2035 sec
Iteration 83
Elapsed time for kappa 34.5516 sec
Elapsed time for experts 21.6355 sec
Elapsed time for households 12.0395 sec
Iteration 84
Elapsed time for kappa 35.9192 sec
Elapsed time for experts 13.5754 sec
Elapsed time for households 11.4844 sec
Iteration 85
Elapsed time for kappa 35.2979 sec
Elapsed time for experts 12.6970 sec
Elapsed time for households 11.5273 sec
Iteration 86
Elapsed time for kappa 35.4615 sec
Elapsed time for experts 13.1007 sec
Elapsed time for households 12.0059 sec
Iteration 87
Elapsed time for kappa 35.3637 sec
Elapsed time for experts 14.0013 sec
Elapsed time for households 11.6259 sec
Iteration 88
Elapsed time for kappa 35.5890 sec
Elapsed time for experts 13.5135 sec
Elapsed time for households 11.2333 sec
Iteration 89
Elapsed time for kappa 34.9242 sec
Elapsed time for experts 20.6751 sec
Elapsed time for households 13.1851 sec
Iteration 90
Elapsed time for kappa 35.2519 sec
Elapsed time for experts 13.1529 sec
Elapsed time for households 11.8715 sec
Iteration 91
Elapsed time for kappa 35.2822 sec
Elapsed time for experts 12.8902 sec
Elapsed time for households 11.6065 sec
Iteration 92
Elapsed time for kappa 34.8466 sec
Elapsed time for experts 13.3830 sec
Elapsed time for households 11.6413 sec
Iteration 93
Elapsed time for kappa 35.2916 sec
Elapsed time for experts 15.5161 sec
Elapsed time for households 11.5098 sec
Iteration 94
Elapsed time for kappa 34.2922 sec
Elapsed time for experts 15.1246 sec
Elapsed time for households 12.1959 sec
Iteration 95
Elapsed time for kappa 43.3014 sec
Elapsed time for experts 14.5590 sec
Elapsed time for households 12.6124 sec
Iteration 96
Elapsed time for kappa 35.2285 sec
Elapsed time for experts 13.4006 sec
Elapsed time for households 11.4789 sec
Iteration 97
Elapsed time for kappa 34.7549 sec
Elapsed time for experts 13.4033 sec
Elapsed time for households 11.6141 sec
Iteration 98
Elapsed time for kappa 34.3461 sec
Elapsed time for experts 13.1045 sec
Elapsed time for households 11.8478 sec
Iteration 99
Elapsed time for kappa 34.4865 sec
Elapsed time for experts 13.8097 sec
Elapsed time for households 11.4598 sec
Iteration 100
Elapsed time for kappa 33.8577 sec
Elapsed time for experts 13.9622 sec
Elapsed time for households 12.2384 sec
Iteration 101
Elapsed time for kappa 43.5370 sec
Elapsed time for experts 13.5562 sec
Elapsed time for households 11.4614 sec
Iteration 102
Elapsed time for kappa 35.2147 sec
Elapsed time for experts 13.5930 sec
Elapsed time for households 11.5763 sec
Iteration 103
Elapsed time for kappa 34.7127 sec
Elapsed time for experts 12.6877 sec
Elapsed time for households 11.4131 sec
Iteration 104
Elapsed time for kappa 35.4453 sec
Elapsed time for experts 12.9529 sec
Elapsed time for households 11.5781 sec
Iteration 105
Elapsed time for kappa 35.0249 sec
Elapsed time for experts 13.5381 sec
Elapsed time for households 11.5999 sec
Iteration 106
Elapsed time for kappa 34.9430 sec
Elapsed time for experts 12.9521 sec
Elapsed time for households 11.2734 sec
Iteration 107
Elapsed time for kappa 43.8746 sec
Elapsed time for experts 13.9196 sec
Elapsed time for households 12.2287 sec
Iteration 108
Elapsed time for kappa 35.5072 sec
Elapsed time for experts 14.6510 sec
Elapsed time for households 11.5846 sec
Iteration 109
Elapsed time for kappa 35.2837 sec
Elapsed time for experts 13.5298 sec
Elapsed time for households 11.6417 sec
Iteration 110
Elapsed time for kappa 34.5484 sec
Elapsed time for experts 13.3912 sec
Elapsed time for households 12.1738 sec
Iteration 111
Elapsed time for kappa 34.6426 sec
Elapsed time for experts 13.1594 sec
Elapsed time for households 11.6332 sec
Iteration 112
Elapsed time for kappa 34.6981 sec
Elapsed time for experts 13.2884 sec
Elapsed time for households 11.3841 sec
Iteration 113
Elapsed time for kappa 42.6441 sec
Elapsed time for experts 14.8526 sec
Elapsed time for households 11.9915 sec
Iteration 114
Elapsed time for kappa 35.7341 sec
Elapsed time for experts 13.4048 sec
Elapsed time for households 11.7423 sec
Iteration 115
Elapsed time for kappa 35.2908 sec
Elapsed time for experts 14.0116 sec
Elapsed time for households 12.4909 sec
Iteration 116
Elapsed time for kappa 35.2209 sec
Elapsed time for experts 13.5557 sec
Elapsed time for households 12.1164 sec
Iteration 117
Elapsed time for kappa 35.3270 sec
Elapsed time for experts 13.8644 sec
Elapsed time for households 11.1666 sec
Iteration 118
Elapsed time for kappa 35.1628 sec
Elapsed time for experts 13.0926 sec
Elapsed time for households 18.8683 sec
Iteration 119
Elapsed time for kappa 36.1268 sec
Elapsed time for experts 14.3803 sec
Elapsed time for households 12.0624 sec
Iteration 120
Elapsed time for kappa 35.1260 sec
Elapsed time for experts 13.1833 sec
Elapsed time for households 11.7768 sec
Iteration 121
Elapsed time for kappa 34.9372 sec
Elapsed time for experts 13.6404 sec
Elapsed time for households 11.8173 sec
Iteration 122
Elapsed time for kappa 34.4090 sec
Elapsed time for experts 12.9444 sec
Elapsed time for households 11.4541 sec
Iteration 123
Elapsed time for kappa 34.2492 sec
Elapsed time for experts 13.4292 sec
Elapsed time for households 11.6294 sec
Iteration 124
Elapsed time for kappa 34.8390 sec
Elapsed time for experts 21.9666 sec
Elapsed time for households 12.8904 sec
Iteration 125
Elapsed time for kappa 35.9528 sec
Elapsed time for experts 14.1855 sec
Elapsed time for households 11.4606 sec
Iteration 126
Elapsed time for kappa 35.0908 sec
Elapsed time for experts 13.3553 sec
Elapsed time for households 11.2698 sec
Iteration 127
Elapsed time for kappa 34.9033 sec
Elapsed time for experts 14.3074 sec
Elapsed time for households 11.4036 sec
Iteration 128
Elapsed time for kappa 34.8623 sec
Elapsed time for experts 13.0472 sec
Elapsed time for households 12.1322 sec
Iteration 129
Elapsed time for kappa 35.1683 sec
Elapsed time for experts 12.7830 sec
Elapsed time for households 11.5591 sec
Iteration 130
Elapsed time for kappa 34.5731 sec
Elapsed time for experts 21.4541 sec
Elapsed time for households 12.5189 sec
Iteration 131
Elapsed time for kappa 35.5775 sec
Elapsed time for experts 13.1762 sec
Elapsed time for households 11.8524 sec
Iteration 132
Elapsed time for kappa 34.8249 sec
Elapsed time for experts 12.9937 sec
Elapsed time for households 12.7239 sec
Iteration 133
Elapsed time for kappa 34.6721 sec
Elapsed time for experts 13.3548 sec
Elapsed time for households 11.9871 sec
Iteration 134
Elapsed time for kappa 34.6712 sec
Elapsed time for experts 13.5029 sec
Elapsed time for households 11.3497 sec
Iteration 135
Elapsed time for kappa 34.4818 sec
Elapsed time for experts 13.0165 sec
Elapsed time for households 12.0132 sec
Iteration 136
Elapsed time for kappa 35.0121 sec
Elapsed time for experts 22.0973 sec
Elapsed time for households 12.8588 sec
Iteration 137
Elapsed time for kappa 35.8071 sec
Elapsed time for experts 13.9705 sec
Elapsed time for households 11.1920 sec
Iteration 138
Elapsed time for kappa 35.0136 sec
Elapsed time for experts 13.8181 sec
Elapsed time for households 11.2287 sec
Iteration 139
Elapsed time for kappa 34.9872 sec
Elapsed time for experts 13.4702 sec
Elapsed time for households 11.9110 sec
Iteration 140
Elapsed time for kappa 34.4605 sec
Elapsed time for experts 12.6618 sec
Elapsed time for households 11.4919 sec
Iteration 141
Elapsed time for kappa 35.0639 sec
Elapsed time for experts 13.1982 sec
Elapsed time for households 11.6328 sec
Iteration 142
Elapsed time for kappa 44.6084 sec
Elapsed time for experts 14.3747 sec
Elapsed time for households 12.4816 sec
Iteration 143
Elapsed time for kappa 36.0614 sec
Elapsed time for experts 13.7404 sec
Elapsed time for households 12.2039 sec
Iteration 144
Elapsed time for kappa 35.3845 sec
Elapsed time for experts 13.7746 sec
Elapsed time for households 11.5798 sec
Iteration 145
Elapsed time for kappa 34.7383 sec
Elapsed time for experts 13.4685 sec
Elapsed time for households 12.4604 sec
Iteration 146
Elapsed time for kappa 35.0687 sec
Elapsed time for experts 12.7872 sec
Elapsed time for households 11.6154 sec
Iteration 147
Elapsed time for kappa 34.4890 sec
Elapsed time for experts 13.7841 sec
Elapsed time for households 11.8492 sec
Iteration 148
Elapsed time for kappa 43.4183 sec
Elapsed time for experts 13.8388 sec
Elapsed time for households 12.4444 sec
Iteration 149
Elapsed time for kappa 35.9025 sec
Elapsed time for experts 14.0092 sec
Elapsed time for households 11.5172 sec
Iteration 150
Elapsed time for kappa 35.5755 sec
Elapsed time for experts 13.3708 sec
Elapsed time for households 11.1167 sec
Iteration 151
Elapsed time for kappa 34.6901 sec
Elapsed time for experts 13.1928 sec
Elapsed time for households 11.4205 sec
Iteration 152
Elapsed time for kappa 35.7940 sec
Elapsed time for experts 13.1166 sec
Elapsed time for households 11.4837 sec
Iteration 153
Elapsed time for kappa 35.4835 sec
Elapsed time for experts 12.8862 sec
Elapsed time for households 11.7816 sec
Iteration 154
Elapsed time for kappa 44.2910 sec
Elapsed time for experts 14.5534 sec
Elapsed time for households 12.1779 sec
Iteration 155
Elapsed time for kappa 35.7460 sec
Elapsed time for experts 14.2222 sec
Elapsed time for households 11.9514 sec
Iteration 156
Elapsed time for kappa 34.6845 sec
Elapsed time for experts 12.8924 sec
Elapsed time for households 12.0641 sec
Iteration 157
Elapsed time for kappa 34.3533 sec
Elapsed time for experts 13.7364 sec
Elapsed time for households 11.2974 sec
Iteration 158
Elapsed time for kappa 35.1310 sec
Elapsed time for experts 12.9999 sec
Elapsed time for households 12.5104 sec
Iteration 159
Elapsed time for kappa 35.1572 sec
Elapsed time for experts 13.3388 sec
Elapsed time for households 12.0224 sec
Iteration 160
Elapsed time for kappa 42.5942 sec
Elapsed time for experts 13.9920 sec
Elapsed time for households 11.4229 sec
Iteration 161
Elapsed time for kappa 35.3884 sec
Elapsed time for experts 13.4828 sec
Elapsed time for households 11.5804 sec
Iteration 162
Elapsed time for kappa 35.2746 sec
Elapsed time for experts 13.8267 sec
Elapsed time for households 11.3405 sec
Iteration 163
Elapsed time for kappa 35.2629 sec
Elapsed time for experts 12.7062 sec
Elapsed time for households 11.4947 sec
Iteration 164
Elapsed time for kappa 34.8322 sec
Elapsed time for experts 13.2920 sec
Elapsed time for households 11.5222 sec
Iteration 165
Elapsed time for kappa 35.3368 sec
Elapsed time for experts 12.7417 sec
Elapsed time for households 11.5891 sec
Iteration 166
Elapsed time for kappa 42.3661 sec
Elapsed time for experts 13.7190 sec
Elapsed time for households 11.7924 sec
Iteration 167
Elapsed time for kappa 35.2294 sec
Elapsed time for experts 13.5796 sec
Elapsed time for households 11.5498 sec
Iteration 168
Elapsed time for kappa 35.0571 sec
Elapsed time for experts 13.1407 sec
Elapsed time for households 11.6795 sec
Iteration 169
Elapsed time for kappa 34.9696 sec
Elapsed time for experts 13.4971 sec
Elapsed time for households 11.7334 sec
Iteration 170
Elapsed time for kappa 34.7336 sec
Elapsed time for experts 12.7534 sec
Elapsed time for households 12.0433 sec
Iteration 171
Elapsed time for kappa 34.2053 sec
Elapsed time for experts 20.3059 sec
Elapsed time for households 12.7516 sec
Iteration 172
Elapsed time for kappa 35.0165 sec
Elapsed time for experts 13.9681 sec
Elapsed time for households 11.7188 sec
Iteration 173
Elapsed time for kappa 34.4936 sec
Elapsed time for experts 14.2138 sec
Elapsed time for households 11.3255 sec
Iteration 174
Elapsed time for kappa 35.0973 sec
Elapsed time for experts 14.1737 sec
Elapsed time for households 11.5541 sec
Iteration 175
Elapsed time for kappa 35.0448 sec
Elapsed time for experts 14.0008 sec
Elapsed time for households 11.2450 sec
Iteration 176
Elapsed time for kappa 33.9509 sec
Elapsed time for experts 13.7520 sec
Elapsed time for households 10.8822 sec
Iteration 177
Elapsed time for kappa 34.4564 sec
Elapsed time for experts 20.5074 sec
Elapsed time for households 11.7747 sec
Iteration 178
Elapsed time for kappa 35.2395 sec
Elapsed time for experts 13.5799 sec
Elapsed time for households 11.6531 sec
Iteration 179
Elapsed time for kappa 35.0492 sec
Elapsed time for experts 12.9927 sec
Elapsed time for households 11.4811 sec
Iteration 180
Elapsed time for kappa 34.6510 sec
Elapsed time for experts 12.8403 sec
Elapsed time for households 11.3312 sec
Iteration 181
Elapsed time for kappa 34.3031 sec
Elapsed time for experts 12.6626 sec
Elapsed time for households 11.6255 sec
Iteration 182
Elapsed time for kappa 34.3119 sec
Elapsed time for experts 12.6222 sec
Elapsed time for households 11.3844 sec
Iteration 183
Elapsed time for kappa 34.5719 sec
Elapsed time for experts 20.4485 sec
Elapsed time for households 12.3841 sec
Iteration 184
Elapsed time for kappa 35.0116 sec
Elapsed time for experts 13.4644 sec
Elapsed time for households 11.4855 sec
Iteration 185
Elapsed time for kappa 35.0284 sec
Elapsed time for experts 13.8222 sec
Elapsed time for households 11.6356 sec
Iteration 186
Elapsed time for kappa 34.9045 sec
Elapsed time for experts 13.2847 sec
Elapsed time for households 11.7790 sec
Iteration 187
Elapsed time for kappa 34.2045 sec
Elapsed time for experts 14.1253 sec
Elapsed time for households 11.9470 sec
Iteration 188
Elapsed time for kappa 34.5168 sec
Elapsed time for experts 12.8015 sec
Elapsed time for households 11.7211 sec
Iteration 189
Elapsed time for kappa 33.8768 sec
Elapsed time for experts 21.2805 sec
Elapsed time for households 11.6300 sec
Iteration 190
Elapsed time for kappa 34.9733 sec
Elapsed time for experts 14.5662 sec
Elapsed time for households 11.3234 sec
Iteration 191
Elapsed time for kappa 35.3473 sec
Elapsed time for experts 14.0344 sec
Elapsed time for households 11.3992 sec
Iteration 192
Elapsed time for kappa 35.4596 sec
Elapsed time for experts 13.4050 sec
Elapsed time for households 11.5728 sec
Iteration 193
Elapsed time for kappa 35.2385 sec
Elapsed time for experts 12.9390 sec
Elapsed time for households 10.9736 sec
Iteration 194
Elapsed time for kappa 34.3166 sec
Elapsed time for experts 13.0467 sec
Elapsed time for households 11.0541 sec
Iteration 195
Elapsed time for kappa 42.9544 sec
Elapsed time for experts 13.0843 sec
Elapsed time for households 12.1000 sec
Iteration 196
Elapsed time for kappa 34.8100 sec
Elapsed time for experts 13.1150 sec
Elapsed time for households 11.4065 sec
Iteration 197
Elapsed time for kappa 34.5667 sec
Elapsed time for experts 12.8345 sec
Elapsed time for households 11.8881 sec
Iteration 198
Elapsed time for kappa 34.3897 sec
Elapsed time for experts 12.7552 sec
Elapsed time for households 11.8692 sec
Iteration 199
Elapsed time for kappa 34.3374 sec
Elapsed time for experts 12.6978 sec
Elapsed time for households 12.1177 sec
Elapsed time for training 12513.3321 sec
