Iteration 0
Elapsed time for kappa 77.1612 sec
Elapsed time for experts 23.8676 sec
Elapsed time for households 18.9627 sec
Iteration 1
Elapsed time for kappa 39.9303 sec
Elapsed time for experts 18.4561 sec
Elapsed time for households 16.8909 sec
Iteration 2
Elapsed time for kappa 34.4551 sec
Elapsed time for experts 18.1477 sec
Elapsed time for households 16.5128 sec
Iteration 3
Elapsed time for kappa 33.2642 sec
Elapsed time for experts 18.6258 sec
Elapsed time for households 16.2934 sec
Iteration 4
Elapsed time for kappa 35.7495 sec
Elapsed time for experts 18.2177 sec
Elapsed time for households 16.6156 sec
Iteration 5
Elapsed time for kappa 33.6858 sec
Elapsed time for experts 14.1764 sec
Elapsed time for households 15.7343 sec
Iteration 6
Elapsed time for kappa 33.3321 sec
Elapsed time for experts 13.9196 sec
Elapsed time for households 16.2440 sec
Iteration 7
Elapsed time for kappa 39.9896 sec
Elapsed time for experts 15.0885 sec
Elapsed time for households 11.6888 sec
Iteration 8
Elapsed time for kappa 33.2911 sec
Elapsed time for experts 18.7299 sec
Elapsed time for households 15.1655 sec
Iteration 9
Elapsed time for kappa 33.1198 sec
Elapsed time for experts 18.0584 sec
Elapsed time for households 12.9045 sec
Iteration 10
Elapsed time for kappa 33.1590 sec
Elapsed time for experts 13.1059 sec
Elapsed time for households 11.0471 sec
Iteration 11
Elapsed time for kappa 32.9936 sec
Elapsed time for experts 15.1219 sec
Elapsed time for households 10.8609 sec
Iteration 12
Elapsed time for kappa 32.5347 sec
Elapsed time for experts 12.6383 sec
Elapsed time for households 16.8685 sec
Iteration 13
Elapsed time for kappa 33.7257 sec
Elapsed time for experts 13.2916 sec
Elapsed time for households 10.8262 sec
Iteration 14
Elapsed time for kappa 33.4149 sec
Elapsed time for experts 12.4898 sec
Elapsed time for households 11.4757 sec
Iteration 15
Elapsed time for kappa 33.3247 sec
Elapsed time for experts 16.6274 sec
Elapsed time for households 11.3133 sec
Iteration 16
Elapsed time for kappa 33.0855 sec
Elapsed time for experts 12.8836 sec
Elapsed time for households 11.0336 sec
Iteration 17
Elapsed time for kappa 33.4329 sec
Elapsed time for experts 14.6306 sec
Elapsed time for households 11.5416 sec
Iteration 18
Elapsed time for kappa 33.2631 sec
Elapsed time for experts 13.0611 sec
Elapsed time for households 17.5603 sec
Iteration 19
Elapsed time for kappa 33.6388 sec
Elapsed time for experts 14.6990 sec
Elapsed time for households 11.0503 sec
Iteration 20
Elapsed time for kappa 32.9823 sec
Elapsed time for experts 14.0919 sec
Elapsed time for households 10.7651 sec
Iteration 21
Elapsed time for kappa 33.1710 sec
Elapsed time for experts 12.8552 sec
Elapsed time for households 10.9507 sec
Iteration 22
Elapsed time for kappa 32.6129 sec
Elapsed time for experts 12.9460 sec
Elapsed time for households 11.3444 sec
Iteration 23
Elapsed time for kappa 32.9464 sec
Elapsed time for experts 12.4976 sec
Elapsed time for households 11.3207 sec
Iteration 24
Elapsed time for kappa 32.3733 sec
Elapsed time for experts 18.9591 sec
Elapsed time for households 12.9094 sec
Iteration 25
Elapsed time for kappa 32.8617 sec
Elapsed time for experts 14.1102 sec
Elapsed time for households 11.6637 sec
Iteration 26
Elapsed time for kappa 32.9686 sec
Elapsed time for experts 14.5973 sec
Elapsed time for households 10.8885 sec
Iteration 27
Elapsed time for kappa 32.8940 sec
Elapsed time for experts 12.1924 sec
Elapsed time for households 11.4052 sec
Iteration 28
Elapsed time for kappa 32.5594 sec
Elapsed time for experts 12.2864 sec
Elapsed time for households 11.1385 sec
Iteration 29
Elapsed time for kappa 32.5191 sec
Elapsed time for experts 13.5542 sec
Elapsed time for households 10.7877 sec
Iteration 30
Elapsed time for kappa 32.8445 sec
Elapsed time for experts 18.7676 sec
Elapsed time for households 11.2994 sec
Iteration 31
Elapsed time for kappa 32.7546 sec
Elapsed time for experts 12.5880 sec
Elapsed time for households 11.3516 sec
Iteration 32
Elapsed time for kappa 32.7669 sec
Elapsed time for experts 13.2099 sec
Elapsed time for households 10.8502 sec
Iteration 33
Elapsed time for kappa 32.4406 sec
Elapsed time for experts 13.3675 sec
Elapsed time for households 10.9144 sec
Iteration 34
Elapsed time for kappa 32.8144 sec
Elapsed time for experts 13.2461 sec
Elapsed time for households 11.3896 sec
Iteration 35
Elapsed time for kappa 32.5098 sec
Elapsed time for experts 12.6296 sec
Elapsed time for households 11.1536 sec
Iteration 36
Elapsed time for kappa 32.2796 sec
Elapsed time for experts 18.4036 sec
Elapsed time for households 11.7256 sec
Iteration 37
Elapsed time for kappa 32.7922 sec
Elapsed time for experts 14.2327 sec
Elapsed time for households 11.6451 sec
Iteration 38
Elapsed time for kappa 32.6524 sec
Elapsed time for experts 13.6745 sec
Elapsed time for households 11.3555 sec
Iteration 39
Elapsed time for kappa 32.6786 sec
Elapsed time for experts 12.4050 sec
Elapsed time for households 10.8110 sec
Iteration 40
Elapsed time for kappa 32.6419 sec
Elapsed time for experts 12.2954 sec
Elapsed time for households 11.5317 sec
Iteration 41
Elapsed time for kappa 32.6567 sec
Elapsed time for experts 13.7983 sec
Elapsed time for households 11.4702 sec
Iteration 42
Elapsed time for kappa 38.9787 sec
Elapsed time for experts 13.1484 sec
Elapsed time for households 11.4731 sec
Iteration 43
Elapsed time for kappa 32.6284 sec
Elapsed time for experts 13.5113 sec
Elapsed time for households 11.4958 sec
Iteration 44
Elapsed time for kappa 32.7615 sec
Elapsed time for experts 13.2853 sec
Elapsed time for households 11.6132 sec
Iteration 45
Elapsed time for kappa 32.5495 sec
Elapsed time for experts 13.0342 sec
Elapsed time for households 11.4439 sec
Iteration 46
Elapsed time for kappa 32.6029 sec
Elapsed time for experts 14.0998 sec
Elapsed time for households 13.0450 sec
Iteration 47
Elapsed time for kappa 32.6657 sec
Elapsed time for experts 13.4152 sec
Elapsed time for households 12.7653 sec
Iteration 48
Elapsed time for kappa 37.6221 sec
Elapsed time for experts 12.8488 sec
Elapsed time for households 11.6167 sec
Iteration 49
Elapsed time for kappa 32.6468 sec
Elapsed time for experts 14.2281 sec
Elapsed time for households 11.5803 sec
Iteration 50
Elapsed time for kappa 33.0594 sec
Elapsed time for experts 13.3180 sec
Elapsed time for households 10.9121 sec
Iteration 51
Elapsed time for kappa 32.7379 sec
Elapsed time for experts 14.8044 sec
Elapsed time for households 11.4112 sec
Iteration 52
Elapsed time for kappa 32.9274 sec
Elapsed time for experts 13.5085 sec
Elapsed time for households 11.2643 sec
Iteration 53
Elapsed time for kappa 32.7260 sec
Elapsed time for experts 15.0676 sec
Elapsed time for households 10.8243 sec
Iteration 54
Elapsed time for kappa 38.9646 sec
Elapsed time for experts 12.5685 sec
Elapsed time for households 11.0970 sec
Iteration 55
Elapsed time for kappa 32.9059 sec
Elapsed time for experts 13.1168 sec
Elapsed time for households 11.5322 sec
Iteration 56
Elapsed time for kappa 33.0457 sec
Elapsed time for experts 13.1215 sec
Elapsed time for households 11.5598 sec
Iteration 57
Elapsed time for kappa 32.9613 sec
Elapsed time for experts 14.9790 sec
Elapsed time for households 11.1538 sec
Iteration 58
Elapsed time for kappa 32.6254 sec
Elapsed time for experts 13.3477 sec
Elapsed time for households 11.4689 sec
Iteration 59
Elapsed time for kappa 32.1392 sec
Elapsed time for experts 12.6293 sec
Elapsed time for households 10.6213 sec
Iteration 60
Elapsed time for kappa 37.9813 sec
Elapsed time for experts 15.3527 sec
Elapsed time for households 10.9498 sec
Iteration 61
Elapsed time for kappa 33.0225 sec
Elapsed time for experts 14.8432 sec
Elapsed time for households 11.6133 sec
Iteration 62
Elapsed time for kappa 33.0443 sec
Elapsed time for experts 12.3440 sec
Elapsed time for households 11.4941 sec
Iteration 63
Elapsed time for kappa 32.5879 sec
Elapsed time for experts 13.8498 sec
Elapsed time for households 11.0449 sec
Iteration 64
Elapsed time for kappa 32.7719 sec
Elapsed time for experts 12.5591 sec
Elapsed time for households 11.2490 sec
Iteration 65
Elapsed time for kappa 32.5820 sec
Elapsed time for experts 16.4250 sec
Elapsed time for households 16.1673 sec
Iteration 66
Elapsed time for kappa 33.0784 sec
Elapsed time for experts 13.0637 sec
Elapsed time for households 11.4338 sec
Iteration 67
Elapsed time for kappa 32.5725 sec
Elapsed time for experts 12.9515 sec
Elapsed time for households 10.9116 sec
Iteration 68
Elapsed time for kappa 32.8952 sec
Elapsed time for experts 12.8346 sec
Elapsed time for households 10.9627 sec
Iteration 69
Elapsed time for kappa 32.7140 sec
Elapsed time for experts 13.3019 sec
Elapsed time for households 11.1660 sec
Iteration 70
Elapsed time for kappa 32.3708 sec
Elapsed time for experts 14.7995 sec
Elapsed time for households 10.7595 sec
Iteration 71
Elapsed time for kappa 32.8335 sec
Elapsed time for experts 19.6024 sec
Elapsed time for households 12.1447 sec
Iteration 72
Elapsed time for kappa 32.5158 sec
Elapsed time for experts 13.4537 sec
Elapsed time for households 11.5479 sec
Iteration 73
Elapsed time for kappa 32.9660 sec
Elapsed time for experts 13.2945 sec
Elapsed time for households 10.9062 sec
Iteration 74
Elapsed time for kappa 33.0001 sec
Elapsed time for experts 12.9377 sec
Elapsed time for households 10.8280 sec
Iteration 75
Elapsed time for kappa 32.6566 sec
Elapsed time for experts 12.9774 sec
Elapsed time for households 10.6857 sec
Iteration 76
Elapsed time for kappa 32.7660 sec
Elapsed time for experts 12.3945 sec
Elapsed time for households 10.8437 sec
Iteration 77
Elapsed time for kappa 32.8911 sec
Elapsed time for experts 19.6346 sec
Elapsed time for households 11.5549 sec
Iteration 78
Elapsed time for kappa 33.1842 sec
Elapsed time for experts 13.5094 sec
Elapsed time for households 12.1202 sec
Iteration 79
Elapsed time for kappa 33.0248 sec
Elapsed time for experts 13.1651 sec
Elapsed time for households 10.6750 sec
Iteration 80
Elapsed time for kappa 32.5718 sec
Elapsed time for experts 12.7656 sec
Elapsed time for households 11.2888 sec
Iteration 81
Elapsed time for kappa 32.4854 sec
Elapsed time for experts 13.4908 sec
Elapsed time for households 11.5169 sec
Iteration 82
Elapsed time for kappa 32.6738 sec
Elapsed time for experts 13.1287 sec
Elapsed time for households 10.7933 sec
Iteration 83
Elapsed time for kappa 32.4247 sec
Elapsed time for experts 18.2964 sec
Elapsed time for households 11.4557 sec
Iteration 84
Elapsed time for kappa 33.3194 sec
Elapsed time for experts 13.2117 sec
Elapsed time for households 11.2314 sec
Iteration 85
Elapsed time for kappa 33.3153 sec
Elapsed time for experts 13.8335 sec
Elapsed time for households 11.4760 sec
Iteration 86
Elapsed time for kappa 32.8438 sec
Elapsed time for experts 13.9606 sec
Elapsed time for households 10.6300 sec
Iteration 87
Elapsed time for kappa 32.8685 sec
Elapsed time for experts 12.2004 sec
Elapsed time for households 10.6784 sec
Iteration 88
Elapsed time for kappa 32.7477 sec
Elapsed time for experts 12.9924 sec
Elapsed time for households 10.9087 sec
Iteration 89
Elapsed time for kappa 32.8988 sec
Elapsed time for experts 19.5757 sec
Elapsed time for households 11.9448 sec
Iteration 90
Elapsed time for kappa 33.1923 sec
Elapsed time for experts 12.5480 sec
Elapsed time for households 12.2216 sec
Iteration 91
Elapsed time for kappa 33.1224 sec
Elapsed time for experts 15.4554 sec
Elapsed time for households 11.8251 sec
Iteration 92
Elapsed time for kappa 32.6923 sec
Elapsed time for experts 12.2705 sec
Elapsed time for households 11.3589 sec
Iteration 93
Elapsed time for kappa 33.1210 sec
Elapsed time for experts 14.8018 sec
Elapsed time for households 11.1793 sec
Iteration 94
Elapsed time for kappa 32.4125 sec
Elapsed time for experts 13.6115 sec
Elapsed time for households 11.0701 sec
Iteration 95
Elapsed time for kappa 38.4144 sec
Elapsed time for experts 12.7684 sec
Elapsed time for households 11.1428 sec
Iteration 96
Elapsed time for kappa 33.1410 sec
Elapsed time for experts 13.3094 sec
Elapsed time for households 11.1470 sec
Iteration 97
Elapsed time for kappa 33.0170 sec
Elapsed time for experts 12.8960 sec
Elapsed time for households 11.0362 sec
Iteration 98
Elapsed time for kappa 32.6747 sec
Elapsed time for experts 12.2476 sec
Elapsed time for households 11.2442 sec
Iteration 99
Elapsed time for kappa 32.6688 sec
Elapsed time for experts 13.5962 sec
Elapsed time for households 12.2188 sec
Iteration 100
Elapsed time for kappa 33.0237 sec
Elapsed time for experts 12.3279 sec
Elapsed time for households 11.3889 sec
Iteration 101
Elapsed time for kappa 38.8360 sec
Elapsed time for experts 12.7452 sec
Elapsed time for households 12.2912 sec
Iteration 102
Elapsed time for kappa 33.3567 sec
Elapsed time for experts 13.8554 sec
Elapsed time for households 10.9761 sec
Iteration 103
Elapsed time for kappa 32.9311 sec
Elapsed time for experts 14.6785 sec
Elapsed time for households 11.5065 sec
Iteration 104
Elapsed time for kappa 33.3206 sec
Elapsed time for experts 13.1774 sec
Elapsed time for households 11.0173 sec
Iteration 105
Elapsed time for kappa 32.5473 sec
Elapsed time for experts 12.9225 sec
Elapsed time for households 10.7355 sec
Iteration 106
Elapsed time for kappa 31.8955 sec
Elapsed time for experts 12.1617 sec
Elapsed time for households 11.3924 sec
Iteration 107
Elapsed time for kappa 38.7898 sec
Elapsed time for experts 13.6622 sec
Elapsed time for households 11.5797 sec
Iteration 108
Elapsed time for kappa 32.7170 sec
Elapsed time for experts 13.8173 sec
Elapsed time for households 11.0906 sec
Iteration 109
Elapsed time for kappa 33.1146 sec
Elapsed time for experts 13.4831 sec
Elapsed time for households 11.7837 sec
Iteration 110
Elapsed time for kappa 32.7222 sec
Elapsed time for experts 13.6967 sec
Elapsed time for households 11.3338 sec
Iteration 111
Elapsed time for kappa 32.9767 sec
Elapsed time for experts 12.3922 sec
Elapsed time for households 11.0112 sec
Iteration 112
Elapsed time for kappa 32.9283 sec
Elapsed time for experts 12.6142 sec
Elapsed time for households 10.9754 sec
Iteration 113
Elapsed time for kappa 38.9619 sec
Elapsed time for experts 14.3999 sec
Elapsed time for households 11.2308 sec
Iteration 114
Elapsed time for kappa 33.1488 sec
Elapsed time for experts 12.4390 sec
Elapsed time for households 10.9942 sec
Iteration 115
Elapsed time for kappa 33.0947 sec
Elapsed time for experts 12.9619 sec
Elapsed time for households 10.9090 sec
Iteration 116
Elapsed time for kappa 32.5881 sec
Elapsed time for experts 12.8853 sec
Elapsed time for households 10.8906 sec
Iteration 117
Elapsed time for kappa 33.0647 sec
Elapsed time for experts 12.2770 sec
Elapsed time for households 11.4379 sec
Iteration 118
Elapsed time for kappa 32.4434 sec
Elapsed time for experts 12.8768 sec
Elapsed time for households 15.9359 sec
Iteration 119
Elapsed time for kappa 33.1993 sec
Elapsed time for experts 12.9526 sec
Elapsed time for households 11.5660 sec
Iteration 120
Elapsed time for kappa 33.1259 sec
Elapsed time for experts 12.7353 sec
Elapsed time for households 10.9478 sec
Iteration 121
Elapsed time for kappa 33.0078 sec
Elapsed time for experts 13.0639 sec
Elapsed time for households 11.0299 sec
Iteration 122
Elapsed time for kappa 32.5612 sec
Elapsed time for experts 12.6015 sec
Elapsed time for households 10.8246 sec
Iteration 123
Elapsed time for kappa 32.8029 sec
Elapsed time for experts 13.2967 sec
Elapsed time for households 10.8808 sec
Iteration 124
Elapsed time for kappa 32.6988 sec
Elapsed time for experts 14.0339 sec
Elapsed time for households 17.5817 sec
Iteration 125
Elapsed time for kappa 33.5011 sec
Elapsed time for experts 13.3558 sec
Elapsed time for households 11.4416 sec
Iteration 126
Elapsed time for kappa 33.4403 sec
Elapsed time for experts 12.6650 sec
Elapsed time for households 12.1662 sec
Iteration 127
Elapsed time for kappa 33.0108 sec
Elapsed time for experts 13.5797 sec
Elapsed time for households 11.0339 sec
Iteration 128
Elapsed time for kappa 32.6838 sec
Elapsed time for experts 13.1203 sec
Elapsed time for households 10.9793 sec
Iteration 129
Elapsed time for kappa 32.9142 sec
Elapsed time for experts 13.0372 sec
Elapsed time for households 11.2054 sec
Iteration 130
Elapsed time for kappa 32.0275 sec
Elapsed time for experts 12.0856 sec
Elapsed time for households 16.9394 sec
Iteration 131
Elapsed time for kappa 33.5025 sec
Elapsed time for experts 13.3223 sec
Elapsed time for households 11.1320 sec
Iteration 132
Elapsed time for kappa 33.2051 sec
Elapsed time for experts 13.7167 sec
Elapsed time for households 11.1447 sec
Iteration 133
Elapsed time for kappa 32.8189 sec
Elapsed time for experts 13.5370 sec
Elapsed time for households 11.4532 sec
Iteration 134
Elapsed time for kappa 32.7917 sec
Elapsed time for experts 12.7708 sec
Elapsed time for households 11.7128 sec
Iteration 135
Elapsed time for kappa 32.7885 sec
Elapsed time for experts 12.9408 sec
Elapsed time for households 11.5177 sec
Iteration 136
Elapsed time for kappa 33.0762 sec
Elapsed time for experts 19.2753 sec
Elapsed time for households 11.6453 sec
Iteration 137
Elapsed time for kappa 33.5817 sec
Elapsed time for experts 13.4387 sec
Elapsed time for households 11.5711 sec
Iteration 138
Elapsed time for kappa 33.4859 sec
Elapsed time for experts 13.0602 sec
Elapsed time for households 11.1125 sec
Iteration 139
Elapsed time for kappa 33.3886 sec
Elapsed time for experts 12.6103 sec
Elapsed time for households 11.3220 sec
Iteration 140
Elapsed time for kappa 32.9490 sec
Elapsed time for experts 13.3119 sec
Elapsed time for households 11.2723 sec
Iteration 141
Elapsed time for kappa 32.4186 sec
Elapsed time for experts 12.8960 sec
Elapsed time for households 11.2002 sec
Iteration 142
Elapsed time for kappa 32.2074 sec
Elapsed time for experts 18.9360 sec
Elapsed time for households 11.9393 sec
Iteration 143
Elapsed time for kappa 33.3412 sec
Elapsed time for experts 13.2493 sec
Elapsed time for households 11.6232 sec
Iteration 144
Elapsed time for kappa 33.1849 sec
Elapsed time for experts 12.5071 sec
Elapsed time for households 11.6367 sec
Iteration 145
Elapsed time for kappa 33.0598 sec
Elapsed time for experts 12.3660 sec
Elapsed time for households 11.4478 sec
Iteration 146
Elapsed time for kappa 32.9419 sec
Elapsed time for experts 14.2876 sec
Elapsed time for households 11.5097 sec
Iteration 147
Elapsed time for kappa 32.7308 sec
Elapsed time for experts 13.0806 sec
Elapsed time for households 10.8677 sec
Iteration 148
Elapsed time for kappa 32.8885 sec
Elapsed time for experts 19.6242 sec
Elapsed time for households 11.7400 sec
Iteration 149
Elapsed time for kappa 33.5748 sec
Elapsed time for experts 13.6023 sec
Elapsed time for households 11.4778 sec
Iteration 150
Elapsed time for kappa 33.1527 sec
Elapsed time for experts 13.4352 sec
Elapsed time for households 11.0413 sec
Iteration 151
Elapsed time for kappa 33.2228 sec
Elapsed time for experts 13.1424 sec
Elapsed time for households 12.3052 sec
Iteration 152
Elapsed time for kappa 32.5326 sec
Elapsed time for experts 13.3112 sec
Elapsed time for households 11.2547 sec
Iteration 153
Elapsed time for kappa 32.1954 sec
Elapsed time for experts 12.7043 sec
Elapsed time for households 11.0977 sec
Iteration 154
Elapsed time for kappa 32.7622 sec
Elapsed time for experts 20.4596 sec
Elapsed time for households 11.4254 sec
Iteration 155
Elapsed time for kappa 33.3890 sec
Elapsed time for experts 13.8738 sec
Elapsed time for households 12.6946 sec
Iteration 156
Elapsed time for kappa 33.0314 sec
Elapsed time for experts 13.0101 sec
Elapsed time for households 11.5188 sec
Iteration 157
Elapsed time for kappa 33.0888 sec
Elapsed time for experts 13.5323 sec
Elapsed time for households 11.4035 sec
Iteration 158
Elapsed time for kappa 32.8130 sec
Elapsed time for experts 12.4278 sec
Elapsed time for households 10.5010 sec
Iteration 159
Elapsed time for kappa 32.5484 sec
Elapsed time for experts 13.0723 sec
Elapsed time for households 10.8437 sec
Iteration 160
Elapsed time for kappa 39.1153 sec
Elapsed time for experts 13.4248 sec
Elapsed time for households 11.2767 sec
Iteration 161
Elapsed time for kappa 33.4047 sec
Elapsed time for experts 12.5464 sec
Elapsed time for households 11.1095 sec
Iteration 162
Elapsed time for kappa 33.1376 sec
Elapsed time for experts 12.5361 sec
Elapsed time for households 10.8875 sec
Iteration 163
Elapsed time for kappa 32.9890 sec
Elapsed time for experts 13.1426 sec
Elapsed time for households 10.8757 sec
Iteration 164
Elapsed time for kappa 32.7989 sec
Elapsed time for experts 12.1871 sec
Elapsed time for households 10.6458 sec
Iteration 165
Elapsed time for kappa 32.2878 sec
Elapsed time for experts 13.9621 sec
Elapsed time for households 11.4559 sec
Iteration 166
Elapsed time for kappa 39.4912 sec
Elapsed time for experts 13.5923 sec
Elapsed time for households 11.1589 sec
Iteration 167
Elapsed time for kappa 33.1643 sec
Elapsed time for experts 12.6812 sec
Elapsed time for households 11.0779 sec
Iteration 168
Elapsed time for kappa 33.3194 sec
Elapsed time for experts 13.8602 sec
Elapsed time for households 11.2092 sec
Iteration 169
Elapsed time for kappa 32.9361 sec
Elapsed time for experts 12.4282 sec
Elapsed time for households 10.9658 sec
Iteration 170
Elapsed time for kappa 32.8841 sec
Elapsed time for experts 13.4774 sec
Elapsed time for households 10.8906 sec
Iteration 171
Elapsed time for kappa 32.6301 sec
Elapsed time for experts 13.5613 sec
Elapsed time for households 11.1954 sec
Iteration 172
Elapsed time for kappa 39.6261 sec
Elapsed time for experts 13.8513 sec
Elapsed time for households 11.0694 sec
Iteration 173
Elapsed time for kappa 33.1061 sec
Elapsed time for experts 13.8472 sec
Elapsed time for households 10.9879 sec
Iteration 174
Elapsed time for kappa 33.3806 sec
Elapsed time for experts 13.9356 sec
Elapsed time for households 11.5640 sec
Iteration 175
Elapsed time for kappa 32.9896 sec
Elapsed time for experts 13.8661 sec
Elapsed time for households 12.0863 sec
Iteration 176
Elapsed time for kappa 32.6730 sec
Elapsed time for experts 12.9746 sec
Elapsed time for households 11.6039 sec
Iteration 177
Elapsed time for kappa 32.1247 sec
Elapsed time for experts 13.5816 sec
Elapsed time for households 10.6382 sec
Iteration 178
Elapsed time for kappa 39.5455 sec
Elapsed time for experts 14.7322 sec
Elapsed time for households 12.2300 sec
Iteration 179
Elapsed time for kappa 33.1658 sec
Elapsed time for experts 13.2745 sec
Elapsed time for households 12.6437 sec
Iteration 180
Elapsed time for kappa 33.0467 sec
Elapsed time for experts 12.7137 sec
Elapsed time for households 10.9858 sec
Iteration 181
Elapsed time for kappa 33.1595 sec
Elapsed time for experts 13.8682 sec
Elapsed time for households 10.9934 sec
Iteration 182
Elapsed time for kappa 32.8038 sec
Elapsed time for experts 13.4936 sec
Elapsed time for households 10.9388 sec
Iteration 183
Elapsed time for kappa 32.9428 sec
Elapsed time for experts 12.4363 sec
Elapsed time for households 16.2932 sec
Iteration 184
Elapsed time for kappa 33.8169 sec
Elapsed time for experts 12.8825 sec
Elapsed time for households 11.1821 sec
Iteration 185
Elapsed time for kappa 33.2254 sec
Elapsed time for experts 13.0960 sec
Elapsed time for households 11.5120 sec
Iteration 186
Elapsed time for kappa 33.1490 sec
Elapsed time for experts 13.1732 sec
Elapsed time for households 10.9872 sec
Iteration 187
Elapsed time for kappa 32.9448 sec
Elapsed time for experts 12.9034 sec
Elapsed time for households 10.8682 sec
Iteration 188
Elapsed time for kappa 32.0238 sec
Elapsed time for experts 14.2401 sec
Elapsed time for households 10.8760 sec
Iteration 189
Elapsed time for kappa 32.7988 sec
Elapsed time for experts 14.3603 sec
Elapsed time for households 17.2177 sec
Iteration 190
Elapsed time for kappa 33.6540 sec
Elapsed time for experts 13.3708 sec
Elapsed time for households 11.2027 sec
Iteration 191
Elapsed time for kappa 33.4534 sec
Elapsed time for experts 13.2173 sec
Elapsed time for households 11.7252 sec
Iteration 192
Elapsed time for kappa 33.1646 sec
Elapsed time for experts 13.1630 sec
Elapsed time for households 11.0793 sec
Iteration 193
Elapsed time for kappa 33.0887 sec
Elapsed time for experts 13.0539 sec
Elapsed time for households 11.3502 sec
Iteration 194
Elapsed time for kappa 32.8760 sec
Elapsed time for experts 13.0465 sec
Elapsed time for households 11.3082 sec
Iteration 195
Elapsed time for kappa 32.6937 sec
Elapsed time for experts 13.4565 sec
Elapsed time for households 17.7682 sec
Iteration 196
Elapsed time for kappa 33.5937 sec
Elapsed time for experts 13.9890 sec
Elapsed time for households 11.2233 sec
Iteration 197
Elapsed time for kappa 33.3488 sec
Elapsed time for experts 12.4612 sec
Elapsed time for households 11.6472 sec
Iteration 198
Elapsed time for kappa 32.9566 sec
Elapsed time for experts 12.4489 sec
Elapsed time for households 10.6324 sec
Iteration 199
Elapsed time for kappa 32.5268 sec
Elapsed time for experts 14.0909 sec
Elapsed time for households 10.7158 sec
Elapsed time for training 11852.9939 sec
90000 90000 90000 90000
