Iteration 0
Elapsed time for kappa 64.6303 sec
Elapsed time for experts 21.9332 sec
Elapsed time for households 18.8410 sec
Iteration 1
Elapsed time for kappa 37.0656 sec
Elapsed time for experts 16.8402 sec
Elapsed time for households 15.4501 sec
Iteration 2
Elapsed time for kappa 33.6610 sec
Elapsed time for experts 13.7339 sec
Elapsed time for households 14.7814 sec
Iteration 3
Elapsed time for kappa 32.0251 sec
Elapsed time for experts 15.1756 sec
Elapsed time for households 15.0372 sec
Iteration 4
Elapsed time for kappa 35.0516 sec
Elapsed time for experts 14.0116 sec
Elapsed time for households 11.5438 sec
Iteration 5
Elapsed time for kappa 31.8436 sec
Elapsed time for experts 16.4750 sec
Elapsed time for households 12.4292 sec
Iteration 6
Elapsed time for kappa 31.9374 sec
Elapsed time for experts 17.0719 sec
Elapsed time for households 17.7177 sec
Iteration 7
Elapsed time for kappa 32.8312 sec
Elapsed time for experts 13.6832 sec
Elapsed time for households 12.8802 sec
Iteration 8
Elapsed time for kappa 31.9893 sec
Elapsed time for experts 13.4798 sec
Elapsed time for households 11.0714 sec
Iteration 9
Elapsed time for kappa 32.0172 sec
Elapsed time for experts 12.8601 sec
Elapsed time for households 12.0565 sec
Iteration 10
Elapsed time for kappa 32.0051 sec
Elapsed time for experts 12.5932 sec
Elapsed time for households 11.0070 sec
Iteration 11
Elapsed time for kappa 31.8541 sec
Elapsed time for experts 16.1492 sec
Elapsed time for households 10.6174 sec
Iteration 12
Elapsed time for kappa 32.1211 sec
Elapsed time for experts 12.9883 sec
Elapsed time for households 18.5761 sec
Iteration 13
Elapsed time for kappa 32.8479 sec
Elapsed time for experts 12.1028 sec
Elapsed time for households 10.6491 sec
Iteration 14
Elapsed time for kappa 32.0757 sec
Elapsed time for experts 12.1884 sec
Elapsed time for households 11.2224 sec
Iteration 15
Elapsed time for kappa 32.5409 sec
Elapsed time for experts 11.8736 sec
Elapsed time for households 11.2200 sec
Iteration 16
Elapsed time for kappa 32.5099 sec
Elapsed time for experts 12.9740 sec
Elapsed time for households 10.2791 sec
Iteration 17
Elapsed time for kappa 32.8752 sec
Elapsed time for experts 13.2322 sec
Elapsed time for households 11.6824 sec
Iteration 18
Elapsed time for kappa 32.4369 sec
Elapsed time for experts 13.9395 sec
Elapsed time for households 19.2108 sec
Iteration 19
Elapsed time for kappa 32.9939 sec
Elapsed time for experts 12.0144 sec
Elapsed time for households 10.9061 sec
Iteration 20
Elapsed time for kappa 32.8283 sec
Elapsed time for experts 14.5323 sec
Elapsed time for households 10.8166 sec
Iteration 21
Elapsed time for kappa 32.1566 sec
Elapsed time for experts 13.0624 sec
Elapsed time for households 10.8464 sec
Iteration 22
Elapsed time for kappa 32.0329 sec
Elapsed time for experts 11.9331 sec
Elapsed time for households 10.2512 sec
Iteration 23
Elapsed time for kappa 32.6694 sec
Elapsed time for experts 11.7011 sec
Elapsed time for households 11.6580 sec
Iteration 24
Elapsed time for kappa 32.5416 sec
Elapsed time for experts 19.6776 sec
Elapsed time for households 12.1280 sec
Iteration 25
Elapsed time for kappa 32.9029 sec
Elapsed time for experts 12.2564 sec
Elapsed time for households 11.8765 sec
Iteration 26
Elapsed time for kappa 36.1627 sec
Elapsed time for experts 12.4771 sec
Elapsed time for households 15.3513 sec
Iteration 27
Elapsed time for kappa 32.3741 sec
Elapsed time for experts 13.6327 sec
Elapsed time for households 10.6269 sec
Iteration 28
Elapsed time for kappa 32.0122 sec
Elapsed time for experts 12.3265 sec
Elapsed time for households 10.8234 sec
Iteration 29
Elapsed time for kappa 31.5999 sec
Elapsed time for experts 13.7281 sec
Elapsed time for households 10.1031 sec
Iteration 30
Elapsed time for kappa 34.6349 sec
Elapsed time for experts 21.9121 sec
Elapsed time for households 12.7812 sec
Iteration 31
Elapsed time for kappa 32.7763 sec
Elapsed time for experts 12.2588 sec
Elapsed time for households 10.5660 sec
Iteration 32
Elapsed time for kappa 32.2141 sec
Elapsed time for experts 11.9873 sec
Elapsed time for households 11.7910 sec
Iteration 33
Elapsed time for kappa 32.3824 sec
Elapsed time for experts 13.6349 sec
Elapsed time for households 11.5302 sec
Iteration 34
Elapsed time for kappa 32.2494 sec
Elapsed time for experts 12.3332 sec
Elapsed time for households 10.2759 sec
Iteration 35
Elapsed time for kappa 32.3502 sec
Elapsed time for experts 13.3593 sec
Elapsed time for households 11.2060 sec
Iteration 36
Elapsed time for kappa 31.8496 sec
Elapsed time for experts 20.1719 sec
Elapsed time for households 12.2185 sec
Iteration 37
Elapsed time for kappa 35.0918 sec
Elapsed time for experts 13.4975 sec
Elapsed time for households 11.5908 sec
Iteration 38
Elapsed time for kappa 34.0070 sec
Elapsed time for experts 13.8197 sec
Elapsed time for households 12.2729 sec
Iteration 39
Elapsed time for kappa 33.7998 sec
Elapsed time for experts 12.8654 sec
Elapsed time for households 11.2834 sec
Iteration 40
Elapsed time for kappa 34.3741 sec
Elapsed time for experts 13.9746 sec
Elapsed time for households 11.2725 sec
Iteration 41
Elapsed time for kappa 33.9377 sec
Elapsed time for experts 12.8991 sec
Elapsed time for households 11.2490 sec
Iteration 42
Elapsed time for kappa 34.3339 sec
Elapsed time for experts 20.8380 sec
Elapsed time for households 13.2229 sec
Iteration 43
Elapsed time for kappa 32.6778 sec
Elapsed time for experts 13.2619 sec
Elapsed time for households 11.5675 sec
Iteration 44
Elapsed time for kappa 32.2823 sec
Elapsed time for experts 12.7116 sec
Elapsed time for households 11.4826 sec
Iteration 45
Elapsed time for kappa 32.3958 sec
Elapsed time for experts 12.2846 sec
Elapsed time for households 11.1771 sec
Iteration 46
Elapsed time for kappa 32.6745 sec
Elapsed time for experts 12.5191 sec
Elapsed time for households 10.8065 sec
Iteration 47
Elapsed time for kappa 32.2836 sec
Elapsed time for experts 12.3224 sec
Elapsed time for households 10.6364 sec
Iteration 48
Elapsed time for kappa 41.4273 sec
Elapsed time for experts 12.2516 sec
Elapsed time for households 10.6506 sec
Iteration 49
Elapsed time for kappa 32.6403 sec
Elapsed time for experts 12.0062 sec
Elapsed time for households 10.7979 sec
Iteration 50
Elapsed time for kappa 32.3750 sec
Elapsed time for experts 13.9320 sec
Elapsed time for households 11.1833 sec
Iteration 51
Elapsed time for kappa 32.7436 sec
Elapsed time for experts 13.0137 sec
Elapsed time for households 13.1103 sec
Iteration 52
Elapsed time for kappa 34.1137 sec
Elapsed time for experts 13.4806 sec
Elapsed time for households 11.3849 sec
Iteration 53
Elapsed time for kappa 34.1044 sec
Elapsed time for experts 14.3144 sec
Elapsed time for households 11.3659 sec
Iteration 54
Elapsed time for kappa 41.8863 sec
Elapsed time for experts 14.0862 sec
Elapsed time for households 12.6035 sec
Iteration 55
Elapsed time for kappa 36.7977 sec
Elapsed time for experts 12.6637 sec
Elapsed time for households 11.4138 sec
Iteration 56
Elapsed time for kappa 31.9655 sec
Elapsed time for experts 14.3313 sec
Elapsed time for households 10.1111 sec
Iteration 57
Elapsed time for kappa 32.2291 sec
Elapsed time for experts 11.8744 sec
Elapsed time for households 10.0419 sec
Iteration 58
Elapsed time for kappa 31.7871 sec
Elapsed time for experts 13.6961 sec
Elapsed time for households 10.2790 sec
Iteration 59
Elapsed time for kappa 32.2085 sec
Elapsed time for experts 12.7882 sec
Elapsed time for households 10.1153 sec
Iteration 60
Elapsed time for kappa 38.0784 sec
Elapsed time for experts 11.6784 sec
Elapsed time for households 10.0918 sec
Iteration 61
Elapsed time for kappa 31.7905 sec
Elapsed time for experts 12.2659 sec
Elapsed time for households 11.3251 sec
Iteration 62
Elapsed time for kappa 31.5097 sec
Elapsed time for experts 11.9063 sec
Elapsed time for households 11.1392 sec
Iteration 63
Elapsed time for kappa 31.7295 sec
Elapsed time for experts 11.5137 sec
Elapsed time for households 10.1467 sec
Iteration 64
Elapsed time for kappa 31.4644 sec
Elapsed time for experts 12.6325 sec
Elapsed time for households 10.4999 sec
Iteration 65
Elapsed time for kappa 31.7371 sec
Elapsed time for experts 12.0235 sec
Elapsed time for households 10.5570 sec
Iteration 66
Elapsed time for kappa 37.4879 sec
Elapsed time for experts 11.3593 sec
Elapsed time for households 10.8053 sec
Iteration 67
Elapsed time for kappa 31.7077 sec
Elapsed time for experts 11.7283 sec
Elapsed time for households 10.9683 sec
Iteration 68
Elapsed time for kappa 32.0834 sec
Elapsed time for experts 11.6185 sec
Elapsed time for households 13.1833 sec
Iteration 69
Elapsed time for kappa 31.9091 sec
Elapsed time for experts 11.9802 sec
Elapsed time for households 10.2539 sec
Iteration 70
Elapsed time for kappa 31.7848 sec
Elapsed time for experts 12.4045 sec
Elapsed time for households 10.0910 sec
Iteration 71
Elapsed time for kappa 31.4903 sec
Elapsed time for experts 11.5503 sec
Elapsed time for households 18.0403 sec
Iteration 72
Elapsed time for kappa 32.1836 sec
Elapsed time for experts 12.7375 sec
Elapsed time for households 10.1917 sec
Iteration 73
Elapsed time for kappa 31.8268 sec
Elapsed time for experts 12.4188 sec
Elapsed time for households 11.1450 sec
Iteration 74
Elapsed time for kappa 32.0322 sec
Elapsed time for experts 12.2365 sec
Elapsed time for households 10.0469 sec
Iteration 75
Elapsed time for kappa 31.7714 sec
Elapsed time for experts 12.0498 sec
Elapsed time for households 10.8657 sec
Iteration 76
Elapsed time for kappa 31.4824 sec
Elapsed time for experts 12.1021 sec
Elapsed time for households 10.1247 sec
Iteration 77
Elapsed time for kappa 31.5905 sec
Elapsed time for experts 18.0550 sec
Elapsed time for households 10.4606 sec
Iteration 78
Elapsed time for kappa 31.7197 sec
Elapsed time for experts 13.3522 sec
Elapsed time for households 10.4198 sec
Iteration 79
Elapsed time for kappa 31.8103 sec
Elapsed time for experts 14.0596 sec
Elapsed time for households 10.8876 sec
Iteration 80
Elapsed time for kappa 32.7402 sec
Elapsed time for experts 12.0680 sec
Elapsed time for households 10.3350 sec
Iteration 81
Elapsed time for kappa 32.4397 sec
Elapsed time for experts 12.1820 sec
Elapsed time for households 10.3966 sec
Iteration 82
Elapsed time for kappa 31.6848 sec
Elapsed time for experts 13.4269 sec
Elapsed time for households 10.7990 sec
Iteration 83
Elapsed time for kappa 31.6903 sec
Elapsed time for experts 18.5971 sec
Elapsed time for households 11.6677 sec
Iteration 84
Elapsed time for kappa 32.0986 sec
Elapsed time for experts 11.6705 sec
Elapsed time for households 10.7701 sec
Iteration 85
Elapsed time for kappa 32.3951 sec
Elapsed time for experts 12.3029 sec
Elapsed time for households 10.6460 sec
Iteration 86
Elapsed time for kappa 32.0745 sec
Elapsed time for experts 11.6850 sec
Elapsed time for households 10.4533 sec
Iteration 87
Elapsed time for kappa 32.0136 sec
Elapsed time for experts 11.7015 sec
Elapsed time for households 10.7253 sec
Iteration 88
Elapsed time for kappa 31.7751 sec
Elapsed time for experts 12.0130 sec
Elapsed time for households 10.3945 sec
Iteration 89
Elapsed time for kappa 32.3212 sec
Elapsed time for experts 18.1094 sec
Elapsed time for households 10.6365 sec
Iteration 90
Elapsed time for kappa 32.2909 sec
Elapsed time for experts 12.6276 sec
Elapsed time for households 11.0081 sec
Iteration 91
Elapsed time for kappa 31.9693 sec
Elapsed time for experts 11.8355 sec
Elapsed time for households 10.4755 sec
Iteration 92
Elapsed time for kappa 31.8790 sec
Elapsed time for experts 13.0914 sec
Elapsed time for households 10.5317 sec
Iteration 93
Elapsed time for kappa 31.7909 sec
Elapsed time for experts 12.7809 sec
Elapsed time for households 10.2603 sec
Iteration 94
Elapsed time for kappa 31.9155 sec
Elapsed time for experts 13.6943 sec
Elapsed time for households 11.2493 sec
Iteration 95
Elapsed time for kappa 38.1093 sec
Elapsed time for experts 11.8924 sec
Elapsed time for households 11.1569 sec
Iteration 96
Elapsed time for kappa 32.3727 sec
Elapsed time for experts 12.6622 sec
Elapsed time for households 10.4604 sec
Iteration 97
Elapsed time for kappa 31.9373 sec
Elapsed time for experts 13.5365 sec
Elapsed time for households 10.5521 sec
Iteration 98
Elapsed time for kappa 31.9798 sec
Elapsed time for experts 12.1649 sec
Elapsed time for households 10.9410 sec
Iteration 99
Elapsed time for kappa 31.5530 sec
Elapsed time for experts 11.5870 sec
Elapsed time for households 10.2818 sec
Iteration 100
Elapsed time for kappa 32.0481 sec
Elapsed time for experts 11.3517 sec
Elapsed time for households 10.9055 sec
Iteration 101
Elapsed time for kappa 38.7108 sec
Elapsed time for experts 12.8525 sec
Elapsed time for households 10.3570 sec
Iteration 102
Elapsed time for kappa 31.6152 sec
Elapsed time for experts 13.5413 sec
Elapsed time for households 10.3599 sec
Iteration 103
Elapsed time for kappa 32.5431 sec
Elapsed time for experts 11.7927 sec
Elapsed time for households 10.5945 sec
Iteration 104
Elapsed time for kappa 32.5133 sec
Elapsed time for experts 11.8834 sec
Elapsed time for households 10.6661 sec
Iteration 105
Elapsed time for kappa 31.8628 sec
Elapsed time for experts 11.6818 sec
Elapsed time for households 10.3437 sec
Iteration 106
Elapsed time for kappa 32.0613 sec
Elapsed time for experts 11.9906 sec
Elapsed time for households 10.2424 sec
Iteration 107
Elapsed time for kappa 38.6199 sec
Elapsed time for experts 12.6512 sec
Elapsed time for households 10.8989 sec
Iteration 108
Elapsed time for kappa 32.4842 sec
Elapsed time for experts 12.8617 sec
Elapsed time for households 10.9739 sec
Iteration 109
Elapsed time for kappa 32.0803 sec
Elapsed time for experts 12.5441 sec
Elapsed time for households 9.9841 sec
Iteration 110
Elapsed time for kappa 35.0534 sec
Elapsed time for experts 12.6744 sec
Elapsed time for households 12.1759 sec
Iteration 111
Elapsed time for kappa 34.4990 sec
Elapsed time for experts 11.9866 sec
Elapsed time for households 11.1142 sec
Iteration 112
Elapsed time for kappa 32.2988 sec
Elapsed time for experts 12.4219 sec
Elapsed time for households 10.5280 sec
Iteration 113
Elapsed time for kappa 38.0312 sec
Elapsed time for experts 11.9631 sec
Elapsed time for households 10.3179 sec
Iteration 114
Elapsed time for kappa 34.8120 sec
Elapsed time for experts 13.3042 sec
Elapsed time for households 12.5139 sec
Iteration 115
Elapsed time for kappa 32.1778 sec
Elapsed time for experts 13.5176 sec
Elapsed time for households 10.4109 sec
Iteration 116
Elapsed time for kappa 31.8688 sec
Elapsed time for experts 12.1191 sec
Elapsed time for households 10.4298 sec
Iteration 117
Elapsed time for kappa 32.5951 sec
Elapsed time for experts 12.8714 sec
Elapsed time for households 9.9553 sec
Iteration 118
Elapsed time for kappa 31.9892 sec
Elapsed time for experts 11.9120 sec
Elapsed time for households 16.9045 sec
Iteration 119
Elapsed time for kappa 32.4981 sec
Elapsed time for experts 11.7898 sec
Elapsed time for households 11.0732 sec
Iteration 120
Elapsed time for kappa 32.3514 sec
Elapsed time for experts 11.7921 sec
Elapsed time for households 10.9410 sec
Iteration 121
Elapsed time for kappa 32.2324 sec
Elapsed time for experts 11.7535 sec
Elapsed time for households 10.2743 sec
Iteration 122
Elapsed time for kappa 32.1287 sec
Elapsed time for experts 11.6387 sec
Elapsed time for households 11.0238 sec
Iteration 123
Elapsed time for kappa 31.7112 sec
Elapsed time for experts 12.6154 sec
Elapsed time for households 12.5316 sec
Iteration 124
Elapsed time for kappa 34.6456 sec
Elapsed time for experts 19.3370 sec
Elapsed time for households 11.6575 sec
Iteration 125
Elapsed time for kappa 32.0589 sec
Elapsed time for experts 13.2927 sec
Elapsed time for households 10.4085 sec
Iteration 126
Elapsed time for kappa 32.2100 sec
Elapsed time for experts 12.2242 sec
Elapsed time for households 10.1793 sec
Iteration 127
Elapsed time for kappa 32.5029 sec
Elapsed time for experts 11.9412 sec
Elapsed time for households 10.6780 sec
Iteration 128
Elapsed time for kappa 31.9874 sec
Elapsed time for experts 12.4306 sec
Elapsed time for households 10.1791 sec
Iteration 129
Elapsed time for kappa 31.7184 sec
Elapsed time for experts 12.2443 sec
Elapsed time for households 10.1239 sec
Iteration 130
Elapsed time for kappa 31.9438 sec
Elapsed time for experts 18.6859 sec
Elapsed time for households 11.1469 sec
Iteration 131
Elapsed time for kappa 32.3499 sec
Elapsed time for experts 12.8360 sec
Elapsed time for households 10.3295 sec
Iteration 132
Elapsed time for kappa 32.2087 sec
Elapsed time for experts 13.1187 sec
Elapsed time for households 11.2770 sec
Iteration 133
Elapsed time for kappa 32.1172 sec
Elapsed time for experts 12.3246 sec
Elapsed time for households 10.1740 sec
Iteration 134
Elapsed time for kappa 31.7101 sec
Elapsed time for experts 13.2030 sec
Elapsed time for households 10.6864 sec
Iteration 135
Elapsed time for kappa 32.1347 sec
Elapsed time for experts 12.0619 sec
Elapsed time for households 10.1733 sec
Iteration 136
Elapsed time for kappa 34.4013 sec
Elapsed time for experts 18.3906 sec
Elapsed time for households 10.6500 sec
Iteration 137
Elapsed time for kappa 32.2175 sec
Elapsed time for experts 12.6177 sec
Elapsed time for households 10.4386 sec
Iteration 138
Elapsed time for kappa 32.1821 sec
Elapsed time for experts 11.8608 sec
Elapsed time for households 10.7711 sec
Iteration 139
Elapsed time for kappa 31.9749 sec
Elapsed time for experts 11.9627 sec
Elapsed time for households 10.4055 sec
Iteration 140
Elapsed time for kappa 31.7409 sec
Elapsed time for experts 12.1422 sec
Elapsed time for households 10.5729 sec
Iteration 141
Elapsed time for kappa 31.9083 sec
Elapsed time for experts 12.7884 sec
Elapsed time for households 10.4760 sec
Iteration 142
Elapsed time for kappa 32.1478 sec
Elapsed time for experts 20.3978 sec
Elapsed time for households 10.9567 sec
Iteration 143
Elapsed time for kappa 32.7682 sec
Elapsed time for experts 13.3625 sec
Elapsed time for households 11.6722 sec
Iteration 144
Elapsed time for kappa 32.2703 sec
Elapsed time for experts 11.7496 sec
Elapsed time for households 10.5145 sec
Iteration 145
Elapsed time for kappa 32.3041 sec
Elapsed time for experts 12.8453 sec
Elapsed time for households 10.9227 sec
Iteration 146
Elapsed time for kappa 31.9950 sec
Elapsed time for experts 11.9534 sec
Elapsed time for households 10.6017 sec
Iteration 147
Elapsed time for kappa 31.3845 sec
Elapsed time for experts 11.4288 sec
Elapsed time for households 10.2704 sec
Iteration 148
Elapsed time for kappa 37.9280 sec
Elapsed time for experts 12.3557 sec
Elapsed time for households 10.0145 sec
Iteration 149
Elapsed time for kappa 32.0603 sec
Elapsed time for experts 12.4215 sec
Elapsed time for households 10.3542 sec
Iteration 150
Elapsed time for kappa 32.1151 sec
Elapsed time for experts 11.7059 sec
Elapsed time for households 10.3010 sec
Iteration 151
Elapsed time for kappa 31.3045 sec
Elapsed time for experts 11.5883 sec
Elapsed time for households 10.2081 sec
Iteration 152
Elapsed time for kappa 31.0561 sec
Elapsed time for experts 12.2607 sec
Elapsed time for households 9.9676 sec
Iteration 153
Elapsed time for kappa 31.3498 sec
Elapsed time for experts 12.0587 sec
Elapsed time for households 9.9734 sec
Iteration 154
Elapsed time for kappa 38.4330 sec
Elapsed time for experts 12.6044 sec
Elapsed time for households 10.3450 sec
Iteration 155
Elapsed time for kappa 32.3368 sec
Elapsed time for experts 12.7091 sec
Elapsed time for households 10.3593 sec
Iteration 156
Elapsed time for kappa 31.8543 sec
Elapsed time for experts 11.6490 sec
Elapsed time for households 10.3271 sec
Iteration 157
Elapsed time for kappa 31.3008 sec
Elapsed time for experts 11.5887 sec
Elapsed time for households 10.0281 sec
Iteration 158
Elapsed time for kappa 31.9739 sec
Elapsed time for experts 14.1879 sec
Elapsed time for households 10.2343 sec
Iteration 159
Elapsed time for kappa 34.2727 sec
Elapsed time for experts 11.3910 sec
Elapsed time for households 11.1232 sec
Iteration 160
Elapsed time for kappa 38.8218 sec
Elapsed time for experts 12.2821 sec
Elapsed time for households 10.3304 sec
Iteration 161
Elapsed time for kappa 34.5372 sec
Elapsed time for experts 11.8011 sec
Elapsed time for households 11.7991 sec
Iteration 162
Elapsed time for kappa 31.7325 sec
Elapsed time for experts 13.2743 sec
Elapsed time for households 10.6793 sec
Iteration 163
Elapsed time for kappa 31.5767 sec
Elapsed time for experts 11.4774 sec
Elapsed time for households 10.1661 sec
Iteration 164
Elapsed time for kappa 31.8469 sec
Elapsed time for experts 11.5569 sec
Elapsed time for households 10.1255 sec
Iteration 165
Elapsed time for kappa 32.0255 sec
Elapsed time for experts 12.4521 sec
Elapsed time for households 11.1431 sec
Iteration 166
Elapsed time for kappa 38.1346 sec
Elapsed time for experts 11.9042 sec
Elapsed time for households 10.0906 sec
Iteration 167
Elapsed time for kappa 31.7995 sec
Elapsed time for experts 14.4618 sec
Elapsed time for households 11.5426 sec
Iteration 168
Elapsed time for kappa 31.9895 sec
Elapsed time for experts 11.6932 sec
Elapsed time for households 10.4695 sec
Iteration 169
Elapsed time for kappa 34.5127 sec
Elapsed time for experts 11.4693 sec
Elapsed time for households 10.9737 sec
Iteration 170
Elapsed time for kappa 31.7693 sec
Elapsed time for experts 11.7357 sec
Elapsed time for households 10.8725 sec
Iteration 171
Elapsed time for kappa 31.4517 sec
Elapsed time for experts 11.8435 sec
Elapsed time for households 16.7110 sec
Iteration 172
Elapsed time for kappa 31.9755 sec
Elapsed time for experts 11.7871 sec
Elapsed time for households 10.3469 sec
Iteration 173
Elapsed time for kappa 31.8948 sec
Elapsed time for experts 11.5147 sec
Elapsed time for households 10.3890 sec
Iteration 174
Elapsed time for kappa 31.7777 sec
Elapsed time for experts 11.6715 sec
Elapsed time for households 11.7517 sec
Iteration 175
Elapsed time for kappa 31.7805 sec
Elapsed time for experts 12.1846 sec
Elapsed time for households 11.0286 sec
Iteration 176
Elapsed time for kappa 32.2208 sec
Elapsed time for experts 11.4516 sec
Elapsed time for households 11.5369 sec
Iteration 177
Elapsed time for kappa 31.5649 sec
Elapsed time for experts 11.6800 sec
Elapsed time for households 16.6449 sec
Iteration 178
Elapsed time for kappa 31.7187 sec
Elapsed time for experts 11.7618 sec
Elapsed time for households 10.3365 sec
Iteration 179
Elapsed time for kappa 31.9190 sec
Elapsed time for experts 11.6186 sec
Elapsed time for households 10.3054 sec
Iteration 180
Elapsed time for kappa 31.7295 sec
Elapsed time for experts 12.1679 sec
Elapsed time for households 10.0905 sec
Iteration 181
Elapsed time for kappa 31.4735 sec
Elapsed time for experts 11.7140 sec
Elapsed time for households 10.2517 sec
Iteration 182
Elapsed time for kappa 34.2352 sec
Elapsed time for experts 11.7683 sec
Elapsed time for households 10.0007 sec
Iteration 183
Elapsed time for kappa 31.7075 sec
Elapsed time for experts 11.7543 sec
Elapsed time for households 17.6875 sec
Iteration 184
Elapsed time for kappa 32.1991 sec
Elapsed time for experts 12.2980 sec
Elapsed time for households 10.4601 sec
Iteration 185
Elapsed time for kappa 32.3293 sec
Elapsed time for experts 12.2025 sec
Elapsed time for households 10.3842 sec
Iteration 186
Elapsed time for kappa 31.8257 sec
Elapsed time for experts 12.4004 sec
Elapsed time for households 10.3896 sec
Iteration 187
Elapsed time for kappa 32.2265 sec
Elapsed time for experts 11.5592 sec
Elapsed time for households 10.5887 sec
Iteration 188
Elapsed time for kappa 31.8069 sec
Elapsed time for experts 11.5463 sec
Elapsed time for households 10.4728 sec
Iteration 189
Elapsed time for kappa 32.2232 sec
Elapsed time for experts 18.3678 sec
Elapsed time for households 11.0540 sec
Iteration 190
Elapsed time for kappa 32.1805 sec
Elapsed time for experts 11.8562 sec
Elapsed time for households 10.4206 sec
Iteration 191
Elapsed time for kappa 32.5617 sec
Elapsed time for experts 12.0428 sec
Elapsed time for households 10.4609 sec
Iteration 192
Elapsed time for kappa 31.5418 sec
Elapsed time for experts 12.4175 sec
Elapsed time for households 10.1840 sec
Iteration 193
Elapsed time for kappa 31.9307 sec
Elapsed time for experts 11.6293 sec
Elapsed time for households 10.9266 sec
Iteration 194
Elapsed time for kappa 31.8666 sec
Elapsed time for experts 12.0332 sec
Elapsed time for households 12.0744 sec
Iteration 195
Elapsed time for kappa 31.7843 sec
Elapsed time for experts 20.7862 sec
Elapsed time for households 10.6456 sec
Iteration 196
Elapsed time for kappa 31.9441 sec
Elapsed time for experts 13.0988 sec
Elapsed time for households 10.3183 sec
Iteration 197
Elapsed time for kappa 32.4836 sec
Elapsed time for experts 13.2533 sec
Elapsed time for households 11.8520 sec
Iteration 198
Elapsed time for kappa 32.2494 sec
Elapsed time for experts 11.7587 sec
Elapsed time for households 11.2276 sec
Iteration 199
Elapsed time for kappa 34.6352 sec
Elapsed time for experts 12.6063 sec
Elapsed time for households 10.1252 sec
Elapsed time for training 11454.8865 sec
90000 90000 90000 90000
