2022-09-30 09:00:14.006587: W tensorflow/stream_executor/platform/default/dso_loader.cc:64] Could not load dynamic library 'libcudart.so.11.0'; dlerror: libcudart.so.11.0: cannot open shared object file: No such file or directory; LD_LIBRARY_PATH: /apps/python/3.8/3.8.5/lib
2022-09-30 09:00:14.006611: I tensorflow/stream_executor/cuda/cudart_stub.cc:29] Ignore above cudart dlerror if you do not have a GPU set up on your machine.
2022-09-30 09:00:33.399134: W tensorflow/stream_executor/platform/default/dso_loader.cc:64] Could not load dynamic library 'libcuda.so.1'; dlerror: libcuda.so.1: cannot open shared object file: No such file or directory; LD_LIBRARY_PATH: /apps/python/3.8/3.8.5/lib
2022-09-30 09:00:33.399164: W tensorflow/stream_executor/cuda/cuda_driver.cc:269] failed call to cuInit: UNKNOWN ERROR (303)
2022-09-30 09:00:33.399180: I tensorflow/stream_executor/cuda/cuda_diagnostics.cc:156] kernel driver does not appear to be running on this host (mcn24): /proc/driver/nvidia/version does not exist
2022-09-30 09:00:33.400615: I tensorflow/core/platform/cpu_feature_guard.cc:151] This TensorFlow binary is optimized with oneAPI Deep Neural Network Library (oneDNN) to use the following CPU instructions in performance-critical operations:  AVX2 AVX512F FMA
To enable them in other operations, rebuild TensorFlow with the appropriate compiler flags.
Iter: 1 loss: 0.21442902088165283
Iter: 2 loss: 0.00806913711130619
Iter: 3 loss: 0.00521950563415885
Iter: 4 loss: 0.0026989083271473646
Iter: 5 loss: 0.0020339912734925747
Iter: 6 loss: 0.0017654639668762684
Iter: 7 loss: 0.001659939531236887
Iter: 8 loss: 0.001535232993774116
Iter: 9 loss: 0.024230320006608963
Iter: 10 loss: 0.0011795650934800506
Iter: 11 loss: 0.001535722054541111
Iter: 12 loss: 0.0010814226698130369
Iter: 13 loss: 0.0017542894929647446
Iter: 14 loss: 0.0010632788762450218
Iter: 15 loss: 0.000966337276622653
Iter: 16 loss: 0.00061513367109000683
Iter: 17 loss: 0.0016266145976260304
Iter: 18 loss: 0.00052554515423253179
Iter: 19 loss: 0.00064672261942178011
Iter: 20 loss: 0.00043008715147152543
Iter: 21 loss: 0.0004094722680747509
Iter: 22 loss: 0.0003553438582457602
Iter: 23 loss: 0.00024442456196993589
Iter: 24 loss: 0.00017524394206702709
Iter: 25 loss: 0.0001608149177627638
Iter: 26 loss: 0.00013784191105514765
Iter: 27 loss: 0.00013642091653309762
Iter: 28 loss: 0.00013608588778879493
1589.9789759493519
Iter: 1 loss: 14.397424697875977
1597.2578753072332
Iter: 2 loss: 12.373297691345215
2038.9669138803197
Iter: 3 loss: 10.165095329284668
-4616.8411121176605
Iter: 4 loss: 6.7628097534179688
-1131.6099767971259
Iter: 5 loss: 5.8847360610961914
-2964.5498926135542
Iter: 6 loss: 5.0737929344177246
1356.6442101603679
Iter: 7 loss: 9.4221382141113281
-2225.0733208219749
Iter: 8 loss: 4.6599264144897461
-583.2213146632505
Iter: 9 loss: 3.4146709442138672
-325.64920316240614
Iter: 10 loss: 3.1211502552032471
-222.05017277661921
Iter: 11 loss: 2.2302699089050293
203.5992487706321
Iter: 12 loss: 1.599772572517395
-6777.9946386046431
Iter: 13 loss: 86.449714660644531
196.12918154749514
Iter: 14 loss: 1.542496919631958
34.538985198637924
Iter: 15 loss: 1.2587935924530029
371.75733702921207
Iter: 16 loss: 0.89852511882781982
1434.3796400914089
Iter: 17 loss: 0.6130605936050415
1314.3531387534122
Iter: 18 loss: 0.596589207649231
1401.5124729558543
Iter: 19 loss: 0.51386511325836182
1329.5070624071666
Iter: 20 loss: 0.506607711315155
1349.9767004746514
Iter: 21 loss: 0.49730664491653442
1352.765385107642
Iter: 22 loss: 0.49452221393585205
1363.6257199858451
Iter: 23 loss: 0.48441177606582642
1176.965319274572
Iter: 24 loss: 0.34296205639839172
-2181.5331706919251
Iter: 25 loss: 6.5962519645690918
706.7221473263188
Iter: 26 loss: 0.15376141667366028
-914.83244038858493
Iter: 27 loss: 1.5740350484848022
485.73074229624757
Iter: 28 loss: 0.11371174454689026
432.22110105641207
Iter: 29 loss: 0.095325849950313568
439.66230204099963
Iter: 30 loss: 0.082038350403308868
510.70012956637891
Iter: 31 loss: 0.064904257655143738
433.33564279384223
Iter: 32 loss: 0.063025936484336853
477.62379131731126
Iter: 33 loss: 0.061918269842863083
476.07767372296018
Iter: 34 loss: 0.06101652979850769
466.87135929517279
Iter: 35 loss: 0.0572420209646225
455.818083331616
Iter: 36 loss: 0.049108810722827911
465.50135462723165
Iter: 37 loss: 0.043359976261854172
479.0976673004717
Iter: 38 loss: 0.042883038520812988
478.47749536552374
Iter: 39 loss: 0.04277481883764267
477.38968456182869
Iter: 40 loss: 0.042750254273414612
476.03917389113053
Iter: 41 loss: 0.042710863053798676
472.4595513127822
Iter: 42 loss: 0.042577169835567474
465.408843518459
Iter: 43 loss: 0.042261842638254166
449.45001391114192
Iter: 44 loss: 0.041412901133298874
416.80866270698317
Iter: 45 loss: 0.039256058633327484
364.84573136614608
Iter: 46 loss: 0.0344005823135376
332.4493079160647
Iter: 47 loss: 0.030710294842720032
292.11417141881708
Iter: 48 loss: 0.028161028400063515
288.56918702836083
Iter: 49 loss: 0.027633626013994217
280.55415571507262
Iter: 50 loss: 0.027066506445407867
273.26182529349416
Iter: 51 loss: 0.026965618133544922
271.96872802460928
Iter: 52 loss: 0.026901951059699059
267.63849414937215
Iter: 53 loss: 0.026532679796218872
266.76060399470083
Iter: 54 loss: 0.025950770825147629
270.38112113262758
Iter: 55 loss: 0.023808764293789864
368.06636357873037
Iter: 56 loss: 0.027176190167665482
296.40082399648117
Iter: 57 loss: 0.021457457914948463
350.39524735783561
Iter: 58 loss: 0.021127637475728989
326.56744052191914
Iter: 59 loss: 0.020719820633530617
328.23732400215761
Iter: 60 loss: 0.020683862268924713
161.10398451229375
Iter: 1 loss: 0.27492073178291321
-1024.5483238122586
Iter: 2 loss: 0.397306352853775
-161.24540874034778
Iter: 3 loss: 0.25361263751983643
-43.635298195960239
Iter: 4 loss: 0.24128355085849762
491.96524919426452
Iter: 5 loss: 0.24508503079414368
161.34536870740695
Iter: 6 loss: 0.23230460286140442
144.52572457040742
Iter: 7 loss: 0.22831934690475464
103695.24065683485
Iter: 8 loss: 674.4227294921875
-42.452884689743868
Iter: 9 loss: 0.24269118905067444
-72.4652336218715
Iter: 10 loss: 0.21410995721817017
12316846.919928089
Iter: 11 loss: 9162506
15266.163032214576
Iter: 12 loss: 17.016059875488281
25.602176868238008
Iter: 13 loss: 0.22113901376724243
-115.66022273271665
Iter: 14 loss: 0.21056868135929108
590.75323718798961
Iter: 15 loss: 0.23790165781974792
-16.685165925736868
Iter: 16 loss: 0.20510265231132507
2066.120478652545
Iter: 17 loss: 0.44826653599739075
174.28982694856859
Iter: 18 loss: 0.20082093775272369
1085.9831254536798
Iter: 19 loss: 0.2173178642988205
393.38324610352794
Iter: 20 loss: 0.19503463804721832
1488.0299095716323
Iter: 21 loss: 0.21008217334747314
787.6203512546349
Iter: 22 loss: 0.18348625302314758
1107.5441061835629
Iter: 23 loss: 0.15547366440296173
352.20897683640879
Iter: 24 loss: 0.16073115170001984
690.49741653374508
Iter: 25 loss: 0.14253805577754974
786.69593112082271
Iter: 26 loss: 0.13485351204872131
893.98134650091367
Iter: 27 loss: 0.1236734613776207
717.53807136817193
Iter: 28 loss: 0.11119035631418228
425.32052109051466
Iter: 29 loss: 0.10818663239479065
627.42567572046232
Iter: 30 loss: 0.10657398402690887
612.0676418379735
Iter: 31 loss: 0.10632069408893585
498.46536007782777
Iter: 32 loss: 0.103757843375206
389.03628204331892
Iter: 33 loss: 0.1025930792093277
445.07489500186483
Iter: 34 loss: 0.10154084861278534
534.0937514986997
Iter: 35 loss: 0.10855095088481903
446.66717701712
Iter: 36 loss: 0.0995575338602066
538.47889942921358
Iter: 37 loss: 0.098303325474262238
619.1386832336475
Iter: 38 loss: 0.0985795110464096
562.0856609289483
Iter: 39 loss: 0.098038122057914734
612.125192675889
Iter: 40 loss: 0.097258374094963074
586.83686393832954
Iter: 41 loss: 0.0951208770275116
636.37282196218052
Iter: 42 loss: 0.090690158307552338
-46.549442382526756
Iter: 43 loss: 0.10435159504413605
427.44551708655018
Iter: 44 loss: 0.08696911484003067
419.36021209787032
Iter: 45 loss: 0.086000174283981323
426.58266584963485
Iter: 46 loss: 0.085709482431411743
426.86269969042053
Iter: 47 loss: 0.085145920515060425
443.72274955023533
Iter: 48 loss: 0.0843820571899414
649.39820363422007
Iter: 49 loss: 0.099752359092235565
446.30244772617289
Iter: 50 loss: 0.083626098930835724
437.37667172553824
Iter: 51 loss: 0.081793196499347687
305.980920245468
Iter: 52 loss: 0.074321173131465912
17.109735149762088
Iter: 53 loss: 0.12941685318946838
254.18951390651094
Iter: 54 loss: 0.069031529128551483
3458.4228945228169
Iter: 55 loss: 2.3656902313232422
251.51367436245448
Iter: 56 loss: 0.067822031676769257
246.13281164873126
Iter: 57 loss: 0.0650620087981224
365.60772205671884
Iter: 58 loss: 0.0703108161687851
273.7153169184777
Iter: 59 loss: 0.060410894453525543
352.28383830988514
Iter: 60 loss: 0.064629793167114258
298.78633118411
Iter: 61 loss: 0.059280790388584137
310.66787432531243
Iter: 62 loss: 0.058742210268974304
287.76638322891881
Iter: 63 loss: 0.057630561292171478
288.9271831440567
Iter: 64 loss: 0.0556781105697155
208.7943258336108
Iter: 65 loss: 0.054689720273017883
230.23668604346972
Iter: 66 loss: 0.054061215370893478
231.38208866187915
Iter: 67 loss: 0.053950756788253784
226.31391519803435
Iter: 68 loss: 0.053631603717803955
208.6396240013097
Iter: 69 loss: 0.052892323583364487
183.64043219609565
Iter: 70 loss: 0.051896329969167709
171.94253167659451
Iter: 71 loss: 0.0506674200296402
202.41291167254533
Iter: 72 loss: 0.049911931157112122
265.75600890560315
Iter: 73 loss: 0.049748435616493225
Iter: 1 loss: 0.00017542543355375528
Iter: 2 loss: 0.0023073609918355942
Iter: 3 loss: 0.0018009904306381941
Iter: 4 loss: 0.00017765071243047714
Iter: 5 loss: 0.00015604037616867572
Iter: 6 loss: 0.00015589322720188648
Iter: 7 loss: 0.00015531349345110357
Iter: 8 loss: 0.0001531398156657815
Iter: 9 loss: 0.00013976641639601439
Iter: 10 loss: 0.00013657535600941628
Iter: 11 loss: 0.0001319404982496053
Iter: 12 loss: 0.00012984310160391033
Iter: 13 loss: 0.00012184953811811283
Iter: 14 loss: 0.00011844307300634682
Iter: 15 loss: 0.00012033202801831067
Iter: 16 loss: 0.00011423896648921072
Iter: 17 loss: 0.00011234414705540985
Iter: 18 loss: 0.00011134010128444061
Iter: 19 loss: 0.0001111747114919126
452.8173917494305
Iter: 1 loss: 0.034502461552619934
-4578.7243458025059
Iter: 2 loss: 20.069980621337891
-10563.228370030611
Iter: 3 loss: 424.42205810546875
448.21208722618957
Iter: 4 loss: 0.033114254474639893
416.87693971000317
Iter: 5 loss: 0.028892684727907181
417.82477320764724
Iter: 6 loss: 0.028877383098006248
418.34246621957232
Iter: 7 loss: 0.028854597359895706
418.49857364254456
Iter: 8 loss: 0.028777789324522018
416.48912251929335
Iter: 9 loss: 0.0286254920065403
409.37268434763291
Iter: 10 loss: 0.028350323438644409
397.48952485817193
Iter: 11 loss: 0.028041444718837738
386.77473941747223
Iter: 12 loss: 0.027814613655209541
381.08335239382154
Iter: 13 loss: 0.02771628275513649
380.25913480081772
Iter: 14 loss: 0.027680441737174988
380.01675430955015
Iter: 15 loss: 0.027626581490039825
379.7171262121102
Iter: 16 loss: 0.027556102722883224
379.30057243605245
Iter: 17 loss: 0.027508839964866638
379.08673147312351
Iter: 18 loss: 0.027494575828313828
378.93601152702604
Iter: 19 loss: 0.027487156912684441
378.55722420691637
Iter: 20 loss: 0.02746909111738205
377.66486091299885
Iter: 21 loss: 0.027425937354564667
375.43557735068532
Iter: 22 loss: 0.027316892519593239
370.48672556061206
Iter: 23 loss: 0.027074843645095825
361.39390451824363
Iter: 24 loss: 0.026639629155397415
350.84862669561937
Iter: 25 loss: 0.026150144636631012
346.10901938056952
Iter: 26 loss: 0.025897907093167305
347.03259438189616
Iter: 27 loss: 0.025839664041996002
348.23604190779264
Iter: 28 loss: 0.02583133801817894
349.01213661049314
Iter: 29 loss: 0.025820992887020111
351.70369372662486
Iter: 30 loss: 0.025759715586900711
355.01789375322642
Iter: 31 loss: 0.025622490793466568
359.54641041872856
Iter: 32 loss: 0.025248458608984947
363.41060766569109
Iter: 33 loss: 0.024365071207284927
362.25600768725548
Iter: 34 loss: 0.022537190467119217
351.80178510377664
Iter: 35 loss: 0.019950069487094879
335.98148425247666
Iter: 36 loss: 0.017231900244951248
316.48948526241736
Iter: 37 loss: 0.015613583847880363
305.65344006900995
Iter: 38 loss: 0.015415394678711891
301.86895878730741
Iter: 39 loss: 0.015326359309256077
283.39153763275328
Iter: 40 loss: 0.014742990955710411
277.09199943393361
Iter: 41 loss: 0.014458000659942627
280.23416004335945
Iter: 42 loss: 0.014372136443853378
283.17014981248269
Iter: 43 loss: 0.014353103935718536
284.95003846560019
Iter: 44 loss: 0.014302362687885761
292.1706411320265
Iter: 45 loss: 0.013948346488177776
292.92952663413956
Iter: 46 loss: 0.013518478721380234
283.14873961827846
Iter: 47 loss: 0.012920187786221504
273.67587908252688
Iter: 48 loss: 0.01250295527279377
259.0682296290758
Iter: 49 loss: 0.01225939579308033
258.45369451433857
Iter: 50 loss: 0.012222405523061752
254.23217472177561
Iter: 51 loss: 0.012196461670100689
254.61054033490674
Iter: 52 loss: 0.012191252782940865
255.39806840183408
Iter: 53 loss: 0.012175565585494041
254.71438223963298
Iter: 1 loss: 0.048417076468467712
1430.1249768656289
Iter: 2 loss: 0.6873747706413269
225.40943857904455
Iter: 3 loss: 0.048217996954917908
216.15436274159447
Iter: 4 loss: 0.0481320321559906
219.88389142096585
Iter: 5 loss: 0.048025190830230713
219.66007153810853
Iter: 6 loss: 0.047952599823474884
217.38932745063761
Iter: 7 loss: 0.047685012221336365
217.76545280955852
Iter: 8 loss: 0.047318167984485626
230.59946501020892
Iter: 9 loss: 0.04674931988120079
244.58327756183729
Iter: 10 loss: 0.045942075550556183
244.92506694051735
Iter: 11 loss: 0.045730508863925934
185.02661781179796
Iter: 12 loss: 0.045490771532058716
217.35566612240592
Iter: 13 loss: 0.04527059942483902
224.32346633826148
Iter: 14 loss: 0.045223712921142578
239.02368122305188
Iter: 15 loss: 0.045066341757774353
243.89924696574917
Iter: 16 loss: 0.044831551611423492
251.86304719699723
Iter: 17 loss: 0.044305205345153809
232.582928092093
Iter: 18 loss: 0.043434444814920425
233.75747370783856
Iter: 19 loss: 0.04241856187582016
175.25628700867625
Iter: 20 loss: 0.041805297136306763
191.75686856141851
Iter: 21 loss: 0.0416984036564827
214.14414278420969
Iter: 22 loss: 0.041536964476108551
211.54838038322089
Iter: 23 loss: 0.041244857013225555
199.82873164023115
Iter: 24 loss: 0.040818147361278534
206.10470867625571
Iter: 25 loss: 0.040527179837226868
198.76570130791228
Iter: 26 loss: 0.040514674037694931
134.45069692234813
Iter: 27 loss: 0.04015505313873291
160.70189863596437
Iter: 28 loss: 0.039575763046741486
180.33406995655668
Iter: 29 loss: 0.039146840572357178
187.85455656792669
Iter: 30 loss: 0.038715340197086334
178.85210808602184
Iter: 31 loss: 0.037393927574157715
125.18731857022266
Iter: 32 loss: 0.035850297659635544
170.13428284543005
Iter: 33 loss: 0.036456193774938583
98.239494584399552
Iter: 34 loss: 0.033918201923370361
152.69021558192443
Iter: 35 loss: 0.034799821674823761
134.29627381637255
Iter: 36 loss: 0.031629566103219986
145.27977479156843
Iter: 37 loss: 0.032477810978889465
99.470423120619131
Iter: 38 loss: 0.027897950261831284
172.66474979627915
Iter: 39 loss: 0.025595381855964661
173.99501875479962
Iter: 40 loss: 0.025209642946720123
101.51017996822762
Iter: 41 loss: 0.021418824791908264
140.32446804205398
Iter: 42 loss: 0.020631074905395508
72.636500039792566
Iter: 43 loss: 0.020047660917043686
87.963243720644485
Iter: 44 loss: 0.018671892583370209
117.06031722285678
Iter: 45 loss: 0.016156364232301712
54.053677402568923
Iter: 46 loss: 0.01407349482178688
91.10046263505572
Iter: 47 loss: 0.013296632096171379
165.81675654732879
Iter: 48 loss: 0.013417171314358711
125.7438021710319
Iter: 49 loss: 0.01229185052216053
100.80704696059702
Iter: 50 loss: 0.011673207394778728
104.28258953838022
Iter: 51 loss: 0.011237304657697678
103.36724568403386
Iter: 52 loss: 0.010267743840813637
84.371879680616757
Iter: 53 loss: 0.00902450829744339
73.3891208745646
Iter: 54 loss: 0.0075287949293851852
9.639233726357439
Iter: 55 loss: 0.0062517537735402584
-14.407604319454686
Iter: 56 loss: 0.028719436377286911
3.3330824564523
Iter: 57 loss: 0.0057801557704806328
-3.4151347241529706
Iter: 58 loss: 0.0055027594789862633
Iter: 1 loss: 0.0001284465251956135
Iter: 2 loss: 0.56654465198516846
Iter: 3 loss: 0.00012662488734349608
Iter: 4 loss: 0.00012529472587630153
Iter: 5 loss: 0.00012515515845734626
Iter: 6 loss: 0.00012460348079912364
Iter: 7 loss: 0.00012255713227204978
Iter: 8 loss: 0.00011426632408984005
Iter: 9 loss: 0.00011081931734224781
Iter: 10 loss: 0.0001021536227199249
Iter: 11 loss: 8.96628262125887e-05
Iter: 12 loss: 8.5496809333562851e-05
Iter: 13 loss: 8.5094354290049523e-05
272.86434131703896
Iter: 1 loss: 0.014049166813492775
2573.3021512132009
Iter: 2 loss: 14.387306213378906
856.94596468596046
Iter: 3 loss: 1.6165609359741211
278.06604226736238
Iter: 4 loss: 0.013947132974863052
277.37954168022151
Iter: 5 loss: 0.013936284929513931
276.32765126972697
Iter: 6 loss: 0.013908876106142998
275.08575934521036
Iter: 7 loss: 0.013849524781107903
274.37113979511355
Iter: 8 loss: 0.01374591700732708
275.60768855648439
Iter: 9 loss: 0.01363697275519371
278.26917613854664
Iter: 10 loss: 0.013581478968262672
279.91186679984912
Iter: 11 loss: 0.013569258153438568
280.464102402241
Iter: 12 loss: 0.013565427623689175
281.80660506724826
Iter: 13 loss: 0.013554045930504799
283.83699204238945
Iter: 14 loss: 0.013533836230635643
286.63053811980444
Iter: 15 loss: 0.013501988723874092
287.60475414777426
Iter: 16 loss: 0.013444826938211918
286.46262932208435
Iter: 17 loss: 0.013390799053013325
284.69979603383331
Iter: 18 loss: 0.013360383920371532
278.660531514582
Iter: 19 loss: 0.013259493745863438
268.92023322048033
Iter: 20 loss: 0.013085504993796349
253.00181927106684
Iter: 21 loss: 0.012787130661308765
240.26515680854413
Iter: 22 loss: 0.012516910210251808
237.91301215871451
Iter: 23 loss: 0.012412939220666885
240.30467737082103
Iter: 24 loss: 0.012399205006659031
241.35497068836247
Iter: 25 loss: 0.012398160994052887
241.72182758034469
Iter: 26 loss: 0.012397198937833309
21.01549097125379
Iter: 1 loss: 0.0081365006044507027
1718.5575103249173
Iter: 2 loss: 1.1804126501083374
-232.45124513885088
Iter: 3 loss: 0.16458946466445923
12.622480958395002
Iter: 4 loss: 0.0078171165660023689
8.2385712968081
Iter: 5 loss: 0.0077257663942873478
5.0124867966504087
Iter: 6 loss: 0.0076123788021504879
0.48214868847674586
Iter: 7 loss: 0.0073513835668563843
1.4776628414380344
Iter: 8 loss: 0.0071503543294966221
4.5402324410361663
Iter: 9 loss: 0.0070850616320967674
6.2786877870288569
Iter: 10 loss: 0.0070661017671227455
8.3425122242241088
Iter: 11 loss: 0.0070404703728854656
12.812618849849107
Iter: 12 loss: 0.0069742482155561447
20.353810584347123
Iter: 13 loss: 0.00684354268014431
30.631643000559123
Iter: 14 loss: 0.0066377399489283562
33.195285263411478
Iter: 15 loss: 0.0063955183140933514
28.603644781892989
Iter: 16 loss: 0.0062646623700857162
23.216098986020416
Iter: 17 loss: 0.0062289424240589142
13.571355407313563
Iter: 18 loss: 0.0061755641363561153
0.61822976731276835
Iter: 19 loss: 0.0060910917818546295
-21.752194583422252
Iter: 20 loss: 0.0059212055057287216
-34.76334844445001
Iter: 21 loss: 0.0056108660064637661
-36.187327175555765
Iter: 22 loss: 0.0052144154906272888
-19.989560637053675
Iter: 23 loss: 0.0050563160330057144
18.775572339391989
Iter: 24 loss: 0.00480483565479517
39.894180359432191
Iter: 25 loss: 0.004614219069480896
48.616904670408907
Iter: 26 loss: 0.0044326344504952431
39.616323342280467
Iter: 27 loss: 0.0044012712314724922
31.822592998260284
Iter: 28 loss: 0.0043796971440315247
22.666903804258087
Iter: 29 loss: 0.0043354593217372894
15.248917527970438
Iter: 30 loss: 0.0042498507536947727
14.719313807458738
Iter: 31 loss: 0.0041217664256691933
21.44579570233013
Iter: 32 loss: 0.0039196047000586987
27.766889875517961
Iter: 33 loss: 0.003787684254348278
32.063289178549446
Iter: 34 loss: 0.0035978485830128193
21.95997977129116
Iter: 35 loss: 0.00344293424859643
9.2599299190019941
Iter: 36 loss: 0.0034044827334582806
4.6447069913752914
Iter: 37 loss: 0.0033985923510044813
2.73092759382559
Iter: 38 loss: 0.0033926793839782476
-1.183176343490369
Iter: 39 loss: 0.0033716419711709023
-3.9582777163680456
Iter: 40 loss: 0.00333466287702322
-3.6557585318071837
Iter: 41 loss: 0.0032577861566096544
4.4675933580059306
Iter: 42 loss: 0.00317330751568079
13.911443533375348
Iter: 43 loss: 0.0030507119372487068
33.003263879472883
Iter: 44 loss: 0.0028878445737063885
31.321824210706559
Iter: 45 loss: 0.0028285980224609375
27.228539632957435
Iter: 46 loss: 0.0027462828438729048
18.671245101970094
Iter: 47 loss: 0.002659626305103302
14.420004286973594
Iter: 48 loss: 0.00258013722486794
22.175807750808691
Iter: 49 loss: 0.0025171092711389065
13.583197847220045
Iter: 50 loss: 0.0024567069485783577
14.041085087275704
Iter: 51 loss: 0.0024316597264260054
16.045680351453797
Iter: 52 loss: 0.0024133343249559402
16.14177463337619
Iter: 53 loss: 0.0023828074336051941
Iter: 1 loss: 8.9727916929405183e-05
Iter: 2 loss: 0.0024522650055587292
Iter: 3 loss: 0.00013359032163862139
Iter: 4 loss: 8.9639885118231177e-05
252.59732879804767
Iter: 1 loss: 0.013753661885857582
-3036.9868210542709
Iter: 2 loss: 18.282926559448242
-1145.6358892743197
Iter: 3 loss: 9.21252155303955
245.60528839406913
Iter: 4 loss: 0.013616833835840225
246.91094821748482
Iter: 5 loss: 0.013608474284410477
246.99702588681248
Iter: 6 loss: 0.013607406988739967
247.34129233537681
Iter: 7 loss: 0.013603685423731804
248.75880502643315
Iter: 8 loss: 0.013577504083514214
251.03223283253976
Iter: 9 loss: 0.013518224470317364
253.7661269328234
Iter: 10 loss: 0.013414159417152405
255.49228007861106
Iter: 11 loss: 0.013282189145684242
256.82778353825142
Iter: 12 loss: 0.013043689541518688
251.162835769801
Iter: 13 loss: 0.012834644876420498
248.2850960317958
Iter: 14 loss: 0.012804418802261353
247.6001228288595
Iter: 15 loss: 0.012800384312868118
247.94828914841975
Iter: 16 loss: 0.012790637090802193
253.00924098324515
Iter: 17 loss: 0.01270780898630619
255.22521155879753
Iter: 18 loss: 0.012652348726987839
259.2947060662446
Iter: 19 loss: 0.012548074126243591
260.09856640611969
Iter: 20 loss: 0.012490870431065559
259.16931971201541
Iter: 21 loss: 0.012415092438459396
256.2860836426467
Iter: 22 loss: 0.012370052747428417
254.45670689117691
Iter: 23 loss: 0.012352289631962776
252.03773476073306
Iter: 24 loss: 0.012324528768658638
248.52509090913219
Iter: 25 loss: 0.01227115374058485
241.80429818829407
Iter: 26 loss: 0.012146610766649246
230.86365137196969
Iter: 27 loss: 0.011921888217329979
218.94078944113312
Iter: 28 loss: 0.0116705521941185
217.47389763793873
Iter: 29 loss: 0.011559326201677322
221.2837668931133
Iter: 30 loss: 0.011532235890626907
222.40408606425154
Iter: 31 loss: 0.011529922485351562
222.97583202995619
Iter: 32 loss: 0.011527396738529205
224.18402029053419
Iter: 33 loss: 0.01151722390204668
225.13551030151785
Iter: 34 loss: 0.011495864018797874
225.19163266953871
Iter: 35 loss: 0.011437119916081429
221.39668266811384
Iter: 36 loss: 0.011297004297375679
206.42404454892045
Iter: 37 loss: 0.010977898724377155
169.24486765460725
Iter: 38 loss: 0.010462118312716484
130.60529830907396
Iter: 39 loss: 0.010195981711149216
126.39266271899163
Iter: 40 loss: 0.010117918252944946
129.09564640106612
Iter: 41 loss: 0.010090449824929237
129.52097039344528
Iter: 42 loss: 0.010089857503771782
5.709562637860456
Iter: 1 loss: 0.0025090652052313089
257.7269447529344
Iter: 2 loss: 0.17621487379074097
220.69739396639719
Iter: 3 loss: 0.14341013133525848
19.482336667031191
Iter: 4 loss: 0.0028774798847734928
9.6875367408483672
Iter: 5 loss: 0.0024412288330495358
9.9201303699362029
Iter: 6 loss: 0.0024361016694456339
10.84948673484616
Iter: 7 loss: 0.00241739465855062
16.237820488413828
Iter: 8 loss: 0.0023260216694325209
17.092444714242255
Iter: 9 loss: 0.0022878488525748253
14.57916875309337
Iter: 10 loss: 0.0022225517313927412
11.150014931660051
Iter: 11 loss: 0.002136661671102047
6.482233407416409
Iter: 12 loss: 0.0020271844696253538
3.3380769200309612
Iter: 13 loss: 0.0019314831588417292
0.016829359384389342
Iter: 14 loss: 0.0018639338668435812
-1.0491151828694132
Iter: 15 loss: 0.001851922832429409
-1.989185053023599
Iter: 16 loss: 0.0018417335813865066
-4.3533125772906267
Iter: 17 loss: 0.0018189111724495888
-7.2597521350685952
Iter: 18 loss: 0.0017737898742780089
-6.5572204491058557
Iter: 19 loss: 0.0017089725006371737
-8.5948598517120764
Iter: 20 loss: 0.0016250449698418379
18.321633880698574
Iter: 21 loss: 0.0015551496762782335
12.210586815385486
Iter: 22 loss: 0.0015047788619995117
7.1387072422822726
Iter: 23 loss: 0.0014561520656570792
5.3287359178356306
Iter: 24 loss: 0.0013874216238036752
7.3304988557612045
Iter: 25 loss: 0.0012613356811925769
17.157990689258046
Iter: 26 loss: 0.001159753417596221
24.792308589172812
Iter: 27 loss: 0.0010655852966010571
18.986815885056856
Iter: 28 loss: 0.001008189981803298
17.024662395267249
Iter: 29 loss: 0.00097752083092927933
12.222017839717001
Iter: 30 loss: 0.00091946026077494025
8.5206479243752788
Iter: 31 loss: 0.00080973573494702578
7.9056085315907128
Iter: 32 loss: 0.00072799797635525465
-11.40269819946892
Iter: 33 loss: 0.00066401937510818243
-4.8865997458230392
Iter: 34 loss: 0.00064650760032236576
-2.9289661531896112
Iter: 35 loss: 0.00064272282179445028
-1.6664020084231912
Iter: 36 loss: 0.00063989742193371058
-1.9869000027206378
Iter: 37 loss: 0.00063677958678454161
-3.1929867915035675
Iter: 38 loss: 0.00063072610646486282
-6.4282234931067617
Iter: 39 loss: 0.00060862977989017963
-9.6072061041610475
Iter: 40 loss: 0.00055645691463723779
-5.540197247565116
Iter: 41 loss: 0.00050461984938010573
-2.25809194583529
Iter: 42 loss: 0.00047932774759829044
-0.42375907747589048
Iter: 43 loss: 0.000469079299364239
-0.45616704008431108
Iter: 44 loss: 0.00046639723586849868
-0.36285318506467434
Iter: 45 loss: 0.00046327643212862313
0.68646668833740354
Iter: 46 loss: 0.00045305441017262638
2.3506474183066564
Iter: 47 loss: 0.00044182251440361142
4.8217164174680933
Iter: 48 loss: 0.0004256123211234808
4.6575138513257741
Iter: 49 loss: 0.00040494173299521208
2.1922562317341363
Iter: 50 loss: 0.00038567330921068788
-0.12367364464116942
Iter: 51 loss: 0.00037923408672213554
-0.56777318485964812
Iter: 52 loss: 0.00037657236680388451
-2.158926313092933
Iter: 53 loss: 0.00037155384779907763
-0.80980049096024753
Iter: 54 loss: 0.00036313003511168063
-1.9789755945380161
Iter: 55 loss: 0.00035409259726293385
Iter: 1 loss: 8.3379687566775829e-05
Iter: 2 loss: 0.0015559624880552292
Iter: 3 loss: 9.0509813162498176e-05
Iter: 4 loss: 8.320440974785015e-05
129.75326334911426
Iter: 1 loss: 0.010105100460350513
2420.1217909573561
Iter: 2 loss: 12.36918830871582
1049.0638033545645
Iter: 3 loss: 3.5618610382080078
145.12512269591286
Iter: 4 loss: 0.0098162144422531128
139.22773301407952
Iter: 5 loss: 0.009631739929318428
138.78408869944553
Iter: 6 loss: 0.0096182897686958313
137.00866979736728
Iter: 7 loss: 0.0095752580091357231
132.66579989814227
Iter: 8 loss: 0.0094170449301600456
128.41197363202386
Iter: 9 loss: 0.0092399176210165024
125.52639786121532
Iter: 10 loss: 0.00905133318156004
122.10518401646881
Iter: 11 loss: 0.0088816164061427116
121.52759232682918
Iter: 12 loss: 0.00886077992618084
122.02914122405454
Iter: 13 loss: 0.0088064689189195633
125.46992932047336
Iter: 14 loss: 0.00872103776782751
127.80080129160251
Iter: 15 loss: 0.0087012723088264465
129.97827824603593
Iter: 16 loss: 0.0086912140250206
130.17106310238569
Iter: 17 loss: 0.0086907222867012024
0.70450520797491223
Iter: 1 loss: 0.00047698564594611526
2681.8086473113963
Iter: 2 loss: 3.3886663913726807
402.40270313785953
Iter: 3 loss: 0.877302885055542
-3.8438693304523355
Iter: 4 loss: 0.00045458227396011353
-2.413000161696857
Iter: 5 loss: 0.0004385406500659883
-2.2632773859427124
Iter: 6 loss: 0.00043395417742431164
-2.2043737238995833
Iter: 7 loss: 0.00040798200643621385
-2.823177442718614
Iter: 8 loss: 0.00039577737334184349
-2.293265718019748
Iter: 9 loss: 0.00038946210406720638
-1.2974704829585166
Iter: 10 loss: 0.00038674968527629972
0.052741614213967558
Iter: 11 loss: 0.00038463986129499972
3.2285109239314496
Iter: 12 loss: 0.00038083968684077263
5.3561862110752738
Iter: 13 loss: 0.00037405008333735168
8.4817884461800581
Iter: 14 loss: 0.00035936178755946457
7.8183811160284655
Iter: 15 loss: 0.00035173236392438412
4.7780854887140283
Iter: 16 loss: 0.00034299481194466352
5.5128862868320248
Iter: 17 loss: 0.00032729702070355415
4.33480821956544
Iter: 18 loss: 0.00032292009564116597
3.7159380758010947
Iter: 19 loss: 0.00032241514418274164
Iter: 1 loss: 9.5472190878354013e-05
Iter: 2 loss: 0.5355839729309082
Iter: 3 loss: 9.5094670541584492e-05
118.18069383022058
Iter: 1 loss: 0.0085690226405859
2459.7694348216537
Iter: 2 loss: 12.376091003417969
981.75478626858455
Iter: 3 loss: 2.791165828704834
131.057374694987
Iter: 4 loss: 0.0082909762859344482
127.17230484982994
Iter: 5 loss: 0.0082210265100002289
127.05976707830067
Iter: 6 loss: 0.0082181477919220924
126.60948993541297
Iter: 7 loss: 0.0082084573805332184
125.99596828749239
Iter: 8 loss: 0.00816584937274456
126.66197092825627
Iter: 9 loss: 0.0081318076699972153
127.69744188077071
Iter: 10 loss: 0.00811554491519928
128.50983260729828
Iter: 11 loss: 0.0081086251884698868
128.82710666576773
Iter: 12 loss: 0.0081038633361458778
129.31294437089821
Iter: 13 loss: 0.0080876108258962631
129.24154326850217
Iter: 14 loss: 0.008064810186624527
128.48543432485008
Iter: 15 loss: 0.0080384789034724236
127.64485653230528
Iter: 16 loss: 0.0080241039395332336
127.19707559636416
Iter: 17 loss: 0.0080195777118206024
127.13956495643859
Iter: 18 loss: 0.0080176917836070061
127.32873333415019
Iter: 19 loss: 0.008014332503080368
128.15951841117908
Iter: 20 loss: 0.008006758987903595
130.20569817926665
Iter: 21 loss: 0.0079935379326343536
133.06459699932134
Iter: 22 loss: 0.0079758390784263611
134.65510258231598
Iter: 23 loss: 0.0079696569591760635
134.76708021092605
Iter: 24 loss: 0.0079685971140861511
134.69627932247718
Iter: 25 loss: 0.007967374287545681
134.4703744182699
Iter: 26 loss: 0.007964402437210083
133.92373847654022
Iter: 27 loss: 0.0079567302018404
132.69472718638292
Iter: 28 loss: 0.0079381279647350311
130.13241694697854
Iter: 29 loss: 0.0078974738717079163
125.85489864559246
Iter: 30 loss: 0.00782924983650446
122.12058452888624
Iter: 31 loss: 0.0077542704530060291
120.30978290529869
Iter: 32 loss: 0.0077169220894575119
120.51205106880732
Iter: 33 loss: 0.0077081909403204918
120.85500544426395
Iter: 34 loss: 0.0077058533206582069
121.117918570074
Iter: 35 loss: 0.00770367868244648
121.63481341433607
Iter: 36 loss: 0.0076973107643425465
122.43623376120041
Iter: 37 loss: 0.0076825497671961784
123.73351658232676
Iter: 38 loss: 0.007648061029613018
125.21829948056794
Iter: 39 loss: 0.0075901960954070091
125.89427719918791
Iter: 40 loss: 0.0075288061052560806
125.63711563657264
Iter: 41 loss: 0.0074764452874660492
124.73520359019065
Iter: 42 loss: 0.007444337010383606
124.1419541103031
Iter: 43 loss: 0.0074346880428493023
123.83927028871724
Iter: 44 loss: 0.0074259857647120953
123.31964606348663
Iter: 45 loss: 0.0074017802253365517
122.6167462100744
Iter: 46 loss: 0.0073422454297542572
121.46636175794893
Iter: 47 loss: 0.0071811703965067863
121.64926723112796
Iter: 48 loss: 0.006941942498087883
131.82281337656741
Iter: 49 loss: 0.0066681709140539169
128.32918122664702
Iter: 50 loss: 0.00641981977969408
130.27718946669822
Iter: 51 loss: 0.0063033895567059517
130.39238004193751
Iter: 52 loss: 0.0062301391735672951
130.28869471906097
Iter: 53 loss: 0.0061851488426327705
130.88873451362699
Iter: 54 loss: 0.0061651081778109074
-8.5653724887382019
Iter: 1 loss: 0.00049753498751670122
6439.4643446369982
Iter: 2 loss: 25.551815032958984
551.22573562886942
Iter: 3 loss: 0.842085063457489
-10.107175428173742
Iter: 4 loss: 0.00050111720338463783
-9.2456127228879
Iter: 5 loss: 0.00049116287846118212
-8.6139663763527246
Iter: 6 loss: 0.00048473521019332111
-2.6434293210671829
Iter: 7 loss: 0.0004570626188069582
-1.7332264598016198
Iter: 8 loss: 0.00045521173160523176
3.4961786752676676
Iter: 9 loss: 0.00044664239976555109
4.9945795433527493
Iter: 10 loss: 0.00044346461072564125
4.9265213821585068
Iter: 11 loss: 0.00044128677109256387
4.1032520695955466
Iter: 12 loss: 0.00043974540312774479
2.7108911291223721
Iter: 13 loss: 0.00043759297113865614
0.92171234473123431
Iter: 14 loss: 0.00043424591422080994
0.613477967676453
Iter: 15 loss: 0.00042857654625549912
-2.5525484941489891
Iter: 16 loss: 0.00042348841088823974
-2.6551781073230729
Iter: 17 loss: 0.00042162364115938544
-2.2904198292513742
Iter: 18 loss: 0.00041858089389279485
-2.0612782094793456
Iter: 19 loss: 0.00041474102181382477
-3.4411544559271308
Iter: 20 loss: 0.00041013024747371674
-4.5708549431651857
Iter: 21 loss: 0.00040629459545016289
-5.1273016494030363
Iter: 22 loss: 0.00040368491318076849
-5.3107574376438986
Iter: 23 loss: 0.00040015060221776366
-4.6734885320274087
Iter: 24 loss: 0.00039359828224405646
-2.0650234369591032
Iter: 25 loss: 0.00038295320700854063
0.41469457132583909
Iter: 26 loss: 0.00037542823702096939
1.8397337861409158
Iter: 27 loss: 0.00037276066723279655
2.4574320789891511
Iter: 28 loss: 0.00037178889033384621
Iter: 1 loss: 9.68100648606196e-05
Iter: 2 loss: 0.54385221004486084
Iter: 3 loss: 9.6693751402199268e-05
156.89609098707263
Iter: 1 loss: 0.02350621297955513
-2235.6980907982374
Iter: 2 loss: 20.573362350463867
-12798.78986700412
Iter: 3 loss: 426.2042236328125
152.82711100715147
Iter: 4 loss: 0.0217492263764143
116.27031286657999
Iter: 5 loss: 0.014273099601268768
116.376434538553
Iter: 6 loss: 0.014266849495470524
116.80088541898164
Iter: 7 loss: 0.014242198318243027
118.49811595344036
Iter: 8 loss: 0.014149244874715805
138.42605403059537
Iter: 9 loss: 0.013188527897000313
144.42700847111382
Iter: 10 loss: 0.012906999327242374
146.36852321166239
Iter: 11 loss: 0.012744531035423279
146.50838829236565
Iter: 12 loss: 0.012629937380552292
146.53215981870639
Iter: 13 loss: 0.012461042031645775
147.47677437814343
Iter: 14 loss: 0.012254818342626095
149.692563618201
Iter: 15 loss: 0.012054212391376495
150.05509156796347
Iter: 16 loss: 0.011995607987046242
149.60525369005737
Iter: 17 loss: 0.011961080133914948
146.6398895760619
Iter: 18 loss: 0.011819757521152496
140.43056489064318
Iter: 19 loss: 0.011592881754040718
129.30851692566677
Iter: 20 loss: 0.01128595694899559
123.00933645485743
Iter: 21 loss: 0.011154936626553535
122.65469896896775
Iter: 22 loss: 0.011121881194412708
123.27893201555806
Iter: 23 loss: 0.011116085574030876
123.32903175181454
Iter: 24 loss: 0.011114751920104027
123.52842723175598
Iter: 25 loss: 0.011110603809356689
123.69843501188454
Iter: 26 loss: 0.011093214154243469
123.7718054996503
Iter: 27 loss: 0.011025115847587585
123.17232221124507
Iter: 28 loss: 0.010905653238296509
121.18051489158732
Iter: 29 loss: 0.010724327526986599
118.86783702161827
Iter: 30 loss: 0.010568419471383095
117.40892957259211
Iter: 31 loss: 0.010475322604179382
116.87485609643664
Iter: 32 loss: 0.010458104312419891
116.77388269173287
Iter: 33 loss: 0.010454962030053139
116.63288229403055
Iter: 34 loss: 0.0104456078261137
116.45640642495613
Iter: 35 loss: 0.010422376915812492
116.28380989859535
Iter: 36 loss: 0.010360586456954479
116.04717700733886
Iter: 37 loss: 0.010198744013905525
115.16831100411468
Iter: 38 loss: 0.0097680911421775818
114.88930368106772
Iter: 39 loss: 0.009054454043507576
146.25078440082993
Iter: 40 loss: 0.0088603924959898
137.59432651343712
Iter: 41 loss: 0.0079558193683624268
139.76817706012397
Iter: 42 loss: 0.0078007839620113373
142.20299448084296
Iter: 43 loss: 0.0077347373589873314
143.82892736598654
Iter: 44 loss: 0.0077143916860222816
145.20328576444567
Iter: 45 loss: 0.0076899304986000061
146.17712724249219
Iter: 46 loss: 0.0076421690173447132
144.86673551304474
Iter: 47 loss: 0.00762927858158946
144.51691059791517
Iter: 48 loss: 0.0076274191960692406
142.5593343200801
Iter: 49 loss: 0.0075596519745886326
134.63800445489161
Iter: 50 loss: 0.0073109203949570656
71.155800877532158
Iter: 51 loss: 0.0062706489115953445
74.069925675298933
Iter: 52 loss: 0.0061849947087466717
82.043264648406435
Iter: 53 loss: 0.0061135347932577133
72.631393508532852
Iter: 54 loss: 0.0060764933004975319
70.361255642997889
Iter: 55 loss: 0.0060644941404461861
68.53308813646683
Iter: 56 loss: 0.00605513621121645
67.2835246613216
Iter: 57 loss: 0.0060476996004581451
66.582205465230629
Iter: 58 loss: 0.006043645553290844
1.9926095634761467
Iter: 1 loss: 0.00041561099351383746
4411.9754244517117
Iter: 2 loss: 10.551275253295898
-5.6069622925134972
Iter: 3 loss: 0.00066407764097675681
0.68684773036331448
Iter: 4 loss: 0.00040489790262654424
0.80307538516279453
Iter: 5 loss: 0.000403935817303136
1.2678044561013875
Iter: 6 loss: 0.00040045849164016545
3.9863375387362803
Iter: 7 loss: 0.00038439547643065453
4.4346415354026
Iter: 8 loss: 0.00037919171154499054
4.8875575492846774
Iter: 9 loss: 0.00037161237560212612
4.8744170954605011
Iter: 10 loss: 0.000369239947758615
5.4111542010041846
Iter: 11 loss: 0.00036589920637197793
6.1170432735828966
Iter: 12 loss: 0.00036354741314426064
6.8932984211307931
Iter: 13 loss: 0.000361582322511822
8.6739147169218835
Iter: 14 loss: 0.0003576172748580575
8.2640367185619272
Iter: 15 loss: 0.00035204284358769655
5.7345362923375536
Iter: 16 loss: 0.00034638729994185269
3.8601813577993602
Iter: 17 loss: 0.00034505862277001143
2.2301297023538709
Iter: 18 loss: 0.00034419447183609009
Iter: 1 loss: 8.1498510553501546e-05
Iter: 2 loss: 0.073713667690753937
Iter: 3 loss: 8.1335805589333177e-05
67.488821369497089
Iter: 1 loss: 0.005402260459959507
2158.2173681021895
Iter: 2 loss: 10.0733642578125
275.06899481960733
Iter: 3 loss: 0.24961970746517181
69.2630124784707
Iter: 4 loss: 0.0053847674280405045
69.086074097237685
Iter: 5 loss: 0.00537934759631753
68.37816160481519
Iter: 6 loss: 0.0053591388277709484
62.429308659117439
Iter: 7 loss: 0.0052200336940586567
61.553097289666944
Iter: 8 loss: 0.0051953252404928207
60.919783996850761
Iter: 9 loss: 0.0051769977435469627
60.380192458439907
Iter: 10 loss: 0.0051653189584612846
58.663728794100535
Iter: 11 loss: 0.005138087086379528
56.71041177213867
Iter: 12 loss: 0.0051137590780854225
55.6880467465829
Iter: 13 loss: 0.0050981733947992325
55.543518087696583
Iter: 14 loss: 0.005091620609164238
55.765710985308417
Iter: 15 loss: 0.0050876573659479618
56.564518504499745
Iter: 16 loss: 0.0050765955820679665
58.259958567911937
Iter: 17 loss: 0.0050539923831820488
61.715601556251968
Iter: 18 loss: 0.0050092414021492004
66.145708768305354
Iter: 19 loss: 0.0049534924328327179
68.7670898272001
Iter: 20 loss: 0.0049157766625285149
68.8844103638128
Iter: 21 loss: 0.0049076643772423267
68.534606217810989
Iter: 22 loss: 0.0049071954563260078
1.4367605307551647
Iter: 1 loss: 0.00041473779128864408
137.69806901610866
Iter: 2 loss: 0.20567356050014496
125.08768709800042
Iter: 3 loss: 0.0682515949010849
3.4712330384828345
Iter: 4 loss: 0.00040303962305188179
2.6906225734434215
Iter: 5 loss: 0.00039976849802769721
2.0457988195201953
Iter: 6 loss: 0.0003965530195273459
0.52282429683010911
Iter: 7 loss: 0.00038790490361861885
-0.43636822147611776
Iter: 8 loss: 0.00038014381425455213
-0.22674008919888794
Iter: 9 loss: 0.0003705071285367012
0.8540188505383185
Iter: 10 loss: 0.00035955209750682116
1.4630902801400363
Iter: 11 loss: 0.00035516108619049191
0.32818761740051089
Iter: 12 loss: 0.00034900050377473235
-1.9196017366864973
Iter: 13 loss: 0.00034450038219802082
-3.9200662886620488
Iter: 14 loss: 0.00034204067196696997
-6.34604388427729
Iter: 15 loss: 0.00033892906503751874
-5.483442004930394
Iter: 16 loss: 0.00033165491186082363
-1.4539176403866221
Iter: 17 loss: 0.00032544753048568964
0.45278403391507316
Iter: 18 loss: 0.00032392551656812429
3.3643794626696111
Iter: 19 loss: 0.0003219356294721365
4.8829620060848882
Iter: 20 loss: 0.00032013433519750834
7.4547727759870739
Iter: 21 loss: 0.00031438685255125165
9.6661639719935017
Iter: 22 loss: 0.00030508392956107855
7.1237244459176674
Iter: 23 loss: 0.0002978951670229435
3.8072238101376543
Iter: 24 loss: 0.00029503798577934504
2.2637860588302985
Iter: 25 loss: 0.0002938243851531297
0.22304887587570216
Iter: 26 loss: 0.00029064592672511935
-2.4339603804693315
Iter: 27 loss: 0.000283373607089743
-2.7205264662281796
Iter: 28 loss: 0.00027820165269076824
-1.012639808894088
Iter: 29 loss: 0.00027649791445583105
-0.61717420899830677
Iter: 30 loss: 0.00027620830223895609
Iter: 1 loss: 9.5106333901640028e-05
Iter: 2 loss: 0.53597444295883179
Iter: 3 loss: 9.4891933258622885e-05
64.687637663048989
Iter: 1 loss: 0.0069050593301653862
-1909.5423024665392
Iter: 2 loss: 18.584358215332031
-1917.0683118413665
Iter: 3 loss: 20.170249938964844
4.7172906208528849
Iter: 4 loss: 0.019797399640083313
58.5727351095029
Iter: 5 loss: 0.0067300694063305855
58.517234538434664
Iter: 6 loss: 0.006725778803229332
58.295054712716244
Iter: 7 loss: 0.0067106913775205612
59.293836703406015
Iter: 8 loss: 0.0066263200715184212
62.009363405682983
Iter: 9 loss: 0.0065701305866241455
64.924989771971411
Iter: 10 loss: 0.0064964727498590946
72.7089370924563
Iter: 11 loss: 0.0063271522521972656
76.220039099367625
Iter: 12 loss: 0.0062320847064256668
76.963638376263361
Iter: 13 loss: 0.0061463708989322186
75.234497952576163
Iter: 14 loss: 0.006108336616307497
72.55832375661609
Iter: 15 loss: 0.0060795331373810768
69.922442617762357
Iter: 16 loss: 0.0060481629334390163
64.845129348739022
Iter: 17 loss: 0.0059732617810368538
59.808640300776034
Iter: 18 loss: 0.0058740288950502872
59.080631686281194
Iter: 19 loss: 0.0057807657867670059
60.322800864998612
Iter: 20 loss: 0.0057663498446345329
60.950158723595251
Iter: 21 loss: 0.005765245296061039
61.111845519173855
Iter: 22 loss: 0.0057647926732897758
1.7638061286261819
Iter: 1 loss: 0.00042693986324593425
3908.1902814413188
Iter: 2 loss: 9.6246881484985352
-35.541333713543487
Iter: 3 loss: 0.0063692480325698853
-0.86230671895720823
Iter: 4 loss: 0.00039279286283999681
-0.84151565610721879
Iter: 5 loss: 0.00039184404886327684
-0.75861615466984833
Iter: 6 loss: 0.00038843776565045118
0.74664627351675683
Iter: 7 loss: 0.00037408163188956678
0.71001244826553056
Iter: 8 loss: 0.00036972027737647295
-0.1972832482820234
Iter: 9 loss: 0.00036319781793281436
-1.0713019395436358
Iter: 10 loss: 0.00036136043490841985
0.24011509921577595
Iter: 11 loss: 0.00035707396455109119
2.7710575399378459
Iter: 12 loss: 0.00035470438888296485
3.7999575617444514
Iter: 13 loss: 0.00035392655991017818
Iter: 1 loss: 9.3270144134294242e-05
Iter: 2 loss: 0.0024049920029938221
Iter: 3 loss: 0.00019408695516176522
Iter: 4 loss: 9.3160255346447229e-05
57.400955597092214
Iter: 1 loss: 0.0072906250134110451
2594.339891858408
Iter: 2 loss: 22.242706298828125
292.1041059601788
Iter: 3 loss: 0.34906035661697388
59.077655207827171
Iter: 4 loss: 0.0072732148692011833
59.074058837899308
Iter: 5 loss: 0.00726764090359211
59.059646137402353
Iter: 6 loss: 0.0072456467896699905
59.001559619466107
Iter: 7 loss: 0.0071625178679823875
64.255943536799961
Iter: 8 loss: 0.0063831829465925694
68.126885199612246
Iter: 9 loss: 0.0062306602485477924
71.400133590091741
Iter: 10 loss: 0.0061556920409202576
72.507052387692724
Iter: 11 loss: 0.0061225900426507
74.341450888135839
Iter: 12 loss: 0.0060249236412346363
75.4884332802121
Iter: 13 loss: 0.0058609219267964363
74.4148534773206
Iter: 14 loss: 0.0056446101516485214
69.9499372750648
Iter: 15 loss: 0.0055064377374947071
67.978348492810412
Iter: 16 loss: 0.0054925484582781792
67.726369085796222
Iter: 17 loss: 0.0054918457753956318
4.7634249813774545
Iter: 1 loss: 0.00059097388293594122
4106.3842283346094
Iter: 2 loss: 10.018184661865234
-160.12164909731231
Iter: 3 loss: 0.26972237229347229
1.4136596185450063
Iter: 4 loss: 0.00053048867266625166
1.3405084279705184
Iter: 5 loss: 0.00052784511353820562
1.8098294538414281
Iter: 6 loss: 0.00051186041673645377
3.0535424440734822
Iter: 7 loss: 0.00050040602218359709
4.0136232985824449
Iter: 8 loss: 0.00048940442502498627
4.4625952239852626
Iter: 9 loss: 0.00048273318680003285
4.293600891523349
Iter: 10 loss: 0.00047781728790141642
3.0703894723708882
Iter: 11 loss: 0.00046730737085454166
1.4307731386353806
Iter: 12 loss: 0.00045809481525793672
0.31617714204646807
Iter: 13 loss: 0.00045146350748836994
0.017862115325333328
Iter: 14 loss: 0.00044843077193945646
0.3794642218857851
Iter: 15 loss: 0.00044620997505262494
1.8895271864416272
Iter: 16 loss: 0.00044090271694585681
4.9348856874227867
Iter: 17 loss: 0.00043248722795397043
7.7761222690087912
Iter: 18 loss: 0.00042084744200110435
8.9325842398616384
Iter: 19 loss: 0.00041496794437989593
8.4683544030126185
Iter: 20 loss: 0.00041355405119247735
7.5174105015444832
Iter: 21 loss: 0.00041231914656236768
5.597324203604968
Iter: 22 loss: 0.00041027175029739738
2.3485667837844604
Iter: 23 loss: 0.00040721191908232868
-0.086046635993152654
Iter: 24 loss: 0.000404193444410339
-0.99061312197374352
Iter: 25 loss: 0.00040327257011085749
Iter: 1 loss: 9.264246909879148e-05
Iter: 2 loss: 0.43421840667724609
Iter: 3 loss: 9.2597896582446992e-05
77.038083206647144
Iter: 1 loss: 0.0060336915776133537
-4142.7199316210545
Iter: 2 loss: 26.794525146484375
-511.14451369844755
Iter: 3 loss: 1.8082550764083862
75.574069509749023
Iter: 4 loss: 0.0060206344351172447
75.3632500741966
Iter: 5 loss: 0.0060187913477420807
73.748173012252764
Iter: 6 loss: 0.006002034991979599
71.887062882314382
Iter: 7 loss: 0.0059791542589664459
69.563959242310716
Iter: 8 loss: 0.0059455782175064087
67.6737559548666
Iter: 9 loss: 0.0059048673138022423
66.497739404180749
Iter: 10 loss: 0.0058889053761959076
66.0520671764817
Iter: 11 loss: 0.0058848848566412926
64.6717949590596
Iter: 12 loss: 0.0058777565136551857
63.778454789250247
Iter: 13 loss: 0.0058749113231897354
63.339564164925427
Iter: 14 loss: 0.0058740358799695969
-3.0018904399592077
Iter: 1 loss: 0.00047902768710628152
118.86304054397266
Iter: 2 loss: 0.2689041793346405
192.24817435637351
Iter: 3 loss: 0.15155406296253204
1.2493324320370554
Iter: 4 loss: 0.0004713651433121413
-0.81869960549670617
Iter: 5 loss: 0.00045274069998413324
-0.88893443101464054
Iter: 6 loss: 0.00045191857498139143
-1.1701099139183058
Iter: 7 loss: 0.0004488449776545167
-3.1616085147283761
Iter: 8 loss: 0.0004308075294829905
-2.6319765842703418
Iter: 9 loss: 0.00041805644286796451
2.9812042856663963
Iter: 10 loss: 0.00035078651853837073
-8.25582914707087
Iter: 11 loss: 0.00032668106723576784
-0.69022464146348517
Iter: 12 loss: 0.00031847675563767552
-0.0871123877374147
Iter: 13 loss: 0.00031821249285712838
Iter: 1 loss: 8.3394428656902164e-05
Iter: 2 loss: 0.41084033250808716
Iter: 3 loss: 8.3352468209341168e-05
66.57619771153874
Iter: 1 loss: 0.0054107685573399067
2362.974759839959
Iter: 2 loss: 12.934604644775391
142.59756740349354
Iter: 3 loss: 0.036433309316635132
67.149320170399818
Iter: 4 loss: 0.0054089725017547607
67.154655495107164
Iter: 5 loss: 0.005408252589404583
67.17598011071172
Iter: 6 loss: 0.0054054837673902512
67.2610117754518
Iter: 7 loss: 0.0053962152451276779
67.285381580972526
Iter: 8 loss: 0.0053820172324776649
66.738339202552424
Iter: 9 loss: 0.0053761457093060017
65.1241598849612
Iter: 10 loss: 0.0053558330982923508
65.510828126412349
Iter: 11 loss: 0.0053372038528323174
65.801280234800828
Iter: 12 loss: 0.0052958512678742409
67.347252944084417
Iter: 13 loss: 0.00521453469991684
67.241984009449084
Iter: 14 loss: 0.0051136878319084644
65.128820098143876
Iter: 15 loss: 0.0049739922396838665
63.158847997379254
Iter: 16 loss: 0.0048807896673679352
61.628234479752237
Iter: 17 loss: 0.00484317634254694
59.583881386312946
Iter: 18 loss: 0.0048277215100824833
55.697822920185615
Iter: 19 loss: 0.00478326715528965
43.440357393405193
Iter: 20 loss: 0.0046516405418515205
34.554182669064147
Iter: 21 loss: 0.0045505324378609657
28.526799336611802
Iter: 22 loss: 0.0044625876471400261
30.542833878472642
Iter: 23 loss: 0.0044248504564166069
28.235531714225637
Iter: 24 loss: 0.0044115548953413963
30.091676096861057
Iter: 25 loss: 0.00440515112131834
30.171097628450163
Iter: 26 loss: 0.0044026481918990612
29.628195662485336
Iter: 27 loss: 0.0044001666828989983
28.426130397860447
Iter: 28 loss: 0.0043952064588665962
25.965535833332329
Iter: 29 loss: 0.0043830289505422115
21.160306714424351
Iter: 30 loss: 0.0043535279110074043
12.3714612712612
Iter: 31 loss: 0.0042876820079982281
-0.43821522172574667
Iter: 32 loss: 0.0041696187108755112
-12.479245537537102
Iter: 33 loss: 0.00403330335393548
-21.40096999675383
Iter: 34 loss: 0.0039196433499455452
-17.389174338905377
Iter: 35 loss: 0.003846597159281373
-21.002977557436061
Iter: 36 loss: 0.0037957890890538692
-12.167203231351838
Iter: 37 loss: 0.0037464704364538193
-5.0431170343675733
Iter: 38 loss: 0.0037044011987745762
5.636238130199474
Iter: 39 loss: 0.0036306602414697409
13.440912270224629
Iter: 40 loss: 0.0035085137933492661
15.295884445133144
Iter: 41 loss: 0.003479724982753396
16.923706020073261
Iter: 42 loss: 0.0034323916770517826
7.4128758621304431
Iter: 43 loss: 0.0034172413870692253
12.719530056145921
Iter: 44 loss: 0.0034060082398355007
6.4748792527521992
Iter: 45 loss: 0.0033840627875179052
6.6346550548723027
Iter: 46 loss: 0.0033736948389559984
8.18701105444665
Iter: 47 loss: 0.0033632451668381691
10.590448040691996
Iter: 48 loss: 0.0033581194002181292
10.193723767332486
Iter: 49 loss: 0.0033568628132343292
10.33577130509215
Iter: 50 loss: 0.0033567007631063461
-10.787992992019364
Iter: 1 loss: 0.00031636815401725471
8500.91871358566
Iter: 2 loss: 4.7803850173950195
536.94619249000016
Iter: 3 loss: 0.11264115571975708
-3.0520930041200223
Iter: 4 loss: 0.000397963187424466
-9.45863910439116
Iter: 5 loss: 0.00031288416357710958
-9.30801182282355
Iter: 6 loss: 0.00031083973590284586
-8.7024410407538539
Iter: 7 loss: 0.00030376802897080779
-2.8595475040681828
Iter: 8 loss: 0.00027909516938962042
0.14000884084878268
Iter: 9 loss: 0.0002746660029515624
0.83538312437305651
Iter: 10 loss: 0.00027405805303715169
Iter: 1 loss: 9.802440763451159e-05
Iter: 2 loss: 0.44483017921447754
Iter: 3 loss: 9.792158380150795e-05
3.2599676921951586
Iter: 1 loss: 0.0037429793737828732
3111.8925155681577
Iter: 2 loss: 19.877706527709961
369.45728902007829
Iter: 3 loss: 0.53575420379638672
6.0844394033557618
Iter: 4 loss: 0.0037126645911484957
5.8786009536981716
Iter: 5 loss: 0.0037106913514435291
4.03666025108199
Iter: 6 loss: 0.0036895074881613255
2.3521774976283338
Iter: 7 loss: 0.003665244672447443
0.90454059934966091
Iter: 8 loss: 0.00363536411896348
0.42001061330590428
Iter: 9 loss: 0.0036032740026712418
0.21749885565699545
Iter: 10 loss: 0.0035542482510209084
0.14500032103251659
Iter: 11 loss: 0.0035297521390020847
-0.49308373981359166
Iter: 12 loss: 0.0034997316543012857
-1.1185150514957307
Iter: 13 loss: 0.0034694538917392492
-0.9922654525464818
Iter: 14 loss: 0.0034465431235730648
-0.16904403064197604
Iter: 15 loss: 0.0034362990409135818
2.3631685742867772
Iter: 16 loss: 0.003418272128328681
4.0932145330786307
Iter: 17 loss: 0.003410368924960494
4.3892626746427528
Iter: 18 loss: 0.0034094757866114378
1.7138020406849546
Iter: 1 loss: 0.000752055726479739
3878.0075111719257
Iter: 2 loss: 10.022420883178711
-50.757876171386386
Iter: 3 loss: 0.013190673664212227
-3.434915276943693
Iter: 4 loss: 0.00059278728440403938
-3.5166645277387913
Iter: 5 loss: 0.00058897252893075347
-3.0737931343335259
Iter: 6 loss: 0.00055463635362684727
-1.3558807497439638
Iter: 7 loss: 0.00052324484568089247
1.1999683865924089
Iter: 8 loss: 0.00049335567746311426
2.1491476423913811
Iter: 9 loss: 0.00048667151713743806
2.2713022883930951
Iter: 10 loss: 0.00048501271521672606
2.1752672352307267
Iter: 11 loss: 0.00048241048352792859
1.594816728035833
Iter: 12 loss: 0.000477261288324371
0.10552517908167888
Iter: 13 loss: 0.00046888756332919
-1.5885026745064046
Iter: 14 loss: 0.00045995361870154738
-2.3531291553956564
Iter: 15 loss: 0.00045614241389557719
-2.2449477648469554
Iter: 16 loss: 0.00045540608698502183
Iter: 1 loss: 7.54617212805897e-05
Iter: 2 loss: 0.00231725862249732
Iter: 3 loss: 0.00021962620667181909
Iter: 4 loss: 7.53134663682431e-05
9.8157536800043239
Iter: 1 loss: 0.0033185631036758423
-2226.1780392609671
Iter: 2 loss: 19.043916702270508
-434.63441565246364
Iter: 3 loss: 1.0380086898803711
7.5105081995101806
Iter: 4 loss: 0.0032878355123102665
7.32085867027662
Iter: 5 loss: 0.0032870578579604626
-1.09927360345476
Iter: 1 loss: 0.00035924761323258281
-1628.0788952929688
Iter: 2 loss: 7.5073328018188477
-8.447698293728255
Iter: 3 loss: 0.000509309524204582
-2.6432798210764927
Iter: 4 loss: 0.00034968246472999454
-2.2314099673908241
Iter: 5 loss: 0.00033627616357989609
-1.8057421856998168
Iter: 6 loss: 0.00033409439492970705
-1.5121896886380903
Iter: 7 loss: 0.00033331019221805036
Iter: 1 loss: 8.2404985732864588e-05
Iter: 2 loss: 0.5111885666847229
Iter: 3 loss: 8.2260383351240307e-05
6.8835128849816432
Iter: 1 loss: 0.0035385037772357464
2395.18861562446
Iter: 2 loss: 13.178625106811523
293.00183133237886
Iter: 3 loss: 0.34044149518013
9.4462390558682152
Iter: 4 loss: 0.0035123487468808889
9.2850556759470813
Iter: 5 loss: 0.0035107822623103857
8.2393850589959321
Iter: 6 loss: 0.0034972089342772961
7.8258513248453134
Iter: 7 loss: 0.0034865622874349356
8.2066064678174477
Iter: 8 loss: 0.0034790774807333946
8.42366489889262
Iter: 9 loss: 0.0034786248579621315
1.3278240222092272
Iter: 1 loss: 0.00034415046684443951
224.01494631361146
Iter: 2 loss: 0.2736545205116272
196.99112475094952
Iter: 3 loss: 0.12515705823898315
5.0892744198830684
Iter: 4 loss: 0.00033400842221453786
3.360127589919351
Iter: 5 loss: 0.00032345036743208766
3.2085298639517177
Iter: 6 loss: 0.00032264384208247066
2.6017356711602635
Iter: 7 loss: 0.00032015811302699149
1.3159459045023607
Iter: 8 loss: 0.0003132257261313498
0.99822262837134323
Iter: 9 loss: 0.00030851754127070308
1.1569937796648897
Iter: 10 loss: 0.00030543486354872584
1.4841202023237114
Iter: 11 loss: 0.00030311851878650486
1.8429064122832444
Iter: 12 loss: 0.00030056230025365949
1.3413848747954367
Iter: 13 loss: 0.00029860431095585227
0.96435514051719917
Iter: 14 loss: 0.00029824243392795324
Iter: 1 loss: 8.76143021741882e-05
Iter: 2 loss: 0.0024007286410778761
Iter: 3 loss: 0.00014855018525850028
Iter: 4 loss: 8.7525557319168e-05
1.3274780610868171
Iter: 1 loss: 0.0035387258976697922
-1527.2443976852933
Iter: 2 loss: 24.201196670532227
-11591.39926205222
Iter: 3 loss: 154.86886596679688
-1.4331395133706963
Iter: 4 loss: 0.0034773957449942827
-1.5676279029287794
Iter: 5 loss: 0.003476462559774518
0.622676807641312
Iter: 1 loss: 0.00040710874600335956
3715.8832161343162
Iter: 2 loss: 7.77946662902832
-6.485941670804845
Iter: 3 loss: 0.00050633266801014543
-1.3298508102686064
Iter: 4 loss: 0.00039173266850411892
-1.237904091406854
Iter: 5 loss: 0.00039110175566747785
-0.87032438533387768
Iter: 6 loss: 0.00038885546382516623
0.63105276356717543
Iter: 7 loss: 0.00038351284456439316
0.89598090891823767
Iter: 8 loss: 0.00038240628782659769
2.68430750444368
Iter: 9 loss: 0.00037698648520745337
3.4043773981133336
Iter: 10 loss: 0.00037305636215023696
-5.9900748232703087
Iter: 11 loss: 0.00037024979246780276
0.57538660601904623
Iter: 12 loss: 0.00036338804056867957
0.088679670408807448
Iter: 13 loss: 0.00036261515924707055
Iter: 1 loss: 8.6620610090903938e-05
Iter: 2 loss: 0.46525144577026367
Iter: 3 loss: 8.6567808466497809e-05
11.185472625677324
Iter: 1 loss: 0.0035806531086564064
-2089.3084072862639
Iter: 2 loss: 20.104995727539062
-360.22421766634153
Iter: 3 loss: 0.79280352592468262
9.4233265190218951
Iter: 4 loss: 0.0035600708797574043
9.2415592521834888
Iter: 5 loss: 0.0035589402541518211
8.8640710558550531
Iter: 6 loss: 0.0035549651365727186
8.5539675951330238
Iter: 7 loss: 0.0035478884819895029
8.5954916054862238
Iter: 8 loss: 0.0035371531266719103
9.5191624768448655
Iter: 9 loss: 0.0035246857441961765
10.844057853593918
Iter: 10 loss: 0.0035169592592865229
11.490274273693872
Iter: 11 loss: 0.0035139855463057756
12.556904668687348
Iter: 12 loss: 0.0035083717666566372
13.57633212149987
Iter: 13 loss: 0.0035016187466681004
13.723994711281396
Iter: 14 loss: 0.0034928335808217525
13.387357134219567
Iter: 15 loss: 0.0034913262352347374
13.095284782401524
Iter: 16 loss: 0.0034905257634818554
0.24718442688789483
Iter: 1 loss: 0.00030889143818058074
-35.007456512916079
Iter: 2 loss: 0.26703277230262756
71.959100988127148
Iter: 3 loss: 0.023924801498651505
0.856506779402946
Iter: 4 loss: 0.00030701491050422192
0.71606165167753644
Iter: 5 loss: 0.00030677972245030105
Iter: 1 loss: 0.00010201007535215467
Iter: 2 loss: 0.43555724620819092
Iter: 3 loss: 0.00010191602632403374
0.29083730889969628
Iter: 1 loss: 0.0037662973627448082
2866.0133032797121
Iter: 2 loss: 23.298858642578125
671.08543368380219
Iter: 3 loss: 2.292022705078125
6.1230390367522087
Iter: 4 loss: 0.0036415436770766973
5.0659670702302027
Iter: 5 loss: 0.0036338935606181622
5.0258653835952085
Iter: 6 loss: 0.0036330902948975563
4.865423919793761
Iter: 7 loss: 0.0036305130925029516
4.9659018722250874
Iter: 8 loss: 0.0036211470142006874
5.7484059812117927
Iter: 9 loss: 0.0036115874536335468
6.338506276482673
Iter: 10 loss: 0.0036080176942050457
6.5722296576663037
Iter: 11 loss: 0.0036072495859116316
-1.3742595017870165
Iter: 1 loss: 0.00053886760724708438
4007.0508681266856
Iter: 2 loss: 8.9957904815673828
-13.998289799281162
Iter: 3 loss: 0.00096715625841170549
-3.771458474811261
Iter: 4 loss: 0.00051570776849985123
-3.6711759490697409
Iter: 5 loss: 0.00051524280570447445
-3.2701397652049291
Iter: 6 loss: 0.00051352870650589466
-0.62387953040770516
Iter: 7 loss: 0.00050599401583895087
0.38753804469470932
Iter: 8 loss: 0.00050139706581830978
4.1087402376075968
Iter: 9 loss: 0.00048943725414574146
4.1015417562581478
Iter: 10 loss: 0.00048537188558839262
1.7574338954547337
Iter: 11 loss: 0.00046763589489273727
-1.1185899770311847
Iter: 12 loss: 0.000465473101940006
-1.686676050490405
Iter: 13 loss: 0.00046363755245693028
-2.0185029502093008
Iter: 14 loss: 0.00045929339830763638
-1.3899854340774269
Iter: 15 loss: 0.00045592550304718316
-1.2020943325008373
Iter: 16 loss: 0.00044924186659045517
1.7131321387409786
Iter: 17 loss: 0.00044138322118669748
1.633750634064564
Iter: 18 loss: 0.00043463418842293322
1.070650805919688
Iter: 19 loss: 0.0004298017593100667
0.69168237988871883
Iter: 20 loss: 0.00042884968570433557
Iter: 1 loss: 0.00010150206799153239
Iter: 2 loss: 0.0025525535456836224
Iter: 3 loss: 0.00014547526370733976
Iter: 4 loss: 0.00010140162339666858
15.921245827329944
Iter: 1 loss: 0.003807649714872241
-1943.6537188911884
Iter: 2 loss: 27.236150741577148
-1533.3187730251143
Iter: 3 loss: 14.363041877746582
6.7218404401060443
Iter: 4 loss: 0.0038760025054216385
12.022809195568998
Iter: 5 loss: 0.0037265338469296694
12.004175771243586
Iter: 6 loss: 0.0037263710983097553
11.929640744316352
Iter: 7 loss: 0.0037257333751767874
11.63147936091584
Iter: 8 loss: 0.0037233815528452396
9.6832874669457087
Iter: 9 loss: 0.0037126734387129545
8.7670067059462244
Iter: 10 loss: 0.0037059527821838856
6.7955790065896693
Iter: 11 loss: 0.0036960325669497252
6.5923436120263679
Iter: 12 loss: 0.0036942809820175171
5.7121707583334045
Iter: 13 loss: 0.0036847952287644148
5.3382451102322808
Iter: 14 loss: 0.0036785299889743328
5.0046249865825612
Iter: 15 loss: 0.0036710952408611774
4.9415938920993208
Iter: 16 loss: 0.0036660239566117525
4.9335595848605536
Iter: 17 loss: 0.0036634989082813263
4.6883700786443328
Iter: 18 loss: 0.0036581398453563452
4.0515282561173649
Iter: 19 loss: 0.0036524985916912556
3.3384431639535586
Iter: 20 loss: 0.0036413006018847227
2.167914317954811
Iter: 21 loss: 0.003621614770963788
2.0311162498424729
Iter: 22 loss: 0.003607568796724081
2.8054305181877761
Iter: 23 loss: 0.0035714395344257355
5.1007307900270984
Iter: 24 loss: 0.0035231802612543106
9.278679035742222
Iter: 25 loss: 0.0034688052255660295
11.196809835676337
Iter: 26 loss: 0.0034584347158670425
11.667850674882036
Iter: 27 loss: 0.0034561704378575087
11.507049254171854
Iter: 28 loss: 0.0034557296894490719
1.4180537185015392
Iter: 1 loss: 0.00039517003460787237
1249.8143709158862
Iter: 2 loss: 4.669499397277832
1.2495603346951814
Iter: 3 loss: 0.00086360069690272212
1.3998406093979969
Iter: 4 loss: 0.00039366871351376176
0.82013298438303317
Iter: 5 loss: 0.00039203616324812174
-0.56825519254324053
Iter: 6 loss: 0.00039026886224746704
-0.65120597464171115
Iter: 7 loss: 0.00038992112968117
-0.98231256862043226
Iter: 8 loss: 0.0003888817154802382
-0.91411320338834456
Iter: 9 loss: 0.00038705705082975328
-0.77698282655544326
Iter: 10 loss: 0.0003856779367197305
-0.405023850436915
Iter: 11 loss: 0.00038166303420439363
-0.36838416816263975
Iter: 12 loss: 0.00037933941348455846
0.73928104994639587
Iter: 13 loss: 0.00037676718784496188
1.8714358082431493
Iter: 14 loss: 0.0003756063524633646
2.5130162121750126
Iter: 15 loss: 0.000375021860236302
Iter: 1 loss: 8.5816369391977787e-05
Iter: 2 loss: 0.50441133975982666
Iter: 3 loss: 8.56951592140831e-05
11.198711611810008
Iter: 1 loss: 0.0033557959832251072
2517.3724543337084
Iter: 2 loss: 15.733186721801758
176.11766301089548
Iter: 3 loss: 0.14088836312294006
12.316001848142573
Iter: 4 loss: 0.0033494201488792896
12.287236466952693
Iter: 5 loss: 0.0033492702059447765
12.172172289455439
Iter: 6 loss: 0.0033487167675048113
3.8457833133531159
Iter: 1 loss: 0.00031788472551852465
2559.9370973605915
Iter: 2 loss: 12.211597442626953
2.3895478382378137
Iter: 3 loss: 0.00032091798493638635
3.2876502145726745
Iter: 4 loss: 0.00031601777300238609
3.430571434279944
Iter: 5 loss: 0.0003133164718747139
3.7198044035244155
Iter: 6 loss: 0.00030771191813983023
3.4570145816996418
Iter: 7 loss: 0.00030719820642843843
2.4059139935094924
Iter: 8 loss: 0.00030558585422113538
-0.57663222678570092
Iter: 9 loss: 0.00030284177046269178
-1.689931527297049
Iter: 10 loss: 0.00030125415651127696
-1.8495267160666691
Iter: 11 loss: 0.00030077749397605658
Iter: 1 loss: 8.47440242068842e-05
Iter: 2 loss: 0.5150148868560791
Iter: 3 loss: 8.4597399109043181e-05
15.449838856315306
Iter: 1 loss: 0.0035147627349942923
-1568.3608905026003
Iter: 2 loss: 26.4182071685791
-1314.3578498681295
Iter: 3 loss: 14.945844650268555
-1.0644535793240864
Iter: 4 loss: 0.0046583991497755051
12.060042357250214
Iter: 5 loss: 0.0034320133272558451
12.05108669573854
Iter: 6 loss: 0.0034317937679588795
12.015259449665283
Iter: 7 loss: 0.0034310030750930309
12.198045690405966
Iter: 8 loss: 0.0034258535597473383
12.639377222695813
Iter: 9 loss: 0.0034232293255627155
13.032576335285455
Iter: 10 loss: 0.0034209499135613441
13.712632299644159
Iter: 11 loss: 0.0034172441810369492
14.224864084680842
Iter: 12 loss: 0.003413202241063118
15.021288460681887
Iter: 13 loss: 0.0034038512967526913
15.423775123677192
Iter: 14 loss: 0.0033935359679162502
14.544480054150295
Iter: 15 loss: 0.0033816979266703129
13.167155245596065
Iter: 16 loss: 0.003376225009560585
12.523003722559086
Iter: 17 loss: 0.003374752588570118
11.860198762672072
Iter: 18 loss: 0.0033731400035321712
11.550719677038284
Iter: 19 loss: 0.0033716361504048109
11.554746122105652
Iter: 20 loss: 0.003371009835973382
-3.1899854849387714
Iter: 1 loss: 0.00034876482095569372
119.32790904529662
Iter: 2 loss: 0.29678285121917725
178.8315694273914
Iter: 3 loss: 0.1363680362701416
-0.744620460038484
Iter: 4 loss: 0.00033884803997352719
-1.674682732160093
Iter: 5 loss: 0.00033508418709971011
-1.7761794861983011
Iter: 6 loss: 0.00033466270542703569
-2.1824820288073123
Iter: 7 loss: 0.00033346039708703756
-2.7751504795551791
Iter: 8 loss: 0.00033053586957976222
-2.667792820143263
Iter: 9 loss: 0.00032879199716262519
-2.4366253914480192
Iter: 10 loss: 0.00032853451557457447
Iter: 1 loss: 9.7277152235619724e-05
Iter: 2 loss: 0.21404901146888733
Iter: 3 loss: 9.7233016276732087e-05
9.1728758230622365
Iter: 1 loss: 0.0033775961492210627
2580.4027573681469
Iter: 2 loss: 19.189855575561523
145.29142281496627
Iter: 3 loss: 0.11183944344520569
9.9670830771371257
Iter: 4 loss: 0.0033738403581082821
9.9632191510231181
Iter: 5 loss: 0.0033737584017217159
9.9477626303537381
Iter: 6 loss: 0.0033734412863850594
9.8859234872391735
Iter: 7 loss: 0.0033723507076501846
10.082513840940816
Iter: 8 loss: 0.0033662891946733
10.845517027961558
Iter: 9 loss: 0.0033598898444324732
11.145419070233208
Iter: 10 loss: 0.0033461200073361397
11.632709073131643
Iter: 11 loss: 0.0033223098143935204
11.45492904897436
Iter: 12 loss: 0.0033160482998937368
11.061987208302043
Iter: 13 loss: 0.0033135674893856049
10.850968692617304
Iter: 14 loss: 0.0033129376824945211
-1.7837791068924536
Iter: 1 loss: 0.00034537626197561622
1291.3192508325865
Iter: 2 loss: 0.31544953584671021
39.300263741169339
Iter: 3 loss: 0.0065150028094649315
-1.5124443822118985
Iter: 4 loss: 0.00034502684138715267
Iter: 1 loss: 9.5952520496211946e-05
Iter: 2 loss: 0.49052989482879639
Iter: 3 loss: 9.580938785802573e-05
14.858287847351313
Iter: 1 loss: 0.003334985813125968
2709.8222542762314
Iter: 2 loss: 19.763576507568359
382.63982034276808
Iter: 3 loss: 0.67328858375549316
17.559317897516927
Iter: 4 loss: 0.0033012176863849163
17.37364876026761
Iter: 5 loss: 0.0033009736798703671
-0.83264180696761492
Iter: 1 loss: 0.00028066799859516323
81.769301727798748
Iter: 2 loss: 0.27692300081253052
106.33386883430541
Iter: 3 loss: 0.052183832973241806
0.032822375856917163
Iter: 4 loss: 0.00027785490965470672
-0.16100483654015141
Iter: 5 loss: 0.00027762510580942035
Iter: 1 loss: 8.465853170491755e-05
Iter: 2 loss: 0.0022333585657179356
Iter: 3 loss: 0.00011751669080695137
Iter: 4 loss: 8.4598883404396474e-05
13.583151123333806
Iter: 1 loss: 0.0032238226849585772
-1479.948715307971
Iter: 2 loss: 29.2763671875
-467.43848105034328
Iter: 3 loss: 1.2293200492858887
12.525105942052301
Iter: 4 loss: 0.0032172377686947584
12.427730008001285
Iter: 5 loss: 0.0032167800236493349
-2.5843257320758024
Iter: 1 loss: 0.00033623116905801
2919.4245416440845
Iter: 2 loss: 3.9182624816894531
-12.722956776187539
Iter: 3 loss: 0.00065238139359280467
-3.70606485381953
Iter: 4 loss: 0.00033244016231037676
-3.6781080409057592
Iter: 5 loss: 0.00033214589348062873
-3.5663119501448373
Iter: 6 loss: 0.00033102778252214193
-2.2435526574513589
Iter: 7 loss: 0.00032335994183085859
-0.39271530472637639
Iter: 8 loss: 0.00031894576386548579
2.9574754217224948
Iter: 9 loss: 0.00031262595439329743
2.2763657918647282
Iter: 10 loss: 0.00030687279650010169
1.6064826985308871
Iter: 11 loss: 0.00029656372498720884
-1.5097528860739793
Iter: 12 loss: 0.00029329242534004152
-2.3371800153101883
Iter: 13 loss: 0.00029129150789231062
-2.8497605452615522
Iter: 14 loss: 0.00028471671976149082
-1.1023682419193139
Iter: 15 loss: 0.00028035760624334216
-5.0992795114837559
Iter: 16 loss: 0.00028176442719995975
-2.8777221845773719
Iter: 17 loss: 0.00027795866481028497
-0.012470306936678166
Iter: 18 loss: 0.00027577264700084925
1.6385646658649202
Iter: 19 loss: 0.00027499577845446765
Iter: 1 loss: 8.390319999307394e-05
Iter: 2 loss: 0.40374076366424561
Iter: 3 loss: 8.38517808006145e-05
2.0624746995150578
Iter: 1 loss: 0.0032620909623801708
2388.0546347918739
Iter: 2 loss: 13.429766654968262
54.54710356339848
Iter: 3 loss: 0.015783190727233887
2.4994943865142107
Iter: 4 loss: 0.0032612020149827003
4.1657683866978088
Iter: 1 loss: 0.00029887675191275775
3409.098243130421
Iter: 2 loss: 7.883857250213623
-18.749451491612248
Iter: 3 loss: 0.0025172973982989788
2.0511076301760776
Iter: 4 loss: 0.00027671168209053576
2.0759125028763106
Iter: 5 loss: 0.00027611141558736563
2.1748977890526584
Iter: 6 loss: 0.00027394320932216942
1.5774121253326765
Iter: 7 loss: 0.00026726440410129726
0.76007797184760639
Iter: 8 loss: 0.00026630511274561286
Iter: 1 loss: 9.1227026132401079e-05
Iter: 2 loss: 0.002392972819507122
Iter: 3 loss: 9.3773523985873908e-05
Iter: 4 loss: 9.092125401366502e-05
16.471788951211806
Iter: 1 loss: 0.0032167225144803524
-3712.47341606395
Iter: 2 loss: 31.24702262878418
-240.79384655087119
Iter: 3 loss: 0.31193113327026367
15.523638015870867
Iter: 4 loss: 0.003211944829672575
15.40775203686427
Iter: 5 loss: 0.0032114025671035051
-1.9893042727669665
Iter: 1 loss: 0.00030774465994909406
140.07702913613315
Iter: 2 loss: 0.17589443922042847
149.25924376772852
Iter: 3 loss: 0.080121755599975586
0.66126656424937413
Iter: 4 loss: 0.00029839901253581047
-0.46933993023248449
Iter: 5 loss: 0.00029348587850108743
-0.662708516429307
Iter: 6 loss: 0.0002923646243289113
-1.7391457590396375
Iter: 7 loss: 0.00028487405506893992
-1.7900444531968946
Iter: 8 loss: 0.0002812725433614105
-0.94307821426684557
Iter: 9 loss: 0.0002787706907838583
0.41446267725689762
Iter: 10 loss: 0.00027679448248818517
2.0352194350752133
Iter: 11 loss: 0.0002748635015450418
5.3884675354464537
Iter: 12 loss: 0.00027127412613481283
7.9526696578023257
Iter: 13 loss: 0.00026733078993856907
9.1860104449790967
Iter: 14 loss: 0.00026282289763912559
8.3204035609842038
Iter: 15 loss: 0.000259778811596334
6.3078901407303416
Iter: 16 loss: 0.00025715676019899547
3.1021361347070675
Iter: 17 loss: 0.00025348813505843282
0.79645807677408365
Iter: 18 loss: 0.0002471230982337147
-0.67422042187784892
Iter: 19 loss: 0.0002429092419333756
-0.60131261237069977
Iter: 20 loss: 0.00024204268993344158
Iter: 1 loss: 0.00010712235962273553
Iter: 2 loss: 0.5591198205947876
Iter: 3 loss: 0.00010576433851383626
Iter: 4 loss: 0.00010434591968078166
Iter: 5 loss: 0.00010424116044305265
Iter: 6 loss: 0.00010384034976596013
Iter: 7 loss: 0.0001025347228278406
Iter: 8 loss: 9.9521988886408508e-05
Iter: 9 loss: 9.6772841061465442e-05
Iter: 10 loss: 8.502189302816987e-05
Iter: 11 loss: 8.1022611993830651e-05
Iter: 12 loss: 7.68464378779754e-05
Iter: 13 loss: 7.4498719186522067e-05
Iter: 14 loss: 7.1477756137028337e-05
Iter: 15 loss: 6.9326197262853384e-05
Iter: 16 loss: 6.817100802436471e-05
Iter: 17 loss: 6.6676089772954583e-05
Iter: 18 loss: 6.35593241895549e-05
Iter: 19 loss: 5.7546192692825571e-05
Iter: 20 loss: 5.027025326853618e-05
Iter: 21 loss: 4.7534456825815141e-05
Iter: 22 loss: 4.7075573093025014e-05
60.029276143569795
Iter: 1 loss: 0.0073204967193305492
-1954.8983649775585
Iter: 2 loss: 24.1578369140625
-15724.680926216912
Iter: 3 loss: 463.99713134765625
57.97159329499636
Iter: 4 loss: 0.006856829859316349
35.414944294958929
Iter: 5 loss: 0.0044239149428904057
35.32346678595168
Iter: 6 loss: 0.0044150426983833313
34.95746587536717
Iter: 7 loss: 0.0043802345171570778
33.49200975183733
Iter: 8 loss: 0.0042518405243754387
18.85768246459245
Iter: 9 loss: 0.003728110808879137
14.018697643985529
Iter: 10 loss: 0.0034116616006940603
9.7830771959017344
Iter: 11 loss: 0.0033376235514879227
9.7468189814755455
Iter: 12 loss: 0.0033370857127010822
49.65070105463581
Iter: 1 loss: 0.00511223915964365
2012.6222351563965
Iter: 2 loss: 4.1218194961547852
6.1800422976601581
Iter: 3 loss: 0.0085299061611294746
44.100687315726788
Iter: 4 loss: 0.0050401892513036728
42.795766585643555
Iter: 5 loss: 0.0049727745354175568
37.6450105237703
Iter: 6 loss: 0.0047155064530670643
18.1190331685397
Iter: 7 loss: 0.0038746257778257132
-31.072773448023128
Iter: 8 loss: 0.0027501331642270088
-43.69358276711263
Iter: 9 loss: 0.0024903686717152596
-55.866158807874619
Iter: 10 loss: 0.00239614793099463
-49.026266226759461
Iter: 11 loss: 0.00222979299724102
-31.699495373775171
Iter: 12 loss: 0.0020474654156714678
1.2103464876495833
Iter: 13 loss: 0.0018971766112372279
-11.092738904798342
Iter: 14 loss: 0.0018335425993427634
-5.8418486662802005
Iter: 15 loss: 0.0017864885739982128
-2.1436578366954322
Iter: 16 loss: 0.0017510601319372654
1.0690320004639098
Iter: 17 loss: 0.0017317631281912327
2.0491767014673972
Iter: 18 loss: 0.0016873851418495178
1.8981860891927487
Iter: 19 loss: 0.0016764771426096559
-1.0803830427332908
Iter: 20 loss: 0.001655251020565629
-2.5593697693263753
Iter: 21 loss: 0.0016285909805446863
-4.4322005896542969
Iter: 22 loss: 0.0015879119746387005
-1.6870301805292107
Iter: 23 loss: 0.0015426981262862682
-0.45968125941593052
Iter: 24 loss: 0.0015180408954620361
0.23954617581423432
Iter: 25 loss: 0.0015111493412405252
1.8594609882691715
Iter: 26 loss: 0.0014947557356208563
7.0661451385057532
Iter: 27 loss: 0.0014420757070183754
8.0326336928291369
Iter: 28 loss: 0.0014209210639819503
8.577548220162587
Iter: 29 loss: 0.0014152959920465946
7.9506439695277829
Iter: 30 loss: 0.0014130361378192902
7.0441079356006648
Iter: 31 loss: 0.0014095675433054566
5.6874982170337809
Iter: 32 loss: 0.0014038750668987632
3.3114045565180725
Iter: 33 loss: 0.0013908165274187922
0.0024701521389192127
Iter: 34 loss: 0.0013638718519359827
-2.1308744987722874
Iter: 35 loss: 0.0013207930605858564
-5.497570549765296
Iter: 36 loss: 0.0012770286994054914
-4.1704993571163556
Iter: 37 loss: 0.0012673600576817989
-6.2240657390329144
Iter: 38 loss: 0.0012653344310820103
-5.1295284472719622
Iter: 39 loss: 0.0012633511796593666
0.078636000060162248
Iter: 40 loss: 0.001255702693015337
3.0910982353768897
Iter: 41 loss: 0.0012483174214139581
6.1335066302435273
Iter: 42 loss: 0.0012297334615141153
4.436184843180949
Iter: 43 loss: 0.0012167446548119187
0.984965044576555
Iter: 44 loss: 0.0012105414643883705
-1.4244004469882108
Iter: 45 loss: 0.0012074660044163465
-3.764989251640412
Iter: 46 loss: 0.0012024147436022758
-8.4458119110101073
Iter: 47 loss: 0.0011865026317536831
-11.740555275520752
Iter: 48 loss: 0.0011632610112428665
-12.95813287206119
Iter: 49 loss: 0.0011309601832181215
-15.534921711860418
Iter: 50 loss: 0.0011112676002085209
-6.1151937820886451
Iter: 51 loss: 0.0010961528168991208
-4.4071245176220248
Iter: 52 loss: 0.0010857060551643372
-1.995100378057169
Iter: 53 loss: 0.001084337942302227
-2.0366516960832053
Iter: 54 loss: 0.0010835810098797083
Iter: 1 loss: 4.5163662434788421e-05
Iter: 2 loss: 0.0025130175054073334
Iter: 3 loss: 0.00073543924372643232
Iter: 4 loss: 4.3944470235146582e-05
Iter: 5 loss: 4.3820757127832621e-05
-11.457914346846978
Iter: 1 loss: 0.0035744928754866123
2306.76073985755
Iter: 2 loss: 11.623037338256836
597.972529669775
Iter: 3 loss: 1.3316495418548584
-3.4946808762562322
Iter: 4 loss: 0.0034326007589697838
-5.3915352973729673
Iter: 5 loss: 0.0034148774575442076
-5.4427222808571951
Iter: 6 loss: 0.0034136860631406307
-5.6476179040192989
Iter: 7 loss: 0.0034096594899892807
-5.575406444400187
Iter: 8 loss: 0.0033887024037539959
-4.1556055302874366
Iter: 9 loss: 0.0033577466383576393
-1.4149913176535545
Iter: 10 loss: 0.003331267274916172
1.5214809308181383
Iter: 11 loss: 0.0033155316486954689
2.836460170053178
Iter: 12 loss: 0.0033108214847743511
3.6021924857569232
Iter: 13 loss: 0.0033074566163122654
4.3521588396271973
Iter: 14 loss: 0.003302987664937973
4.6749592285802164
Iter: 15 loss: 0.0032980823889374733
4.6778969776093451
Iter: 16 loss: 0.003295128233730793
4.6382550312966124
Iter: 17 loss: 0.0032931962050497532
4.7208008748961987
Iter: 18 loss: 0.0032863253727555275
5.3080373132775618
Iter: 19 loss: 0.0032747704535722733
6.9399414368778336
Iter: 20 loss: 0.0032568378373980522
10.990665301828747
Iter: 21 loss: 0.0032452289015054703
10.055251380029599
Iter: 22 loss: 0.0032380702905356884
9.8860465693777044
Iter: 23 loss: 0.0032369410619139671
9.8422032029094133
Iter: 24 loss: 0.0032366851810365915
-9.9346204761320838
Iter: 1 loss: 0.001057320274412632
297.51726470855021
Iter: 2 loss: 0.28638070821762085
190.73604547633175
Iter: 3 loss: 0.14782476425170898
-7.41008519128221
Iter: 4 loss: 0.001048739068210125
-8.2755879650303488
Iter: 5 loss: 0.0010451549896970391
-8.24965690026405
Iter: 6 loss: 0.0010449587134644389
-8.1458958441861231
Iter: 7 loss: 0.00104426103644073
Iter: 1 loss: 4.061496292706579e-05
Iter: 2 loss: 0.47672608494758606
Iter: 3 loss: 4.0485771023668349e-05
15.314817415268456
Iter: 1 loss: 0.003308264072984457
-1470.2938646546054
Iter: 2 loss: 24.758460998535156
-340.38263307310149
Iter: 3 loss: 0.60767221450805664
13.747504672118369
Iter: 4 loss: 0.0032948493026196957
13.607159574994128
Iter: 5 loss: 0.0032935640774667263
13.179048480844827
Iter: 6 loss: 0.0032855593599379063
13.1871311800987
Iter: 7 loss: 0.0032752745319157839
13.963633856249592
Iter: 8 loss: 0.0032633501105010509
14.862767901869478
Iter: 9 loss: 0.0032590650953352451
15.100634838242168
Iter: 10 loss: 0.0032587512396275997
-6.5371868127677608
Iter: 1 loss: 0.0010465153027325869
4592.781257823849
Iter: 2 loss: 12.4458646774292
-25.845869064030659
Iter: 3 loss: 0.0028516955208033323
-8.2198784761842383
Iter: 4 loss: 0.001030513783916831
-8.0774551511183379
Iter: 5 loss: 0.0010300474241375923
-7.5079540230575068
Iter: 6 loss: 0.0010284811723977327
-5.615255682951771
Iter: 7 loss: 0.0010242932476103306
-4.9957353813947636
Iter: 8 loss: 0.001022702781483531
-4.1878959496421571
Iter: 9 loss: 0.0010209556203335524
-3.733119069140983
Iter: 10 loss: 0.0010199497919529676
-3.1670847223687857
Iter: 11 loss: 0.0010188225423917174
-3.032366060602758
Iter: 12 loss: 0.0010184899438172579
Iter: 1 loss: 3.9500500861322507e-05
Iter: 2 loss: 0.47262942790985107
Iter: 3 loss: 3.9448408642783761e-05
15.271689795980048
Iter: 1 loss: 0.0033369252923876047
-6151.6438783614722
Iter: 2 loss: 99.800338745117188
14.511511894887901
Iter: 3 loss: 0.0032998751848936081
20.180017297047492
Iter: 4 loss: 0.0034569613635540009
14.9566035681714
Iter: 5 loss: 0.0032987240701913834
14.169061064663376
Iter: 6 loss: 0.0032913396134972572
14.201620471433673
Iter: 7 loss: 0.0032909167930483818
14.331839475516592
Iter: 8 loss: 0.0032893568277359009
14.811038886298848
Iter: 9 loss: 0.0032821104396134615
13.791674518511975
Iter: 10 loss: 0.003276752308011055
11.465623542730665
Iter: 11 loss: 0.0032719660084694624
11.17158402448664
Iter: 12 loss: 0.0032710442319512367
9.99244787653083
Iter: 13 loss: 0.0032683243043720722
8.3234429178379941
Iter: 14 loss: 0.0032606774475425482
5.4531806400756242
Iter: 15 loss: 0.0032445995602756739
4.9788415308640612
Iter: 16 loss: 0.0032352060079574585
5.750728826491379
Iter: 17 loss: 0.0032290755771100521
6.5192312539629338
Iter: 18 loss: 0.0032264362089335918
6.9102320179487196
Iter: 19 loss: 0.0032241875305771828
7.668441071858167
Iter: 20 loss: 0.0032156198285520077
7.9719435773687719
Iter: 21 loss: 0.0031973959412425756
7.0856843437804562
Iter: 22 loss: 0.0031673652119934559
8.8891656629633164
Iter: 23 loss: 0.0031421200837939978
3.9817117169294809
Iter: 24 loss: 0.0031320000998675823
3.6218585194714277
Iter: 25 loss: 0.0031220775563269854
3.5475121814808839
Iter: 26 loss: 0.0031214598566293716
-4.4941321525560785
Iter: 1 loss: 0.00099109986331313848
7135.1269305026462
Iter: 2 loss: 18.742172241210938
-4.7443408380690908
Iter: 3 loss: 0.00099181674886494875
-4.5771554419251066
Iter: 4 loss: 0.000990867498330772
Iter: 1 loss: 4.6553373977076262e-05
Iter: 2 loss: 0.4739643931388855
Iter: 3 loss: 4.6515553549397737e-05
7.4399958308072058
Iter: 1 loss: 0.0041156918741762638
-1266.6235032880993
Iter: 2 loss: 21.615259170532227
-4172.7482214053307
Iter: 3 loss: 95.371864318847656
-185.87716534730922
Iter: 4 loss: 0.16792693734169006
-0.8803674347702779
Iter: 5 loss: 0.0037458760198205709
-1.3421394015835872
Iter: 6 loss: 0.0037315757945179939
-2.3078328785808822
Iter: 7 loss: 0.0036558546125888824
-1.7348239036793467
Iter: 8 loss: 0.0035524829290807247
1.54327620957663
Iter: 9 loss: 0.0034299232065677643
5.3300247612632345
Iter: 10 loss: 0.0033752364106476307
6.4211369130894766
Iter: 11 loss: 0.0033702743239700794
6.6212065641427245
Iter: 12 loss: 0.0033690810669213533
7.20853851315345
Iter: 13 loss: 0.0033643180504441261
8.0585563566585741
Iter: 14 loss: 0.0033557177521288395
9.4621452818904412
Iter: 15 loss: 0.0033391430042684078
10.632579755310619
Iter: 16 loss: 0.0033214744180440903
10.73710417720779
Iter: 17 loss: 0.0033131621312350035
10.373809178613403
Iter: 18 loss: 0.0033117951825261116
10.205175020890113
Iter: 19 loss: 0.0033116084523499012
-5.0753908343433665
Iter: 1 loss: 0.0010432321578264236
-80.7707833554685
Iter: 2 loss: 0.23360903561115265
163.87771951692321
Iter: 3 loss: 0.12059633433818817
-1.988612951626731
Iter: 4 loss: 0.0010354591067880392
-3.3987936000509169
Iter: 5 loss: 0.0010265130549669266
-3.4860773695449936
Iter: 6 loss: 0.0010261861607432365
-3.8353740004322954
Iter: 7 loss: 0.0010251139756292105
-4.7973544141647739
Iter: 8 loss: 0.0010220252443104982
-4.4276136283666663
Iter: 9 loss: 0.0010204394347965717
-3.0639478754053151
Iter: 10 loss: 0.0010183067061007023
-1.6232223299652782
Iter: 11 loss: 0.0010167972650378942
0.90575799916067723
Iter: 12 loss: 0.0010144731495529413
0.29182573881623508
Iter: 13 loss: 0.0010099876672029495
-1.3334246515089823
Iter: 14 loss: 0.0010064961388707161
-2.7363780569926508
Iter: 15 loss: 0.0010055451421067119
Iter: 1 loss: 4.3880583689315245e-05
Iter: 2 loss: 0.0023080511018633842
Iter: 3 loss: 0.00023709834204055369
Iter: 4 loss: 4.3688902223948389e-05
3.4871897189949896
Iter: 1 loss: 0.0031752339564263821
2321.4932996526782
Iter: 2 loss: 12.85999584197998
459.54932501801085
Iter: 3 loss: 0.98780930042266846
7.5267316236126387
Iter: 4 loss: 0.0031129969283938408
6.9279081764708916
Iter: 5 loss: 0.003110774327069521
6.8353419203584238
Iter: 6 loss: 0.0031102986540645361
-4.8552112591874943
Iter: 1 loss: 0.0010142428800463676
2663.6790033193579
Iter: 2 loss: 0.88860082626342773
3.9109452865026024
Iter: 3 loss: 0.001164447283372283
-4.683269013351822
Iter: 4 loss: 0.0010141625534743071
Iter: 1 loss: 4.5148080971557647e-05
Iter: 2 loss: 0.48717865347862244
Iter: 3 loss: 4.4888129195896909e-05
9.3115268744365522
Iter: 1 loss: 0.00403185561299324
-1756.0151344508272
Iter: 2 loss: 23.775398254394531
-3031.4022126871041
Iter: 3 loss: 63.317104339599609
-124.54879234595495
Iter: 4 loss: 0.10163480788469315
4.1111786902700258
Iter: 5 loss: 0.0038578631356358528
3.8241346342396403
Iter: 6 loss: 0.0038568777963519096
-5.5256993956018192
Iter: 1 loss: 0.0010574464686214924
4346.318486094704
Iter: 2 loss: 9.5024557113647461
-12.345006144802955
Iter: 3 loss: 0.0012214221060276031
-6.7404753931944956
Iter: 4 loss: 0.0010500364005565643
-6.5860143557793887
Iter: 5 loss: 0.0010497205657884479
-5.9683293018758494
Iter: 6 loss: 0.0010486099636182189
-2.5772309352524392
Iter: 7 loss: 0.0010443455539643764
-1.3876993678889726
Iter: 8 loss: 0.001042679650709033
0.66626886625076809
Iter: 9 loss: 0.0010399618186056614
1.6891860586256211
Iter: 10 loss: 0.0010382760083302855
2.5144145703850724
Iter: 11 loss: 0.0010361024178564548
2.0762400973144972
Iter: 12 loss: 0.0010333893587812781
-0.20088286165726776
Iter: 13 loss: 0.0010295932879671454
-1.5537571631460123
Iter: 14 loss: 0.001028331695124507
-2.4911167177666966
Iter: 15 loss: 0.0010253870859742165
-2.701220172240633
Iter: 16 loss: 0.0010239012772217393
-2.6600520428676759
Iter: 17 loss: 0.0010235836962237954
Iter: 1 loss: 4.121286838199012e-05
Iter: 2 loss: 0.48743367195129395
Iter: 3 loss: 4.1010596760315821e-05
-1.5850665879747547
Iter: 1 loss: 0.0035536063369363546
2341.16238834903
Iter: 2 loss: 10.690842628479004
540.24990474049753
Iter: 3 loss: 1.0016152858734131
5.2032258124189
Iter: 4 loss: 0.0034417021088302135
3.8064027971589214
Iter: 5 loss: 0.0034298680257052183
3.233158055134651
Iter: 6 loss: 0.0034229473676532507
1.21338032883682
Iter: 7 loss: 0.0033915606327354908
-0.47395152212535829
Iter: 8 loss: 0.0033547505736351013
-1.0486828943064537
Iter: 9 loss: 0.0033195242285728455
-0.5972676912262056
Iter: 10 loss: 0.0033104713074862957
-0.24204114347659367
Iter: 11 loss: 0.0033086384646594524
-0.05585277032818059
Iter: 12 loss: 0.0033071781508624554
0.093338418405463752
Iter: 13 loss: 0.0033030600752681494
-0.1935930864491251
Iter: 14 loss: 0.0032950316090136766
-1.4686464489945716
Iter: 15 loss: 0.0032825004309415817
-3.5345180944578596
Iter: 16 loss: 0.0032640693243592978
-5.0797580458197755
Iter: 17 loss: 0.0032545085996389389
-5.2327645734508366
Iter: 18 loss: 0.0032512354664504528
-5.0033963928331371
Iter: 19 loss: 0.0032430225983262062
-4.1064946647096878
Iter: 20 loss: 0.0032314704731106758
-2.357368044947
Iter: 21 loss: 0.0032173811923712492
-1.0848323493422363
Iter: 22 loss: 0.0032110279425978661
-0.83243352177783914
Iter: 23 loss: 0.0032100595999509096
-0.5618804120867682
Iter: 1 loss: 0.0010647879680618644
-127.06400279509639
Iter: 2 loss: 0.354168176651001
192.30865782829565
Iter: 3 loss: 0.14923714101314545
2.3857932475373773
Iter: 4 loss: 0.001054180902428925
1.0608781779710874
Iter: 5 loss: 0.001047598198056221
0.78706458839331506
Iter: 6 loss: 0.0010464254301041365
-1.7045183726059179
Iter: 7 loss: 0.0010366651695221663
-2.8637854892770349
Iter: 8 loss: 0.0010320451110601425
-3.055653262546469
Iter: 9 loss: 0.0010294266976416111
-2.9255866981433765
Iter: 10 loss: 0.0010282476432621479
-2.7605470540319095
Iter: 11 loss: 0.0010271500796079636
-2.4402973563985695
Iter: 12 loss: 0.0010243627475574613
-2.2767141872906822
Iter: 13 loss: 0.001021059462800622
-5.4325588713659227
Iter: 14 loss: 0.0010159993544220924
-6.9886389512835887
Iter: 15 loss: 0.0010147921275347471
-7.20489500069844
Iter: 16 loss: 0.0010146503336727619
