Iteration 0
Elapsed time for kappa 68.1427 sec
Elapsed time for experts 19.7326 sec
Elapsed time for households 15.6893 sec
Iteration 1
Elapsed time for kappa 36.8052 sec
Elapsed time for experts 13.3887 sec
Elapsed time for households 12.9645 sec
Iteration 2
Elapsed time for kappa 34.2179 sec
Elapsed time for experts 12.9687 sec
Elapsed time for households 12.7119 sec
Iteration 3
Elapsed time for kappa 33.8965 sec
Elapsed time for experts 14.4028 sec
Elapsed time for households 12.3853 sec
Iteration 4
Elapsed time for kappa 34.1706 sec
Elapsed time for experts 12.7329 sec
Elapsed time for households 12.9136 sec
Iteration 5
Elapsed time for kappa 34.1784 sec
Elapsed time for experts 12.5555 sec
Elapsed time for households 10.7209 sec
Iteration 6
Elapsed time for kappa 34.0075 sec
Elapsed time for experts 13.6049 sec
Elapsed time for households 10.6109 sec
Iteration 7
Elapsed time for kappa 41.5340 sec
Elapsed time for experts 13.2946 sec
Elapsed time for households 11.4825 sec
Iteration 8
Elapsed time for kappa 33.5040 sec
Elapsed time for experts 12.7730 sec
Elapsed time for households 11.2192 sec
Iteration 9
Elapsed time for kappa 34.2398 sec
Elapsed time for experts 12.7384 sec
Elapsed time for households 10.9564 sec
Iteration 10
Elapsed time for kappa 33.5930 sec
Elapsed time for experts 12.9987 sec
Elapsed time for households 12.7032 sec
Iteration 11
Elapsed time for kappa 33.1390 sec
Elapsed time for experts 13.7713 sec
Elapsed time for households 11.0304 sec
Iteration 12
Elapsed time for kappa 33.1847 sec
Elapsed time for experts 11.7314 sec
Elapsed time for households 17.2153 sec
Iteration 13
Elapsed time for kappa 33.3997 sec
Elapsed time for experts 12.2776 sec
Elapsed time for households 12.4998 sec
Iteration 14
Elapsed time for kappa 32.9684 sec
Elapsed time for experts 12.2514 sec
Elapsed time for households 11.3774 sec
Iteration 15
Elapsed time for kappa 33.4397 sec
Elapsed time for experts 12.2813 sec
Elapsed time for households 11.2424 sec
Iteration 16
Elapsed time for kappa 33.3613 sec
Elapsed time for experts 12.2064 sec
Elapsed time for households 12.1225 sec
Iteration 17
Elapsed time for kappa 32.8555 sec
Elapsed time for experts 12.5706 sec
Elapsed time for households 10.7342 sec
Iteration 18
Elapsed time for kappa 33.6626 sec
Elapsed time for experts 12.7512 sec
Elapsed time for households 17.8309 sec
Iteration 19
Elapsed time for kappa 33.2024 sec
Elapsed time for experts 12.3579 sec
Elapsed time for households 10.6164 sec
Iteration 20
Elapsed time for kappa 33.3948 sec
Elapsed time for experts 11.9981 sec
Elapsed time for households 12.6384 sec
Iteration 21
Elapsed time for kappa 33.0537 sec
Elapsed time for experts 12.9405 sec
Elapsed time for households 11.7664 sec
Iteration 22
Elapsed time for kappa 32.7119 sec
Elapsed time for experts 11.8573 sec
Elapsed time for households 12.0776 sec
Iteration 23
Elapsed time for kappa 32.9713 sec
Elapsed time for experts 11.8126 sec
Elapsed time for households 10.8873 sec
Iteration 24
Elapsed time for kappa 33.0154 sec
Elapsed time for experts 18.0191 sec
Elapsed time for households 11.9493 sec
Iteration 25
Elapsed time for kappa 32.6883 sec
Elapsed time for experts 12.0563 sec
Elapsed time for households 10.6560 sec
Iteration 26
Elapsed time for kappa 32.6653 sec
Elapsed time for experts 11.7501 sec
Elapsed time for households 11.1771 sec
Iteration 27
Elapsed time for kappa 32.3395 sec
Elapsed time for experts 11.6023 sec
Elapsed time for households 10.4149 sec
Iteration 28
Elapsed time for kappa 32.8176 sec
Elapsed time for experts 11.7446 sec
Elapsed time for households 10.9519 sec
Iteration 29
Elapsed time for kappa 32.5821 sec
Elapsed time for experts 11.7853 sec
Elapsed time for households 10.8123 sec
Iteration 30
Elapsed time for kappa 33.0142 sec
Elapsed time for experts 18.3042 sec
Elapsed time for households 10.9275 sec
Iteration 31
Elapsed time for kappa 32.8176 sec
Elapsed time for experts 13.4538 sec
Elapsed time for households 10.8331 sec
Iteration 32
Elapsed time for kappa 32.5748 sec
Elapsed time for experts 12.0664 sec
Elapsed time for households 10.7718 sec
Iteration 33
Elapsed time for kappa 31.8115 sec
Elapsed time for experts 12.1672 sec
Elapsed time for households 10.1941 sec
Iteration 34
Elapsed time for kappa 31.7429 sec
Elapsed time for experts 11.6100 sec
Elapsed time for households 11.6725 sec
Iteration 35
Elapsed time for kappa 32.2528 sec
Elapsed time for experts 12.5960 sec
Elapsed time for households 10.3766 sec
Iteration 36
Elapsed time for kappa 32.2203 sec
Elapsed time for experts 18.2006 sec
Elapsed time for households 11.0142 sec
Iteration 37
Elapsed time for kappa 32.1520 sec
Elapsed time for experts 12.0767 sec
Elapsed time for households 10.5355 sec
Iteration 38
Elapsed time for kappa 32.3972 sec
Elapsed time for experts 11.5692 sec
Elapsed time for households 10.3677 sec
Iteration 39
Elapsed time for kappa 32.1736 sec
Elapsed time for experts 11.6205 sec
Elapsed time for households 10.2308 sec
Iteration 40
Elapsed time for kappa 31.3937 sec
Elapsed time for experts 12.3318 sec
Elapsed time for households 12.1039 sec
Iteration 41
Elapsed time for kappa 32.1228 sec
Elapsed time for experts 11.8397 sec
Elapsed time for households 10.3711 sec
Iteration 42
Elapsed time for kappa 37.8592 sec
Elapsed time for experts 11.6288 sec
Elapsed time for households 10.6133 sec
Iteration 43
Elapsed time for kappa 31.7112 sec
Elapsed time for experts 12.3000 sec
Elapsed time for households 10.3285 sec
Iteration 44
Elapsed time for kappa 32.0505 sec
Elapsed time for experts 11.5899 sec
Elapsed time for households 10.1337 sec
Iteration 45
Elapsed time for kappa 31.8126 sec
Elapsed time for experts 12.0310 sec
Elapsed time for households 10.4281 sec
Iteration 46
Elapsed time for kappa 31.6868 sec
Elapsed time for experts 11.8919 sec
Elapsed time for households 9.8740 sec
Iteration 47
Elapsed time for kappa 31.8079 sec
Elapsed time for experts 11.4085 sec
Elapsed time for households 10.1427 sec
Iteration 48
Elapsed time for kappa 38.0831 sec
Elapsed time for experts 11.9986 sec
Elapsed time for households 11.1622 sec
Iteration 49
Elapsed time for kappa 31.4565 sec
Elapsed time for experts 11.6253 sec
Elapsed time for households 9.8864 sec
Iteration 50
Elapsed time for kappa 31.6406 sec
Elapsed time for experts 11.5872 sec
Elapsed time for households 9.5462 sec
Iteration 51
Elapsed time for kappa 30.8591 sec
Elapsed time for experts 11.3948 sec
Elapsed time for households 10.4951 sec
Iteration 52
Elapsed time for kappa 34.0706 sec
Elapsed time for experts 12.6443 sec
Elapsed time for households 11.9629 sec
Iteration 53
Elapsed time for kappa 31.2833 sec
Elapsed time for experts 11.3288 sec
Elapsed time for households 10.0085 sec
Iteration 54
Elapsed time for kappa 38.0495 sec
Elapsed time for experts 11.7752 sec
Elapsed time for households 10.9072 sec
Iteration 55
Elapsed time for kappa 31.5651 sec
Elapsed time for experts 11.1069 sec
Elapsed time for households 10.1786 sec
Iteration 56
Elapsed time for kappa 31.5621 sec
Elapsed time for experts 11.4456 sec
Elapsed time for households 11.1193 sec
Iteration 57
Elapsed time for kappa 31.0622 sec
Elapsed time for experts 11.1210 sec
Elapsed time for households 11.2113 sec
Iteration 58
Elapsed time for kappa 30.8968 sec
Elapsed time for experts 11.4450 sec
Elapsed time for households 9.7244 sec
Iteration 59
Elapsed time for kappa 30.9551 sec
Elapsed time for experts 11.1175 sec
Elapsed time for households 10.1372 sec
Iteration 60
Elapsed time for kappa 36.9896 sec
Elapsed time for experts 11.3364 sec
Elapsed time for households 9.8715 sec
Iteration 61
Elapsed time for kappa 31.0842 sec
Elapsed time for experts 11.4369 sec
Elapsed time for households 10.2485 sec
Iteration 62
Elapsed time for kappa 31.0285 sec
Elapsed time for experts 11.2031 sec
Elapsed time for households 10.0435 sec
Iteration 63
Elapsed time for kappa 30.8206 sec
Elapsed time for experts 11.2696 sec
Elapsed time for households 9.9936 sec
Iteration 64
Elapsed time for kappa 30.3267 sec
Elapsed time for experts 11.0570 sec
Elapsed time for households 9.9368 sec
Iteration 65
Elapsed time for kappa 30.3757 sec
Elapsed time for experts 11.0376 sec
Elapsed time for households 16.1681 sec
Iteration 66
Elapsed time for kappa 31.4636 sec
Elapsed time for experts 11.3781 sec
Elapsed time for households 11.1730 sec
Iteration 67
Elapsed time for kappa 30.5718 sec
Elapsed time for experts 11.2682 sec
Elapsed time for households 9.9377 sec
Iteration 68
Elapsed time for kappa 30.8761 sec
Elapsed time for experts 11.4244 sec
Elapsed time for households 10.4868 sec
Iteration 69
Elapsed time for kappa 30.5451 sec
Elapsed time for experts 11.1509 sec
Elapsed time for households 9.7832 sec
Iteration 70
Elapsed time for kappa 30.0693 sec
Elapsed time for experts 11.3427 sec
Elapsed time for households 10.5986 sec
Iteration 71
Elapsed time for kappa 31.3542 sec
Elapsed time for experts 17.3328 sec
Elapsed time for households 10.3976 sec
Iteration 72
Elapsed time for kappa 30.9441 sec
Elapsed time for experts 11.5706 sec
Elapsed time for households 10.0252 sec
Iteration 73
Elapsed time for kappa 30.2741 sec
Elapsed time for experts 11.2320 sec
Elapsed time for households 9.9334 sec
Iteration 74
Elapsed time for kappa 30.2651 sec
Elapsed time for experts 11.0273 sec
Elapsed time for households 9.9163 sec
Iteration 75
Elapsed time for kappa 30.1819 sec
Elapsed time for experts 10.9960 sec
Elapsed time for households 9.5061 sec
Iteration 76
Elapsed time for kappa 30.1086 sec
Elapsed time for experts 11.1384 sec
Elapsed time for households 9.9447 sec
Iteration 77
Elapsed time for kappa 29.9693 sec
Elapsed time for experts 16.7955 sec
Elapsed time for households 10.3206 sec
Iteration 78
Elapsed time for kappa 30.6006 sec
Elapsed time for experts 11.0429 sec
Elapsed time for households 10.1649 sec
Iteration 79
Elapsed time for kappa 30.1510 sec
Elapsed time for experts 10.9344 sec
Elapsed time for households 10.4905 sec
Iteration 80
Elapsed time for kappa 30.3472 sec
Elapsed time for experts 11.0162 sec
Elapsed time for households 9.8199 sec
Iteration 81
Elapsed time for kappa 30.3042 sec
Elapsed time for experts 11.0415 sec
Elapsed time for households 9.8142 sec
Iteration 82
Elapsed time for kappa 29.9555 sec
Elapsed time for experts 10.9208 sec
Elapsed time for households 9.7684 sec
Iteration 83
Elapsed time for kappa 30.5361 sec
Elapsed time for experts 17.0108 sec
Elapsed time for households 10.1526 sec
Iteration 84
Elapsed time for kappa 30.9371 sec
Elapsed time for experts 11.1489 sec
Elapsed time for households 10.0014 sec
Iteration 85
Elapsed time for kappa 30.5163 sec
Elapsed time for experts 11.2432 sec
Elapsed time for households 9.7631 sec
Iteration 86
Elapsed time for kappa 30.2974 sec
Elapsed time for experts 11.0200 sec
Elapsed time for households 9.8783 sec
Iteration 87
Elapsed time for kappa 30.1800 sec
Elapsed time for experts 10.9393 sec
Elapsed time for households 9.7283 sec
Iteration 88
Elapsed time for kappa 30.1741 sec
Elapsed time for experts 10.9642 sec
Elapsed time for households 9.9290 sec
Iteration 89
Elapsed time for kappa 30.8250 sec
Elapsed time for experts 17.1690 sec
Elapsed time for households 10.4003 sec
Iteration 90
Elapsed time for kappa 30.8967 sec
Elapsed time for experts 11.2066 sec
Elapsed time for households 9.8513 sec
Iteration 91
Elapsed time for kappa 30.4437 sec
Elapsed time for experts 10.9697 sec
Elapsed time for households 9.6838 sec
Iteration 92
Elapsed time for kappa 30.3570 sec
Elapsed time for experts 11.0793 sec
Elapsed time for households 9.8487 sec
Iteration 93
Elapsed time for kappa 30.2071 sec
Elapsed time for experts 11.1482 sec
Elapsed time for households 9.7591 sec
Iteration 94
Elapsed time for kappa 30.3378 sec
Elapsed time for experts 10.8937 sec
Elapsed time for households 9.6506 sec
Iteration 95
Elapsed time for kappa 36.4143 sec
Elapsed time for experts 11.3829 sec
Elapsed time for households 9.9699 sec
Iteration 96
Elapsed time for kappa 30.4320 sec
Elapsed time for experts 11.0515 sec
Elapsed time for households 9.7673 sec
Iteration 97
Elapsed time for kappa 30.6558 sec
Elapsed time for experts 11.1356 sec
Elapsed time for households 9.8949 sec
Iteration 98
Elapsed time for kappa 30.1120 sec
Elapsed time for experts 11.2400 sec
Elapsed time for households 9.7521 sec
Iteration 99
Elapsed time for kappa 30.8342 sec
Elapsed time for experts 11.2704 sec
Elapsed time for households 9.6318 sec
Iteration 100
Elapsed time for kappa 30.0790 sec
Elapsed time for experts 11.2385 sec
Elapsed time for households 9.5304 sec
Iteration 101
Elapsed time for kappa 36.7118 sec
Elapsed time for experts 11.3740 sec
Elapsed time for households 9.7707 sec
Iteration 102
Elapsed time for kappa 30.7479 sec
Elapsed time for experts 11.3015 sec
Elapsed time for households 9.9914 sec
Iteration 103
Elapsed time for kappa 31.3346 sec
Elapsed time for experts 11.1226 sec
Elapsed time for households 9.7623 sec
Iteration 104
Elapsed time for kappa 30.4186 sec
Elapsed time for experts 11.1345 sec
Elapsed time for households 9.5231 sec
Iteration 105
Elapsed time for kappa 30.5168 sec
Elapsed time for experts 11.1374 sec
Elapsed time for households 9.5452 sec
Iteration 106
Elapsed time for kappa 30.3296 sec
Elapsed time for experts 10.9110 sec
Elapsed time for households 9.3868 sec
Iteration 107
Elapsed time for kappa 36.6142 sec
Elapsed time for experts 11.5338 sec
Elapsed time for households 10.0883 sec
Iteration 108
Elapsed time for kappa 30.6219 sec
Elapsed time for experts 11.0954 sec
Elapsed time for households 9.7269 sec
Iteration 109
Elapsed time for kappa 30.3786 sec
Elapsed time for experts 10.9510 sec
Elapsed time for households 9.5894 sec
Iteration 110
Elapsed time for kappa 30.3905 sec
Elapsed time for experts 11.1294 sec
Elapsed time for households 9.7921 sec
Iteration 111
Elapsed time for kappa 30.1234 sec
Elapsed time for experts 11.0794 sec
Elapsed time for households 9.7443 sec
Iteration 112
Elapsed time for kappa 30.0341 sec
Elapsed time for experts 11.0652 sec
Elapsed time for households 10.4767 sec
Iteration 113
Elapsed time for kappa 37.2711 sec
Elapsed time for experts 11.3885 sec
Elapsed time for households 9.9704 sec
Iteration 114
Elapsed time for kappa 30.4670 sec
Elapsed time for experts 11.0969 sec
Elapsed time for households 9.8886 sec
Iteration 115
Elapsed time for kappa 30.1063 sec
Elapsed time for experts 11.0555 sec
Elapsed time for households 9.8522 sec
Iteration 116
Elapsed time for kappa 30.0535 sec
Elapsed time for experts 11.3133 sec
Elapsed time for households 9.7175 sec
Iteration 117
Elapsed time for kappa 30.0370 sec
Elapsed time for experts 10.9091 sec
Elapsed time for households 9.6716 sec
Iteration 118
Elapsed time for kappa 30.4224 sec
Elapsed time for experts 11.0084 sec
Elapsed time for households 15.2698 sec
Iteration 119
Elapsed time for kappa 31.2087 sec
Elapsed time for experts 11.2282 sec
Elapsed time for households 9.8889 sec
Iteration 120
Elapsed time for kappa 30.5167 sec
Elapsed time for experts 11.2767 sec
Elapsed time for households 10.0013 sec
Iteration 121
Elapsed time for kappa 30.1692 sec
Elapsed time for experts 10.8812 sec
Elapsed time for households 9.6957 sec
Iteration 122
Elapsed time for kappa 30.4650 sec
Elapsed time for experts 11.1761 sec
Elapsed time for households 9.5247 sec
Iteration 123
Elapsed time for kappa 29.8002 sec
Elapsed time for experts 10.9162 sec
Elapsed time for households 10.0075 sec
Iteration 124
Elapsed time for kappa 30.0238 sec
Elapsed time for experts 10.7726 sec
Elapsed time for households 16.0143 sec
Iteration 125
Elapsed time for kappa 31.2630 sec
Elapsed time for experts 11.2664 sec
Elapsed time for households 9.8995 sec
Iteration 126
Elapsed time for kappa 30.4839 sec
Elapsed time for experts 10.9772 sec
Elapsed time for households 9.7295 sec
Iteration 127
Elapsed time for kappa 30.4434 sec
Elapsed time for experts 10.9211 sec
Elapsed time for households 9.6518 sec
Iteration 128
Elapsed time for kappa 30.0483 sec
Elapsed time for experts 11.0578 sec
Elapsed time for households 9.6503 sec
Iteration 129
Elapsed time for kappa 30.1911 sec
Elapsed time for experts 11.2109 sec
Elapsed time for households 9.8361 sec
Iteration 130
Elapsed time for kappa 30.1571 sec
Elapsed time for experts 11.0435 sec
Elapsed time for households 15.7117 sec
Iteration 131
Elapsed time for kappa 30.9728 sec
Elapsed time for experts 11.1991 sec
Elapsed time for households 9.8981 sec
Iteration 132
Elapsed time for kappa 30.3908 sec
Elapsed time for experts 11.2604 sec
Elapsed time for households 9.5759 sec
Iteration 133
Elapsed time for kappa 30.3291 sec
Elapsed time for experts 10.9774 sec
Elapsed time for households 9.8262 sec
Iteration 134
Elapsed time for kappa 30.0205 sec
Elapsed time for experts 11.3936 sec
Elapsed time for households 9.9200 sec
Iteration 135
Elapsed time for kappa 30.9098 sec
Elapsed time for experts 10.8345 sec
Elapsed time for households 9.6929 sec
Iteration 136
Elapsed time for kappa 30.4418 sec
Elapsed time for experts 17.1512 sec
Elapsed time for households 10.1172 sec
Iteration 137
Elapsed time for kappa 31.1194 sec
Elapsed time for experts 11.7971 sec
Elapsed time for households 9.8620 sec
Iteration 138
Elapsed time for kappa 30.7420 sec
Elapsed time for experts 11.3777 sec
Elapsed time for households 10.3300 sec
Iteration 139
Elapsed time for kappa 30.2345 sec
Elapsed time for experts 11.1254 sec
Elapsed time for households 9.5674 sec
Iteration 140
Elapsed time for kappa 30.3328 sec
Elapsed time for experts 11.0764 sec
Elapsed time for households 9.6182 sec
Iteration 141
Elapsed time for kappa 30.6682 sec
Elapsed time for experts 11.3271 sec
Elapsed time for households 9.7772 sec
Iteration 142
Elapsed time for kappa 30.4134 sec
Elapsed time for experts 16.6215 sec
Elapsed time for households 10.0787 sec
Iteration 143
Elapsed time for kappa 30.4993 sec
Elapsed time for experts 11.0121 sec
Elapsed time for households 9.6748 sec
Iteration 144
Elapsed time for kappa 30.6308 sec
Elapsed time for experts 11.5501 sec
Elapsed time for households 10.1021 sec
Iteration 145
Elapsed time for kappa 30.4699 sec
Elapsed time for experts 11.3436 sec
Elapsed time for households 9.8651 sec
Iteration 146
Elapsed time for kappa 30.7304 sec
Elapsed time for experts 11.1486 sec
Elapsed time for households 9.8814 sec
Iteration 147
Elapsed time for kappa 30.7293 sec
Elapsed time for experts 11.0060 sec
Elapsed time for households 9.8941 sec
Iteration 148
Elapsed time for kappa 30.6604 sec
Elapsed time for experts 17.1602 sec
Elapsed time for households 10.4786 sec
Iteration 149
Elapsed time for kappa 30.8993 sec
Elapsed time for experts 11.2921 sec
Elapsed time for households 10.1364 sec
Iteration 150
Elapsed time for kappa 30.9188 sec
Elapsed time for experts 11.4434 sec
Elapsed time for households 9.7140 sec
Iteration 151
Elapsed time for kappa 30.6657 sec
Elapsed time for experts 11.0955 sec
Elapsed time for households 10.3961 sec
Iteration 152
Elapsed time for kappa 31.0389 sec
Elapsed time for experts 11.6575 sec
Elapsed time for households 10.5649 sec
Iteration 153
Elapsed time for kappa 30.4316 sec
Elapsed time for experts 10.9553 sec
Elapsed time for households 9.9319 sec
Iteration 154
Elapsed time for kappa 30.6879 sec
Elapsed time for experts 17.1707 sec
Elapsed time for households 10.4137 sec
Iteration 155
Elapsed time for kappa 31.4278 sec
Elapsed time for experts 11.3872 sec
Elapsed time for households 10.0776 sec
Iteration 156
Elapsed time for kappa 31.1089 sec
Elapsed time for experts 11.2821 sec
Elapsed time for households 10.0018 sec
Iteration 157
Elapsed time for kappa 30.7641 sec
Elapsed time for experts 11.6424 sec
Elapsed time for households 9.9969 sec
Iteration 158
Elapsed time for kappa 30.7790 sec
Elapsed time for experts 11.5057 sec
Elapsed time for households 9.8514 sec
Iteration 159
Elapsed time for kappa 30.8423 sec
Elapsed time for experts 11.3503 sec
Elapsed time for households 9.9554 sec
Iteration 160
Elapsed time for kappa 37.3101 sec
Elapsed time for experts 11.5235 sec
Elapsed time for households 10.1797 sec
Iteration 161
Elapsed time for kappa 30.7149 sec
Elapsed time for experts 11.1170 sec
Elapsed time for households 10.1939 sec
Iteration 162
Elapsed time for kappa 30.6218 sec
Elapsed time for experts 11.5147 sec
Elapsed time for households 10.1191 sec
Iteration 163
Elapsed time for kappa 31.1181 sec
Elapsed time for experts 11.3864 sec
Elapsed time for households 10.6249 sec
Iteration 164
Elapsed time for kappa 31.0847 sec
Elapsed time for experts 11.3764 sec
Elapsed time for households 10.1066 sec
Iteration 165
Elapsed time for kappa 30.0963 sec
Elapsed time for experts 11.1427 sec
Elapsed time for households 9.8631 sec
Iteration 166
Elapsed time for kappa 37.5673 sec
Elapsed time for experts 11.6594 sec
Elapsed time for households 9.9835 sec
Iteration 167
Elapsed time for kappa 30.8628 sec
Elapsed time for experts 11.3102 sec
Elapsed time for households 9.9692 sec
Iteration 168
Elapsed time for kappa 30.9776 sec
Elapsed time for experts 11.4318 sec
Elapsed time for households 9.9552 sec
Iteration 169
Elapsed time for kappa 30.6819 sec
Elapsed time for experts 11.4491 sec
Elapsed time for households 9.9651 sec
Iteration 170
Elapsed time for kappa 30.6622 sec
Elapsed time for experts 11.2051 sec
Elapsed time for households 9.5531 sec
Iteration 171
Elapsed time for kappa 30.7313 sec
Elapsed time for experts 11.3965 sec
Elapsed time for households 9.8958 sec
Iteration 172
Elapsed time for kappa 37.3458 sec
Elapsed time for experts 11.5405 sec
Elapsed time for households 9.8551 sec
Iteration 173
Elapsed time for kappa 30.8169 sec
Elapsed time for experts 11.4042 sec
Elapsed time for households 9.8156 sec
Iteration 174
Elapsed time for kappa 30.5624 sec
Elapsed time for experts 11.0744 sec
Elapsed time for households 9.7798 sec
Iteration 175
Elapsed time for kappa 30.5475 sec
Elapsed time for experts 11.1512 sec
Elapsed time for households 9.7885 sec
Iteration 176
Elapsed time for kappa 30.0898 sec
Elapsed time for experts 10.9294 sec
Elapsed time for households 9.5897 sec
Iteration 177
Elapsed time for kappa 30.0094 sec
Elapsed time for experts 10.9914 sec
Elapsed time for households 9.6942 sec
Iteration 178
Elapsed time for kappa 36.5578 sec
Elapsed time for experts 11.5748 sec
Elapsed time for households 9.8885 sec
Iteration 179
Elapsed time for kappa 31.0825 sec
Elapsed time for experts 11.2240 sec
Elapsed time for households 10.4452 sec
Iteration 180
Elapsed time for kappa 30.5517 sec
Elapsed time for experts 11.1067 sec
Elapsed time for households 9.7920 sec
Iteration 181
Elapsed time for kappa 30.8457 sec
Elapsed time for experts 10.9146 sec
Elapsed time for households 9.5365 sec
Iteration 182
Elapsed time for kappa 30.0416 sec
Elapsed time for experts 11.0209 sec
Elapsed time for households 10.1927 sec
Iteration 183
Elapsed time for kappa 30.2478 sec
Elapsed time for experts 11.2442 sec
Elapsed time for households 15.2060 sec
Iteration 184
Elapsed time for kappa 31.1458 sec
Elapsed time for experts 11.4334 sec
Elapsed time for households 10.0871 sec
Iteration 185
Elapsed time for kappa 31.2847 sec
Elapsed time for experts 11.2500 sec
Elapsed time for households 9.7876 sec
Iteration 186
Elapsed time for kappa 30.6689 sec
Elapsed time for experts 11.5083 sec
Elapsed time for households 10.0880 sec
Iteration 187
Elapsed time for kappa 30.5021 sec
Elapsed time for experts 11.2699 sec
Elapsed time for households 9.8379 sec
Iteration 188
Elapsed time for kappa 30.1954 sec
Elapsed time for experts 11.1616 sec
Elapsed time for households 9.9261 sec
Iteration 189
Elapsed time for kappa 30.0031 sec
Elapsed time for experts 11.0869 sec
Elapsed time for households 15.6996 sec
Iteration 190
Elapsed time for kappa 31.1295 sec
Elapsed time for experts 11.3842 sec
Elapsed time for households 9.8932 sec
Iteration 191
Elapsed time for kappa 30.7855 sec
Elapsed time for experts 11.1740 sec
Elapsed time for households 9.7131 sec
Iteration 192
Elapsed time for kappa 30.1109 sec
Elapsed time for experts 11.1769 sec
Elapsed time for households 9.8048 sec
Iteration 193
Elapsed time for kappa 30.2389 sec
Elapsed time for experts 10.8300 sec
Elapsed time for households 9.7965 sec
Iteration 194
Elapsed time for kappa 30.2189 sec
Elapsed time for experts 11.0873 sec
Elapsed time for households 9.8962 sec
Iteration 195
Elapsed time for kappa 30.3179 sec
Elapsed time for experts 10.8646 sec
Elapsed time for households 15.6603 sec
Iteration 196
Elapsed time for kappa 31.1954 sec
Elapsed time for experts 11.2461 sec
Elapsed time for households 9.6963 sec
Iteration 197
Elapsed time for kappa 30.7385 sec
Elapsed time for experts 11.4117 sec
Elapsed time for households 9.8040 sec
Iteration 198
Elapsed time for kappa 30.7064 sec
Elapsed time for experts 11.1636 sec
Elapsed time for households 9.8669 sec
Iteration 199
Elapsed time for kappa 30.4032 sec
Elapsed time for experts 11.1621 sec
Elapsed time for households 9.9065 sec
Elapsed time for training 10844.3265 sec
90000 90000 90000 90000
