Iteration 0
Elapsed time for kappa 66.1369 sec
Elapsed time for experts 20.3215 sec
Elapsed time for households 16.5980 sec
Iteration 1
Elapsed time for kappa 39.7328 sec
Elapsed time for experts 15.3574 sec
Elapsed time for households 13.1843 sec
Iteration 2
Elapsed time for kappa 36.1215 sec
Elapsed time for experts 14.7059 sec
Elapsed time for households 11.5580 sec
Iteration 3
Elapsed time for kappa 36.1489 sec
Elapsed time for experts 14.7180 sec
Elapsed time for households 13.0971 sec
Iteration 4
Elapsed time for kappa 35.7778 sec
Elapsed time for experts 14.5833 sec
Elapsed time for households 12.9690 sec
Iteration 5
Elapsed time for kappa 35.6470 sec
Elapsed time for experts 14.3992 sec
Elapsed time for households 11.7640 sec
Iteration 6
Elapsed time for kappa 34.7932 sec
Elapsed time for experts 13.5154 sec
Elapsed time for households 11.8564 sec
Iteration 7
Elapsed time for kappa 41.4160 sec
Elapsed time for experts 14.0543 sec
Elapsed time for households 12.2370 sec
Iteration 8
Elapsed time for kappa 33.7493 sec
Elapsed time for experts 13.4577 sec
Elapsed time for households 13.1285 sec
Iteration 9
Elapsed time for kappa 32.4842 sec
Elapsed time for experts 13.4308 sec
Elapsed time for households 11.9990 sec
Iteration 10
Elapsed time for kappa 32.9990 sec
Elapsed time for experts 13.3982 sec
Elapsed time for households 11.9483 sec
Iteration 11
Elapsed time for kappa 33.2356 sec
Elapsed time for experts 13.8412 sec
Elapsed time for households 10.2456 sec
Iteration 12
Elapsed time for kappa 32.1079 sec
Elapsed time for experts 11.6772 sec
Elapsed time for households 19.3338 sec
Iteration 13
Elapsed time for kappa 33.2914 sec
Elapsed time for experts 13.8264 sec
Elapsed time for households 12.1513 sec
Iteration 14
Elapsed time for kappa 32.7082 sec
Elapsed time for experts 13.5964 sec
Elapsed time for households 10.3642 sec
Iteration 15
Elapsed time for kappa 32.6941 sec
Elapsed time for experts 12.8871 sec
Elapsed time for households 12.0485 sec
Iteration 16
Elapsed time for kappa 32.6051 sec
Elapsed time for experts 13.5797 sec
Elapsed time for households 10.8775 sec
Iteration 17
Elapsed time for kappa 31.8547 sec
Elapsed time for experts 12.3996 sec
Elapsed time for households 13.2045 sec
Iteration 18
Elapsed time for kappa 32.7126 sec
Elapsed time for experts 13.5172 sec
Elapsed time for households 19.7956 sec
Iteration 19
Elapsed time for kappa 33.1465 sec
Elapsed time for experts 13.0572 sec
Elapsed time for households 11.4175 sec
Iteration 20
Elapsed time for kappa 33.0673 sec
Elapsed time for experts 11.5583 sec
Elapsed time for households 12.0091 sec
Iteration 21
Elapsed time for kappa 32.9284 sec
Elapsed time for experts 13.7608 sec
Elapsed time for households 11.4063 sec
Iteration 22
Elapsed time for kappa 32.6342 sec
Elapsed time for experts 13.4867 sec
Elapsed time for households 12.3776 sec
Iteration 23
Elapsed time for kappa 32.0037 sec
Elapsed time for experts 13.5233 sec
Elapsed time for households 11.9462 sec
Iteration 24
Elapsed time for kappa 32.1655 sec
Elapsed time for experts 20.4912 sec
Elapsed time for households 10.7285 sec
Iteration 25
Elapsed time for kappa 33.3750 sec
Elapsed time for experts 13.6911 sec
Elapsed time for households 12.3718 sec
Iteration 26
Elapsed time for kappa 32.6656 sec
Elapsed time for experts 12.8690 sec
Elapsed time for households 9.9325 sec
Iteration 27
Elapsed time for kappa 32.2903 sec
Elapsed time for experts 13.4063 sec
Elapsed time for households 10.3903 sec
Iteration 28
Elapsed time for kappa 32.3125 sec
Elapsed time for experts 12.3182 sec
Elapsed time for households 11.4621 sec
Iteration 29
Elapsed time for kappa 32.3939 sec
Elapsed time for experts 12.4325 sec
Elapsed time for households 11.8628 sec
Iteration 30
Elapsed time for kappa 32.2715 sec
Elapsed time for experts 19.7986 sec
Elapsed time for households 12.6515 sec
Iteration 31
Elapsed time for kappa 33.0727 sec
Elapsed time for experts 12.4175 sec
Elapsed time for households 11.2194 sec
Iteration 32
Elapsed time for kappa 32.3418 sec
Elapsed time for experts 13.3602 sec
Elapsed time for households 11.8675 sec
Iteration 33
Elapsed time for kappa 32.4966 sec
Elapsed time for experts 13.9253 sec
Elapsed time for households 12.6406 sec
Iteration 34
Elapsed time for kappa 33.8782 sec
Elapsed time for experts 14.7987 sec
Elapsed time for households 13.2421 sec
Iteration 35
Elapsed time for kappa 33.9002 sec
Elapsed time for experts 13.6619 sec
Elapsed time for households 13.0402 sec
Iteration 36
Elapsed time for kappa 34.2653 sec
Elapsed time for experts 20.5593 sec
Elapsed time for households 13.3375 sec
Iteration 37
Elapsed time for kappa 35.4535 sec
Elapsed time for experts 14.4884 sec
Elapsed time for households 12.2227 sec
Iteration 38
Elapsed time for kappa 32.6846 sec
Elapsed time for experts 12.2302 sec
Elapsed time for households 11.6136 sec
Iteration 39
Elapsed time for kappa 31.9097 sec
Elapsed time for experts 13.5942 sec
Elapsed time for households 11.5837 sec
Iteration 40
Elapsed time for kappa 32.1370 sec
Elapsed time for experts 12.0570 sec
Elapsed time for households 10.8802 sec
Iteration 41
Elapsed time for kappa 32.0956 sec
Elapsed time for experts 13.3858 sec
Elapsed time for households 10.6826 sec
Iteration 42
Elapsed time for kappa 38.7157 sec
Elapsed time for experts 13.3875 sec
Elapsed time for households 12.0860 sec
Iteration 43
Elapsed time for kappa 32.6540 sec
Elapsed time for experts 13.9444 sec
Elapsed time for households 12.9224 sec
Iteration 44
Elapsed time for kappa 35.2486 sec
Elapsed time for experts 14.6460 sec
Elapsed time for households 13.4963 sec
Iteration 45
Elapsed time for kappa 34.4374 sec
Elapsed time for experts 13.6747 sec
Elapsed time for households 12.9802 sec
Iteration 46
Elapsed time for kappa 34.1876 sec
Elapsed time for experts 14.9171 sec
Elapsed time for households 11.6590 sec
Iteration 47
Elapsed time for kappa 33.9193 sec
Elapsed time for experts 13.6615 sec
Elapsed time for households 12.0464 sec
Iteration 48
Elapsed time for kappa 40.6116 sec
Elapsed time for experts 13.5527 sec
Elapsed time for households 10.6456 sec
Iteration 49
Elapsed time for kappa 32.0188 sec
Elapsed time for experts 13.3218 sec
Elapsed time for households 10.3366 sec
Iteration 50
Elapsed time for kappa 32.4841 sec
Elapsed time for experts 12.8590 sec
Elapsed time for households 11.6805 sec
Iteration 51
Elapsed time for kappa 32.3325 sec
Elapsed time for experts 13.4846 sec
Elapsed time for households 12.0160 sec
Iteration 52
Elapsed time for kappa 33.1050 sec
Elapsed time for experts 13.0003 sec
Elapsed time for households 12.7996 sec
Iteration 53
Elapsed time for kappa 33.1045 sec
Elapsed time for experts 12.7309 sec
Elapsed time for households 12.6254 sec
Iteration 54
Elapsed time for kappa 40.4240 sec
Elapsed time for experts 14.1994 sec
Elapsed time for households 12.8684 sec
Iteration 55
Elapsed time for kappa 33.8159 sec
Elapsed time for experts 13.9605 sec
Elapsed time for households 12.9324 sec
Iteration 56
Elapsed time for kappa 33.4349 sec
Elapsed time for experts 13.0117 sec
Elapsed time for households 11.1682 sec
Iteration 57
Elapsed time for kappa 34.0065 sec
Elapsed time for experts 14.1419 sec
Elapsed time for households 12.0400 sec
Iteration 58
Elapsed time for kappa 34.0002 sec
Elapsed time for experts 11.9903 sec
Elapsed time for households 12.4419 sec
Iteration 59
Elapsed time for kappa 33.1350 sec
Elapsed time for experts 12.5562 sec
Elapsed time for households 11.4520 sec
Iteration 60
Elapsed time for kappa 37.3327 sec
Elapsed time for experts 13.9489 sec
Elapsed time for households 11.6739 sec
Iteration 61
Elapsed time for kappa 31.7032 sec
Elapsed time for experts 11.6547 sec
Elapsed time for households 11.6287 sec
Iteration 62
Elapsed time for kappa 31.8043 sec
Elapsed time for experts 11.6553 sec
Elapsed time for households 10.3395 sec
Iteration 63
Elapsed time for kappa 30.7306 sec
Elapsed time for experts 11.2290 sec
Elapsed time for households 11.1191 sec
Iteration 64
Elapsed time for kappa 30.7476 sec
Elapsed time for experts 12.9958 sec
Elapsed time for households 11.4217 sec
Iteration 65
Elapsed time for kappa 31.0928 sec
Elapsed time for experts 12.7364 sec
Elapsed time for households 11.5084 sec
Iteration 66
Elapsed time for kappa 36.3384 sec
Elapsed time for experts 13.0854 sec
Elapsed time for households 11.8741 sec
Iteration 67
Elapsed time for kappa 30.8733 sec
Elapsed time for experts 11.8893 sec
Elapsed time for households 12.0090 sec
Iteration 68
Elapsed time for kappa 30.7022 sec
Elapsed time for experts 11.5404 sec
Elapsed time for households 11.3129 sec
Iteration 69
Elapsed time for kappa 30.7567 sec
Elapsed time for experts 11.3903 sec
Elapsed time for households 11.0759 sec
Iteration 70
Elapsed time for kappa 31.0080 sec
Elapsed time for experts 11.9232 sec
Elapsed time for households 11.2144 sec
Iteration 71
Elapsed time for kappa 30.6368 sec
Elapsed time for experts 11.3033 sec
Elapsed time for households 17.2083 sec
Iteration 72
Elapsed time for kappa 30.8202 sec
Elapsed time for experts 13.1477 sec
Elapsed time for households 10.2996 sec
Iteration 73
Elapsed time for kappa 30.5300 sec
Elapsed time for experts 10.9110 sec
Elapsed time for households 9.8762 sec
Iteration 74
Elapsed time for kappa 30.6047 sec
Elapsed time for experts 12.4901 sec
Elapsed time for households 10.2057 sec
Iteration 75
Elapsed time for kappa 30.1585 sec
Elapsed time for experts 12.0442 sec
Elapsed time for households 11.5186 sec
Iteration 76
Elapsed time for kappa 29.7585 sec
Elapsed time for experts 11.5352 sec
Elapsed time for households 10.8837 sec
Iteration 77
Elapsed time for kappa 32.9931 sec
Elapsed time for experts 20.0559 sec
Elapsed time for households 10.9108 sec
Iteration 78
Elapsed time for kappa 33.5876 sec
Elapsed time for experts 12.9955 sec
Elapsed time for households 11.7791 sec
Iteration 79
Elapsed time for kappa 33.3105 sec
Elapsed time for experts 13.9004 sec
Elapsed time for households 11.7866 sec
Iteration 80
Elapsed time for kappa 32.2961 sec
Elapsed time for experts 14.0394 sec
Elapsed time for households 12.4527 sec
Iteration 81
Elapsed time for kappa 31.8842 sec
Elapsed time for experts 13.2950 sec
Elapsed time for households 11.4367 sec
Iteration 82
Elapsed time for kappa 30.9601 sec
Elapsed time for experts 12.5098 sec
Elapsed time for households 10.8781 sec
Iteration 83
Elapsed time for kappa 30.1765 sec
Elapsed time for experts 17.0434 sec
Elapsed time for households 11.7095 sec
Iteration 84
Elapsed time for kappa 30.5189 sec
Elapsed time for experts 12.8660 sec
Elapsed time for households 11.1241 sec
Iteration 85
Elapsed time for kappa 30.2841 sec
Elapsed time for experts 12.7675 sec
Elapsed time for households 9.6351 sec
Iteration 86
Elapsed time for kappa 30.3173 sec
Elapsed time for experts 10.9539 sec
Elapsed time for households 11.4319 sec
Iteration 87
Elapsed time for kappa 29.7748 sec
Elapsed time for experts 11.3044 sec
Elapsed time for households 11.1003 sec
Iteration 88
Elapsed time for kappa 29.4274 sec
Elapsed time for experts 12.2695 sec
Elapsed time for households 11.1739 sec
Iteration 89
Elapsed time for kappa 30.3920 sec
Elapsed time for experts 18.7122 sec
Elapsed time for households 11.1792 sec
Iteration 90
Elapsed time for kappa 31.0675 sec
Elapsed time for experts 13.2161 sec
Elapsed time for households 10.4363 sec
Iteration 91
Elapsed time for kappa 30.1694 sec
Elapsed time for experts 12.5266 sec
Elapsed time for households 11.2926 sec
Iteration 92
Elapsed time for kappa 31.3700 sec
Elapsed time for experts 12.6275 sec
Elapsed time for households 10.5684 sec
Iteration 93
Elapsed time for kappa 29.9156 sec
Elapsed time for experts 11.2728 sec
Elapsed time for households 10.2639 sec
Iteration 94
Elapsed time for kappa 29.9926 sec
Elapsed time for experts 12.8034 sec
Elapsed time for households 10.4684 sec
Iteration 95
Elapsed time for kappa 36.2967 sec
Elapsed time for experts 11.8793 sec
Elapsed time for households 11.5185 sec
Iteration 96
Elapsed time for kappa 30.1633 sec
Elapsed time for experts 12.8273 sec
Elapsed time for households 10.3336 sec
Iteration 97
Elapsed time for kappa 29.9519 sec
Elapsed time for experts 12.4897 sec
Elapsed time for households 11.2687 sec
Iteration 98
Elapsed time for kappa 30.0182 sec
Elapsed time for experts 13.2223 sec
Elapsed time for households 10.5055 sec
Iteration 99
Elapsed time for kappa 29.8502 sec
Elapsed time for experts 12.1019 sec
Elapsed time for households 10.8481 sec
Iteration 100
Elapsed time for kappa 29.4129 sec
Elapsed time for experts 12.6235 sec
Elapsed time for households 11.1667 sec
Iteration 101
Elapsed time for kappa 36.9584 sec
Elapsed time for experts 13.1074 sec
Elapsed time for households 11.5016 sec
Iteration 102
Elapsed time for kappa 30.2109 sec
Elapsed time for experts 12.7461 sec
Elapsed time for households 11.2583 sec
Iteration 103
Elapsed time for kappa 30.3247 sec
Elapsed time for experts 11.8263 sec
Elapsed time for households 11.1558 sec
Iteration 104
Elapsed time for kappa 29.9406 sec
Elapsed time for experts 11.6452 sec
Elapsed time for households 11.5601 sec
Iteration 105
Elapsed time for kappa 29.9035 sec
Elapsed time for experts 12.7709 sec
Elapsed time for households 9.7698 sec
Iteration 106
Elapsed time for kappa 30.3462 sec
Elapsed time for experts 12.4443 sec
Elapsed time for households 11.4167 sec
Iteration 107
Elapsed time for kappa 37.0621 sec
Elapsed time for experts 13.9430 sec
Elapsed time for households 11.6167 sec
Iteration 108
Elapsed time for kappa 30.4314 sec
Elapsed time for experts 13.0970 sec
Elapsed time for households 11.4629 sec
Iteration 109
Elapsed time for kappa 29.6327 sec
Elapsed time for experts 12.6389 sec
Elapsed time for households 11.3747 sec
Iteration 110
Elapsed time for kappa 30.1972 sec
Elapsed time for experts 12.6389 sec
Elapsed time for households 11.3641 sec
Iteration 111
Elapsed time for kappa 30.3617 sec
Elapsed time for experts 12.4931 sec
Elapsed time for households 10.6480 sec
Iteration 112
Elapsed time for kappa 30.0638 sec
Elapsed time for experts 12.5926 sec
Elapsed time for households 11.0485 sec
Iteration 113
Elapsed time for kappa 36.3364 sec
Elapsed time for experts 12.5433 sec
Elapsed time for households 11.6105 sec
Iteration 114
Elapsed time for kappa 30.2789 sec
Elapsed time for experts 12.8455 sec
Elapsed time for households 11.3066 sec
Iteration 115
Elapsed time for kappa 30.9657 sec
Elapsed time for experts 12.7969 sec
Elapsed time for households 10.9475 sec
Iteration 116
Elapsed time for kappa 30.5558 sec
Elapsed time for experts 12.8151 sec
Elapsed time for households 11.1159 sec
Iteration 117
Elapsed time for kappa 30.3948 sec
Elapsed time for experts 11.9024 sec
Elapsed time for households 11.2166 sec
Iteration 118
Elapsed time for kappa 29.9240 sec
Elapsed time for experts 12.6130 sec
Elapsed time for households 11.4720 sec
Iteration 119
Elapsed time for kappa 36.7485 sec
Elapsed time for experts 12.4860 sec
Elapsed time for households 11.8754 sec
Iteration 120
Elapsed time for kappa 30.5702 sec
Elapsed time for experts 10.9217 sec
Elapsed time for households 11.0999 sec
Iteration 121
Elapsed time for kappa 30.3997 sec
Elapsed time for experts 12.9446 sec
Elapsed time for households 11.0829 sec
Iteration 122
Elapsed time for kappa 30.0367 sec
Elapsed time for experts 13.0634 sec
Elapsed time for households 11.6890 sec
Iteration 123
Elapsed time for kappa 29.9208 sec
Elapsed time for experts 12.7561 sec
Elapsed time for households 11.6142 sec
Iteration 124
Elapsed time for kappa 30.4932 sec
Elapsed time for experts 12.8329 sec
Elapsed time for households 17.0033 sec
Iteration 125
Elapsed time for kappa 31.6823 sec
Elapsed time for experts 13.0978 sec
Elapsed time for households 10.6223 sec
Iteration 126
Elapsed time for kappa 32.7155 sec
Elapsed time for experts 13.9920 sec
Elapsed time for households 11.3537 sec
Iteration 127
Elapsed time for kappa 32.2147 sec
Elapsed time for experts 14.0001 sec
Elapsed time for households 12.5321 sec
Iteration 128
Elapsed time for kappa 32.0369 sec
Elapsed time for experts 13.9840 sec
Elapsed time for households 12.7237 sec
Iteration 129
Elapsed time for kappa 31.7982 sec
Elapsed time for experts 13.4206 sec
Elapsed time for households 12.4081 sec
Iteration 130
Elapsed time for kappa 32.5864 sec
Elapsed time for experts 13.9742 sec
Elapsed time for households 11.4838 sec
Iteration 131
Elapsed time for kappa 39.3798 sec
Elapsed time for experts 12.6000 sec
Elapsed time for households 12.2108 sec
Iteration 132
Elapsed time for kappa 32.8648 sec
Elapsed time for experts 13.9576 sec
Elapsed time for households 10.9065 sec
Iteration 133
Elapsed time for kappa 30.7024 sec
Elapsed time for experts 11.1793 sec
Elapsed time for households 9.6161 sec
Iteration 134
Elapsed time for kappa 30.2829 sec
Elapsed time for experts 12.8490 sec
Elapsed time for households 10.7672 sec
Iteration 135
Elapsed time for kappa 29.9021 sec
Elapsed time for experts 12.5843 sec
Elapsed time for households 11.6807 sec
Iteration 136
Elapsed time for kappa 32.7449 sec
Elapsed time for experts 12.3838 sec
Elapsed time for households 16.8684 sec
Iteration 137
Elapsed time for kappa 31.5803 sec
Elapsed time for experts 12.9621 sec
Elapsed time for households 11.6229 sec
Iteration 138
Elapsed time for kappa 30.3002 sec
Elapsed time for experts 13.1450 sec
Elapsed time for households 11.4744 sec
Iteration 139
Elapsed time for kappa 29.7506 sec
Elapsed time for experts 12.5163 sec
Elapsed time for households 11.3360 sec
Iteration 140
Elapsed time for kappa 30.0966 sec
Elapsed time for experts 12.5525 sec
Elapsed time for households 11.1981 sec
Iteration 141
Elapsed time for kappa 30.1068 sec
Elapsed time for experts 12.9266 sec
Elapsed time for households 11.5040 sec
Iteration 142
Elapsed time for kappa 30.0281 sec
Elapsed time for experts 19.5263 sec
Elapsed time for households 11.7962 sec
Iteration 143
Elapsed time for kappa 31.0784 sec
Elapsed time for experts 12.8833 sec
Elapsed time for households 11.6607 sec
Iteration 144
Elapsed time for kappa 30.8658 sec
Elapsed time for experts 12.7179 sec
Elapsed time for households 11.6226 sec
Iteration 145
Elapsed time for kappa 30.7533 sec
Elapsed time for experts 12.8708 sec
Elapsed time for households 10.4511 sec
Iteration 146
Elapsed time for kappa 30.0475 sec
Elapsed time for experts 12.6462 sec
Elapsed time for households 11.7704 sec
Iteration 147
Elapsed time for kappa 29.7520 sec
Elapsed time for experts 12.4852 sec
Elapsed time for households 11.6925 sec
Iteration 148
Elapsed time for kappa 30.1406 sec
Elapsed time for experts 19.1322 sec
Elapsed time for households 12.1648 sec
Iteration 149
Elapsed time for kappa 30.8757 sec
Elapsed time for experts 13.1403 sec
Elapsed time for households 11.7317 sec
Iteration 150
Elapsed time for kappa 30.2926 sec
Elapsed time for experts 12.8717 sec
Elapsed time for households 10.4005 sec
Iteration 151
Elapsed time for kappa 30.3406 sec
Elapsed time for experts 13.0155 sec
Elapsed time for households 10.8178 sec
Iteration 152
Elapsed time for kappa 32.2266 sec
Elapsed time for experts 12.7424 sec
Elapsed time for households 11.7581 sec
Iteration 153
Elapsed time for kappa 29.5686 sec
Elapsed time for experts 12.4137 sec
Elapsed time for households 10.8990 sec
Iteration 154
Elapsed time for kappa 30.4893 sec
Elapsed time for experts 19.1012 sec
Elapsed time for households 10.4842 sec
Iteration 155
Elapsed time for kappa 31.1937 sec
Elapsed time for experts 12.9804 sec
Elapsed time for households 11.5809 sec
Iteration 156
Elapsed time for kappa 31.5663 sec
Elapsed time for experts 14.0401 sec
Elapsed time for households 10.1979 sec
Iteration 157
Elapsed time for kappa 30.6752 sec
Elapsed time for experts 12.9825 sec
Elapsed time for households 10.3859 sec
Iteration 158
Elapsed time for kappa 30.2582 sec
Elapsed time for experts 12.6358 sec
Elapsed time for households 10.8999 sec
Iteration 159
Elapsed time for kappa 30.2225 sec
Elapsed time for experts 12.6015 sec
Elapsed time for households 9.3421 sec
Iteration 160
Elapsed time for kappa 37.3328 sec
Elapsed time for experts 13.3305 sec
Elapsed time for households 10.6677 sec
Iteration 161
Elapsed time for kappa 30.5323 sec
Elapsed time for experts 13.0430 sec
Elapsed time for households 10.3952 sec
Iteration 162
Elapsed time for kappa 30.4424 sec
Elapsed time for experts 13.1036 sec
Elapsed time for households 11.5558 sec
Iteration 163
Elapsed time for kappa 31.7960 sec
Elapsed time for experts 13.5910 sec
Elapsed time for households 12.4534 sec
Iteration 164
Elapsed time for kappa 32.1602 sec
Elapsed time for experts 13.7914 sec
Elapsed time for households 12.0802 sec
Iteration 165
Elapsed time for kappa 32.7700 sec
Elapsed time for experts 14.1430 sec
Elapsed time for households 10.2531 sec
Iteration 166
Elapsed time for kappa 39.8500 sec
Elapsed time for experts 14.6025 sec
Elapsed time for households 10.2114 sec
Iteration 167
Elapsed time for kappa 30.7617 sec
Elapsed time for experts 12.9706 sec
Elapsed time for households 10.1721 sec
Iteration 168
Elapsed time for kappa 29.9963 sec
Elapsed time for experts 12.8337 sec
Elapsed time for households 9.8195 sec
Iteration 169
Elapsed time for kappa 30.1435 sec
Elapsed time for experts 12.4614 sec
Elapsed time for households 10.0979 sec
Iteration 170
Elapsed time for kappa 29.5982 sec
Elapsed time for experts 12.8557 sec
Elapsed time for households 10.6006 sec
Iteration 171
Elapsed time for kappa 29.6030 sec
Elapsed time for experts 12.5549 sec
Elapsed time for households 9.4346 sec
Iteration 172
Elapsed time for kappa 37.2577 sec
Elapsed time for experts 13.1500 sec
Elapsed time for households 10.3314 sec
Iteration 173
Elapsed time for kappa 30.5654 sec
Elapsed time for experts 13.0542 sec
Elapsed time for households 9.7751 sec
Iteration 174
Elapsed time for kappa 30.1662 sec
Elapsed time for experts 12.7735 sec
Elapsed time for households 9.6782 sec
Iteration 175
Elapsed time for kappa 29.7970 sec
Elapsed time for experts 12.7586 sec
Elapsed time for households 11.4019 sec
Iteration 176
Elapsed time for kappa 29.9922 sec
Elapsed time for experts 12.5441 sec
Elapsed time for households 10.7119 sec
Iteration 177
Elapsed time for kappa 30.2141 sec
Elapsed time for experts 12.5772 sec
Elapsed time for households 11.0035 sec
Iteration 178
Elapsed time for kappa 37.1042 sec
Elapsed time for experts 12.9841 sec
Elapsed time for households 9.7962 sec
Iteration 179
Elapsed time for kappa 30.5951 sec
Elapsed time for experts 13.0246 sec
Elapsed time for households 10.8624 sec
Iteration 180
Elapsed time for kappa 29.9695 sec
Elapsed time for experts 12.7949 sec
Elapsed time for households 11.4666 sec
Iteration 181
Elapsed time for kappa 30.0363 sec
Elapsed time for experts 12.3556 sec
Elapsed time for households 10.3354 sec
Iteration 182
Elapsed time for kappa 30.1466 sec
Elapsed time for experts 12.5669 sec
Elapsed time for households 11.2945 sec
Iteration 183
Elapsed time for kappa 30.1612 sec
Elapsed time for experts 12.9813 sec
Elapsed time for households 11.0418 sec
Iteration 184
Elapsed time for kappa 37.2390 sec
Elapsed time for experts 13.1150 sec
Elapsed time for households 12.0495 sec
Iteration 185
Elapsed time for kappa 30.9751 sec
Elapsed time for experts 13.0855 sec
Elapsed time for households 10.9725 sec
Iteration 186
Elapsed time for kappa 30.5224 sec
Elapsed time for experts 12.7007 sec
Elapsed time for households 11.3614 sec
Iteration 187
Elapsed time for kappa 30.5369 sec
Elapsed time for experts 14.0598 sec
Elapsed time for households 11.4816 sec
Iteration 188
Elapsed time for kappa 32.3594 sec
Elapsed time for experts 13.3435 sec
Elapsed time for households 11.7912 sec
Iteration 189
Elapsed time for kappa 30.0882 sec
Elapsed time for experts 12.6850 sec
Elapsed time for households 10.0693 sec
Iteration 190
Elapsed time for kappa 37.4739 sec
Elapsed time for experts 13.2693 sec
Elapsed time for households 10.2851 sec
Iteration 191
Elapsed time for kappa 31.1369 sec
Elapsed time for experts 12.7901 sec
Elapsed time for households 10.6208 sec
Iteration 192
Elapsed time for kappa 30.5584 sec
Elapsed time for experts 12.5666 sec
Elapsed time for households 11.3302 sec
Iteration 193
Elapsed time for kappa 30.2300 sec
Elapsed time for experts 12.2432 sec
Elapsed time for households 11.4899 sec
Iteration 194
Elapsed time for kappa 29.8683 sec
Elapsed time for experts 11.7080 sec
Elapsed time for households 9.9451 sec
Iteration 195
Elapsed time for kappa 29.8232 sec
Elapsed time for experts 11.3855 sec
Elapsed time for households 9.3796 sec
Iteration 196
Elapsed time for kappa 37.2182 sec
Elapsed time for experts 12.2983 sec
Elapsed time for households 10.6326 sec
Iteration 197
Elapsed time for kappa 30.4869 sec
Elapsed time for experts 12.5248 sec
Elapsed time for households 10.5101 sec
Iteration 198
Elapsed time for kappa 30.4457 sec
Elapsed time for experts 11.9298 sec
Elapsed time for households 9.7995 sec
Iteration 199
Elapsed time for kappa 30.5916 sec
Elapsed time for experts 12.0750 sec
Elapsed time for households 11.3848 sec
Elapsed time for training 11419.2872 sec
90000 90000 90000 90000
