Iteration 0
Elapsed time for kappa 70.7333 sec
Elapsed time for experts 23.3611 sec
Elapsed time for households 19.3091 sec
Iteration 1
Elapsed time for kappa 36.2828 sec
Elapsed time for experts 18.9775 sec
Elapsed time for households 11.1980 sec
Iteration 2
Elapsed time for kappa 33.4336 sec
Elapsed time for experts 18.0923 sec
Elapsed time for households 11.7957 sec
Iteration 3
Elapsed time for kappa 33.7772 sec
Elapsed time for experts 14.9310 sec
Elapsed time for households 11.2262 sec
Iteration 4
Elapsed time for kappa 34.1009 sec
Elapsed time for experts 13.5365 sec
Elapsed time for households 11.3052 sec
Iteration 5
Elapsed time for kappa 33.8167 sec
Elapsed time for experts 15.1948 sec
Elapsed time for households 14.9415 sec
Iteration 6
Elapsed time for kappa 36.4260 sec
Elapsed time for experts 19.0226 sec
Elapsed time for households 16.5383 sec
Iteration 7
Elapsed time for kappa 43.0838 sec
Elapsed time for experts 15.5081 sec
Elapsed time for households 15.2756 sec
Iteration 8
Elapsed time for kappa 33.3948 sec
Elapsed time for experts 12.6466 sec
Elapsed time for households 12.1984 sec
Iteration 9
Elapsed time for kappa 36.0220 sec
Elapsed time for experts 14.6934 sec
Elapsed time for households 11.7791 sec
Iteration 10
Elapsed time for kappa 36.3743 sec
Elapsed time for experts 15.2918 sec
Elapsed time for households 11.6399 sec
Iteration 11
Elapsed time for kappa 36.6936 sec
Elapsed time for experts 14.3729 sec
Elapsed time for households 11.6601 sec
Iteration 12
Elapsed time for kappa 36.3033 sec
Elapsed time for experts 14.7544 sec
Elapsed time for households 18.6204 sec
Iteration 13
Elapsed time for kappa 36.8967 sec
Elapsed time for experts 15.8902 sec
Elapsed time for households 11.9367 sec
Iteration 14
Elapsed time for kappa 36.6804 sec
Elapsed time for experts 13.8190 sec
Elapsed time for households 11.8687 sec
Iteration 15
Elapsed time for kappa 36.1770 sec
Elapsed time for experts 14.7148 sec
Elapsed time for households 11.9634 sec
Iteration 16
Elapsed time for kappa 35.9876 sec
Elapsed time for experts 14.6643 sec
Elapsed time for households 12.2287 sec
Iteration 17
Elapsed time for kappa 36.1157 sec
Elapsed time for experts 14.1978 sec
Elapsed time for households 12.2803 sec
Iteration 18
Elapsed time for kappa 36.7535 sec
Elapsed time for experts 15.0700 sec
Elapsed time for households 19.7260 sec
Iteration 19
Elapsed time for kappa 35.8129 sec
Elapsed time for experts 13.1558 sec
Elapsed time for households 11.1730 sec
Iteration 20
Elapsed time for kappa 32.8120 sec
Elapsed time for experts 12.3117 sec
Elapsed time for households 12.0604 sec
Iteration 21
Elapsed time for kappa 36.4245 sec
Elapsed time for experts 15.6614 sec
Elapsed time for households 11.7439 sec
Iteration 22
Elapsed time for kappa 36.6561 sec
Elapsed time for experts 14.6253 sec
Elapsed time for households 11.8358 sec
Iteration 23
Elapsed time for kappa 36.3703 sec
Elapsed time for experts 14.0636 sec
Elapsed time for households 11.7270 sec
Iteration 24
Elapsed time for kappa 36.2402 sec
Elapsed time for experts 22.1978 sec
Elapsed time for households 12.4153 sec
Iteration 25
Elapsed time for kappa 36.8584 sec
Elapsed time for experts 14.8003 sec
Elapsed time for households 11.9624 sec
Iteration 26
Elapsed time for kappa 36.9167 sec
Elapsed time for experts 14.4505 sec
Elapsed time for households 12.2298 sec
Iteration 27
Elapsed time for kappa 36.3409 sec
Elapsed time for experts 14.0670 sec
Elapsed time for households 12.1602 sec
Iteration 28
Elapsed time for kappa 35.9408 sec
Elapsed time for experts 15.0894 sec
Elapsed time for households 12.1842 sec
Iteration 29
Elapsed time for kappa 36.5700 sec
Elapsed time for experts 14.3332 sec
Elapsed time for households 11.7402 sec
Iteration 30
Elapsed time for kappa 36.4197 sec
Elapsed time for experts 21.5211 sec
Elapsed time for households 12.7537 sec
Iteration 31
Elapsed time for kappa 35.6513 sec
Elapsed time for experts 16.0951 sec
Elapsed time for households 11.0702 sec
Iteration 32
Elapsed time for kappa 35.7800 sec
Elapsed time for experts 15.4748 sec
Elapsed time for households 12.2644 sec
Iteration 33
Elapsed time for kappa 37.0883 sec
Elapsed time for experts 14.3099 sec
Elapsed time for households 12.1208 sec
Iteration 34
Elapsed time for kappa 36.3707 sec
Elapsed time for experts 14.0297 sec
Elapsed time for households 11.8649 sec
Iteration 35
Elapsed time for kappa 36.4334 sec
Elapsed time for experts 14.3572 sec
Elapsed time for households 11.7568 sec
Iteration 36
Elapsed time for kappa 36.0649 sec
Elapsed time for experts 21.3736 sec
Elapsed time for households 12.5719 sec
Iteration 37
Elapsed time for kappa 36.7150 sec
Elapsed time for experts 14.7295 sec
Elapsed time for households 11.9614 sec
Iteration 38
Elapsed time for kappa 36.6539 sec
Elapsed time for experts 14.4938 sec
Elapsed time for households 11.7332 sec
Iteration 39
Elapsed time for kappa 36.7770 sec
Elapsed time for experts 14.3813 sec
Elapsed time for households 11.9442 sec
Iteration 40
Elapsed time for kappa 36.4058 sec
Elapsed time for experts 13.7442 sec
Elapsed time for households 11.9230 sec
Iteration 41
Elapsed time for kappa 36.0960 sec
Elapsed time for experts 14.7684 sec
Elapsed time for households 11.5121 sec
Iteration 42
Elapsed time for kappa 42.0983 sec
Elapsed time for experts 14.3287 sec
Elapsed time for households 12.2961 sec
Iteration 43
Elapsed time for kappa 36.7397 sec
Elapsed time for experts 14.2884 sec
Elapsed time for households 12.1219 sec
Iteration 44
Elapsed time for kappa 36.3306 sec
Elapsed time for experts 14.1896 sec
Elapsed time for households 12.2168 sec
Iteration 45
Elapsed time for kappa 36.2606 sec
Elapsed time for experts 13.7386 sec
Elapsed time for households 11.6549 sec
Iteration 46
Elapsed time for kappa 36.1618 sec
Elapsed time for experts 13.5669 sec
Elapsed time for households 11.9086 sec
Iteration 47
Elapsed time for kappa 35.8717 sec
Elapsed time for experts 13.5226 sec
Elapsed time for households 12.2113 sec
Iteration 48
Elapsed time for kappa 44.7501 sec
Elapsed time for experts 14.9060 sec
Elapsed time for households 12.6895 sec
Iteration 49
Elapsed time for kappa 36.9800 sec
Elapsed time for experts 15.0563 sec
Elapsed time for households 12.1096 sec
Iteration 50
Elapsed time for kappa 36.6413 sec
Elapsed time for experts 13.9593 sec
Elapsed time for households 11.9274 sec
Iteration 51
Elapsed time for kappa 36.6970 sec
Elapsed time for experts 14.5935 sec
Elapsed time for households 11.6641 sec
Iteration 52
Elapsed time for kappa 36.3028 sec
Elapsed time for experts 13.9631 sec
Elapsed time for households 11.4303 sec
Iteration 53
Elapsed time for kappa 33.9138 sec
Elapsed time for experts 13.7440 sec
Elapsed time for households 12.7725 sec
Iteration 54
Elapsed time for kappa 45.0122 sec
Elapsed time for experts 15.1947 sec
Elapsed time for households 12.4268 sec
Iteration 55
Elapsed time for kappa 36.3935 sec
Elapsed time for experts 13.5608 sec
Elapsed time for households 12.0834 sec
Iteration 56
Elapsed time for kappa 36.4556 sec
Elapsed time for experts 13.6771 sec
Elapsed time for households 11.8811 sec
Iteration 57
Elapsed time for kappa 36.3174 sec
Elapsed time for experts 14.1052 sec
Elapsed time for households 12.0200 sec
Iteration 58
Elapsed time for kappa 36.3387 sec
Elapsed time for experts 14.7688 sec
Elapsed time for households 11.7139 sec
Iteration 59
Elapsed time for kappa 35.9040 sec
Elapsed time for experts 14.0769 sec
Elapsed time for households 11.8570 sec
Iteration 60
Elapsed time for kappa 44.2942 sec
Elapsed time for experts 15.4806 sec
Elapsed time for households 12.2732 sec
Iteration 61
Elapsed time for kappa 36.7220 sec
Elapsed time for experts 15.4346 sec
Elapsed time for households 12.1875 sec
Iteration 62
Elapsed time for kappa 36.5639 sec
Elapsed time for experts 14.7670 sec
Elapsed time for households 11.6615 sec
Iteration 63
Elapsed time for kappa 35.7198 sec
Elapsed time for experts 13.7652 sec
Elapsed time for households 11.2313 sec
Iteration 64
Elapsed time for kappa 32.7703 sec
Elapsed time for experts 14.1964 sec
Elapsed time for households 12.1044 sec
Iteration 65
Elapsed time for kappa 36.3709 sec
Elapsed time for experts 13.5033 sec
Elapsed time for households 18.7968 sec
Iteration 66
Elapsed time for kappa 37.5180 sec
Elapsed time for experts 14.1086 sec
Elapsed time for households 12.1029 sec
Iteration 67
Elapsed time for kappa 36.8594 sec
Elapsed time for experts 15.1464 sec
Elapsed time for households 12.2718 sec
Iteration 68
Elapsed time for kappa 36.2693 sec
Elapsed time for experts 14.8212 sec
Elapsed time for households 11.7499 sec
Iteration 69
Elapsed time for kappa 36.2195 sec
Elapsed time for experts 15.0704 sec
Elapsed time for households 11.6863 sec
Iteration 70
Elapsed time for kappa 35.9226 sec
Elapsed time for experts 13.5708 sec
Elapsed time for households 11.9366 sec
Iteration 71
Elapsed time for kappa 35.9745 sec
Elapsed time for experts 22.3675 sec
Elapsed time for households 12.7308 sec
Iteration 72
Elapsed time for kappa 36.6977 sec
Elapsed time for experts 13.6989 sec
Elapsed time for households 12.1451 sec
Iteration 73
Elapsed time for kappa 36.7797 sec
Elapsed time for experts 14.7868 sec
Elapsed time for households 11.7966 sec
Iteration 74
Elapsed time for kappa 35.1811 sec
Elapsed time for experts 14.9037 sec
Elapsed time for households 11.4297 sec
Iteration 75
Elapsed time for kappa 34.5626 sec
Elapsed time for experts 13.2813 sec
Elapsed time for households 11.7967 sec
Iteration 76
Elapsed time for kappa 36.1284 sec
Elapsed time for experts 14.0464 sec
Elapsed time for households 12.1813 sec
Iteration 77
Elapsed time for kappa 35.9866 sec
Elapsed time for experts 23.3503 sec
Elapsed time for households 13.1065 sec
Iteration 78
Elapsed time for kappa 36.8227 sec
Elapsed time for experts 14.3154 sec
Elapsed time for households 11.7723 sec
Iteration 79
Elapsed time for kappa 36.1403 sec
Elapsed time for experts 14.0442 sec
Elapsed time for households 11.9047 sec
Iteration 80
Elapsed time for kappa 35.9896 sec
Elapsed time for experts 13.7083 sec
Elapsed time for households 12.0851 sec
Iteration 81
Elapsed time for kappa 35.9897 sec
Elapsed time for experts 13.7989 sec
Elapsed time for households 12.2076 sec
Iteration 82
Elapsed time for kappa 36.1649 sec
Elapsed time for experts 13.3751 sec
Elapsed time for households 12.2116 sec
Iteration 83
Elapsed time for kappa 35.4612 sec
Elapsed time for experts 22.6618 sec
Elapsed time for households 12.4413 sec
Iteration 84
Elapsed time for kappa 37.1365 sec
Elapsed time for experts 17.6134 sec
Elapsed time for households 11.9361 sec
Iteration 85
Elapsed time for kappa 35.2008 sec
Elapsed time for experts 12.8781 sec
Elapsed time for households 11.4668 sec
Iteration 86
Elapsed time for kappa 34.5835 sec
Elapsed time for experts 12.9030 sec
Elapsed time for households 11.8760 sec
Iteration 87
Elapsed time for kappa 36.3770 sec
Elapsed time for experts 14.8056 sec
Elapsed time for households 11.9520 sec
Iteration 88
Elapsed time for kappa 36.1846 sec
Elapsed time for experts 13.5493 sec
Elapsed time for households 11.7161 sec
Iteration 89
Elapsed time for kappa 35.9472 sec
Elapsed time for experts 21.0959 sec
Elapsed time for households 12.5587 sec
Iteration 90
Elapsed time for kappa 37.3035 sec
Elapsed time for experts 14.8345 sec
Elapsed time for households 12.2909 sec
Iteration 91
Elapsed time for kappa 37.1047 sec
Elapsed time for experts 14.6602 sec
Elapsed time for households 11.9239 sec
Iteration 92
Elapsed time for kappa 37.4933 sec
Elapsed time for experts 14.3958 sec
Elapsed time for households 11.8569 sec
Iteration 93
Elapsed time for kappa 36.8901 sec
Elapsed time for experts 14.3126 sec
Elapsed time for households 11.6892 sec
Iteration 94
Elapsed time for kappa 36.6099 sec
Elapsed time for experts 13.8700 sec
Elapsed time for households 12.1627 sec
Iteration 95
Elapsed time for kappa 44.4375 sec
Elapsed time for experts 14.0272 sec
Elapsed time for households 11.9842 sec
Iteration 96
Elapsed time for kappa 36.3983 sec
Elapsed time for experts 14.4528 sec
Elapsed time for households 11.7579 sec
Iteration 97
Elapsed time for kappa 34.6959 sec
Elapsed time for experts 13.5456 sec
Elapsed time for households 11.4473 sec
Iteration 98
Elapsed time for kappa 36.1522 sec
Elapsed time for experts 13.6593 sec
Elapsed time for households 12.0900 sec
Iteration 99
Elapsed time for kappa 36.6102 sec
Elapsed time for experts 15.9114 sec
Elapsed time for households 11.8451 sec
Iteration 100
Elapsed time for kappa 35.7177 sec
Elapsed time for experts 14.5714 sec
Elapsed time for households 11.8488 sec
Iteration 101
Elapsed time for kappa 44.4849 sec
Elapsed time for experts 14.0575 sec
Elapsed time for households 12.1922 sec
Iteration 102
Elapsed time for kappa 36.5555 sec
Elapsed time for experts 16.2535 sec
Elapsed time for households 12.2563 sec
Iteration 103
Elapsed time for kappa 36.1758 sec
Elapsed time for experts 14.6664 sec
Elapsed time for households 11.8074 sec
Iteration 104
Elapsed time for kappa 36.0350 sec
Elapsed time for experts 15.8406 sec
Elapsed time for households 11.8200 sec
Iteration 105
Elapsed time for kappa 36.5473 sec
Elapsed time for experts 13.3357 sec
Elapsed time for households 11.8634 sec
Iteration 106
Elapsed time for kappa 36.0699 sec
Elapsed time for experts 13.5541 sec
Elapsed time for households 11.7471 sec
Iteration 107
Elapsed time for kappa 44.2922 sec
Elapsed time for experts 13.9582 sec
Elapsed time for households 14.2375 sec
Iteration 108
Elapsed time for kappa 34.6011 sec
Elapsed time for experts 13.2031 sec
Elapsed time for households 11.9707 sec
Iteration 109
Elapsed time for kappa 36.4502 sec
Elapsed time for experts 14.7850 sec
Elapsed time for households 11.7845 sec
Iteration 110
Elapsed time for kappa 36.1727 sec
Elapsed time for experts 13.8876 sec
Elapsed time for households 12.0782 sec
Iteration 111
Elapsed time for kappa 36.3474 sec
Elapsed time for experts 13.4903 sec
Elapsed time for households 11.7723 sec
Iteration 112
Elapsed time for kappa 35.9888 sec
Elapsed time for experts 14.9020 sec
Elapsed time for households 11.5976 sec
Iteration 113
Elapsed time for kappa 44.7531 sec
Elapsed time for experts 14.0591 sec
Elapsed time for households 12.1090 sec
Iteration 114
Elapsed time for kappa 36.1454 sec
Elapsed time for experts 15.3837 sec
Elapsed time for households 12.7794 sec
Iteration 115
Elapsed time for kappa 36.1825 sec
Elapsed time for experts 13.5691 sec
Elapsed time for households 11.9030 sec
Iteration 116
Elapsed time for kappa 36.3449 sec
Elapsed time for experts 15.4005 sec
Elapsed time for households 11.6648 sec
Iteration 117
Elapsed time for kappa 35.6575 sec
Elapsed time for experts 13.4371 sec
Elapsed time for households 11.8740 sec
Iteration 118
Elapsed time for kappa 36.0566 sec
Elapsed time for experts 14.8989 sec
Elapsed time for households 18.0579 sec
Iteration 119
Elapsed time for kappa 36.0283 sec
Elapsed time for experts 12.9387 sec
Elapsed time for households 10.9218 sec
Iteration 120
Elapsed time for kappa 35.6145 sec
Elapsed time for experts 13.6696 sec
Elapsed time for households 11.8550 sec
Iteration 121
Elapsed time for kappa 36.4129 sec
Elapsed time for experts 14.8340 sec
Elapsed time for households 11.7862 sec
Iteration 122
Elapsed time for kappa 36.5028 sec
Elapsed time for experts 14.8961 sec
Elapsed time for households 11.8007 sec
Iteration 123
Elapsed time for kappa 36.4286 sec
Elapsed time for experts 13.3912 sec
Elapsed time for households 11.8416 sec
Iteration 124
Elapsed time for kappa 35.5445 sec
Elapsed time for experts 14.2306 sec
Elapsed time for households 19.7213 sec
Iteration 125
Elapsed time for kappa 37.2476 sec
Elapsed time for experts 14.1542 sec
Elapsed time for households 11.9223 sec
Iteration 126
Elapsed time for kappa 36.9670 sec
Elapsed time for experts 13.9133 sec
Elapsed time for households 11.9744 sec
Iteration 127
Elapsed time for kappa 36.2388 sec
Elapsed time for experts 14.1000 sec
Elapsed time for households 12.1994 sec
Iteration 128
Elapsed time for kappa 36.2433 sec
Elapsed time for experts 13.9731 sec
Elapsed time for households 11.8432 sec
Iteration 129
Elapsed time for kappa 35.9255 sec
Elapsed time for experts 13.2966 sec
Elapsed time for households 11.5419 sec
Iteration 130
Elapsed time for kappa 34.8817 sec
Elapsed time for experts 13.8917 sec
Elapsed time for households 17.9777 sec
Iteration 131
Elapsed time for kappa 37.5647 sec
Elapsed time for experts 14.5011 sec
Elapsed time for households 13.2546 sec
Iteration 132
Elapsed time for kappa 36.7967 sec
Elapsed time for experts 14.8998 sec
Elapsed time for households 11.8413 sec
Iteration 133
Elapsed time for kappa 36.0362 sec
Elapsed time for experts 14.7417 sec
Elapsed time for households 11.9190 sec
Iteration 134
Elapsed time for kappa 36.2542 sec
Elapsed time for experts 14.4006 sec
Elapsed time for households 11.7732 sec
Iteration 135
Elapsed time for kappa 36.3516 sec
Elapsed time for experts 14.5899 sec
Elapsed time for households 11.5669 sec
Iteration 136
Elapsed time for kappa 36.2016 sec
Elapsed time for experts 22.0698 sec
Elapsed time for households 12.7445 sec
Iteration 137
Elapsed time for kappa 36.9002 sec
Elapsed time for experts 15.2766 sec
Elapsed time for households 12.4563 sec
Iteration 138
Elapsed time for kappa 36.5952 sec
Elapsed time for experts 14.3786 sec
Elapsed time for households 12.0226 sec
Iteration 139
Elapsed time for kappa 35.8555 sec
Elapsed time for experts 13.7731 sec
Elapsed time for households 11.9102 sec
Iteration 140
Elapsed time for kappa 35.6144 sec
Elapsed time for experts 13.3608 sec
Elapsed time for households 11.4346 sec
Iteration 141
Elapsed time for kappa 34.8243 sec
Elapsed time for experts 13.8053 sec
Elapsed time for households 10.8800 sec
Iteration 142
Elapsed time for kappa 32.2415 sec
Elapsed time for experts 22.2957 sec
Elapsed time for households 12.6576 sec
Iteration 143
Elapsed time for kappa 36.8092 sec
Elapsed time for experts 14.3064 sec
Elapsed time for households 11.4591 sec
Iteration 144
Elapsed time for kappa 34.0980 sec
Elapsed time for experts 13.1181 sec
Elapsed time for households 11.4073 sec
Iteration 145
Elapsed time for kappa 33.7554 sec
Elapsed time for experts 14.6090 sec
Elapsed time for households 11.5578 sec
Iteration 146
Elapsed time for kappa 33.8153 sec
Elapsed time for experts 13.3497 sec
Elapsed time for households 11.1949 sec
Iteration 147
Elapsed time for kappa 33.5950 sec
Elapsed time for experts 13.2263 sec
Elapsed time for households 10.9454 sec
Iteration 148
Elapsed time for kappa 33.6104 sec
Elapsed time for experts 21.2533 sec
Elapsed time for households 11.8752 sec
Iteration 149
Elapsed time for kappa 34.7140 sec
Elapsed time for experts 13.0428 sec
Elapsed time for households 11.7759 sec
Iteration 150
Elapsed time for kappa 33.9608 sec
Elapsed time for experts 14.6896 sec
Elapsed time for households 11.3974 sec
Iteration 151
Elapsed time for kappa 34.1955 sec
Elapsed time for experts 12.7324 sec
Elapsed time for households 11.1768 sec
Iteration 152
Elapsed time for kappa 33.9211 sec
Elapsed time for experts 14.5809 sec
Elapsed time for households 10.9817 sec
Iteration 153
Elapsed time for kappa 32.4901 sec
Elapsed time for experts 13.0563 sec
Elapsed time for households 10.7515 sec
Iteration 154
Elapsed time for kappa 33.8680 sec
Elapsed time for experts 19.8290 sec
Elapsed time for households 11.9870 sec
Iteration 155
Elapsed time for kappa 34.6347 sec
Elapsed time for experts 13.1032 sec
Elapsed time for households 11.7907 sec
Iteration 156
Elapsed time for kappa 34.1669 sec
Elapsed time for experts 14.2842 sec
Elapsed time for households 11.2830 sec
Iteration 157
Elapsed time for kappa 33.6584 sec
Elapsed time for experts 13.2517 sec
Elapsed time for households 11.3262 sec
Iteration 158
Elapsed time for kappa 33.4991 sec
Elapsed time for experts 13.3891 sec
Elapsed time for households 11.1292 sec
Iteration 159
Elapsed time for kappa 33.3804 sec
Elapsed time for experts 14.1411 sec
Elapsed time for households 11.1667 sec
Iteration 160
Elapsed time for kappa 41.5942 sec
Elapsed time for experts 13.8792 sec
Elapsed time for households 11.7872 sec
Iteration 161
Elapsed time for kappa 34.6136 sec
Elapsed time for experts 13.7236 sec
Elapsed time for households 11.4308 sec
Iteration 162
Elapsed time for kappa 33.9227 sec
Elapsed time for experts 14.0559 sec
Elapsed time for households 11.1842 sec
Iteration 163
Elapsed time for kappa 33.5989 sec
Elapsed time for experts 14.5003 sec
Elapsed time for households 11.0579 sec
Iteration 164
Elapsed time for kappa 32.9565 sec
Elapsed time for experts 12.5746 sec
Elapsed time for households 10.5528 sec
Iteration 165
Elapsed time for kappa 33.4337 sec
Elapsed time for experts 13.3506 sec
Elapsed time for households 10.9753 sec
Iteration 166
Elapsed time for kappa 41.3588 sec
Elapsed time for experts 14.7292 sec
Elapsed time for households 11.3400 sec
Iteration 167
Elapsed time for kappa 34.2147 sec
Elapsed time for experts 14.2261 sec
Elapsed time for households 11.3813 sec
Iteration 168
Elapsed time for kappa 34.5753 sec
Elapsed time for experts 13.0923 sec
Elapsed time for households 11.1554 sec
Iteration 169
Elapsed time for kappa 33.8055 sec
Elapsed time for experts 13.0716 sec
Elapsed time for households 11.2252 sec
Iteration 170
Elapsed time for kappa 33.4209 sec
Elapsed time for experts 13.3510 sec
Elapsed time for households 11.0792 sec
Iteration 171
Elapsed time for kappa 33.5845 sec
Elapsed time for experts 13.9157 sec
Elapsed time for households 10.8612 sec
Iteration 172
Elapsed time for kappa 41.5629 sec
Elapsed time for experts 13.7881 sec
Elapsed time for households 11.4658 sec
Iteration 173
Elapsed time for kappa 34.0878 sec
Elapsed time for experts 13.9627 sec
Elapsed time for households 11.3393 sec
Iteration 174
Elapsed time for kappa 33.7083 sec
Elapsed time for experts 12.5644 sec
Elapsed time for households 11.0334 sec
Iteration 175
Elapsed time for kappa 33.4193 sec
Elapsed time for experts 13.9246 sec
Elapsed time for households 11.4161 sec
Iteration 176
Elapsed time for kappa 33.4396 sec
Elapsed time for experts 12.6806 sec
Elapsed time for households 10.6008 sec
Iteration 177
Elapsed time for kappa 34.6914 sec
Elapsed time for experts 13.9682 sec
Elapsed time for households 11.5369 sec
Iteration 178
Elapsed time for kappa 44.7421 sec
Elapsed time for experts 15.7591 sec
Elapsed time for households 12.0150 sec
Iteration 179
Elapsed time for kappa 36.8860 sec
Elapsed time for experts 14.4346 sec
Elapsed time for households 12.2629 sec
Iteration 180
Elapsed time for kappa 36.2645 sec
Elapsed time for experts 14.1248 sec
Elapsed time for households 11.8838 sec
Iteration 181
Elapsed time for kappa 36.1151 sec
Elapsed time for experts 14.6368 sec
Elapsed time for households 11.6031 sec
Iteration 182
Elapsed time for kappa 35.9031 sec
Elapsed time for experts 14.6938 sec
Elapsed time for households 11.9784 sec
Iteration 183
Elapsed time for kappa 37.0372 sec
Elapsed time for experts 13.6188 sec
Elapsed time for households 19.7906 sec
Iteration 184
Elapsed time for kappa 38.9331 sec
Elapsed time for experts 15.3732 sec
Elapsed time for households 12.0685 sec
Iteration 185
Elapsed time for kappa 36.9089 sec
Elapsed time for experts 13.6139 sec
Elapsed time for households 12.9067 sec
Iteration 186
Elapsed time for kappa 36.8591 sec
Elapsed time for experts 14.2508 sec
Elapsed time for households 11.6481 sec
Iteration 187
Elapsed time for kappa 35.1216 sec
Elapsed time for experts 13.4055 sec
Elapsed time for households 11.0014 sec
Iteration 188
Elapsed time for kappa 36.2032 sec
Elapsed time for experts 13.9445 sec
Elapsed time for households 11.8027 sec
Iteration 189
Elapsed time for kappa 36.2451 sec
Elapsed time for experts 13.9125 sec
Elapsed time for households 19.7086 sec
Iteration 190
Elapsed time for kappa 37.5314 sec
Elapsed time for experts 14.4025 sec
Elapsed time for households 12.1612 sec
Iteration 191
Elapsed time for kappa 36.8077 sec
Elapsed time for experts 14.8850 sec
Elapsed time for households 12.0548 sec
Iteration 192
Elapsed time for kappa 36.6819 sec
Elapsed time for experts 14.1879 sec
Elapsed time for households 11.9748 sec
Iteration 193
Elapsed time for kappa 36.2963 sec
Elapsed time for experts 13.2651 sec
Elapsed time for households 11.4797 sec
Iteration 194
Elapsed time for kappa 36.6156 sec
Elapsed time for experts 13.7177 sec
Elapsed time for households 11.6750 sec
Iteration 195
Elapsed time for kappa 36.3011 sec
Elapsed time for experts 14.2561 sec
Elapsed time for households 19.5012 sec
Iteration 196
Elapsed time for kappa 37.6456 sec
Elapsed time for experts 13.6669 sec
Elapsed time for households 12.1758 sec
Iteration 197
Elapsed time for kappa 36.2288 sec
Elapsed time for experts 13.9230 sec
Elapsed time for households 11.3397 sec
Iteration 198
Elapsed time for kappa 33.6184 sec
Elapsed time for experts 13.2427 sec
Elapsed time for households 12.1285 sec
Iteration 199
Elapsed time for kappa 36.9248 sec
Elapsed time for experts 13.5991 sec
Elapsed time for households 11.9973 sec
Elapsed time for training 12691.0683 sec
90000 90000 90000 90000
