Iteration 0
Elapsed time for kappa 70.5954 sec
Elapsed time for experts 22.6140 sec
Elapsed time for households 18.2807 sec
Iteration 1
Elapsed time for kappa 37.9097 sec
Elapsed time for experts 17.5478 sec
Elapsed time for households 11.9343 sec
Iteration 2
Elapsed time for kappa 35.0078 sec
Elapsed time for experts 16.5858 sec
Elapsed time for households 15.1657 sec
Iteration 3
Elapsed time for kappa 35.0334 sec
Elapsed time for experts 16.9477 sec
Elapsed time for households 12.1722 sec
Iteration 4
Elapsed time for kappa 36.5525 sec
Elapsed time for experts 14.6661 sec
Elapsed time for households 15.1530 sec
Iteration 5
Elapsed time for kappa 35.3577 sec
Elapsed time for experts 14.9092 sec
Elapsed time for households 14.8166 sec
Iteration 6
Elapsed time for kappa 35.0619 sec
Elapsed time for experts 14.5163 sec
Elapsed time for households 12.0464 sec
Iteration 7
Elapsed time for kappa 43.1239 sec
Elapsed time for experts 16.2252 sec
Elapsed time for households 14.7066 sec
Iteration 8
Elapsed time for kappa 35.0987 sec
Elapsed time for experts 13.9112 sec
Elapsed time for households 11.0706 sec
Iteration 9
Elapsed time for kappa 34.9379 sec
Elapsed time for experts 16.0259 sec
Elapsed time for households 11.5926 sec
Iteration 10
Elapsed time for kappa 35.1458 sec
Elapsed time for experts 13.5565 sec
Elapsed time for households 11.6632 sec
Iteration 11
Elapsed time for kappa 34.9023 sec
Elapsed time for experts 13.0588 sec
Elapsed time for households 14.3222 sec
Iteration 12
Elapsed time for kappa 34.4776 sec
Elapsed time for experts 13.8388 sec
Elapsed time for households 18.4702 sec
Iteration 13
Elapsed time for kappa 35.3508 sec
Elapsed time for experts 14.4863 sec
Elapsed time for households 11.1500 sec
Iteration 14
Elapsed time for kappa 35.1768 sec
Elapsed time for experts 14.5542 sec
Elapsed time for households 11.8101 sec
Iteration 15
Elapsed time for kappa 35.0199 sec
Elapsed time for experts 13.7589 sec
Elapsed time for households 11.2924 sec
Iteration 16
Elapsed time for kappa 35.1256 sec
Elapsed time for experts 15.7492 sec
Elapsed time for households 11.0313 sec
Iteration 17
Elapsed time for kappa 34.5249 sec
Elapsed time for experts 13.6569 sec
Elapsed time for households 11.7018 sec
Iteration 18
Elapsed time for kappa 35.0538 sec
Elapsed time for experts 14.2870 sec
Elapsed time for households 19.7612 sec
Iteration 19
Elapsed time for kappa 36.3715 sec
Elapsed time for experts 14.2724 sec
Elapsed time for households 11.3646 sec
Iteration 20
Elapsed time for kappa 35.4393 sec
Elapsed time for experts 14.6470 sec
Elapsed time for households 14.7414 sec
Iteration 21
Elapsed time for kappa 35.7543 sec
Elapsed time for experts 14.1230 sec
Elapsed time for households 11.4751 sec
Iteration 22
Elapsed time for kappa 35.1831 sec
Elapsed time for experts 13.6171 sec
Elapsed time for households 11.8115 sec
Iteration 23
Elapsed time for kappa 35.3781 sec
Elapsed time for experts 13.5533 sec
Elapsed time for households 11.6452 sec
Iteration 24
Elapsed time for kappa 36.7214 sec
Elapsed time for experts 22.1215 sec
Elapsed time for households 12.0843 sec
Iteration 25
Elapsed time for kappa 36.6500 sec
Elapsed time for experts 13.5919 sec
Elapsed time for households 12.7727 sec
Iteration 26
Elapsed time for kappa 36.0000 sec
Elapsed time for experts 14.2142 sec
Elapsed time for households 11.8005 sec
Iteration 27
Elapsed time for kappa 35.9161 sec
Elapsed time for experts 13.7141 sec
Elapsed time for households 11.6030 sec
Iteration 28
Elapsed time for kappa 35.4123 sec
Elapsed time for experts 14.3405 sec
Elapsed time for households 11.3518 sec
Iteration 29
Elapsed time for kappa 35.7583 sec
Elapsed time for experts 12.7143 sec
Elapsed time for households 11.4601 sec
Iteration 30
Elapsed time for kappa 35.3834 sec
Elapsed time for experts 21.5530 sec
Elapsed time for households 12.7183 sec
Iteration 31
Elapsed time for kappa 35.8705 sec
Elapsed time for experts 14.8244 sec
Elapsed time for households 12.0464 sec
Iteration 32
Elapsed time for kappa 35.2499 sec
Elapsed time for experts 13.8118 sec
Elapsed time for households 11.9579 sec
Iteration 33
Elapsed time for kappa 35.7232 sec
Elapsed time for experts 14.1222 sec
Elapsed time for households 12.3181 sec
Iteration 34
Elapsed time for kappa 35.1894 sec
Elapsed time for experts 12.8893 sec
Elapsed time for households 11.7567 sec
Iteration 35
Elapsed time for kappa 34.8944 sec
Elapsed time for experts 12.7919 sec
Elapsed time for households 11.6448 sec
Iteration 36
Elapsed time for kappa 35.0545 sec
Elapsed time for experts 20.6790 sec
Elapsed time for households 12.4567 sec
Iteration 37
Elapsed time for kappa 34.8735 sec
Elapsed time for experts 12.9209 sec
Elapsed time for households 11.8507 sec
Iteration 38
Elapsed time for kappa 34.9311 sec
Elapsed time for experts 13.0394 sec
Elapsed time for households 12.2175 sec
Iteration 39
Elapsed time for kappa 34.4616 sec
Elapsed time for experts 12.9523 sec
Elapsed time for households 11.7967 sec
Iteration 40
Elapsed time for kappa 34.4160 sec
Elapsed time for experts 13.4634 sec
Elapsed time for households 11.8873 sec
Iteration 41
Elapsed time for kappa 34.4176 sec
Elapsed time for experts 13.5239 sec
Elapsed time for households 11.5467 sec
Iteration 42
Elapsed time for kappa 42.5930 sec
Elapsed time for experts 13.8385 sec
Elapsed time for households 11.7095 sec
Iteration 43
Elapsed time for kappa 34.8376 sec
Elapsed time for experts 13.1532 sec
Elapsed time for households 11.7473 sec
Iteration 44
Elapsed time for kappa 34.9310 sec
Elapsed time for experts 15.2659 sec
Elapsed time for households 11.3703 sec
Iteration 45
Elapsed time for kappa 34.9332 sec
Elapsed time for experts 14.7573 sec
Elapsed time for households 11.4544 sec
Iteration 46
Elapsed time for kappa 34.3628 sec
Elapsed time for experts 12.9280 sec
Elapsed time for households 11.4444 sec
Iteration 47
Elapsed time for kappa 34.0411 sec
Elapsed time for experts 13.3040 sec
Elapsed time for households 11.1590 sec
Iteration 48
Elapsed time for kappa 43.1829 sec
Elapsed time for experts 14.8677 sec
Elapsed time for households 11.2834 sec
Iteration 49
Elapsed time for kappa 34.8018 sec
Elapsed time for experts 13.9261 sec
Elapsed time for households 11.5872 sec
Iteration 50
Elapsed time for kappa 34.6182 sec
Elapsed time for experts 13.1175 sec
Elapsed time for households 11.0900 sec
Iteration 51
Elapsed time for kappa 34.4842 sec
Elapsed time for experts 13.8148 sec
Elapsed time for households 13.6947 sec
Iteration 52
Elapsed time for kappa 34.7982 sec
Elapsed time for experts 13.5110 sec
Elapsed time for households 11.0129 sec
Iteration 53
Elapsed time for kappa 34.8302 sec
Elapsed time for experts 13.0474 sec
Elapsed time for households 10.9818 sec
Iteration 54
Elapsed time for kappa 43.4426 sec
Elapsed time for experts 13.5839 sec
Elapsed time for households 11.4442 sec
Iteration 55
Elapsed time for kappa 35.3651 sec
Elapsed time for experts 13.4649 sec
Elapsed time for households 11.1260 sec
Iteration 56
Elapsed time for kappa 35.0514 sec
Elapsed time for experts 13.7670 sec
Elapsed time for households 11.4059 sec
Iteration 57
Elapsed time for kappa 34.4710 sec
Elapsed time for experts 13.3672 sec
Elapsed time for households 11.6376 sec
Iteration 58
Elapsed time for kappa 34.5101 sec
Elapsed time for experts 12.9204 sec
Elapsed time for households 11.0424 sec
Iteration 59
Elapsed time for kappa 34.8137 sec
Elapsed time for experts 13.9202 sec
Elapsed time for households 10.9438 sec
Iteration 60
Elapsed time for kappa 42.6185 sec
Elapsed time for experts 15.7774 sec
Elapsed time for households 11.1404 sec
Iteration 61
Elapsed time for kappa 35.0809 sec
Elapsed time for experts 14.9183 sec
Elapsed time for households 11.5369 sec
Iteration 62
Elapsed time for kappa 35.0149 sec
Elapsed time for experts 16.8022 sec
Elapsed time for households 11.5530 sec
Iteration 63
Elapsed time for kappa 35.2938 sec
Elapsed time for experts 14.5587 sec
Elapsed time for households 12.3716 sec
Iteration 64
Elapsed time for kappa 34.4902 sec
Elapsed time for experts 15.1635 sec
Elapsed time for households 11.2629 sec
Iteration 65
Elapsed time for kappa 34.6987 sec
Elapsed time for experts 13.1336 sec
Elapsed time for households 18.4133 sec
Iteration 66
Elapsed time for kappa 35.8491 sec
Elapsed time for experts 13.7645 sec
Elapsed time for households 12.9262 sec
Iteration 67
Elapsed time for kappa 35.0456 sec
Elapsed time for experts 12.9765 sec
Elapsed time for households 12.9819 sec
Iteration 68
Elapsed time for kappa 35.5015 sec
Elapsed time for experts 12.9707 sec
Elapsed time for households 11.2644 sec
Iteration 69
Elapsed time for kappa 35.3520 sec
Elapsed time for experts 13.4800 sec
Elapsed time for households 11.2199 sec
Iteration 70
Elapsed time for kappa 34.5422 sec
Elapsed time for experts 12.8937 sec
Elapsed time for households 12.0287 sec
Iteration 71
Elapsed time for kappa 34.2651 sec
Elapsed time for experts 21.3581 sec
Elapsed time for households 12.4391 sec
Iteration 72
Elapsed time for kappa 35.2465 sec
Elapsed time for experts 13.5377 sec
Elapsed time for households 12.1042 sec
Iteration 73
Elapsed time for kappa 34.9088 sec
Elapsed time for experts 13.4094 sec
Elapsed time for households 12.1283 sec
Iteration 74
Elapsed time for kappa 34.7325 sec
Elapsed time for experts 13.9510 sec
Elapsed time for households 12.1602 sec
Iteration 75
Elapsed time for kappa 34.6163 sec
Elapsed time for experts 13.1442 sec
Elapsed time for households 12.8390 sec
Iteration 76
Elapsed time for kappa 34.6235 sec
Elapsed time for experts 13.3848 sec
Elapsed time for households 12.2473 sec
Iteration 77
Elapsed time for kappa 34.6751 sec
Elapsed time for experts 21.1561 sec
Elapsed time for households 12.7395 sec
Iteration 78
Elapsed time for kappa 35.3553 sec
Elapsed time for experts 13.7457 sec
Elapsed time for households 11.7582 sec
Iteration 79
Elapsed time for kappa 34.9606 sec
Elapsed time for experts 13.3221 sec
Elapsed time for households 11.3868 sec
Iteration 80
Elapsed time for kappa 34.4281 sec
Elapsed time for experts 12.8981 sec
Elapsed time for households 11.8190 sec
Iteration 81
Elapsed time for kappa 34.3679 sec
Elapsed time for experts 13.2057 sec
Elapsed time for households 11.5308 sec
Iteration 82
Elapsed time for kappa 34.3100 sec
Elapsed time for experts 12.8774 sec
Elapsed time for households 11.2714 sec
Iteration 83
Elapsed time for kappa 33.8762 sec
Elapsed time for experts 20.5761 sec
Elapsed time for households 12.7965 sec
Iteration 84
Elapsed time for kappa 34.8325 sec
Elapsed time for experts 13.0717 sec
Elapsed time for households 11.8739 sec
Iteration 85
Elapsed time for kappa 35.3630 sec
Elapsed time for experts 13.3369 sec
Elapsed time for households 11.5187 sec
Iteration 86
Elapsed time for kappa 34.7016 sec
Elapsed time for experts 13.3459 sec
Elapsed time for households 11.4004 sec
Iteration 87
Elapsed time for kappa 34.6886 sec
Elapsed time for experts 13.1929 sec
Elapsed time for households 12.4187 sec
Iteration 88
Elapsed time for kappa 34.4758 sec
Elapsed time for experts 13.2128 sec
Elapsed time for households 11.5834 sec
Iteration 89
Elapsed time for kappa 34.5344 sec
Elapsed time for experts 20.6580 sec
Elapsed time for households 11.8900 sec
Iteration 90
Elapsed time for kappa 35.5889 sec
Elapsed time for experts 13.8168 sec
Elapsed time for households 11.8682 sec
Iteration 91
Elapsed time for kappa 34.8586 sec
Elapsed time for experts 13.5219 sec
Elapsed time for households 12.4684 sec
Iteration 92
Elapsed time for kappa 35.2246 sec
Elapsed time for experts 13.0160 sec
Elapsed time for households 11.4644 sec
Iteration 93
Elapsed time for kappa 34.8549 sec
Elapsed time for experts 14.2228 sec
Elapsed time for households 11.7348 sec
Iteration 94
Elapsed time for kappa 34.8295 sec
Elapsed time for experts 13.4362 sec
Elapsed time for households 11.9549 sec
Iteration 95
Elapsed time for kappa 42.8025 sec
Elapsed time for experts 13.7957 sec
Elapsed time for households 11.9297 sec
Iteration 96
Elapsed time for kappa 35.1326 sec
Elapsed time for experts 13.5741 sec
Elapsed time for households 11.4412 sec
Iteration 97
Elapsed time for kappa 34.8253 sec
Elapsed time for experts 13.4282 sec
Elapsed time for households 11.0494 sec
Iteration 98
Elapsed time for kappa 34.5963 sec
Elapsed time for experts 13.1591 sec
Elapsed time for households 11.0879 sec
Iteration 99
Elapsed time for kappa 34.6966 sec
Elapsed time for experts 13.6776 sec
Elapsed time for households 11.9452 sec
Iteration 100
Elapsed time for kappa 34.7439 sec
Elapsed time for experts 13.8507 sec
Elapsed time for households 11.9437 sec
Iteration 101
Elapsed time for kappa 43.4270 sec
Elapsed time for experts 14.1377 sec
Elapsed time for households 11.7731 sec
Iteration 102
Elapsed time for kappa 35.4642 sec
Elapsed time for experts 15.5568 sec
Elapsed time for households 11.5665 sec
Iteration 103
Elapsed time for kappa 35.2519 sec
Elapsed time for experts 14.2392 sec
Elapsed time for households 11.4484 sec
Iteration 104
Elapsed time for kappa 35.1909 sec
Elapsed time for experts 13.6767 sec
Elapsed time for households 11.1016 sec
Iteration 105
Elapsed time for kappa 34.8705 sec
Elapsed time for experts 13.1440 sec
Elapsed time for households 11.1705 sec
Iteration 106
Elapsed time for kappa 35.4177 sec
Elapsed time for experts 12.7448 sec
Elapsed time for households 11.7266 sec
Iteration 107
Elapsed time for kappa 43.2104 sec
Elapsed time for experts 14.3546 sec
Elapsed time for households 12.5060 sec
Iteration 108
Elapsed time for kappa 35.3701 sec
Elapsed time for experts 13.3292 sec
Elapsed time for households 11.5721 sec
Iteration 109
Elapsed time for kappa 34.7253 sec
Elapsed time for experts 12.8340 sec
Elapsed time for households 11.2670 sec
Iteration 110
Elapsed time for kappa 35.0893 sec
Elapsed time for experts 12.8999 sec
Elapsed time for households 11.3241 sec
Iteration 111
Elapsed time for kappa 34.3800 sec
Elapsed time for experts 12.8308 sec
Elapsed time for households 11.2893 sec
Iteration 112
Elapsed time for kappa 34.9811 sec
Elapsed time for experts 13.6487 sec
Elapsed time for households 12.1018 sec
Iteration 113
Elapsed time for kappa 43.4488 sec
Elapsed time for experts 13.5251 sec
Elapsed time for households 12.4664 sec
Iteration 114
Elapsed time for kappa 35.1318 sec
Elapsed time for experts 12.9770 sec
Elapsed time for households 12.3970 sec
Iteration 115
Elapsed time for kappa 34.9591 sec
Elapsed time for experts 12.9592 sec
Elapsed time for households 12.4723 sec
Iteration 116
Elapsed time for kappa 34.7480 sec
Elapsed time for experts 12.9357 sec
Elapsed time for households 12.5996 sec
Iteration 117
Elapsed time for kappa 34.6967 sec
Elapsed time for experts 13.1033 sec
Elapsed time for households 12.3053 sec
Iteration 118
Elapsed time for kappa 34.6728 sec
Elapsed time for experts 14.9608 sec
Elapsed time for households 19.3748 sec
Iteration 119
Elapsed time for kappa 36.0685 sec
Elapsed time for experts 13.4409 sec
Elapsed time for households 11.6914 sec
Iteration 120
Elapsed time for kappa 35.5215 sec
Elapsed time for experts 13.6210 sec
Elapsed time for households 12.0524 sec
Iteration 121
Elapsed time for kappa 35.8745 sec
Elapsed time for experts 14.7741 sec
Elapsed time for households 12.5863 sec
Iteration 122
Elapsed time for kappa 34.4684 sec
Elapsed time for experts 13.6503 sec
Elapsed time for households 11.9612 sec
Iteration 123
Elapsed time for kappa 35.0449 sec
Elapsed time for experts 12.7950 sec
Elapsed time for households 11.2360 sec
Iteration 124
Elapsed time for kappa 34.2435 sec
Elapsed time for experts 13.0314 sec
Elapsed time for households 19.6913 sec
Iteration 125
Elapsed time for kappa 35.9862 sec
Elapsed time for experts 14.7851 sec
Elapsed time for households 12.3721 sec
Iteration 126
Elapsed time for kappa 35.0637 sec
Elapsed time for experts 14.2782 sec
Elapsed time for households 11.8153 sec
Iteration 127
Elapsed time for kappa 34.8766 sec
Elapsed time for experts 14.0579 sec
Elapsed time for households 11.5795 sec
Iteration 128
Elapsed time for kappa 34.8289 sec
Elapsed time for experts 13.2846 sec
Elapsed time for households 11.6421 sec
Iteration 129
Elapsed time for kappa 34.6786 sec
Elapsed time for experts 13.0385 sec
Elapsed time for households 11.4307 sec
Iteration 130
Elapsed time for kappa 34.5912 sec
Elapsed time for experts 13.1904 sec
Elapsed time for households 19.9528 sec
Iteration 131
Elapsed time for kappa 36.4668 sec
Elapsed time for experts 13.9044 sec
Elapsed time for households 11.5315 sec
Iteration 132
Elapsed time for kappa 35.5488 sec
Elapsed time for experts 14.6439 sec
Elapsed time for households 11.0497 sec
Iteration 133
Elapsed time for kappa 35.3754 sec
Elapsed time for experts 13.2055 sec
Elapsed time for households 11.5339 sec
Iteration 134
Elapsed time for kappa 35.1334 sec
Elapsed time for experts 14.2924 sec
Elapsed time for households 10.9726 sec
Iteration 135
Elapsed time for kappa 34.7644 sec
Elapsed time for experts 13.0947 sec
Elapsed time for households 11.5612 sec
Iteration 136
Elapsed time for kappa 34.8860 sec
Elapsed time for experts 21.3966 sec
Elapsed time for households 12.0157 sec
Iteration 137
Elapsed time for kappa 36.0595 sec
Elapsed time for experts 13.1883 sec
Elapsed time for households 11.9886 sec
Iteration 138
Elapsed time for kappa 35.3639 sec
Elapsed time for experts 13.4675 sec
Elapsed time for households 11.8641 sec
Iteration 139
Elapsed time for kappa 35.4914 sec
Elapsed time for experts 12.7224 sec
Elapsed time for households 11.7740 sec
Iteration 140
Elapsed time for kappa 35.3712 sec
Elapsed time for experts 12.7650 sec
Elapsed time for households 10.9776 sec
Iteration 141
Elapsed time for kappa 34.8015 sec
Elapsed time for experts 13.2049 sec
Elapsed time for households 11.9615 sec
Iteration 142
Elapsed time for kappa 35.1836 sec
Elapsed time for experts 21.5077 sec
Elapsed time for households 11.7125 sec
Iteration 143
Elapsed time for kappa 36.3969 sec
Elapsed time for experts 13.6965 sec
Elapsed time for households 11.6817 sec
Iteration 144
Elapsed time for kappa 35.7694 sec
Elapsed time for experts 12.9130 sec
Elapsed time for households 11.6954 sec
Iteration 145
Elapsed time for kappa 35.6743 sec
Elapsed time for experts 14.4098 sec
Elapsed time for households 11.3474 sec
Iteration 146
Elapsed time for kappa 35.3023 sec
Elapsed time for experts 14.5835 sec
Elapsed time for households 11.3381 sec
Iteration 147
Elapsed time for kappa 35.2104 sec
Elapsed time for experts 12.6394 sec
Elapsed time for households 11.0319 sec
Iteration 148
Elapsed time for kappa 35.1882 sec
Elapsed time for experts 22.1341 sec
Elapsed time for households 12.6633 sec
Iteration 149
Elapsed time for kappa 35.2610 sec
Elapsed time for experts 13.6265 sec
Elapsed time for households 12.3516 sec
Iteration 150
Elapsed time for kappa 35.9513 sec
Elapsed time for experts 13.7688 sec
Elapsed time for households 11.9482 sec
Iteration 151
Elapsed time for kappa 35.1061 sec
Elapsed time for experts 12.8279 sec
Elapsed time for households 11.8926 sec
Iteration 152
Elapsed time for kappa 35.4049 sec
Elapsed time for experts 13.1275 sec
Elapsed time for households 11.8952 sec
Iteration 153
Elapsed time for kappa 34.6652 sec
Elapsed time for experts 12.7423 sec
Elapsed time for households 11.1135 sec
Iteration 154
Elapsed time for kappa 35.0750 sec
Elapsed time for experts 21.2642 sec
Elapsed time for households 12.1390 sec
Iteration 155
Elapsed time for kappa 36.1419 sec
Elapsed time for experts 13.4038 sec
Elapsed time for households 12.1579 sec
Iteration 156
Elapsed time for kappa 35.5376 sec
Elapsed time for experts 13.8968 sec
Elapsed time for households 11.7795 sec
Iteration 157
Elapsed time for kappa 34.7966 sec
Elapsed time for experts 13.0378 sec
Elapsed time for households 11.7029 sec
Iteration 158
Elapsed time for kappa 34.7006 sec
Elapsed time for experts 13.2290 sec
Elapsed time for households 11.5595 sec
Iteration 159
Elapsed time for kappa 34.9098 sec
Elapsed time for experts 13.3368 sec
Elapsed time for households 11.3015 sec
Iteration 160
Elapsed time for kappa 43.8346 sec
Elapsed time for experts 13.8570 sec
Elapsed time for households 11.8579 sec
Iteration 161
Elapsed time for kappa 35.4919 sec
Elapsed time for experts 13.5044 sec
Elapsed time for households 12.0860 sec
Iteration 162
Elapsed time for kappa 35.3055 sec
Elapsed time for experts 13.7775 sec
Elapsed time for households 11.7200 sec
Iteration 163
Elapsed time for kappa 34.5539 sec
Elapsed time for experts 13.6433 sec
Elapsed time for households 11.6463 sec
Iteration 164
Elapsed time for kappa 34.7121 sec
Elapsed time for experts 13.2359 sec
Elapsed time for households 12.1647 sec
Iteration 165
Elapsed time for kappa 34.5844 sec
Elapsed time for experts 12.9540 sec
Elapsed time for households 11.7785 sec
Iteration 166
Elapsed time for kappa 43.6533 sec
Elapsed time for experts 14.2711 sec
Elapsed time for households 12.8552 sec
Iteration 167
Elapsed time for kappa 35.3114 sec
Elapsed time for experts 13.6548 sec
Elapsed time for households 11.6196 sec
Iteration 168
Elapsed time for kappa 35.3566 sec
Elapsed time for experts 13.1606 sec
Elapsed time for households 12.0235 sec
Iteration 169
Elapsed time for kappa 35.2172 sec
Elapsed time for experts 13.1881 sec
Elapsed time for households 11.7628 sec
Iteration 170
Elapsed time for kappa 34.7086 sec
Elapsed time for experts 13.3843 sec
Elapsed time for households 11.5413 sec
Iteration 171
Elapsed time for kappa 34.5076 sec
Elapsed time for experts 13.4218 sec
Elapsed time for households 11.5121 sec
Iteration 172
Elapsed time for kappa 43.6189 sec
Elapsed time for experts 13.9375 sec
Elapsed time for households 11.4052 sec
Iteration 173
Elapsed time for kappa 35.4547 sec
Elapsed time for experts 13.4228 sec
Elapsed time for households 11.0556 sec
Iteration 174
Elapsed time for kappa 35.3119 sec
Elapsed time for experts 13.0207 sec
Elapsed time for households 11.5665 sec
Iteration 175
Elapsed time for kappa 34.4332 sec
Elapsed time for experts 13.1897 sec
Elapsed time for households 11.7314 sec
Iteration 176
Elapsed time for kappa 34.4975 sec
Elapsed time for experts 13.2674 sec
Elapsed time for households 11.1738 sec
Iteration 177
Elapsed time for kappa 34.3556 sec
Elapsed time for experts 13.6502 sec
Elapsed time for households 10.9767 sec
Iteration 178
Elapsed time for kappa 42.5625 sec
Elapsed time for experts 14.1943 sec
Elapsed time for households 11.2392 sec
Iteration 179
Elapsed time for kappa 35.8810 sec
Elapsed time for experts 13.3094 sec
Elapsed time for households 11.1777 sec
Iteration 180
Elapsed time for kappa 35.4113 sec
Elapsed time for experts 13.8203 sec
Elapsed time for households 11.1027 sec
Iteration 181
Elapsed time for kappa 35.3000 sec
Elapsed time for experts 13.2877 sec
Elapsed time for households 11.2867 sec
Iteration 182
Elapsed time for kappa 34.7666 sec
Elapsed time for experts 13.9651 sec
Elapsed time for households 11.0761 sec
Iteration 183
Elapsed time for kappa 35.1281 sec
Elapsed time for experts 13.1582 sec
Elapsed time for households 17.9332 sec
Iteration 184
Elapsed time for kappa 35.7533 sec
Elapsed time for experts 13.2787 sec
Elapsed time for households 11.5444 sec
Iteration 185
Elapsed time for kappa 36.1321 sec
Elapsed time for experts 13.8604 sec
Elapsed time for households 10.8024 sec
Iteration 186
Elapsed time for kappa 34.8723 sec
Elapsed time for experts 13.9681 sec
Elapsed time for households 12.7205 sec
Iteration 187
Elapsed time for kappa 36.5367 sec
Elapsed time for experts 14.3917 sec
Elapsed time for households 12.0605 sec
Iteration 188
Elapsed time for kappa 33.9143 sec
Elapsed time for experts 13.7379 sec
Elapsed time for households 9.9483 sec
Iteration 189
Elapsed time for kappa 32.0225 sec
Elapsed time for experts 11.3995 sec
Elapsed time for households 17.8901 sec
Iteration 190
Elapsed time for kappa 32.6030 sec
Elapsed time for experts 12.6754 sec
Elapsed time for households 10.3387 sec
Iteration 191
Elapsed time for kappa 32.4655 sec
Elapsed time for experts 12.1631 sec
Elapsed time for households 10.0720 sec
Iteration 192
Elapsed time for kappa 32.0124 sec
Elapsed time for experts 12.3327 sec
Elapsed time for households 9.9852 sec
Iteration 193
Elapsed time for kappa 31.9094 sec
Elapsed time for experts 12.4068 sec
Elapsed time for households 9.8799 sec
Iteration 194
Elapsed time for kappa 31.7585 sec
Elapsed time for experts 11.3459 sec
Elapsed time for households 9.8809 sec
Iteration 195
Elapsed time for kappa 31.9468 sec
Elapsed time for experts 11.8935 sec
Elapsed time for households 17.4983 sec
Iteration 196
Elapsed time for kappa 32.7403 sec
Elapsed time for experts 11.9432 sec
Elapsed time for households 10.9158 sec
Iteration 197
Elapsed time for kappa 32.3060 sec
Elapsed time for experts 11.6058 sec
Elapsed time for households 10.2295 sec
Iteration 198
Elapsed time for kappa 32.4770 sec
Elapsed time for experts 11.5306 sec
Elapsed time for households 10.5220 sec
Iteration 199
Elapsed time for kappa 32.3620 sec
Elapsed time for experts 11.9098 sec
Elapsed time for households 10.0570 sec
Elapsed time for training 12378.8711 sec
90000 90000 90000 90000
