Iteration 0
Elapsed time for kappa 73.2454 sec
Elapsed time for experts 21.2539 sec
Elapsed time for households 16.8514 sec
Iteration 1
Elapsed time for kappa 34.8624 sec
Elapsed time for experts 16.5540 sec
Elapsed time for households 14.5346 sec
Iteration 2
Elapsed time for kappa 34.5759 sec
Elapsed time for experts 15.8749 sec
Elapsed time for households 14.2687 sec
Iteration 3
Elapsed time for kappa 32.4378 sec
Elapsed time for experts 15.6137 sec
Elapsed time for households 14.5467 sec
Iteration 4
Elapsed time for kappa 32.5755 sec
Elapsed time for experts 12.6438 sec
Elapsed time for households 14.3730 sec
Iteration 5
Elapsed time for kappa 32.5710 sec
Elapsed time for experts 12.5998 sec
Elapsed time for households 14.4221 sec
Iteration 6
Elapsed time for kappa 32.2755 sec
Elapsed time for experts 12.8679 sec
Elapsed time for households 14.3340 sec
Iteration 7
Elapsed time for kappa 39.0576 sec
Elapsed time for experts 15.6212 sec
Elapsed time for households 14.4817 sec
Iteration 8
Elapsed time for kappa 32.5411 sec
Elapsed time for experts 14.3482 sec
Elapsed time for households 11.8048 sec
Iteration 9
Elapsed time for kappa 32.4711 sec
Elapsed time for experts 13.6270 sec
Elapsed time for households 14.4926 sec
Iteration 10
Elapsed time for kappa 32.6445 sec
Elapsed time for experts 13.0469 sec
Elapsed time for households 14.2038 sec
Iteration 11
Elapsed time for kappa 32.8063 sec
Elapsed time for experts 12.6196 sec
Elapsed time for households 14.2024 sec
Iteration 12
Elapsed time for kappa 32.2236 sec
Elapsed time for experts 14.1885 sec
Elapsed time for households 16.8891 sec
Iteration 13
Elapsed time for kappa 33.3648 sec
Elapsed time for experts 15.6564 sec
Elapsed time for households 13.6660 sec
Iteration 14
Elapsed time for kappa 32.8486 sec
Elapsed time for experts 12.1324 sec
Elapsed time for households 13.9916 sec
Iteration 15
Elapsed time for kappa 32.5378 sec
Elapsed time for experts 13.3869 sec
Elapsed time for households 13.0057 sec
Iteration 16
Elapsed time for kappa 32.3833 sec
Elapsed time for experts 12.6218 sec
Elapsed time for households 10.4991 sec
Iteration 17
Elapsed time for kappa 32.3339 sec
Elapsed time for experts 14.5033 sec
Elapsed time for households 11.3970 sec
Iteration 18
Elapsed time for kappa 32.4882 sec
Elapsed time for experts 13.0293 sec
Elapsed time for households 19.9781 sec
Iteration 19
Elapsed time for kappa 33.3951 sec
Elapsed time for experts 14.7564 sec
Elapsed time for households 13.3676 sec
Iteration 20
Elapsed time for kappa 32.7995 sec
Elapsed time for experts 12.6893 sec
Elapsed time for households 12.6821 sec
Iteration 21
Elapsed time for kappa 32.4171 sec
Elapsed time for experts 12.6308 sec
Elapsed time for households 10.7541 sec
Iteration 22
Elapsed time for kappa 32.3414 sec
Elapsed time for experts 12.5886 sec
Elapsed time for households 10.5125 sec
Iteration 23
Elapsed time for kappa 32.1739 sec
Elapsed time for experts 12.5993 sec
Elapsed time for households 11.3218 sec
Iteration 24
Elapsed time for kappa 32.2802 sec
Elapsed time for experts 21.0217 sec
Elapsed time for households 11.1658 sec
Iteration 25
Elapsed time for kappa 32.8019 sec
Elapsed time for experts 12.6590 sec
Elapsed time for households 10.6079 sec
Iteration 26
Elapsed time for kappa 32.6156 sec
Elapsed time for experts 13.3161 sec
Elapsed time for households 10.4905 sec
Iteration 27
Elapsed time for kappa 32.4480 sec
Elapsed time for experts 12.3238 sec
Elapsed time for households 12.6768 sec
Iteration 28
Elapsed time for kappa 32.2949 sec
Elapsed time for experts 13.0278 sec
Elapsed time for households 12.8004 sec
Iteration 29
Elapsed time for kappa 32.2611 sec
Elapsed time for experts 13.1111 sec
Elapsed time for households 12.7172 sec
Iteration 30
Elapsed time for kappa 32.0405 sec
Elapsed time for experts 18.1382 sec
Elapsed time for households 12.2754 sec
Iteration 31
Elapsed time for kappa 32.4659 sec
Elapsed time for experts 13.2006 sec
Elapsed time for households 10.8018 sec
Iteration 32
Elapsed time for kappa 32.3490 sec
Elapsed time for experts 13.3623 sec
Elapsed time for households 10.7155 sec
Iteration 33
Elapsed time for kappa 32.2247 sec
Elapsed time for experts 12.0606 sec
Elapsed time for households 10.4030 sec
Iteration 34
Elapsed time for kappa 31.8466 sec
Elapsed time for experts 12.0644 sec
Elapsed time for households 10.6266 sec
Iteration 35
Elapsed time for kappa 31.7354 sec
Elapsed time for experts 13.0700 sec
Elapsed time for households 11.7663 sec
Iteration 36
Elapsed time for kappa 31.9699 sec
Elapsed time for experts 18.0855 sec
Elapsed time for households 11.6646 sec
Iteration 37
Elapsed time for kappa 32.2563 sec
Elapsed time for experts 12.8320 sec
Elapsed time for households 10.7206 sec
Iteration 38
Elapsed time for kappa 31.9524 sec
Elapsed time for experts 12.2653 sec
Elapsed time for households 10.5045 sec
Iteration 39
Elapsed time for kappa 32.0265 sec
Elapsed time for experts 12.3537 sec
Elapsed time for households 11.2021 sec
Iteration 40
Elapsed time for kappa 31.5499 sec
Elapsed time for experts 12.3532 sec
Elapsed time for households 10.4070 sec
Iteration 41
Elapsed time for kappa 31.8225 sec
Elapsed time for experts 12.1965 sec
Elapsed time for households 10.6764 sec
Iteration 42
Elapsed time for kappa 37.6721 sec
Elapsed time for experts 12.2316 sec
Elapsed time for households 11.9040 sec
Iteration 43
Elapsed time for kappa 31.8311 sec
Elapsed time for experts 12.7109 sec
Elapsed time for households 11.1499 sec
Iteration 44
Elapsed time for kappa 32.1101 sec
Elapsed time for experts 13.2226 sec
Elapsed time for households 11.6414 sec
Iteration 45
Elapsed time for kappa 31.6407 sec
Elapsed time for experts 12.6334 sec
Elapsed time for households 10.5942 sec
Iteration 46
Elapsed time for kappa 31.3870 sec
Elapsed time for experts 12.6364 sec
Elapsed time for households 10.9625 sec
Iteration 47
Elapsed time for kappa 31.7080 sec
Elapsed time for experts 13.3007 sec
Elapsed time for households 12.2380 sec
Iteration 48
Elapsed time for kappa 37.3022 sec
Elapsed time for experts 12.7831 sec
Elapsed time for households 10.3413 sec
Iteration 49
Elapsed time for kappa 31.7115 sec
Elapsed time for experts 12.8993 sec
Elapsed time for households 10.6484 sec
Iteration 50
Elapsed time for kappa 32.0480 sec
Elapsed time for experts 12.6332 sec
Elapsed time for households 10.5394 sec
Iteration 51
Elapsed time for kappa 31.4976 sec
Elapsed time for experts 12.0345 sec
Elapsed time for households 10.2147 sec
Iteration 52
Elapsed time for kappa 31.6774 sec
Elapsed time for experts 12.2723 sec
Elapsed time for households 10.1719 sec
Iteration 53
Elapsed time for kappa 31.7027 sec
Elapsed time for experts 12.1933 sec
Elapsed time for households 10.3843 sec
Iteration 54
Elapsed time for kappa 37.4910 sec
Elapsed time for experts 12.8539 sec
Elapsed time for households 12.1732 sec
Iteration 55
Elapsed time for kappa 31.4947 sec
Elapsed time for experts 12.2711 sec
Elapsed time for households 10.5532 sec
Iteration 56
Elapsed time for kappa 31.5916 sec
Elapsed time for experts 12.3614 sec
Elapsed time for households 13.7796 sec
Iteration 57
Elapsed time for kappa 31.5684 sec
Elapsed time for experts 12.3042 sec
Elapsed time for households 12.7183 sec
Iteration 58
Elapsed time for kappa 31.2054 sec
Elapsed time for experts 12.8631 sec
Elapsed time for households 13.2710 sec
Iteration 59
Elapsed time for kappa 31.6780 sec
Elapsed time for experts 12.4409 sec
Elapsed time for households 10.2785 sec
Iteration 60
Elapsed time for kappa 36.7425 sec
Elapsed time for experts 12.4764 sec
Elapsed time for households 11.4689 sec
Iteration 61
Elapsed time for kappa 31.6034 sec
Elapsed time for experts 12.5087 sec
Elapsed time for households 10.5694 sec
Iteration 62
Elapsed time for kappa 31.5626 sec
Elapsed time for experts 12.3816 sec
Elapsed time for households 10.4852 sec
Iteration 63
Elapsed time for kappa 31.3100 sec
Elapsed time for experts 13.4036 sec
Elapsed time for households 13.0927 sec
Iteration 64
Elapsed time for kappa 31.4226 sec
Elapsed time for experts 11.6998 sec
Elapsed time for households 12.6194 sec
Iteration 65
Elapsed time for kappa 31.3186 sec
Elapsed time for experts 11.9196 sec
Elapsed time for households 18.7786 sec
Iteration 66
Elapsed time for kappa 31.8400 sec
Elapsed time for experts 12.0065 sec
Elapsed time for households 10.7115 sec
Iteration 67
Elapsed time for kappa 31.5565 sec
Elapsed time for experts 13.6821 sec
Elapsed time for households 10.3632 sec
Iteration 68
Elapsed time for kappa 31.6070 sec
Elapsed time for experts 12.8303 sec
Elapsed time for households 10.3450 sec
Iteration 69
Elapsed time for kappa 31.3780 sec
Elapsed time for experts 12.3116 sec
Elapsed time for households 10.3930 sec
Iteration 70
Elapsed time for kappa 31.6979 sec
Elapsed time for experts 12.1167 sec
Elapsed time for households 10.5173 sec
Iteration 71
Elapsed time for kappa 32.1015 sec
Elapsed time for experts 18.6243 sec
Elapsed time for households 12.2340 sec
Iteration 72
Elapsed time for kappa 31.8869 sec
Elapsed time for experts 12.4373 sec
Elapsed time for households 10.7703 sec
Iteration 73
Elapsed time for kappa 31.6931 sec
Elapsed time for experts 11.8662 sec
Elapsed time for households 11.4565 sec
Iteration 74
Elapsed time for kappa 31.9519 sec
Elapsed time for experts 12.6066 sec
Elapsed time for households 11.6314 sec
Iteration 75
Elapsed time for kappa 31.6146 sec
Elapsed time for experts 11.7813 sec
Elapsed time for households 10.4021 sec
Iteration 76
Elapsed time for kappa 31.3140 sec
Elapsed time for experts 13.8938 sec
Elapsed time for households 13.4492 sec
Iteration 77
Elapsed time for kappa 31.3503 sec
Elapsed time for experts 17.8566 sec
Elapsed time for households 11.4776 sec
Iteration 78
Elapsed time for kappa 33.0614 sec
Elapsed time for experts 11.9534 sec
Elapsed time for households 12.9148 sec
Iteration 79
Elapsed time for kappa 32.0593 sec
Elapsed time for experts 13.1960 sec
Elapsed time for households 10.6237 sec
Iteration 80
Elapsed time for kappa 31.4262 sec
Elapsed time for experts 13.0270 sec
Elapsed time for households 10.5440 sec
Iteration 81
Elapsed time for kappa 31.5722 sec
Elapsed time for experts 12.3390 sec
Elapsed time for households 10.5423 sec
Iteration 82
Elapsed time for kappa 31.4771 sec
Elapsed time for experts 12.0361 sec
Elapsed time for households 10.4205 sec
Iteration 83
Elapsed time for kappa 31.6958 sec
Elapsed time for experts 18.0563 sec
Elapsed time for households 11.2208 sec
Iteration 84
Elapsed time for kappa 32.2588 sec
Elapsed time for experts 12.0927 sec
Elapsed time for households 10.4373 sec
Iteration 85
Elapsed time for kappa 32.3117 sec
Elapsed time for experts 13.8151 sec
Elapsed time for households 12.1783 sec
Iteration 86
Elapsed time for kappa 31.5129 sec
Elapsed time for experts 12.7795 sec
Elapsed time for households 10.4795 sec
Iteration 87
Elapsed time for kappa 31.8920 sec
Elapsed time for experts 12.6805 sec
Elapsed time for households 11.0524 sec
Iteration 88
Elapsed time for kappa 31.2353 sec
Elapsed time for experts 12.9897 sec
Elapsed time for households 10.5406 sec
Iteration 89
Elapsed time for kappa 31.6147 sec
Elapsed time for experts 18.0711 sec
Elapsed time for households 10.7316 sec
Iteration 90
Elapsed time for kappa 31.8755 sec
Elapsed time for experts 12.0231 sec
Elapsed time for households 10.6628 sec
Iteration 91
Elapsed time for kappa 31.6355 sec
Elapsed time for experts 11.9481 sec
Elapsed time for households 12.0536 sec
Iteration 92
Elapsed time for kappa 31.6153 sec
Elapsed time for experts 12.4908 sec
Elapsed time for households 11.1648 sec
Iteration 93
Elapsed time for kappa 31.3688 sec
Elapsed time for experts 11.6208 sec
Elapsed time for households 10.7702 sec
Iteration 94
Elapsed time for kappa 31.4419 sec
Elapsed time for experts 12.9446 sec
Elapsed time for households 10.1962 sec
Iteration 95
Elapsed time for kappa 37.4523 sec
Elapsed time for experts 12.5265 sec
Elapsed time for households 10.6436 sec
Iteration 96
Elapsed time for kappa 31.8547 sec
Elapsed time for experts 13.0200 sec
Elapsed time for households 12.3763 sec
Iteration 97
Elapsed time for kappa 31.4419 sec
Elapsed time for experts 12.7003 sec
Elapsed time for households 11.1875 sec
Iteration 98
Elapsed time for kappa 31.3915 sec
Elapsed time for experts 12.7058 sec
Elapsed time for households 10.5745 sec
Iteration 99
Elapsed time for kappa 31.5070 sec
Elapsed time for experts 11.8995 sec
Elapsed time for households 10.3337 sec
Iteration 100
Elapsed time for kappa 31.7181 sec
Elapsed time for experts 11.6876 sec
Elapsed time for households 10.3090 sec
Iteration 101
Elapsed time for kappa 37.9795 sec
Elapsed time for experts 12.0070 sec
Elapsed time for households 11.5080 sec
Iteration 102
Elapsed time for kappa 31.8194 sec
Elapsed time for experts 12.7654 sec
Elapsed time for households 11.5083 sec
Iteration 103
Elapsed time for kappa 31.7434 sec
Elapsed time for experts 12.8685 sec
Elapsed time for households 11.1628 sec
Iteration 104
Elapsed time for kappa 31.9487 sec
Elapsed time for experts 12.0797 sec
Elapsed time for households 10.5495 sec
Iteration 105
Elapsed time for kappa 31.9738 sec
Elapsed time for experts 12.2302 sec
Elapsed time for households 10.5060 sec
Iteration 106
Elapsed time for kappa 31.6325 sec
Elapsed time for experts 12.3082 sec
Elapsed time for households 10.5648 sec
Iteration 107
Elapsed time for kappa 37.9537 sec
Elapsed time for experts 12.2675 sec
Elapsed time for households 10.6031 sec
Iteration 108
Elapsed time for kappa 32.0752 sec
Elapsed time for experts 12.4939 sec
Elapsed time for households 10.4085 sec
Iteration 109
Elapsed time for kappa 31.8276 sec
Elapsed time for experts 12.4505 sec
Elapsed time for households 10.5851 sec
Iteration 110
Elapsed time for kappa 31.7707 sec
Elapsed time for experts 13.0844 sec
Elapsed time for households 10.5788 sec
Iteration 111
Elapsed time for kappa 31.6791 sec
Elapsed time for experts 12.2645 sec
Elapsed time for households 10.3259 sec
Iteration 112
Elapsed time for kappa 31.6016 sec
Elapsed time for experts 12.5957 sec
Elapsed time for households 10.2835 sec
Iteration 113
Elapsed time for kappa 37.6234 sec
Elapsed time for experts 12.6679 sec
Elapsed time for households 10.5365 sec
Iteration 114
Elapsed time for kappa 31.8722 sec
Elapsed time for experts 12.6766 sec
Elapsed time for households 10.6333 sec
Iteration 115
Elapsed time for kappa 31.5086 sec
Elapsed time for experts 12.0098 sec
Elapsed time for households 10.6219 sec
Iteration 116
Elapsed time for kappa 31.7011 sec
Elapsed time for experts 12.3705 sec
Elapsed time for households 10.4464 sec
Iteration 117
Elapsed time for kappa 31.5078 sec
Elapsed time for experts 12.4185 sec
Elapsed time for households 10.2915 sec
Iteration 118
Elapsed time for kappa 31.4040 sec
Elapsed time for experts 12.1003 sec
Elapsed time for households 15.7749 sec
Iteration 119
Elapsed time for kappa 32.2610 sec
Elapsed time for experts 12.6575 sec
Elapsed time for households 11.0386 sec
Iteration 120
Elapsed time for kappa 31.7076 sec
Elapsed time for experts 12.4992 sec
Elapsed time for households 10.9207 sec
Iteration 121
Elapsed time for kappa 31.7409 sec
Elapsed time for experts 11.7946 sec
Elapsed time for households 10.3258 sec
Iteration 122
Elapsed time for kappa 31.3591 sec
Elapsed time for experts 11.8614 sec
Elapsed time for households 10.3154 sec
Iteration 123
Elapsed time for kappa 31.6822 sec
Elapsed time for experts 12.8564 sec
Elapsed time for households 11.1329 sec
Iteration 124
Elapsed time for kappa 32.0016 sec
Elapsed time for experts 12.3674 sec
Elapsed time for households 16.4191 sec
Iteration 125
Elapsed time for kappa 32.6052 sec
Elapsed time for experts 12.3673 sec
Elapsed time for households 11.5616 sec
Iteration 126
Elapsed time for kappa 32.3202 sec
Elapsed time for experts 12.9270 sec
Elapsed time for households 11.5574 sec
Iteration 127
Elapsed time for kappa 31.9705 sec
Elapsed time for experts 12.2691 sec
Elapsed time for households 11.4103 sec
Iteration 128
Elapsed time for kappa 31.8306 sec
Elapsed time for experts 12.0618 sec
Elapsed time for households 10.2207 sec
Iteration 129
Elapsed time for kappa 31.7427 sec
Elapsed time for experts 11.6456 sec
Elapsed time for households 10.2814 sec
Iteration 130
Elapsed time for kappa 31.4541 sec
Elapsed time for experts 12.2259 sec
Elapsed time for households 16.9701 sec
Iteration 131
Elapsed time for kappa 32.4604 sec
Elapsed time for experts 12.3642 sec
Elapsed time for households 10.7553 sec
Iteration 132
Elapsed time for kappa 31.9552 sec
Elapsed time for experts 12.1793 sec
Elapsed time for households 10.4656 sec
Iteration 133
Elapsed time for kappa 32.0953 sec
Elapsed time for experts 12.8296 sec
Elapsed time for households 11.2870 sec
Iteration 134
Elapsed time for kappa 31.3154 sec
Elapsed time for experts 12.7125 sec
Elapsed time for households 10.6518 sec
Iteration 135
Elapsed time for kappa 31.7023 sec
Elapsed time for experts 11.9953 sec
Elapsed time for households 10.2716 sec
Iteration 136
Elapsed time for kappa 31.5704 sec
Elapsed time for experts 18.0049 sec
Elapsed time for households 11.6928 sec
Iteration 137
Elapsed time for kappa 32.5625 sec
Elapsed time for experts 12.3215 sec
Elapsed time for households 11.2739 sec
Iteration 138
Elapsed time for kappa 32.0716 sec
Elapsed time for experts 12.9259 sec
Elapsed time for households 10.4415 sec
Iteration 139
Elapsed time for kappa 31.7636 sec
Elapsed time for experts 11.9102 sec
Elapsed time for households 10.6452 sec
Iteration 140
Elapsed time for kappa 31.6422 sec
Elapsed time for experts 11.7710 sec
Elapsed time for households 11.4522 sec
Iteration 141
Elapsed time for kappa 31.4954 sec
Elapsed time for experts 12.3976 sec
Elapsed time for households 11.5554 sec
Iteration 142
Elapsed time for kappa 31.5149 sec
Elapsed time for experts 19.3141 sec
Elapsed time for households 10.9129 sec
Iteration 143
Elapsed time for kappa 32.1712 sec
Elapsed time for experts 12.1645 sec
Elapsed time for households 10.7152 sec
Iteration 144
Elapsed time for kappa 31.6903 sec
Elapsed time for experts 12.2532 sec
Elapsed time for households 11.5722 sec
Iteration 145
Elapsed time for kappa 31.6791 sec
Elapsed time for experts 13.8297 sec
Elapsed time for households 12.0772 sec
Iteration 146
Elapsed time for kappa 31.3438 sec
Elapsed time for experts 12.2367 sec
Elapsed time for households 12.2390 sec
Iteration 147
Elapsed time for kappa 31.6084 sec
Elapsed time for experts 14.6303 sec
Elapsed time for households 10.5065 sec
Iteration 148
Elapsed time for kappa 31.5503 sec
Elapsed time for experts 18.9354 sec
Elapsed time for households 11.3153 sec
Iteration 149
Elapsed time for kappa 32.1271 sec
Elapsed time for experts 13.2840 sec
Elapsed time for households 11.3461 sec
Iteration 150
Elapsed time for kappa 31.9522 sec
Elapsed time for experts 12.2782 sec
Elapsed time for households 10.5452 sec
Iteration 151
Elapsed time for kappa 31.6407 sec
Elapsed time for experts 12.7848 sec
Elapsed time for households 10.3190 sec
Iteration 152
Elapsed time for kappa 31.8398 sec
Elapsed time for experts 11.8355 sec
Elapsed time for households 10.5591 sec
Iteration 153
Elapsed time for kappa 31.4322 sec
Elapsed time for experts 13.1484 sec
Elapsed time for households 11.2736 sec
Iteration 154
Elapsed time for kappa 31.4561 sec
Elapsed time for experts 19.0924 sec
Elapsed time for households 11.1575 sec
Iteration 155
Elapsed time for kappa 32.4018 sec
Elapsed time for experts 12.9538 sec
Elapsed time for households 10.8550 sec
Iteration 156
Elapsed time for kappa 32.0384 sec
Elapsed time for experts 12.8535 sec
Elapsed time for households 10.6334 sec
Iteration 157
Elapsed time for kappa 31.8595 sec
Elapsed time for experts 12.2056 sec
Elapsed time for households 10.7691 sec
Iteration 158
Elapsed time for kappa 31.8261 sec
Elapsed time for experts 12.1924 sec
Elapsed time for households 10.5275 sec
Iteration 159
Elapsed time for kappa 31.5797 sec
Elapsed time for experts 12.1615 sec
Elapsed time for households 10.2773 sec
Iteration 160
Elapsed time for kappa 37.8302 sec
Elapsed time for experts 13.1963 sec
Elapsed time for households 11.3088 sec
Iteration 161
Elapsed time for kappa 32.3522 sec
Elapsed time for experts 12.5921 sec
Elapsed time for households 11.2896 sec
Iteration 162
Elapsed time for kappa 31.8935 sec
Elapsed time for experts 13.2762 sec
Elapsed time for households 11.0085 sec
Iteration 163
Elapsed time for kappa 31.5669 sec
Elapsed time for experts 12.1708 sec
Elapsed time for households 10.5618 sec
Iteration 164
Elapsed time for kappa 31.6919 sec
Elapsed time for experts 13.2404 sec
Elapsed time for households 10.3571 sec
Iteration 165
Elapsed time for kappa 31.1548 sec
Elapsed time for experts 11.7906 sec
Elapsed time for households 10.3950 sec
Iteration 166
Elapsed time for kappa 37.5991 sec
Elapsed time for experts 13.0425 sec
Elapsed time for households 10.5527 sec
Iteration 167
Elapsed time for kappa 32.3215 sec
Elapsed time for experts 12.5659 sec
Elapsed time for households 10.7539 sec
Iteration 168
Elapsed time for kappa 31.6768 sec
Elapsed time for experts 12.0438 sec
Elapsed time for households 10.6653 sec
Iteration 169
Elapsed time for kappa 31.6772 sec
Elapsed time for experts 12.6969 sec
Elapsed time for households 13.9801 sec
Iteration 170
Elapsed time for kappa 31.3055 sec
Elapsed time for experts 12.8928 sec
Elapsed time for households 12.6632 sec
Iteration 171
Elapsed time for kappa 31.4206 sec
Elapsed time for experts 12.7991 sec
Elapsed time for households 10.5659 sec
Iteration 172
Elapsed time for kappa 37.7136 sec
Elapsed time for experts 13.3160 sec
Elapsed time for households 10.8638 sec
Iteration 173
Elapsed time for kappa 32.2964 sec
Elapsed time for experts 12.5937 sec
Elapsed time for households 12.1478 sec
Iteration 174
Elapsed time for kappa 32.1194 sec
Elapsed time for experts 12.3569 sec
Elapsed time for households 10.5864 sec
Iteration 175
Elapsed time for kappa 31.7304 sec
Elapsed time for experts 12.7570 sec
Elapsed time for households 10.6078 sec
Iteration 176
Elapsed time for kappa 31.5006 sec
Elapsed time for experts 12.6370 sec
Elapsed time for households 11.6494 sec
Iteration 177
Elapsed time for kappa 31.5537 sec
Elapsed time for experts 12.8522 sec
Elapsed time for households 10.2769 sec
Iteration 178
Elapsed time for kappa 37.9379 sec
Elapsed time for experts 13.3447 sec
Elapsed time for households 11.9215 sec
Iteration 179
Elapsed time for kappa 31.7852 sec
Elapsed time for experts 12.6699 sec
Elapsed time for households 10.5475 sec
Iteration 180
Elapsed time for kappa 31.7345 sec
Elapsed time for experts 11.8868 sec
Elapsed time for households 10.4034 sec
Iteration 181
Elapsed time for kappa 31.7539 sec
Elapsed time for experts 11.8244 sec
Elapsed time for households 11.6009 sec
Iteration 182
Elapsed time for kappa 31.6287 sec
Elapsed time for experts 11.8441 sec
Elapsed time for households 10.3513 sec
Iteration 183
Elapsed time for kappa 31.6940 sec
Elapsed time for experts 12.1507 sec
Elapsed time for households 15.8926 sec
Iteration 184
Elapsed time for kappa 32.3161 sec
Elapsed time for experts 12.7909 sec
Elapsed time for households 11.3124 sec
Iteration 185
Elapsed time for kappa 32.3532 sec
Elapsed time for experts 12.8445 sec
Elapsed time for households 10.4408 sec
Iteration 186
Elapsed time for kappa 31.8723 sec
Elapsed time for experts 12.1686 sec
Elapsed time for households 10.5248 sec
Iteration 187
Elapsed time for kappa 31.8353 sec
Elapsed time for experts 12.2810 sec
Elapsed time for households 10.4489 sec
Iteration 188
Elapsed time for kappa 31.4835 sec
Elapsed time for experts 12.3546 sec
Elapsed time for households 10.2130 sec
Iteration 189
Elapsed time for kappa 32.7443 sec
Elapsed time for experts 12.2274 sec
Elapsed time for households 20.5281 sec
Iteration 190
Elapsed time for kappa 32.8123 sec
Elapsed time for experts 12.7319 sec
Elapsed time for households 13.0817 sec
Iteration 191
Elapsed time for kappa 32.3227 sec
Elapsed time for experts 12.3658 sec
Elapsed time for households 10.6671 sec
Iteration 192
Elapsed time for kappa 31.9705 sec
Elapsed time for experts 12.3232 sec
Elapsed time for households 10.6815 sec
Iteration 193
Elapsed time for kappa 31.6618 sec
Elapsed time for experts 12.4217 sec
Elapsed time for households 10.3860 sec
Iteration 194
Elapsed time for kappa 32.4057 sec
Elapsed time for experts 11.6983 sec
Elapsed time for households 10.2880 sec
Iteration 195
Elapsed time for kappa 31.8277 sec
Elapsed time for experts 11.6575 sec
Elapsed time for households 16.5905 sec
Iteration 196
Elapsed time for kappa 32.9636 sec
Elapsed time for experts 12.9249 sec
Elapsed time for households 10.8492 sec
Iteration 197
Elapsed time for kappa 31.9999 sec
Elapsed time for experts 12.3621 sec
Elapsed time for households 10.6865 sec
Iteration 198
Elapsed time for kappa 32.2304 sec
Elapsed time for experts 12.5872 sec
Elapsed time for households 11.0242 sec
Iteration 199
Elapsed time for kappa 31.7638 sec
Elapsed time for experts 12.4649 sec
Elapsed time for households 10.3106 sec
Elapsed time for training 11435.9716 sec
