Iteration 0
Elapsed time for kappa 73.8303 sec
Elapsed time for experts 25.8808 sec
Elapsed time for households 20.4307 sec
Iteration 1
Elapsed time for kappa 42.7222 sec
Elapsed time for experts 20.7068 sec
Elapsed time for households 18.1685 sec
Iteration 2
Elapsed time for kappa 38.4657 sec
Elapsed time for experts 17.8850 sec
Elapsed time for households 13.4615 sec
Iteration 3
Elapsed time for kappa 38.4132 sec
Elapsed time for experts 18.6923 sec
Elapsed time for households 17.3036 sec
Iteration 4
Elapsed time for kappa 38.9318 sec
Elapsed time for experts 15.3284 sec
Elapsed time for households 13.3796 sec
Iteration 5
Elapsed time for kappa 37.8777 sec
Elapsed time for experts 16.2309 sec
Elapsed time for households 16.8932 sec
Iteration 6
Elapsed time for kappa 38.1263 sec
Elapsed time for experts 16.6443 sec
Elapsed time for households 13.1599 sec
Iteration 7
Elapsed time for kappa 47.1786 sec
Elapsed time for experts 17.1693 sec
Elapsed time for households 13.0694 sec
Iteration 8
Elapsed time for kappa 38.0308 sec
Elapsed time for experts 17.3295 sec
Elapsed time for households 14.9176 sec
Iteration 9
Elapsed time for kappa 38.2806 sec
Elapsed time for experts 16.1665 sec
Elapsed time for households 13.5999 sec
Iteration 10
Elapsed time for kappa 38.1386 sec
Elapsed time for experts 16.2975 sec
Elapsed time for households 14.0789 sec
Iteration 11
Elapsed time for kappa 37.9852 sec
Elapsed time for experts 15.0033 sec
Elapsed time for households 12.4692 sec
Iteration 12
Elapsed time for kappa 37.5671 sec
Elapsed time for experts 14.6716 sec
Elapsed time for households 22.5171 sec
Iteration 13
Elapsed time for kappa 37.1071 sec
Elapsed time for experts 14.1770 sec
Elapsed time for households 11.4136 sec
Iteration 14
Elapsed time for kappa 37.3220 sec
Elapsed time for experts 14.4605 sec
Elapsed time for households 11.5056 sec
Iteration 15
Elapsed time for kappa 36.4744 sec
Elapsed time for experts 13.5485 sec
Elapsed time for households 11.6569 sec
Iteration 16
Elapsed time for kappa 36.7991 sec
Elapsed time for experts 13.6027 sec
Elapsed time for households 13.1312 sec
Iteration 17
Elapsed time for kappa 37.2490 sec
Elapsed time for experts 13.4499 sec
Elapsed time for households 12.4825 sec
Iteration 18
Elapsed time for kappa 34.9872 sec
Elapsed time for experts 13.6203 sec
Elapsed time for households 20.1351 sec
Iteration 19
Elapsed time for kappa 35.1093 sec
Elapsed time for experts 13.7282 sec
Elapsed time for households 11.6025 sec
Iteration 20
Elapsed time for kappa 34.9871 sec
Elapsed time for experts 13.9039 sec
Elapsed time for households 11.6719 sec
Iteration 21
Elapsed time for kappa 35.9447 sec
Elapsed time for experts 14.6493 sec
Elapsed time for households 11.6089 sec
Iteration 22
Elapsed time for kappa 35.9025 sec
Elapsed time for experts 14.2226 sec
Elapsed time for households 11.2774 sec
Iteration 23
Elapsed time for kappa 35.3678 sec
Elapsed time for experts 13.3872 sec
Elapsed time for households 11.1745 sec
Iteration 24
Elapsed time for kappa 35.3025 sec
Elapsed time for experts 21.2905 sec
Elapsed time for households 11.8817 sec
Iteration 25
Elapsed time for kappa 35.1092 sec
Elapsed time for experts 13.9034 sec
Elapsed time for households 11.6569 sec
Iteration 26
Elapsed time for kappa 35.4405 sec
Elapsed time for experts 14.5979 sec
Elapsed time for households 11.8517 sec
Iteration 27
Elapsed time for kappa 41.3567 sec
Elapsed time for experts 15.9784 sec
Elapsed time for households 13.5723 sec
Iteration 28
Elapsed time for kappa 40.5284 sec
Elapsed time for experts 16.3732 sec
Elapsed time for households 13.6327 sec
Iteration 29
Elapsed time for kappa 45.8963 sec
Elapsed time for experts 15.7853 sec
Elapsed time for households 14.5758 sec
Iteration 30
Elapsed time for kappa 46.7760 sec
Elapsed time for experts 23.2011 sec
Elapsed time for households 14.4327 sec
Iteration 31
Elapsed time for kappa 36.9182 sec
Elapsed time for experts 13.8860 sec
Elapsed time for households 11.6178 sec
Iteration 32
Elapsed time for kappa 36.0075 sec
Elapsed time for experts 13.6756 sec
Elapsed time for households 11.6032 sec
Iteration 33
Elapsed time for kappa 38.3878 sec
Elapsed time for experts 13.5499 sec
Elapsed time for households 11.5151 sec
Iteration 34
Elapsed time for kappa 36.9409 sec
Elapsed time for experts 14.4817 sec
Elapsed time for households 12.1743 sec
Iteration 35
Elapsed time for kappa 37.2035 sec
Elapsed time for experts 13.9561 sec
Elapsed time for households 11.8878 sec
Iteration 36
Elapsed time for kappa 36.8808 sec
Elapsed time for experts 25.3669 sec
Elapsed time for households 15.5614 sec
Iteration 37
Elapsed time for kappa 36.3762 sec
Elapsed time for experts 13.8124 sec
Elapsed time for households 11.4042 sec
Iteration 38
Elapsed time for kappa 34.4590 sec
Elapsed time for experts 13.0859 sec
Elapsed time for households 11.2424 sec
Iteration 39
Elapsed time for kappa 33.8542 sec
Elapsed time for experts 12.3107 sec
Elapsed time for households 11.0613 sec
Iteration 40
Elapsed time for kappa 33.4744 sec
Elapsed time for experts 13.0837 sec
Elapsed time for households 11.0243 sec
Iteration 41
Elapsed time for kappa 34.2455 sec
Elapsed time for experts 14.1325 sec
Elapsed time for households 11.2593 sec
Iteration 42
Elapsed time for kappa 39.7959 sec
Elapsed time for experts 14.9265 sec
Elapsed time for households 11.3619 sec
Iteration 43
Elapsed time for kappa 33.4717 sec
Elapsed time for experts 13.4494 sec
Elapsed time for households 11.5949 sec
Iteration 44
Elapsed time for kappa 33.3535 sec
Elapsed time for experts 13.2524 sec
Elapsed time for households 11.3233 sec
Iteration 45
Elapsed time for kappa 33.5940 sec
Elapsed time for experts 13.3362 sec
Elapsed time for households 11.1913 sec
Iteration 46
Elapsed time for kappa 33.0895 sec
Elapsed time for experts 13.9137 sec
Elapsed time for households 11.1831 sec
Iteration 47
Elapsed time for kappa 33.5863 sec
Elapsed time for experts 13.6432 sec
Elapsed time for households 10.9109 sec
Iteration 48
Elapsed time for kappa 39.5777 sec
Elapsed time for experts 17.0434 sec
Elapsed time for households 10.9979 sec
Iteration 49
Elapsed time for kappa 33.1442 sec
Elapsed time for experts 14.2186 sec
Elapsed time for households 10.5506 sec
Iteration 50
Elapsed time for kappa 33.0275 sec
Elapsed time for experts 13.7838 sec
Elapsed time for households 10.6686 sec
Iteration 51
Elapsed time for kappa 33.1539 sec
Elapsed time for experts 13.7716 sec
Elapsed time for households 10.6824 sec
Iteration 52
Elapsed time for kappa 33.1867 sec
Elapsed time for experts 12.5007 sec
Elapsed time for households 10.6784 sec
Iteration 53
Elapsed time for kappa 33.3067 sec
Elapsed time for experts 12.5262 sec
Elapsed time for households 10.5900 sec
Iteration 54
Elapsed time for kappa 49.5676 sec
Elapsed time for experts 16.5762 sec
Elapsed time for households 12.6956 sec
Iteration 55
Elapsed time for kappa 36.7938 sec
Elapsed time for experts 14.9112 sec
Elapsed time for households 12.7347 sec
Iteration 56
Elapsed time for kappa 36.2633 sec
Elapsed time for experts 15.3292 sec
Elapsed time for households 12.8650 sec
Iteration 57
Elapsed time for kappa 37.6373 sec
Elapsed time for experts 14.9135 sec
Elapsed time for households 12.8666 sec
Iteration 58
Elapsed time for kappa 40.9433 sec
Elapsed time for experts 17.1738 sec
Elapsed time for households 14.2036 sec
Iteration 59
Elapsed time for kappa 38.7270 sec
Elapsed time for experts 15.3945 sec
Elapsed time for households 12.9679 sec
Iteration 60
Elapsed time for kappa 43.2199 sec
Elapsed time for experts 14.9476 sec
Elapsed time for households 12.6829 sec
Iteration 61
Elapsed time for kappa 36.1912 sec
Elapsed time for experts 15.8496 sec
Elapsed time for households 12.3639 sec
Iteration 62
Elapsed time for kappa 36.0239 sec
Elapsed time for experts 15.3758 sec
Elapsed time for households 12.6210 sec
Iteration 63
Elapsed time for kappa 36.2388 sec
Elapsed time for experts 14.7100 sec
Elapsed time for households 12.6027 sec
Iteration 64
Elapsed time for kappa 36.2856 sec
Elapsed time for experts 14.8581 sec
Elapsed time for households 12.3861 sec
Iteration 65
Elapsed time for kappa 36.0264 sec
Elapsed time for experts 15.9264 sec
Elapsed time for households 12.6746 sec
Iteration 66
Elapsed time for kappa 42.9536 sec
Elapsed time for experts 15.0975 sec
Elapsed time for households 12.7363 sec
Iteration 67
Elapsed time for kappa 35.9081 sec
Elapsed time for experts 15.1531 sec
Elapsed time for households 12.4738 sec
Iteration 68
Elapsed time for kappa 36.0754 sec
Elapsed time for experts 14.8462 sec
Elapsed time for households 13.7021 sec
Iteration 69
Elapsed time for kappa 35.4300 sec
Elapsed time for experts 14.5390 sec
Elapsed time for households 11.0894 sec
Iteration 70
Elapsed time for kappa 36.4647 sec
Elapsed time for experts 12.8417 sec
Elapsed time for households 11.3133 sec
Iteration 71
Elapsed time for kappa 36.6578 sec
Elapsed time for experts 12.5617 sec
Elapsed time for households 17.8618 sec
Iteration 72
Elapsed time for kappa 34.4291 sec
Elapsed time for experts 13.7075 sec
Elapsed time for households 11.1893 sec
Iteration 73
Elapsed time for kappa 33.5537 sec
Elapsed time for experts 13.1593 sec
Elapsed time for households 11.1162 sec
Iteration 74
Elapsed time for kappa 33.5101 sec
Elapsed time for experts 12.9032 sec
Elapsed time for households 11.1835 sec
Iteration 75
Elapsed time for kappa 33.7278 sec
Elapsed time for experts 13.6322 sec
Elapsed time for households 10.8825 sec
Iteration 76
Elapsed time for kappa 33.5937 sec
Elapsed time for experts 12.7286 sec
Elapsed time for households 11.1453 sec
Iteration 77
Elapsed time for kappa 36.7594 sec
Elapsed time for experts 25.6767 sec
Elapsed time for households 13.4802 sec
Iteration 78
Elapsed time for kappa 37.6273 sec
Elapsed time for experts 15.0736 sec
Elapsed time for households 12.7530 sec
Iteration 79
Elapsed time for kappa 37.2241 sec
Elapsed time for experts 14.5262 sec
Elapsed time for households 12.7121 sec
Iteration 80
Elapsed time for kappa 36.3266 sec
Elapsed time for experts 14.6037 sec
Elapsed time for households 12.6086 sec
Iteration 81
Elapsed time for kappa 37.7098 sec
Elapsed time for experts 14.5982 sec
Elapsed time for households 12.8928 sec
Iteration 82
Elapsed time for kappa 37.5071 sec
Elapsed time for experts 15.0838 sec
Elapsed time for households 12.6902 sec
Iteration 83
Elapsed time for kappa 38.5869 sec
Elapsed time for experts 22.0627 sec
Elapsed time for households 12.6862 sec
Iteration 84
Elapsed time for kappa 36.0368 sec
Elapsed time for experts 14.4607 sec
Elapsed time for households 12.7112 sec
Iteration 85
Elapsed time for kappa 36.1465 sec
Elapsed time for experts 15.2396 sec
Elapsed time for households 12.6301 sec
Iteration 86
Elapsed time for kappa 36.3095 sec
Elapsed time for experts 14.3434 sec
Elapsed time for households 12.4917 sec
Iteration 87
Elapsed time for kappa 35.7353 sec
Elapsed time for experts 14.2909 sec
Elapsed time for households 12.6010 sec
Iteration 88
Elapsed time for kappa 36.4526 sec
Elapsed time for experts 14.1339 sec
Elapsed time for households 12.8447 sec
Iteration 89
Elapsed time for kappa 39.2746 sec
Elapsed time for experts 21.4791 sec
Elapsed time for households 13.1110 sec
Iteration 90
Elapsed time for kappa 36.7348 sec
Elapsed time for experts 14.5249 sec
Elapsed time for households 12.8650 sec
Iteration 91
Elapsed time for kappa 36.1756 sec
Elapsed time for experts 15.4299 sec
Elapsed time for households 12.7617 sec
Iteration 92
Elapsed time for kappa 36.3192 sec
Elapsed time for experts 15.6365 sec
Elapsed time for households 12.5322 sec
Iteration 93
Elapsed time for kappa 36.3857 sec
Elapsed time for experts 15.9015 sec
Elapsed time for households 12.7959 sec
Iteration 94
Elapsed time for kappa 36.6083 sec
Elapsed time for experts 14.1491 sec
Elapsed time for households 12.5343 sec
Iteration 95
Elapsed time for kappa 43.1003 sec
Elapsed time for experts 15.7863 sec
Elapsed time for households 12.6409 sec
Iteration 96
Elapsed time for kappa 35.8149 sec
Elapsed time for experts 15.4955 sec
Elapsed time for households 12.8354 sec
Iteration 97
Elapsed time for kappa 36.2579 sec
Elapsed time for experts 14.2160 sec
Elapsed time for households 12.3631 sec
Iteration 98
Elapsed time for kappa 35.6564 sec
Elapsed time for experts 14.8442 sec
Elapsed time for households 13.5548 sec
Iteration 99
Elapsed time for kappa 38.7735 sec
Elapsed time for experts 14.7118 sec
Elapsed time for households 12.2740 sec
Iteration 100
Elapsed time for kappa 36.6314 sec
Elapsed time for experts 13.3284 sec
Elapsed time for households 11.4563 sec
Iteration 101
Elapsed time for kappa 42.1178 sec
Elapsed time for experts 18.2882 sec
Elapsed time for households 13.2723 sec
Iteration 102
Elapsed time for kappa 37.1588 sec
Elapsed time for experts 15.1322 sec
Elapsed time for households 13.7748 sec
Iteration 103
Elapsed time for kappa 34.4425 sec
Elapsed time for experts 14.3035 sec
Elapsed time for households 11.7062 sec
Iteration 104
Elapsed time for kappa 34.3675 sec
Elapsed time for experts 12.6184 sec
Elapsed time for households 11.2996 sec
Iteration 105
Elapsed time for kappa 33.9329 sec
Elapsed time for experts 12.8898 sec
Elapsed time for households 11.2177 sec
Iteration 106
Elapsed time for kappa 33.9068 sec
Elapsed time for experts 13.3707 sec
Elapsed time for households 11.5770 sec
Iteration 107
Elapsed time for kappa 41.3396 sec
Elapsed time for experts 13.9624 sec
Elapsed time for households 11.2564 sec
Iteration 108
Elapsed time for kappa 33.9759 sec
Elapsed time for experts 12.7139 sec
Elapsed time for households 10.9836 sec
Iteration 109
Elapsed time for kappa 41.2853 sec
Elapsed time for experts 14.7238 sec
Elapsed time for households 12.8500 sec
Iteration 110
Elapsed time for kappa 37.8761 sec
Elapsed time for experts 14.7502 sec
Elapsed time for households 13.9316 sec
Iteration 111
Elapsed time for kappa 38.6558 sec
Elapsed time for experts 15.1495 sec
Elapsed time for households 13.1092 sec
Iteration 112
Elapsed time for kappa 40.8494 sec
Elapsed time for experts 14.4046 sec
Elapsed time for households 13.8375 sec
Iteration 113
Elapsed time for kappa 44.3340 sec
Elapsed time for experts 14.5903 sec
Elapsed time for households 12.7478 sec
Iteration 114
Elapsed time for kappa 36.4461 sec
Elapsed time for experts 15.5422 sec
Elapsed time for households 12.9119 sec
Iteration 115
Elapsed time for kappa 36.4857 sec
Elapsed time for experts 14.9607 sec
Elapsed time for households 12.3157 sec
Iteration 116
Elapsed time for kappa 36.8054 sec
Elapsed time for experts 15.0093 sec
Elapsed time for households 12.8997 sec
Iteration 117
Elapsed time for kappa 36.0310 sec
Elapsed time for experts 14.3287 sec
Elapsed time for households 12.6589 sec
Iteration 118
Elapsed time for kappa 36.3856 sec
Elapsed time for experts 15.1106 sec
Elapsed time for households 12.6594 sec
Iteration 119
Elapsed time for kappa 42.5803 sec
Elapsed time for experts 14.0170 sec
Elapsed time for households 12.6630 sec
Iteration 120
Elapsed time for kappa 36.4420 sec
Elapsed time for experts 14.1955 sec
Elapsed time for households 15.8277 sec
Iteration 121
Elapsed time for kappa 36.3433 sec
Elapsed time for experts 14.6596 sec
Elapsed time for households 12.8061 sec
Iteration 122
Elapsed time for kappa 36.8206 sec
Elapsed time for experts 15.9193 sec
Elapsed time for households 13.0848 sec
Iteration 123
Elapsed time for kappa 39.2369 sec
Elapsed time for experts 14.9602 sec
Elapsed time for households 13.5990 sec
Iteration 124
Elapsed time for kappa 39.4928 sec
Elapsed time for experts 22.1737 sec
Elapsed time for households 13.2666 sec
Iteration 125
Elapsed time for kappa 37.0767 sec
Elapsed time for experts 16.3437 sec
Elapsed time for households 13.5512 sec
Iteration 126
Elapsed time for kappa 39.4359 sec
Elapsed time for experts 15.9275 sec
Elapsed time for households 12.7769 sec
Iteration 127
Elapsed time for kappa 36.3059 sec
Elapsed time for experts 15.2016 sec
Elapsed time for households 12.9179 sec
Iteration 128
Elapsed time for kappa 39.2518 sec
Elapsed time for experts 14.1387 sec
Elapsed time for households 13.6025 sec
Iteration 129
Elapsed time for kappa 39.4179 sec
Elapsed time for experts 15.7231 sec
Elapsed time for households 14.0485 sec
Iteration 130
Elapsed time for kappa 40.8364 sec
Elapsed time for experts 22.5182 sec
Elapsed time for households 13.1395 sec
Iteration 131
Elapsed time for kappa 36.8016 sec
Elapsed time for experts 15.5387 sec
Elapsed time for households 13.5696 sec
Iteration 132
Elapsed time for kappa 39.5447 sec
Elapsed time for experts 16.1834 sec
Elapsed time for households 12.4034 sec
Iteration 133
Elapsed time for kappa 35.8044 sec
Elapsed time for experts 18.1538 sec
Elapsed time for households 14.1503 sec
Iteration 134
Elapsed time for kappa 36.5998 sec
Elapsed time for experts 15.7580 sec
Elapsed time for households 13.6524 sec
Iteration 135
Elapsed time for kappa 39.0973 sec
Elapsed time for experts 14.8652 sec
Elapsed time for households 13.5721 sec
Iteration 136
Elapsed time for kappa 37.1560 sec
Elapsed time for experts 22.4590 sec
Elapsed time for households 13.1380 sec
Iteration 137
Elapsed time for kappa 36.6446 sec
Elapsed time for experts 15.5948 sec
Elapsed time for households 12.5066 sec
Iteration 138
Elapsed time for kappa 36.2277 sec
Elapsed time for experts 16.3022 sec
Elapsed time for households 11.8589 sec
Iteration 139
Elapsed time for kappa 34.9884 sec
Elapsed time for experts 13.6741 sec
Elapsed time for households 11.2581 sec
Iteration 140
Elapsed time for kappa 35.8187 sec
Elapsed time for experts 13.4069 sec
Elapsed time for households 11.6307 sec
Iteration 141
Elapsed time for kappa 35.7231 sec
Elapsed time for experts 13.2336 sec
Elapsed time for households 11.3625 sec
Iteration 142
Elapsed time for kappa 41.2269 sec
Elapsed time for experts 21.2479 sec
Elapsed time for households 11.5552 sec
Iteration 143
Elapsed time for kappa 35.1586 sec
Elapsed time for experts 13.6368 sec
Elapsed time for households 10.9454 sec
Iteration 144
Elapsed time for kappa 33.8985 sec
Elapsed time for experts 13.5127 sec
Elapsed time for households 11.1015 sec
Iteration 145
Elapsed time for kappa 33.2964 sec
Elapsed time for experts 12.6172 sec
Elapsed time for households 12.3401 sec
Iteration 146
Elapsed time for kappa 42.2354 sec
Elapsed time for experts 14.6545 sec
Elapsed time for households 12.9586 sec
Iteration 147
Elapsed time for kappa 40.4323 sec
Elapsed time for experts 14.3630 sec
Elapsed time for households 13.6332 sec
Iteration 148
Elapsed time for kappa 47.9530 sec
Elapsed time for experts 16.9940 sec
Elapsed time for households 12.8127 sec
Iteration 149
Elapsed time for kappa 36.8856 sec
Elapsed time for experts 15.6851 sec
Elapsed time for households 12.6200 sec
Iteration 150
Elapsed time for kappa 36.8496 sec
Elapsed time for experts 15.7678 sec
Elapsed time for households 12.6675 sec
Iteration 151
Elapsed time for kappa 36.9605 sec
Elapsed time for experts 14.8685 sec
Elapsed time for households 12.6258 sec
Iteration 152
Elapsed time for kappa 36.7672 sec
Elapsed time for experts 16.1195 sec
Elapsed time for households 12.5005 sec
Iteration 153
Elapsed time for kappa 37.4875 sec
Elapsed time for experts 14.5707 sec
Elapsed time for households 13.0542 sec
Iteration 154
Elapsed time for kappa 43.7383 sec
Elapsed time for experts 16.0045 sec
Elapsed time for households 12.6629 sec
Iteration 155
Elapsed time for kappa 36.5671 sec
Elapsed time for experts 14.3071 sec
Elapsed time for households 12.7924 sec
Iteration 156
Elapsed time for kappa 36.8071 sec
Elapsed time for experts 14.4542 sec
Elapsed time for households 12.6085 sec
Iteration 157
Elapsed time for kappa 36.2571 sec
Elapsed time for experts 14.2483 sec
Elapsed time for households 12.3488 sec
Iteration 158
Elapsed time for kappa 36.2626 sec
Elapsed time for experts 14.7394 sec
Elapsed time for households 12.6169 sec
Iteration 159
Elapsed time for kappa 35.7176 sec
Elapsed time for experts 14.5327 sec
Elapsed time for households 12.4374 sec
Iteration 160
Elapsed time for kappa 43.3368 sec
Elapsed time for experts 15.6314 sec
Elapsed time for households 12.8610 sec
Iteration 161
Elapsed time for kappa 36.6478 sec
Elapsed time for experts 15.3940 sec
Elapsed time for households 12.5191 sec
Iteration 162
Elapsed time for kappa 36.2763 sec
Elapsed time for experts 14.8595 sec
Elapsed time for households 12.7241 sec
Iteration 163
Elapsed time for kappa 35.9487 sec
Elapsed time for experts 15.0852 sec
Elapsed time for households 12.8087 sec
Iteration 164
Elapsed time for kappa 36.1965 sec
Elapsed time for experts 14.8883 sec
Elapsed time for households 11.4118 sec
Iteration 165
Elapsed time for kappa 35.0344 sec
Elapsed time for experts 18.8161 sec
Elapsed time for households 13.9710 sec
Iteration 166
Elapsed time for kappa 47.2846 sec
Elapsed time for experts 16.3310 sec
Elapsed time for households 12.9678 sec
Iteration 167
Elapsed time for kappa 37.0813 sec
Elapsed time for experts 18.9077 sec
Elapsed time for households 14.3502 sec
Iteration 168
Elapsed time for kappa 37.3853 sec
Elapsed time for experts 14.6397 sec
Elapsed time for households 12.8946 sec
Iteration 169
Elapsed time for kappa 37.0397 sec
Elapsed time for experts 15.4368 sec
Elapsed time for households 12.5190 sec
Iteration 170
Elapsed time for kappa 36.5377 sec
Elapsed time for experts 14.8042 sec
Elapsed time for households 12.6528 sec
Iteration 171
Elapsed time for kappa 36.4036 sec
Elapsed time for experts 14.9986 sec
Elapsed time for households 19.1098 sec
Iteration 172
Elapsed time for kappa 36.8467 sec
Elapsed time for experts 15.4046 sec
Elapsed time for households 12.8024 sec
Iteration 173
Elapsed time for kappa 36.4580 sec
Elapsed time for experts 14.4202 sec
Elapsed time for households 12.6496 sec
Iteration 174
Elapsed time for kappa 36.4848 sec
Elapsed time for experts 15.2358 sec
Elapsed time for households 12.4815 sec
Iteration 175
Elapsed time for kappa 36.3003 sec
Elapsed time for experts 14.3342 sec
Elapsed time for households 12.5583 sec
Iteration 176
Elapsed time for kappa 35.9236 sec
Elapsed time for experts 14.9098 sec
Elapsed time for households 12.4596 sec
Iteration 177
Elapsed time for kappa 41.2243 sec
Elapsed time for experts 17.0863 sec
Elapsed time for households 21.4698 sec
Iteration 178
Elapsed time for kappa 36.8952 sec
Elapsed time for experts 15.1221 sec
Elapsed time for households 14.2738 sec
Iteration 179
Elapsed time for kappa 36.2743 sec
Elapsed time for experts 14.5893 sec
Elapsed time for households 13.5405 sec
Iteration 180
Elapsed time for kappa 38.8216 sec
Elapsed time for experts 15.4208 sec
Elapsed time for households 12.3984 sec
Iteration 181
Elapsed time for kappa 38.7016 sec
Elapsed time for experts 15.6108 sec
Elapsed time for households 14.4351 sec
Iteration 182
Elapsed time for kappa 38.7277 sec
Elapsed time for experts 15.6374 sec
Elapsed time for households 12.5483 sec
Iteration 183
Elapsed time for kappa 38.7470 sec
Elapsed time for experts 16.4800 sec
Elapsed time for households 20.7474 sec
Iteration 184
Elapsed time for kappa 36.6769 sec
Elapsed time for experts 15.3421 sec
Elapsed time for households 12.3691 sec
Iteration 185
Elapsed time for kappa 36.2262 sec
Elapsed time for experts 14.8067 sec
Elapsed time for households 12.4406 sec
Iteration 186
Elapsed time for kappa 36.4946 sec
Elapsed time for experts 15.5960 sec
Elapsed time for households 12.6916 sec
Iteration 187
Elapsed time for kappa 36.2597 sec
Elapsed time for experts 15.1426 sec
Elapsed time for households 12.3613 sec
Iteration 188
Elapsed time for kappa 35.8519 sec
Elapsed time for experts 14.5916 sec
Elapsed time for households 12.6048 sec
Iteration 189
Elapsed time for kappa 37.0834 sec
Elapsed time for experts 21.7901 sec
Elapsed time for households 12.9862 sec
Iteration 190
Elapsed time for kappa 36.6944 sec
Elapsed time for experts 15.8592 sec
Elapsed time for households 12.8716 sec
Iteration 191
Elapsed time for kappa 36.2824 sec
Elapsed time for experts 15.4234 sec
Elapsed time for households 12.7936 sec
Iteration 192
Elapsed time for kappa 36.1689 sec
Elapsed time for experts 14.1782 sec
Elapsed time for households 12.5977 sec
Iteration 193
Elapsed time for kappa 35.9500 sec
Elapsed time for experts 14.8313 sec
Elapsed time for households 12.6847 sec
Iteration 194
Elapsed time for kappa 36.3109 sec
Elapsed time for experts 14.7809 sec
Elapsed time for households 12.5210 sec
Iteration 195
Elapsed time for kappa 36.0581 sec
Elapsed time for experts 21.8120 sec
Elapsed time for households 12.7592 sec
Iteration 196
Elapsed time for kappa 35.7686 sec
Elapsed time for experts 15.7292 sec
Elapsed time for households 12.7814 sec
Iteration 197
Elapsed time for kappa 36.2857 sec
Elapsed time for experts 15.7738 sec
Elapsed time for households 12.4929 sec
Iteration 198
Elapsed time for kappa 36.2803 sec
Elapsed time for experts 15.1508 sec
Elapsed time for households 12.4458 sec
Iteration 199
Elapsed time for kappa 35.1229 sec
Elapsed time for experts 14.7670 sec
Elapsed time for households 12.4416 sec
Elapsed time for training 13154.7172 sec
90000 90000 90000 90000
