Iteration 0
Elapsed time for kappa 76.3455 sec
Elapsed time for experts 22.3266 sec
Elapsed time for households 17.5590 sec
Iteration 1
Elapsed time for kappa 41.6230 sec
Elapsed time for experts 16.9295 sec
Elapsed time for households 15.5571 sec
Iteration 2
Elapsed time for kappa 36.0784 sec
Elapsed time for experts 16.5988 sec
Elapsed time for households 14.9558 sec
Iteration 3
Elapsed time for kappa 36.0956 sec
Elapsed time for experts 16.4652 sec
Elapsed time for households 14.9427 sec
Iteration 4
Elapsed time for kappa 35.7975 sec
Elapsed time for experts 16.6082 sec
Elapsed time for households 14.5228 sec
Iteration 5
Elapsed time for kappa 34.4610 sec
Elapsed time for experts 12.7723 sec
Elapsed time for households 13.2060 sec
Iteration 6
Elapsed time for kappa 36.0115 sec
Elapsed time for experts 14.1980 sec
Elapsed time for households 14.5015 sec
Iteration 7
Elapsed time for kappa 43.6541 sec
Elapsed time for experts 14.1318 sec
Elapsed time for households 14.5461 sec
Iteration 8
Elapsed time for kappa 36.1813 sec
Elapsed time for experts 14.0778 sec
Elapsed time for households 14.0074 sec
Iteration 9
Elapsed time for kappa 36.5322 sec
Elapsed time for experts 13.5671 sec
Elapsed time for households 11.8579 sec
Iteration 10
Elapsed time for kappa 36.1095 sec
Elapsed time for experts 16.3419 sec
Elapsed time for households 14.0673 sec
Iteration 11
Elapsed time for kappa 36.0561 sec
Elapsed time for experts 13.9233 sec
Elapsed time for households 13.7924 sec
Iteration 12
Elapsed time for kappa 35.8536 sec
Elapsed time for experts 14.4735 sec
Elapsed time for households 20.1993 sec
Iteration 13
Elapsed time for kappa 36.4988 sec
Elapsed time for experts 13.9787 sec
Elapsed time for households 14.9507 sec
Iteration 14
Elapsed time for kappa 36.2340 sec
Elapsed time for experts 13.1203 sec
Elapsed time for households 14.5023 sec
Iteration 15
Elapsed time for kappa 35.5752 sec
Elapsed time for experts 14.4277 sec
Elapsed time for households 12.8197 sec
Iteration 16
Elapsed time for kappa 34.3636 sec
Elapsed time for experts 13.9089 sec
Elapsed time for households 10.9682 sec
Iteration 17
Elapsed time for kappa 36.0014 sec
Elapsed time for experts 14.0955 sec
Elapsed time for households 14.2603 sec
Iteration 18
Elapsed time for kappa 36.0734 sec
Elapsed time for experts 13.1376 sec
Elapsed time for households 21.3728 sec
Iteration 19
Elapsed time for kappa 36.4379 sec
Elapsed time for experts 14.4345 sec
Elapsed time for households 14.7161 sec
Iteration 20
Elapsed time for kappa 36.1640 sec
Elapsed time for experts 14.5486 sec
Elapsed time for households 14.5256 sec
Iteration 21
Elapsed time for kappa 35.9856 sec
Elapsed time for experts 14.0831 sec
Elapsed time for households 13.6921 sec
Iteration 22
Elapsed time for kappa 36.0192 sec
Elapsed time for experts 13.0713 sec
Elapsed time for households 13.5177 sec
Iteration 23
Elapsed time for kappa 35.7605 sec
Elapsed time for experts 13.5904 sec
Elapsed time for households 12.4664 sec
Iteration 24
Elapsed time for kappa 35.8136 sec
Elapsed time for experts 20.7472 sec
Elapsed time for households 12.7260 sec
Iteration 25
Elapsed time for kappa 35.8928 sec
Elapsed time for experts 14.7499 sec
Elapsed time for households 14.6652 sec
Iteration 26
Elapsed time for kappa 35.5381 sec
Elapsed time for experts 14.1705 sec
Elapsed time for households 12.9561 sec
Iteration 27
Elapsed time for kappa 33.0740 sec
Elapsed time for experts 13.2377 sec
Elapsed time for households 10.4090 sec
Iteration 28
Elapsed time for kappa 35.0749 sec
Elapsed time for experts 13.8450 sec
Elapsed time for households 11.9154 sec
Iteration 29
Elapsed time for kappa 35.4871 sec
Elapsed time for experts 14.0598 sec
Elapsed time for households 12.0838 sec
Iteration 30
Elapsed time for kappa 35.8377 sec
Elapsed time for experts 20.9968 sec
Elapsed time for households 14.9956 sec
Iteration 31
Elapsed time for kappa 35.8588 sec
Elapsed time for experts 13.6715 sec
Elapsed time for households 13.7819 sec
Iteration 32
Elapsed time for kappa 35.8469 sec
Elapsed time for experts 13.7793 sec
Elapsed time for households 11.6997 sec
Iteration 33
Elapsed time for kappa 35.5638 sec
Elapsed time for experts 14.4386 sec
Elapsed time for households 13.5381 sec
Iteration 34
Elapsed time for kappa 36.1883 sec
Elapsed time for experts 13.6211 sec
Elapsed time for households 13.3000 sec
Iteration 35
Elapsed time for kappa 35.8195 sec
Elapsed time for experts 14.6772 sec
Elapsed time for households 12.9107 sec
Iteration 36
Elapsed time for kappa 35.7152 sec
Elapsed time for experts 21.1882 sec
Elapsed time for households 12.3848 sec
Iteration 37
Elapsed time for kappa 36.2231 sec
Elapsed time for experts 14.2483 sec
Elapsed time for households 12.3691 sec
Iteration 38
Elapsed time for kappa 34.7775 sec
Elapsed time for experts 13.0974 sec
Elapsed time for households 13.9028 sec
Iteration 39
Elapsed time for kappa 31.8637 sec
Elapsed time for experts 13.9340 sec
Elapsed time for households 14.5268 sec
Iteration 40
Elapsed time for kappa 35.0196 sec
Elapsed time for experts 13.5818 sec
Elapsed time for households 13.6230 sec
Iteration 41
Elapsed time for kappa 35.7360 sec
Elapsed time for experts 15.8799 sec
Elapsed time for households 11.8454 sec
Iteration 42
Elapsed time for kappa 42.8492 sec
Elapsed time for experts 14.8974 sec
Elapsed time for households 11.6989 sec
Iteration 43
Elapsed time for kappa 35.2383 sec
Elapsed time for experts 15.1867 sec
Elapsed time for households 13.2360 sec
Iteration 44
Elapsed time for kappa 35.5967 sec
Elapsed time for experts 13.5023 sec
Elapsed time for households 11.5759 sec
Iteration 45
Elapsed time for kappa 34.8188 sec
Elapsed time for experts 13.7033 sec
Elapsed time for households 13.4037 sec
Iteration 46
Elapsed time for kappa 35.8795 sec
Elapsed time for experts 12.9113 sec
Elapsed time for households 13.3327 sec
Iteration 47
Elapsed time for kappa 35.3972 sec
Elapsed time for experts 13.9031 sec
Elapsed time for households 11.8601 sec
Iteration 48
Elapsed time for kappa 42.6034 sec
Elapsed time for experts 14.0324 sec
Elapsed time for households 13.1544 sec
Iteration 49
Elapsed time for kappa 34.2584 sec
Elapsed time for experts 13.0581 sec
Elapsed time for households 11.0168 sec
Iteration 50
Elapsed time for kappa 32.6742 sec
Elapsed time for experts 14.2893 sec
Elapsed time for households 11.0345 sec
Iteration 51
Elapsed time for kappa 35.7187 sec
Elapsed time for experts 14.4677 sec
Elapsed time for households 12.8807 sec
Iteration 52
Elapsed time for kappa 35.5701 sec
Elapsed time for experts 13.9359 sec
Elapsed time for households 12.1504 sec
Iteration 53
Elapsed time for kappa 35.1847 sec
Elapsed time for experts 13.5196 sec
Elapsed time for households 12.3904 sec
Iteration 54
Elapsed time for kappa 42.3404 sec
Elapsed time for experts 14.3325 sec
Elapsed time for households 11.9021 sec
Iteration 55
Elapsed time for kappa 36.1986 sec
Elapsed time for experts 15.8618 sec
Elapsed time for households 12.3299 sec
Iteration 56
Elapsed time for kappa 35.5196 sec
Elapsed time for experts 15.2991 sec
Elapsed time for households 11.6079 sec
Iteration 57
Elapsed time for kappa 35.3077 sec
Elapsed time for experts 13.9487 sec
Elapsed time for households 11.8959 sec
Iteration 58
Elapsed time for kappa 34.7549 sec
Elapsed time for experts 12.6264 sec
Elapsed time for households 11.7227 sec
Iteration 59
Elapsed time for kappa 34.8921 sec
Elapsed time for experts 13.6394 sec
Elapsed time for households 11.4499 sec
Iteration 60
Elapsed time for kappa 41.5991 sec
Elapsed time for experts 13.2422 sec
Elapsed time for households 11.6411 sec
Iteration 61
Elapsed time for kappa 34.6526 sec
Elapsed time for experts 13.5855 sec
Elapsed time for households 11.1287 sec
Iteration 62
Elapsed time for kappa 32.6231 sec
Elapsed time for experts 15.0301 sec
Elapsed time for households 12.3417 sec
Iteration 63
Elapsed time for kappa 35.1600 sec
Elapsed time for experts 13.1673 sec
Elapsed time for households 12.1866 sec
Iteration 64
Elapsed time for kappa 34.8022 sec
Elapsed time for experts 14.2493 sec
Elapsed time for households 12.1680 sec
Iteration 65
Elapsed time for kappa 34.9946 sec
Elapsed time for experts 13.8909 sec
Elapsed time for households 18.2648 sec
Iteration 66
Elapsed time for kappa 36.2885 sec
Elapsed time for experts 14.4657 sec
Elapsed time for households 11.6759 sec
Iteration 67
Elapsed time for kappa 35.9781 sec
Elapsed time for experts 15.0920 sec
Elapsed time for households 12.7029 sec
Iteration 68
Elapsed time for kappa 35.8136 sec
Elapsed time for experts 13.8294 sec
Elapsed time for households 12.1136 sec
Iteration 69
Elapsed time for kappa 35.3846 sec
Elapsed time for experts 13.9793 sec
Elapsed time for households 11.7645 sec
Iteration 70
Elapsed time for kappa 35.2417 sec
Elapsed time for experts 13.7100 sec
Elapsed time for households 11.5210 sec
Iteration 71
Elapsed time for kappa 35.8628 sec
Elapsed time for experts 20.7523 sec
Elapsed time for households 11.8317 sec
Iteration 72
Elapsed time for kappa 34.6888 sec
Elapsed time for experts 13.8791 sec
Elapsed time for households 10.7496 sec
Iteration 73
Elapsed time for kappa 34.0054 sec
Elapsed time for experts 13.1633 sec
Elapsed time for households 12.0123 sec
Iteration 74
Elapsed time for kappa 35.4397 sec
Elapsed time for experts 14.2038 sec
Elapsed time for households 11.8843 sec
Iteration 75
Elapsed time for kappa 34.7962 sec
Elapsed time for experts 13.3599 sec
Elapsed time for households 11.4160 sec
Iteration 76
Elapsed time for kappa 35.0790 sec
Elapsed time for experts 13.6510 sec
Elapsed time for households 11.6553 sec
Iteration 77
Elapsed time for kappa 34.9594 sec
Elapsed time for experts 21.2293 sec
Elapsed time for households 12.1657 sec
Iteration 78
Elapsed time for kappa 35.6598 sec
Elapsed time for experts 14.4383 sec
Elapsed time for households 11.4624 sec
Iteration 79
Elapsed time for kappa 35.5482 sec
Elapsed time for experts 14.1516 sec
Elapsed time for households 11.4283 sec
Iteration 80
Elapsed time for kappa 35.2948 sec
Elapsed time for experts 13.7785 sec
Elapsed time for households 11.6271 sec
Iteration 81
Elapsed time for kappa 35.1191 sec
Elapsed time for experts 13.8578 sec
Elapsed time for households 11.4943 sec
Iteration 82
Elapsed time for kappa 35.1527 sec
Elapsed time for experts 13.3322 sec
Elapsed time for households 11.6724 sec
Iteration 83
Elapsed time for kappa 34.7386 sec
Elapsed time for experts 20.2035 sec
Elapsed time for households 11.6129 sec
Iteration 84
Elapsed time for kappa 35.0955 sec
Elapsed time for experts 13.5202 sec
Elapsed time for households 11.9548 sec
Iteration 85
Elapsed time for kappa 35.7319 sec
Elapsed time for experts 13.5373 sec
Elapsed time for households 11.6240 sec
Iteration 86
Elapsed time for kappa 35.1792 sec
Elapsed time for experts 13.9676 sec
Elapsed time for households 11.5287 sec
Iteration 87
Elapsed time for kappa 35.1369 sec
Elapsed time for experts 13.1625 sec
Elapsed time for households 11.4840 sec
Iteration 88
Elapsed time for kappa 35.2281 sec
Elapsed time for experts 14.2970 sec
Elapsed time for households 11.4213 sec
Iteration 89
Elapsed time for kappa 35.2812 sec
Elapsed time for experts 20.8137 sec
Elapsed time for households 12.4948 sec
Iteration 90
Elapsed time for kappa 36.2410 sec
Elapsed time for experts 13.4425 sec
Elapsed time for households 12.5316 sec
Iteration 91
Elapsed time for kappa 35.3783 sec
Elapsed time for experts 14.8863 sec
Elapsed time for households 11.7019 sec
Iteration 92
Elapsed time for kappa 35.3886 sec
Elapsed time for experts 13.7254 sec
Elapsed time for households 11.7624 sec
Iteration 93
Elapsed time for kappa 35.2210 sec
Elapsed time for experts 13.3193 sec
Elapsed time for households 11.4904 sec
Iteration 94
Elapsed time for kappa 34.4466 sec
Elapsed time for experts 12.8664 sec
Elapsed time for households 10.8410 sec
Iteration 95
Elapsed time for kappa 38.6733 sec
Elapsed time for experts 14.2987 sec
Elapsed time for households 11.9680 sec
Iteration 96
Elapsed time for kappa 35.4395 sec
Elapsed time for experts 14.0673 sec
Elapsed time for households 12.3547 sec
Iteration 97
Elapsed time for kappa 35.4952 sec
Elapsed time for experts 13.7653 sec
Elapsed time for households 11.5883 sec
Iteration 98
Elapsed time for kappa 34.8807 sec
Elapsed time for experts 14.0583 sec
Elapsed time for households 11.6282 sec
Iteration 99
Elapsed time for kappa 35.4507 sec
Elapsed time for experts 13.8670 sec
Elapsed time for households 11.5070 sec
Iteration 100
Elapsed time for kappa 35.1826 sec
Elapsed time for experts 12.7916 sec
Elapsed time for households 11.8237 sec
Iteration 101
Elapsed time for kappa 42.6655 sec
Elapsed time for experts 13.3341 sec
Elapsed time for households 12.4537 sec
Iteration 102
Elapsed time for kappa 35.2687 sec
Elapsed time for experts 13.8383 sec
Elapsed time for households 11.8132 sec
Iteration 103
Elapsed time for kappa 35.5924 sec
Elapsed time for experts 13.3894 sec
Elapsed time for households 11.9228 sec
Iteration 104
Elapsed time for kappa 34.9326 sec
Elapsed time for experts 13.2342 sec
Elapsed time for households 12.0886 sec
Iteration 105
Elapsed time for kappa 34.9806 sec
Elapsed time for experts 13.4359 sec
Elapsed time for households 11.8717 sec
Iteration 106
Elapsed time for kappa 34.4047 sec
Elapsed time for experts 12.9234 sec
Elapsed time for households 11.3022 sec
Iteration 107
Elapsed time for kappa 39.8468 sec
Elapsed time for experts 16.1763 sec
Elapsed time for households 12.2028 sec
Iteration 108
Elapsed time for kappa 35.4879 sec
Elapsed time for experts 15.5704 sec
Elapsed time for households 11.6968 sec
Iteration 109
Elapsed time for kappa 35.1871 sec
Elapsed time for experts 14.3187 sec
Elapsed time for households 13.3589 sec
Iteration 110
Elapsed time for kappa 35.3232 sec
Elapsed time for experts 13.7525 sec
Elapsed time for households 11.8862 sec
Iteration 111
Elapsed time for kappa 34.7814 sec
Elapsed time for experts 13.6565 sec
Elapsed time for households 13.4340 sec
Iteration 112
Elapsed time for kappa 35.0685 sec
Elapsed time for experts 14.7666 sec
Elapsed time for households 11.5340 sec
Iteration 113
Elapsed time for kappa 42.2189 sec
Elapsed time for experts 13.5300 sec
Elapsed time for households 11.7101 sec
Iteration 114
Elapsed time for kappa 35.9712 sec
Elapsed time for experts 14.9141 sec
Elapsed time for households 11.5509 sec
Iteration 115
Elapsed time for kappa 35.2308 sec
Elapsed time for experts 13.8019 sec
Elapsed time for households 12.2692 sec
Iteration 116
Elapsed time for kappa 35.2279 sec
Elapsed time for experts 14.7068 sec
Elapsed time for households 11.8749 sec
Iteration 117
Elapsed time for kappa 33.4642 sec
Elapsed time for experts 12.6961 sec
Elapsed time for households 12.0913 sec
Iteration 118
Elapsed time for kappa 31.6333 sec
Elapsed time for experts 13.3689 sec
Elapsed time for households 19.2883 sec
Iteration 119
Elapsed time for kappa 36.6403 sec
Elapsed time for experts 14.4531 sec
Elapsed time for households 12.5822 sec
Iteration 120
Elapsed time for kappa 36.0382 sec
Elapsed time for experts 13.8059 sec
Elapsed time for households 11.8799 sec
Iteration 121
Elapsed time for kappa 36.2320 sec
Elapsed time for experts 13.4927 sec
Elapsed time for households 12.0320 sec
Iteration 122
Elapsed time for kappa 36.3278 sec
Elapsed time for experts 14.7763 sec
Elapsed time for households 11.5920 sec
Iteration 123
Elapsed time for kappa 35.0679 sec
Elapsed time for experts 14.6947 sec
Elapsed time for households 11.5264 sec
Iteration 124
Elapsed time for kappa 35.8464 sec
Elapsed time for experts 14.2233 sec
Elapsed time for households 19.5242 sec
Iteration 125
Elapsed time for kappa 36.6468 sec
Elapsed time for experts 14.4430 sec
Elapsed time for households 12.1812 sec
Iteration 126
Elapsed time for kappa 35.6165 sec
Elapsed time for experts 13.6462 sec
Elapsed time for households 11.9394 sec
Iteration 127
Elapsed time for kappa 35.7480 sec
Elapsed time for experts 14.0706 sec
Elapsed time for households 11.4906 sec
Iteration 128
Elapsed time for kappa 35.1498 sec
Elapsed time for experts 14.0456 sec
Elapsed time for households 11.6547 sec
Iteration 129
Elapsed time for kappa 33.8260 sec
Elapsed time for experts 12.5060 sec
Elapsed time for households 10.6983 sec
Iteration 130
Elapsed time for kappa 32.8683 sec
Elapsed time for experts 14.9400 sec
Elapsed time for households 18.6996 sec
Iteration 131
Elapsed time for kappa 35.9797 sec
Elapsed time for experts 15.1892 sec
Elapsed time for households 11.8005 sec
Iteration 132
Elapsed time for kappa 35.6315 sec
Elapsed time for experts 13.5777 sec
Elapsed time for households 11.6726 sec
Iteration 133
Elapsed time for kappa 35.6319 sec
Elapsed time for experts 14.4657 sec
Elapsed time for households 11.7177 sec
Iteration 134
Elapsed time for kappa 34.7797 sec
Elapsed time for experts 14.1965 sec
Elapsed time for households 11.6171 sec
Iteration 135
Elapsed time for kappa 34.9316 sec
Elapsed time for experts 14.1275 sec
Elapsed time for households 12.0588 sec
Iteration 136
Elapsed time for kappa 34.9634 sec
Elapsed time for experts 20.3154 sec
Elapsed time for households 12.6787 sec
Iteration 137
Elapsed time for kappa 35.9724 sec
Elapsed time for experts 13.7463 sec
Elapsed time for households 11.5270 sec
Iteration 138
Elapsed time for kappa 35.6997 sec
Elapsed time for experts 13.4663 sec
Elapsed time for households 11.5031 sec
Iteration 139
Elapsed time for kappa 35.4564 sec
Elapsed time for experts 14.2173 sec
Elapsed time for households 11.5807 sec
Iteration 140
Elapsed time for kappa 35.4082 sec
Elapsed time for experts 13.1394 sec
Elapsed time for households 10.9109 sec
Iteration 141
Elapsed time for kappa 33.6531 sec
Elapsed time for experts 12.5848 sec
Elapsed time for households 10.8647 sec
Iteration 142
Elapsed time for kappa 33.4564 sec
Elapsed time for experts 20.3582 sec
Elapsed time for households 12.1298 sec
Iteration 143
Elapsed time for kappa 36.1921 sec
Elapsed time for experts 13.9155 sec
Elapsed time for households 11.9127 sec
Iteration 144
Elapsed time for kappa 35.9177 sec
Elapsed time for experts 13.9196 sec
Elapsed time for households 11.4944 sec
Iteration 145
Elapsed time for kappa 35.5016 sec
Elapsed time for experts 13.6597 sec
Elapsed time for households 11.2126 sec
Iteration 146
Elapsed time for kappa 34.9918 sec
Elapsed time for experts 14.1750 sec
Elapsed time for households 11.2518 sec
Iteration 147
Elapsed time for kappa 35.0925 sec
Elapsed time for experts 12.8625 sec
Elapsed time for households 11.3579 sec
Iteration 148
Elapsed time for kappa 35.3686 sec
Elapsed time for experts 21.3257 sec
Elapsed time for households 12.2067 sec
Iteration 149
Elapsed time for kappa 35.8482 sec
Elapsed time for experts 13.7909 sec
Elapsed time for households 11.8456 sec
Iteration 150
Elapsed time for kappa 35.5967 sec
Elapsed time for experts 13.3363 sec
Elapsed time for households 11.9456 sec
Iteration 151
Elapsed time for kappa 35.7442 sec
Elapsed time for experts 12.8566 sec
Elapsed time for households 12.0664 sec
Iteration 152
Elapsed time for kappa 34.7962 sec
Elapsed time for experts 12.7745 sec
Elapsed time for households 10.9422 sec
Iteration 153
Elapsed time for kappa 33.0404 sec
Elapsed time for experts 13.4489 sec
Elapsed time for households 11.9481 sec
Iteration 154
Elapsed time for kappa 35.1655 sec
Elapsed time for experts 20.3222 sec
Elapsed time for households 12.5431 sec
Iteration 155
Elapsed time for kappa 36.1321 sec
Elapsed time for experts 13.8811 sec
Elapsed time for households 12.2452 sec
Iteration 156
Elapsed time for kappa 35.9236 sec
Elapsed time for experts 14.0724 sec
Elapsed time for households 11.6223 sec
Iteration 157
Elapsed time for kappa 35.3948 sec
Elapsed time for experts 14.1530 sec
Elapsed time for households 12.0794 sec
Iteration 158
Elapsed time for kappa 35.2580 sec
Elapsed time for experts 13.4190 sec
Elapsed time for households 11.9537 sec
Iteration 159
Elapsed time for kappa 35.0756 sec
Elapsed time for experts 12.8772 sec
Elapsed time for households 12.6448 sec
Iteration 160
Elapsed time for kappa 42.6461 sec
Elapsed time for experts 13.4134 sec
Elapsed time for households 13.5295 sec
Iteration 161
Elapsed time for kappa 35.2845 sec
Elapsed time for experts 13.4994 sec
Elapsed time for households 11.7987 sec
Iteration 162
Elapsed time for kappa 35.3265 sec
Elapsed time for experts 14.0656 sec
Elapsed time for households 11.8549 sec
Iteration 163
Elapsed time for kappa 35.3658 sec
Elapsed time for experts 12.6069 sec
Elapsed time for households 11.0791 sec
Iteration 164
Elapsed time for kappa 33.5451 sec
Elapsed time for experts 13.3434 sec
Elapsed time for households 12.4661 sec
Iteration 165
Elapsed time for kappa 34.9944 sec
Elapsed time for experts 12.8665 sec
Elapsed time for households 11.3471 sec
Iteration 166
Elapsed time for kappa 42.5322 sec
Elapsed time for experts 13.9943 sec
Elapsed time for households 11.7658 sec
Iteration 167
Elapsed time for kappa 35.8813 sec
Elapsed time for experts 13.0106 sec
Elapsed time for households 11.8054 sec
Iteration 168
Elapsed time for kappa 35.2141 sec
Elapsed time for experts 13.9610 sec
Elapsed time for households 13.2249 sec
Iteration 169
Elapsed time for kappa 35.1750 sec
Elapsed time for experts 14.0401 sec
Elapsed time for households 12.7223 sec
Iteration 170
Elapsed time for kappa 35.1371 sec
Elapsed time for experts 13.0170 sec
Elapsed time for households 11.8290 sec
Iteration 171
Elapsed time for kappa 34.8334 sec
Elapsed time for experts 12.8701 sec
Elapsed time for households 11.4568 sec
Iteration 172
Elapsed time for kappa 42.6275 sec
Elapsed time for experts 15.2169 sec
Elapsed time for households 11.7878 sec
Iteration 173
Elapsed time for kappa 36.2600 sec
Elapsed time for experts 13.1470 sec
Elapsed time for households 13.0886 sec
Iteration 174
Elapsed time for kappa 35.4877 sec
Elapsed time for experts 13.3378 sec
Elapsed time for households 11.5339 sec
Iteration 175
Elapsed time for kappa 35.7273 sec
Elapsed time for experts 12.8883 sec
Elapsed time for households 11.6779 sec
Iteration 176
Elapsed time for kappa 33.7633 sec
Elapsed time for experts 12.5427 sec
Elapsed time for households 10.7564 sec
Iteration 177
Elapsed time for kappa 35.9557 sec
Elapsed time for experts 16.4671 sec
Elapsed time for households 12.3408 sec
Iteration 178
Elapsed time for kappa 43.7922 sec
Elapsed time for experts 14.0203 sec
Elapsed time for households 11.9269 sec
Iteration 179
Elapsed time for kappa 36.8035 sec
Elapsed time for experts 14.6610 sec
Elapsed time for households 11.7368 sec
Iteration 180
Elapsed time for kappa 36.0691 sec
Elapsed time for experts 14.7432 sec
Elapsed time for households 12.1446 sec
Iteration 181
Elapsed time for kappa 35.4005 sec
Elapsed time for experts 14.6161 sec
Elapsed time for households 11.6314 sec
Iteration 182
Elapsed time for kappa 35.2281 sec
Elapsed time for experts 13.7132 sec
Elapsed time for households 12.4298 sec
Iteration 183
Elapsed time for kappa 34.9650 sec
Elapsed time for experts 13.3251 sec
Elapsed time for households 19.1171 sec
Iteration 184
Elapsed time for kappa 36.8640 sec
Elapsed time for experts 13.6451 sec
Elapsed time for households 11.6578 sec
Iteration 185
Elapsed time for kappa 35.9171 sec
Elapsed time for experts 15.3510 sec
Elapsed time for households 11.5393 sec
Iteration 186
Elapsed time for kappa 35.3329 sec
Elapsed time for experts 13.5743 sec
Elapsed time for households 11.7260 sec
Iteration 187
Elapsed time for kappa 34.4374 sec
Elapsed time for experts 12.6612 sec
Elapsed time for households 10.7002 sec
Iteration 188
Elapsed time for kappa 32.2026 sec
Elapsed time for experts 11.9568 sec
Elapsed time for households 10.9613 sec
Iteration 189
Elapsed time for kappa 35.3534 sec
Elapsed time for experts 13.1724 sec
Elapsed time for households 18.9540 sec
Iteration 190
Elapsed time for kappa 36.1924 sec
Elapsed time for experts 14.2145 sec
Elapsed time for households 12.2139 sec
Iteration 191
Elapsed time for kappa 36.5303 sec
Elapsed time for experts 14.1457 sec
Elapsed time for households 11.7630 sec
Iteration 192
Elapsed time for kappa 35.4844 sec
Elapsed time for experts 14.2586 sec
Elapsed time for households 12.6791 sec
Iteration 193
Elapsed time for kappa 35.5782 sec
Elapsed time for experts 13.7393 sec
Elapsed time for households 13.0348 sec
Iteration 194
Elapsed time for kappa 34.9680 sec
Elapsed time for experts 13.8703 sec
Elapsed time for households 13.3738 sec
Iteration 195
Elapsed time for kappa 34.9762 sec
Elapsed time for experts 13.3628 sec
Elapsed time for households 20.0738 sec
Iteration 196
Elapsed time for kappa 35.8644 sec
Elapsed time for experts 13.7021 sec
Elapsed time for households 12.0921 sec
Iteration 197
Elapsed time for kappa 35.5907 sec
Elapsed time for experts 14.3519 sec
Elapsed time for households 11.8047 sec
Iteration 198
Elapsed time for kappa 35.3784 sec
Elapsed time for experts 14.1586 sec
Elapsed time for households 11.5120 sec
Iteration 199
Elapsed time for kappa 33.6099 sec
Elapsed time for experts 12.6227 sec
Elapsed time for households 11.9809 sec
Elapsed time for training 12589.3507 sec
90000 90000 90000 90000
