Iteration 0
Elapsed time for kappa 70.4128 sec
Elapsed time for experts 22.6568 sec
Elapsed time for households 19.5668 sec
Iteration 1
Elapsed time for kappa 34.8777 sec
Elapsed time for experts 17.7678 sec
Elapsed time for households 12.8972 sec
Iteration 2
Elapsed time for kappa 32.9527 sec
Elapsed time for experts 14.0377 sec
Elapsed time for households 10.6109 sec
Iteration 3
Elapsed time for kappa 32.9687 sec
Elapsed time for experts 13.8066 sec
Elapsed time for households 10.6159 sec
Iteration 4
Elapsed time for kappa 33.0085 sec
Elapsed time for experts 15.3191 sec
Elapsed time for households 14.2550 sec
Iteration 5
Elapsed time for kappa 33.0745 sec
Elapsed time for experts 14.1553 sec
Elapsed time for households 10.6059 sec
Iteration 6
Elapsed time for kappa 32.9529 sec
Elapsed time for experts 16.4227 sec
Elapsed time for households 10.3872 sec
Iteration 7
Elapsed time for kappa 39.8818 sec
Elapsed time for experts 13.4191 sec
Elapsed time for households 14.9460 sec
Iteration 8
Elapsed time for kappa 32.6360 sec
Elapsed time for experts 16.5032 sec
Elapsed time for households 13.8411 sec
Iteration 9
Elapsed time for kappa 31.8330 sec
Elapsed time for experts 12.9840 sec
Elapsed time for households 11.3019 sec
Iteration 10
Elapsed time for kappa 32.5215 sec
Elapsed time for experts 12.5876 sec
Elapsed time for households 10.5753 sec
Iteration 11
Elapsed time for kappa 34.5792 sec
Elapsed time for experts 15.4402 sec
Elapsed time for households 13.7505 sec
Iteration 12
Elapsed time for kappa 33.4617 sec
Elapsed time for experts 14.8467 sec
Elapsed time for households 16.7696 sec
Iteration 13
Elapsed time for kappa 32.7345 sec
Elapsed time for experts 14.1909 sec
Elapsed time for households 10.5323 sec
Iteration 14
Elapsed time for kappa 39.1741 sec
Elapsed time for experts 13.0459 sec
Elapsed time for households 11.8635 sec
Iteration 15
Elapsed time for kappa 31.8645 sec
Elapsed time for experts 13.1022 sec
Elapsed time for households 11.3294 sec
Iteration 16
Elapsed time for kappa 31.9442 sec
Elapsed time for experts 13.7850 sec
Elapsed time for households 10.6578 sec
Iteration 17
Elapsed time for kappa 31.9811 sec
Elapsed time for experts 13.6831 sec
Elapsed time for households 10.7799 sec
Iteration 18
Elapsed time for kappa 31.9709 sec
Elapsed time for experts 14.3803 sec
Elapsed time for households 17.0992 sec
Iteration 19
Elapsed time for kappa 32.9316 sec
Elapsed time for experts 13.7919 sec
Elapsed time for households 10.9491 sec
Iteration 20
Elapsed time for kappa 32.1932 sec
Elapsed time for experts 14.0150 sec
Elapsed time for households 11.9099 sec
Iteration 21
Elapsed time for kappa 32.6909 sec
Elapsed time for experts 12.8578 sec
Elapsed time for households 10.5386 sec
Iteration 22
Elapsed time for kappa 32.7433 sec
Elapsed time for experts 11.9856 sec
Elapsed time for households 10.6909 sec
Iteration 23
Elapsed time for kappa 33.0350 sec
Elapsed time for experts 12.4310 sec
Elapsed time for households 10.3454 sec
Iteration 24
Elapsed time for kappa 32.2801 sec
Elapsed time for experts 19.4726 sec
Elapsed time for households 10.8006 sec
Iteration 25
Elapsed time for kappa 32.4640 sec
Elapsed time for experts 13.2466 sec
Elapsed time for households 10.5208 sec
Iteration 26
Elapsed time for kappa 32.1133 sec
Elapsed time for experts 12.5384 sec
Elapsed time for households 10.4398 sec
Iteration 27
Elapsed time for kappa 32.1897 sec
Elapsed time for experts 12.5416 sec
Elapsed time for households 10.6232 sec
Iteration 28
Elapsed time for kappa 31.7508 sec
Elapsed time for experts 13.7020 sec
Elapsed time for households 10.6428 sec
Iteration 29
Elapsed time for kappa 32.0125 sec
Elapsed time for experts 13.1286 sec
Elapsed time for households 10.4278 sec
Iteration 30
Elapsed time for kappa 32.1789 sec
Elapsed time for experts 18.3101 sec
Elapsed time for households 10.8984 sec
Iteration 31
Elapsed time for kappa 31.8987 sec
Elapsed time for experts 12.7157 sec
Elapsed time for households 10.9760 sec
Iteration 32
Elapsed time for kappa 31.6330 sec
Elapsed time for experts 13.6817 sec
Elapsed time for households 10.7217 sec
Iteration 33
Elapsed time for kappa 31.7300 sec
Elapsed time for experts 12.3713 sec
Elapsed time for households 10.4097 sec
Iteration 34
Elapsed time for kappa 32.0438 sec
Elapsed time for experts 12.9303 sec
Elapsed time for households 10.5190 sec
Iteration 35
Elapsed time for kappa 31.4102 sec
Elapsed time for experts 12.7158 sec
Elapsed time for households 10.7520 sec
Iteration 36
Elapsed time for kappa 31.5567 sec
Elapsed time for experts 18.6876 sec
Elapsed time for households 10.8328 sec
Iteration 37
Elapsed time for kappa 32.1236 sec
Elapsed time for experts 13.0304 sec
Elapsed time for households 10.6811 sec
Iteration 38
Elapsed time for kappa 31.7971 sec
Elapsed time for experts 12.6142 sec
Elapsed time for households 10.5370 sec
Iteration 39
Elapsed time for kappa 31.3540 sec
Elapsed time for experts 11.9627 sec
Elapsed time for households 11.0124 sec
Iteration 40
Elapsed time for kappa 31.5003 sec
Elapsed time for experts 11.7677 sec
Elapsed time for households 10.4824 sec
Iteration 41
Elapsed time for kappa 31.7957 sec
Elapsed time for experts 12.3076 sec
Elapsed time for households 10.3212 sec
Iteration 42
Elapsed time for kappa 37.5686 sec
Elapsed time for experts 12.4860 sec
Elapsed time for households 10.6580 sec
Iteration 43
Elapsed time for kappa 31.7525 sec
Elapsed time for experts 13.2899 sec
Elapsed time for households 10.3698 sec
Iteration 44
Elapsed time for kappa 31.8418 sec
Elapsed time for experts 12.2772 sec
Elapsed time for households 10.9152 sec
Iteration 45
Elapsed time for kappa 31.6145 sec
Elapsed time for experts 12.2985 sec
Elapsed time for households 10.4151 sec
Iteration 46
Elapsed time for kappa 31.6484 sec
Elapsed time for experts 12.7746 sec
Elapsed time for households 10.8998 sec
Iteration 47
Elapsed time for kappa 31.5687 sec
Elapsed time for experts 13.4584 sec
Elapsed time for households 10.2765 sec
Iteration 48
Elapsed time for kappa 37.2618 sec
Elapsed time for experts 13.6618 sec
Elapsed time for households 10.5349 sec
Iteration 49
Elapsed time for kappa 32.6342 sec
Elapsed time for experts 13.5650 sec
Elapsed time for households 10.3513 sec
Iteration 50
Elapsed time for kappa 32.4274 sec
Elapsed time for experts 13.5745 sec
Elapsed time for households 10.3134 sec
Iteration 51
Elapsed time for kappa 32.9445 sec
Elapsed time for experts 13.0934 sec
Elapsed time for households 10.3435 sec
Iteration 52
Elapsed time for kappa 31.8504 sec
Elapsed time for experts 13.9477 sec
Elapsed time for households 10.3268 sec
Iteration 53
Elapsed time for kappa 32.6311 sec
Elapsed time for experts 12.8792 sec
Elapsed time for households 10.4280 sec
Iteration 54
Elapsed time for kappa 38.4967 sec
Elapsed time for experts 12.5553 sec
Elapsed time for households 10.4969 sec
Iteration 55
Elapsed time for kappa 32.6967 sec
Elapsed time for experts 12.9085 sec
Elapsed time for households 10.2892 sec
Iteration 56
Elapsed time for kappa 31.9638 sec
Elapsed time for experts 15.1813 sec
Elapsed time for households 10.4226 sec
Iteration 57
Elapsed time for kappa 32.7793 sec
Elapsed time for experts 12.4727 sec
Elapsed time for households 10.3768 sec
Iteration 58
Elapsed time for kappa 31.8863 sec
Elapsed time for experts 12.5056 sec
Elapsed time for households 10.5173 sec
Iteration 59
Elapsed time for kappa 32.1378 sec
Elapsed time for experts 13.5482 sec
Elapsed time for households 10.2103 sec
Iteration 60
Elapsed time for kappa 38.1691 sec
Elapsed time for experts 13.7513 sec
Elapsed time for households 10.3376 sec
Iteration 61
Elapsed time for kappa 32.6400 sec
Elapsed time for experts 12.5337 sec
Elapsed time for households 10.6002 sec
Iteration 62
Elapsed time for kappa 32.7004 sec
Elapsed time for experts 14.7272 sec
Elapsed time for households 10.2668 sec
Iteration 63
Elapsed time for kappa 32.0685 sec
Elapsed time for experts 12.9098 sec
Elapsed time for households 10.4432 sec
Iteration 64
Elapsed time for kappa 32.4542 sec
Elapsed time for experts 13.2086 sec
Elapsed time for households 10.4291 sec
Iteration 65
Elapsed time for kappa 32.4099 sec
Elapsed time for experts 13.6180 sec
Elapsed time for households 15.2707 sec
Iteration 66
Elapsed time for kappa 32.7141 sec
Elapsed time for experts 13.8462 sec
Elapsed time for households 12.2213 sec
Iteration 67
Elapsed time for kappa 32.5461 sec
Elapsed time for experts 13.6682 sec
Elapsed time for households 10.5134 sec
Iteration 68
Elapsed time for kappa 33.5522 sec
Elapsed time for experts 12.3735 sec
Elapsed time for households 10.2821 sec
Iteration 69
Elapsed time for kappa 32.2066 sec
Elapsed time for experts 12.9596 sec
Elapsed time for households 10.3628 sec
Iteration 70
Elapsed time for kappa 31.9638 sec
Elapsed time for experts 12.8745 sec
Elapsed time for households 10.6890 sec
Iteration 71
Elapsed time for kappa 32.4734 sec
Elapsed time for experts 18.9671 sec
Elapsed time for households 11.4658 sec
Iteration 72
Elapsed time for kappa 32.8693 sec
Elapsed time for experts 14.3346 sec
Elapsed time for households 11.0259 sec
Iteration 73
Elapsed time for kappa 34.2097 sec
Elapsed time for experts 13.1133 sec
Elapsed time for households 10.5900 sec
Iteration 74
Elapsed time for kappa 32.4994 sec
Elapsed time for experts 13.8886 sec
Elapsed time for households 10.4790 sec
Iteration 75
Elapsed time for kappa 33.0446 sec
Elapsed time for experts 12.4066 sec
Elapsed time for households 11.0919 sec
Iteration 76
Elapsed time for kappa 32.3953 sec
Elapsed time for experts 12.6862 sec
Elapsed time for households 10.9109 sec
Iteration 77
Elapsed time for kappa 31.4010 sec
Elapsed time for experts 17.9542 sec
Elapsed time for households 10.8705 sec
Iteration 78
Elapsed time for kappa 31.8540 sec
Elapsed time for experts 12.6579 sec
Elapsed time for households 10.6206 sec
Iteration 79
Elapsed time for kappa 31.7724 sec
Elapsed time for experts 11.8491 sec
Elapsed time for households 10.4969 sec
Iteration 80
Elapsed time for kappa 31.5203 sec
Elapsed time for experts 12.8420 sec
Elapsed time for households 10.1839 sec
Iteration 81
Elapsed time for kappa 31.3440 sec
Elapsed time for experts 13.0420 sec
Elapsed time for households 10.3528 sec
Iteration 82
Elapsed time for kappa 31.1019 sec
Elapsed time for experts 12.2082 sec
Elapsed time for households 10.4233 sec
Iteration 83
Elapsed time for kappa 31.3390 sec
Elapsed time for experts 18.3860 sec
Elapsed time for households 10.8666 sec
Iteration 84
Elapsed time for kappa 31.9172 sec
Elapsed time for experts 12.7111 sec
Elapsed time for households 10.5266 sec
Iteration 85
Elapsed time for kappa 31.5924 sec
Elapsed time for experts 12.3959 sec
Elapsed time for households 10.3693 sec
Iteration 86
Elapsed time for kappa 31.4088 sec
Elapsed time for experts 12.9292 sec
Elapsed time for households 10.7462 sec
Iteration 87
Elapsed time for kappa 31.4497 sec
Elapsed time for experts 11.9459 sec
Elapsed time for households 10.6827 sec
Iteration 88
Elapsed time for kappa 31.3323 sec
Elapsed time for experts 12.5677 sec
Elapsed time for households 10.3981 sec
Iteration 89
Elapsed time for kappa 31.4040 sec
Elapsed time for experts 18.2302 sec
Elapsed time for households 10.7431 sec
Iteration 90
Elapsed time for kappa 31.7651 sec
Elapsed time for experts 12.6781 sec
Elapsed time for households 10.5066 sec
Iteration 91
Elapsed time for kappa 31.4756 sec
Elapsed time for experts 12.3797 sec
Elapsed time for households 10.4651 sec
Iteration 92
Elapsed time for kappa 31.4275 sec
Elapsed time for experts 12.2822 sec
Elapsed time for households 10.3557 sec
Iteration 93
Elapsed time for kappa 31.2486 sec
Elapsed time for experts 12.4025 sec
Elapsed time for households 10.3247 sec
Iteration 94
Elapsed time for kappa 31.6143 sec
Elapsed time for experts 13.3885 sec
Elapsed time for households 12.3906 sec
Iteration 95
Elapsed time for kappa 36.9691 sec
Elapsed time for experts 12.5892 sec
Elapsed time for households 10.6831 sec
Iteration 96
Elapsed time for kappa 31.5349 sec
Elapsed time for experts 12.6454 sec
Elapsed time for households 10.4892 sec
Iteration 97
Elapsed time for kappa 31.3155 sec
Elapsed time for experts 12.3719 sec
Elapsed time for households 10.5702 sec
Iteration 98
Elapsed time for kappa 31.2857 sec
Elapsed time for experts 12.5655 sec
Elapsed time for households 10.3201 sec
Iteration 99
Elapsed time for kappa 31.1440 sec
Elapsed time for experts 12.4905 sec
Elapsed time for households 10.2433 sec
Iteration 100
Elapsed time for kappa 31.2161 sec
Elapsed time for experts 13.0673 sec
Elapsed time for households 10.3263 sec
Iteration 101
Elapsed time for kappa 37.2010 sec
Elapsed time for experts 13.2270 sec
Elapsed time for households 11.4394 sec
Iteration 102
Elapsed time for kappa 31.6167 sec
Elapsed time for experts 14.5134 sec
Elapsed time for households 10.3865 sec
Iteration 103
Elapsed time for kappa 31.5455 sec
Elapsed time for experts 12.8336 sec
Elapsed time for households 10.5542 sec
Iteration 104
Elapsed time for kappa 31.2240 sec
Elapsed time for experts 12.2546 sec
Elapsed time for households 10.8807 sec
Iteration 105
Elapsed time for kappa 31.5109 sec
Elapsed time for experts 12.2716 sec
Elapsed time for households 10.6852 sec
Iteration 106
Elapsed time for kappa 31.1846 sec
Elapsed time for experts 13.0023 sec
Elapsed time for households 10.3827 sec
Iteration 107
Elapsed time for kappa 37.2117 sec
Elapsed time for experts 12.5443 sec
Elapsed time for households 10.7941 sec
Iteration 108
Elapsed time for kappa 31.6379 sec
Elapsed time for experts 12.2607 sec
Elapsed time for households 10.5238 sec
Iteration 109
Elapsed time for kappa 31.7074 sec
Elapsed time for experts 11.8106 sec
Elapsed time for households 10.5214 sec
Iteration 110
Elapsed time for kappa 31.5693 sec
Elapsed time for experts 12.4072 sec
Elapsed time for households 10.3883 sec
Iteration 111
Elapsed time for kappa 31.3143 sec
Elapsed time for experts 12.7241 sec
Elapsed time for households 10.5278 sec
Iteration 112
Elapsed time for kappa 31.3152 sec
Elapsed time for experts 11.7441 sec
Elapsed time for households 10.2662 sec
Iteration 113
Elapsed time for kappa 37.2420 sec
Elapsed time for experts 13.6428 sec
Elapsed time for households 10.4727 sec
Iteration 114
Elapsed time for kappa 32.0201 sec
Elapsed time for experts 15.0818 sec
Elapsed time for households 10.4460 sec
Iteration 115
Elapsed time for kappa 31.3901 sec
Elapsed time for experts 12.3797 sec
Elapsed time for households 10.4595 sec
Iteration 116
Elapsed time for kappa 31.4959 sec
Elapsed time for experts 12.3455 sec
Elapsed time for households 10.3360 sec
Iteration 117
Elapsed time for kappa 31.4079 sec
Elapsed time for experts 12.2446 sec
Elapsed time for households 10.4158 sec
Iteration 118
Elapsed time for kappa 31.2595 sec
Elapsed time for experts 12.3248 sec
Elapsed time for households 15.4372 sec
Iteration 119
Elapsed time for kappa 31.9245 sec
Elapsed time for experts 12.4965 sec
Elapsed time for households 10.5148 sec
Iteration 120
Elapsed time for kappa 31.6369 sec
Elapsed time for experts 12.6196 sec
Elapsed time for households 10.4537 sec
Iteration 121
Elapsed time for kappa 31.7951 sec
Elapsed time for experts 12.9574 sec
Elapsed time for households 10.4023 sec
Iteration 122
Elapsed time for kappa 31.2389 sec
Elapsed time for experts 12.3186 sec
Elapsed time for households 10.5446 sec
Iteration 123
Elapsed time for kappa 31.3891 sec
Elapsed time for experts 13.4723 sec
Elapsed time for households 10.4463 sec
Iteration 124
Elapsed time for kappa 31.6167 sec
Elapsed time for experts 11.7833 sec
Elapsed time for households 16.3149 sec
Iteration 125
Elapsed time for kappa 32.2562 sec
Elapsed time for experts 12.8696 sec
Elapsed time for households 11.1946 sec
Iteration 126
Elapsed time for kappa 31.4721 sec
Elapsed time for experts 13.2712 sec
Elapsed time for households 10.7641 sec
Iteration 127
Elapsed time for kappa 31.7235 sec
Elapsed time for experts 13.1458 sec
Elapsed time for households 10.3655 sec
Iteration 128
Elapsed time for kappa 31.1669 sec
Elapsed time for experts 12.9699 sec
Elapsed time for households 10.4735 sec
Iteration 129
Elapsed time for kappa 31.3349 sec
Elapsed time for experts 13.2813 sec
Elapsed time for households 10.3329 sec
Iteration 130
Elapsed time for kappa 31.3592 sec
Elapsed time for experts 13.0133 sec
Elapsed time for households 16.3565 sec
Iteration 131
Elapsed time for kappa 31.9686 sec
Elapsed time for experts 13.6201 sec
Elapsed time for households 10.7511 sec
Iteration 132
Elapsed time for kappa 31.7219 sec
Elapsed time for experts 12.3342 sec
Elapsed time for households 10.3261 sec
Iteration 133
Elapsed time for kappa 31.5598 sec
Elapsed time for experts 15.4219 sec
Elapsed time for households 10.3733 sec
Iteration 134
Elapsed time for kappa 31.0684 sec
Elapsed time for experts 12.3037 sec
Elapsed time for households 10.2551 sec
Iteration 135
Elapsed time for kappa 31.7008 sec
Elapsed time for experts 12.7122 sec
Elapsed time for households 10.5752 sec
Iteration 136
Elapsed time for kappa 31.1735 sec
Elapsed time for experts 18.5931 sec
Elapsed time for households 11.5818 sec
Iteration 137
Elapsed time for kappa 31.7197 sec
Elapsed time for experts 12.4339 sec
Elapsed time for households 11.5684 sec
Iteration 138
Elapsed time for kappa 31.9012 sec
Elapsed time for experts 11.9788 sec
Elapsed time for households 10.7115 sec
Iteration 139
Elapsed time for kappa 31.7245 sec
Elapsed time for experts 11.8122 sec
Elapsed time for households 10.5371 sec
Iteration 140
Elapsed time for kappa 31.3214 sec
Elapsed time for experts 12.3802 sec
Elapsed time for households 10.8150 sec
Iteration 141
Elapsed time for kappa 31.1889 sec
Elapsed time for experts 12.1428 sec
Elapsed time for households 11.0519 sec
Iteration 142
Elapsed time for kappa 31.3142 sec
Elapsed time for experts 17.6724 sec
Elapsed time for households 10.8498 sec
Iteration 143
Elapsed time for kappa 31.8269 sec
Elapsed time for experts 12.0106 sec
Elapsed time for households 10.4671 sec
Iteration 144
Elapsed time for kappa 31.6270 sec
Elapsed time for experts 13.9608 sec
Elapsed time for households 10.3237 sec
Iteration 145
Elapsed time for kappa 31.8010 sec
Elapsed time for experts 12.9288 sec
Elapsed time for households 10.3807 sec
Iteration 146
Elapsed time for kappa 31.4111 sec
Elapsed time for experts 13.6541 sec
Elapsed time for households 10.2599 sec
Iteration 147
Elapsed time for kappa 31.2270 sec
Elapsed time for experts 13.7885 sec
Elapsed time for households 10.7446 sec
Iteration 148
Elapsed time for kappa 31.3785 sec
Elapsed time for experts 17.6088 sec
Elapsed time for households 10.9149 sec
Iteration 149
Elapsed time for kappa 31.9176 sec
Elapsed time for experts 14.3091 sec
Elapsed time for households 10.5239 sec
Iteration 150
Elapsed time for kappa 31.7475 sec
Elapsed time for experts 12.3856 sec
Elapsed time for households 10.3190 sec
Iteration 151
Elapsed time for kappa 31.3206 sec
Elapsed time for experts 13.4597 sec
Elapsed time for households 10.7434 sec
Iteration 152
Elapsed time for kappa 31.2787 sec
Elapsed time for experts 12.1557 sec
Elapsed time for households 10.1966 sec
Iteration 153
Elapsed time for kappa 31.1032 sec
Elapsed time for experts 12.6251 sec
Elapsed time for households 10.1858 sec
Iteration 154
Elapsed time for kappa 30.9502 sec
Elapsed time for experts 18.0157 sec
Elapsed time for households 11.0933 sec
Iteration 155
Elapsed time for kappa 31.8890 sec
Elapsed time for experts 12.2947 sec
Elapsed time for households 10.7836 sec
Iteration 156
Elapsed time for kappa 31.5025 sec
Elapsed time for experts 12.3337 sec
Elapsed time for households 10.8573 sec
Iteration 157
Elapsed time for kappa 31.5258 sec
Elapsed time for experts 12.0642 sec
Elapsed time for households 10.6196 sec
Iteration 158
Elapsed time for kappa 31.1501 sec
Elapsed time for experts 12.1207 sec
Elapsed time for households 10.2505 sec
Iteration 159
Elapsed time for kappa 31.1612 sec
Elapsed time for experts 11.7486 sec
Elapsed time for households 10.3551 sec
Iteration 160
Elapsed time for kappa 37.5659 sec
Elapsed time for experts 13.3400 sec
Elapsed time for households 10.6257 sec
Iteration 161
Elapsed time for kappa 31.6441 sec
Elapsed time for experts 12.4255 sec
Elapsed time for households 10.5166 sec
Iteration 162
Elapsed time for kappa 31.4411 sec
Elapsed time for experts 12.7730 sec
Elapsed time for households 10.7398 sec
Iteration 163
Elapsed time for kappa 31.3571 sec
Elapsed time for experts 12.8167 sec
Elapsed time for households 10.2011 sec
Iteration 164
Elapsed time for kappa 31.2098 sec
Elapsed time for experts 13.7517 sec
Elapsed time for households 10.4319 sec
Iteration 165
Elapsed time for kappa 30.9504 sec
Elapsed time for experts 12.6707 sec
Elapsed time for households 10.5512 sec
Iteration 166
Elapsed time for kappa 37.1404 sec
Elapsed time for experts 12.2040 sec
Elapsed time for households 10.9196 sec
Iteration 167
Elapsed time for kappa 31.6335 sec
Elapsed time for experts 12.6513 sec
Elapsed time for households 10.5462 sec
Iteration 168
Elapsed time for kappa 31.4650 sec
Elapsed time for experts 12.3568 sec
Elapsed time for households 10.5144 sec
Iteration 169
Elapsed time for kappa 31.0070 sec
Elapsed time for experts 12.3331 sec
Elapsed time for households 10.3248 sec
Iteration 170
Elapsed time for kappa 31.1966 sec
Elapsed time for experts 12.2768 sec
Elapsed time for households 10.3523 sec
Iteration 171
Elapsed time for kappa 31.0655 sec
Elapsed time for experts 12.6545 sec
Elapsed time for households 10.5584 sec
Iteration 172
Elapsed time for kappa 37.2290 sec
Elapsed time for experts 12.8599 sec
Elapsed time for households 10.7210 sec
Iteration 173
Elapsed time for kappa 31.5935 sec
Elapsed time for experts 12.6240 sec
Elapsed time for households 10.3835 sec
Iteration 174
Elapsed time for kappa 31.3329 sec
Elapsed time for experts 12.3533 sec
Elapsed time for households 10.3265 sec
Iteration 175
Elapsed time for kappa 31.1988 sec
Elapsed time for experts 12.9891 sec
Elapsed time for households 10.3387 sec
Iteration 176
Elapsed time for kappa 31.1957 sec
Elapsed time for experts 11.8353 sec
Elapsed time for households 10.5063 sec
Iteration 177
Elapsed time for kappa 31.0017 sec
Elapsed time for experts 13.4618 sec
Elapsed time for households 10.1659 sec
Iteration 178
Elapsed time for kappa 37.2318 sec
Elapsed time for experts 12.2554 sec
Elapsed time for households 10.5173 sec
Iteration 179
Elapsed time for kappa 31.6459 sec
Elapsed time for experts 11.9241 sec
Elapsed time for households 10.7260 sec
Iteration 180
Elapsed time for kappa 31.5286 sec
Elapsed time for experts 12.4239 sec
Elapsed time for households 10.3134 sec
Iteration 181
Elapsed time for kappa 31.2170 sec
Elapsed time for experts 12.4257 sec
Elapsed time for households 10.3001 sec
Iteration 182
Elapsed time for kappa 31.1613 sec
Elapsed time for experts 12.4971 sec
Elapsed time for households 10.4496 sec
Iteration 183
Elapsed time for kappa 30.9876 sec
Elapsed time for experts 12.8090 sec
Elapsed time for households 15.5637 sec
Iteration 184
Elapsed time for kappa 31.8368 sec
Elapsed time for experts 13.0886 sec
Elapsed time for households 10.5687 sec
Iteration 185
Elapsed time for kappa 31.3511 sec
Elapsed time for experts 12.7714 sec
Elapsed time for households 10.4989 sec
Iteration 186
Elapsed time for kappa 31.2322 sec
Elapsed time for experts 13.1359 sec
Elapsed time for households 10.4513 sec
Iteration 187
Elapsed time for kappa 31.1575 sec
Elapsed time for experts 12.5009 sec
Elapsed time for households 10.5557 sec
Iteration 188
Elapsed time for kappa 31.0385 sec
Elapsed time for experts 13.1558 sec
Elapsed time for households 10.3059 sec
Iteration 189
Elapsed time for kappa 31.2353 sec
Elapsed time for experts 12.4883 sec
Elapsed time for households 16.6087 sec
Iteration 190
Elapsed time for kappa 31.7644 sec
Elapsed time for experts 12.7478 sec
Elapsed time for households 10.9688 sec
Iteration 191
Elapsed time for kappa 31.7733 sec
Elapsed time for experts 12.4959 sec
Elapsed time for households 10.9818 sec
Iteration 192
Elapsed time for kappa 31.5127 sec
Elapsed time for experts 11.9272 sec
Elapsed time for households 10.3210 sec
Iteration 193
Elapsed time for kappa 31.3042 sec
Elapsed time for experts 11.9414 sec
Elapsed time for households 10.3785 sec
Iteration 194
Elapsed time for kappa 31.0328 sec
Elapsed time for experts 12.3545 sec
Elapsed time for households 10.5999 sec
Iteration 195
Elapsed time for kappa 31.1862 sec
Elapsed time for experts 11.8114 sec
Elapsed time for households 16.2857 sec
Iteration 196
Elapsed time for kappa 31.7843 sec
Elapsed time for experts 12.7109 sec
Elapsed time for households 10.7164 sec
Iteration 197
Elapsed time for kappa 31.7157 sec
Elapsed time for experts 13.1178 sec
Elapsed time for households 10.5170 sec
Iteration 198
Elapsed time for kappa 31.4220 sec
Elapsed time for experts 13.0080 sec
Elapsed time for households 10.3983 sec
Iteration 199
Elapsed time for kappa 31.4563 sec
Elapsed time for experts 12.7575 sec
Elapsed time for households 10.4977 sec
Elapsed time for training 11349.1439 sec
90000 90000 90000 90000
