Iteration 0
Elapsed time for kappa 67.0048 sec
Elapsed time for experts 18.7726 sec
Elapsed time for households 14.3658 sec
Iteration 1
Elapsed time for kappa 36.5375 sec
Elapsed time for experts 13.6610 sec
Elapsed time for households 12.0160 sec
Iteration 2
Elapsed time for kappa 33.1493 sec
Elapsed time for experts 13.8816 sec
Elapsed time for households 11.8377 sec
Iteration 3
Elapsed time for kappa 32.5792 sec
Elapsed time for experts 12.4188 sec
Elapsed time for households 11.9702 sec
Iteration 4
Elapsed time for kappa 32.5620 sec
Elapsed time for experts 13.0523 sec
Elapsed time for households 11.8280 sec
Iteration 5
Elapsed time for kappa 32.5461 sec
Elapsed time for experts 14.0421 sec
Elapsed time for households 11.8635 sec
Iteration 6
Elapsed time for kappa 32.3782 sec
Elapsed time for experts 11.9096 sec
Elapsed time for households 10.9142 sec
Iteration 7
Elapsed time for kappa 40.5472 sec
Elapsed time for experts 13.8046 sec
Elapsed time for households 11.1158 sec
Iteration 8
Elapsed time for kappa 33.5121 sec
Elapsed time for experts 12.3667 sec
Elapsed time for households 10.1931 sec
Iteration 9
Elapsed time for kappa 32.4015 sec
Elapsed time for experts 11.5310 sec
Elapsed time for households 10.7654 sec
Iteration 10
Elapsed time for kappa 31.9905 sec
Elapsed time for experts 12.0872 sec
Elapsed time for households 10.5619 sec
Iteration 11
Elapsed time for kappa 32.3288 sec
Elapsed time for experts 13.1211 sec
Elapsed time for households 11.2916 sec
Iteration 12
Elapsed time for kappa 34.9340 sec
Elapsed time for experts 13.4225 sec
Elapsed time for households 19.4571 sec
Iteration 13
Elapsed time for kappa 35.2957 sec
Elapsed time for experts 13.6899 sec
Elapsed time for households 11.8044 sec
Iteration 14
Elapsed time for kappa 34.9318 sec
Elapsed time for experts 13.2968 sec
Elapsed time for households 11.9926 sec
Iteration 15
Elapsed time for kappa 34.2633 sec
Elapsed time for experts 13.1037 sec
Elapsed time for households 11.2321 sec
Iteration 16
Elapsed time for kappa 34.9107 sec
Elapsed time for experts 13.1528 sec
Elapsed time for households 11.2218 sec
Iteration 17
Elapsed time for kappa 34.4010 sec
Elapsed time for experts 14.2083 sec
Elapsed time for households 11.1353 sec
Iteration 18
Elapsed time for kappa 34.9874 sec
Elapsed time for experts 13.2123 sec
Elapsed time for households 19.5248 sec
Iteration 19
Elapsed time for kappa 33.1469 sec
Elapsed time for experts 11.6703 sec
Elapsed time for households 12.1984 sec
Iteration 20
Elapsed time for kappa 32.7869 sec
Elapsed time for experts 11.6182 sec
Elapsed time for households 11.0967 sec
Iteration 21
Elapsed time for kappa 32.6925 sec
Elapsed time for experts 13.3177 sec
Elapsed time for households 10.8039 sec
Iteration 22
Elapsed time for kappa 32.0076 sec
Elapsed time for experts 11.9537 sec
Elapsed time for households 10.5580 sec
Iteration 23
Elapsed time for kappa 31.9021 sec
Elapsed time for experts 12.1474 sec
Elapsed time for households 10.3058 sec
Iteration 24
Elapsed time for kappa 31.8310 sec
Elapsed time for experts 19.5541 sec
Elapsed time for households 11.0662 sec
Iteration 25
Elapsed time for kappa 33.1713 sec
Elapsed time for experts 11.8129 sec
Elapsed time for households 10.2330 sec
Iteration 26
Elapsed time for kappa 32.8137 sec
Elapsed time for experts 13.2666 sec
Elapsed time for households 10.8600 sec
Iteration 27
Elapsed time for kappa 33.0117 sec
Elapsed time for experts 11.6033 sec
Elapsed time for households 10.1049 sec
Iteration 28
Elapsed time for kappa 32.4251 sec
Elapsed time for experts 11.4394 sec
Elapsed time for households 9.9155 sec
Iteration 29
Elapsed time for kappa 32.6952 sec
Elapsed time for experts 12.0133 sec
Elapsed time for households 10.0193 sec
Iteration 30
Elapsed time for kappa 32.5711 sec
Elapsed time for experts 19.2545 sec
Elapsed time for households 10.6465 sec
Iteration 31
Elapsed time for kappa 32.9956 sec
Elapsed time for experts 11.9586 sec
Elapsed time for households 10.2133 sec
Iteration 32
Elapsed time for kappa 32.6606 sec
Elapsed time for experts 11.7081 sec
Elapsed time for households 10.4964 sec
Iteration 33
Elapsed time for kappa 32.5956 sec
Elapsed time for experts 12.9301 sec
Elapsed time for households 10.4382 sec
Iteration 34
Elapsed time for kappa 32.9012 sec
Elapsed time for experts 11.4320 sec
Elapsed time for households 10.0170 sec
Iteration 35
Elapsed time for kappa 32.1144 sec
Elapsed time for experts 11.5805 sec
Elapsed time for households 9.9221 sec
Iteration 36
Elapsed time for kappa 32.1423 sec
Elapsed time for experts 19.4892 sec
Elapsed time for households 10.7023 sec
Iteration 37
Elapsed time for kappa 32.8213 sec
Elapsed time for experts 12.4555 sec
Elapsed time for households 10.3331 sec
Iteration 38
Elapsed time for kappa 32.3878 sec
Elapsed time for experts 11.6145 sec
Elapsed time for households 10.3601 sec
Iteration 39
Elapsed time for kappa 32.7865 sec
Elapsed time for experts 11.6168 sec
Elapsed time for households 10.9706 sec
Iteration 40
Elapsed time for kappa 33.8689 sec
Elapsed time for experts 11.5074 sec
Elapsed time for households 10.6286 sec
Iteration 41
Elapsed time for kappa 35.0954 sec
Elapsed time for experts 12.7521 sec
Elapsed time for households 11.6210 sec
Iteration 42
Elapsed time for kappa 40.9519 sec
Elapsed time for experts 12.2360 sec
Elapsed time for households 10.7019 sec
Iteration 43
Elapsed time for kappa 33.3636 sec
Elapsed time for experts 11.7184 sec
Elapsed time for households 10.2327 sec
Iteration 44
Elapsed time for kappa 33.1792 sec
Elapsed time for experts 12.7218 sec
Elapsed time for households 10.4840 sec
Iteration 45
Elapsed time for kappa 32.5968 sec
Elapsed time for experts 12.6775 sec
Elapsed time for households 9.9942 sec
Iteration 46
Elapsed time for kappa 32.4852 sec
Elapsed time for experts 12.8582 sec
Elapsed time for households 10.2526 sec
Iteration 47
Elapsed time for kappa 31.9468 sec
Elapsed time for experts 11.7373 sec
Elapsed time for households 9.7531 sec
Iteration 48
Elapsed time for kappa 40.3031 sec
Elapsed time for experts 12.5546 sec
Elapsed time for households 10.5506 sec
Iteration 49
Elapsed time for kappa 33.0652 sec
Elapsed time for experts 12.1979 sec
Elapsed time for households 10.2586 sec
Iteration 50
Elapsed time for kappa 32.6502 sec
Elapsed time for experts 11.8154 sec
Elapsed time for households 10.3418 sec
Iteration 51
Elapsed time for kappa 32.5740 sec
Elapsed time for experts 11.6703 sec
Elapsed time for households 10.0035 sec
Iteration 52
Elapsed time for kappa 32.1240 sec
Elapsed time for experts 11.8834 sec
Elapsed time for households 9.9827 sec
Iteration 53
Elapsed time for kappa 32.6410 sec
Elapsed time for experts 11.6991 sec
Elapsed time for households 10.1287 sec
Iteration 54
Elapsed time for kappa 41.1419 sec
Elapsed time for experts 12.3582 sec
Elapsed time for households 10.4514 sec
Iteration 55
Elapsed time for kappa 33.3130 sec
Elapsed time for experts 11.7006 sec
Elapsed time for households 10.5120 sec
Iteration 56
Elapsed time for kappa 32.9257 sec
Elapsed time for experts 11.5653 sec
Elapsed time for households 10.3569 sec
Iteration 57
Elapsed time for kappa 32.4827 sec
Elapsed time for experts 11.6760 sec
Elapsed time for households 10.3846 sec
Iteration 58
Elapsed time for kappa 32.6896 sec
Elapsed time for experts 11.8430 sec
Elapsed time for households 10.1955 sec
Iteration 59
Elapsed time for kappa 32.4856 sec
Elapsed time for experts 11.6621 sec
Elapsed time for households 10.5384 sec
Iteration 60
Elapsed time for kappa 41.3210 sec
Elapsed time for experts 12.2206 sec
Elapsed time for households 10.9027 sec
Iteration 61
Elapsed time for kappa 33.5017 sec
Elapsed time for experts 11.8142 sec
Elapsed time for households 10.2690 sec
Iteration 62
Elapsed time for kappa 32.8861 sec
Elapsed time for experts 12.1304 sec
Elapsed time for households 10.0723 sec
Iteration 63
Elapsed time for kappa 32.7725 sec
Elapsed time for experts 12.0238 sec
Elapsed time for households 10.1370 sec
Iteration 64
Elapsed time for kappa 32.3473 sec
Elapsed time for experts 12.3168 sec
Elapsed time for households 10.2650 sec
Iteration 65
Elapsed time for kappa 32.2820 sec
Elapsed time for experts 11.4709 sec
Elapsed time for households 10.2868 sec
Iteration 66
Elapsed time for kappa 40.2499 sec
Elapsed time for experts 11.7808 sec
Elapsed time for households 10.3225 sec
Iteration 67
Elapsed time for kappa 33.0131 sec
Elapsed time for experts 11.8644 sec
Elapsed time for households 10.1590 sec
Iteration 68
Elapsed time for kappa 33.6008 sec
Elapsed time for experts 11.6076 sec
Elapsed time for households 9.9685 sec
Iteration 69
Elapsed time for kappa 32.1098 sec
Elapsed time for experts 11.4973 sec
Elapsed time for households 10.1321 sec
Iteration 70
Elapsed time for kappa 31.9314 sec
Elapsed time for experts 11.2616 sec
Elapsed time for households 10.5647 sec
Iteration 71
Elapsed time for kappa 32.8950 sec
Elapsed time for experts 12.5699 sec
Elapsed time for households 17.6797 sec
Iteration 72
Elapsed time for kappa 33.0732 sec
Elapsed time for experts 12.2570 sec
Elapsed time for households 10.4809 sec
Iteration 73
Elapsed time for kappa 33.1824 sec
Elapsed time for experts 11.6778 sec
Elapsed time for households 10.5015 sec
Iteration 74
Elapsed time for kappa 33.3303 sec
Elapsed time for experts 11.5575 sec
Elapsed time for households 10.0123 sec
Iteration 75
Elapsed time for kappa 32.7579 sec
Elapsed time for experts 11.7318 sec
Elapsed time for households 10.3081 sec
Iteration 76
Elapsed time for kappa 32.5676 sec
Elapsed time for experts 11.9899 sec
Elapsed time for households 10.3145 sec
Iteration 77
Elapsed time for kappa 32.5646 sec
Elapsed time for experts 19.4865 sec
Elapsed time for households 11.1143 sec
Iteration 78
Elapsed time for kappa 33.0561 sec
Elapsed time for experts 11.8627 sec
Elapsed time for households 10.5129 sec
Iteration 79
Elapsed time for kappa 32.7353 sec
Elapsed time for experts 11.9225 sec
Elapsed time for households 9.9871 sec
Iteration 80
Elapsed time for kappa 32.9633 sec
Elapsed time for experts 11.5362 sec
Elapsed time for households 10.4319 sec
Iteration 81
Elapsed time for kappa 32.2610 sec
Elapsed time for experts 11.6792 sec
Elapsed time for households 10.0187 sec
Iteration 82
Elapsed time for kappa 32.7665 sec
Elapsed time for experts 12.0024 sec
Elapsed time for households 10.5524 sec
Iteration 83
Elapsed time for kappa 32.6928 sec
Elapsed time for experts 19.8078 sec
Elapsed time for households 12.4675 sec
Iteration 84
Elapsed time for kappa 36.5467 sec
Elapsed time for experts 13.5841 sec
Elapsed time for households 11.9865 sec
Iteration 85
Elapsed time for kappa 33.5269 sec
Elapsed time for experts 11.6401 sec
Elapsed time for households 10.2723 sec
Iteration 86
Elapsed time for kappa 32.0622 sec
Elapsed time for experts 11.2387 sec
Elapsed time for households 9.9949 sec
Iteration 87
Elapsed time for kappa 31.5510 sec
Elapsed time for experts 11.3133 sec
Elapsed time for households 9.8322 sec
Iteration 88
Elapsed time for kappa 31.7272 sec
Elapsed time for experts 11.0826 sec
Elapsed time for households 10.1322 sec
Iteration 89
Elapsed time for kappa 32.1241 sec
Elapsed time for experts 18.5229 sec
Elapsed time for households 10.4352 sec
Iteration 90
Elapsed time for kappa 31.9240 sec
Elapsed time for experts 11.5705 sec
Elapsed time for households 10.3808 sec
Iteration 91
Elapsed time for kappa 32.4253 sec
Elapsed time for experts 11.4268 sec
Elapsed time for households 10.4148 sec
Iteration 92
Elapsed time for kappa 32.1821 sec
Elapsed time for experts 11.5836 sec
Elapsed time for households 9.8880 sec
Iteration 93
Elapsed time for kappa 31.8655 sec
Elapsed time for experts 11.4430 sec
Elapsed time for households 10.0558 sec
Iteration 94
Elapsed time for kappa 31.9675 sec
Elapsed time for experts 11.2809 sec
Elapsed time for households 10.0694 sec
Iteration 95
Elapsed time for kappa 38.3914 sec
Elapsed time for experts 11.4850 sec
Elapsed time for households 9.8329 sec
Iteration 96
Elapsed time for kappa 32.1446 sec
Elapsed time for experts 11.7265 sec
Elapsed time for households 10.0583 sec
Iteration 97
Elapsed time for kappa 31.9264 sec
Elapsed time for experts 11.0739 sec
Elapsed time for households 9.7716 sec
Iteration 98
Elapsed time for kappa 31.3496 sec
Elapsed time for experts 11.1898 sec
Elapsed time for households 9.7222 sec
Iteration 99
Elapsed time for kappa 31.5682 sec
Elapsed time for experts 11.4306 sec
Elapsed time for households 9.9138 sec
Iteration 100
Elapsed time for kappa 31.4021 sec
Elapsed time for experts 11.3147 sec
Elapsed time for households 9.9061 sec
Iteration 101
Elapsed time for kappa 37.7451 sec
Elapsed time for experts 11.3748 sec
Elapsed time for households 9.8588 sec
Iteration 102
Elapsed time for kappa 31.5686 sec
Elapsed time for experts 11.4030 sec
Elapsed time for households 9.9922 sec
Iteration 103
Elapsed time for kappa 31.3449 sec
Elapsed time for experts 11.3985 sec
Elapsed time for households 9.9804 sec
Iteration 104
Elapsed time for kappa 32.2418 sec
Elapsed time for experts 11.1325 sec
Elapsed time for households 9.8948 sec
Iteration 105
Elapsed time for kappa 31.0207 sec
Elapsed time for experts 10.9776 sec
Elapsed time for households 9.8451 sec
Iteration 106
Elapsed time for kappa 31.0313 sec
Elapsed time for experts 10.9969 sec
Elapsed time for households 9.6572 sec
Iteration 107
Elapsed time for kappa 37.7256 sec
Elapsed time for experts 11.1469 sec
Elapsed time for households 9.6740 sec
Iteration 108
Elapsed time for kappa 31.0274 sec
Elapsed time for experts 10.9729 sec
Elapsed time for households 9.6818 sec
Iteration 109
Elapsed time for kappa 30.9873 sec
Elapsed time for experts 10.8185 sec
Elapsed time for households 9.8027 sec
Iteration 110
Elapsed time for kappa 31.0280 sec
Elapsed time for experts 10.8860 sec
Elapsed time for households 9.6552 sec
Iteration 111
Elapsed time for kappa 30.8682 sec
Elapsed time for experts 10.9662 sec
Elapsed time for households 9.6883 sec
Iteration 112
Elapsed time for kappa 30.9461 sec
Elapsed time for experts 10.9573 sec
Elapsed time for households 9.9556 sec
Iteration 113
Elapsed time for kappa 36.7043 sec
Elapsed time for experts 11.1216 sec
Elapsed time for households 10.0187 sec
Iteration 114
Elapsed time for kappa 30.9851 sec
Elapsed time for experts 10.9512 sec
Elapsed time for households 9.6346 sec
Iteration 115
Elapsed time for kappa 30.5470 sec
Elapsed time for experts 10.7740 sec
Elapsed time for households 9.9089 sec
Iteration 116
Elapsed time for kappa 30.7603 sec
Elapsed time for experts 10.8199 sec
Elapsed time for households 9.3389 sec
Iteration 117
Elapsed time for kappa 30.9765 sec
Elapsed time for experts 11.0611 sec
Elapsed time for households 9.4871 sec
Iteration 118
Elapsed time for kappa 30.2277 sec
Elapsed time for experts 10.9923 sec
Elapsed time for households 9.5984 sec
Iteration 119
Elapsed time for kappa 36.9435 sec
Elapsed time for experts 10.8913 sec
Elapsed time for households 9.4733 sec
Iteration 120
Elapsed time for kappa 30.1228 sec
Elapsed time for experts 10.7786 sec
Elapsed time for households 9.5271 sec
Iteration 121
Elapsed time for kappa 30.5209 sec
Elapsed time for experts 10.7331 sec
Elapsed time for households 9.6247 sec
Iteration 122
Elapsed time for kappa 30.6972 sec
Elapsed time for experts 10.8576 sec
Elapsed time for households 9.5076 sec
Iteration 123
Elapsed time for kappa 30.5582 sec
Elapsed time for experts 11.1031 sec
Elapsed time for households 9.6877 sec
Iteration 124
Elapsed time for kappa 30.1778 sec
Elapsed time for experts 16.1436 sec
Elapsed time for households 9.8875 sec
Iteration 125
Elapsed time for kappa 30.6935 sec
Elapsed time for experts 11.3614 sec
Elapsed time for households 10.2890 sec
Iteration 126
Elapsed time for kappa 30.5463 sec
Elapsed time for experts 11.0666 sec
Elapsed time for households 9.7022 sec
Iteration 127
Elapsed time for kappa 31.7132 sec
Elapsed time for experts 11.1044 sec
Elapsed time for households 10.5831 sec
Iteration 128
Elapsed time for kappa 30.7388 sec
Elapsed time for experts 11.1505 sec
Elapsed time for households 9.7723 sec
Iteration 129
Elapsed time for kappa 31.0523 sec
Elapsed time for experts 11.4836 sec
Elapsed time for households 9.3993 sec
Iteration 130
Elapsed time for kappa 30.7983 sec
Elapsed time for experts 17.1850 sec
Elapsed time for households 10.5157 sec
Iteration 131
Elapsed time for kappa 30.8991 sec
Elapsed time for experts 11.2923 sec
Elapsed time for households 10.5939 sec
Iteration 132
Elapsed time for kappa 30.7941 sec
Elapsed time for experts 10.8667 sec
Elapsed time for households 9.4963 sec
Iteration 133
Elapsed time for kappa 30.2691 sec
Elapsed time for experts 11.4493 sec
Elapsed time for households 9.2996 sec
Iteration 134
Elapsed time for kappa 29.7056 sec
Elapsed time for experts 10.8534 sec
Elapsed time for households 9.2892 sec
Iteration 135
Elapsed time for kappa 30.1608 sec
Elapsed time for experts 10.9005 sec
Elapsed time for households 9.3547 sec
Iteration 136
Elapsed time for kappa 30.4022 sec
Elapsed time for experts 16.8251 sec
Elapsed time for households 9.6270 sec
Iteration 137
Elapsed time for kappa 30.3507 sec
Elapsed time for experts 10.9628 sec
Elapsed time for households 10.3696 sec
Iteration 138
Elapsed time for kappa 30.7140 sec
Elapsed time for experts 11.5423 sec
Elapsed time for households 10.4457 sec
Iteration 139
Elapsed time for kappa 30.1611 sec
Elapsed time for experts 10.6723 sec
Elapsed time for households 9.8473 sec
Iteration 140
Elapsed time for kappa 29.7463 sec
Elapsed time for experts 10.6095 sec
Elapsed time for households 9.3149 sec
Iteration 141
Elapsed time for kappa 29.7055 sec
Elapsed time for experts 10.5600 sec
Elapsed time for households 9.6365 sec
Iteration 142
Elapsed time for kappa 30.0569 sec
Elapsed time for experts 17.0179 sec
Elapsed time for households 9.8472 sec
Iteration 143
Elapsed time for kappa 30.5921 sec
Elapsed time for experts 10.9459 sec
Elapsed time for households 9.4180 sec
Iteration 144
Elapsed time for kappa 30.3564 sec
Elapsed time for experts 10.8027 sec
Elapsed time for households 9.3623 sec
Iteration 145
Elapsed time for kappa 30.3471 sec
Elapsed time for experts 10.8030 sec
Elapsed time for households 9.5207 sec
Iteration 146
Elapsed time for kappa 30.4225 sec
Elapsed time for experts 11.9694 sec
Elapsed time for households 10.5902 sec
Iteration 147
Elapsed time for kappa 31.8752 sec
Elapsed time for experts 12.0069 sec
Elapsed time for households 10.3634 sec
Iteration 148
Elapsed time for kappa 38.9781 sec
Elapsed time for experts 12.3503 sec
Elapsed time for households 10.9527 sec
Iteration 149
Elapsed time for kappa 32.3726 sec
Elapsed time for experts 11.6451 sec
Elapsed time for households 10.2568 sec
Iteration 150
Elapsed time for kappa 32.6281 sec
Elapsed time for experts 11.8931 sec
Elapsed time for households 10.3892 sec
Iteration 151
Elapsed time for kappa 32.3795 sec
Elapsed time for experts 12.0204 sec
Elapsed time for households 10.6645 sec
Iteration 152
Elapsed time for kappa 32.0289 sec
Elapsed time for experts 12.2429 sec
Elapsed time for households 11.0973 sec
Iteration 153
Elapsed time for kappa 31.9413 sec
Elapsed time for experts 10.9870 sec
Elapsed time for households 9.6738 sec
Iteration 154
Elapsed time for kappa 37.0748 sec
Elapsed time for experts 11.1204 sec
Elapsed time for households 9.8462 sec
Iteration 155
Elapsed time for kappa 30.4443 sec
Elapsed time for experts 10.9586 sec
Elapsed time for households 9.9117 sec
Iteration 156
Elapsed time for kappa 30.5034 sec
Elapsed time for experts 11.0331 sec
Elapsed time for households 9.4634 sec
Iteration 157
Elapsed time for kappa 30.1823 sec
Elapsed time for experts 10.8450 sec
Elapsed time for households 9.5289 sec
Iteration 158
Elapsed time for kappa 29.9830 sec
Elapsed time for experts 10.7857 sec
Elapsed time for households 9.4483 sec
Iteration 159
Elapsed time for kappa 29.8386 sec
Elapsed time for experts 10.7971 sec
Elapsed time for households 9.5603 sec
Iteration 160
Elapsed time for kappa 36.7443 sec
Elapsed time for experts 11.1977 sec
Elapsed time for households 9.8763 sec
Iteration 161
Elapsed time for kappa 30.5002 sec
Elapsed time for experts 10.8371 sec
Elapsed time for households 9.5691 sec
Iteration 162
Elapsed time for kappa 30.7145 sec
Elapsed time for experts 10.7494 sec
Elapsed time for households 9.6986 sec
Iteration 163
Elapsed time for kappa 32.1295 sec
Elapsed time for experts 12.1577 sec
Elapsed time for households 10.0982 sec
Iteration 164
Elapsed time for kappa 31.9650 sec
Elapsed time for experts 12.3593 sec
Elapsed time for households 10.7634 sec
Iteration 165
Elapsed time for kappa 31.9481 sec
Elapsed time for experts 12.0863 sec
Elapsed time for households 10.9760 sec
Iteration 166
Elapsed time for kappa 39.3568 sec
Elapsed time for experts 12.4699 sec
Elapsed time for households 11.0095 sec
Iteration 167
Elapsed time for kappa 32.7618 sec
Elapsed time for experts 12.8714 sec
Elapsed time for households 10.6795 sec
Iteration 168
Elapsed time for kappa 32.7354 sec
Elapsed time for experts 12.4064 sec
Elapsed time for households 10.6256 sec
Iteration 169
Elapsed time for kappa 32.3490 sec
Elapsed time for experts 12.0516 sec
Elapsed time for households 10.5440 sec
Iteration 170
Elapsed time for kappa 32.4534 sec
Elapsed time for experts 12.0485 sec
Elapsed time for households 11.0655 sec
Iteration 171
Elapsed time for kappa 32.8161 sec
Elapsed time for experts 12.3071 sec
Elapsed time for households 16.8263 sec
Iteration 172
Elapsed time for kappa 33.0966 sec
Elapsed time for experts 11.9328 sec
Elapsed time for households 10.3950 sec
Iteration 173
Elapsed time for kappa 33.0397 sec
Elapsed time for experts 12.4547 sec
Elapsed time for households 10.8667 sec
Iteration 174
Elapsed time for kappa 32.5921 sec
Elapsed time for experts 12.1794 sec
Elapsed time for households 9.6971 sec
Iteration 175
Elapsed time for kappa 30.2096 sec
Elapsed time for experts 11.9694 sec
Elapsed time for households 10.6169 sec
Iteration 176
Elapsed time for kappa 32.1362 sec
Elapsed time for experts 12.1611 sec
Elapsed time for households 10.7275 sec
Iteration 177
Elapsed time for kappa 32.6682 sec
Elapsed time for experts 12.1994 sec
Elapsed time for households 17.2514 sec
Iteration 178
Elapsed time for kappa 32.9623 sec
Elapsed time for experts 12.3597 sec
Elapsed time for households 11.1180 sec
Iteration 179
Elapsed time for kappa 32.6592 sec
Elapsed time for experts 11.8358 sec
Elapsed time for households 10.5149 sec
Iteration 180
Elapsed time for kappa 32.3301 sec
Elapsed time for experts 11.9558 sec
Elapsed time for households 10.3944 sec
Iteration 181
Elapsed time for kappa 33.2843 sec
Elapsed time for experts 11.6769 sec
Elapsed time for households 10.3636 sec
Iteration 182
Elapsed time for kappa 32.2653 sec
Elapsed time for experts 11.9110 sec
Elapsed time for households 10.4619 sec
Iteration 183
Elapsed time for kappa 32.4420 sec
Elapsed time for experts 11.8452 sec
Elapsed time for households 16.6217 sec
Iteration 184
Elapsed time for kappa 33.0613 sec
Elapsed time for experts 11.8677 sec
Elapsed time for households 10.4099 sec
Iteration 185
Elapsed time for kappa 32.4430 sec
Elapsed time for experts 12.2376 sec
Elapsed time for households 10.5786 sec
Iteration 186
Elapsed time for kappa 32.2499 sec
Elapsed time for experts 12.3344 sec
Elapsed time for households 10.4211 sec
Iteration 187
Elapsed time for kappa 32.1158 sec
Elapsed time for experts 12.1614 sec
Elapsed time for households 10.7559 sec
Iteration 188
Elapsed time for kappa 32.2750 sec
Elapsed time for experts 12.0577 sec
Elapsed time for households 10.7441 sec
Iteration 189
Elapsed time for kappa 32.7259 sec
Elapsed time for experts 19.7028 sec
Elapsed time for households 10.9455 sec
Iteration 190
Elapsed time for kappa 32.9893 sec
Elapsed time for experts 12.7085 sec
Elapsed time for households 10.8964 sec
Iteration 191
Elapsed time for kappa 32.2802 sec
Elapsed time for experts 12.1477 sec
Elapsed time for households 11.0867 sec
Iteration 192
Elapsed time for kappa 31.9738 sec
Elapsed time for experts 12.0646 sec
Elapsed time for households 10.8787 sec
Iteration 193
Elapsed time for kappa 32.0503 sec
Elapsed time for experts 11.9582 sec
Elapsed time for households 10.4985 sec
Iteration 194
Elapsed time for kappa 32.3459 sec
Elapsed time for experts 11.6845 sec
Elapsed time for households 10.8853 sec
Iteration 195
Elapsed time for kappa 31.9654 sec
Elapsed time for experts 18.3587 sec
Elapsed time for households 11.3085 sec
Iteration 196
Elapsed time for kappa 33.2597 sec
Elapsed time for experts 12.0384 sec
Elapsed time for households 10.6912 sec
Iteration 197
Elapsed time for kappa 32.8525 sec
Elapsed time for experts 11.8788 sec
Elapsed time for households 10.5104 sec
Iteration 198
Elapsed time for kappa 32.5388 sec
Elapsed time for experts 11.8293 sec
Elapsed time for households 10.4580 sec
Iteration 199
Elapsed time for kappa 32.9746 sec
Elapsed time for experts 10.9106 sec
Elapsed time for households 9.3873 sec
Elapsed time for training 11140.1069 sec
90000 90000 90000 90000
