Iteration 0
Elapsed time for kappa 92.1398 sec
Elapsed time for experts 28.2553 sec
Elapsed time for households 23.0443 sec
Iteration 1
Elapsed time for kappa 48.5900 sec
Elapsed time for experts 23.3958 sec
Elapsed time for households 20.4448 sec
Iteration 2
Elapsed time for kappa 43.0801 sec
Elapsed time for experts 21.4697 sec
Elapsed time for households 20.2019 sec
Iteration 3
Elapsed time for kappa 46.8216 sec
Elapsed time for experts 19.3933 sec
Elapsed time for households 18.7880 sec
Iteration 4
Elapsed time for kappa 45.1506 sec
Elapsed time for experts 18.1048 sec
Elapsed time for households 16.0340 sec
Iteration 5
Elapsed time for kappa 43.8064 sec
Elapsed time for experts 17.6770 sec
Elapsed time for households 14.7973 sec
Iteration 6
Elapsed time for kappa 43.2910 sec
Elapsed time for experts 17.9962 sec
Elapsed time for households 13.7725 sec
Iteration 7
Elapsed time for kappa 53.3302 sec
Elapsed time for experts 18.3319 sec
Elapsed time for households 16.2493 sec
Iteration 8
Elapsed time for kappa 44.2750 sec
Elapsed time for experts 17.8024 sec
Elapsed time for households 13.9872 sec
Iteration 9
Elapsed time for kappa 42.5446 sec
Elapsed time for experts 17.5090 sec
Elapsed time for households 15.3600 sec
Iteration 10
Elapsed time for kappa 44.0645 sec
Elapsed time for experts 17.0654 sec
Elapsed time for households 15.4404 sec
Iteration 11
Elapsed time for kappa 43.5043 sec
Elapsed time for experts 22.3382 sec
Elapsed time for households 15.7731 sec
Iteration 12
Elapsed time for kappa 44.3741 sec
Elapsed time for experts 18.5052 sec
Elapsed time for households 22.2654 sec
Iteration 13
Elapsed time for kappa 43.2276 sec
Elapsed time for experts 17.4694 sec
Elapsed time for households 14.5812 sec
Iteration 14
Elapsed time for kappa 44.1885 sec
Elapsed time for experts 17.7385 sec
Elapsed time for households 14.8583 sec
Iteration 15
Elapsed time for kappa 43.9538 sec
Elapsed time for experts 17.0035 sec
Elapsed time for households 15.7560 sec
Iteration 16
Elapsed time for kappa 43.9050 sec
Elapsed time for experts 16.2805 sec
Elapsed time for households 13.9571 sec
Iteration 17
Elapsed time for kappa 41.9058 sec
Elapsed time for experts 15.6494 sec
Elapsed time for households 13.8123 sec
Iteration 18
Elapsed time for kappa 46.0603 sec
Elapsed time for experts 18.4539 sec
Elapsed time for households 24.9472 sec
Iteration 19
Elapsed time for kappa 46.5281 sec
Elapsed time for experts 18.6360 sec
Elapsed time for households 14.4112 sec
Iteration 20
Elapsed time for kappa 43.0691 sec
Elapsed time for experts 17.4241 sec
Elapsed time for households 15.6728 sec
Iteration 21
Elapsed time for kappa 42.4557 sec
Elapsed time for experts 16.5739 sec
Elapsed time for households 14.0705 sec
Iteration 22
Elapsed time for kappa 43.7142 sec
Elapsed time for experts 19.5292 sec
Elapsed time for households 15.9397 sec
Iteration 23
Elapsed time for kappa 44.3685 sec
Elapsed time for experts 16.6180 sec
Elapsed time for households 13.8679 sec
Iteration 24
Elapsed time for kappa 43.1688 sec
Elapsed time for experts 27.0460 sec
Elapsed time for households 15.6515 sec
Iteration 25
Elapsed time for kappa 43.1802 sec
Elapsed time for experts 18.1643 sec
Elapsed time for households 15.7180 sec
Iteration 26
Elapsed time for kappa 44.8401 sec
Elapsed time for experts 18.6025 sec
Elapsed time for households 15.3097 sec
Iteration 27
Elapsed time for kappa 42.0524 sec
Elapsed time for experts 16.4353 sec
Elapsed time for households 14.9567 sec
Iteration 28
Elapsed time for kappa 44.2129 sec
Elapsed time for experts 17.7774 sec
Elapsed time for households 15.2449 sec
Iteration 29
Elapsed time for kappa 43.9306 sec
Elapsed time for experts 17.4806 sec
Elapsed time for households 13.7849 sec
Iteration 30
Elapsed time for kappa 41.9101 sec
Elapsed time for experts 25.8711 sec
Elapsed time for households 15.7869 sec
Iteration 31
Elapsed time for kappa 41.3190 sec
Elapsed time for experts 16.7077 sec
Elapsed time for households 13.7279 sec
Iteration 32
Elapsed time for kappa 42.9573 sec
Elapsed time for experts 16.9475 sec
Elapsed time for households 14.6352 sec
Iteration 33
Elapsed time for kappa 43.6582 sec
Elapsed time for experts 17.9309 sec
Elapsed time for households 16.2679 sec
Iteration 34
Elapsed time for kappa 42.9483 sec
Elapsed time for experts 17.9648 sec
Elapsed time for households 16.2648 sec
Iteration 35
Elapsed time for kappa 44.2195 sec
Elapsed time for experts 16.8573 sec
Elapsed time for households 13.9406 sec
Iteration 36
Elapsed time for kappa 41.4619 sec
Elapsed time for experts 23.8321 sec
Elapsed time for households 14.4008 sec
Iteration 37
Elapsed time for kappa 43.2241 sec
Elapsed time for experts 17.5274 sec
Elapsed time for households 15.3604 sec
Iteration 38
Elapsed time for kappa 43.5136 sec
Elapsed time for experts 18.0082 sec
Elapsed time for households 14.9925 sec
Iteration 39
Elapsed time for kappa 41.1223 sec
Elapsed time for experts 16.0651 sec
Elapsed time for households 13.8289 sec
Iteration 40
Elapsed time for kappa 41.4689 sec
Elapsed time for experts 17.6271 sec
Elapsed time for households 14.4994 sec
Iteration 41
Elapsed time for kappa 42.4221 sec
Elapsed time for experts 17.0271 sec
Elapsed time for households 15.8642 sec
Iteration 42
Elapsed time for kappa 50.1984 sec
Elapsed time for experts 15.3464 sec
Elapsed time for households 14.4771 sec
Iteration 43
Elapsed time for kappa 43.7140 sec
Elapsed time for experts 16.8215 sec
Elapsed time for households 15.9856 sec
Iteration 44
Elapsed time for kappa 43.0194 sec
Elapsed time for experts 16.5506 sec
Elapsed time for households 15.1667 sec
Iteration 45
Elapsed time for kappa 41.3908 sec
Elapsed time for experts 16.5161 sec
Elapsed time for households 14.1943 sec
Iteration 46
Elapsed time for kappa 43.0514 sec
Elapsed time for experts 17.6443 sec
Elapsed time for households 15.2799 sec
Iteration 47
Elapsed time for kappa 43.5260 sec
Elapsed time for experts 17.6379 sec
Elapsed time for households 14.8642 sec
Iteration 48
Elapsed time for kappa 49.3278 sec
Elapsed time for experts 15.4886 sec
Elapsed time for households 14.5929 sec
Iteration 49
Elapsed time for kappa 42.6109 sec
Elapsed time for experts 17.2625 sec
Elapsed time for households 15.5796 sec
Iteration 50
Elapsed time for kappa 42.0106 sec
Elapsed time for experts 15.4109 sec
Elapsed time for households 12.8740 sec
Iteration 51
Elapsed time for kappa 40.1509 sec
Elapsed time for experts 16.6680 sec
Elapsed time for households 14.2747 sec
Iteration 52
Elapsed time for kappa 42.7876 sec
Elapsed time for experts 16.2033 sec
Elapsed time for households 15.1428 sec
Iteration 53
Elapsed time for kappa 42.9248 sec
Elapsed time for experts 16.1692 sec
Elapsed time for households 15.9868 sec
Iteration 54
Elapsed time for kappa 50.3181 sec
Elapsed time for experts 17.1513 sec
Elapsed time for households 15.2358 sec
Iteration 55
Elapsed time for kappa 43.7783 sec
Elapsed time for experts 17.0973 sec
Elapsed time for households 15.5502 sec
Iteration 56
Elapsed time for kappa 43.2391 sec
Elapsed time for experts 17.2160 sec
Elapsed time for households 15.3768 sec
Iteration 57
Elapsed time for kappa 42.7537 sec
Elapsed time for experts 17.1072 sec
Elapsed time for households 15.7897 sec
Iteration 58
Elapsed time for kappa 42.6388 sec
Elapsed time for experts 16.7693 sec
Elapsed time for households 13.9174 sec
Iteration 59
Elapsed time for kappa 41.1505 sec
Elapsed time for experts 16.4560 sec
Elapsed time for households 15.5285 sec
Iteration 60
Elapsed time for kappa 49.5285 sec
Elapsed time for experts 17.7303 sec
Elapsed time for households 14.8102 sec
Iteration 61
Elapsed time for kappa 42.8747 sec
Elapsed time for experts 16.5630 sec
Elapsed time for households 14.4705 sec
Iteration 62
Elapsed time for kappa 43.1599 sec
Elapsed time for experts 16.4646 sec
Elapsed time for households 14.0436 sec
Iteration 63
Elapsed time for kappa 43.4765 sec
Elapsed time for experts 16.8711 sec
Elapsed time for households 13.9425 sec
Iteration 64
Elapsed time for kappa 40.2239 sec
Elapsed time for experts 15.0607 sec
Elapsed time for households 14.1872 sec
Iteration 65
Elapsed time for kappa 40.6704 sec
Elapsed time for experts 16.6258 sec
Elapsed time for households 14.8738 sec
Iteration 66
Elapsed time for kappa 49.9769 sec
Elapsed time for experts 16.2556 sec
Elapsed time for households 15.1595 sec
Iteration 67
Elapsed time for kappa 41.0456 sec
Elapsed time for experts 14.9933 sec
Elapsed time for households 13.2298 sec
Iteration 68
Elapsed time for kappa 41.3397 sec
Elapsed time for experts 16.9981 sec
Elapsed time for households 15.0484 sec
Iteration 69
Elapsed time for kappa 42.2005 sec
Elapsed time for experts 16.5906 sec
Elapsed time for households 14.6321 sec
Iteration 70
Elapsed time for kappa 43.5229 sec
Elapsed time for experts 17.2473 sec
Elapsed time for households 15.0446 sec
Iteration 71
Elapsed time for kappa 43.4095 sec
Elapsed time for experts 18.2289 sec
Elapsed time for households 21.2534 sec
Iteration 72
Elapsed time for kappa 43.2032 sec
Elapsed time for experts 16.1786 sec
Elapsed time for households 14.5904 sec
Iteration 73
Elapsed time for kappa 41.8324 sec
Elapsed time for experts 15.0200 sec
Elapsed time for households 14.6033 sec
Iteration 74
Elapsed time for kappa 44.0977 sec
Elapsed time for experts 17.8163 sec
Elapsed time for households 15.1648 sec
Iteration 75
Elapsed time for kappa 41.7510 sec
Elapsed time for experts 16.3420 sec
Elapsed time for households 15.2968 sec
Iteration 76
Elapsed time for kappa 43.1682 sec
Elapsed time for experts 17.1803 sec
Elapsed time for households 14.7393 sec
Iteration 77
Elapsed time for kappa 42.8712 sec
Elapsed time for experts 23.5913 sec
Elapsed time for households 15.1360 sec
Iteration 78
Elapsed time for kappa 42.6021 sec
Elapsed time for experts 16.6722 sec
Elapsed time for households 14.8157 sec
Iteration 79
Elapsed time for kappa 43.0884 sec
Elapsed time for experts 17.1659 sec
Elapsed time for households 14.7844 sec
Iteration 80
Elapsed time for kappa 42.9634 sec
Elapsed time for experts 18.1256 sec
Elapsed time for households 15.5115 sec
Iteration 81
Elapsed time for kappa 42.6161 sec
Elapsed time for experts 17.0590 sec
Elapsed time for households 15.7395 sec
Iteration 82
Elapsed time for kappa 43.3276 sec
Elapsed time for experts 17.0833 sec
Elapsed time for households 15.4449 sec
Iteration 83
Elapsed time for kappa 44.6870 sec
Elapsed time for experts 25.0108 sec
Elapsed time for households 15.1593 sec
Iteration 84
Elapsed time for kappa 43.5027 sec
Elapsed time for experts 17.2496 sec
Elapsed time for households 14.6281 sec
Iteration 85
Elapsed time for kappa 43.3204 sec
Elapsed time for experts 16.9051 sec
Elapsed time for households 15.8377 sec
Iteration 86
Elapsed time for kappa 43.7307 sec
Elapsed time for experts 18.3661 sec
Elapsed time for households 15.0053 sec
Iteration 87
Elapsed time for kappa 43.4788 sec
Elapsed time for experts 15.0734 sec
Elapsed time for households 14.0703 sec
Iteration 88
Elapsed time for kappa 41.7970 sec
Elapsed time for experts 17.5384 sec
Elapsed time for households 15.1991 sec
Iteration 89
Elapsed time for kappa 42.1361 sec
Elapsed time for experts 23.9093 sec
Elapsed time for households 14.8445 sec
Iteration 90
Elapsed time for kappa 43.4767 sec
Elapsed time for experts 16.7056 sec
Elapsed time for households 15.1602 sec
Iteration 91
Elapsed time for kappa 43.3891 sec
Elapsed time for experts 17.5222 sec
Elapsed time for households 14.7557 sec
Iteration 92
Elapsed time for kappa 43.3146 sec
Elapsed time for experts 16.6985 sec
Elapsed time for households 15.0489 sec
Iteration 93
Elapsed time for kappa 42.3616 sec
Elapsed time for experts 15.9706 sec
Elapsed time for households 14.6836 sec
Iteration 94
Elapsed time for kappa 42.6684 sec
Elapsed time for experts 16.4628 sec
Elapsed time for households 14.9127 sec
Iteration 95
Elapsed time for kappa 49.6359 sec
Elapsed time for experts 16.6146 sec
Elapsed time for households 14.2363 sec
Iteration 96
Elapsed time for kappa 40.3109 sec
Elapsed time for experts 16.2590 sec
Elapsed time for households 14.2359 sec
Iteration 97
Elapsed time for kappa 42.7087 sec
Elapsed time for experts 17.7202 sec
Elapsed time for households 15.3527 sec
Iteration 98
Elapsed time for kappa 43.0821 sec
Elapsed time for experts 18.1346 sec
Elapsed time for households 16.0976 sec
Iteration 99
Elapsed time for kappa 43.0454 sec
Elapsed time for experts 16.9996 sec
Elapsed time for households 15.6814 sec
Iteration 100
Elapsed time for kappa 42.4511 sec
Elapsed time for experts 16.6261 sec
Elapsed time for households 15.4798 sec
Iteration 101
Elapsed time for kappa 50.6668 sec
Elapsed time for experts 16.8949 sec
Elapsed time for households 14.5127 sec
Iteration 102
Elapsed time for kappa 41.5124 sec
Elapsed time for experts 15.6023 sec
Elapsed time for households 13.3197 sec
Iteration 103
Elapsed time for kappa 42.4315 sec
Elapsed time for experts 17.1675 sec
Elapsed time for households 15.0168 sec
Iteration 104
Elapsed time for kappa 43.5667 sec
Elapsed time for experts 15.4582 sec
Elapsed time for households 13.8108 sec
Iteration 105
Elapsed time for kappa 42.6233 sec
Elapsed time for experts 17.0024 sec
Elapsed time for households 15.0497 sec
Iteration 106
Elapsed time for kappa 43.1270 sec
Elapsed time for experts 17.5128 sec
Elapsed time for households 15.3379 sec
Iteration 107
Elapsed time for kappa 48.4219 sec
Elapsed time for experts 15.4030 sec
Elapsed time for households 13.4493 sec
Iteration 108
Elapsed time for kappa 40.6245 sec
Elapsed time for experts 15.6502 sec
Elapsed time for households 13.7598 sec
Iteration 109
Elapsed time for kappa 42.6690 sec
Elapsed time for experts 17.2232 sec
Elapsed time for households 14.9492 sec
Iteration 110
Elapsed time for kappa 43.2355 sec
Elapsed time for experts 16.8113 sec
Elapsed time for households 15.1358 sec
Iteration 111
Elapsed time for kappa 43.2173 sec
Elapsed time for experts 17.0860 sec
Elapsed time for households 15.1058 sec
Iteration 112
Elapsed time for kappa 43.6810 sec
Elapsed time for experts 15.3084 sec
Elapsed time for households 13.1648 sec
Iteration 113
Elapsed time for kappa 47.7570 sec
Elapsed time for experts 14.9224 sec
Elapsed time for households 13.6255 sec
Iteration 114
Elapsed time for kappa 40.8579 sec
Elapsed time for experts 16.8888 sec
Elapsed time for households 14.5923 sec
Iteration 115
Elapsed time for kappa 42.8956 sec
Elapsed time for experts 16.2652 sec
Elapsed time for households 14.4369 sec
Iteration 116
Elapsed time for kappa 40.9626 sec
Elapsed time for experts 16.4478 sec
Elapsed time for households 13.5901 sec
Iteration 117
Elapsed time for kappa 40.9279 sec
Elapsed time for experts 17.7660 sec
Elapsed time for households 14.9233 sec
Iteration 118
Elapsed time for kappa 42.8296 sec
Elapsed time for experts 16.7983 sec
Elapsed time for households 14.9644 sec
Iteration 119
Elapsed time for kappa 50.3059 sec
Elapsed time for experts 16.4935 sec
Elapsed time for households 14.5781 sec
Iteration 120
Elapsed time for kappa 42.6015 sec
Elapsed time for experts 16.4992 sec
Elapsed time for households 15.5366 sec
Iteration 121
Elapsed time for kappa 43.4578 sec
Elapsed time for experts 16.0497 sec
Elapsed time for households 14.2363 sec
Iteration 122
Elapsed time for kappa 43.1902 sec
Elapsed time for experts 17.2496 sec
Elapsed time for households 14.9765 sec
Iteration 123
Elapsed time for kappa 43.3853 sec
Elapsed time for experts 17.0893 sec
Elapsed time for households 14.5933 sec
Iteration 124
Elapsed time for kappa 43.1719 sec
Elapsed time for experts 23.8018 sec
Elapsed time for households 15.1713 sec
Iteration 125
Elapsed time for kappa 43.1037 sec
Elapsed time for experts 18.0653 sec
Elapsed time for households 13.7276 sec
Iteration 126
Elapsed time for kappa 41.2781 sec
Elapsed time for experts 15.9375 sec
Elapsed time for households 15.8062 sec
Iteration 127
Elapsed time for kappa 44.3026 sec
Elapsed time for experts 17.1112 sec
Elapsed time for households 14.5510 sec
Iteration 128
Elapsed time for kappa 43.2849 sec
Elapsed time for experts 16.9703 sec
Elapsed time for households 14.9970 sec
Iteration 129
Elapsed time for kappa 40.6151 sec
Elapsed time for experts 16.6600 sec
Elapsed time for households 14.8269 sec
Iteration 130
Elapsed time for kappa 42.8254 sec
Elapsed time for experts 23.6408 sec
Elapsed time for households 15.0142 sec
Iteration 131
Elapsed time for kappa 41.9008 sec
Elapsed time for experts 16.3803 sec
Elapsed time for households 15.3935 sec
Iteration 132
Elapsed time for kappa 42.8495 sec
Elapsed time for experts 16.7883 sec
Elapsed time for households 15.1168 sec
Iteration 133
Elapsed time for kappa 39.7590 sec
Elapsed time for experts 18.1415 sec
Elapsed time for households 14.8306 sec
Iteration 134
Elapsed time for kappa 42.3436 sec
Elapsed time for experts 16.3261 sec
Elapsed time for households 15.0937 sec
Iteration 135
Elapsed time for kappa 42.3332 sec
Elapsed time for experts 16.2028 sec
Elapsed time for households 15.2818 sec
Iteration 136
Elapsed time for kappa 41.5952 sec
Elapsed time for experts 24.2145 sec
Elapsed time for households 15.0709 sec
Iteration 137
Elapsed time for kappa 43.4065 sec
Elapsed time for experts 15.0952 sec
Elapsed time for households 13.2036 sec
Iteration 138
Elapsed time for kappa 40.6132 sec
Elapsed time for experts 15.7801 sec
Elapsed time for households 13.4427 sec
Iteration 139
Elapsed time for kappa 40.3399 sec
Elapsed time for experts 15.3151 sec
Elapsed time for households 13.4177 sec
Iteration 140
Elapsed time for kappa 39.9683 sec
Elapsed time for experts 15.3960 sec
Elapsed time for households 13.2247 sec
Iteration 141
Elapsed time for kappa 40.3908 sec
Elapsed time for experts 15.1246 sec
Elapsed time for households 14.9782 sec
Iteration 142
Elapsed time for kappa 43.0715 sec
Elapsed time for experts 23.5348 sec
Elapsed time for households 15.1625 sec
Iteration 143
Elapsed time for kappa 40.0290 sec
Elapsed time for experts 15.4097 sec
Elapsed time for households 13.6908 sec
Iteration 144
Elapsed time for kappa 40.4795 sec
Elapsed time for experts 14.8997 sec
Elapsed time for households 13.7135 sec
Iteration 145
Elapsed time for kappa 41.3186 sec
Elapsed time for experts 17.6247 sec
Elapsed time for households 14.5756 sec
Iteration 146
Elapsed time for kappa 41.4668 sec
Elapsed time for experts 17.6665 sec
Elapsed time for households 14.8204 sec
Iteration 147
Elapsed time for kappa 42.1486 sec
Elapsed time for experts 16.9641 sec
Elapsed time for households 14.7449 sec
Iteration 148
Elapsed time for kappa 48.9103 sec
Elapsed time for experts 16.8464 sec
Elapsed time for households 14.6804 sec
Iteration 149
Elapsed time for kappa 42.0405 sec
Elapsed time for experts 16.5974 sec
Elapsed time for households 14.8637 sec
Iteration 150
Elapsed time for kappa 41.5795 sec
Elapsed time for experts 16.7633 sec
Elapsed time for households 14.6349 sec
Iteration 151
Elapsed time for kappa 41.7955 sec
Elapsed time for experts 15.9229 sec
Elapsed time for households 14.6620 sec
Iteration 152
Elapsed time for kappa 42.6819 sec
Elapsed time for experts 17.1924 sec
Elapsed time for households 15.1964 sec
Iteration 153
Elapsed time for kappa 39.5152 sec
Elapsed time for experts 15.5586 sec
Elapsed time for households 13.8668 sec
Iteration 154
Elapsed time for kappa 47.2324 sec
Elapsed time for experts 15.3944 sec
Elapsed time for households 14.6042 sec
Iteration 155
Elapsed time for kappa 42.5062 sec
Elapsed time for experts 16.2373 sec
Elapsed time for households 13.5252 sec
Iteration 156
Elapsed time for kappa 40.1732 sec
Elapsed time for experts 15.8558 sec
Elapsed time for households 14.5098 sec
Iteration 157
Elapsed time for kappa 42.4739 sec
Elapsed time for experts 16.1925 sec
Elapsed time for households 13.2414 sec
Iteration 158
Elapsed time for kappa 41.0639 sec
Elapsed time for experts 14.8923 sec
Elapsed time for households 13.6066 sec
Iteration 159
Elapsed time for kappa 39.1769 sec
Elapsed time for experts 15.2064 sec
Elapsed time for households 14.3868 sec
Iteration 160
Elapsed time for kappa 48.8467 sec
Elapsed time for experts 16.5793 sec
Elapsed time for households 14.7648 sec
Iteration 161
Elapsed time for kappa 42.4731 sec
Elapsed time for experts 16.4429 sec
Elapsed time for households 13.8242 sec
Iteration 162
Elapsed time for kappa 39.3651 sec
Elapsed time for experts 16.4002 sec
Elapsed time for households 14.6482 sec
Iteration 163
Elapsed time for kappa 41.4150 sec
Elapsed time for experts 16.3642 sec
Elapsed time for households 14.5867 sec
Iteration 164
Elapsed time for kappa 41.9352 sec
Elapsed time for experts 16.6135 sec
Elapsed time for households 15.0257 sec
Iteration 165
Elapsed time for kappa 40.1197 sec
Elapsed time for experts 15.2832 sec
Elapsed time for households 12.8627 sec
Iteration 166
Elapsed time for kappa 46.2627 sec
Elapsed time for experts 15.4432 sec
Elapsed time for households 14.5742 sec
Iteration 167
Elapsed time for kappa 42.3459 sec
Elapsed time for experts 16.9770 sec
Elapsed time for households 14.6143 sec
Iteration 168
Elapsed time for kappa 42.5234 sec
Elapsed time for experts 16.3221 sec
Elapsed time for households 14.7854 sec
Iteration 169
Elapsed time for kappa 42.4543 sec
Elapsed time for experts 16.4950 sec
Elapsed time for households 14.7683 sec
Iteration 170
Elapsed time for kappa 40.3663 sec
Elapsed time for experts 15.6556 sec
Elapsed time for households 14.0687 sec
Iteration 171
Elapsed time for kappa 39.6121 sec
Elapsed time for experts 16.5452 sec
Elapsed time for households 20.7514 sec
Iteration 172
Elapsed time for kappa 41.8886 sec
Elapsed time for experts 16.3051 sec
Elapsed time for households 15.0510 sec
Iteration 173
Elapsed time for kappa 41.9154 sec
Elapsed time for experts 15.7287 sec
Elapsed time for households 14.8704 sec
Iteration 174
Elapsed time for kappa 41.6710 sec
Elapsed time for experts 16.4076 sec
Elapsed time for households 14.3378 sec
Iteration 175
Elapsed time for kappa 40.0039 sec
Elapsed time for experts 15.1529 sec
Elapsed time for households 13.8682 sec
Iteration 176
Elapsed time for kappa 39.3124 sec
Elapsed time for experts 14.8003 sec
Elapsed time for households 12.9000 sec
Iteration 177
Elapsed time for kappa 40.2481 sec
Elapsed time for experts 17.2096 sec
Elapsed time for households 22.3439 sec
Iteration 178
Elapsed time for kappa 42.3971 sec
Elapsed time for experts 16.1232 sec
Elapsed time for households 13.9912 sec
Iteration 179
Elapsed time for kappa 41.4245 sec
Elapsed time for experts 16.3500 sec
Elapsed time for households 14.4609 sec
Iteration 180
Elapsed time for kappa 43.5425 sec
Elapsed time for experts 16.7450 sec
Elapsed time for households 14.6175 sec
Iteration 181
Elapsed time for kappa 41.6652 sec
Elapsed time for experts 15.2923 sec
Elapsed time for households 13.8884 sec
Iteration 182
Elapsed time for kappa 41.0883 sec
Elapsed time for experts 15.1423 sec
Elapsed time for households 13.5809 sec
Iteration 183
Elapsed time for kappa 40.9051 sec
Elapsed time for experts 15.2883 sec
Elapsed time for households 22.2863 sec
Iteration 184
Elapsed time for kappa 41.5071 sec
Elapsed time for experts 16.4799 sec
Elapsed time for households 14.4195 sec
Iteration 185
Elapsed time for kappa 42.1488 sec
Elapsed time for experts 16.1389 sec
Elapsed time for households 14.7797 sec
Iteration 186
Elapsed time for kappa 39.4829 sec
Elapsed time for experts 15.0172 sec
Elapsed time for households 13.7987 sec
Iteration 187
Elapsed time for kappa 39.5477 sec
Elapsed time for experts 15.1117 sec
Elapsed time for households 13.1832 sec
Iteration 188
Elapsed time for kappa 39.1860 sec
Elapsed time for experts 15.2987 sec
Elapsed time for households 14.7537 sec
Iteration 189
Elapsed time for kappa 40.3727 sec
Elapsed time for experts 21.6526 sec
Elapsed time for households 13.8061 sec
Iteration 190
Elapsed time for kappa 39.1107 sec
Elapsed time for experts 15.0761 sec
Elapsed time for households 13.0653 sec
Iteration 191
Elapsed time for kappa 41.1609 sec
Elapsed time for experts 15.7665 sec
Elapsed time for households 14.4692 sec
Iteration 192
Elapsed time for kappa 39.7713 sec
Elapsed time for experts 15.5400 sec
Elapsed time for households 13.4655 sec
Iteration 193
Elapsed time for kappa 41.5030 sec
Elapsed time for experts 16.4713 sec
Elapsed time for households 14.6871 sec
Iteration 194
Elapsed time for kappa 42.1435 sec
Elapsed time for experts 16.8812 sec
Elapsed time for households 14.5318 sec
Iteration 195
Elapsed time for kappa 41.8677 sec
Elapsed time for experts 24.8435 sec
Elapsed time for households 14.8908 sec
Iteration 196
Elapsed time for kappa 41.4043 sec
Elapsed time for experts 16.3916 sec
Elapsed time for households 13.2941 sec
Iteration 197
Elapsed time for kappa 43.1609 sec
Elapsed time for experts 16.3726 sec
Elapsed time for households 15.1409 sec
Iteration 198
Elapsed time for kappa 42.8058 sec
Elapsed time for experts 16.6497 sec
Elapsed time for households 14.6413 sec
Iteration 199
Elapsed time for kappa 41.7627 sec
Elapsed time for experts 14.9757 sec
Elapsed time for households 12.9929 sec
Elapsed time for training 15088.4931 sec
90000 90000 90000 90000
