Iteration 0
Elapsed time for kappa 68.9218 sec
Elapsed time for experts 21.5269 sec
Elapsed time for households 16.7790 sec
Iteration 1
Elapsed time for kappa 36.1629 sec
Elapsed time for experts 16.3523 sec
Elapsed time for households 14.3067 sec
Iteration 2
Elapsed time for kappa 33.9033 sec
Elapsed time for experts 16.0867 sec
Elapsed time for households 10.8230 sec
Iteration 3
Elapsed time for kappa 34.0668 sec
Elapsed time for experts 16.1606 sec
Elapsed time for households 14.0063 sec
Iteration 4
Elapsed time for kappa 32.9979 sec
Elapsed time for experts 13.0017 sec
Elapsed time for households 10.7903 sec
Iteration 5
Elapsed time for kappa 33.2747 sec
Elapsed time for experts 12.5753 sec
Elapsed time for households 10.5952 sec
Iteration 6
Elapsed time for kappa 33.4501 sec
Elapsed time for experts 14.1197 sec
Elapsed time for households 10.2327 sec
Iteration 7
Elapsed time for kappa 40.2501 sec
Elapsed time for experts 15.9877 sec
Elapsed time for households 13.5638 sec
Iteration 8
Elapsed time for kappa 33.0750 sec
Elapsed time for experts 11.9880 sec
Elapsed time for households 14.0365 sec
Iteration 9
Elapsed time for kappa 32.8349 sec
Elapsed time for experts 14.3006 sec
Elapsed time for households 11.4177 sec
Iteration 10
Elapsed time for kappa 33.3548 sec
Elapsed time for experts 12.5450 sec
Elapsed time for households 10.2832 sec
Iteration 11
Elapsed time for kappa 33.3259 sec
Elapsed time for experts 14.9959 sec
Elapsed time for households 10.9492 sec
Iteration 12
Elapsed time for kappa 32.1209 sec
Elapsed time for experts 14.9579 sec
Elapsed time for households 16.8766 sec
Iteration 13
Elapsed time for kappa 34.0514 sec
Elapsed time for experts 13.8679 sec
Elapsed time for households 11.3139 sec
Iteration 14
Elapsed time for kappa 33.3177 sec
Elapsed time for experts 14.0648 sec
Elapsed time for households 10.9115 sec
Iteration 15
Elapsed time for kappa 33.0879 sec
Elapsed time for experts 13.4954 sec
Elapsed time for households 11.0991 sec
Iteration 16
Elapsed time for kappa 33.3340 sec
Elapsed time for experts 13.2403 sec
Elapsed time for households 10.3931 sec
Iteration 17
Elapsed time for kappa 32.8910 sec
Elapsed time for experts 13.4023 sec
Elapsed time for households 10.5278 sec
Iteration 18
Elapsed time for kappa 33.7933 sec
Elapsed time for experts 15.4225 sec
Elapsed time for households 18.0668 sec
Iteration 19
Elapsed time for kappa 34.4797 sec
Elapsed time for experts 14.7030 sec
Elapsed time for households 13.7711 sec
Iteration 20
Elapsed time for kappa 33.7334 sec
Elapsed time for experts 12.7281 sec
Elapsed time for households 10.6271 sec
Iteration 21
Elapsed time for kappa 33.3198 sec
Elapsed time for experts 12.2762 sec
Elapsed time for households 10.9083 sec
Iteration 22
Elapsed time for kappa 32.9313 sec
Elapsed time for experts 12.2811 sec
Elapsed time for households 10.9976 sec
Iteration 23
Elapsed time for kappa 33.2000 sec
Elapsed time for experts 13.4047 sec
Elapsed time for households 11.5147 sec
Iteration 24
Elapsed time for kappa 32.9716 sec
Elapsed time for experts 21.9459 sec
Elapsed time for households 10.7977 sec
Iteration 25
Elapsed time for kappa 33.9524 sec
Elapsed time for experts 14.0785 sec
Elapsed time for households 10.8759 sec
Iteration 26
Elapsed time for kappa 33.3129 sec
Elapsed time for experts 13.1164 sec
Elapsed time for households 10.8398 sec
Iteration 27
Elapsed time for kappa 32.8776 sec
Elapsed time for experts 12.5503 sec
Elapsed time for households 10.4305 sec
Iteration 28
Elapsed time for kappa 32.9904 sec
Elapsed time for experts 11.7104 sec
Elapsed time for households 10.5747 sec
Iteration 29
Elapsed time for kappa 32.5867 sec
Elapsed time for experts 12.6505 sec
Elapsed time for households 10.8316 sec
Iteration 30
Elapsed time for kappa 32.9284 sec
Elapsed time for experts 21.0982 sec
Elapsed time for households 11.4919 sec
Iteration 31
Elapsed time for kappa 33.8938 sec
Elapsed time for experts 13.2854 sec
Elapsed time for households 12.1565 sec
Iteration 32
Elapsed time for kappa 33.5045 sec
Elapsed time for experts 13.3576 sec
Elapsed time for households 10.5263 sec
Iteration 33
Elapsed time for kappa 33.6981 sec
Elapsed time for experts 12.6389 sec
Elapsed time for households 12.5123 sec
Iteration 34
Elapsed time for kappa 33.1056 sec
Elapsed time for experts 12.7099 sec
Elapsed time for households 10.7586 sec
Iteration 35
Elapsed time for kappa 32.9768 sec
Elapsed time for experts 12.9456 sec
Elapsed time for households 10.5120 sec
Iteration 36
Elapsed time for kappa 33.2141 sec
Elapsed time for experts 20.0205 sec
Elapsed time for households 10.9612 sec
Iteration 37
Elapsed time for kappa 33.3752 sec
Elapsed time for experts 13.7324 sec
Elapsed time for households 10.4398 sec
Iteration 38
Elapsed time for kappa 32.7615 sec
Elapsed time for experts 12.8444 sec
Elapsed time for households 10.4660 sec
Iteration 39
Elapsed time for kappa 33.1074 sec
Elapsed time for experts 12.6584 sec
Elapsed time for households 10.0389 sec
Iteration 40
Elapsed time for kappa 32.7613 sec
Elapsed time for experts 13.4811 sec
Elapsed time for households 11.3103 sec
Iteration 41
Elapsed time for kappa 33.1927 sec
Elapsed time for experts 12.9133 sec
Elapsed time for households 10.5736 sec
Iteration 42
Elapsed time for kappa 39.1348 sec
Elapsed time for experts 12.5982 sec
Elapsed time for households 10.5652 sec
Iteration 43
Elapsed time for kappa 32.8761 sec
Elapsed time for experts 13.1297 sec
Elapsed time for households 12.1252 sec
Iteration 44
Elapsed time for kappa 33.1249 sec
Elapsed time for experts 12.8417 sec
Elapsed time for households 10.6295 sec
Iteration 45
Elapsed time for kappa 32.7446 sec
Elapsed time for experts 13.2845 sec
Elapsed time for households 10.6859 sec
Iteration 46
Elapsed time for kappa 33.0299 sec
Elapsed time for experts 12.7829 sec
Elapsed time for households 10.3982 sec
Iteration 47
Elapsed time for kappa 32.9649 sec
Elapsed time for experts 13.4418 sec
Elapsed time for households 10.7277 sec
Iteration 48
Elapsed time for kappa 39.4471 sec
Elapsed time for experts 12.9022 sec
Elapsed time for households 11.1328 sec
Iteration 49
Elapsed time for kappa 32.7798 sec
Elapsed time for experts 12.6947 sec
Elapsed time for households 10.9757 sec
Iteration 50
Elapsed time for kappa 33.1477 sec
Elapsed time for experts 11.7890 sec
Elapsed time for households 10.2166 sec
Iteration 51
Elapsed time for kappa 32.8369 sec
Elapsed time for experts 12.4812 sec
Elapsed time for households 11.3920 sec
Iteration 52
Elapsed time for kappa 32.9728 sec
Elapsed time for experts 12.8177 sec
Elapsed time for households 10.5545 sec
Iteration 53
Elapsed time for kappa 33.1183 sec
Elapsed time for experts 13.1828 sec
Elapsed time for households 10.9281 sec
Iteration 54
Elapsed time for kappa 39.3512 sec
Elapsed time for experts 12.1138 sec
Elapsed time for households 10.9118 sec
Iteration 55
Elapsed time for kappa 33.0086 sec
Elapsed time for experts 12.9235 sec
Elapsed time for households 10.6813 sec
Iteration 56
Elapsed time for kappa 33.3283 sec
Elapsed time for experts 12.8136 sec
Elapsed time for households 10.5099 sec
Iteration 57
Elapsed time for kappa 33.3475 sec
Elapsed time for experts 13.0791 sec
Elapsed time for households 11.3588 sec
Iteration 58
Elapsed time for kappa 32.5905 sec
Elapsed time for experts 13.3547 sec
Elapsed time for households 10.4792 sec
Iteration 59
Elapsed time for kappa 32.8136 sec
Elapsed time for experts 14.7593 sec
Elapsed time for households 10.7944 sec
Iteration 60
Elapsed time for kappa 39.0883 sec
Elapsed time for experts 12.4462 sec
Elapsed time for households 10.3043 sec
Iteration 61
Elapsed time for kappa 32.9913 sec
Elapsed time for experts 12.9419 sec
Elapsed time for households 10.5055 sec
Iteration 62
Elapsed time for kappa 33.0395 sec
Elapsed time for experts 11.9327 sec
Elapsed time for households 10.3948 sec
Iteration 63
Elapsed time for kappa 33.0384 sec
Elapsed time for experts 12.8995 sec
Elapsed time for households 10.6056 sec
Iteration 64
Elapsed time for kappa 33.6590 sec
Elapsed time for experts 14.3306 sec
Elapsed time for households 11.0195 sec
Iteration 65
Elapsed time for kappa 32.9900 sec
Elapsed time for experts 13.2598 sec
Elapsed time for households 16.2160 sec
Iteration 66
Elapsed time for kappa 33.0692 sec
Elapsed time for experts 12.9084 sec
Elapsed time for households 10.6899 sec
Iteration 67
Elapsed time for kappa 33.0044 sec
Elapsed time for experts 13.2301 sec
Elapsed time for households 10.6236 sec
Iteration 68
Elapsed time for kappa 33.3161 sec
Elapsed time for experts 12.9794 sec
Elapsed time for households 10.8192 sec
Iteration 69
Elapsed time for kappa 33.1657 sec
Elapsed time for experts 12.6929 sec
Elapsed time for households 10.8926 sec
Iteration 70
Elapsed time for kappa 32.9496 sec
Elapsed time for experts 13.1382 sec
Elapsed time for households 10.5339 sec
Iteration 71
Elapsed time for kappa 33.4086 sec
Elapsed time for experts 20.5801 sec
Elapsed time for households 10.8044 sec
Iteration 72
Elapsed time for kappa 33.4789 sec
Elapsed time for experts 13.8550 sec
Elapsed time for households 11.2018 sec
Iteration 73
Elapsed time for kappa 33.1218 sec
Elapsed time for experts 12.8490 sec
Elapsed time for households 10.2298 sec
Iteration 74
Elapsed time for kappa 32.8548 sec
Elapsed time for experts 13.0184 sec
Elapsed time for households 11.1911 sec
Iteration 75
Elapsed time for kappa 32.7089 sec
Elapsed time for experts 13.1428 sec
Elapsed time for households 11.0126 sec
Iteration 76
Elapsed time for kappa 32.6034 sec
Elapsed time for experts 12.7713 sec
Elapsed time for households 10.2016 sec
Iteration 77
Elapsed time for kappa 32.5263 sec
Elapsed time for experts 19.1152 sec
Elapsed time for households 10.4399 sec
Iteration 78
Elapsed time for kappa 32.7656 sec
Elapsed time for experts 13.1669 sec
Elapsed time for households 10.5109 sec
Iteration 79
Elapsed time for kappa 32.1921 sec
Elapsed time for experts 12.4524 sec
Elapsed time for households 10.1737 sec
Iteration 80
Elapsed time for kappa 32.4535 sec
Elapsed time for experts 12.4258 sec
Elapsed time for households 10.1781 sec
Iteration 81
Elapsed time for kappa 32.0005 sec
Elapsed time for experts 11.9257 sec
Elapsed time for households 10.5958 sec
Iteration 82
Elapsed time for kappa 32.1822 sec
Elapsed time for experts 12.7807 sec
Elapsed time for households 10.2188 sec
Iteration 83
Elapsed time for kappa 32.9694 sec
Elapsed time for experts 19.6678 sec
Elapsed time for households 10.5710 sec
Iteration 84
Elapsed time for kappa 32.7624 sec
Elapsed time for experts 12.7510 sec
Elapsed time for households 10.8650 sec
Iteration 85
Elapsed time for kappa 32.6837 sec
Elapsed time for experts 12.5232 sec
Elapsed time for households 10.0827 sec
Iteration 86
Elapsed time for kappa 32.0958 sec
Elapsed time for experts 12.6367 sec
Elapsed time for households 10.3904 sec
Iteration 87
Elapsed time for kappa 32.0973 sec
Elapsed time for experts 12.6346 sec
Elapsed time for households 10.1175 sec
Iteration 88
Elapsed time for kappa 32.2892 sec
Elapsed time for experts 12.0738 sec
Elapsed time for households 11.0826 sec
Iteration 89
Elapsed time for kappa 32.1121 sec
Elapsed time for experts 19.2128 sec
Elapsed time for households 11.4687 sec
Iteration 90
Elapsed time for kappa 32.4599 sec
Elapsed time for experts 12.1849 sec
Elapsed time for households 10.5386 sec
Iteration 91
Elapsed time for kappa 32.1470 sec
Elapsed time for experts 12.1543 sec
Elapsed time for households 10.1792 sec
Iteration 92
Elapsed time for kappa 32.2049 sec
Elapsed time for experts 12.4449 sec
Elapsed time for households 10.0946 sec
Iteration 93
Elapsed time for kappa 31.6060 sec
Elapsed time for experts 12.2736 sec
Elapsed time for households 10.8812 sec
Iteration 94
Elapsed time for kappa 31.4627 sec
Elapsed time for experts 12.8145 sec
Elapsed time for households 11.1174 sec
Iteration 95
Elapsed time for kappa 38.4181 sec
Elapsed time for experts 13.0036 sec
Elapsed time for households 10.7449 sec
Iteration 96
Elapsed time for kappa 32.1409 sec
Elapsed time for experts 13.1351 sec
Elapsed time for households 10.3670 sec
Iteration 97
Elapsed time for kappa 31.9832 sec
Elapsed time for experts 12.8193 sec
Elapsed time for households 10.4158 sec
Iteration 98
Elapsed time for kappa 31.7189 sec
Elapsed time for experts 13.3106 sec
Elapsed time for households 10.1633 sec
Iteration 99
Elapsed time for kappa 31.7063 sec
Elapsed time for experts 11.9223 sec
Elapsed time for households 10.1272 sec
Iteration 100
Elapsed time for kappa 31.7303 sec
Elapsed time for experts 12.2004 sec
Elapsed time for households 9.9973 sec
Iteration 101
Elapsed time for kappa 38.1296 sec
Elapsed time for experts 13.1202 sec
Elapsed time for households 10.9060 sec
Iteration 102
Elapsed time for kappa 31.8848 sec
Elapsed time for experts 12.9726 sec
Elapsed time for households 10.1318 sec
Iteration 103
Elapsed time for kappa 32.2304 sec
Elapsed time for experts 11.9185 sec
Elapsed time for households 10.2394 sec
Iteration 104
Elapsed time for kappa 31.8016 sec
Elapsed time for experts 12.9422 sec
Elapsed time for households 10.0575 sec
Iteration 105
Elapsed time for kappa 31.5264 sec
Elapsed time for experts 12.5709 sec
Elapsed time for households 10.9267 sec
Iteration 106
Elapsed time for kappa 31.7445 sec
Elapsed time for experts 12.2855 sec
Elapsed time for households 10.2625 sec
Iteration 107
Elapsed time for kappa 38.3038 sec
Elapsed time for experts 13.2672 sec
Elapsed time for households 10.3013 sec
Iteration 108
Elapsed time for kappa 32.2115 sec
Elapsed time for experts 12.4235 sec
Elapsed time for households 10.1686 sec
Iteration 109
Elapsed time for kappa 31.7752 sec
Elapsed time for experts 12.9984 sec
Elapsed time for households 10.1725 sec
Iteration 110
Elapsed time for kappa 31.3393 sec
Elapsed time for experts 12.1154 sec
Elapsed time for households 10.2357 sec
Iteration 111
Elapsed time for kappa 31.5090 sec
Elapsed time for experts 12.3089 sec
Elapsed time for households 10.1367 sec
Iteration 112
Elapsed time for kappa 31.0147 sec
Elapsed time for experts 12.4222 sec
Elapsed time for households 11.1511 sec
Iteration 113
Elapsed time for kappa 38.2192 sec
Elapsed time for experts 12.5286 sec
Elapsed time for households 10.1453 sec
Iteration 114
Elapsed time for kappa 31.7992 sec
Elapsed time for experts 12.4484 sec
Elapsed time for households 10.3136 sec
Iteration 115
Elapsed time for kappa 31.3466 sec
Elapsed time for experts 12.4235 sec
Elapsed time for households 10.0777 sec
Iteration 116
Elapsed time for kappa 31.4272 sec
Elapsed time for experts 12.6099 sec
Elapsed time for households 10.0162 sec
Iteration 117
Elapsed time for kappa 31.6495 sec
Elapsed time for experts 12.2830 sec
Elapsed time for households 10.6188 sec
Iteration 118
Elapsed time for kappa 31.4521 sec
Elapsed time for experts 12.4256 sec
Elapsed time for households 15.6042 sec
Iteration 119
Elapsed time for kappa 31.9948 sec
Elapsed time for experts 13.3270 sec
Elapsed time for households 10.7683 sec
Iteration 120
Elapsed time for kappa 32.0879 sec
Elapsed time for experts 13.0885 sec
Elapsed time for households 10.3608 sec
Iteration 121
Elapsed time for kappa 31.6811 sec
Elapsed time for experts 11.6697 sec
Elapsed time for households 10.1870 sec
Iteration 122
Elapsed time for kappa 31.6838 sec
Elapsed time for experts 13.1953 sec
Elapsed time for households 10.1328 sec
Iteration 123
Elapsed time for kappa 31.7194 sec
Elapsed time for experts 12.2894 sec
Elapsed time for households 10.1132 sec
Iteration 124
Elapsed time for kappa 32.5158 sec
Elapsed time for experts 11.9340 sec
Elapsed time for households 16.8527 sec
Iteration 125
Elapsed time for kappa 31.9786 sec
Elapsed time for experts 13.1694 sec
Elapsed time for households 10.5091 sec
Iteration 126
Elapsed time for kappa 31.8383 sec
Elapsed time for experts 12.2268 sec
Elapsed time for households 10.2841 sec
Iteration 127
Elapsed time for kappa 31.7046 sec
Elapsed time for experts 12.7842 sec
Elapsed time for households 10.2059 sec
Iteration 128
Elapsed time for kappa 32.3469 sec
Elapsed time for experts 13.0214 sec
Elapsed time for households 10.2367 sec
Iteration 129
Elapsed time for kappa 31.5391 sec
Elapsed time for experts 11.9369 sec
Elapsed time for households 10.2408 sec
Iteration 130
Elapsed time for kappa 31.6496 sec
Elapsed time for experts 11.7007 sec
Elapsed time for households 16.2984 sec
Iteration 131
Elapsed time for kappa 32.0712 sec
Elapsed time for experts 13.1171 sec
Elapsed time for households 10.5450 sec
Iteration 132
Elapsed time for kappa 32.0477 sec
Elapsed time for experts 12.5836 sec
Elapsed time for households 10.5978 sec
Iteration 133
Elapsed time for kappa 31.8367 sec
Elapsed time for experts 12.8015 sec
Elapsed time for households 10.5070 sec
Iteration 134
Elapsed time for kappa 31.4708 sec
Elapsed time for experts 13.3705 sec
Elapsed time for households 10.4133 sec
Iteration 135
Elapsed time for kappa 31.2307 sec
Elapsed time for experts 13.2075 sec
Elapsed time for households 10.1732 sec
Iteration 136
Elapsed time for kappa 32.1405 sec
Elapsed time for experts 19.2846 sec
Elapsed time for households 11.2121 sec
Iteration 137
Elapsed time for kappa 32.2013 sec
Elapsed time for experts 11.9525 sec
Elapsed time for households 10.5154 sec
Iteration 138
Elapsed time for kappa 32.2130 sec
Elapsed time for experts 11.5928 sec
Elapsed time for households 10.0754 sec
Iteration 139
Elapsed time for kappa 31.8781 sec
Elapsed time for experts 13.2286 sec
Elapsed time for households 10.0417 sec
Iteration 140
Elapsed time for kappa 31.8673 sec
Elapsed time for experts 12.1553 sec
Elapsed time for households 10.9713 sec
Iteration 141
Elapsed time for kappa 31.9539 sec
Elapsed time for experts 13.1780 sec
Elapsed time for households 10.1162 sec
Iteration 142
Elapsed time for kappa 31.4380 sec
Elapsed time for experts 17.8760 sec
Elapsed time for households 10.3024 sec
Iteration 143
Elapsed time for kappa 32.0101 sec
Elapsed time for experts 12.7496 sec
Elapsed time for households 11.0014 sec
Iteration 144
Elapsed time for kappa 32.1370 sec
Elapsed time for experts 12.5883 sec
Elapsed time for households 10.2659 sec
Iteration 145
Elapsed time for kappa 31.6043 sec
Elapsed time for experts 12.1743 sec
Elapsed time for households 10.1331 sec
Iteration 146
Elapsed time for kappa 31.7128 sec
Elapsed time for experts 12.0281 sec
Elapsed time for households 9.7609 sec
Iteration 147
Elapsed time for kappa 31.6502 sec
Elapsed time for experts 12.2437 sec
Elapsed time for households 9.8749 sec
Iteration 148
Elapsed time for kappa 31.5298 sec
Elapsed time for experts 18.6237 sec
Elapsed time for households 11.2348 sec
Iteration 149
Elapsed time for kappa 31.8826 sec
Elapsed time for experts 12.3333 sec
Elapsed time for households 10.5550 sec
Iteration 150
Elapsed time for kappa 31.7032 sec
Elapsed time for experts 12.2874 sec
Elapsed time for households 10.2555 sec
Iteration 151
Elapsed time for kappa 31.8157 sec
Elapsed time for experts 12.7087 sec
Elapsed time for households 10.3184 sec
Iteration 152
Elapsed time for kappa 31.2678 sec
Elapsed time for experts 12.7044 sec
Elapsed time for households 10.3350 sec
Iteration 153
Elapsed time for kappa 31.2106 sec
Elapsed time for experts 12.9113 sec
Elapsed time for households 10.1141 sec
Iteration 154
Elapsed time for kappa 31.4662 sec
Elapsed time for experts 18.2773 sec
Elapsed time for households 10.5459 sec
Iteration 155
Elapsed time for kappa 31.5342 sec
Elapsed time for experts 12.2623 sec
Elapsed time for households 10.4688 sec
Iteration 156
Elapsed time for kappa 31.8477 sec
Elapsed time for experts 12.8497 sec
Elapsed time for households 10.2346 sec
Iteration 157
Elapsed time for kappa 31.6194 sec
Elapsed time for experts 12.6783 sec
Elapsed time for households 10.0741 sec
Iteration 158
Elapsed time for kappa 31.4921 sec
Elapsed time for experts 13.3307 sec
Elapsed time for households 10.3919 sec
Iteration 159
Elapsed time for kappa 31.2427 sec
Elapsed time for experts 12.7847 sec
Elapsed time for households 10.0371 sec
Iteration 160
Elapsed time for kappa 38.0722 sec
Elapsed time for experts 14.1807 sec
Elapsed time for households 10.3863 sec
Iteration 161
Elapsed time for kappa 31.1610 sec
Elapsed time for experts 13.1347 sec
Elapsed time for households 10.6697 sec
Iteration 162
Elapsed time for kappa 31.0537 sec
Elapsed time for experts 13.0483 sec
Elapsed time for households 10.6225 sec
Iteration 163
Elapsed time for kappa 30.8138 sec
Elapsed time for experts 11.6574 sec
Elapsed time for households 10.0864 sec
Iteration 164
Elapsed time for kappa 31.0064 sec
Elapsed time for experts 12.8926 sec
Elapsed time for households 9.8376 sec
Iteration 165
Elapsed time for kappa 31.5200 sec
Elapsed time for experts 12.0574 sec
Elapsed time for households 10.0113 sec
Iteration 166
Elapsed time for kappa 37.9163 sec
Elapsed time for experts 12.6576 sec
Elapsed time for households 10.4775 sec
Iteration 167
Elapsed time for kappa 31.6122 sec
Elapsed time for experts 12.3996 sec
Elapsed time for households 10.3592 sec
Iteration 168
Elapsed time for kappa 31.3714 sec
Elapsed time for experts 11.8122 sec
Elapsed time for households 10.2875 sec
Iteration 169
Elapsed time for kappa 31.3760 sec
Elapsed time for experts 11.3850 sec
Elapsed time for households 10.2411 sec
Iteration 170
Elapsed time for kappa 31.0844 sec
Elapsed time for experts 12.4626 sec
Elapsed time for households 10.5875 sec
Iteration 171
Elapsed time for kappa 30.9555 sec
Elapsed time for experts 12.1826 sec
Elapsed time for households 10.0639 sec
Iteration 172
Elapsed time for kappa 38.0240 sec
Elapsed time for experts 12.4768 sec
Elapsed time for households 10.1942 sec
Iteration 173
Elapsed time for kappa 31.4753 sec
Elapsed time for experts 12.0138 sec
Elapsed time for households 9.8195 sec
Iteration 174
Elapsed time for kappa 31.2095 sec
Elapsed time for experts 12.0541 sec
Elapsed time for households 10.8152 sec
Iteration 175
Elapsed time for kappa 31.1863 sec
Elapsed time for experts 12.1408 sec
Elapsed time for households 10.1512 sec
Iteration 176
Elapsed time for kappa 31.2990 sec
Elapsed time for experts 12.0887 sec
Elapsed time for households 10.3555 sec
Iteration 177
Elapsed time for kappa 31.0831 sec
Elapsed time for experts 12.4351 sec
Elapsed time for households 10.3083 sec
Iteration 178
Elapsed time for kappa 37.9039 sec
Elapsed time for experts 12.5884 sec
Elapsed time for households 10.2445 sec
Iteration 179
Elapsed time for kappa 32.0734 sec
Elapsed time for experts 11.5093 sec
Elapsed time for households 10.1192 sec
Iteration 180
Elapsed time for kappa 31.5110 sec
Elapsed time for experts 12.5606 sec
Elapsed time for households 10.7202 sec
Iteration 181
Elapsed time for kappa 31.2714 sec
Elapsed time for experts 12.0006 sec
Elapsed time for households 12.4811 sec
Iteration 182
Elapsed time for kappa 31.4063 sec
Elapsed time for experts 12.6409 sec
Elapsed time for households 11.1902 sec
Iteration 183
Elapsed time for kappa 31.2439 sec
Elapsed time for experts 11.7358 sec
Elapsed time for households 16.9912 sec
Iteration 184
Elapsed time for kappa 32.1659 sec
Elapsed time for experts 12.3794 sec
Elapsed time for households 10.7467 sec
Iteration 185
Elapsed time for kappa 31.6249 sec
Elapsed time for experts 12.1166 sec
Elapsed time for households 9.9568 sec
Iteration 186
Elapsed time for kappa 31.8049 sec
Elapsed time for experts 12.3348 sec
Elapsed time for households 9.8754 sec
Iteration 187
Elapsed time for kappa 31.1336 sec
Elapsed time for experts 12.4931 sec
Elapsed time for households 10.3274 sec
Iteration 188
Elapsed time for kappa 31.1011 sec
Elapsed time for experts 11.3772 sec
Elapsed time for households 9.8016 sec
Iteration 189
Elapsed time for kappa 31.0639 sec
Elapsed time for experts 12.0853 sec
Elapsed time for households 16.4976 sec
Iteration 190
Elapsed time for kappa 32.2677 sec
Elapsed time for experts 11.9352 sec
Elapsed time for households 10.0997 sec
Iteration 191
Elapsed time for kappa 31.7491 sec
Elapsed time for experts 13.4788 sec
Elapsed time for households 10.1563 sec
Iteration 192
Elapsed time for kappa 31.4058 sec
Elapsed time for experts 13.0745 sec
Elapsed time for households 10.2156 sec
Iteration 193
Elapsed time for kappa 31.6635 sec
Elapsed time for experts 12.5966 sec
Elapsed time for households 9.9019 sec
Iteration 194
Elapsed time for kappa 31.3179 sec
Elapsed time for experts 11.8399 sec
Elapsed time for households 9.8754 sec
Iteration 195
Elapsed time for kappa 31.5060 sec
Elapsed time for experts 12.2901 sec
Elapsed time for households 16.2800 sec
Iteration 196
Elapsed time for kappa 31.8677 sec
Elapsed time for experts 13.2024 sec
Elapsed time for households 10.3666 sec
Iteration 197
Elapsed time for kappa 31.9322 sec
Elapsed time for experts 12.3731 sec
Elapsed time for households 10.8920 sec
Iteration 198
Elapsed time for kappa 31.4768 sec
Elapsed time for experts 11.8932 sec
Elapsed time for households 10.3074 sec
Iteration 199
Elapsed time for kappa 31.6653 sec
Elapsed time for experts 12.5589 sec
Elapsed time for households 10.4036 sec
Elapsed time for training 11418.9065 sec
90000 90000 90000 90000
