Iteration 0
Elapsed time for kappa 74.1716 sec
Elapsed time for experts 25.1290 sec
Elapsed time for households 18.6887 sec
Iteration 1
Elapsed time for kappa 42.4076 sec
Elapsed time for experts 20.4676 sec
Elapsed time for households 17.9836 sec
Iteration 2
Elapsed time for kappa 38.7896 sec
Elapsed time for experts 17.0293 sec
Elapsed time for households 13.4965 sec
Iteration 3
Elapsed time for kappa 39.1103 sec
Elapsed time for experts 19.6821 sec
Elapsed time for households 13.5800 sec
Iteration 4
Elapsed time for kappa 39.2015 sec
Elapsed time for experts 16.1932 sec
Elapsed time for households 13.3715 sec
Iteration 5
Elapsed time for kappa 39.1034 sec
Elapsed time for experts 16.4852 sec
Elapsed time for households 14.3207 sec
Iteration 6
Elapsed time for kappa 39.0468 sec
Elapsed time for experts 15.1884 sec
Elapsed time for households 13.2596 sec
Iteration 7
Elapsed time for kappa 47.3563 sec
Elapsed time for experts 17.5832 sec
Elapsed time for households 13.7416 sec
Iteration 8
Elapsed time for kappa 41.9449 sec
Elapsed time for experts 17.5279 sec
Elapsed time for households 15.3114 sec
Iteration 9
Elapsed time for kappa 40.9957 sec
Elapsed time for experts 17.1998 sec
Elapsed time for households 14.3835 sec
Iteration 10
Elapsed time for kappa 41.3132 sec
Elapsed time for experts 16.2268 sec
Elapsed time for households 14.3426 sec
Iteration 11
Elapsed time for kappa 39.0390 sec
Elapsed time for experts 17.4266 sec
Elapsed time for households 13.3812 sec
Iteration 12
Elapsed time for kappa 38.2391 sec
Elapsed time for experts 15.5565 sec
Elapsed time for households 21.0792 sec
Iteration 13
Elapsed time for kappa 42.4129 sec
Elapsed time for experts 16.9027 sec
Elapsed time for households 15.1481 sec
Iteration 14
Elapsed time for kappa 38.8286 sec
Elapsed time for experts 15.6147 sec
Elapsed time for households 13.3430 sec
Iteration 15
Elapsed time for kappa 38.6209 sec
Elapsed time for experts 16.4135 sec
Elapsed time for households 13.2918 sec
Iteration 16
Elapsed time for kappa 38.1719 sec
Elapsed time for experts 16.1424 sec
Elapsed time for households 17.6021 sec
Iteration 17
Elapsed time for kappa 38.6115 sec
Elapsed time for experts 16.1813 sec
Elapsed time for households 13.0550 sec
Iteration 18
Elapsed time for kappa 38.6314 sec
Elapsed time for experts 17.5681 sec
Elapsed time for households 22.1056 sec
Iteration 19
Elapsed time for kappa 39.4352 sec
Elapsed time for experts 16.5949 sec
Elapsed time for households 14.6268 sec
Iteration 20
Elapsed time for kappa 41.8680 sec
Elapsed time for experts 17.1990 sec
Elapsed time for households 13.6977 sec
Iteration 21
Elapsed time for kappa 38.7922 sec
Elapsed time for experts 16.4096 sec
Elapsed time for households 13.1825 sec
Iteration 22
Elapsed time for kappa 38.3745 sec
Elapsed time for experts 15.7927 sec
Elapsed time for households 13.6126 sec
Iteration 23
Elapsed time for kappa 38.6847 sec
Elapsed time for experts 16.0504 sec
Elapsed time for households 13.3068 sec
Iteration 24
Elapsed time for kappa 38.8117 sec
Elapsed time for experts 24.5358 sec
Elapsed time for households 13.9923 sec
Iteration 25
Elapsed time for kappa 39.0908 sec
Elapsed time for experts 15.1977 sec
Elapsed time for households 13.4972 sec
Iteration 26
Elapsed time for kappa 39.2730 sec
Elapsed time for experts 15.8277 sec
Elapsed time for households 13.1497 sec
Iteration 27
Elapsed time for kappa 39.1244 sec
Elapsed time for experts 15.9870 sec
Elapsed time for households 13.2225 sec
Iteration 28
Elapsed time for kappa 38.8265 sec
Elapsed time for experts 16.3359 sec
Elapsed time for households 16.0515 sec
Iteration 29
Elapsed time for kappa 38.6100 sec
Elapsed time for experts 16.0386 sec
Elapsed time for households 13.3500 sec
Iteration 30
Elapsed time for kappa 38.5908 sec
Elapsed time for experts 23.9339 sec
Elapsed time for households 13.9287 sec
Iteration 31
Elapsed time for kappa 39.6852 sec
Elapsed time for experts 15.5355 sec
Elapsed time for households 13.5383 sec
Iteration 32
Elapsed time for kappa 38.5879 sec
Elapsed time for experts 15.8101 sec
Elapsed time for households 13.4362 sec
Iteration 33
Elapsed time for kappa 38.7737 sec
Elapsed time for experts 16.3720 sec
Elapsed time for households 13.3384 sec
Iteration 34
Elapsed time for kappa 38.3221 sec
Elapsed time for experts 15.0839 sec
Elapsed time for households 13.2026 sec
Iteration 35
Elapsed time for kappa 38.4337 sec
Elapsed time for experts 17.0066 sec
Elapsed time for households 13.2192 sec
Iteration 36
Elapsed time for kappa 38.5469 sec
Elapsed time for experts 24.1615 sec
Elapsed time for households 14.2138 sec
Iteration 37
Elapsed time for kappa 39.5291 sec
Elapsed time for experts 15.4668 sec
Elapsed time for households 13.8661 sec
Iteration 38
Elapsed time for kappa 39.0580 sec
Elapsed time for experts 15.8250 sec
Elapsed time for households 13.3307 sec
Iteration 39
Elapsed time for kappa 38.9529 sec
Elapsed time for experts 16.4969 sec
Elapsed time for households 13.1990 sec
Iteration 40
Elapsed time for kappa 38.3711 sec
Elapsed time for experts 16.7145 sec
Elapsed time for households 13.3474 sec
Iteration 41
Elapsed time for kappa 38.8494 sec
Elapsed time for experts 16.1384 sec
Elapsed time for households 13.0113 sec
Iteration 42
Elapsed time for kappa 48.5479 sec
Elapsed time for experts 16.3421 sec
Elapsed time for households 13.3632 sec
Iteration 43
Elapsed time for kappa 38.7506 sec
Elapsed time for experts 15.4293 sec
Elapsed time for households 13.2351 sec
Iteration 44
Elapsed time for kappa 38.4975 sec
Elapsed time for experts 15.5491 sec
Elapsed time for households 13.1796 sec
Iteration 45
Elapsed time for kappa 38.0324 sec
Elapsed time for experts 15.9312 sec
Elapsed time for households 13.1877 sec
Iteration 46
Elapsed time for kappa 38.3305 sec
Elapsed time for experts 15.8995 sec
Elapsed time for households 13.2207 sec
Iteration 47
Elapsed time for kappa 37.6758 sec
Elapsed time for experts 15.8596 sec
Elapsed time for households 13.1483 sec
Iteration 48
Elapsed time for kappa 47.7428 sec
Elapsed time for experts 16.7460 sec
Elapsed time for households 13.6023 sec
Iteration 49
Elapsed time for kappa 38.8040 sec
Elapsed time for experts 16.4488 sec
Elapsed time for households 13.2164 sec
Iteration 50
Elapsed time for kappa 38.6089 sec
Elapsed time for experts 17.1900 sec
Elapsed time for households 13.2109 sec
Iteration 51
Elapsed time for kappa 38.3683 sec
Elapsed time for experts 14.9877 sec
Elapsed time for households 13.2597 sec
Iteration 52
Elapsed time for kappa 37.6411 sec
Elapsed time for experts 15.2788 sec
Elapsed time for households 14.1061 sec
Iteration 53
Elapsed time for kappa 41.0578 sec
Elapsed time for experts 16.2078 sec
Elapsed time for households 13.4002 sec
Iteration 54
Elapsed time for kappa 50.2536 sec
Elapsed time for experts 16.9988 sec
Elapsed time for households 13.3964 sec
Iteration 55
Elapsed time for kappa 38.6765 sec
Elapsed time for experts 17.0927 sec
Elapsed time for households 14.4641 sec
Iteration 56
Elapsed time for kappa 41.0771 sec
Elapsed time for experts 16.9006 sec
Elapsed time for households 13.3041 sec
Iteration 57
Elapsed time for kappa 38.4265 sec
Elapsed time for experts 16.4274 sec
Elapsed time for households 12.9602 sec
Iteration 58
Elapsed time for kappa 38.2614 sec
Elapsed time for experts 16.2982 sec
Elapsed time for households 13.0794 sec
Iteration 59
Elapsed time for kappa 38.1988 sec
Elapsed time for experts 17.1309 sec
Elapsed time for households 14.2547 sec
Iteration 60
Elapsed time for kappa 47.9194 sec
Elapsed time for experts 18.8130 sec
Elapsed time for households 13.3093 sec
Iteration 61
Elapsed time for kappa 38.6825 sec
Elapsed time for experts 16.4410 sec
Elapsed time for households 14.2912 sec
Iteration 62
Elapsed time for kappa 40.8534 sec
Elapsed time for experts 17.0242 sec
Elapsed time for households 14.1123 sec
Iteration 63
Elapsed time for kappa 41.3179 sec
Elapsed time for experts 17.9278 sec
Elapsed time for households 14.0875 sec
Iteration 64
Elapsed time for kappa 38.5239 sec
Elapsed time for experts 15.8429 sec
Elapsed time for households 13.1897 sec
Iteration 65
Elapsed time for kappa 40.8479 sec
Elapsed time for experts 15.4947 sec
Elapsed time for households 12.9720 sec
Iteration 66
Elapsed time for kappa 46.7818 sec
Elapsed time for experts 15.8176 sec
Elapsed time for households 13.3966 sec
Iteration 67
Elapsed time for kappa 41.6467 sec
Elapsed time for experts 16.9175 sec
Elapsed time for households 13.3338 sec
Iteration 68
Elapsed time for kappa 38.4563 sec
Elapsed time for experts 15.4171 sec
Elapsed time for households 12.9808 sec
Iteration 69
Elapsed time for kappa 38.4119 sec
Elapsed time for experts 15.9635 sec
Elapsed time for households 13.2994 sec
Iteration 70
Elapsed time for kappa 38.4494 sec
Elapsed time for experts 14.9509 sec
Elapsed time for households 14.4389 sec
Iteration 71
Elapsed time for kappa 41.0279 sec
Elapsed time for experts 17.9490 sec
Elapsed time for households 23.4859 sec
Iteration 72
Elapsed time for kappa 41.6346 sec
Elapsed time for experts 17.1417 sec
Elapsed time for households 13.5328 sec
Iteration 73
Elapsed time for kappa 39.0526 sec
Elapsed time for experts 17.4743 sec
Elapsed time for households 13.1384 sec
Iteration 74
Elapsed time for kappa 38.7171 sec
Elapsed time for experts 15.7129 sec
Elapsed time for households 13.1785 sec
Iteration 75
Elapsed time for kappa 38.7129 sec
Elapsed time for experts 16.9753 sec
Elapsed time for households 13.9837 sec
Iteration 76
Elapsed time for kappa 37.9879 sec
Elapsed time for experts 16.0923 sec
Elapsed time for households 13.1847 sec
Iteration 77
Elapsed time for kappa 38.4927 sec
Elapsed time for experts 25.8590 sec
Elapsed time for households 13.9313 sec
Iteration 78
Elapsed time for kappa 39.0241 sec
Elapsed time for experts 16.6310 sec
Elapsed time for households 13.7438 sec
Iteration 79
Elapsed time for kappa 41.1207 sec
Elapsed time for experts 17.4871 sec
Elapsed time for households 14.0840 sec
Iteration 80
Elapsed time for kappa 38.5056 sec
Elapsed time for experts 15.4146 sec
Elapsed time for households 13.2405 sec
Iteration 81
Elapsed time for kappa 38.5438 sec
Elapsed time for experts 16.0787 sec
Elapsed time for households 12.9624 sec
Iteration 82
Elapsed time for kappa 38.4088 sec
Elapsed time for experts 15.7397 sec
Elapsed time for households 14.7268 sec
Iteration 83
Elapsed time for kappa 41.2705 sec
Elapsed time for experts 26.0192 sec
Elapsed time for households 14.1527 sec
Iteration 84
Elapsed time for kappa 39.0183 sec
Elapsed time for experts 16.5970 sec
Elapsed time for households 13.9933 sec
Iteration 85
Elapsed time for kappa 38.8197 sec
Elapsed time for experts 15.0087 sec
Elapsed time for households 13.3035 sec
Iteration 86
Elapsed time for kappa 38.6006 sec
Elapsed time for experts 16.0469 sec
Elapsed time for households 14.1659 sec
Iteration 87
Elapsed time for kappa 41.7737 sec
Elapsed time for experts 16.2569 sec
Elapsed time for households 14.8712 sec
Iteration 88
Elapsed time for kappa 41.3386 sec
Elapsed time for experts 17.2412 sec
Elapsed time for households 14.2961 sec
Iteration 89
Elapsed time for kappa 38.2869 sec
Elapsed time for experts 25.0496 sec
Elapsed time for households 13.8729 sec
Iteration 90
Elapsed time for kappa 41.8415 sec
Elapsed time for experts 16.0654 sec
Elapsed time for households 14.4440 sec
Iteration 91
Elapsed time for kappa 39.0173 sec
Elapsed time for experts 17.2068 sec
Elapsed time for households 13.5760 sec
Iteration 92
Elapsed time for kappa 41.6203 sec
Elapsed time for experts 17.5703 sec
Elapsed time for households 13.2553 sec
Iteration 93
Elapsed time for kappa 38.4437 sec
Elapsed time for experts 19.6886 sec
Elapsed time for households 13.5529 sec
Iteration 94
Elapsed time for kappa 38.3485 sec
Elapsed time for experts 18.4384 sec
Elapsed time for households 14.0681 sec
Iteration 95
Elapsed time for kappa 50.8318 sec
Elapsed time for experts 18.0724 sec
Elapsed time for households 13.6777 sec
Iteration 96
Elapsed time for kappa 38.7745 sec
Elapsed time for experts 15.8776 sec
Elapsed time for households 14.4487 sec
Iteration 97
Elapsed time for kappa 41.3773 sec
Elapsed time for experts 16.1592 sec
Elapsed time for households 14.1623 sec
Iteration 98
Elapsed time for kappa 38.7037 sec
Elapsed time for experts 14.9653 sec
Elapsed time for households 13.2994 sec
Iteration 99
Elapsed time for kappa 38.3471 sec
Elapsed time for experts 15.6882 sec
Elapsed time for households 13.1927 sec
Iteration 100
Elapsed time for kappa 38.5506 sec
Elapsed time for experts 14.8927 sec
Elapsed time for households 13.3219 sec
Iteration 101
Elapsed time for kappa 47.8887 sec
Elapsed time for experts 16.8230 sec
Elapsed time for households 13.3812 sec
Iteration 102
Elapsed time for kappa 38.6882 sec
Elapsed time for experts 15.7596 sec
Elapsed time for households 13.3839 sec
Iteration 103
Elapsed time for kappa 38.3255 sec
Elapsed time for experts 15.8714 sec
Elapsed time for households 13.2776 sec
Iteration 104
Elapsed time for kappa 38.3137 sec
Elapsed time for experts 15.4444 sec
Elapsed time for households 13.2800 sec
Iteration 105
Elapsed time for kappa 38.1959 sec
Elapsed time for experts 16.2785 sec
Elapsed time for households 13.1281 sec
Iteration 106
Elapsed time for kappa 38.3290 sec
Elapsed time for experts 16.0947 sec
Elapsed time for households 13.1434 sec
Iteration 107
Elapsed time for kappa 48.1282 sec
Elapsed time for experts 15.9589 sec
Elapsed time for households 13.5801 sec
Iteration 108
Elapsed time for kappa 39.0739 sec
Elapsed time for experts 16.2688 sec
Elapsed time for households 13.4420 sec
Iteration 109
Elapsed time for kappa 38.7175 sec
Elapsed time for experts 15.1512 sec
Elapsed time for households 13.4568 sec
Iteration 110
Elapsed time for kappa 38.7539 sec
Elapsed time for experts 15.7899 sec
Elapsed time for households 14.0428 sec
Iteration 111
Elapsed time for kappa 38.3541 sec
Elapsed time for experts 15.6245 sec
Elapsed time for households 13.2946 sec
Iteration 112
Elapsed time for kappa 38.4062 sec
Elapsed time for experts 16.1898 sec
Elapsed time for households 13.3963 sec
Iteration 113
Elapsed time for kappa 47.8415 sec
Elapsed time for experts 16.5576 sec
Elapsed time for households 13.7632 sec
Iteration 114
Elapsed time for kappa 38.9305 sec
Elapsed time for experts 15.7667 sec
Elapsed time for households 13.6113 sec
Iteration 115
Elapsed time for kappa 38.6675 sec
Elapsed time for experts 16.3168 sec
Elapsed time for households 13.1224 sec
Iteration 116
Elapsed time for kappa 38.4343 sec
Elapsed time for experts 15.4861 sec
Elapsed time for households 13.0633 sec
Iteration 117
Elapsed time for kappa 38.6376 sec
Elapsed time for experts 15.7020 sec
Elapsed time for households 13.1939 sec
Iteration 118
Elapsed time for kappa 38.2136 sec
Elapsed time for experts 14.9476 sec
Elapsed time for households 13.3339 sec
Iteration 119
Elapsed time for kappa 46.8013 sec
Elapsed time for experts 15.8437 sec
Elapsed time for households 13.4466 sec
Iteration 120
Elapsed time for kappa 41.5480 sec
Elapsed time for experts 17.0806 sec
Elapsed time for households 13.1024 sec
Iteration 121
Elapsed time for kappa 38.4137 sec
Elapsed time for experts 15.2203 sec
Elapsed time for households 13.4255 sec
Iteration 122
Elapsed time for kappa 38.4407 sec
Elapsed time for experts 17.2332 sec
Elapsed time for households 14.3715 sec
Iteration 123
Elapsed time for kappa 41.5978 sec
Elapsed time for experts 15.6156 sec
Elapsed time for households 13.1551 sec
Iteration 124
Elapsed time for kappa 38.3042 sec
Elapsed time for experts 25.3664 sec
Elapsed time for households 14.0174 sec
Iteration 125
Elapsed time for kappa 39.4593 sec
Elapsed time for experts 15.4463 sec
Elapsed time for households 13.8593 sec
Iteration 126
Elapsed time for kappa 39.1214 sec
Elapsed time for experts 15.8739 sec
Elapsed time for households 13.3611 sec
Iteration 127
Elapsed time for kappa 38.6264 sec
Elapsed time for experts 15.6552 sec
Elapsed time for households 13.3831 sec
Iteration 128
Elapsed time for kappa 38.2972 sec
Elapsed time for experts 15.0472 sec
Elapsed time for households 13.0811 sec
Iteration 129
Elapsed time for kappa 38.2414 sec
Elapsed time for experts 14.9860 sec
Elapsed time for households 13.3565 sec
Iteration 130
Elapsed time for kappa 38.7539 sec
Elapsed time for experts 29.5839 sec
Elapsed time for households 14.0186 sec
Iteration 131
Elapsed time for kappa 42.3602 sec
Elapsed time for experts 16.8084 sec
Elapsed time for households 14.4407 sec
Iteration 132
Elapsed time for kappa 42.0560 sec
Elapsed time for experts 17.5439 sec
Elapsed time for households 13.4734 sec
Iteration 133
Elapsed time for kappa 38.8007 sec
Elapsed time for experts 17.0477 sec
Elapsed time for households 12.9199 sec
Iteration 134
Elapsed time for kappa 38.2167 sec
Elapsed time for experts 14.9848 sec
Elapsed time for households 13.8437 sec
Iteration 135
Elapsed time for kappa 41.0467 sec
Elapsed time for experts 16.9560 sec
Elapsed time for households 14.1230 sec
Iteration 136
Elapsed time for kappa 38.5000 sec
Elapsed time for experts 23.8369 sec
Elapsed time for households 15.1662 sec
Iteration 137
Elapsed time for kappa 42.0332 sec
Elapsed time for experts 17.6259 sec
Elapsed time for households 14.6732 sec
Iteration 138
Elapsed time for kappa 41.6647 sec
Elapsed time for experts 15.2818 sec
Elapsed time for households 13.3937 sec
Iteration 139
Elapsed time for kappa 38.4675 sec
Elapsed time for experts 15.6134 sec
Elapsed time for households 13.4134 sec
Iteration 140
Elapsed time for kappa 38.1740 sec
Elapsed time for experts 15.7711 sec
Elapsed time for households 13.4223 sec
Iteration 141
Elapsed time for kappa 38.3053 sec
Elapsed time for experts 14.9728 sec
Elapsed time for households 13.9268 sec
Iteration 142
Elapsed time for kappa 38.4616 sec
Elapsed time for experts 23.8257 sec
Elapsed time for households 14.2625 sec
Iteration 143
Elapsed time for kappa 39.5547 sec
Elapsed time for experts 15.5485 sec
Elapsed time for households 13.6480 sec
Iteration 144
Elapsed time for kappa 39.2351 sec
Elapsed time for experts 15.1417 sec
Elapsed time for households 13.2637 sec
Iteration 145
Elapsed time for kappa 38.8303 sec
Elapsed time for experts 15.1203 sec
Elapsed time for households 13.3801 sec
Iteration 146
Elapsed time for kappa 38.3977 sec
Elapsed time for experts 19.7372 sec
Elapsed time for households 13.0326 sec
Iteration 147
Elapsed time for kappa 38.2296 sec
Elapsed time for experts 15.0478 sec
Elapsed time for households 13.7327 sec
Iteration 148
Elapsed time for kappa 48.2441 sec
Elapsed time for experts 16.1583 sec
Elapsed time for households 13.5067 sec
Iteration 149
Elapsed time for kappa 39.1364 sec
Elapsed time for experts 16.5107 sec
Elapsed time for households 13.7131 sec
Iteration 150
Elapsed time for kappa 39.1309 sec
Elapsed time for experts 15.8715 sec
Elapsed time for households 13.3328 sec
Iteration 151
Elapsed time for kappa 38.3521 sec
Elapsed time for experts 15.7051 sec
Elapsed time for households 13.6443 sec
Iteration 152
Elapsed time for kappa 38.2438 sec
Elapsed time for experts 16.0024 sec
Elapsed time for households 13.2725 sec
Iteration 153
Elapsed time for kappa 38.3027 sec
Elapsed time for experts 15.1260 sec
Elapsed time for households 13.0617 sec
Iteration 154
Elapsed time for kappa 48.2906 sec
Elapsed time for experts 16.7488 sec
Elapsed time for households 13.5127 sec
Iteration 155
Elapsed time for kappa 39.1425 sec
Elapsed time for experts 17.5836 sec
Elapsed time for households 13.4871 sec
Iteration 156
Elapsed time for kappa 38.8822 sec
Elapsed time for experts 16.5034 sec
Elapsed time for households 13.2475 sec
Iteration 157
Elapsed time for kappa 38.4767 sec
Elapsed time for experts 15.0982 sec
Elapsed time for households 13.0366 sec
Iteration 158
Elapsed time for kappa 38.2901 sec
Elapsed time for experts 16.2600 sec
Elapsed time for households 13.2556 sec
Iteration 159
Elapsed time for kappa 38.1199 sec
Elapsed time for experts 16.2523 sec
Elapsed time for households 13.0233 sec
Iteration 160
Elapsed time for kappa 48.5424 sec
Elapsed time for experts 17.0677 sec
Elapsed time for households 13.4848 sec
Iteration 161
Elapsed time for kappa 39.0034 sec
Elapsed time for experts 16.4892 sec
Elapsed time for households 13.4205 sec
Iteration 162
Elapsed time for kappa 38.7889 sec
Elapsed time for experts 19.2145 sec
Elapsed time for households 14.6752 sec
Iteration 163
Elapsed time for kappa 41.4329 sec
Elapsed time for experts 15.0849 sec
Elapsed time for households 13.9046 sec
Iteration 164
Elapsed time for kappa 41.3759 sec
Elapsed time for experts 15.7437 sec
Elapsed time for households 14.0979 sec
Iteration 165
Elapsed time for kappa 41.6572 sec
Elapsed time for experts 17.3276 sec
Elapsed time for households 13.4009 sec
Iteration 166
Elapsed time for kappa 48.5798 sec
Elapsed time for experts 16.2204 sec
Elapsed time for households 13.6471 sec
Iteration 167
Elapsed time for kappa 39.2348 sec
Elapsed time for experts 15.7219 sec
Elapsed time for households 14.6354 sec
Iteration 168
Elapsed time for kappa 41.4481 sec
Elapsed time for experts 17.4471 sec
Elapsed time for households 13.2441 sec
Iteration 169
Elapsed time for kappa 38.8397 sec
Elapsed time for experts 15.1328 sec
Elapsed time for households 13.5454 sec
Iteration 170
Elapsed time for kappa 38.6252 sec
Elapsed time for experts 16.1188 sec
Elapsed time for households 13.3018 sec
Iteration 171
Elapsed time for kappa 38.3742 sec
Elapsed time for experts 16.1865 sec
Elapsed time for households 21.2889 sec
Iteration 172
Elapsed time for kappa 40.0132 sec
Elapsed time for experts 16.1565 sec
Elapsed time for households 13.9974 sec
Iteration 173
Elapsed time for kappa 39.0550 sec
Elapsed time for experts 16.3730 sec
Elapsed time for households 13.3876 sec
Iteration 174
Elapsed time for kappa 38.2559 sec
Elapsed time for experts 16.3391 sec
Elapsed time for households 13.3938 sec
Iteration 175
Elapsed time for kappa 38.0797 sec
Elapsed time for experts 15.8983 sec
Elapsed time for households 13.3241 sec
Iteration 176
Elapsed time for kappa 38.2480 sec
Elapsed time for experts 16.0195 sec
Elapsed time for households 12.8608 sec
Iteration 177
Elapsed time for kappa 41.7067 sec
Elapsed time for experts 17.6146 sec
Elapsed time for households 23.5492 sec
Iteration 178
Elapsed time for kappa 39.7024 sec
Elapsed time for experts 16.6962 sec
Elapsed time for households 14.4860 sec
Iteration 179
Elapsed time for kappa 42.0482 sec
Elapsed time for experts 19.2694 sec
Elapsed time for households 14.5841 sec
Iteration 180
Elapsed time for kappa 41.5729 sec
Elapsed time for experts 16.4123 sec
Elapsed time for households 15.0717 sec
Iteration 181
Elapsed time for kappa 38.4907 sec
Elapsed time for experts 14.9320 sec
Elapsed time for households 14.1954 sec
Iteration 182
Elapsed time for kappa 38.3263 sec
Elapsed time for experts 16.6691 sec
Elapsed time for households 13.1552 sec
Iteration 183
Elapsed time for kappa 38.1776 sec
Elapsed time for experts 16.1478 sec
Elapsed time for households 22.4036 sec
Iteration 184
Elapsed time for kappa 39.6231 sec
Elapsed time for experts 16.8066 sec
Elapsed time for households 13.4105 sec
Iteration 185
Elapsed time for kappa 38.9811 sec
Elapsed time for experts 16.0516 sec
Elapsed time for households 13.6112 sec
Iteration 186
Elapsed time for kappa 38.7676 sec
Elapsed time for experts 15.6722 sec
Elapsed time for households 13.1239 sec
Iteration 187
Elapsed time for kappa 38.4232 sec
Elapsed time for experts 15.7712 sec
Elapsed time for households 13.0592 sec
Iteration 188
Elapsed time for kappa 38.1516 sec
Elapsed time for experts 16.5713 sec
Elapsed time for households 13.0330 sec
Iteration 189
Elapsed time for kappa 38.4914 sec
Elapsed time for experts 25.1049 sec
Elapsed time for households 15.2372 sec
Iteration 190
Elapsed time for kappa 39.2984 sec
Elapsed time for experts 15.4292 sec
Elapsed time for households 13.8358 sec
Iteration 191
Elapsed time for kappa 39.1278 sec
Elapsed time for experts 15.8460 sec
Elapsed time for households 13.4288 sec
Iteration 192
Elapsed time for kappa 38.3940 sec
Elapsed time for experts 14.9920 sec
Elapsed time for households 13.1105 sec
Iteration 193
Elapsed time for kappa 38.5768 sec
Elapsed time for experts 16.2876 sec
Elapsed time for households 13.1584 sec
Iteration 194
Elapsed time for kappa 38.7056 sec
Elapsed time for experts 14.9854 sec
Elapsed time for households 13.4366 sec
Iteration 195
Elapsed time for kappa 38.6344 sec
Elapsed time for experts 24.7516 sec
Elapsed time for households 14.1438 sec
Iteration 196
Elapsed time for kappa 39.3066 sec
Elapsed time for experts 17.0183 sec
Elapsed time for households 13.5905 sec
Iteration 197
Elapsed time for kappa 38.6824 sec
Elapsed time for experts 15.1614 sec
Elapsed time for households 13.7366 sec
Iteration 198
Elapsed time for kappa 41.4680 sec
Elapsed time for experts 16.4200 sec
Elapsed time for households 13.3972 sec
Iteration 199
Elapsed time for kappa 41.3983 sec
Elapsed time for experts 16.0926 sec
Elapsed time for households 14.1587 sec
Elapsed time for training 14195.4784 sec
