Iteration 0
Elapsed time for kappa 74.2757 sec
Elapsed time for experts 20.4803 sec
Elapsed time for households 17.9074 sec
Iteration 1
Elapsed time for kappa 43.0267 sec
Elapsed time for experts 17.6562 sec
Elapsed time for households 15.1614 sec
Iteration 2
Elapsed time for kappa 38.4930 sec
Elapsed time for experts 17.2283 sec
Elapsed time for households 14.9612 sec
Iteration 3
Elapsed time for kappa 38.6795 sec
Elapsed time for experts 17.0604 sec
Elapsed time for households 13.2997 sec
Iteration 4
Elapsed time for kappa 38.4975 sec
Elapsed time for experts 14.9360 sec
Elapsed time for households 14.8086 sec
Iteration 5
Elapsed time for kappa 38.4572 sec
Elapsed time for experts 15.0301 sec
Elapsed time for households 13.6614 sec
Iteration 6
Elapsed time for kappa 38.4913 sec
Elapsed time for experts 16.2640 sec
Elapsed time for households 15.1160 sec
Iteration 7
Elapsed time for kappa 47.6113 sec
Elapsed time for experts 15.4201 sec
Elapsed time for households 13.8925 sec
Iteration 8
Elapsed time for kappa 38.5629 sec
Elapsed time for experts 15.3132 sec
Elapsed time for households 12.9323 sec
Iteration 9
Elapsed time for kappa 38.3793 sec
Elapsed time for experts 15.1037 sec
Elapsed time for households 12.8968 sec
Iteration 10
Elapsed time for kappa 38.0917 sec
Elapsed time for experts 15.4077 sec
Elapsed time for households 14.6299 sec
Iteration 11
Elapsed time for kappa 37.8997 sec
Elapsed time for experts 15.0655 sec
Elapsed time for households 14.9709 sec
Iteration 12
Elapsed time for kappa 38.7753 sec
Elapsed time for experts 14.8051 sec
Elapsed time for households 21.4760 sec
Iteration 13
Elapsed time for kappa 39.2975 sec
Elapsed time for experts 15.4695 sec
Elapsed time for households 13.4074 sec
Iteration 14
Elapsed time for kappa 39.1336 sec
Elapsed time for experts 15.3989 sec
Elapsed time for households 13.7562 sec
Iteration 15
Elapsed time for kappa 39.0215 sec
Elapsed time for experts 14.9785 sec
Elapsed time for households 13.2113 sec
Iteration 16
Elapsed time for kappa 38.1781 sec
Elapsed time for experts 15.0396 sec
Elapsed time for households 13.2850 sec
Iteration 17
Elapsed time for kappa 37.5041 sec
Elapsed time for experts 14.9666 sec
Elapsed time for households 13.2466 sec
Iteration 18
Elapsed time for kappa 38.1094 sec
Elapsed time for experts 14.9056 sec
Elapsed time for households 21.7628 sec
Iteration 19
Elapsed time for kappa 39.2244 sec
Elapsed time for experts 15.4254 sec
Elapsed time for households 13.6783 sec
Iteration 20
Elapsed time for kappa 38.8894 sec
Elapsed time for experts 15.2976 sec
Elapsed time for households 13.3226 sec
Iteration 21
Elapsed time for kappa 38.2125 sec
Elapsed time for experts 15.2349 sec
Elapsed time for households 13.0305 sec
Iteration 22
Elapsed time for kappa 38.2829 sec
Elapsed time for experts 16.1481 sec
Elapsed time for households 13.7742 sec
Iteration 23
Elapsed time for kappa 38.5206 sec
Elapsed time for experts 15.7162 sec
Elapsed time for households 13.3621 sec
Iteration 24
Elapsed time for kappa 38.1571 sec
Elapsed time for experts 23.8452 sec
Elapsed time for households 13.6771 sec
Iteration 25
Elapsed time for kappa 38.4242 sec
Elapsed time for experts 15.2079 sec
Elapsed time for households 13.0822 sec
Iteration 26
Elapsed time for kappa 38.7071 sec
Elapsed time for experts 15.3182 sec
Elapsed time for households 13.3132 sec
Iteration 27
Elapsed time for kappa 38.7400 sec
Elapsed time for experts 15.4075 sec
Elapsed time for households 13.5434 sec
Iteration 28
Elapsed time for kappa 38.7563 sec
Elapsed time for experts 15.3184 sec
Elapsed time for households 13.4869 sec
Iteration 29
Elapsed time for kappa 38.0037 sec
Elapsed time for experts 14.9594 sec
Elapsed time for households 13.4331 sec
Iteration 30
Elapsed time for kappa 38.3983 sec
Elapsed time for experts 24.1931 sec
Elapsed time for households 13.7890 sec
Iteration 31
Elapsed time for kappa 39.1282 sec
Elapsed time for experts 15.2004 sec
Elapsed time for households 13.5958 sec
Iteration 32
Elapsed time for kappa 38.5804 sec
Elapsed time for experts 14.9815 sec
Elapsed time for households 13.3860 sec
Iteration 33
Elapsed time for kappa 38.8693 sec
Elapsed time for experts 15.1956 sec
Elapsed time for households 13.4071 sec
Iteration 34
Elapsed time for kappa 38.6995 sec
Elapsed time for experts 14.8418 sec
Elapsed time for households 13.0007 sec
Iteration 35
Elapsed time for kappa 38.3905 sec
Elapsed time for experts 14.7958 sec
Elapsed time for households 13.2454 sec
Iteration 36
Elapsed time for kappa 38.0178 sec
Elapsed time for experts 23.9924 sec
Elapsed time for households 14.3195 sec
Iteration 37
Elapsed time for kappa 39.1296 sec
Elapsed time for experts 15.4731 sec
Elapsed time for households 13.2780 sec
Iteration 38
Elapsed time for kappa 38.6805 sec
Elapsed time for experts 15.4425 sec
Elapsed time for households 13.3677 sec
Iteration 39
Elapsed time for kappa 38.6081 sec
Elapsed time for experts 14.9177 sec
Elapsed time for households 13.4524 sec
Iteration 40
Elapsed time for kappa 38.7426 sec
Elapsed time for experts 14.9119 sec
Elapsed time for households 12.9986 sec
Iteration 41
Elapsed time for kappa 38.1028 sec
Elapsed time for experts 15.2727 sec
Elapsed time for households 13.0752 sec
Iteration 42
Elapsed time for kappa 49.5529 sec
Elapsed time for experts 15.5848 sec
Elapsed time for households 13.2897 sec
Iteration 43
Elapsed time for kappa 38.4139 sec
Elapsed time for experts 14.8607 sec
Elapsed time for households 12.9585 sec
Iteration 44
Elapsed time for kappa 38.3295 sec
Elapsed time for experts 15.0012 sec
Elapsed time for households 12.9599 sec
Iteration 45
Elapsed time for kappa 39.6938 sec
Elapsed time for experts 15.0575 sec
Elapsed time for households 13.2137 sec
Iteration 46
Elapsed time for kappa 38.2245 sec
Elapsed time for experts 15.9969 sec
Elapsed time for households 13.2676 sec
Iteration 47
Elapsed time for kappa 37.9015 sec
Elapsed time for experts 14.8272 sec
Elapsed time for households 13.1511 sec
Iteration 48
Elapsed time for kappa 48.0150 sec
Elapsed time for experts 16.0012 sec
Elapsed time for households 13.8836 sec
Iteration 49
Elapsed time for kappa 38.8427 sec
Elapsed time for experts 14.7875 sec
Elapsed time for households 13.5596 sec
Iteration 50
Elapsed time for kappa 38.5166 sec
Elapsed time for experts 15.1214 sec
Elapsed time for households 13.3583 sec
Iteration 51
Elapsed time for kappa 38.2299 sec
Elapsed time for experts 15.3713 sec
Elapsed time for households 13.4881 sec
Iteration 52
Elapsed time for kappa 38.5136 sec
Elapsed time for experts 14.5685 sec
Elapsed time for households 12.9479 sec
Iteration 53
Elapsed time for kappa 38.3904 sec
Elapsed time for experts 14.6439 sec
Elapsed time for households 13.4744 sec
Iteration 54
Elapsed time for kappa 46.3790 sec
Elapsed time for experts 15.2982 sec
Elapsed time for households 13.7079 sec
Iteration 55
Elapsed time for kappa 38.2725 sec
Elapsed time for experts 14.8651 sec
Elapsed time for households 13.2054 sec
Iteration 56
Elapsed time for kappa 38.2240 sec
Elapsed time for experts 14.6600 sec
Elapsed time for households 13.1474 sec
Iteration 57
Elapsed time for kappa 39.1058 sec
Elapsed time for experts 14.6223 sec
Elapsed time for households 12.9474 sec
Iteration 58
Elapsed time for kappa 38.8378 sec
Elapsed time for experts 14.6891 sec
Elapsed time for households 12.6110 sec
Iteration 59
Elapsed time for kappa 37.5303 sec
Elapsed time for experts 14.4672 sec
Elapsed time for households 13.1976 sec
Iteration 60
Elapsed time for kappa 44.0325 sec
Elapsed time for experts 14.4166 sec
Elapsed time for households 12.7799 sec
Iteration 61
Elapsed time for kappa 38.8111 sec
Elapsed time for experts 14.3851 sec
Elapsed time for households 12.7536 sec
Iteration 62
Elapsed time for kappa 37.7910 sec
Elapsed time for experts 14.4996 sec
Elapsed time for households 12.9435 sec
Iteration 63
Elapsed time for kappa 37.9299 sec
Elapsed time for experts 14.6310 sec
Elapsed time for households 12.6685 sec
Iteration 64
Elapsed time for kappa 37.2513 sec
Elapsed time for experts 14.4199 sec
Elapsed time for households 13.4064 sec
Iteration 65
Elapsed time for kappa 37.5969 sec
Elapsed time for experts 14.6265 sec
Elapsed time for households 19.6235 sec
Iteration 66
Elapsed time for kappa 37.3747 sec
Elapsed time for experts 14.8666 sec
Elapsed time for households 13.1637 sec
Iteration 67
Elapsed time for kappa 37.1469 sec
Elapsed time for experts 14.7247 sec
Elapsed time for households 12.9756 sec
Iteration 68
Elapsed time for kappa 37.2371 sec
Elapsed time for experts 14.4624 sec
Elapsed time for households 12.7820 sec
Iteration 69
Elapsed time for kappa 36.2334 sec
Elapsed time for experts 14.2346 sec
Elapsed time for households 13.9353 sec
Iteration 70
Elapsed time for kappa 36.8767 sec
Elapsed time for experts 14.3817 sec
Elapsed time for households 13.1617 sec
Iteration 71
Elapsed time for kappa 37.4505 sec
Elapsed time for experts 21.3371 sec
Elapsed time for households 13.0462 sec
Iteration 72
Elapsed time for kappa 36.8425 sec
Elapsed time for experts 14.9049 sec
Elapsed time for households 13.1239 sec
Iteration 73
Elapsed time for kappa 36.4839 sec
Elapsed time for experts 14.1792 sec
Elapsed time for households 12.4253 sec
Iteration 74
Elapsed time for kappa 36.4727 sec
Elapsed time for experts 14.0957 sec
Elapsed time for households 12.7736 sec
Iteration 75
Elapsed time for kappa 36.1459 sec
Elapsed time for experts 14.2293 sec
Elapsed time for households 12.7314 sec
Iteration 76
Elapsed time for kappa 36.0941 sec
Elapsed time for experts 14.4499 sec
Elapsed time for households 12.3878 sec
Iteration 77
Elapsed time for kappa 37.5801 sec
Elapsed time for experts 20.9730 sec
Elapsed time for households 12.9488 sec
Iteration 78
Elapsed time for kappa 36.7380 sec
Elapsed time for experts 14.1937 sec
Elapsed time for households 13.1236 sec
Iteration 79
Elapsed time for kappa 35.9769 sec
Elapsed time for experts 13.9725 sec
Elapsed time for households 12.4127 sec
Iteration 80
Elapsed time for kappa 35.4491 sec
Elapsed time for experts 13.8908 sec
Elapsed time for households 12.4768 sec
Iteration 81
Elapsed time for kappa 35.7996 sec
Elapsed time for experts 13.9925 sec
Elapsed time for households 12.5465 sec
Iteration 82
Elapsed time for kappa 35.7996 sec
Elapsed time for experts 14.1560 sec
Elapsed time for households 12.8992 sec
Iteration 83
Elapsed time for kappa 35.9413 sec
Elapsed time for experts 20.9185 sec
Elapsed time for households 12.6893 sec
Iteration 84
Elapsed time for kappa 36.7983 sec
Elapsed time for experts 14.2505 sec
Elapsed time for households 12.7705 sec
Iteration 85
Elapsed time for kappa 36.2025 sec
Elapsed time for experts 14.1667 sec
Elapsed time for households 12.3877 sec
Iteration 86
Elapsed time for kappa 36.6549 sec
Elapsed time for experts 13.9354 sec
Elapsed time for households 12.3652 sec
Iteration 87
Elapsed time for kappa 35.4030 sec
Elapsed time for experts 14.0491 sec
Elapsed time for households 12.5829 sec
Iteration 88
Elapsed time for kappa 35.4927 sec
Elapsed time for experts 14.4223 sec
Elapsed time for households 12.2503 sec
Iteration 89
Elapsed time for kappa 35.9746 sec
Elapsed time for experts 21.0268 sec
Elapsed time for households 12.6990 sec
Iteration 90
Elapsed time for kappa 35.7574 sec
Elapsed time for experts 14.1127 sec
Elapsed time for households 12.5117 sec
Iteration 91
Elapsed time for kappa 35.7006 sec
Elapsed time for experts 14.0353 sec
Elapsed time for households 12.5786 sec
Iteration 92
Elapsed time for kappa 35.6133 sec
Elapsed time for experts 13.9642 sec
Elapsed time for households 12.6014 sec
Iteration 93
Elapsed time for kappa 35.3034 sec
Elapsed time for experts 13.9741 sec
Elapsed time for households 12.1023 sec
Iteration 94
Elapsed time for kappa 34.6637 sec
Elapsed time for experts 13.7755 sec
Elapsed time for households 12.1398 sec
Iteration 95
Elapsed time for kappa 41.9735 sec
Elapsed time for experts 14.5631 sec
Elapsed time for households 12.3736 sec
Iteration 96
Elapsed time for kappa 35.2604 sec
Elapsed time for experts 14.1425 sec
Elapsed time for households 12.1962 sec
Iteration 97
Elapsed time for kappa 34.5436 sec
Elapsed time for experts 13.8997 sec
Elapsed time for households 12.2293 sec
Iteration 98
Elapsed time for kappa 34.3977 sec
Elapsed time for experts 13.6375 sec
Elapsed time for households 12.2536 sec
Iteration 99
Elapsed time for kappa 34.5459 sec
Elapsed time for experts 13.7236 sec
Elapsed time for households 12.2449 sec
Iteration 100
Elapsed time for kappa 36.0014 sec
Elapsed time for experts 13.7947 sec
Elapsed time for households 12.4242 sec
Iteration 101
Elapsed time for kappa 41.4805 sec
Elapsed time for experts 14.2064 sec
Elapsed time for households 12.3147 sec
Iteration 102
Elapsed time for kappa 34.8495 sec
Elapsed time for experts 13.9174 sec
Elapsed time for households 12.4329 sec
Iteration 103
Elapsed time for kappa 34.4139 sec
Elapsed time for experts 13.7677 sec
Elapsed time for households 12.3724 sec
Iteration 104
Elapsed time for kappa 34.4892 sec
Elapsed time for experts 13.5201 sec
Elapsed time for households 12.3168 sec
Iteration 105
Elapsed time for kappa 34.3421 sec
Elapsed time for experts 13.6470 sec
Elapsed time for households 12.3236 sec
Iteration 106
Elapsed time for kappa 34.2528 sec
Elapsed time for experts 13.6914 sec
Elapsed time for households 12.6554 sec
Iteration 107
Elapsed time for kappa 41.6308 sec
Elapsed time for experts 14.1335 sec
Elapsed time for households 12.0976 sec
Iteration 108
Elapsed time for kappa 34.5854 sec
Elapsed time for experts 13.9786 sec
Elapsed time for households 12.0633 sec
Iteration 109
Elapsed time for kappa 34.4684 sec
Elapsed time for experts 13.7628 sec
Elapsed time for households 11.9638 sec
Iteration 110
Elapsed time for kappa 34.3263 sec
Elapsed time for experts 13.4655 sec
Elapsed time for households 12.2973 sec
Iteration 111
Elapsed time for kappa 34.2213 sec
Elapsed time for experts 13.8518 sec
Elapsed time for households 12.4154 sec
Iteration 112
Elapsed time for kappa 34.3216 sec
Elapsed time for experts 13.5487 sec
Elapsed time for households 11.8952 sec
Iteration 113
Elapsed time for kappa 41.2264 sec
Elapsed time for experts 14.0615 sec
Elapsed time for households 12.6541 sec
Iteration 114
Elapsed time for kappa 34.4477 sec
Elapsed time for experts 13.6460 sec
Elapsed time for households 12.0113 sec
Iteration 115
Elapsed time for kappa 34.5570 sec
Elapsed time for experts 13.6037 sec
Elapsed time for households 11.9553 sec
Iteration 116
Elapsed time for kappa 34.1883 sec
Elapsed time for experts 13.8801 sec
Elapsed time for households 12.0148 sec
Iteration 117
Elapsed time for kappa 34.3033 sec
Elapsed time for experts 13.7544 sec
Elapsed time for households 11.8756 sec
Iteration 118
Elapsed time for kappa 34.4070 sec
Elapsed time for experts 13.6626 sec
Elapsed time for households 18.3484 sec
Iteration 119
Elapsed time for kappa 35.3228 sec
Elapsed time for experts 13.7505 sec
Elapsed time for households 12.3861 sec
Iteration 120
Elapsed time for kappa 34.3800 sec
Elapsed time for experts 13.7233 sec
Elapsed time for households 12.0030 sec
Iteration 121
Elapsed time for kappa 34.5516 sec
Elapsed time for experts 13.6127 sec
Elapsed time for households 12.2984 sec
Iteration 122
Elapsed time for kappa 34.4588 sec
Elapsed time for experts 13.7267 sec
Elapsed time for households 12.2608 sec
Iteration 123
Elapsed time for kappa 34.2971 sec
Elapsed time for experts 13.5218 sec
Elapsed time for households 12.7091 sec
Iteration 124
Elapsed time for kappa 34.8880 sec
Elapsed time for experts 13.5945 sec
Elapsed time for households 19.5201 sec
Iteration 125
Elapsed time for kappa 35.5310 sec
Elapsed time for experts 14.0269 sec
Elapsed time for households 12.9462 sec
Iteration 126
Elapsed time for kappa 34.7454 sec
Elapsed time for experts 13.9197 sec
Elapsed time for households 12.6419 sec
Iteration 127
Elapsed time for kappa 34.8351 sec
Elapsed time for experts 13.7439 sec
Elapsed time for households 12.0947 sec
Iteration 128
Elapsed time for kappa 34.7214 sec
Elapsed time for experts 13.5310 sec
Elapsed time for households 12.2280 sec
Iteration 129
Elapsed time for kappa 34.3888 sec
Elapsed time for experts 13.5791 sec
Elapsed time for households 12.2641 sec
Iteration 130
Elapsed time for kappa 34.5785 sec
Elapsed time for experts 13.5157 sec
Elapsed time for households 19.2883 sec
Iteration 131
Elapsed time for kappa 35.5022 sec
Elapsed time for experts 14.2157 sec
Elapsed time for households 13.0175 sec
Iteration 132
Elapsed time for kappa 34.9006 sec
Elapsed time for experts 13.7172 sec
Elapsed time for households 12.3454 sec
Iteration 133
Elapsed time for kappa 34.7961 sec
Elapsed time for experts 13.9284 sec
Elapsed time for households 11.9351 sec
Iteration 134
Elapsed time for kappa 34.5892 sec
Elapsed time for experts 13.5682 sec
Elapsed time for households 12.1786 sec
Iteration 135
Elapsed time for kappa 34.5425 sec
Elapsed time for experts 13.8272 sec
Elapsed time for households 12.1538 sec
Iteration 136
Elapsed time for kappa 35.4314 sec
Elapsed time for experts 21.0550 sec
Elapsed time for households 13.1398 sec
Iteration 137
Elapsed time for kappa 35.3994 sec
Elapsed time for experts 14.1636 sec
Elapsed time for households 12.4938 sec
Iteration 138
Elapsed time for kappa 35.1595 sec
Elapsed time for experts 13.8605 sec
Elapsed time for households 12.3671 sec
Iteration 139
Elapsed time for kappa 34.5624 sec
Elapsed time for experts 13.8852 sec
Elapsed time for households 12.3268 sec
Iteration 140
Elapsed time for kappa 34.4130 sec
Elapsed time for experts 13.6450 sec
Elapsed time for households 12.2227 sec
Iteration 141
Elapsed time for kappa 35.4339 sec
Elapsed time for experts 13.6493 sec
Elapsed time for households 12.2870 sec
Iteration 142
Elapsed time for kappa 34.5175 sec
Elapsed time for experts 20.7500 sec
Elapsed time for households 12.8028 sec
Iteration 143
Elapsed time for kappa 34.8817 sec
Elapsed time for experts 13.6933 sec
Elapsed time for households 12.5482 sec
Iteration 144
Elapsed time for kappa 34.6528 sec
Elapsed time for experts 13.5780 sec
Elapsed time for households 11.9536 sec
Iteration 145
Elapsed time for kappa 33.9885 sec
Elapsed time for experts 13.6650 sec
Elapsed time for households 12.3145 sec
Iteration 146
Elapsed time for kappa 34.3271 sec
Elapsed time for experts 13.9098 sec
Elapsed time for households 11.9391 sec
Iteration 147
Elapsed time for kappa 34.0785 sec
Elapsed time for experts 13.7804 sec
Elapsed time for households 11.8894 sec
Iteration 148
Elapsed time for kappa 34.9434 sec
Elapsed time for experts 20.1483 sec
Elapsed time for households 13.2935 sec
Iteration 149
Elapsed time for kappa 35.0808 sec
Elapsed time for experts 13.8391 sec
Elapsed time for households 12.2308 sec
Iteration 150
Elapsed time for kappa 34.9108 sec
Elapsed time for experts 13.6678 sec
Elapsed time for households 12.4789 sec
Iteration 151
Elapsed time for kappa 34.2689 sec
Elapsed time for experts 14.0140 sec
Elapsed time for households 12.2914 sec
Iteration 152
Elapsed time for kappa 34.7117 sec
Elapsed time for experts 13.5885 sec
Elapsed time for households 12.4077 sec
Iteration 153
Elapsed time for kappa 33.7884 sec
Elapsed time for experts 13.5172 sec
Elapsed time for households 11.9117 sec
Iteration 154
Elapsed time for kappa 34.6538 sec
Elapsed time for experts 20.6851 sec
Elapsed time for households 12.5286 sec
Iteration 155
Elapsed time for kappa 35.4915 sec
Elapsed time for experts 14.2478 sec
Elapsed time for households 12.4789 sec
Iteration 156
Elapsed time for kappa 34.7413 sec
Elapsed time for experts 13.9886 sec
Elapsed time for households 12.1443 sec
Iteration 157
Elapsed time for kappa 34.6375 sec
Elapsed time for experts 13.6882 sec
Elapsed time for households 12.2238 sec
Iteration 158
Elapsed time for kappa 34.5004 sec
Elapsed time for experts 13.7328 sec
Elapsed time for households 12.5598 sec
Iteration 159
Elapsed time for kappa 34.6361 sec
Elapsed time for experts 13.5856 sec
Elapsed time for households 12.1399 sec
Iteration 160
Elapsed time for kappa 41.5959 sec
Elapsed time for experts 14.4153 sec
Elapsed time for households 12.2353 sec
Iteration 161
Elapsed time for kappa 35.1772 sec
Elapsed time for experts 13.8687 sec
Elapsed time for households 12.5817 sec
Iteration 162
Elapsed time for kappa 34.9548 sec
Elapsed time for experts 13.8801 sec
Elapsed time for households 12.6236 sec
Iteration 163
Elapsed time for kappa 34.2601 sec
Elapsed time for experts 13.8088 sec
Elapsed time for households 12.3747 sec
Iteration 164
Elapsed time for kappa 34.4083 sec
Elapsed time for experts 13.4686 sec
Elapsed time for households 12.0378 sec
Iteration 165
Elapsed time for kappa 34.7560 sec
Elapsed time for experts 13.5906 sec
Elapsed time for households 12.1814 sec
Iteration 166
Elapsed time for kappa 41.4802 sec
Elapsed time for experts 14.2832 sec
Elapsed time for households 12.6901 sec
Iteration 167
Elapsed time for kappa 34.6446 sec
Elapsed time for experts 13.8350 sec
Elapsed time for households 12.0688 sec
Iteration 168
Elapsed time for kappa 34.7263 sec
Elapsed time for experts 13.7675 sec
Elapsed time for households 12.1162 sec
Iteration 169
Elapsed time for kappa 34.4557 sec
Elapsed time for experts 13.5638 sec
Elapsed time for households 12.0415 sec
Iteration 170
Elapsed time for kappa 34.3167 sec
Elapsed time for experts 13.6178 sec
Elapsed time for households 12.1328 sec
Iteration 171
Elapsed time for kappa 34.3453 sec
Elapsed time for experts 13.3997 sec
Elapsed time for households 11.9569 sec
Iteration 172
Elapsed time for kappa 41.6258 sec
Elapsed time for experts 14.0991 sec
Elapsed time for households 12.3235 sec
Iteration 173
Elapsed time for kappa 34.4756 sec
Elapsed time for experts 13.8219 sec
Elapsed time for households 12.1109 sec
Iteration 174
Elapsed time for kappa 34.5934 sec
Elapsed time for experts 13.6914 sec
Elapsed time for households 12.3573 sec
Iteration 175
Elapsed time for kappa 34.5350 sec
Elapsed time for experts 13.6995 sec
Elapsed time for households 12.0746 sec
Iteration 176
Elapsed time for kappa 34.2860 sec
Elapsed time for experts 13.5588 sec
Elapsed time for households 12.5255 sec
Iteration 177
Elapsed time for kappa 34.1997 sec
Elapsed time for experts 13.6143 sec
Elapsed time for households 12.0913 sec
Iteration 178
Elapsed time for kappa 41.9115 sec
Elapsed time for experts 14.2679 sec
Elapsed time for households 12.3511 sec
Iteration 179
Elapsed time for kappa 34.6398 sec
Elapsed time for experts 13.8921 sec
Elapsed time for households 12.3677 sec
Iteration 180
Elapsed time for kappa 34.6063 sec
Elapsed time for experts 13.7389 sec
Elapsed time for households 12.1442 sec
Iteration 181
Elapsed time for kappa 34.3612 sec
Elapsed time for experts 14.1772 sec
Elapsed time for households 12.0261 sec
Iteration 182
Elapsed time for kappa 34.3309 sec
Elapsed time for experts 13.8123 sec
Elapsed time for households 11.9671 sec
Iteration 183
Elapsed time for kappa 34.6125 sec
Elapsed time for experts 13.5364 sec
Elapsed time for households 18.0457 sec
Iteration 184
Elapsed time for kappa 35.3966 sec
Elapsed time for experts 13.8954 sec
Elapsed time for households 12.2927 sec
Iteration 185
Elapsed time for kappa 34.7412 sec
Elapsed time for experts 14.3378 sec
Elapsed time for households 12.1939 sec
Iteration 186
Elapsed time for kappa 35.7732 sec
Elapsed time for experts 13.5092 sec
Elapsed time for households 12.1752 sec
Iteration 187
Elapsed time for kappa 34.8379 sec
Elapsed time for experts 13.8638 sec
Elapsed time for households 12.0648 sec
Iteration 188
Elapsed time for kappa 34.0204 sec
Elapsed time for experts 13.6528 sec
Elapsed time for households 12.4253 sec
Iteration 189
Elapsed time for kappa 35.6238 sec
Elapsed time for experts 13.9489 sec
Elapsed time for households 19.5466 sec
Iteration 190
Elapsed time for kappa 36.2045 sec
Elapsed time for experts 14.7159 sec
Elapsed time for households 13.2789 sec
Iteration 191
Elapsed time for kappa 35.7160 sec
Elapsed time for experts 14.3771 sec
Elapsed time for households 12.9885 sec
Iteration 192
Elapsed time for kappa 35.3356 sec
Elapsed time for experts 13.9492 sec
Elapsed time for households 12.5435 sec
Iteration 193
Elapsed time for kappa 35.0468 sec
Elapsed time for experts 14.0284 sec
Elapsed time for households 12.3002 sec
Iteration 194
Elapsed time for kappa 34.9140 sec
Elapsed time for experts 14.0315 sec
Elapsed time for households 12.7167 sec
Iteration 195
Elapsed time for kappa 34.8793 sec
Elapsed time for experts 13.9616 sec
Elapsed time for households 19.4819 sec
Iteration 196
Elapsed time for kappa 35.8345 sec
Elapsed time for experts 14.4355 sec
Elapsed time for households 13.1497 sec
Iteration 197
Elapsed time for kappa 35.3067 sec
Elapsed time for experts 14.1585 sec
Elapsed time for households 12.5929 sec
Iteration 198
Elapsed time for kappa 35.3201 sec
Elapsed time for experts 14.1485 sec
Elapsed time for households 12.3868 sec
Iteration 199
Elapsed time for kappa 35.4936 sec
Elapsed time for experts 14.3643 sec
Elapsed time for households 12.4330 sec
Elapsed time for training 12960.3371 sec
