Iteration 0
Elapsed time for kappa 68.1839 sec
Elapsed time for experts 21.0788 sec
Elapsed time for households 19.9887 sec
Iteration 1
Elapsed time for kappa 35.5185 sec
Elapsed time for experts 15.7635 sec
Elapsed time for households 11.9422 sec
Iteration 2
Elapsed time for kappa 32.6592 sec
Elapsed time for experts 15.0024 sec
Elapsed time for households 11.3497 sec
Iteration 3
Elapsed time for kappa 32.3691 sec
Elapsed time for experts 15.0223 sec
Elapsed time for households 11.5963 sec
Iteration 4
Elapsed time for kappa 32.4910 sec
Elapsed time for experts 12.6072 sec
Elapsed time for households 11.6041 sec
Iteration 5
Elapsed time for kappa 32.0495 sec
Elapsed time for experts 12.6815 sec
Elapsed time for households 11.4371 sec
Iteration 6
Elapsed time for kappa 31.9745 sec
Elapsed time for experts 12.7210 sec
Elapsed time for households 16.6780 sec
Iteration 7
Elapsed time for kappa 39.7637 sec
Elapsed time for experts 15.0799 sec
Elapsed time for households 13.5202 sec
Iteration 8
Elapsed time for kappa 32.3653 sec
Elapsed time for experts 15.0360 sec
Elapsed time for households 11.6257 sec
Iteration 9
Elapsed time for kappa 31.7724 sec
Elapsed time for experts 14.5070 sec
Elapsed time for households 11.3980 sec
Iteration 10
Elapsed time for kappa 31.7879 sec
Elapsed time for experts 13.7502 sec
Elapsed time for households 10.6564 sec
Iteration 11
Elapsed time for kappa 32.0365 sec
Elapsed time for experts 12.6825 sec
Elapsed time for households 11.7957 sec
Iteration 12
Elapsed time for kappa 32.0335 sec
Elapsed time for experts 11.9457 sec
Elapsed time for households 20.3967 sec
Iteration 13
Elapsed time for kappa 32.5145 sec
Elapsed time for experts 12.4020 sec
Elapsed time for households 13.4966 sec
Iteration 14
Elapsed time for kappa 32.0633 sec
Elapsed time for experts 12.6645 sec
Elapsed time for households 13.4074 sec
Iteration 15
Elapsed time for kappa 32.2950 sec
Elapsed time for experts 12.1236 sec
Elapsed time for households 10.6999 sec
Iteration 16
Elapsed time for kappa 31.7785 sec
Elapsed time for experts 12.8042 sec
Elapsed time for households 11.1595 sec
Iteration 17
Elapsed time for kappa 31.6780 sec
Elapsed time for experts 12.7459 sec
Elapsed time for households 10.6540 sec
Iteration 18
Elapsed time for kappa 31.8845 sec
Elapsed time for experts 13.3348 sec
Elapsed time for households 20.8161 sec
Iteration 19
Elapsed time for kappa 32.7130 sec
Elapsed time for experts 12.8560 sec
Elapsed time for households 10.9514 sec
Iteration 20
Elapsed time for kappa 31.9981 sec
Elapsed time for experts 12.8326 sec
Elapsed time for households 10.0612 sec
Iteration 21
Elapsed time for kappa 32.0870 sec
Elapsed time for experts 12.6373 sec
Elapsed time for households 10.4740 sec
Iteration 22
Elapsed time for kappa 31.6370 sec
Elapsed time for experts 14.4391 sec
Elapsed time for households 10.6923 sec
Iteration 23
Elapsed time for kappa 31.9587 sec
Elapsed time for experts 11.8537 sec
Elapsed time for households 10.8084 sec
Iteration 24
Elapsed time for kappa 31.9052 sec
Elapsed time for experts 20.0111 sec
Elapsed time for households 10.4316 sec
Iteration 25
Elapsed time for kappa 32.4261 sec
Elapsed time for experts 12.7266 sec
Elapsed time for households 10.8209 sec
Iteration 26
Elapsed time for kappa 31.7537 sec
Elapsed time for experts 12.8158 sec
Elapsed time for households 10.2055 sec
Iteration 27
Elapsed time for kappa 31.4453 sec
Elapsed time for experts 12.8638 sec
Elapsed time for households 9.7709 sec
Iteration 28
Elapsed time for kappa 31.7251 sec
Elapsed time for experts 12.9590 sec
Elapsed time for households 10.5595 sec
Iteration 29
Elapsed time for kappa 31.7029 sec
Elapsed time for experts 13.1856 sec
Elapsed time for households 9.9164 sec
Iteration 30
Elapsed time for kappa 31.5344 sec
Elapsed time for experts 19.9209 sec
Elapsed time for households 10.6522 sec
Iteration 31
Elapsed time for kappa 33.5514 sec
Elapsed time for experts 11.8755 sec
Elapsed time for households 10.6058 sec
Iteration 32
Elapsed time for kappa 31.7623 sec
Elapsed time for experts 12.7265 sec
Elapsed time for households 9.7375 sec
Iteration 33
Elapsed time for kappa 31.5016 sec
Elapsed time for experts 13.1207 sec
Elapsed time for households 11.2641 sec
Iteration 34
Elapsed time for kappa 31.3375 sec
Elapsed time for experts 12.1473 sec
Elapsed time for households 10.5679 sec
Iteration 35
Elapsed time for kappa 31.5082 sec
Elapsed time for experts 12.2891 sec
Elapsed time for households 10.5969 sec
Iteration 36
Elapsed time for kappa 31.4765 sec
Elapsed time for experts 19.7767 sec
Elapsed time for households 10.5175 sec
Iteration 37
Elapsed time for kappa 31.9138 sec
Elapsed time for experts 14.4814 sec
Elapsed time for households 10.7161 sec
Iteration 38
Elapsed time for kappa 31.4445 sec
Elapsed time for experts 12.8290 sec
Elapsed time for households 10.3951 sec
Iteration 39
Elapsed time for kappa 32.2855 sec
Elapsed time for experts 12.2527 sec
Elapsed time for households 10.3423 sec
Iteration 40
Elapsed time for kappa 31.6427 sec
Elapsed time for experts 12.7308 sec
Elapsed time for households 9.9738 sec
Iteration 41
Elapsed time for kappa 31.7640 sec
Elapsed time for experts 11.9343 sec
Elapsed time for households 10.1732 sec
Iteration 42
Elapsed time for kappa 39.4050 sec
Elapsed time for experts 14.6700 sec
Elapsed time for households 10.4452 sec
Iteration 43
Elapsed time for kappa 31.7044 sec
Elapsed time for experts 12.8913 sec
Elapsed time for households 9.7936 sec
Iteration 44
Elapsed time for kappa 31.6963 sec
Elapsed time for experts 12.5813 sec
Elapsed time for households 10.4512 sec
Iteration 45
Elapsed time for kappa 31.4325 sec
Elapsed time for experts 12.6843 sec
Elapsed time for households 10.1924 sec
Iteration 46
Elapsed time for kappa 31.7666 sec
Elapsed time for experts 12.2510 sec
Elapsed time for households 9.9569 sec
Iteration 47
Elapsed time for kappa 31.4899 sec
Elapsed time for experts 11.8820 sec
Elapsed time for households 10.2902 sec
Iteration 48
Elapsed time for kappa 39.8150 sec
Elapsed time for experts 11.7954 sec
Elapsed time for households 10.7042 sec
Iteration 49
Elapsed time for kappa 32.3945 sec
Elapsed time for experts 12.0498 sec
Elapsed time for households 10.2368 sec
Iteration 50
Elapsed time for kappa 31.7805 sec
Elapsed time for experts 12.3363 sec
Elapsed time for households 10.1936 sec
Iteration 51
Elapsed time for kappa 32.0688 sec
Elapsed time for experts 12.5473 sec
Elapsed time for households 10.5547 sec
Iteration 52
Elapsed time for kappa 31.8225 sec
Elapsed time for experts 11.5477 sec
Elapsed time for households 10.7015 sec
Iteration 53
Elapsed time for kappa 31.8261 sec
Elapsed time for experts 13.0164 sec
Elapsed time for households 10.5938 sec
Iteration 54
Elapsed time for kappa 39.8468 sec
Elapsed time for experts 11.9667 sec
Elapsed time for households 10.3014 sec
Iteration 55
Elapsed time for kappa 32.2499 sec
Elapsed time for experts 11.5908 sec
Elapsed time for households 10.9484 sec
Iteration 56
Elapsed time for kappa 31.9251 sec
Elapsed time for experts 12.4984 sec
Elapsed time for households 10.0219 sec
Iteration 57
Elapsed time for kappa 32.1235 sec
Elapsed time for experts 12.8750 sec
Elapsed time for households 9.9978 sec
Iteration 58
Elapsed time for kappa 31.9269 sec
Elapsed time for experts 12.6082 sec
Elapsed time for households 10.1102 sec
Iteration 59
Elapsed time for kappa 31.3637 sec
Elapsed time for experts 12.3431 sec
Elapsed time for households 9.9151 sec
Iteration 60
Elapsed time for kappa 39.1741 sec
Elapsed time for experts 13.6963 sec
Elapsed time for households 10.2690 sec
Iteration 61
Elapsed time for kappa 32.0200 sec
Elapsed time for experts 12.3451 sec
Elapsed time for households 10.2250 sec
Iteration 62
Elapsed time for kappa 32.0185 sec
Elapsed time for experts 12.4018 sec
Elapsed time for households 10.1230 sec
Iteration 63
Elapsed time for kappa 32.7479 sec
Elapsed time for experts 15.0863 sec
Elapsed time for households 10.8045 sec
Iteration 64
Elapsed time for kappa 31.5702 sec
Elapsed time for experts 12.2739 sec
Elapsed time for households 10.9438 sec
Iteration 65
Elapsed time for kappa 32.1275 sec
Elapsed time for experts 11.8344 sec
Elapsed time for households 9.8041 sec
Iteration 66
Elapsed time for kappa 38.7414 sec
Elapsed time for experts 11.5753 sec
Elapsed time for households 10.2248 sec
Iteration 67
Elapsed time for kappa 32.2941 sec
Elapsed time for experts 12.6364 sec
Elapsed time for households 10.0721 sec
Iteration 68
Elapsed time for kappa 31.9655 sec
Elapsed time for experts 13.0004 sec
Elapsed time for households 9.8954 sec
Iteration 69
Elapsed time for kappa 31.8511 sec
Elapsed time for experts 12.3049 sec
Elapsed time for households 10.1665 sec
Iteration 70
Elapsed time for kappa 31.6057 sec
Elapsed time for experts 13.5040 sec
Elapsed time for households 9.8975 sec
Iteration 71
Elapsed time for kappa 31.8219 sec
Elapsed time for experts 12.6304 sec
Elapsed time for households 16.8168 sec
Iteration 72
Elapsed time for kappa 32.3320 sec
Elapsed time for experts 12.3036 sec
Elapsed time for households 10.8524 sec
Iteration 73
Elapsed time for kappa 32.1319 sec
Elapsed time for experts 12.7257 sec
Elapsed time for households 10.4094 sec
Iteration 74
Elapsed time for kappa 32.2611 sec
Elapsed time for experts 12.3351 sec
Elapsed time for households 9.8176 sec
Iteration 75
Elapsed time for kappa 31.8530 sec
Elapsed time for experts 12.7522 sec
Elapsed time for households 10.0125 sec
Iteration 76
Elapsed time for kappa 32.0126 sec
Elapsed time for experts 13.6087 sec
Elapsed time for households 10.7015 sec
Iteration 77
Elapsed time for kappa 31.5644 sec
Elapsed time for experts 19.3932 sec
Elapsed time for households 10.2760 sec
Iteration 78
Elapsed time for kappa 32.0083 sec
Elapsed time for experts 12.5716 sec
Elapsed time for households 10.4120 sec
Iteration 79
Elapsed time for kappa 32.2567 sec
Elapsed time for experts 13.2506 sec
Elapsed time for households 10.4564 sec
Iteration 80
Elapsed time for kappa 31.9785 sec
Elapsed time for experts 12.4700 sec
Elapsed time for households 9.9886 sec
Iteration 81
Elapsed time for kappa 31.4570 sec
Elapsed time for experts 12.6250 sec
Elapsed time for households 10.2337 sec
Iteration 82
Elapsed time for kappa 31.7637 sec
Elapsed time for experts 12.8908 sec
Elapsed time for households 10.2249 sec
Iteration 83
Elapsed time for kappa 31.4588 sec
Elapsed time for experts 19.2964 sec
Elapsed time for households 10.2581 sec
Iteration 84
Elapsed time for kappa 32.4691 sec
Elapsed time for experts 12.0430 sec
Elapsed time for households 10.0712 sec
Iteration 85
Elapsed time for kappa 32.3788 sec
Elapsed time for experts 12.5245 sec
Elapsed time for households 10.2615 sec
Iteration 86
Elapsed time for kappa 31.6924 sec
Elapsed time for experts 12.5899 sec
Elapsed time for households 10.6927 sec
Iteration 87
Elapsed time for kappa 32.0816 sec
Elapsed time for experts 11.8929 sec
Elapsed time for households 10.0709 sec
Iteration 88
Elapsed time for kappa 31.5538 sec
Elapsed time for experts 11.7692 sec
Elapsed time for households 9.9669 sec
Iteration 89
Elapsed time for kappa 31.3997 sec
Elapsed time for experts 18.9618 sec
Elapsed time for households 10.2041 sec
Iteration 90
Elapsed time for kappa 31.9515 sec
Elapsed time for experts 11.5460 sec
Elapsed time for households 10.2042 sec
Iteration 91
Elapsed time for kappa 32.4145 sec
Elapsed time for experts 12.3997 sec
Elapsed time for households 10.2028 sec
Iteration 92
Elapsed time for kappa 31.9238 sec
Elapsed time for experts 12.6793 sec
Elapsed time for households 9.9513 sec
Iteration 93
Elapsed time for kappa 31.8341 sec
Elapsed time for experts 12.8701 sec
Elapsed time for households 10.0613 sec
Iteration 94
Elapsed time for kappa 31.6118 sec
Elapsed time for experts 12.3067 sec
Elapsed time for households 10.4555 sec
Iteration 95
Elapsed time for kappa 40.1212 sec
Elapsed time for experts 13.3599 sec
Elapsed time for households 9.9631 sec
Iteration 96
Elapsed time for kappa 32.1434 sec
Elapsed time for experts 12.5491 sec
Elapsed time for households 9.9975 sec
Iteration 97
Elapsed time for kappa 31.9093 sec
Elapsed time for experts 12.3837 sec
Elapsed time for households 10.5346 sec
Iteration 98
Elapsed time for kappa 31.9456 sec
Elapsed time for experts 13.7677 sec
Elapsed time for households 10.5671 sec
Iteration 99
Elapsed time for kappa 31.9309 sec
Elapsed time for experts 12.0395 sec
Elapsed time for households 9.9198 sec
Iteration 100
Elapsed time for kappa 32.1193 sec
Elapsed time for experts 12.0465 sec
Elapsed time for households 9.9613 sec
Iteration 101
Elapsed time for kappa 39.4294 sec
Elapsed time for experts 12.8283 sec
Elapsed time for households 10.8029 sec
Iteration 102
Elapsed time for kappa 32.7184 sec
Elapsed time for experts 12.1092 sec
Elapsed time for households 10.4484 sec
Iteration 103
Elapsed time for kappa 31.8874 sec
Elapsed time for experts 13.0421 sec
Elapsed time for households 10.3929 sec
Iteration 104
Elapsed time for kappa 32.1713 sec
Elapsed time for experts 11.7838 sec
Elapsed time for households 10.3058 sec
Iteration 105
Elapsed time for kappa 31.9324 sec
Elapsed time for experts 12.5886 sec
Elapsed time for households 10.1633 sec
Iteration 106
Elapsed time for kappa 31.6580 sec
Elapsed time for experts 12.7348 sec
Elapsed time for households 9.7800 sec
Iteration 107
Elapsed time for kappa 39.8094 sec
Elapsed time for experts 13.4436 sec
Elapsed time for households 10.0404 sec
Iteration 108
Elapsed time for kappa 32.4983 sec
Elapsed time for experts 12.6641 sec
Elapsed time for households 9.9611 sec
Iteration 109
Elapsed time for kappa 32.3669 sec
Elapsed time for experts 12.1948 sec
Elapsed time for households 10.1735 sec
Iteration 110
Elapsed time for kappa 32.0588 sec
Elapsed time for experts 11.9527 sec
Elapsed time for households 9.9790 sec
Iteration 111
Elapsed time for kappa 31.5955 sec
Elapsed time for experts 12.8637 sec
Elapsed time for households 9.9460 sec
Iteration 112
Elapsed time for kappa 31.4050 sec
Elapsed time for experts 12.1088 sec
Elapsed time for households 10.0471 sec
Iteration 113
Elapsed time for kappa 39.5819 sec
Elapsed time for experts 12.4934 sec
Elapsed time for households 10.9383 sec
Iteration 114
Elapsed time for kappa 32.2750 sec
Elapsed time for experts 14.5201 sec
Elapsed time for households 10.5345 sec
Iteration 115
Elapsed time for kappa 32.4656 sec
Elapsed time for experts 12.0868 sec
Elapsed time for households 10.7159 sec
Iteration 116
Elapsed time for kappa 32.1982 sec
Elapsed time for experts 12.1919 sec
Elapsed time for households 10.2557 sec
Iteration 117
Elapsed time for kappa 31.9920 sec
Elapsed time for experts 14.1062 sec
Elapsed time for households 10.1930 sec
Iteration 118
Elapsed time for kappa 31.8504 sec
Elapsed time for experts 12.1105 sec
Elapsed time for households 9.8048 sec
Iteration 119
Elapsed time for kappa 38.8448 sec
Elapsed time for experts 12.8980 sec
Elapsed time for households 10.6509 sec
Iteration 120
Elapsed time for kappa 32.5107 sec
Elapsed time for experts 12.6363 sec
Elapsed time for households 10.5162 sec
Iteration 121
Elapsed time for kappa 32.0803 sec
Elapsed time for experts 11.8835 sec
Elapsed time for households 9.9406 sec
Iteration 122
Elapsed time for kappa 31.9625 sec
Elapsed time for experts 11.8550 sec
Elapsed time for households 10.7101 sec
Iteration 123
Elapsed time for kappa 31.9489 sec
Elapsed time for experts 12.4144 sec
Elapsed time for households 9.7452 sec
Iteration 124
Elapsed time for kappa 31.7094 sec
Elapsed time for experts 18.5650 sec
Elapsed time for households 10.2464 sec
Iteration 125
Elapsed time for kappa 32.3174 sec
Elapsed time for experts 12.3883 sec
Elapsed time for households 10.5155 sec
Iteration 126
Elapsed time for kappa 32.0841 sec
Elapsed time for experts 11.9110 sec
Elapsed time for households 10.9266 sec
Iteration 127
Elapsed time for kappa 32.3067 sec
Elapsed time for experts 13.6893 sec
Elapsed time for households 10.4020 sec
Iteration 128
Elapsed time for kappa 31.7432 sec
Elapsed time for experts 12.4802 sec
Elapsed time for households 9.9550 sec
Iteration 129
Elapsed time for kappa 31.3397 sec
Elapsed time for experts 12.0080 sec
Elapsed time for households 10.4310 sec
Iteration 130
Elapsed time for kappa 31.3222 sec
Elapsed time for experts 19.1218 sec
Elapsed time for households 10.5070 sec
Iteration 131
Elapsed time for kappa 32.2823 sec
Elapsed time for experts 12.6115 sec
Elapsed time for households 10.5516 sec
Iteration 132
Elapsed time for kappa 31.9595 sec
Elapsed time for experts 13.7863 sec
Elapsed time for households 10.4377 sec
Iteration 133
Elapsed time for kappa 31.5582 sec
Elapsed time for experts 12.0271 sec
Elapsed time for households 9.9403 sec
Iteration 134
Elapsed time for kappa 31.5301 sec
Elapsed time for experts 11.9996 sec
Elapsed time for households 10.5636 sec
Iteration 135
Elapsed time for kappa 31.2406 sec
Elapsed time for experts 12.0155 sec
Elapsed time for households 10.6970 sec
Iteration 136
Elapsed time for kappa 31.1442 sec
Elapsed time for experts 19.1899 sec
Elapsed time for households 10.2062 sec
Iteration 137
Elapsed time for kappa 31.6149 sec
Elapsed time for experts 11.7256 sec
Elapsed time for households 9.9875 sec
Iteration 138
Elapsed time for kappa 31.6123 sec
Elapsed time for experts 11.9421 sec
Elapsed time for households 10.3453 sec
Iteration 139
Elapsed time for kappa 31.4371 sec
Elapsed time for experts 12.1210 sec
Elapsed time for households 9.9368 sec
Iteration 140
Elapsed time for kappa 31.6605 sec
Elapsed time for experts 12.5611 sec
Elapsed time for households 10.9128 sec
Iteration 141
Elapsed time for kappa 30.8826 sec
Elapsed time for experts 11.1212 sec
Elapsed time for households 10.3598 sec
Iteration 142
Elapsed time for kappa 31.5471 sec
Elapsed time for experts 18.3336 sec
Elapsed time for households 10.3962 sec
Iteration 143
Elapsed time for kappa 31.3886 sec
Elapsed time for experts 12.7158 sec
Elapsed time for households 10.6716 sec
Iteration 144
Elapsed time for kappa 31.4339 sec
Elapsed time for experts 12.5769 sec
Elapsed time for households 10.1647 sec
Iteration 145
Elapsed time for kappa 31.3880 sec
Elapsed time for experts 11.7138 sec
Elapsed time for households 9.8242 sec
Iteration 146
Elapsed time for kappa 30.8874 sec
Elapsed time for experts 12.0027 sec
Elapsed time for households 9.6094 sec
Iteration 147
Elapsed time for kappa 30.6336 sec
Elapsed time for experts 12.0258 sec
Elapsed time for households 10.5594 sec
Iteration 148
Elapsed time for kappa 37.8942 sec
Elapsed time for experts 12.9916 sec
Elapsed time for households 10.0611 sec
Iteration 149
Elapsed time for kappa 31.1913 sec
Elapsed time for experts 12.7464 sec
Elapsed time for households 10.3735 sec
Iteration 150
Elapsed time for kappa 31.1842 sec
Elapsed time for experts 12.0474 sec
Elapsed time for households 9.9502 sec
Iteration 151
Elapsed time for kappa 31.1019 sec
Elapsed time for experts 11.2180 sec
Elapsed time for households 9.8528 sec
Iteration 152
Elapsed time for kappa 30.9131 sec
Elapsed time for experts 11.0788 sec
Elapsed time for households 9.5554 sec
Iteration 153
Elapsed time for kappa 31.1585 sec
Elapsed time for experts 12.9411 sec
Elapsed time for households 10.5614 sec
Iteration 154
Elapsed time for kappa 37.5820 sec
Elapsed time for experts 12.4382 sec
Elapsed time for households 10.6061 sec
Iteration 155
Elapsed time for kappa 31.1802 sec
Elapsed time for experts 12.0350 sec
Elapsed time for households 10.3698 sec
Iteration 156
Elapsed time for kappa 30.9074 sec
Elapsed time for experts 12.1387 sec
Elapsed time for households 9.8952 sec
Iteration 157
Elapsed time for kappa 31.3719 sec
Elapsed time for experts 11.5634 sec
Elapsed time for households 9.7009 sec
Iteration 158
Elapsed time for kappa 31.0874 sec
Elapsed time for experts 13.5011 sec
Elapsed time for households 9.8009 sec
Iteration 159
Elapsed time for kappa 31.0903 sec
Elapsed time for experts 12.5177 sec
Elapsed time for households 9.6902 sec
Iteration 160
Elapsed time for kappa 39.5083 sec
Elapsed time for experts 13.2601 sec
Elapsed time for households 10.6136 sec
Iteration 161
Elapsed time for kappa 33.2181 sec
Elapsed time for experts 13.8745 sec
Elapsed time for households 11.7254 sec
Iteration 162
Elapsed time for kappa 34.8891 sec
Elapsed time for experts 12.5225 sec
Elapsed time for households 10.7388 sec
Iteration 163
Elapsed time for kappa 34.3257 sec
Elapsed time for experts 14.0780 sec
Elapsed time for households 11.5496 sec
Iteration 164
Elapsed time for kappa 34.1397 sec
Elapsed time for experts 13.8144 sec
Elapsed time for households 10.8218 sec
Iteration 165
Elapsed time for kappa 33.4839 sec
Elapsed time for experts 13.0155 sec
Elapsed time for households 11.0120 sec
Iteration 166
Elapsed time for kappa 40.8588 sec
Elapsed time for experts 13.9213 sec
Elapsed time for households 10.9358 sec
Iteration 167
Elapsed time for kappa 33.5034 sec
Elapsed time for experts 12.6593 sec
Elapsed time for households 10.6639 sec
Iteration 168
Elapsed time for kappa 33.3039 sec
Elapsed time for experts 14.0345 sec
Elapsed time for households 11.8142 sec
Iteration 169
Elapsed time for kappa 33.1449 sec
Elapsed time for experts 14.4647 sec
Elapsed time for households 11.5877 sec
Iteration 170
Elapsed time for kappa 32.9290 sec
Elapsed time for experts 13.3042 sec
Elapsed time for households 12.0100 sec
Iteration 171
Elapsed time for kappa 32.6875 sec
Elapsed time for experts 13.1804 sec
Elapsed time for households 17.1617 sec
Iteration 172
Elapsed time for kappa 34.1379 sec
Elapsed time for experts 13.4501 sec
Elapsed time for households 11.0900 sec
Iteration 173
Elapsed time for kappa 33.8184 sec
Elapsed time for experts 12.6933 sec
Elapsed time for households 10.9987 sec
Iteration 174
Elapsed time for kappa 33.9785 sec
Elapsed time for experts 13.1057 sec
Elapsed time for households 11.6398 sec
Iteration 175
Elapsed time for kappa 33.5993 sec
Elapsed time for experts 13.4539 sec
Elapsed time for households 10.6947 sec
Iteration 176
Elapsed time for kappa 33.5591 sec
Elapsed time for experts 13.2407 sec
Elapsed time for households 10.6832 sec
Iteration 177
Elapsed time for kappa 33.6208 sec
Elapsed time for experts 12.4087 sec
Elapsed time for households 10.8810 sec
Iteration 178
Elapsed time for kappa 41.7854 sec
Elapsed time for experts 13.1778 sec
Elapsed time for households 10.9032 sec
Iteration 179
Elapsed time for kappa 34.3575 sec
Elapsed time for experts 13.0055 sec
Elapsed time for households 11.0501 sec
Iteration 180
Elapsed time for kappa 34.1315 sec
Elapsed time for experts 12.5683 sec
Elapsed time for households 10.6285 sec
Iteration 181
Elapsed time for kappa 33.4281 sec
Elapsed time for experts 12.9503 sec
Elapsed time for households 11.0811 sec
Iteration 182
Elapsed time for kappa 33.1533 sec
Elapsed time for experts 13.3919 sec
Elapsed time for households 11.2604 sec
Iteration 183
Elapsed time for kappa 32.7798 sec
Elapsed time for experts 13.9055 sec
Elapsed time for households 17.3145 sec
Iteration 184
Elapsed time for kappa 33.9741 sec
Elapsed time for experts 13.6354 sec
Elapsed time for households 11.4829 sec
Iteration 185
Elapsed time for kappa 33.5043 sec
Elapsed time for experts 14.0831 sec
Elapsed time for households 10.9688 sec
Iteration 186
Elapsed time for kappa 33.3517 sec
Elapsed time for experts 13.6908 sec
Elapsed time for households 11.0369 sec
Iteration 187
Elapsed time for kappa 33.1919 sec
Elapsed time for experts 13.1846 sec
Elapsed time for households 10.9382 sec
Iteration 188
Elapsed time for kappa 33.0851 sec
Elapsed time for experts 13.4819 sec
Elapsed time for households 10.9210 sec
Iteration 189
Elapsed time for kappa 33.5947 sec
Elapsed time for experts 19.6984 sec
Elapsed time for households 11.3816 sec
Iteration 190
Elapsed time for kappa 34.0209 sec
Elapsed time for experts 13.5060 sec
Elapsed time for households 11.4975 sec
Iteration 191
Elapsed time for kappa 33.8766 sec
Elapsed time for experts 13.5134 sec
Elapsed time for households 11.8046 sec
Iteration 192
Elapsed time for kappa 33.7661 sec
Elapsed time for experts 12.8349 sec
Elapsed time for households 11.5163 sec
Iteration 193
Elapsed time for kappa 33.7536 sec
Elapsed time for experts 12.6697 sec
Elapsed time for households 11.0189 sec
Iteration 194
Elapsed time for kappa 33.8113 sec
Elapsed time for experts 12.8994 sec
Elapsed time for households 10.8515 sec
Iteration 195
Elapsed time for kappa 33.6659 sec
Elapsed time for experts 19.8409 sec
Elapsed time for households 11.1777 sec
Iteration 196
Elapsed time for kappa 34.1786 sec
Elapsed time for experts 12.7307 sec
Elapsed time for households 11.5759 sec
Iteration 197
Elapsed time for kappa 33.4014 sec
Elapsed time for experts 13.4967 sec
Elapsed time for households 11.3590 sec
Iteration 198
Elapsed time for kappa 33.3177 sec
Elapsed time for experts 13.1086 sec
Elapsed time for households 11.3546 sec
Iteration 199
Elapsed time for kappa 33.2164 sec
Elapsed time for experts 13.9159 sec
Elapsed time for households 10.8063 sec
Elapsed time for training 11418.3247 sec
