Iteration 0
Elapsed time for kappa 61.6865 sec
Elapsed time for experts 18.0034 sec
Elapsed time for households 14.4306 sec
Iteration 1
Elapsed time for kappa 39.6719 sec
Elapsed time for experts 13.5773 sec
Elapsed time for households 12.0040 sec
Iteration 2
Elapsed time for kappa 32.2724 sec
Elapsed time for experts 11.4518 sec
Elapsed time for households 11.7851 sec
Iteration 3
Elapsed time for kappa 31.9109 sec
Elapsed time for experts 13.3016 sec
Elapsed time for households 11.8057 sec
Iteration 4
Elapsed time for kappa 32.1464 sec
Elapsed time for experts 11.7608 sec
Elapsed time for households 10.4200 sec
Iteration 5
Elapsed time for kappa 32.4172 sec
Elapsed time for experts 11.8392 sec
Elapsed time for households 10.1155 sec
Iteration 6
Elapsed time for kappa 31.7314 sec
Elapsed time for experts 11.9521 sec
Elapsed time for households 10.2765 sec
Iteration 7
Elapsed time for kappa 39.5931 sec
Elapsed time for experts 12.0500 sec
Elapsed time for households 10.0517 sec
Iteration 8
Elapsed time for kappa 31.9098 sec
Elapsed time for experts 12.6980 sec
Elapsed time for households 10.1258 sec
Iteration 9
Elapsed time for kappa 31.5697 sec
Elapsed time for experts 11.7183 sec
Elapsed time for households 10.5023 sec
Iteration 10
Elapsed time for kappa 31.8129 sec
Elapsed time for experts 11.4317 sec
Elapsed time for households 9.9777 sec
Iteration 11
Elapsed time for kappa 31.6022 sec
Elapsed time for experts 11.6541 sec
Elapsed time for households 10.3283 sec
Iteration 12
Elapsed time for kappa 32.3752 sec
Elapsed time for experts 11.5577 sec
Elapsed time for households 16.6221 sec
Iteration 13
Elapsed time for kappa 33.1789 sec
Elapsed time for experts 12.3380 sec
Elapsed time for households 10.3495 sec
Iteration 14
Elapsed time for kappa 32.2989 sec
Elapsed time for experts 13.3629 sec
Elapsed time for households 10.2457 sec
Iteration 15
Elapsed time for kappa 32.7318 sec
Elapsed time for experts 11.9802 sec
Elapsed time for households 10.0708 sec
Iteration 16
Elapsed time for kappa 32.0161 sec
Elapsed time for experts 11.2670 sec
Elapsed time for households 10.2604 sec
Iteration 17
Elapsed time for kappa 31.8104 sec
Elapsed time for experts 12.7445 sec
Elapsed time for households 10.0510 sec
Iteration 18
Elapsed time for kappa 32.1786 sec
Elapsed time for experts 12.2065 sec
Elapsed time for households 17.7182 sec
Iteration 19
Elapsed time for kappa 32.8961 sec
Elapsed time for experts 11.9908 sec
Elapsed time for households 10.1839 sec
Iteration 20
Elapsed time for kappa 33.5820 sec
Elapsed time for experts 11.7968 sec
Elapsed time for households 10.0956 sec
Iteration 21
Elapsed time for kappa 32.0466 sec
Elapsed time for experts 12.2805 sec
Elapsed time for households 10.0306 sec
Iteration 22
Elapsed time for kappa 32.2604 sec
Elapsed time for experts 11.7678 sec
Elapsed time for households 10.4761 sec
Iteration 23
Elapsed time for kappa 32.1914 sec
Elapsed time for experts 11.6607 sec
Elapsed time for households 9.9344 sec
Iteration 24
Elapsed time for kappa 31.9782 sec
Elapsed time for experts 19.4016 sec
Elapsed time for households 10.6132 sec
Iteration 25
Elapsed time for kappa 32.5651 sec
Elapsed time for experts 11.9106 sec
Elapsed time for households 10.4628 sec
Iteration 26
Elapsed time for kappa 32.2243 sec
Elapsed time for experts 11.9181 sec
Elapsed time for households 10.2691 sec
Iteration 27
Elapsed time for kappa 32.1631 sec
Elapsed time for experts 11.9636 sec
Elapsed time for households 10.4264 sec
Iteration 28
Elapsed time for kappa 33.0530 sec
Elapsed time for experts 11.6162 sec
Elapsed time for households 10.1928 sec
Iteration 29
Elapsed time for kappa 32.0764 sec
Elapsed time for experts 11.6363 sec
Elapsed time for households 10.2959 sec
Iteration 30
Elapsed time for kappa 32.0230 sec
Elapsed time for experts 19.1151 sec
Elapsed time for households 10.6759 sec
Iteration 31
Elapsed time for kappa 32.5780 sec
Elapsed time for experts 11.9210 sec
Elapsed time for households 10.0344 sec
Iteration 32
Elapsed time for kappa 32.0255 sec
Elapsed time for experts 11.7305 sec
Elapsed time for households 10.1550 sec
Iteration 33
Elapsed time for kappa 32.2582 sec
Elapsed time for experts 11.4291 sec
Elapsed time for households 10.1770 sec
Iteration 34
Elapsed time for kappa 32.4038 sec
Elapsed time for experts 11.3198 sec
Elapsed time for households 10.3949 sec
Iteration 35
Elapsed time for kappa 31.9096 sec
Elapsed time for experts 11.5834 sec
Elapsed time for households 10.3541 sec
Iteration 36
Elapsed time for kappa 32.7289 sec
Elapsed time for experts 19.2762 sec
Elapsed time for households 10.4148 sec
Iteration 37
Elapsed time for kappa 32.9281 sec
Elapsed time for experts 11.8987 sec
Elapsed time for households 10.4153 sec
Iteration 38
Elapsed time for kappa 32.3487 sec
Elapsed time for experts 11.7519 sec
Elapsed time for households 10.2100 sec
Iteration 39
Elapsed time for kappa 32.2709 sec
Elapsed time for experts 11.6060 sec
Elapsed time for households 10.2128 sec
Iteration 40
Elapsed time for kappa 32.1015 sec
Elapsed time for experts 11.7300 sec
Elapsed time for households 10.0166 sec
Iteration 41
Elapsed time for kappa 32.0844 sec
Elapsed time for experts 12.1539 sec
Elapsed time for households 9.9819 sec
Iteration 42
Elapsed time for kappa 39.9523 sec
Elapsed time for experts 13.7828 sec
Elapsed time for households 10.3026 sec
Iteration 43
Elapsed time for kappa 32.4038 sec
Elapsed time for experts 11.8676 sec
Elapsed time for households 10.0137 sec
Iteration 44
Elapsed time for kappa 31.9216 sec
Elapsed time for experts 12.3037 sec
Elapsed time for households 10.1996 sec
Iteration 45
Elapsed time for kappa 31.9272 sec
Elapsed time for experts 11.8714 sec
Elapsed time for households 9.8874 sec
Iteration 46
Elapsed time for kappa 32.0376 sec
Elapsed time for experts 11.8092 sec
Elapsed time for households 10.3915 sec
Iteration 47
Elapsed time for kappa 31.9253 sec
Elapsed time for experts 11.9813 sec
Elapsed time for households 10.1742 sec
Iteration 48
Elapsed time for kappa 40.5199 sec
Elapsed time for experts 12.1005 sec
Elapsed time for households 10.4308 sec
Iteration 49
Elapsed time for kappa 32.1210 sec
Elapsed time for experts 11.4773 sec
Elapsed time for households 10.1110 sec
Iteration 50
Elapsed time for kappa 32.3443 sec
Elapsed time for experts 11.6792 sec
Elapsed time for households 11.5401 sec
Iteration 51
Elapsed time for kappa 32.0866 sec
Elapsed time for experts 11.6621 sec
Elapsed time for households 9.9746 sec
Iteration 52
Elapsed time for kappa 32.5567 sec
Elapsed time for experts 12.6642 sec
Elapsed time for households 10.0536 sec
Iteration 53
Elapsed time for kappa 31.8592 sec
Elapsed time for experts 11.5006 sec
Elapsed time for households 10.2171 sec
Iteration 54
Elapsed time for kappa 39.9999 sec
Elapsed time for experts 12.3493 sec
Elapsed time for households 10.2661 sec
Iteration 55
Elapsed time for kappa 32.1510 sec
Elapsed time for experts 11.7941 sec
Elapsed time for households 10.3695 sec
Iteration 56
Elapsed time for kappa 32.5186 sec
Elapsed time for experts 11.4634 sec
Elapsed time for households 10.1644 sec
Iteration 57
Elapsed time for kappa 32.5448 sec
Elapsed time for experts 11.8210 sec
Elapsed time for households 11.8266 sec
Iteration 58
Elapsed time for kappa 32.0119 sec
Elapsed time for experts 11.7445 sec
Elapsed time for households 9.9258 sec
Iteration 59
Elapsed time for kappa 32.7580 sec
Elapsed time for experts 11.6491 sec
Elapsed time for households 9.9713 sec
Iteration 60
Elapsed time for kappa 40.2501 sec
Elapsed time for experts 12.2614 sec
Elapsed time for households 10.8110 sec
Iteration 61
Elapsed time for kappa 32.2915 sec
Elapsed time for experts 13.0196 sec
Elapsed time for households 10.6329 sec
Iteration 62
Elapsed time for kappa 32.1170 sec
Elapsed time for experts 11.7988 sec
Elapsed time for households 10.0983 sec
Iteration 63
Elapsed time for kappa 32.3672 sec
Elapsed time for experts 11.6968 sec
Elapsed time for households 10.0860 sec
Iteration 64
Elapsed time for kappa 31.9185 sec
Elapsed time for experts 11.8261 sec
Elapsed time for households 10.2315 sec
Iteration 65
Elapsed time for kappa 31.9472 sec
Elapsed time for experts 12.0439 sec
Elapsed time for households 9.8887 sec
Iteration 66
Elapsed time for kappa 39.9502 sec
Elapsed time for experts 11.8248 sec
Elapsed time for households 10.5633 sec
Iteration 67
Elapsed time for kappa 32.4419 sec
Elapsed time for experts 11.4969 sec
Elapsed time for households 9.9576 sec
Iteration 68
Elapsed time for kappa 32.9143 sec
Elapsed time for experts 11.5613 sec
Elapsed time for households 9.9737 sec
Iteration 69
Elapsed time for kappa 31.7686 sec
Elapsed time for experts 11.3901 sec
Elapsed time for households 9.8206 sec
Iteration 70
Elapsed time for kappa 31.8504 sec
Elapsed time for experts 11.5280 sec
Elapsed time for households 10.0265 sec
Iteration 71
Elapsed time for kappa 31.9369 sec
Elapsed time for experts 11.6488 sec
Elapsed time for households 16.7008 sec
Iteration 72
Elapsed time for kappa 33.0111 sec
Elapsed time for experts 11.8274 sec
Elapsed time for households 10.6323 sec
Iteration 73
Elapsed time for kappa 31.9735 sec
Elapsed time for experts 11.9762 sec
Elapsed time for households 10.3895 sec
Iteration 74
Elapsed time for kappa 32.0417 sec
Elapsed time for experts 11.6626 sec
Elapsed time for households 10.6073 sec
Iteration 75
Elapsed time for kappa 32.1624 sec
Elapsed time for experts 11.5574 sec
Elapsed time for households 10.1464 sec
Iteration 76
Elapsed time for kappa 31.5994 sec
Elapsed time for experts 11.5314 sec
Elapsed time for households 10.1517 sec
Iteration 77
Elapsed time for kappa 31.8047 sec
Elapsed time for experts 19.3112 sec
Elapsed time for households 11.3535 sec
Iteration 78
Elapsed time for kappa 33.2038 sec
Elapsed time for experts 11.7872 sec
Elapsed time for households 10.3279 sec
Iteration 79
Elapsed time for kappa 34.2232 sec
Elapsed time for experts 11.5985 sec
Elapsed time for households 10.6422 sec
Iteration 80
Elapsed time for kappa 32.9476 sec
Elapsed time for experts 11.7999 sec
Elapsed time for households 10.1399 sec
Iteration 81
Elapsed time for kappa 33.1662 sec
Elapsed time for experts 11.7770 sec
Elapsed time for households 10.2685 sec
Iteration 82
Elapsed time for kappa 33.5295 sec
Elapsed time for experts 11.6742 sec
Elapsed time for households 10.1287 sec
Iteration 83
Elapsed time for kappa 32.0095 sec
Elapsed time for experts 19.2082 sec
Elapsed time for households 10.6091 sec
Iteration 84
Elapsed time for kappa 34.2906 sec
Elapsed time for experts 12.6687 sec
Elapsed time for households 10.9520 sec
Iteration 85
Elapsed time for kappa 33.1266 sec
Elapsed time for experts 12.4318 sec
Elapsed time for households 10.1744 sec
Iteration 86
Elapsed time for kappa 32.2438 sec
Elapsed time for experts 11.6582 sec
Elapsed time for households 11.5025 sec
Iteration 87
Elapsed time for kappa 33.2734 sec
Elapsed time for experts 12.5520 sec
Elapsed time for households 10.1205 sec
Iteration 88
Elapsed time for kappa 32.5342 sec
Elapsed time for experts 12.5617 sec
Elapsed time for households 10.1657 sec
Iteration 89
Elapsed time for kappa 31.9405 sec
Elapsed time for experts 20.1935 sec
Elapsed time for households 10.5710 sec
Iteration 90
Elapsed time for kappa 33.7380 sec
Elapsed time for experts 11.7627 sec
Elapsed time for households 11.4061 sec
Iteration 91
Elapsed time for kappa 32.3899 sec
Elapsed time for experts 12.3163 sec
Elapsed time for households 11.2785 sec
Iteration 92
Elapsed time for kappa 32.0978 sec
Elapsed time for experts 11.6876 sec
Elapsed time for households 10.0412 sec
Iteration 93
Elapsed time for kappa 32.1842 sec
Elapsed time for experts 11.6950 sec
Elapsed time for households 10.1467 sec
Iteration 94
Elapsed time for kappa 31.7998 sec
Elapsed time for experts 11.5933 sec
Elapsed time for households 9.9555 sec
Iteration 95
Elapsed time for kappa 39.3967 sec
Elapsed time for experts 11.8721 sec
Elapsed time for households 10.5080 sec
Iteration 96
Elapsed time for kappa 32.6274 sec
Elapsed time for experts 11.7552 sec
Elapsed time for households 9.9135 sec
Iteration 97
Elapsed time for kappa 32.4887 sec
Elapsed time for experts 11.3709 sec
Elapsed time for households 10.0959 sec
Iteration 98
Elapsed time for kappa 31.7548 sec
Elapsed time for experts 11.1351 sec
Elapsed time for households 10.0693 sec
Iteration 99
Elapsed time for kappa 32.0463 sec
Elapsed time for experts 11.0465 sec
Elapsed time for households 10.1221 sec
Iteration 100
Elapsed time for kappa 31.7456 sec
Elapsed time for experts 11.1023 sec
Elapsed time for households 9.7528 sec
Iteration 101
Elapsed time for kappa 38.5831 sec
Elapsed time for experts 11.7475 sec
Elapsed time for households 10.1029 sec
Iteration 102
Elapsed time for kappa 33.3106 sec
Elapsed time for experts 11.2445 sec
Elapsed time for households 9.7927 sec
Iteration 103
Elapsed time for kappa 33.2250 sec
Elapsed time for experts 11.4111 sec
Elapsed time for households 9.9994 sec
Iteration 104
Elapsed time for kappa 32.0183 sec
Elapsed time for experts 11.1903 sec
Elapsed time for households 9.7724 sec
Iteration 105
Elapsed time for kappa 31.6752 sec
Elapsed time for experts 11.0756 sec
Elapsed time for households 9.6511 sec
Iteration 106
Elapsed time for kappa 31.5244 sec
Elapsed time for experts 11.5862 sec
Elapsed time for households 9.6956 sec
Iteration 107
Elapsed time for kappa 38.0479 sec
Elapsed time for experts 11.6603 sec
Elapsed time for households 10.2849 sec
Iteration 108
Elapsed time for kappa 31.9178 sec
Elapsed time for experts 11.2628 sec
Elapsed time for households 9.8859 sec
Iteration 109
Elapsed time for kappa 31.6840 sec
Elapsed time for experts 11.2745 sec
Elapsed time for households 9.9402 sec
Iteration 110
Elapsed time for kappa 32.0874 sec
Elapsed time for experts 11.5784 sec
Elapsed time for households 10.0429 sec
Iteration 111
Elapsed time for kappa 31.4979 sec
Elapsed time for experts 11.5190 sec
Elapsed time for households 9.8083 sec
Iteration 112
Elapsed time for kappa 31.6150 sec
Elapsed time for experts 11.7573 sec
Elapsed time for households 10.2560 sec
Iteration 113
Elapsed time for kappa 37.3605 sec
Elapsed time for experts 11.9872 sec
Elapsed time for households 10.2333 sec
Iteration 114
Elapsed time for kappa 31.8398 sec
Elapsed time for experts 11.2364 sec
Elapsed time for households 10.2276 sec
Iteration 115
Elapsed time for kappa 31.1274 sec
Elapsed time for experts 12.1326 sec
Elapsed time for households 10.1066 sec
Iteration 116
Elapsed time for kappa 31.1641 sec
Elapsed time for experts 11.2177 sec
Elapsed time for households 10.0593 sec
Iteration 117
Elapsed time for kappa 32.0209 sec
Elapsed time for experts 11.5865 sec
Elapsed time for households 9.8607 sec
Iteration 118
Elapsed time for kappa 31.2011 sec
Elapsed time for experts 11.5884 sec
Elapsed time for households 10.1735 sec
Iteration 119
Elapsed time for kappa 36.9047 sec
Elapsed time for experts 11.7245 sec
Elapsed time for households 10.1750 sec
Iteration 120
Elapsed time for kappa 32.1587 sec
Elapsed time for experts 11.5410 sec
Elapsed time for households 10.4430 sec
Iteration 121
Elapsed time for kappa 30.9539 sec
Elapsed time for experts 11.4933 sec
Elapsed time for households 10.5510 sec
Iteration 122
Elapsed time for kappa 30.7590 sec
Elapsed time for experts 11.6480 sec
Elapsed time for households 9.8734 sec
Iteration 123
Elapsed time for kappa 31.1299 sec
Elapsed time for experts 11.2628 sec
Elapsed time for households 9.7037 sec
Iteration 124
Elapsed time for kappa 33.0568 sec
Elapsed time for experts 17.1801 sec
Elapsed time for households 9.8380 sec
Iteration 125
Elapsed time for kappa 32.3266 sec
Elapsed time for experts 11.3286 sec
Elapsed time for households 9.8781 sec
Iteration 126
Elapsed time for kappa 31.2201 sec
Elapsed time for experts 11.2362 sec
Elapsed time for households 10.7125 sec
Iteration 127
Elapsed time for kappa 32.4924 sec
Elapsed time for experts 11.3319 sec
Elapsed time for households 9.8144 sec
Iteration 128
Elapsed time for kappa 31.9777 sec
Elapsed time for experts 11.5063 sec
Elapsed time for households 9.5577 sec
Iteration 129
Elapsed time for kappa 31.0225 sec
Elapsed time for experts 11.2272 sec
Elapsed time for households 9.6763 sec
Iteration 130
Elapsed time for kappa 31.6878 sec
Elapsed time for experts 17.7711 sec
Elapsed time for households 10.4741 sec
Iteration 131
Elapsed time for kappa 32.6611 sec
Elapsed time for experts 11.7546 sec
Elapsed time for households 9.7540 sec
Iteration 132
Elapsed time for kappa 31.9074 sec
Elapsed time for experts 11.8485 sec
Elapsed time for households 10.0074 sec
Iteration 133
Elapsed time for kappa 31.7259 sec
Elapsed time for experts 11.4276 sec
Elapsed time for households 10.0124 sec
Iteration 134
Elapsed time for kappa 31.3213 sec
Elapsed time for experts 11.5845 sec
Elapsed time for households 10.1033 sec
Iteration 135
Elapsed time for kappa 30.9859 sec
Elapsed time for experts 11.1346 sec
Elapsed time for households 9.8510 sec
Iteration 136
Elapsed time for kappa 31.4510 sec
Elapsed time for experts 17.6778 sec
Elapsed time for households 10.0735 sec
Iteration 137
Elapsed time for kappa 32.7065 sec
Elapsed time for experts 11.7258 sec
Elapsed time for households 10.1168 sec
Iteration 138
Elapsed time for kappa 31.4134 sec
Elapsed time for experts 11.6490 sec
Elapsed time for households 9.8234 sec
Iteration 139
Elapsed time for kappa 32.3159 sec
Elapsed time for experts 11.0200 sec
Elapsed time for households 9.8606 sec
Iteration 140
Elapsed time for kappa 31.3216 sec
Elapsed time for experts 11.1453 sec
Elapsed time for households 10.3205 sec
Iteration 141
Elapsed time for kappa 31.0812 sec
Elapsed time for experts 11.5190 sec
Elapsed time for households 10.2169 sec
Iteration 142
Elapsed time for kappa 31.3235 sec
Elapsed time for experts 17.9595 sec
Elapsed time for households 10.4992 sec
Iteration 143
Elapsed time for kappa 31.3386 sec
Elapsed time for experts 11.4023 sec
Elapsed time for households 10.8951 sec
Iteration 144
Elapsed time for kappa 31.7258 sec
Elapsed time for experts 11.3064 sec
Elapsed time for households 10.5690 sec
Iteration 145
Elapsed time for kappa 31.7547 sec
Elapsed time for experts 11.7386 sec
Elapsed time for households 10.3621 sec
Iteration 146
Elapsed time for kappa 31.1784 sec
Elapsed time for experts 11.4836 sec
Elapsed time for households 9.9572 sec
Iteration 147
Elapsed time for kappa 30.6506 sec
Elapsed time for experts 11.1108 sec
Elapsed time for households 9.6436 sec
Iteration 148
Elapsed time for kappa 37.6951 sec
Elapsed time for experts 11.7381 sec
Elapsed time for households 10.0783 sec
Iteration 149
Elapsed time for kappa 31.7792 sec
Elapsed time for experts 11.7827 sec
Elapsed time for households 10.0939 sec
Iteration 150
Elapsed time for kappa 32.7722 sec
Elapsed time for experts 12.3094 sec
Elapsed time for households 9.6643 sec
Iteration 151
Elapsed time for kappa 31.2182 sec
Elapsed time for experts 10.9626 sec
Elapsed time for households 9.8450 sec
Iteration 152
Elapsed time for kappa 31.0109 sec
Elapsed time for experts 10.9796 sec
Elapsed time for households 9.7372 sec
Iteration 153
Elapsed time for kappa 31.7624 sec
Elapsed time for experts 11.4480 sec
Elapsed time for households 9.8235 sec
Iteration 154
Elapsed time for kappa 37.7148 sec
Elapsed time for experts 11.1564 sec
Elapsed time for households 10.1109 sec
Iteration 155
Elapsed time for kappa 31.3298 sec
Elapsed time for experts 12.2342 sec
Elapsed time for households 10.0488 sec
Iteration 156
Elapsed time for kappa 31.6498 sec
Elapsed time for experts 11.2268 sec
Elapsed time for households 10.0547 sec
Iteration 157
Elapsed time for kappa 31.5618 sec
Elapsed time for experts 10.8737 sec
Elapsed time for households 9.6813 sec
Iteration 158
Elapsed time for kappa 31.3210 sec
Elapsed time for experts 11.3206 sec
Elapsed time for households 9.6333 sec
Iteration 159
Elapsed time for kappa 30.8921 sec
Elapsed time for experts 12.3830 sec
Elapsed time for households 9.7718 sec
Iteration 160
Elapsed time for kappa 37.7492 sec
Elapsed time for experts 12.5188 sec
Elapsed time for households 9.9513 sec
Iteration 161
Elapsed time for kappa 31.6787 sec
Elapsed time for experts 11.7678 sec
Elapsed time for households 9.6727 sec
Iteration 162
Elapsed time for kappa 31.3083 sec
Elapsed time for experts 11.2798 sec
Elapsed time for households 9.9898 sec
Iteration 163
Elapsed time for kappa 31.3515 sec
Elapsed time for experts 12.1851 sec
Elapsed time for households 10.6095 sec
Iteration 164
Elapsed time for kappa 31.9882 sec
Elapsed time for experts 12.4766 sec
Elapsed time for households 11.3466 sec
Iteration 165
Elapsed time for kappa 35.1133 sec
Elapsed time for experts 12.1599 sec
Elapsed time for households 11.1313 sec
Iteration 166
Elapsed time for kappa 42.3095 sec
Elapsed time for experts 12.4050 sec
Elapsed time for households 11.0653 sec
Iteration 167
Elapsed time for kappa 34.3361 sec
Elapsed time for experts 12.3843 sec
Elapsed time for households 11.2634 sec
Iteration 168
Elapsed time for kappa 34.5004 sec
Elapsed time for experts 12.3894 sec
Elapsed time for households 11.0426 sec
Iteration 169
Elapsed time for kappa 34.4037 sec
Elapsed time for experts 12.5734 sec
Elapsed time for households 10.9816 sec
Iteration 170
Elapsed time for kappa 32.6592 sec
Elapsed time for experts 11.5880 sec
Elapsed time for households 9.7551 sec
Iteration 171
Elapsed time for kappa 31.9503 sec
Elapsed time for experts 11.5317 sec
Elapsed time for households 16.4575 sec
Iteration 172
Elapsed time for kappa 31.6564 sec
Elapsed time for experts 11.2358 sec
Elapsed time for households 10.0459 sec
Iteration 173
Elapsed time for kappa 31.5628 sec
Elapsed time for experts 11.2260 sec
Elapsed time for households 9.8499 sec
Iteration 174
Elapsed time for kappa 32.3403 sec
Elapsed time for experts 11.2245 sec
Elapsed time for households 9.8948 sec
Iteration 175
Elapsed time for kappa 31.6545 sec
Elapsed time for experts 11.5942 sec
Elapsed time for households 9.9553 sec
Iteration 176
Elapsed time for kappa 31.6331 sec
Elapsed time for experts 11.4251 sec
Elapsed time for households 9.8501 sec
Iteration 177
Elapsed time for kappa 31.1977 sec
Elapsed time for experts 11.4103 sec
Elapsed time for households 9.9900 sec
Iteration 178
Elapsed time for kappa 38.5048 sec
Elapsed time for experts 12.0367 sec
Elapsed time for households 10.0645 sec
Iteration 179
Elapsed time for kappa 33.2339 sec
Elapsed time for experts 11.3225 sec
Elapsed time for households 9.6474 sec
Iteration 180
Elapsed time for kappa 31.7372 sec
Elapsed time for experts 11.1249 sec
Elapsed time for households 10.1792 sec
Iteration 181
Elapsed time for kappa 32.0596 sec
Elapsed time for experts 11.1495 sec
Elapsed time for households 9.5828 sec
Iteration 182
Elapsed time for kappa 31.3306 sec
Elapsed time for experts 11.2293 sec
Elapsed time for households 9.8224 sec
Iteration 183
Elapsed time for kappa 31.7629 sec
Elapsed time for experts 12.0507 sec
Elapsed time for households 15.7656 sec
Iteration 184
Elapsed time for kappa 31.6659 sec
Elapsed time for experts 11.6580 sec
Elapsed time for households 10.4652 sec
Iteration 185
Elapsed time for kappa 31.5262 sec
Elapsed time for experts 11.7653 sec
Elapsed time for households 10.4164 sec
Iteration 186
Elapsed time for kappa 31.9373 sec
Elapsed time for experts 11.8713 sec
Elapsed time for households 9.7412 sec
Iteration 187
Elapsed time for kappa 31.4046 sec
Elapsed time for experts 11.7701 sec
Elapsed time for households 10.7517 sec
Iteration 188
Elapsed time for kappa 31.5130 sec
Elapsed time for experts 12.1975 sec
Elapsed time for households 10.0453 sec
Iteration 189
Elapsed time for kappa 31.6023 sec
Elapsed time for experts 17.9309 sec
Elapsed time for households 10.4479 sec
Iteration 190
Elapsed time for kappa 31.7687 sec
Elapsed time for experts 11.4840 sec
Elapsed time for households 10.1481 sec
Iteration 191
Elapsed time for kappa 31.1916 sec
Elapsed time for experts 11.7059 sec
Elapsed time for households 10.2033 sec
Iteration 192
Elapsed time for kappa 31.0892 sec
Elapsed time for experts 11.7517 sec
Elapsed time for households 9.7956 sec
Iteration 193
Elapsed time for kappa 31.1305 sec
Elapsed time for experts 11.2649 sec
Elapsed time for households 9.8877 sec
Iteration 194
Elapsed time for kappa 31.4424 sec
Elapsed time for experts 11.0595 sec
Elapsed time for households 9.8619 sec
Iteration 195
Elapsed time for kappa 31.2692 sec
Elapsed time for experts 17.9720 sec
Elapsed time for households 10.4403 sec
Iteration 196
Elapsed time for kappa 31.9554 sec
Elapsed time for experts 11.3232 sec
Elapsed time for households 9.9896 sec
Iteration 197
Elapsed time for kappa 32.7499 sec
Elapsed time for experts 11.1918 sec
Elapsed time for households 10.3436 sec
Iteration 198
Elapsed time for kappa 31.3193 sec
Elapsed time for experts 11.0460 sec
Elapsed time for households 10.1201 sec
Iteration 199
Elapsed time for kappa 31.7356 sec
Elapsed time for experts 11.1366 sec
Elapsed time for households 9.6604 sec
Elapsed time for training 11090.2293 sec
90000 90000 90000 90000
