Iteration 0
Elapsed time for kappa 69.7657 sec
Elapsed time for experts 21.1019 sec
Elapsed time for households 17.6918 sec
Iteration 1
Elapsed time for kappa 35.0840 sec
Elapsed time for experts 16.4163 sec
Elapsed time for households 14.7057 sec
Iteration 2
Elapsed time for kappa 31.9908 sec
Elapsed time for experts 12.6526 sec
Elapsed time for households 14.1531 sec
Iteration 3
Elapsed time for kappa 31.5924 sec
Elapsed time for experts 12.5255 sec
Elapsed time for households 10.3636 sec
Iteration 4
Elapsed time for kappa 31.4802 sec
Elapsed time for experts 12.1634 sec
Elapsed time for households 10.3307 sec
Iteration 5
Elapsed time for kappa 31.6657 sec
Elapsed time for experts 15.3980 sec
Elapsed time for households 10.9691 sec
Iteration 6
Elapsed time for kappa 34.6731 sec
Elapsed time for experts 11.2770 sec
Elapsed time for households 10.8369 sec
Iteration 7
Elapsed time for kappa 38.5988 sec
Elapsed time for experts 12.8242 sec
Elapsed time for households 10.8932 sec
Iteration 8
Elapsed time for kappa 31.1788 sec
Elapsed time for experts 11.9259 sec
Elapsed time for households 11.7463 sec
Iteration 9
Elapsed time for kappa 34.6429 sec
Elapsed time for experts 14.0491 sec
Elapsed time for households 12.0363 sec
Iteration 10
Elapsed time for kappa 31.1935 sec
Elapsed time for experts 11.8175 sec
Elapsed time for households 10.6166 sec
Iteration 11
Elapsed time for kappa 31.0755 sec
Elapsed time for experts 11.6800 sec
Elapsed time for households 11.6000 sec
Iteration 12
Elapsed time for kappa 31.1659 sec
Elapsed time for experts 12.0760 sec
Elapsed time for households 17.7099 sec
Iteration 13
Elapsed time for kappa 34.6906 sec
Elapsed time for experts 13.4355 sec
Elapsed time for households 11.9505 sec
Iteration 14
Elapsed time for kappa 31.3172 sec
Elapsed time for experts 11.9086 sec
Elapsed time for households 10.5961 sec
Iteration 15
Elapsed time for kappa 31.1953 sec
Elapsed time for experts 11.9060 sec
Elapsed time for households 10.0383 sec
Iteration 16
Elapsed time for kappa 31.1841 sec
Elapsed time for experts 11.2632 sec
Elapsed time for households 10.2559 sec
Iteration 17
Elapsed time for kappa 30.9320 sec
Elapsed time for experts 12.3509 sec
Elapsed time for households 10.6990 sec
Iteration 18
Elapsed time for kappa 31.3036 sec
Elapsed time for experts 11.8268 sec
Elapsed time for households 16.4573 sec
Iteration 19
Elapsed time for kappa 34.2014 sec
Elapsed time for experts 14.1894 sec
Elapsed time for households 11.5017 sec
Iteration 20
Elapsed time for kappa 33.8471 sec
Elapsed time for experts 13.7388 sec
Elapsed time for households 10.3176 sec
Iteration 21
Elapsed time for kappa 34.7995 sec
Elapsed time for experts 13.9305 sec
Elapsed time for households 10.7764 sec
Iteration 22
Elapsed time for kappa 30.8904 sec
Elapsed time for experts 11.8242 sec
Elapsed time for households 10.3086 sec
Iteration 23
Elapsed time for kappa 30.9883 sec
Elapsed time for experts 12.3429 sec
Elapsed time for households 10.0726 sec
Iteration 24
Elapsed time for kappa 31.1513 sec
Elapsed time for experts 17.5115 sec
Elapsed time for households 10.6512 sec
Iteration 25
Elapsed time for kappa 31.2157 sec
Elapsed time for experts 12.0995 sec
Elapsed time for households 9.8126 sec
Iteration 26
Elapsed time for kappa 30.8597 sec
Elapsed time for experts 12.2588 sec
Elapsed time for households 12.1602 sec
Iteration 27
Elapsed time for kappa 30.7233 sec
Elapsed time for experts 10.9176 sec
Elapsed time for households 12.0270 sec
Iteration 28
Elapsed time for kappa 30.9154 sec
Elapsed time for experts 12.9966 sec
Elapsed time for households 10.9694 sec
Iteration 29
Elapsed time for kappa 31.2193 sec
Elapsed time for experts 12.3231 sec
Elapsed time for households 9.6645 sec
Iteration 30
Elapsed time for kappa 34.3289 sec
Elapsed time for experts 18.0777 sec
Elapsed time for households 10.9286 sec
Iteration 31
Elapsed time for kappa 30.8691 sec
Elapsed time for experts 12.3161 sec
Elapsed time for households 13.4762 sec
Iteration 32
Elapsed time for kappa 30.5499 sec
Elapsed time for experts 12.1379 sec
Elapsed time for households 10.7800 sec
Iteration 33
Elapsed time for kappa 33.5577 sec
Elapsed time for experts 11.2817 sec
Elapsed time for households 10.0272 sec
Iteration 34
Elapsed time for kappa 30.6423 sec
Elapsed time for experts 11.2789 sec
Elapsed time for households 9.8300 sec
Iteration 35
Elapsed time for kappa 30.6163 sec
Elapsed time for experts 12.2759 sec
Elapsed time for households 10.1876 sec
Iteration 36
Elapsed time for kappa 31.3014 sec
Elapsed time for experts 17.4331 sec
Elapsed time for households 9.8544 sec
Iteration 37
Elapsed time for kappa 30.7330 sec
Elapsed time for experts 11.2654 sec
Elapsed time for households 9.7797 sec
Iteration 38
Elapsed time for kappa 30.7467 sec
Elapsed time for experts 11.8360 sec
Elapsed time for households 10.3263 sec
Iteration 39
Elapsed time for kappa 30.6128 sec
Elapsed time for experts 11.7249 sec
Elapsed time for households 10.4898 sec
Iteration 40
Elapsed time for kappa 31.0270 sec
Elapsed time for experts 11.9633 sec
Elapsed time for households 10.6039 sec
Iteration 41
Elapsed time for kappa 33.7581 sec
Elapsed time for experts 11.2208 sec
Elapsed time for households 9.7935 sec
Iteration 42
Elapsed time for kappa 37.0293 sec
Elapsed time for experts 12.2361 sec
Elapsed time for households 10.6370 sec
Iteration 43
Elapsed time for kappa 31.3406 sec
Elapsed time for experts 12.4855 sec
Elapsed time for households 10.8105 sec
Iteration 44
Elapsed time for kappa 31.2288 sec
Elapsed time for experts 11.1675 sec
Elapsed time for households 9.7230 sec
Iteration 45
Elapsed time for kappa 30.9349 sec
Elapsed time for experts 11.1673 sec
Elapsed time for households 10.5931 sec
Iteration 46
Elapsed time for kappa 30.9764 sec
Elapsed time for experts 11.1080 sec
Elapsed time for households 10.0121 sec
Iteration 47
Elapsed time for kappa 30.7418 sec
Elapsed time for experts 12.2911 sec
Elapsed time for households 9.5485 sec
Iteration 48
Elapsed time for kappa 36.8320 sec
Elapsed time for experts 11.9704 sec
Elapsed time for households 10.5235 sec
Iteration 49
Elapsed time for kappa 30.7570 sec
Elapsed time for experts 11.0559 sec
Elapsed time for households 10.5267 sec
Iteration 50
Elapsed time for kappa 30.8402 sec
Elapsed time for experts 10.9996 sec
Elapsed time for households 10.6327 sec
Iteration 51
Elapsed time for kappa 31.1329 sec
Elapsed time for experts 11.8561 sec
Elapsed time for households 10.1792 sec
Iteration 52
Elapsed time for kappa 30.6617 sec
Elapsed time for experts 12.3949 sec
Elapsed time for households 10.5946 sec
Iteration 53
Elapsed time for kappa 31.0003 sec
Elapsed time for experts 12.4650 sec
Elapsed time for households 11.9042 sec
Iteration 54
Elapsed time for kappa 38.6627 sec
Elapsed time for experts 11.4561 sec
Elapsed time for households 10.2211 sec
Iteration 55
Elapsed time for kappa 30.9275 sec
Elapsed time for experts 11.0600 sec
Elapsed time for households 9.6187 sec
Iteration 56
Elapsed time for kappa 33.9542 sec
Elapsed time for experts 10.9539 sec
Elapsed time for households 10.0690 sec
Iteration 57
Elapsed time for kappa 33.8297 sec
Elapsed time for experts 12.0662 sec
Elapsed time for households 9.9306 sec
Iteration 58
Elapsed time for kappa 30.8255 sec
Elapsed time for experts 11.1189 sec
Elapsed time for households 10.0472 sec
Iteration 59
Elapsed time for kappa 31.0006 sec
Elapsed time for experts 12.1032 sec
Elapsed time for households 10.6113 sec
Iteration 60
Elapsed time for kappa 37.1665 sec
Elapsed time for experts 11.1582 sec
Elapsed time for households 10.6314 sec
Iteration 61
Elapsed time for kappa 30.8714 sec
Elapsed time for experts 11.1127 sec
Elapsed time for households 9.5352 sec
Iteration 62
Elapsed time for kappa 30.9517 sec
Elapsed time for experts 12.0135 sec
Elapsed time for households 10.6916 sec
Iteration 63
Elapsed time for kappa 31.0186 sec
Elapsed time for experts 11.1357 sec
Elapsed time for households 9.7338 sec
Iteration 64
Elapsed time for kappa 30.9559 sec
Elapsed time for experts 11.2256 sec
Elapsed time for households 9.7166 sec
Iteration 65
Elapsed time for kappa 31.3113 sec
Elapsed time for experts 11.8130 sec
Elapsed time for households 10.2930 sec
Iteration 66
Elapsed time for kappa 36.8356 sec
Elapsed time for experts 11.6003 sec
Elapsed time for households 10.7433 sec
Iteration 67
Elapsed time for kappa 31.1350 sec
Elapsed time for experts 11.6830 sec
Elapsed time for households 9.5166 sec
Iteration 68
Elapsed time for kappa 30.7560 sec
Elapsed time for experts 11.2677 sec
Elapsed time for households 9.7653 sec
Iteration 69
Elapsed time for kappa 31.0849 sec
Elapsed time for experts 13.2738 sec
Elapsed time for households 10.5525 sec
Iteration 70
Elapsed time for kappa 31.4518 sec
Elapsed time for experts 11.1569 sec
Elapsed time for households 9.7908 sec
Iteration 71
Elapsed time for kappa 30.9244 sec
Elapsed time for experts 11.0609 sec
Elapsed time for households 15.6593 sec
Iteration 72
Elapsed time for kappa 31.3540 sec
Elapsed time for experts 11.9094 sec
Elapsed time for households 9.8973 sec
Iteration 73
Elapsed time for kappa 30.7635 sec
Elapsed time for experts 12.0113 sec
Elapsed time for households 10.5534 sec
Iteration 74
Elapsed time for kappa 31.0435 sec
Elapsed time for experts 11.0706 sec
Elapsed time for households 9.7043 sec
Iteration 75
Elapsed time for kappa 33.8896 sec
Elapsed time for experts 11.3197 sec
Elapsed time for households 11.2211 sec
Iteration 76
Elapsed time for kappa 30.7969 sec
Elapsed time for experts 11.2109 sec
Elapsed time for households 9.7465 sec
Iteration 77
Elapsed time for kappa 31.1623 sec
Elapsed time for experts 17.5035 sec
Elapsed time for households 10.0322 sec
Iteration 78
Elapsed time for kappa 30.9243 sec
Elapsed time for experts 11.5110 sec
Elapsed time for households 9.7786 sec
Iteration 79
Elapsed time for kappa 33.5363 sec
Elapsed time for experts 12.2707 sec
Elapsed time for households 12.1595 sec
Iteration 80
Elapsed time for kappa 30.9932 sec
Elapsed time for experts 11.1506 sec
Elapsed time for households 11.2443 sec
Iteration 81
Elapsed time for kappa 33.8510 sec
Elapsed time for experts 11.6638 sec
Elapsed time for households 11.9489 sec
Iteration 82
Elapsed time for kappa 30.7594 sec
Elapsed time for experts 12.0631 sec
Elapsed time for households 10.3521 sec
Iteration 83
Elapsed time for kappa 33.9021 sec
Elapsed time for experts 18.1142 sec
Elapsed time for households 12.1748 sec
Iteration 84
Elapsed time for kappa 30.8883 sec
Elapsed time for experts 11.2527 sec
Elapsed time for households 11.0446 sec
Iteration 85
Elapsed time for kappa 30.5993 sec
Elapsed time for experts 11.2511 sec
Elapsed time for households 10.7533 sec
Iteration 86
Elapsed time for kappa 30.2716 sec
Elapsed time for experts 11.5364 sec
Elapsed time for households 10.3658 sec
Iteration 87
Elapsed time for kappa 30.7435 sec
Elapsed time for experts 12.5156 sec
Elapsed time for households 10.3436 sec
Iteration 88
Elapsed time for kappa 30.3498 sec
Elapsed time for experts 11.0214 sec
Elapsed time for households 10.4732 sec
Iteration 89
Elapsed time for kappa 30.9540 sec
Elapsed time for experts 18.3991 sec
Elapsed time for households 11.0673 sec
Iteration 90
Elapsed time for kappa 30.9955 sec
Elapsed time for experts 12.1875 sec
Elapsed time for households 9.6025 sec
Iteration 91
Elapsed time for kappa 30.6257 sec
Elapsed time for experts 13.2638 sec
Elapsed time for households 10.6540 sec
Iteration 92
Elapsed time for kappa 33.6197 sec
Elapsed time for experts 12.1435 sec
Elapsed time for households 11.6877 sec
Iteration 93
Elapsed time for kappa 30.4655 sec
Elapsed time for experts 10.9438 sec
Elapsed time for households 10.1089 sec
Iteration 94
Elapsed time for kappa 30.7229 sec
Elapsed time for experts 11.3673 sec
Elapsed time for households 10.3098 sec
Iteration 95
Elapsed time for kappa 36.6504 sec
Elapsed time for experts 12.4173 sec
Elapsed time for households 10.4358 sec
Iteration 96
Elapsed time for kappa 31.8888 sec
Elapsed time for experts 12.9349 sec
Elapsed time for households 12.9991 sec
Iteration 97
Elapsed time for kappa 39.1955 sec
Elapsed time for experts 14.0953 sec
Elapsed time for households 16.6327 sec
Iteration 98
Elapsed time for kappa 36.6748 sec
Elapsed time for experts 13.4955 sec
Elapsed time for households 13.0105 sec
Iteration 99
Elapsed time for kappa 37.8097 sec
Elapsed time for experts 14.5231 sec
Elapsed time for households 13.6976 sec
Iteration 100
Elapsed time for kappa 34.4101 sec
Elapsed time for experts 14.0612 sec
Elapsed time for households 12.0337 sec
Iteration 101
Elapsed time for kappa 39.9856 sec
Elapsed time for experts 12.2651 sec
Elapsed time for households 10.7423 sec
Iteration 102
Elapsed time for kappa 33.8851 sec
Elapsed time for experts 13.1646 sec
Elapsed time for households 10.7847 sec
Iteration 103
Elapsed time for kappa 31.5573 sec
Elapsed time for experts 11.0068 sec
Elapsed time for households 9.5200 sec
Iteration 104
Elapsed time for kappa 30.5761 sec
Elapsed time for experts 11.0140 sec
Elapsed time for households 9.7733 sec
Iteration 105
Elapsed time for kappa 30.3874 sec
Elapsed time for experts 11.1991 sec
Elapsed time for households 10.8163 sec
Iteration 106
Elapsed time for kappa 30.5236 sec
Elapsed time for experts 11.4155 sec
Elapsed time for households 9.8374 sec
Iteration 107
Elapsed time for kappa 36.8251 sec
Elapsed time for experts 12.7026 sec
Elapsed time for households 10.7513 sec
Iteration 108
Elapsed time for kappa 30.9019 sec
Elapsed time for experts 11.5028 sec
Elapsed time for households 10.6422 sec
Iteration 109
Elapsed time for kappa 33.5395 sec
Elapsed time for experts 11.1321 sec
Elapsed time for households 11.6386 sec
Iteration 110
Elapsed time for kappa 30.9440 sec
Elapsed time for experts 12.1968 sec
Elapsed time for households 10.7306 sec
Iteration 111
Elapsed time for kappa 33.3710 sec
Elapsed time for experts 12.2841 sec
Elapsed time for households 11.2055 sec
Iteration 112
Elapsed time for kappa 30.2181 sec
Elapsed time for experts 10.9962 sec
Elapsed time for households 9.6333 sec
Iteration 113
Elapsed time for kappa 39.8237 sec
Elapsed time for experts 11.3704 sec
Elapsed time for households 10.7595 sec
Iteration 114
Elapsed time for kappa 33.5731 sec
Elapsed time for experts 12.7169 sec
Elapsed time for households 10.6710 sec
Iteration 115
Elapsed time for kappa 30.6404 sec
Elapsed time for experts 11.5463 sec
Elapsed time for households 10.5864 sec
Iteration 116
Elapsed time for kappa 30.5846 sec
Elapsed time for experts 12.0437 sec
Elapsed time for households 9.8092 sec
Iteration 117
Elapsed time for kappa 30.4941 sec
Elapsed time for experts 10.9990 sec
Elapsed time for households 10.0540 sec
Iteration 118
Elapsed time for kappa 30.4621 sec
Elapsed time for experts 10.9941 sec
Elapsed time for households 10.5087 sec
Iteration 119
Elapsed time for kappa 37.9561 sec
Elapsed time for experts 11.0742 sec
Elapsed time for households 9.7218 sec
Iteration 120
Elapsed time for kappa 30.7539 sec
Elapsed time for experts 11.9853 sec
Elapsed time for households 9.5705 sec
Iteration 121
Elapsed time for kappa 30.4065 sec
Elapsed time for experts 11.4010 sec
Elapsed time for households 10.1879 sec
Iteration 122
Elapsed time for kappa 30.3304 sec
Elapsed time for experts 11.5339 sec
Elapsed time for households 10.7422 sec
Iteration 123
Elapsed time for kappa 30.4456 sec
Elapsed time for experts 10.9988 sec
Elapsed time for households 9.9601 sec
Iteration 124
Elapsed time for kappa 30.7846 sec
Elapsed time for experts 17.4427 sec
Elapsed time for households 9.9894 sec
Iteration 125
Elapsed time for kappa 31.0391 sec
Elapsed time for experts 11.2158 sec
Elapsed time for households 10.3656 sec
Iteration 126
Elapsed time for kappa 30.8337 sec
Elapsed time for experts 11.0801 sec
Elapsed time for households 10.4420 sec
Iteration 127
Elapsed time for kappa 30.5335 sec
Elapsed time for experts 11.1121 sec
Elapsed time for households 10.6695 sec
Iteration 128
Elapsed time for kappa 30.3783 sec
Elapsed time for experts 12.1349 sec
Elapsed time for households 9.6643 sec
Iteration 129
Elapsed time for kappa 30.4638 sec
Elapsed time for experts 11.2461 sec
Elapsed time for households 9.3790 sec
Iteration 130
Elapsed time for kappa 30.7088 sec
Elapsed time for experts 17.0358 sec
Elapsed time for households 11.0098 sec
Iteration 131
Elapsed time for kappa 30.9325 sec
Elapsed time for experts 11.7466 sec
Elapsed time for households 10.5518 sec
Iteration 132
Elapsed time for kappa 30.8265 sec
Elapsed time for experts 11.1265 sec
Elapsed time for households 10.3253 sec
Iteration 133
Elapsed time for kappa 30.5934 sec
Elapsed time for experts 12.7997 sec
Elapsed time for households 10.2854 sec
Iteration 134
Elapsed time for kappa 30.1950 sec
Elapsed time for experts 11.0982 sec
Elapsed time for households 9.5371 sec
Iteration 135
Elapsed time for kappa 30.2815 sec
Elapsed time for experts 10.8507 sec
Elapsed time for households 10.7253 sec
Iteration 136
Elapsed time for kappa 30.3734 sec
Elapsed time for experts 17.6905 sec
Elapsed time for households 10.4342 sec
Iteration 137
Elapsed time for kappa 30.9669 sec
Elapsed time for experts 11.2159 sec
Elapsed time for households 9.7036 sec
Iteration 138
Elapsed time for kappa 30.8233 sec
Elapsed time for experts 11.6493 sec
Elapsed time for households 10.4258 sec
Iteration 139
Elapsed time for kappa 30.6631 sec
Elapsed time for experts 12.4439 sec
Elapsed time for households 10.5898 sec
Iteration 140
Elapsed time for kappa 30.5519 sec
Elapsed time for experts 16.2291 sec
Elapsed time for households 12.0109 sec
Iteration 141
Elapsed time for kappa 37.7429 sec
Elapsed time for experts 13.2591 sec
Elapsed time for households 11.3515 sec
Iteration 142
Elapsed time for kappa 35.2762 sec
Elapsed time for experts 21.2628 sec
Elapsed time for households 12.6548 sec
Iteration 143
Elapsed time for kappa 35.7103 sec
Elapsed time for experts 15.0125 sec
Elapsed time for households 12.5368 sec
Iteration 144
Elapsed time for kappa 31.9193 sec
Elapsed time for experts 11.2124 sec
Elapsed time for households 10.8270 sec
Iteration 145
Elapsed time for kappa 31.0663 sec
Elapsed time for experts 11.2872 sec
Elapsed time for households 10.7925 sec
Iteration 146
Elapsed time for kappa 30.8745 sec
Elapsed time for experts 11.1295 sec
Elapsed time for households 11.4355 sec
Iteration 147
Elapsed time for kappa 30.7722 sec
Elapsed time for experts 12.7660 sec
Elapsed time for households 11.2882 sec
Iteration 148
Elapsed time for kappa 40.7375 sec
Elapsed time for experts 11.9784 sec
Elapsed time for households 10.3293 sec
Iteration 149
Elapsed time for kappa 33.5666 sec
Elapsed time for experts 12.1726 sec
Elapsed time for households 11.8036 sec
Iteration 150
Elapsed time for kappa 30.9863 sec
Elapsed time for experts 12.7160 sec
Elapsed time for households 10.2393 sec
Iteration 151
Elapsed time for kappa 30.8051 sec
Elapsed time for experts 11.8109 sec
Elapsed time for households 10.0449 sec
Iteration 152
Elapsed time for kappa 30.9470 sec
Elapsed time for experts 11.0137 sec
Elapsed time for households 10.8593 sec
Iteration 153
Elapsed time for kappa 30.4334 sec
Elapsed time for experts 10.9270 sec
Elapsed time for households 10.5668 sec
Iteration 154
Elapsed time for kappa 36.8524 sec
Elapsed time for experts 11.2257 sec
Elapsed time for households 10.5429 sec
Iteration 155
Elapsed time for kappa 31.1618 sec
Elapsed time for experts 11.5089 sec
Elapsed time for households 12.5793 sec
Iteration 156
Elapsed time for kappa 30.8116 sec
Elapsed time for experts 10.9962 sec
Elapsed time for households 10.2698 sec
Iteration 157
Elapsed time for kappa 30.7109 sec
Elapsed time for experts 11.7268 sec
Elapsed time for households 10.4394 sec
Iteration 158
Elapsed time for kappa 30.4172 sec
Elapsed time for experts 11.0767 sec
Elapsed time for households 10.5621 sec
Iteration 159
Elapsed time for kappa 30.3431 sec
Elapsed time for experts 10.9081 sec
Elapsed time for households 10.6253 sec
Iteration 160
Elapsed time for kappa 36.7865 sec
Elapsed time for experts 11.1625 sec
Elapsed time for households 11.5073 sec
Iteration 161
Elapsed time for kappa 30.5302 sec
Elapsed time for experts 11.0606 sec
Elapsed time for households 9.9174 sec
Iteration 162
Elapsed time for kappa 30.3053 sec
Elapsed time for experts 10.9651 sec
Elapsed time for households 9.9695 sec
Iteration 163
Elapsed time for kappa 30.2671 sec
Elapsed time for experts 10.9888 sec
Elapsed time for households 10.0199 sec
Iteration 164
Elapsed time for kappa 30.1857 sec
Elapsed time for experts 12.7456 sec
Elapsed time for households 9.3913 sec
Iteration 165
Elapsed time for kappa 30.1716 sec
Elapsed time for experts 10.9034 sec
Elapsed time for households 9.4752 sec
Iteration 166
Elapsed time for kappa 39.8192 sec
Elapsed time for experts 11.2619 sec
Elapsed time for households 10.6165 sec
Iteration 167
Elapsed time for kappa 30.3173 sec
Elapsed time for experts 11.1305 sec
Elapsed time for households 10.6385 sec
Iteration 168
Elapsed time for kappa 30.5721 sec
Elapsed time for experts 11.1206 sec
Elapsed time for households 9.5191 sec
Iteration 169
Elapsed time for kappa 30.0966 sec
Elapsed time for experts 11.5984 sec
Elapsed time for households 10.7419 sec
Iteration 170
Elapsed time for kappa 30.4006 sec
Elapsed time for experts 11.0642 sec
Elapsed time for households 9.8786 sec
Iteration 171
Elapsed time for kappa 30.2874 sec
Elapsed time for experts 10.9927 sec
Elapsed time for households 15.2205 sec
Iteration 172
Elapsed time for kappa 30.9151 sec
Elapsed time for experts 11.1834 sec
Elapsed time for households 9.8829 sec
Iteration 173
Elapsed time for kappa 30.5629 sec
Elapsed time for experts 11.4494 sec
Elapsed time for households 9.9923 sec
Iteration 174
Elapsed time for kappa 30.6888 sec
Elapsed time for experts 12.0934 sec
Elapsed time for households 10.5894 sec
Iteration 175
Elapsed time for kappa 33.1179 sec
Elapsed time for experts 13.1329 sec
Elapsed time for households 9.5845 sec
Iteration 176
Elapsed time for kappa 30.2247 sec
Elapsed time for experts 11.0256 sec
Elapsed time for households 9.4420 sec
Iteration 177
Elapsed time for kappa 31.1221 sec
Elapsed time for experts 12.0171 sec
Elapsed time for households 17.1479 sec
Iteration 178
Elapsed time for kappa 30.4803 sec
Elapsed time for experts 11.1072 sec
Elapsed time for households 10.4264 sec
Iteration 179
Elapsed time for kappa 30.5852 sec
Elapsed time for experts 11.0377 sec
Elapsed time for households 10.4599 sec
Iteration 180
Elapsed time for kappa 30.3337 sec
Elapsed time for experts 10.9826 sec
Elapsed time for households 10.3620 sec
Iteration 181
Elapsed time for kappa 30.4163 sec
Elapsed time for experts 15.8676 sec
Elapsed time for households 10.8336 sec
Iteration 182
Elapsed time for kappa 30.9673 sec
Elapsed time for experts 11.5705 sec
Elapsed time for households 9.7302 sec
Iteration 183
Elapsed time for kappa 30.3969 sec
Elapsed time for experts 11.4720 sec
Elapsed time for households 17.1924 sec
Iteration 184
Elapsed time for kappa 33.4133 sec
Elapsed time for experts 12.8132 sec
Elapsed time for households 9.8437 sec
Iteration 185
Elapsed time for kappa 31.4811 sec
Elapsed time for experts 11.4904 sec
Elapsed time for households 10.6954 sec
Iteration 186
Elapsed time for kappa 30.5036 sec
Elapsed time for experts 11.4951 sec
Elapsed time for households 10.5971 sec
Iteration 187
Elapsed time for kappa 30.2001 sec
Elapsed time for experts 10.8540 sec
Elapsed time for households 9.5889 sec
Iteration 188
Elapsed time for kappa 30.1322 sec
Elapsed time for experts 11.4150 sec
Elapsed time for households 9.8415 sec
Iteration 189
Elapsed time for kappa 30.2106 sec
Elapsed time for experts 17.3523 sec
Elapsed time for households 10.8786 sec
Iteration 190
Elapsed time for kappa 30.8374 sec
Elapsed time for experts 12.1736 sec
Elapsed time for households 10.3807 sec
Iteration 191
Elapsed time for kappa 30.4888 sec
Elapsed time for experts 11.1138 sec
Elapsed time for households 9.5483 sec
Iteration 192
Elapsed time for kappa 30.3606 sec
Elapsed time for experts 11.6842 sec
Elapsed time for households 9.5808 sec
Iteration 193
Elapsed time for kappa 30.1227 sec
Elapsed time for experts 11.7383 sec
Elapsed time for households 10.4412 sec
Iteration 194
Elapsed time for kappa 29.9908 sec
Elapsed time for experts 11.6289 sec
Elapsed time for households 9.8489 sec
Iteration 195
Elapsed time for kappa 30.6511 sec
Elapsed time for experts 17.8510 sec
Elapsed time for households 10.8777 sec
Iteration 196
Elapsed time for kappa 30.8907 sec
Elapsed time for experts 11.5380 sec
Elapsed time for households 10.7179 sec
Iteration 197
Elapsed time for kappa 30.7989 sec
Elapsed time for experts 11.2448 sec
Elapsed time for households 9.6308 sec
Iteration 198
Elapsed time for kappa 30.1911 sec
Elapsed time for experts 12.2574 sec
Elapsed time for households 10.5046 sec
Iteration 199
Elapsed time for kappa 30.2684 sec
Elapsed time for experts 11.3044 sec
Elapsed time for households 9.5578 sec
Elapsed time for training 11054.0181 sec
