2022-09-24 14:23:33.896735: I tensorflow/core/platform/cpu_feature_guard.cc:151] This TensorFlow binary is optimized with oneAPI Deep Neural Network Library (oneDNN) to use the following CPU instructions in performance-critical operations:  AVX2 FMA
To enable them in other operations, rebuild TensorFlow with the appropriate compiler flags.
2022-09-24 14:23:34.462547: I tensorflow/core/common_runtime/gpu/gpu_device.cc:1525] Created device /job:localhost/replica:0/task:0/device:GPU:0 with 10794 MB memory:  -> device: 0, name: Tesla K80, pci bus id: 0000:84:00.0, compute capability: 3.7
Iter: 1 loss: 0.096159867942333221
Iter: 2 loss: 0.0012942174216732383
Iter: 3 loss: 0.0011883138213306665
Iter: 4 loss: 0.00085136352572590113
Iter: 5 loss: 0.00046303271665237844
Iter: 6 loss: 0.0003400163259357214
Iter: 7 loss: 0.00029731859103776515
Iter: 8 loss: 0.00028489218675531447
Iter: 9 loss: 0.00027851061895489693
Iter: 10 loss: 0.00026691731181927025
Iter: 11 loss: 0.00038536993088200688
Iter: 12 loss: 0.00021418000687845051
Iter: 13 loss: 0.0001937184133566916
Iter: 14 loss: 0.00019947477267123759
Iter: 15 loss: 0.00019097629410680383
Iter: 16 loss: 0.00017859719810076058
Iter: 17 loss: 0.00014234217815101147
Iter: 18 loss: 0.00011320043995510787
Iter: 19 loss: 0.00018735245976131409
Iter: 20 loss: 0.00010988870781147853
Iter: 21 loss: 0.00010516589827602729
Iter: 22 loss: 9.861543367151171e-05
Iter: 23 loss: 9.4623464974574745e-05
Iter: 24 loss: 8.3488346717786044e-05
Iter: 25 loss: 6.0293779824860394e-05
Iter: 26 loss: 0.034995272755622864
Iter: 27 loss: 5.815758413518779e-05
Iter: 28 loss: 3.94597154809162e-05
Iter: 29 loss: 5.062382115283981e-05
Iter: 30 loss: 3.5430526622803882e-05
Iter: 31 loss: 3.5373206628719345e-05
Iter: 32 loss: 3.5127246519550681e-05
Iter: 33 loss: 3.4971231798408553e-05
Iter: 34 loss: 3.4885793866124004e-05
Iter: 35 loss: 3.4318920370424166e-05
Iter: 36 loss: 3.2087169529404491e-05
Iter: 37 loss: 2.9433773306664079e-05
Iter: 38 loss: 2.5492534405202605e-05
Iter: 39 loss: 2.1939438738627359e-05
Iter: 40 loss: 2.2065210941946134e-05
Iter: 41 loss: 2.167659840779379e-05
Iter: 42 loss: 2.1812576960655861e-05
Iter: 43 loss: 2.1548028598772362e-05
Iter: 44 loss: 2.1514817490242422e-05
Iter: 45 loss: 2.1319221559679136e-05
Iter: 46 loss: 2.0718724044854753e-05
Iter: 47 loss: 2.0118843167438172e-05
Iter: 48 loss: 1.9139724827255122e-05
Iter: 49 loss: 1.74020624399418e-05
Iter: 50 loss: 1.5344681742135435e-05
Iter: 51 loss: 1.4710215509694535e-05
Iter: 52 loss: 1.4328408724395558e-05
Iter: 53 loss: 1.395599429088179e-05
Iter: 54 loss: 1.3734617823502049e-05
Iter: 55 loss: 1.3487351679941639e-05
Iter: 56 loss: 1.3312444934854284e-05
Iter: 57 loss: 1.2604285075212829e-05
Iter: 58 loss: 1.0263667718390934e-05
Iter: 59 loss: 1.9305049136164598e-05
Iter: 60 loss: 9.1803358372999355e-06
Iter: 61 loss: 8.1214566307608038e-06
Iter: 62 loss: 7.86137388786301e-06
Iter: 63 loss: 7.67457368056057e-06
Iter: 64 loss: 7.6259275374468416e-06
Iter: 65 loss: 7.6098094723420218e-06
Iter: 66 loss: 7.5424013630254194e-06
Iter: 67 loss: 7.4689369284897111e-06
Iter: 68 loss: 7.3599476309027523e-06
Iter: 69 loss: 7.281176294782199e-06
Iter: 70 loss: 7.2379502853436861e-06
Iter: 71 loss: 7.1839131123851985e-06
Iter: 72 loss: 7.1579893301532138e-06
Iter: 73 loss: 7.1277736424235627e-06
Iter: 74 loss: 7.1484209911432117e-06
Iter: 75 loss: 7.1071785896492656e-06
Iter: 76 loss: 7.0605983637506142e-06
Iter: 77 loss: 6.9810066634090617e-06
Iter: 78 loss: 6.8335111791384406e-06
Iter: 79 loss: 6.4132764237001538e-06
Iter: 80 loss: 7.0782552938908339e-06
Iter: 81 loss: 6.3006805248733144e-06
Iter: 82 loss: 6.0373467931640334e-06
Iter: 83 loss: 5.9004169088439085e-06
Iter: 84 loss: 5.7274837672594e-06
Iter: 85 loss: 5.65697837373591e-06
Iter: 86 loss: 5.5941504797374364e-06
Iter: 87 loss: 5.5173918553919066e-06
Iter: 88 loss: 5.3997227951185778e-06
Iter: 89 loss: 5.2710565796587616e-06
Iter: 90 loss: 5.1984075071231928e-06
Iter: 91 loss: 5.12137557961978e-06
Iter: 92 loss: 5.0421676860423759e-06
Iter: 93 loss: 4.9887266868609e-06
Iter: 94 loss: 4.8645774768374395e-06
Iter: 95 loss: 4.6531454245268833e-06
Iter: 96 loss: 4.4818079913966358e-06
Iter: 97 loss: 4.1700327528815251e-06
Iter: 98 loss: 3.960414687753655e-06
Iter: 99 loss: 4.4541798160935286e-06
Iter: 100 loss: 3.7577306102321018e-06
Iter: 101 loss: 3.8118084830784937e-06
Iter: 102 loss: 3.6827264011662919e-06
Iter: 103 loss: 3.614431534515461e-06
Iter: 104 loss: 3.51056587533094e-06
Iter: 105 loss: 3.365865268278867e-06
Iter: 106 loss: 3.1676677281211596e-06
Iter: 107 loss: 3.6127348721493036e-06
Iter: 108 loss: 3.109492809016956e-06
Iter: 109 loss: 2.9695577268284978e-06
Iter: 110 loss: 2.8406570891092997e-06
Iter: 111 loss: 3.0599126148445066e-06
Iter: 112 loss: 2.7702826628228649e-06
Iter: 113 loss: 2.7784828944277251e-06
Iter: 114 loss: 2.7327791940479074e-06
Iter: 115 loss: 2.7019091248803306e-06
