Iteration 0
Elapsed time for kappa 69.2407 sec
Elapsed time for experts 19.1864 sec
Elapsed time for households 14.7361 sec
Iteration 1
Elapsed time for kappa 36.0535 sec
Elapsed time for experts 14.4044 sec
Elapsed time for households 12.4097 sec
Iteration 2
Elapsed time for kappa 33.2397 sec
Elapsed time for experts 14.0967 sec
Elapsed time for households 10.3930 sec
Iteration 3
Elapsed time for kappa 33.6198 sec
Elapsed time for experts 12.5669 sec
Elapsed time for households 12.2109 sec
Iteration 4
Elapsed time for kappa 33.7378 sec
Elapsed time for experts 12.7398 sec
Elapsed time for households 12.5940 sec
Iteration 5
Elapsed time for kappa 33.3950 sec
Elapsed time for experts 12.4464 sec
Elapsed time for households 10.9532 sec
Iteration 6
Elapsed time for kappa 33.5779 sec
Elapsed time for experts 13.3169 sec
Elapsed time for households 12.2648 sec
Iteration 7
Elapsed time for kappa 41.2025 sec
Elapsed time for experts 12.4763 sec
Elapsed time for households 10.8429 sec
Iteration 8
Elapsed time for kappa 37.8704 sec
Elapsed time for experts 13.9013 sec
Elapsed time for households 12.3059 sec
Iteration 9
Elapsed time for kappa 33.2991 sec
Elapsed time for experts 12.0254 sec
Elapsed time for households 12.3597 sec
Iteration 10
Elapsed time for kappa 32.9933 sec
Elapsed time for experts 11.9566 sec
Elapsed time for households 11.7779 sec
Iteration 11
Elapsed time for kappa 33.1048 sec
Elapsed time for experts 12.1474 sec
Elapsed time for households 10.3176 sec
Iteration 12
Elapsed time for kappa 32.9908 sec
Elapsed time for experts 12.5181 sec
Elapsed time for households 17.2143 sec
Iteration 13
Elapsed time for kappa 33.9982 sec
Elapsed time for experts 12.1045 sec
Elapsed time for households 10.7664 sec
Iteration 14
Elapsed time for kappa 32.9438 sec
Elapsed time for experts 13.2143 sec
Elapsed time for households 10.3908 sec
Iteration 15
Elapsed time for kappa 33.2369 sec
Elapsed time for experts 11.9568 sec
Elapsed time for households 12.4360 sec
Iteration 16
Elapsed time for kappa 33.2488 sec
Elapsed time for experts 11.6858 sec
Elapsed time for households 10.8979 sec
Iteration 17
Elapsed time for kappa 32.9294 sec
Elapsed time for experts 12.0422 sec
Elapsed time for households 10.9369 sec
Iteration 18
Elapsed time for kappa 33.5099 sec
Elapsed time for experts 12.3881 sec
Elapsed time for households 17.4685 sec
Iteration 19
Elapsed time for kappa 33.6779 sec
Elapsed time for experts 12.3684 sec
Elapsed time for households 10.7959 sec
Iteration 20
Elapsed time for kappa 33.3509 sec
Elapsed time for experts 11.8827 sec
Elapsed time for households 10.2381 sec
Iteration 21
Elapsed time for kappa 33.2592 sec
Elapsed time for experts 13.8135 sec
Elapsed time for households 10.2632 sec
Iteration 22
Elapsed time for kappa 33.0729 sec
Elapsed time for experts 12.0223 sec
Elapsed time for households 11.1669 sec
Iteration 23
Elapsed time for kappa 33.5759 sec
Elapsed time for experts 13.7031 sec
Elapsed time for households 10.2592 sec
Iteration 24
Elapsed time for kappa 32.9701 sec
Elapsed time for experts 18.4479 sec
Elapsed time for households 10.5569 sec
Iteration 25
Elapsed time for kappa 33.0842 sec
Elapsed time for experts 12.0029 sec
Elapsed time for households 10.3060 sec
Iteration 26
Elapsed time for kappa 32.6096 sec
Elapsed time for experts 12.1848 sec
Elapsed time for households 10.3332 sec
Iteration 27
Elapsed time for kappa 32.7548 sec
Elapsed time for experts 11.8970 sec
Elapsed time for households 10.4319 sec
Iteration 28
Elapsed time for kappa 31.8959 sec
Elapsed time for experts 12.3296 sec
Elapsed time for households 10.1546 sec
Iteration 29
Elapsed time for kappa 33.0652 sec
Elapsed time for experts 11.7036 sec
Elapsed time for households 10.2034 sec
Iteration 30
Elapsed time for kappa 33.3171 sec
Elapsed time for experts 18.0318 sec
Elapsed time for households 10.6060 sec
Iteration 31
Elapsed time for kappa 32.6007 sec
Elapsed time for experts 11.7454 sec
Elapsed time for households 10.6016 sec
Iteration 32
Elapsed time for kappa 32.3725 sec
Elapsed time for experts 11.7558 sec
Elapsed time for households 10.0271 sec
Iteration 33
Elapsed time for kappa 32.9194 sec
Elapsed time for experts 11.9336 sec
Elapsed time for households 10.2392 sec
Iteration 34
Elapsed time for kappa 32.5450 sec
Elapsed time for experts 11.6261 sec
Elapsed time for households 10.0511 sec
Iteration 35
Elapsed time for kappa 32.2724 sec
Elapsed time for experts 11.8202 sec
Elapsed time for households 10.1031 sec
Iteration 36
Elapsed time for kappa 31.9874 sec
Elapsed time for experts 18.1195 sec
Elapsed time for households 10.7266 sec
Iteration 37
Elapsed time for kappa 32.5421 sec
Elapsed time for experts 11.9239 sec
Elapsed time for households 10.3651 sec
Iteration 38
Elapsed time for kappa 32.6378 sec
Elapsed time for experts 11.7663 sec
Elapsed time for households 10.1790 sec
Iteration 39
Elapsed time for kappa 32.3260 sec
Elapsed time for experts 11.7904 sec
Elapsed time for households 10.7977 sec
Iteration 40
Elapsed time for kappa 32.3379 sec
Elapsed time for experts 11.6700 sec
Elapsed time for households 10.1052 sec
Iteration 41
Elapsed time for kappa 32.1219 sec
Elapsed time for experts 11.7563 sec
Elapsed time for households 10.2398 sec
Iteration 42
Elapsed time for kappa 39.1371 sec
Elapsed time for experts 12.2634 sec
Elapsed time for households 10.2087 sec
Iteration 43
Elapsed time for kappa 32.4718 sec
Elapsed time for experts 12.9672 sec
Elapsed time for households 10.1245 sec
Iteration 44
Elapsed time for kappa 31.9368 sec
Elapsed time for experts 11.8896 sec
Elapsed time for households 10.3689 sec
Iteration 45
Elapsed time for kappa 31.9339 sec
Elapsed time for experts 11.7467 sec
Elapsed time for households 10.6297 sec
Iteration 46
Elapsed time for kappa 31.7165 sec
Elapsed time for experts 11.6228 sec
Elapsed time for households 10.3176 sec
Iteration 47
Elapsed time for kappa 31.8666 sec
Elapsed time for experts 11.8866 sec
Elapsed time for households 10.2149 sec
Iteration 48
Elapsed time for kappa 38.4617 sec
Elapsed time for experts 11.7181 sec
Elapsed time for households 10.3746 sec
Iteration 49
Elapsed time for kappa 32.2915 sec
Elapsed time for experts 11.7834 sec
Elapsed time for households 10.0408 sec
Iteration 50
Elapsed time for kappa 32.1528 sec
Elapsed time for experts 12.0837 sec
Elapsed time for households 10.3585 sec
Iteration 51
Elapsed time for kappa 31.6946 sec
Elapsed time for experts 12.0893 sec
Elapsed time for households 9.9649 sec
Iteration 52
Elapsed time for kappa 31.1112 sec
Elapsed time for experts 11.5314 sec
Elapsed time for households 10.1416 sec
Iteration 53
Elapsed time for kappa 31.4191 sec
Elapsed time for experts 12.0237 sec
Elapsed time for households 10.2751 sec
Iteration 54
Elapsed time for kappa 38.2286 sec
Elapsed time for experts 12.3744 sec
Elapsed time for households 10.4601 sec
Iteration 55
Elapsed time for kappa 31.7004 sec
Elapsed time for experts 11.6617 sec
Elapsed time for households 10.0058 sec
Iteration 56
Elapsed time for kappa 31.2623 sec
Elapsed time for experts 11.4721 sec
Elapsed time for households 10.2013 sec
Iteration 57
Elapsed time for kappa 31.4751 sec
Elapsed time for experts 11.6286 sec
Elapsed time for households 10.3906 sec
Iteration 58
Elapsed time for kappa 31.2483 sec
Elapsed time for experts 11.6343 sec
Elapsed time for households 9.9805 sec
Iteration 59
Elapsed time for kappa 30.9968 sec
Elapsed time for experts 11.1192 sec
Elapsed time for households 9.7034 sec
Iteration 60
Elapsed time for kappa 37.1937 sec
Elapsed time for experts 11.5927 sec
Elapsed time for households 10.3238 sec
Iteration 61
Elapsed time for kappa 31.9846 sec
Elapsed time for experts 11.3524 sec
Elapsed time for households 9.8221 sec
Iteration 62
Elapsed time for kappa 31.1404 sec
Elapsed time for experts 11.4555 sec
Elapsed time for households 10.0919 sec
Iteration 63
Elapsed time for kappa 30.8872 sec
Elapsed time for experts 11.3711 sec
Elapsed time for households 10.1833 sec
Iteration 64
Elapsed time for kappa 31.1763 sec
Elapsed time for experts 11.1239 sec
Elapsed time for households 9.8927 sec
Iteration 65
Elapsed time for kappa 31.0119 sec
Elapsed time for experts 11.4460 sec
Elapsed time for households 9.6852 sec
Iteration 66
Elapsed time for kappa 36.7330 sec
Elapsed time for experts 11.3815 sec
Elapsed time for households 9.8921 sec
Iteration 67
Elapsed time for kappa 30.5684 sec
Elapsed time for experts 11.4248 sec
Elapsed time for households 9.7016 sec
Iteration 68
Elapsed time for kappa 30.3396 sec
Elapsed time for experts 11.5320 sec
Elapsed time for households 9.6476 sec
Iteration 69
Elapsed time for kappa 30.4757 sec
Elapsed time for experts 11.1186 sec
Elapsed time for households 9.8242 sec
Iteration 70
Elapsed time for kappa 30.2149 sec
Elapsed time for experts 11.5781 sec
Elapsed time for households 9.5961 sec
Iteration 71
Elapsed time for kappa 30.8473 sec
Elapsed time for experts 11.2385 sec
Elapsed time for households 15.0835 sec
Iteration 72
Elapsed time for kappa 30.8530 sec
Elapsed time for experts 11.6191 sec
Elapsed time for households 9.7924 sec
Iteration 73
Elapsed time for kappa 30.4986 sec
Elapsed time for experts 11.0398 sec
Elapsed time for households 9.6623 sec
Iteration 74
Elapsed time for kappa 30.2640 sec
Elapsed time for experts 11.0380 sec
Elapsed time for households 9.6788 sec
Iteration 75
Elapsed time for kappa 30.2553 sec
Elapsed time for experts 10.9671 sec
Elapsed time for households 9.7643 sec
Iteration 76
Elapsed time for kappa 30.0632 sec
Elapsed time for experts 10.8594 sec
Elapsed time for households 9.6069 sec
Iteration 77
Elapsed time for kappa 31.0878 sec
Elapsed time for experts 16.8558 sec
Elapsed time for households 10.3232 sec
Iteration 78
Elapsed time for kappa 30.7915 sec
Elapsed time for experts 11.5046 sec
Elapsed time for households 9.9551 sec
Iteration 79
Elapsed time for kappa 30.3221 sec
Elapsed time for experts 11.2140 sec
Elapsed time for households 9.7299 sec
Iteration 80
Elapsed time for kappa 30.0558 sec
Elapsed time for experts 10.8681 sec
Elapsed time for households 9.7547 sec
Iteration 81
Elapsed time for kappa 30.0448 sec
Elapsed time for experts 11.8318 sec
Elapsed time for households 9.5440 sec
Iteration 82
Elapsed time for kappa 30.1941 sec
Elapsed time for experts 11.1352 sec
Elapsed time for households 9.6788 sec
Iteration 83
Elapsed time for kappa 30.1884 sec
Elapsed time for experts 16.6556 sec
Elapsed time for households 10.0340 sec
Iteration 84
Elapsed time for kappa 31.0229 sec
Elapsed time for experts 10.9615 sec
Elapsed time for households 9.6947 sec
Iteration 85
Elapsed time for kappa 30.6807 sec
Elapsed time for experts 11.2857 sec
Elapsed time for households 9.7407 sec
Iteration 86
Elapsed time for kappa 30.2149 sec
Elapsed time for experts 11.0701 sec
Elapsed time for households 9.6640 sec
Iteration 87
Elapsed time for kappa 29.8494 sec
Elapsed time for experts 11.0448 sec
Elapsed time for households 9.5541 sec
Iteration 88
Elapsed time for kappa 29.9085 sec
Elapsed time for experts 10.9433 sec
Elapsed time for households 9.6174 sec
Iteration 89
Elapsed time for kappa 29.9863 sec
Elapsed time for experts 16.6506 sec
Elapsed time for households 10.0144 sec
Iteration 90
Elapsed time for kappa 30.7581 sec
Elapsed time for experts 11.1501 sec
Elapsed time for households 9.9515 sec
Iteration 91
Elapsed time for kappa 30.4256 sec
Elapsed time for experts 11.0630 sec
Elapsed time for households 9.7861 sec
Iteration 92
Elapsed time for kappa 29.8829 sec
Elapsed time for experts 10.8293 sec
Elapsed time for households 9.7004 sec
Iteration 93
Elapsed time for kappa 29.7993 sec
Elapsed time for experts 11.0874 sec
Elapsed time for households 9.5794 sec
Iteration 94
Elapsed time for kappa 30.2569 sec
Elapsed time for experts 11.0576 sec
Elapsed time for households 9.7489 sec
Iteration 95
Elapsed time for kappa 36.6442 sec
Elapsed time for experts 11.6200 sec
Elapsed time for households 10.0883 sec
Iteration 96
Elapsed time for kappa 30.1543 sec
Elapsed time for experts 11.0093 sec
Elapsed time for households 9.5754 sec
Iteration 97
Elapsed time for kappa 30.2860 sec
Elapsed time for experts 11.0735 sec
Elapsed time for households 9.7121 sec
Iteration 98
Elapsed time for kappa 30.1707 sec
Elapsed time for experts 11.0611 sec
Elapsed time for households 9.7620 sec
Iteration 99
Elapsed time for kappa 30.0481 sec
Elapsed time for experts 10.9576 sec
Elapsed time for households 9.8802 sec
Iteration 100
Elapsed time for kappa 29.8099 sec
Elapsed time for experts 11.0575 sec
Elapsed time for households 9.6347 sec
Iteration 101
Elapsed time for kappa 36.4387 sec
Elapsed time for experts 11.7903 sec
Elapsed time for households 9.9838 sec
Iteration 102
Elapsed time for kappa 30.2646 sec
Elapsed time for experts 11.2014 sec
Elapsed time for households 9.8359 sec
Iteration 103
Elapsed time for kappa 30.4532 sec
Elapsed time for experts 11.0951 sec
Elapsed time for households 9.5836 sec
Iteration 104
Elapsed time for kappa 30.0900 sec
Elapsed time for experts 11.3475 sec
Elapsed time for households 9.5669 sec
Iteration 105
Elapsed time for kappa 29.9970 sec
Elapsed time for experts 11.1331 sec
Elapsed time for households 9.9109 sec
Iteration 106
Elapsed time for kappa 29.9330 sec
Elapsed time for experts 11.0126 sec
Elapsed time for households 9.7464 sec
Iteration 107
Elapsed time for kappa 34.8364 sec
Elapsed time for experts 11.0520 sec
Elapsed time for households 9.1453 sec
Iteration 108
Elapsed time for kappa 28.6940 sec
Elapsed time for experts 10.3511 sec
Elapsed time for households 9.0253 sec
Iteration 109
Elapsed time for kappa 28.3982 sec
Elapsed time for experts 10.1706 sec
Elapsed time for households 8.9922 sec
Iteration 110
Elapsed time for kappa 28.3215 sec
Elapsed time for experts 10.3339 sec
Elapsed time for households 8.9121 sec
Iteration 111
Elapsed time for kappa 28.4111 sec
Elapsed time for experts 10.3752 sec
Elapsed time for households 8.9354 sec
Iteration 112
Elapsed time for kappa 28.4297 sec
Elapsed time for experts 10.1745 sec
Elapsed time for households 9.2367 sec
Iteration 113
Elapsed time for kappa 34.8266 sec
Elapsed time for experts 10.7045 sec
Elapsed time for households 9.4284 sec
Iteration 114
Elapsed time for kappa 28.7369 sec
Elapsed time for experts 10.2546 sec
Elapsed time for households 9.1896 sec
Iteration 115
Elapsed time for kappa 28.3972 sec
Elapsed time for experts 10.2450 sec
Elapsed time for households 8.9611 sec
Iteration 116
Elapsed time for kappa 28.2402 sec
Elapsed time for experts 10.3906 sec
Elapsed time for households 8.9383 sec
Iteration 117
Elapsed time for kappa 28.2500 sec
Elapsed time for experts 10.3174 sec
Elapsed time for households 8.9715 sec
Iteration 118
Elapsed time for kappa 28.4351 sec
Elapsed time for experts 10.4107 sec
Elapsed time for households 8.8994 sec
Iteration 119
Elapsed time for kappa 34.1001 sec
Elapsed time for experts 10.5977 sec
Elapsed time for households 9.1388 sec
Iteration 120
Elapsed time for kappa 29.2760 sec
Elapsed time for experts 11.4088 sec
Elapsed time for households 9.9078 sec
Iteration 121
Elapsed time for kappa 28.7793 sec
Elapsed time for experts 10.6566 sec
Elapsed time for households 9.0296 sec
Iteration 122
Elapsed time for kappa 28.7170 sec
Elapsed time for experts 10.1956 sec
Elapsed time for households 9.0683 sec
Iteration 123
Elapsed time for kappa 28.7764 sec
Elapsed time for experts 10.3687 sec
Elapsed time for households 8.9138 sec
Iteration 124
Elapsed time for kappa 28.3102 sec
Elapsed time for experts 15.5861 sec
Elapsed time for households 9.4833 sec
Iteration 125
Elapsed time for kappa 28.6211 sec
Elapsed time for experts 10.3482 sec
Elapsed time for households 9.1050 sec
Iteration 126
Elapsed time for kappa 28.6776 sec
Elapsed time for experts 10.3802 sec
Elapsed time for households 9.4668 sec
Iteration 127
Elapsed time for kappa 28.5422 sec
Elapsed time for experts 10.3289 sec
Elapsed time for households 9.4800 sec
Iteration 128
Elapsed time for kappa 28.4697 sec
Elapsed time for experts 10.5652 sec
Elapsed time for households 9.0308 sec
Iteration 129
Elapsed time for kappa 28.4528 sec
Elapsed time for experts 10.2142 sec
Elapsed time for households 9.0758 sec
Iteration 130
Elapsed time for kappa 28.3634 sec
Elapsed time for experts 16.2170 sec
Elapsed time for households 9.8353 sec
Iteration 131
Elapsed time for kappa 28.9784 sec
Elapsed time for experts 10.3399 sec
Elapsed time for households 9.2191 sec
Iteration 132
Elapsed time for kappa 28.9076 sec
Elapsed time for experts 10.3204 sec
Elapsed time for households 9.2250 sec
Iteration 133
Elapsed time for kappa 28.3757 sec
Elapsed time for experts 10.5131 sec
Elapsed time for households 9.0980 sec
Iteration 134
Elapsed time for kappa 28.3669 sec
Elapsed time for experts 10.2420 sec
Elapsed time for households 9.0652 sec
Iteration 135
Elapsed time for kappa 28.4160 sec
Elapsed time for experts 10.3139 sec
Elapsed time for households 8.9063 sec
Iteration 136
Elapsed time for kappa 28.5945 sec
Elapsed time for experts 16.0543 sec
Elapsed time for households 9.6657 sec
Iteration 137
Elapsed time for kappa 29.2467 sec
Elapsed time for experts 10.3659 sec
Elapsed time for households 9.0715 sec
Iteration 138
Elapsed time for kappa 29.1405 sec
Elapsed time for experts 10.4451 sec
Elapsed time for households 9.1718 sec
Iteration 139
Elapsed time for kappa 28.8326 sec
Elapsed time for experts 10.3532 sec
Elapsed time for households 9.0774 sec
Iteration 140
Elapsed time for kappa 28.4835 sec
Elapsed time for experts 10.2279 sec
Elapsed time for households 9.1446 sec
Iteration 141
Elapsed time for kappa 28.3889 sec
Elapsed time for experts 10.4469 sec
Elapsed time for households 8.9240 sec
Iteration 142
Elapsed time for kappa 28.2970 sec
Elapsed time for experts 15.9494 sec
Elapsed time for households 9.2476 sec
Iteration 143
Elapsed time for kappa 29.0184 sec
Elapsed time for experts 10.4369 sec
Elapsed time for households 9.0858 sec
Iteration 144
Elapsed time for kappa 28.6888 sec
Elapsed time for experts 10.5133 sec
Elapsed time for households 9.1391 sec
Iteration 145
Elapsed time for kappa 28.6122 sec
Elapsed time for experts 10.2985 sec
Elapsed time for households 9.0453 sec
Iteration 146
Elapsed time for kappa 28.7445 sec
Elapsed time for experts 10.9491 sec
Elapsed time for households 8.9984 sec
Iteration 147
Elapsed time for kappa 28.4807 sec
Elapsed time for experts 10.6596 sec
Elapsed time for households 8.8879 sec
Iteration 148
Elapsed time for kappa 34.6125 sec
Elapsed time for experts 10.7075 sec
Elapsed time for households 9.2993 sec
Iteration 149
Elapsed time for kappa 28.8120 sec
Elapsed time for experts 10.5387 sec
Elapsed time for households 9.1103 sec
Iteration 150
Elapsed time for kappa 28.6104 sec
Elapsed time for experts 10.4790 sec
Elapsed time for households 9.0316 sec
Iteration 151
Elapsed time for kappa 28.7953 sec
Elapsed time for experts 10.3481 sec
Elapsed time for households 8.9864 sec
Iteration 152
Elapsed time for kappa 28.2569 sec
Elapsed time for experts 10.5020 sec
Elapsed time for households 8.9973 sec
Iteration 153
Elapsed time for kappa 28.2174 sec
Elapsed time for experts 10.6856 sec
Elapsed time for households 8.9492 sec
Iteration 154
Elapsed time for kappa 34.8919 sec
Elapsed time for experts 10.9953 sec
Elapsed time for households 9.1789 sec
Iteration 155
Elapsed time for kappa 28.9700 sec
Elapsed time for experts 10.3619 sec
Elapsed time for households 9.0756 sec
Iteration 156
Elapsed time for kappa 28.6557 sec
Elapsed time for experts 10.4694 sec
Elapsed time for households 9.3856 sec
Iteration 157
Elapsed time for kappa 29.8662 sec
Elapsed time for experts 10.4176 sec
Elapsed time for households 9.0496 sec
Iteration 158
Elapsed time for kappa 28.6502 sec
Elapsed time for experts 10.2046 sec
Elapsed time for households 8.9252 sec
Iteration 159
Elapsed time for kappa 28.4359 sec
Elapsed time for experts 10.3280 sec
Elapsed time for households 9.0363 sec
Iteration 160
Elapsed time for kappa 34.8958 sec
Elapsed time for experts 10.7875 sec
Elapsed time for households 9.1950 sec
Iteration 161
Elapsed time for kappa 28.8643 sec
Elapsed time for experts 10.4655 sec
Elapsed time for households 9.1793 sec
Iteration 162
Elapsed time for kappa 28.8140 sec
Elapsed time for experts 10.4763 sec
Elapsed time for households 9.1680 sec
Iteration 163
Elapsed time for kappa 28.6831 sec
Elapsed time for experts 10.2583 sec
Elapsed time for households 8.9128 sec
Iteration 164
Elapsed time for kappa 28.7126 sec
Elapsed time for experts 10.4350 sec
Elapsed time for households 8.9877 sec
Iteration 165
Elapsed time for kappa 28.3904 sec
Elapsed time for experts 10.4042 sec
Elapsed time for households 9.0435 sec
Iteration 166
Elapsed time for kappa 34.8620 sec
Elapsed time for experts 11.0092 sec
Elapsed time for households 9.1544 sec
Iteration 167
Elapsed time for kappa 28.8471 sec
Elapsed time for experts 10.4500 sec
Elapsed time for households 9.1089 sec
Iteration 168
Elapsed time for kappa 28.6412 sec
Elapsed time for experts 10.3383 sec
Elapsed time for households 9.2470 sec
Iteration 169
Elapsed time for kappa 28.5705 sec
Elapsed time for experts 10.2084 sec
Elapsed time for households 9.2003 sec
Iteration 170
Elapsed time for kappa 28.5113 sec
Elapsed time for experts 10.3786 sec
Elapsed time for households 9.1776 sec
Iteration 171
Elapsed time for kappa 28.3821 sec
Elapsed time for experts 10.6028 sec
Elapsed time for households 14.0692 sec
Iteration 172
Elapsed time for kappa 29.2409 sec
Elapsed time for experts 10.7713 sec
Elapsed time for households 9.1094 sec
Iteration 173
Elapsed time for kappa 28.6523 sec
Elapsed time for experts 10.3278 sec
Elapsed time for households 8.9996 sec
Iteration 174
Elapsed time for kappa 28.5660 sec
Elapsed time for experts 10.5825 sec
Elapsed time for households 9.0483 sec
Iteration 175
Elapsed time for kappa 28.5045 sec
Elapsed time for experts 10.6351 sec
Elapsed time for households 8.9698 sec
Iteration 176
Elapsed time for kappa 28.2306 sec
Elapsed time for experts 10.3650 sec
Elapsed time for households 9.1090 sec
Iteration 177
Elapsed time for kappa 28.3902 sec
Elapsed time for experts 10.2725 sec
Elapsed time for households 14.8851 sec
Iteration 178
Elapsed time for kappa 29.3797 sec
Elapsed time for experts 10.5691 sec
Elapsed time for households 9.1971 sec
Iteration 179
Elapsed time for kappa 28.8148 sec
Elapsed time for experts 10.4504 sec
Elapsed time for households 9.0789 sec
Iteration 180
Elapsed time for kappa 28.7166 sec
Elapsed time for experts 10.2733 sec
Elapsed time for households 9.0225 sec
Iteration 181
Elapsed time for kappa 28.6916 sec
Elapsed time for experts 10.5864 sec
Elapsed time for households 8.9689 sec
Iteration 182
Elapsed time for kappa 28.4650 sec
Elapsed time for experts 10.5832 sec
Elapsed time for households 8.9590 sec
Iteration 183
Elapsed time for kappa 28.4796 sec
Elapsed time for experts 10.5183 sec
Elapsed time for households 14.6514 sec
Iteration 184
Elapsed time for kappa 29.0307 sec
Elapsed time for experts 10.5558 sec
Elapsed time for households 9.2384 sec
Iteration 185
Elapsed time for kappa 28.7945 sec
Elapsed time for experts 10.4728 sec
Elapsed time for households 9.1560 sec
Iteration 186
Elapsed time for kappa 28.6618 sec
Elapsed time for experts 10.4351 sec
Elapsed time for households 8.9722 sec
Iteration 187
Elapsed time for kappa 28.6442 sec
Elapsed time for experts 10.3349 sec
Elapsed time for households 9.0526 sec
Iteration 188
Elapsed time for kappa 28.5088 sec
Elapsed time for experts 10.3726 sec
Elapsed time for households 8.9993 sec
Iteration 189
Elapsed time for kappa 28.6021 sec
Elapsed time for experts 15.9129 sec
Elapsed time for households 9.4564 sec
Iteration 190
Elapsed time for kappa 28.9620 sec
Elapsed time for experts 10.4240 sec
Elapsed time for households 9.2869 sec
Iteration 191
Elapsed time for kappa 28.8019 sec
Elapsed time for experts 10.3731 sec
Elapsed time for households 9.1474 sec
Iteration 192
Elapsed time for kappa 28.8362 sec
Elapsed time for experts 10.5259 sec
Elapsed time for households 9.0185 sec
Iteration 193
Elapsed time for kappa 28.9521 sec
Elapsed time for experts 10.2671 sec
Elapsed time for households 9.6798 sec
Iteration 194
Elapsed time for kappa 28.5345 sec
Elapsed time for experts 10.2956 sec
Elapsed time for households 8.8732 sec
Iteration 195
Elapsed time for kappa 28.5196 sec
Elapsed time for experts 16.1593 sec
Elapsed time for households 9.6672 sec
Iteration 196
Elapsed time for kappa 29.0841 sec
Elapsed time for experts 10.3989 sec
Elapsed time for households 9.1327 sec
Iteration 197
Elapsed time for kappa 28.8032 sec
Elapsed time for experts 10.3787 sec
Elapsed time for households 9.1446 sec
Iteration 198
Elapsed time for kappa 28.7979 sec
Elapsed time for experts 10.3471 sec
Elapsed time for households 8.9487 sec
Iteration 199
Elapsed time for kappa 28.3681 sec
Elapsed time for experts 10.3038 sec
Elapsed time for households 8.8853 sec
Elapsed time for training 10491.8372 sec
90000 90000 90000 90000
