2022-09-30 08:59:11.442656: W tensorflow/stream_executor/platform/default/dso_loader.cc:64] Could not load dynamic library 'libcudart.so.11.0'; dlerror: libcudart.so.11.0: cannot open shared object file: No such file or directory; LD_LIBRARY_PATH: /apps/python/3.8/3.8.5/lib
2022-09-30 08:59:11.442684: I tensorflow/stream_executor/cuda/cudart_stub.cc:29] Ignore above cudart dlerror if you do not have a GPU set up on your machine.
2022-09-30 08:59:27.094101: W tensorflow/stream_executor/platform/default/dso_loader.cc:64] Could not load dynamic library 'libcuda.so.1'; dlerror: libcuda.so.1: cannot open shared object file: No such file or directory; LD_LIBRARY_PATH: /apps/python/3.8/3.8.5/lib
2022-09-30 08:59:27.094157: W tensorflow/stream_executor/cuda/cuda_driver.cc:269] failed call to cuInit: UNKNOWN ERROR (303)
2022-09-30 08:59:27.094196: I tensorflow/stream_executor/cuda/cuda_diagnostics.cc:156] kernel driver does not appear to be running on this host (mcn05.chicagobooth.edu): /proc/driver/nvidia/version does not exist
2022-09-30 08:59:27.095249: I tensorflow/core/platform/cpu_feature_guard.cc:151] This TensorFlow binary is optimized with oneAPI Deep Neural Network Library (oneDNN) to use the following CPU instructions in performance-critical operations:  AVX2 AVX512F FMA
To enable them in other operations, rebuild TensorFlow with the appropriate compiler flags.
Iter: 1 loss: 0.20420724153518677
Iter: 2 loss: 0.00917101837694645
Iter: 3 loss: 0.0063245482742786407
Iter: 4 loss: 0.0029337662272155285
Iter: 5 loss: 0.0020698639564216137
Iter: 6 loss: 0.0017338946927338839
Iter: 7 loss: 0.0016348762437701225
Iter: 8 loss: 0.001602023490704596
Iter: 9 loss: 0.0015727144200354815
Iter: 10 loss: 0.0014433977194130421
Iter: 11 loss: 0.00709501001983881
Iter: 12 loss: 0.0013555840123444796
Iter: 13 loss: 0.0016623280243948102
Iter: 14 loss: 0.0013359807198867202
Iter: 15 loss: 0.0011840728111565113
Iter: 16 loss: 0.0036471695639193058
Iter: 17 loss: 0.00099303503520786762
Iter: 18 loss: 0.00097596365958452225
Iter: 19 loss: 0.00085711566498503089
Iter: 20 loss: 0.000838494801428169
Iter: 21 loss: 0.00082406023284420371
Iter: 22 loss: 0.000815368490293622
Iter: 23 loss: 0.00078527716686949134
Iter: 24 loss: 0.00083349482156336308
Iter: 25 loss: 0.00071419472806155682
Iter: 26 loss: 0.00062896753661334515
Iter: 27 loss: 0.00050858856411650777
Iter: 28 loss: 0.00026586535386741161
Iter: 29 loss: 0.0011523928260430694
Iter: 30 loss: 0.00013573493924923241
Iter: 31 loss: 0.00014517146337311715
Iter: 32 loss: 0.00012052313832100481
Iter: 33 loss: 0.00019608846923802048
Iter: 34 loss: 0.00011353894660715014
Iter: 35 loss: 0.00011310949048493057
3535.3702796774887
Iter: 1 loss: 29.592151641845703
2570.7769388374873
Iter: 2 loss: 25.407482147216797
-165.98127463161856
Iter: 3 loss: 15.10020923614502
43518.443025235618
Iter: 4 loss: 133.12625122070312
-748.40466728907791
Iter: 5 loss: 9.0807428359985352
2972.7506082370228
Iter: 6 loss: 13.330643653869629
107.4181440777878
Iter: 7 loss: 7.6152915954589844
1296.8790157997978
Iter: 8 loss: 6.5972509384155273
573.60900714738
Iter: 9 loss: 4.4448251724243164
33.319557075521061
Iter: 10 loss: 4.0329990386962891
304.94928487089572
Iter: 11 loss: 3.0154366493225098
1142.0241058501329
Iter: 12 loss: 3.1402711868286133
640.96141806808612
Iter: 13 loss: 2.676084041595459
215.31407386940884
Iter: 14 loss: 2.7469034194946289
453.03733793545979
Iter: 15 loss: 2.5035247802734375
572.39692492063614
Iter: 16 loss: 2.2755131721496582
3365.8553550939978
Iter: 17 loss: 4.4794278144836426
903.61994873414324
Iter: 18 loss: 1.8753042221069336
995.16740611934711
Iter: 19 loss: 1.7288484573364258
738.6729329879131
Iter: 20 loss: 1.6134178638458252
568.61548952235444
Iter: 21 loss: 1.5111585855484009
320.13788701310358
Iter: 22 loss: 1.2257440090179443
1184.8167470053122
Iter: 23 loss: 1.7595016956329346
475.49388962639694
Iter: 24 loss: 1.0678024291992188
628.93908355245208
Iter: 25 loss: 1.0015851259231567
860.70051998952488
Iter: 26 loss: 0.92206406593322754
998.92340941292468
Iter: 27 loss: 0.91045296192169189
1080.0821051353764
Iter: 28 loss: 0.90173780918121338
1074.6016515148572
Iter: 29 loss: 0.86237192153930664
730.33976494699664
Iter: 30 loss: 0.72162026166915894
535.56505629358912
Iter: 31 loss: 0.6142200231552124
413.58137967302685
Iter: 32 loss: 0.57327020168304443
295.75656045462677
Iter: 33 loss: 0.5634009838104248
308.589073321666
Iter: 34 loss: 0.56166714429855347
312.86348721198857
Iter: 35 loss: 0.56053602695465088
307.08532613625209
Iter: 36 loss: 0.55704867839813232
337.36529472665995
Iter: 37 loss: 0.51653051376342773
335.09149958434716
Iter: 38 loss: 0.36998209357261658
432.791317315642
Iter: 39 loss: 0.36725035309791565
351.23415855841552
Iter: 40 loss: 0.28500863909721375
339.19774850929247
Iter: 41 loss: 0.24706421792507172
322.26290458693063
Iter: 42 loss: 0.23201775550842285
354.7250087998558
Iter: 43 loss: 0.22153511643409729
375.86466258641514
Iter: 44 loss: 0.2035403698682785
377.74270469533258
Iter: 45 loss: 0.19465503096580505
349.08219440755261
Iter: 46 loss: 0.1827927827835083
341.6368575634275
Iter: 47 loss: 0.16585971415042877
289.03489570095411
Iter: 48 loss: 0.37518352270126343
329.9657928136703
Iter: 49 loss: 0.15846936404705048
384.0768846149042
Iter: 50 loss: 0.23178711533546448
335.79331525504688
Iter: 51 loss: 0.14727786183357239
422.12183569416942
Iter: 52 loss: 0.12583479285240173
497.44263796294189
Iter: 53 loss: 0.11365462839603424
492.51137645582105
Iter: 54 loss: 0.095446854829788208
465.8362328473105
Iter: 55 loss: 0.091089010238647461
411.60500414025546
Iter: 56 loss: 0.084420487284660339
305.39693378758716
Iter: 57 loss: 0.072825878858566284
329.2004035110939
Iter: 58 loss: 0.071333035826683044
221.72563357914106
Iter: 59 loss: 0.064164996147155762
267.52704781983368
Iter: 60 loss: 0.062566056847572327
256.87048215599907
Iter: 61 loss: 0.061899706721305847
249.37822734623717
Iter: 62 loss: 0.059946030378341675
-1001.6091975300799
Iter: 1 loss: 0.3125031590461731
2803.8522445634508
Iter: 2 loss: 1.6175398826599121
-287.37031810136659
Iter: 3 loss: 0.24188855290412903
-276.4505436416689
Iter: 4 loss: 0.2342999130487442
-270.29987082173272
Iter: 5 loss: 0.21168744564056396
-1040.6407773872666
Iter: 6 loss: 0.23276132345199585
-527.27793408911975
Iter: 7 loss: 0.19441159069538116
-600.67902342031675
Iter: 8 loss: 0.1903468519449234
-607.188536367634
Iter: 9 loss: 0.1841418594121933
-530.608609302526
Iter: 10 loss: 0.17763394117355347
-376.70714164860021
Iter: 11 loss: 0.16705390810966492
-167.98838092128946
Iter: 12 loss: 0.15512752532958984
-155.76162878802273
Iter: 13 loss: 0.14513164758682251
-481.71526185204857
Iter: 14 loss: 0.13439199328422546
-356.54993212692938
Iter: 15 loss: 0.11903566122055054
-449.09738224332011
Iter: 16 loss: 0.10390342772006989
-452.03314793145091
Iter: 17 loss: 0.092009961605072021
-1.7776798251697059
Iter: 18 loss: 0.1275910884141922
-338.25524120825503
Iter: 19 loss: 0.069156214594841
-379.99963006163182
Iter: 20 loss: 0.062007904052734375
-367.185207361938
Iter: 21 loss: 0.055467404425144196
-363.81946487394725
Iter: 22 loss: 0.054004166275262833
-335.51007426997757
Iter: 23 loss: 0.0519661009311676
-304.62436115062008
Iter: 24 loss: 0.048606611788272858
-144.64048510646811
Iter: 25 loss: 0.041570231318473816
-145.53584108427663
Iter: 26 loss: 0.043007694184780121
-148.93391964798093
Iter: 27 loss: 0.038559764623641968
-116.53002613664918
Iter: 28 loss: 0.036812547594308853
-133.35110763528621
Iter: 29 loss: 0.036072384566068649
-146.82195288460326
Iter: 30 loss: 0.03571716696023941
-163.66529767890569
Iter: 31 loss: 0.035006344318389893
-166.6964905867207
Iter: 32 loss: 0.033971913158893585
-146.36623454134491
Iter: 33 loss: 0.032978229224681854
-119.86952787237945
Iter: 34 loss: 0.031774543225765228
-15.936830880855958
Iter: 35 loss: 0.029035916551947594
-6.0908012739468491
Iter: 36 loss: 0.027059480547904968
240.60173857003923
Iter: 37 loss: 0.035152692347764969
50.330643408182155
Iter: 38 loss: 0.025547724217176437
19.718086076573513
Iter: 39 loss: 0.021481182426214218
41.919141184103552
Iter: 40 loss: 0.01762118935585022
4.8803447992449147
Iter: 41 loss: 0.014750951901078224
0.81187375108209237
Iter: 42 loss: 0.013510075397789478
-71.319539130073792
Iter: 43 loss: 0.012922552414238453
-29.980642485858791
Iter: 44 loss: 0.011747751384973526
23.426522258624772
Iter: 45 loss: 0.010152395814657211
59.071732257564136
Iter: 46 loss: 0.0090822409838438034
90.59262111477608
Iter: 47 loss: 0.0085980556905269623
98.764251807283813
Iter: 48 loss: 0.0083014797419309616
100.01464718919551
Iter: 49 loss: 0.0080976057797670364
79.751377135068893
Iter: 50 loss: 0.0080054812133312225
82.152805455102566
Iter: 51 loss: 0.007961091585457325
81.642779292781057
Iter: 52 loss: 0.00786256417632103
75.045076831117413
Iter: 53 loss: 0.007763005793094635
69.9334182009732
Iter: 54 loss: 0.0075974510982632637
73.637737417761642
Iter: 55 loss: 0.0072930832393467426
100.57427265728855
Iter: 56 loss: 0.0070693399757146835
108.49097776891153
Iter: 57 loss: 0.0069271577522158623
Iter: 1 loss: 0.00015628922847099602
Iter: 2 loss: 0.56409144401550293
Iter: 3 loss: 0.00014737136370968074
Iter: 4 loss: 0.00014017644571140409
Iter: 5 loss: 0.00013948549167253077
216.73876582963294
Iter: 1 loss: 0.05291285365819931
2903.6870541886951
Iter: 2 loss: 18.595417022705078
1774.5614093897354
Iter: 3 loss: 9.42684268951416
278.03205995848975
Iter: 4 loss: 0.05882938951253891
237.53527170349133
Iter: 5 loss: 0.050784066319465637
237.42270563248269
Iter: 6 loss: 0.05077061802148819
236.97220639409008
Iter: 7 loss: 0.050718441605567932
235.16644530137643
Iter: 8 loss: 0.05053575336933136
228.11603565341164
Iter: 9 loss: 0.049864985048770905
223.52522197658314
Iter: 10 loss: 0.049278952181339264
205.69317910646814
Iter: 11 loss: 0.047355562448501587
161.717185168588
Iter: 12 loss: 0.044249217957258224
70.963305042730269
Iter: 13 loss: 0.039564292877912521
76.513602412611675
Iter: 14 loss: 0.041319884359836578
73.080577534332321
Iter: 15 loss: 0.038568362593650818
45.816281047318341
Iter: 16 loss: 0.037488222122192383
39.731077408599546
Iter: 17 loss: 0.037116684019565582
41.238310789715861
Iter: 18 loss: 0.036619029939174652
53.914833421487288
Iter: 19 loss: 0.034770309925079346
71.256969247677844
Iter: 20 loss: 0.032223798334598541
89.0541879875928
Iter: 21 loss: 0.028216876089572906
102.10949968449532
Iter: 22 loss: 0.025105226784944534
114.31113871844522
Iter: 23 loss: 0.0240883007645607
129.28337056474436
Iter: 24 loss: 0.023701243102550507
124.22854314431635
Iter: 25 loss: 0.021890824660658836
89.230142327284526
Iter: 26 loss: 0.019048437476158142
67.738915383697872
Iter: 27 loss: 0.018783058971166611
55.520683965626837
Iter: 28 loss: 0.018651168793439865
46.563618490744886
Iter: 29 loss: 0.018588932231068611
42.7091889629358
Iter: 30 loss: 0.018526677042245865
35.601089959049432
Iter: 31 loss: 0.018295573070645332
36.040544697217427
Iter: 32 loss: 0.018070660531520844
44.312507255478465
Iter: 33 loss: 0.017834663391113281
54.17771056177294
Iter: 34 loss: 0.017682638019323349
62.170550499116516
Iter: 35 loss: 0.017606697976589203
63.962239996676246
Iter: 36 loss: 0.017574664205312729
65.003840693179853
Iter: 37 loss: 0.017494101077318192
63.93034873897814
Iter: 38 loss: 0.017347998917102814
59.369557126861714
Iter: 39 loss: 0.017018616199493408
51.29836968293759
Iter: 40 loss: 0.016479324549436569
45.412258561447821
Iter: 41 loss: 0.015982486307621002
42.9406600484926
Iter: 42 loss: 0.01585104689002037
41.630784887419694
Iter: 43 loss: 0.015828698873519897
41.439257833366
Iter: 44 loss: 0.015821639448404312
41.606724783405582
Iter: 45 loss: 0.015817577019333839
42.529103087320159
Iter: 46 loss: 0.01580028235912323
44.089563035157944
Iter: 47 loss: 0.015764804556965828
47.395956224011059
Iter: 48 loss: 0.015665266662836075
52.790291169423767
Iter: 49 loss: 0.015423986129462719
60.387514253704438
Iter: 50 loss: 0.014838927425444126
69.096879601935512
Iter: 51 loss: 0.013726899400353432
56.729623814935188
Iter: 52 loss: 0.012788167223334312
42.945222330484839
Iter: 53 loss: 0.012617422267794609
49.219634148975651
Iter: 54 loss: 0.011919718235731125
5.7308386600557109
Iter: 55 loss: 0.013224577531218529
33.729701362828663
Iter: 56 loss: 0.011395718902349472
24.97816023907334
Iter: 57 loss: 0.011026434600353241
25.348682399508149
Iter: 58 loss: 0.010856976732611656
34.317453551030539
Iter: 59 loss: 0.010655071586370468
123.18222640578105
Iter: 1 loss: 0.0074361301958560944
254.50165617178686
Iter: 2 loss: 0.33105736970901489
214.11653460306769
Iter: 3 loss: 0.034251336008310318
125.40067386713656
Iter: 4 loss: 0.0074201533570885658
124.92040287745505
Iter: 5 loss: 0.0074132727459073067
123.06158862480285
Iter: 6 loss: 0.0073763281106948853
122.17173792808633
Iter: 7 loss: 0.007346542552113533
118.07165907654166
Iter: 8 loss: 0.0072886389680206776
98.271591186185589
Iter: 9 loss: 0.0071244705468416214
87.832347398165055
Iter: 10 loss: 0.0069518545642495155
80.434598526069635
Iter: 11 loss: 0.00684526190161705
80.889324782476564
Iter: 12 loss: 0.0068023991771042347
87.357780443102541
Iter: 13 loss: 0.0067436238750815392
95.893460416669114
Iter: 14 loss: 0.0066838841885328293
105.35565827496848
Iter: 15 loss: 0.0065804966725409031
109.6113180323832
Iter: 16 loss: 0.0064114425331354141
105.15918137606914
Iter: 17 loss: 0.0061788996681571007
88.714351294220336
Iter: 18 loss: 0.0059266071766614914
75.0074628273033
Iter: 19 loss: 0.0057423887774348259
61.012693393468908
Iter: 20 loss: 0.005689515732228756
57.202726768343794
Iter: 21 loss: 0.0056356079876422882
52.813448117198746
Iter: 22 loss: 0.0055061611346900463
53.344320981704172
Iter: 23 loss: 0.0053084855899214745
58.18991720260594
Iter: 24 loss: 0.00513735506683588
57.698817497790422
Iter: 25 loss: 0.0049394764937460423
42.891198590614877
Iter: 26 loss: 0.0048570241779088974
53.857795505021258
Iter: 27 loss: 0.0047493446618318558
52.478537927126276
Iter: 28 loss: 0.0047004139050841331
36.142335010770736
Iter: 29 loss: 0.004570807795971632
17.299876523611651
Iter: 30 loss: 0.004433454480022192
-29.026579542762939
Iter: 31 loss: 0.0040380777791142464
-18.355441499999291
Iter: 32 loss: 0.0037564937956631184
-10.697665783656536
Iter: 33 loss: 0.0034159042406827211
-11.843298320483472
Iter: 34 loss: 0.0032089643646031618
-16.599962060176235
Iter: 35 loss: 0.0031780540011823177
-22.572851498822963
Iter: 36 loss: 0.0031165787950158119
-27.935157832569047
Iter: 37 loss: 0.0030844735447317362
-31.116880810711375
Iter: 38 loss: 0.00302701978944242
-36.377192165729667
Iter: 39 loss: 0.0029017957858741283
-33.185704025176946
Iter: 40 loss: 0.00275530107319355
-28.38573664735582
Iter: 41 loss: 0.0026687930803745985
-15.916081499654831
Iter: 42 loss: 0.0026160520501434803
-15.782800177783869
Iter: 43 loss: 0.0025996952317655087
-15.641926936957312
Iter: 44 loss: 0.0025941813364624977
-18.102159821019413
Iter: 45 loss: 0.0025764380116015673
-21.400107715712693
Iter: 46 loss: 0.0025265882723033428
-31.288483544840538
Iter: 47 loss: 0.0023449608124792576
-49.619689141341681
Iter: 48 loss: 0.0020910466555505991
-43.806645556973756
Iter: 49 loss: 0.0017847719136625528
15.352931604572117
Iter: 50 loss: 0.0016182111576199532
-16.987796069368414
Iter: 51 loss: 0.001443101093173027
-21.215380945413891
Iter: 52 loss: 0.001653580809943378
-18.283205684417446
Iter: 53 loss: 0.0013560861116275191
-19.280231145675426
Iter: 54 loss: 0.0013207695446908474
-2.8119874229645347
Iter: 55 loss: 0.0012370296753942966
Iter: 1 loss: 0.00013019818288739771
Iter: 2 loss: 0.0025752254296094179
Iter: 3 loss: 0.00075392163125798106
Iter: 4 loss: 0.00012892491940874606
Iter: 5 loss: 0.00012822380813304335
35.746641334638284
Iter: 1 loss: 0.011461280286312103
1787.7583807323506
Iter: 2 loss: 87.578994750976562
-3.2080429735126543
Iter: 3 loss: 0.028668928891420364
34.371571721115032
Iter: 4 loss: 0.011437084525823593
34.967734032318482
Iter: 5 loss: 0.011404799297451973
37.351262042492451
Iter: 6 loss: 0.011298345401883125
44.323617213298142
Iter: 7 loss: 0.011169210076332092
44.9694655628824
Iter: 8 loss: 0.01116291806101799
47.491355953439118
Iter: 9 loss: 0.011133251711726189
48.68545262338715
Iter: 10 loss: 0.011109033599495888
49.153464290456526
Iter: 11 loss: 0.011046513915061951
48.468955714449351
Iter: 12 loss: 0.010775049217045307
45.085277062228442
Iter: 13 loss: 0.010517638176679611
41.015504465371954
Iter: 14 loss: 0.010256430134177208
37.241094561645227
Iter: 15 loss: 0.010110732167959213
36.889524073308138
Iter: 16 loss: 0.010046195238828659
38.157525656142276
Iter: 17 loss: 0.0099609512835741043
42.228939877300363
Iter: 18 loss: 0.00981318298727274
47.1782255624053
Iter: 19 loss: 0.0096501568332314491
50.746021181088693
Iter: 20 loss: 0.00943480059504509
50.089517255214062
Iter: 21 loss: 0.0091986339539289474
46.281655137239582
Iter: 22 loss: 0.0090844230726361275
40.453977065426528
Iter: 23 loss: 0.0089985514059662819
35.481144609361536
Iter: 24 loss: 0.0089327655732631683
32.40323724790705
Iter: 25 loss: 0.0088829994201660156
31.503969535143426
Iter: 26 loss: 0.0088441502302885056
31.918950060125372
Iter: 27 loss: 0.00879613682627678
33.38495706498815
Iter: 28 loss: 0.0087247453629970551
35.335152583076457
Iter: 29 loss: 0.0086463242769241333
36.232620627773642
Iter: 30 loss: 0.008570435456931591
35.981155740938583
Iter: 31 loss: 0.0084641482681036
34.777654805480616
Iter: 32 loss: 0.0083896070718765259
31.546830806270812
Iter: 33 loss: 0.0082960799336433411
29.321550583132741
Iter: 34 loss: 0.0082581527531147
28.733571994177908
Iter: 35 loss: 0.008250754326581955
28.062099355545232
Iter: 36 loss: 0.0082350354641675949
26.412347508545107
Iter: 37 loss: 0.0082009322941303253
21.907300867163741
Iter: 38 loss: 0.008120901882648468
10.239732487968867
Iter: 39 loss: 0.0079480605199933052
-13.132486218030518
Iter: 40 loss: 0.0076479152776300907
-39.1811827151636
Iter: 41 loss: 0.0073460694402456284
-54.698020893782228
Iter: 42 loss: 0.0072363037616014481
-49.338176064590485
Iter: 43 loss: 0.0072417962364852428
-52.099903838464272
Iter: 44 loss: 0.0072008576244115829
-49.149584530259915
Iter: 45 loss: 0.007189285010099411
-47.545196841057361
Iter: 46 loss: 0.0071839108131825924
-47.040987266985724
Iter: 47 loss: 0.0071804928593337536
-47.600146700664169
Iter: 48 loss: 0.0071797659620642662
-9.3269627668044279
Iter: 1 loss: 0.0012399087427183986
189026305.51452819
Iter: 2 loss: 8483070017536
-9.3269627668044279
Iter: 3 loss: 0.0012399087427183986
Iter: 1 loss: 0.0001447534014005214
Iter: 2 loss: 0.0025390780065208673
Iter: 3 loss: 0.00057709001703187823
Iter: 4 loss: 0.00014372679288499057
Iter: 5 loss: 0.00014288588135968894
Iter: 6 loss: 0.00013990886509418488
Iter: 7 loss: 0.000126399434520863
Iter: 8 loss: 0.00012266682460904121
Iter: 9 loss: 0.00012116549623897299
Iter: 10 loss: 0.00012096745922463015
-45.76812718133948
Iter: 1 loss: 0.012252132408320904
-4929.5388016966572
Iter: 2 loss: 104.14915466308594
-78.920566798697038
Iter: 3 loss: 0.015021204948425293
-51.046037972456745
Iter: 4 loss: 0.012147674337029457
-52.016751080675441
Iter: 5 loss: 0.011982075870037079
-57.579608979743455
Iter: 6 loss: 0.011467263102531433
-57.215427259216327
Iter: 7 loss: 0.011441468261182308
-55.75979086147747
Iter: 8 loss: 0.011356543749570847
-49.264378401350989
Iter: 9 loss: 0.011131654493510723
-46.514839560615187
Iter: 10 loss: 0.011008176952600479
-43.646442952769263
Iter: 11 loss: 0.010846339166164398
-43.5225507283585
Iter: 12 loss: 0.010745726525783539
-45.3786427970377
Iter: 13 loss: 0.010602762922644615
-46.853491999533659
Iter: 14 loss: 0.010501166805624962
-48.205169244787918
Iter: 15 loss: 0.010471398942172527
-48.688037337754267
Iter: 16 loss: 0.010452406480908394
-49.128838955480582
Iter: 17 loss: 0.0103819714859128
-47.960531854807833
Iter: 18 loss: 0.010240868665277958
-42.304224000314576
Iter: 19 loss: 0.0099489204585552216
-30.599870436454133
Iter: 20 loss: 0.00958168413490057
-19.475821264119467
Iter: 21 loss: 0.0093521038070321083
-15.730041371753645
Iter: 22 loss: 0.0092875529080629349
-16.165632252843128
Iter: 23 loss: 0.0092799235135316849
-16.520439048934421
Iter: 24 loss: 0.0092788143083453178
-17.465547128411725
Iter: 25 loss: 0.0092737209051847458
-19.354108576522567
Iter: 26 loss: 0.0092586949467659
-22.358897582029556
Iter: 27 loss: 0.0092244977131485939
-26.413219893674107
Iter: 28 loss: 0.0091572999954223633
-29.329098077695882
Iter: 29 loss: 0.0090635018423199654
-28.811344741431771
Iter: 30 loss: 0.0089657139033079147
-24.898381562356832
Iter: 31 loss: 0.0088843777775764465
-20.997295732592832
Iter: 32 loss: 0.0088340351358056068
-14.670796871956188
Iter: 33 loss: 0.0087451320141553879
-6.4118732024611251
Iter: 34 loss: 0.0085968170315027237
1.6605256969358679
Iter: 35 loss: 0.0083888070657849312
-3.5906049980548889
Iter: 36 loss: 0.008169928565621376
-6.6174850467537709
Iter: 37 loss: 0.008119070902466774
-7.5610895096574247
Iter: 38 loss: 0.0081098070368170738
-9.0896406535309211
Iter: 39 loss: 0.0080936271697282791
-10.785367420821249
Iter: 40 loss: 0.0080699184909462929
-13.624859521327172
Iter: 41 loss: 0.0080222524702548981
-15.962942719844175
Iter: 42 loss: 0.0079749152064323425
-17.213917969255959
Iter: 43 loss: 0.0079016648232936859
-21.250766850101257
Iter: 44 loss: 0.0077054672874510288
-24.7324307143992
Iter: 45 loss: 0.0075379107147455215
-29.104803072292743
Iter: 46 loss: 0.0073820687830448151
-32.441793384838384
Iter: 47 loss: 0.0073638539761304855
-35.242467488166909
Iter: 48 loss: 0.0072769522666931152
-34.237009941122757
Iter: 49 loss: 0.0072656711563467979
-35.399203347903452
Iter: 50 loss: 0.0072559872642159462
-36.142965976553164
Iter: 51 loss: 0.0072287428192794323
-35.332411015319074
Iter: 52 loss: 0.0071911741979420185
-33.352127983629742
Iter: 53 loss: 0.0071662347763776779
-27.667339204494382
Iter: 54 loss: 0.0071140620857477188
-23.897878360120536
Iter: 1 loss: 0.0014072528574615717
32274.796936749673
Iter: 2 loss: 173611.265625
-588.66774877319017
Iter: 3 loss: 0.5729440450668335
-28.368874415644179
Iter: 4 loss: 0.001430978998541832
-26.009320161124343
Iter: 5 loss: 0.0012455253163352609
-36.139287007947459
Iter: 6 loss: 0.0011412622407078743
-34.155192031257542
Iter: 7 loss: 0.0011345706880092621
-33.810771195806957
Iter: 8 loss: 0.001131945988163352
-32.434925618357639
Iter: 9 loss: 0.0011240853928029537
-30.282176401727696
Iter: 10 loss: 0.0010966730769723654
-25.062531387113047
Iter: 11 loss: 0.001015964662656188
-22.87023152508009
Iter: 12 loss: 0.00096752878744155169
-22.80629674465397
Iter: 13 loss: 0.00094853923656046391
-23.389726375033387
Iter: 14 loss: 0.00094575592083856463
-23.437976117150438
Iter: 15 loss: 0.00094518228434026241
Iter: 1 loss: 0.00010564904368948191
Iter: 2 loss: 0.0020432400051504374
Iter: 3 loss: 0.00011646701750578359
Iter: 4 loss: 0.00010544498218223453
-23.329603458904
Iter: 1 loss: 0.0074601778760552406
2593.3374209994017
Iter: 2 loss: 21.435451507568359
1056.3847060876853
Iter: 3 loss: 7.2040519714355469
-11.499332786555568
Iter: 4 loss: 0.0074758836999535561
-17.497641183740413
Iter: 5 loss: 0.0071792285889387131
-17.474706954654408
Iter: 6 loss: 0.0071749500930309296
-17.383017069019743
Iter: 7 loss: 0.0071582379750907421
-17.017009315417972
Iter: 8 loss: 0.0070978114381432533
-17.693888612521352
Iter: 9 loss: 0.006888913456350565
-18.735378539555715
Iter: 10 loss: 0.0068558431230485439
-19.491723574885949
Iter: 11 loss: 0.0067644957453012466
-18.280941654256566
Iter: 12 loss: 0.0066685238853096962
-15.40545181992589
Iter: 13 loss: 0.0066089597530663013
-14.598954220044114
Iter: 14 loss: 0.0065871663391590118
-13.770697643908761
Iter: 15 loss: 0.0065739220008254051
-11.996880086652057
Iter: 16 loss: 0.0065392768010497093
-10.368659299589021
Iter: 17 loss: 0.0064905318431556225
-9.9630709183095831
Iter: 18 loss: 0.0064313635230064392
-9.7721771841192755
Iter: 19 loss: 0.0063980831764638424
-11.320170019911865
Iter: 20 loss: 0.0063866744749248028
-12.146932494751912
Iter: 21 loss: 0.0063829785212874413
-12.928725488122106
Iter: 22 loss: 0.0063771903514862061
-14.078443082461886
Iter: 23 loss: 0.0063618798740208149
-14.331584801856923
Iter: 24 loss: 0.0063385949470102787
-12.802649898520379
Iter: 25 loss: 0.0063054491765797138
-9.2965009727675145
Iter: 26 loss: 0.00627229455858469
-5.3919191959414139
Iter: 27 loss: 0.006245763972401619
-1.2375064186683316
Iter: 28 loss: 0.0062127886340022087
2.2068363478751589
Iter: 29 loss: 0.0061747278086841106
2.6527566001020553
Iter: 30 loss: 0.00614074245095253
0.75645691248405167
Iter: 31 loss: 0.0061101517640054226
-1.7777227972402796
Iter: 32 loss: 0.0060890298336744308
-4.9861621956408637
Iter: 33 loss: 0.0060619721189141273
-7.2062322159841958
Iter: 34 loss: 0.0060412515886127949
-7.72184247159514
Iter: 35 loss: 0.0060315690934658051
-7.5375609715243668
Iter: 36 loss: 0.0060263280756771564
-7.4085328722501576
Iter: 37 loss: 0.00602178368717432
-7.88105991420222
Iter: 38 loss: 0.00601003784686327
-10.391249204502785
Iter: 39 loss: 0.0059867971576750278
-17.154818948968945
Iter: 40 loss: 0.005947647150605917
-26.864303974402944
Iter: 41 loss: 0.0059057720936834812
-33.221745396247414
Iter: 42 loss: 0.0058841733261942863
-34.22024878640628
Iter: 43 loss: 0.005879595410078764
-33.938037667430429
Iter: 44 loss: 0.0058780042454600334
-33.277864963877171
Iter: 45 loss: 0.0058748889714479446
-32.086334179138589
Iter: 46 loss: 0.0058674141764640808
-29.952724094878956
Iter: 47 loss: 0.0058492589741945267
-26.706954337993491
Iter: 48 loss: 0.0058120274916291237
-23.40836741592376
Iter: 49 loss: 0.005756729282438755
-22.131219487984438
Iter: 50 loss: 0.005707660224288702
-22.172530190380527
Iter: 51 loss: 0.0056717218831181526
-23.840064122042087
Iter: 52 loss: 0.0056530577130615711
-24.356531726051909
Iter: 53 loss: 0.0056442860513925552
-26.556581329751982
Iter: 54 loss: 0.0056089987047016621
-28.88359279331457
Iter: 55 loss: 0.0055397246032953262
-31.067562010617181
Iter: 56 loss: 0.0054099718108773232
-28.133794581623651
Iter: 1 loss: 0.00092591217253357172
1926.3460208438312
Iter: 2 loss: 0.56936907768249512
-0.8339176485139983
Iter: 3 loss: 0.001625049626454711
-26.349289947464911
Iter: 4 loss: 0.000923704938031733
-25.826622896761634
Iter: 5 loss: 0.00091973296366631985
-21.951881933118486
Iter: 6 loss: 0.0009093268308788538
-21.600321553440246
Iter: 7 loss: 0.000908220186829567
-20.194708311903696
Iter: 8 loss: 0.00090422644279897213
-12.855857312797788
Iter: 9 loss: 0.00087752658873796463
-10.142088693423789
Iter: 10 loss: 0.00086542067583650351
-9.5208369592623612
Iter: 11 loss: 0.00085595494601875544
-9.4322248186893844
Iter: 12 loss: 0.000844941008836031
-8.4936700138911476
Iter: 13 loss: 0.00081868388224393129
-3.7663051010732866
Iter: 14 loss: 0.00079201802145689726
-5.1968352721309437
Iter: 15 loss: 0.00076834880746901035
-4.9353131870755291
Iter: 16 loss: 0.00075694645056501031
-2.2960633867041915
Iter: 17 loss: 0.00074064778164029121
-0.33130503127810529
Iter: 18 loss: 0.00072716863360255957
-0.20614976947235641
Iter: 19 loss: 0.000714685651473701
-0.0808475839983882
Iter: 20 loss: 0.00070913974195718765
-0.26139067444005182
Iter: 21 loss: 0.000707473955117166
-0.16700647264324087
Iter: 22 loss: 0.000705110258422792
0.2439279612904367
Iter: 23 loss: 0.00069358083419501781
0.22167233345947746
Iter: 24 loss: 0.000679701566696167
1.7561790780068871
Iter: 25 loss: 0.00065848580561578274
2.5462617588921646
Iter: 26 loss: 0.00064475950784981251
0.75162445879660944
Iter: 27 loss: 0.00063163507729768753
-1.9316327692292665
Iter: 28 loss: 0.00061085610650479794
-4.89326677094839
Iter: 29 loss: 0.00058330129832029343
-5.6145026822543391
Iter: 30 loss: 0.00055553583661094308
-5.792909659990098
Iter: 31 loss: 0.00054369441932067275
-2.7794203466626577
Iter: 32 loss: 0.000540450622793287
-2.6942175043227059
Iter: 33 loss: 0.000539652188308537
Iter: 1 loss: 0.00012587285891640931
Iter: 2 loss: 0.54135513305664062
Iter: 3 loss: 0.00012478919234126806
Iter: 4 loss: 0.00012403301661834121
-28.159127680367543
Iter: 1 loss: 0.0081434370949864388
9160.0555730004271
Iter: 2 loss: 55.759967803955078
-2408.9296042395545
Iter: 3 loss: 32.773944854736328
-64.429578543976021
Iter: 4 loss: 0.011625927872955799
-36.864490541141237
Iter: 5 loss: 0.0077510010451078415
-36.881333466434327
Iter: 6 loss: 0.0077468454837799072
-36.948796729382849
Iter: 7 loss: 0.0077308332547545433
-37.220116774211505
Iter: 8 loss: 0.0076764761470258236
-34.40497634622082
Iter: 9 loss: 0.007437550462782383
-29.288793923507193
Iter: 10 loss: 0.0072998250834643841
-26.385274731389174
Iter: 11 loss: 0.0072457040660083294
-24.327117435923864
Iter: 12 loss: 0.0072139240801334381
-23.356909250986625
Iter: 13 loss: 0.0071852509863674641
-21.741059749848198
Iter: 14 loss: 0.0070905266329646111
-21.112785372414415
Iter: 15 loss: 0.0069339284673333168
-23.03566010839695
Iter: 16 loss: 0.0067234048619866371
-29.502749555854187
Iter: 17 loss: 0.0065577090717852116
-32.883859985467552
Iter: 18 loss: 0.0065278843976557255
-33.459558493288895
Iter: 19 loss: 0.0065247435122728348
-33.46658162425647
Iter: 20 loss: 0.0065236794762313366
-33.317280746363224
Iter: 21 loss: 0.00652272766456008
2.5590803609783013
Iter: 1 loss: 0.00087377894669771194
43462.623703314595
Iter: 2 loss: 121218.296875
89890.000957221535
Iter: 3 loss: 614827.75
2.5590803436577496
Iter: 4 loss: 0.00087377894669771194
2.5590803573233645
Iter: 5 loss: 0.00087377894669771194
2.559080360206758
Iter: 6 loss: 0.00087377894669771194
2.559080360815384
Iter: 7 loss: 0.00087377894669771194
2.5590803609437867
Iter: 8 loss: 0.00087377894669771194
2.5590803609715254
Iter: 9 loss: 0.00087377894669771194
2.5590803609774389
Iter: 10 loss: 0.00087377894669771194
2.5590803609782031
Iter: 11 loss: 0.00087377894669771194
2.5590803609781236
Iter: 12 loss: 0.00087377894669771194
2.5590803609775223
Iter: 13 loss: 0.00087377894669771194
2.5590803609781316
Iter: 14 loss: 0.00087377894669771194
2.5590803609781276
Iter: 15 loss: 0.00087377894669771194
Iter: 1 loss: 0.00011208309297217056
Iter: 2 loss: 0.052345618605613708
Iter: 3 loss: 0.00011169840581715107
-39.559907626035596
Iter: 1 loss: 0.0073140081949532032
2934.7544187382955
Iter: 2 loss: 22.903984069824219
452.02054749832558
Iter: 3 loss: 1.3892614841461182
-37.3879236491933
Iter: 4 loss: 0.0072896205820143223
-37.667603891726465
Iter: 5 loss: 0.0072826612740755081
-38.786755271319407
Iter: 6 loss: 0.0072611775249242783
-40.8894655920528
Iter: 7 loss: 0.0071924165822565556
-42.846941909028438
Iter: 8 loss: 0.0071102157235145569
-42.0113326974851
Iter: 9 loss: 0.007028849795460701
-37.997911817104651
Iter: 10 loss: 0.0068736118264496326
-35.807530825895277
Iter: 11 loss: 0.0068069426342844963
-34.376863511030571
Iter: 12 loss: 0.0067139002494513988
-34.818697348119215
Iter: 13 loss: 0.0066696591675281525
-35.994882056996339
Iter: 14 loss: 0.0066452743485569954
-37.802201272813377
Iter: 15 loss: 0.0066146682947874069
-40.68477057072738
Iter: 16 loss: 0.0065643871203064919
-42.954818720667987
Iter: 17 loss: 0.00651471596211195
-43.23961988810607
Iter: 18 loss: 0.006495768204331398
-42.77629691567909
Iter: 19 loss: 0.0064934277907013893
-42.565420953502809
Iter: 20 loss: 0.0064930953085422516
2.7920713863669162
Iter: 1 loss: 0.00090692896628752351
8328955.2872769851
Iter: 2 loss: 15362867200
2.7920713863669073
Iter: 3 loss: 0.00090692896628752351
Iter: 1 loss: 0.00012512182001955807
Iter: 2 loss: 0.0026842337101697922
Iter: 3 loss: 0.00037574017187580466
Iter: 4 loss: 0.00012479300494305789
-28.527140796032874
Iter: 1 loss: 0.0075041735544800758
9570.54609138966
Iter: 2 loss: 55.524684906005859
-2137.8642652400354
Iter: 3 loss: 26.810352325439453
-66.462127372494976
Iter: 4 loss: 0.011610958725214005
-37.293687122808
Iter: 5 loss: 0.0070882150903344154
-37.312514916440421
Iter: 6 loss: 0.0070844716392457485
-37.387914274701913
Iter: 7 loss: 0.0070705879479646683
-35.659816333424232
Iter: 8 loss: 0.0069646695628762245
-33.730879163706753
Iter: 9 loss: 0.0069387531839311123
-32.610032787118996
Iter: 10 loss: 0.0069317026063799858
-32.2331683347203
Iter: 11 loss: 0.0069294418208301067
-31.767021067400407
Iter: 12 loss: 0.0069247270002961159
-31.138016086985559
Iter: 13 loss: 0.0069132465869188309
-30.470098196045988
Iter: 14 loss: 0.0068873977288603783
-30.313370300167204
Iter: 15 loss: 0.00684098806232214
-31.469108783597882
Iter: 16 loss: 0.0067881988361477852
-33.322144527140637
Iter: 17 loss: 0.006761530414223671
-34.206477398120292
Iter: 18 loss: 0.0067569692619144917
-34.317132766220212
Iter: 19 loss: 0.0067566968500614166
2.6799130934642537
Iter: 1 loss: 0.000615114055108279
136861.50940965244
Iter: 2 loss: 2485462.75
207177.8249123253
Iter: 3 loss: 2096651
2.6799130897258747
Iter: 4 loss: 0.000615114055108279
2.6799130926756884
Iter: 5 loss: 0.000615114055108279
2.6799130932982211
Iter: 6 loss: 0.000615114055108279
2.6799130934295512
Iter: 7 loss: 0.000615114055108279
2.67991309345753
Iter: 8 loss: 0.000615114055108279
2.6799130934633153
Iter: 9 loss: 0.000615114055108279
2.6799130934582651
Iter: 10 loss: 0.000615114055108279
2.6799130934621611
Iter: 11 loss: 0.000615114055108279
2.6799130934599353
Iter: 12 loss: 0.000615114055108279
2.6799130934589708
Iter: 13 loss: 0.000615114055108279
Iter: 1 loss: 0.00011072667984990403
Iter: 2 loss: 0.47614657878875732
Iter: 3 loss: 0.00011063890997320414
-38.628583491136972
Iter: 1 loss: 0.00693937111645937
2860.367207907515
Iter: 2 loss: 18.329460144042969
209.60963576766645
Iter: 3 loss: 0.30108019709587097
-37.6832076292244
Iter: 4 loss: 0.0069351159036159515
-37.693839431814389
Iter: 5 loss: 0.0069344085641205311
-37.736372470240738
Iter: 6 loss: 0.0069316849112510681
-37.906597873652707
Iter: 7 loss: 0.0069224727340042591
-37.274653916530809
Iter: 8 loss: 0.0068943025544285774
-36.883682933129691
Iter: 9 loss: 0.0068732192739844322
-35.464680137891563
Iter: 10 loss: 0.00678329449146986
-34.898959623039914
Iter: 11 loss: 0.0067220036871731281
-34.341837131183979
Iter: 12 loss: 0.0066630356013774872
-30.555285640845575
Iter: 13 loss: 0.00660922285169363
-29.859832026322938
Iter: 14 loss: 0.00659314077347517
-29.510105258886124
Iter: 15 loss: 0.0065840845927596092
-29.301381065176493
Iter: 16 loss: 0.0065746470354497433
-28.809648343252846
Iter: 17 loss: 0.0065419236198067665
-28.384352004823143
Iter: 18 loss: 0.0064891171641647816
-28.610515776704016
Iter: 19 loss: 0.0064160795882344246
-28.383699596436724
Iter: 20 loss: 0.0063844672404229641
-28.693046633597916
Iter: 21 loss: 0.0063797975890338421
-28.84237356909977
Iter: 22 loss: 0.0063783098012208939
-28.852260164095448
Iter: 23 loss: 0.0063720690086483955
-28.287916808917625
Iter: 24 loss: 0.0063476096838712692
-26.156758463360077
Iter: 25 loss: 0.0063023902475833893
-20.721278037958051
Iter: 26 loss: 0.006214718334376812
-12.534164985823519
Iter: 27 loss: 0.0061236037872731686
-8.1901303173473661
Iter: 28 loss: 0.0060782399959862232
-8.1207033527369017
Iter: 29 loss: 0.0060687982477247715
-8.7373021366592862
Iter: 30 loss: 0.0060671181418001652
-9.2663946535476569
Iter: 31 loss: 0.0060653774999082088
-10.955946151998711
Iter: 32 loss: 0.0060577522963285446
-13.785405641753512
Iter: 33 loss: 0.0060413824394345284
-18.250176568431073
Iter: 34 loss: 0.0060091074556112289
-22.667525743888046
Iter: 35 loss: 0.005965428426861763
-25.741558723682683
Iter: 36 loss: 0.0059040971100330353
-24.807595556034759
Iter: 37 loss: 0.0058862189762294292
-22.66896432624662
Iter: 38 loss: 0.0058789616450667381
-22.257526349542232
Iter: 39 loss: 0.0058777378872036934
-21.580569980091742
Iter: 40 loss: 0.0058751148171722889
-21.23563142845547
Iter: 41 loss: 0.0058716889470815659
-20.944862198480855
Iter: 42 loss: 0.0058600562624633312
-21.570335549738932
Iter: 43 loss: 0.0058349356986582279
-24.9355952980606
Iter: 44 loss: 0.0057810302823781967
-32.432344740299413
Iter: 45 loss: 0.0057151233777403831
-37.928231285180814
Iter: 46 loss: 0.0056827310472726822
-39.243022386990468
Iter: 47 loss: 0.005670884158462286
-39.393518933895123
Iter: 48 loss: 0.0056667528115212917
-39.135893343669416
Iter: 49 loss: 0.0056658159010112286
0.26748484919292215
Iter: 1 loss: 0.00075071887113153934
288143.41174587526
Iter: 2 loss: 7094728.5
1261208.5596796589
Iter: 3 loss: 324563712
0.26748484918103588
Iter: 4 loss: 0.00075071887113153934
0.26748484919036775
Iter: 5 loss: 0.00075071887113153934
0.26748484919287374
Iter: 6 loss: 0.00075071887113153934
0.26748484919250287
Iter: 7 loss: 0.00075071887113153934
0.26748484919276694
Iter: 8 loss: 0.00075071887113153934
0.26748484919266086
Iter: 9 loss: 0.00075071887113153934
0.26748484919275028
Iter: 10 loss: 0.00075071887113153934
0.26748484919269905
Iter: 11 loss: 0.00075071887113153934
0.26748484919274174
Iter: 12 loss: 0.00075071887113153934
0.26748484919274274
Iter: 13 loss: 0.00075071887113153934
Iter: 1 loss: 0.00011142603761982173
Iter: 2 loss: 0.002571603748947382
Iter: 3 loss: 0.00015847652684897184
Iter: 4 loss: 0.00011132208601338789
-39.717384204937858
Iter: 1 loss: 0.006412469781935215
9598.9657529409415
Iter: 2 loss: 52.591869354248047
-3477.9182687576385
Iter: 3 loss: 89.219070434570312
-208.05702407087892
Iter: 4 loss: 0.17504009604454041
-48.158663324537
Iter: 5 loss: 0.0058956295251846313
-48.519574445056321
Iter: 6 loss: 0.0058865230530500412
-48.827161150949266
Iter: 7 loss: 0.005855979397892952
-48.100405299321054
Iter: 8 loss: 0.0058023268356919289
-45.306743740069109
Iter: 9 loss: 0.0057277791202068329
-41.063182939952
Iter: 10 loss: 0.0056697018444538116
-40.137955075215871
Iter: 11 loss: 0.0056659048423171043
-39.9844703907686
Iter: 12 loss: 0.0056648766621947289
-39.555024692479378
Iter: 13 loss: 0.0056604025885462761
-39.069206035873904
Iter: 14 loss: 0.0056527052074670792
-38.493248216025187
Iter: 15 loss: 0.0056384103372693062
-38.331902929060313
Iter: 16 loss: 0.0056216279044747353
-38.774067880896517
Iter: 17 loss: 0.0056078732013702393
-39.374988996232375
Iter: 18 loss: 0.0056021483615040779
-39.865850233570171
Iter: 19 loss: 0.0055980654433369637
-40.630539211678943
Iter: 20 loss: 0.0055896816775202751
-41.818815277903596
Iter: 21 loss: 0.0055720256641507149
-43.258950593568791
Iter: 22 loss: 0.0055424673482775688
-43.79147004920749
Iter: 23 loss: 0.0055098547600209713
-43.30303856426395
Iter: 24 loss: 0.0055021122097969055
-42.979077607947318
Iter: 25 loss: 0.0055015217512845993
0.14863613711745405
Iter: 1 loss: 0.0008233505068346858
1013509.931351344
Iter: 2 loss: 191426352
0.14863613706493184
Iter: 3 loss: 0.0008233505068346858
0.14863613710664225
Iter: 4 loss: 0.0008233505068346858
0.14863613711513524
Iter: 5 loss: 0.0008233505068346858
0.14863613711735879
Iter: 6 loss: 0.0008233505068346858
0.14863613711707768
Iter: 7 loss: 0.0008233505068346858
0.14863613711735191
Iter: 8 loss: 0.0008233505068346858
0.14863613711725288
Iter: 9 loss: 0.0008233505068346858
0.14863613711733537
Iter: 10 loss: 0.0008233505068346858
0.14863613711726675
Iter: 11 loss: 0.0008233505068346858
0.14863613711733581
Iter: 12 loss: 0.0008233505068346858
0.14863613711731416
Iter: 13 loss: 0.0008233505068346858
0.1486361371173297
Iter: 14 loss: 0.0008233505068346858
0.14863613711733714
Iter: 15 loss: 0.0008233505068346858
Iter: 1 loss: 0.00012018585402984172
Iter: 2 loss: 0.50236886739730835
Iter: 3 loss: 0.00012005433382000774
-50.536990378778896
Iter: 1 loss: 0.0062991008162498474
3159.9590885394346
Iter: 2 loss: 24.335380554199219
873.433537616867
Iter: 3 loss: 3.7717626094818115
-45.223646257840116
Iter: 4 loss: 0.0062223831191658974
-46.451098844275919
Iter: 5 loss: 0.0062135616317391396
-46.620259790454249
Iter: 6 loss: 0.0062117120251059532
-47.296948471195051
Iter: 7 loss: 0.0062062544748187065
-48.382308059151889
Iter: 8 loss: 0.00618700310587883
-52.145050231106055
Iter: 9 loss: 0.0061076898127794266
-55.411910327291608
Iter: 10 loss: 0.0060213231481611729
-56.6860498067587
Iter: 11 loss: 0.0059072021394968033
-55.445474511569735
Iter: 12 loss: 0.0058031198568642139
-53.3217358092333
Iter: 13 loss: 0.0057621030136942863
-50.554613502455908
Iter: 14 loss: 0.0057167420163750648
-47.763651106295114
Iter: 15 loss: 0.0056613171473145485
-47.526092534654964
Iter: 16 loss: 0.0056053739972412586
-48.158240277479024
Iter: 17 loss: 0.0056000463664531708
-48.368895614034891
Iter: 18 loss: 0.0055998503230512142
3.0510469726940812
Iter: 1 loss: 0.00077292468631640077
137655.36108045207
Iter: 2 loss: 2397613.5
4657764.1540797865
Iter: 3 loss: 4806215168
8579720907.2917786
Iter: 4 loss: 17970783116591104
-73.508169726029251
Iter: 5 loss: 0.0696604773402214
0.48967331399247632
Iter: 6 loss: 0.00071152823511511087
-0.63109738946760974
Iter: 7 loss: 0.000701438169926405
-0.70285871023279345
Iter: 8 loss: 0.0006984237115830183
-0.2987122977640343
Iter: 9 loss: 0.00067865708842873573
0.71361765969082191
Iter: 10 loss: 0.0006669461727142334
0.63863585031088854
Iter: 11 loss: 0.00065956206526607275
0.10207782197803611
Iter: 12 loss: 0.000657097902148962
-0.744185906927544
Iter: 13 loss: 0.00065543141681700945
-3.5411131715751565
Iter: 14 loss: 0.00065150245791301131
-7.0769256692311782
Iter: 15 loss: 0.00064748217118903995
-9.5953852263492436
Iter: 16 loss: 0.00064163294155150652
-11.22590010781647
Iter: 17 loss: 0.00063492974732071161
-10.1440604712659
Iter: 18 loss: 0.0006322305416688323
-7.8013937953124426
Iter: 19 loss: 0.00062980561051517725
-6.4480574023194226
Iter: 20 loss: 0.000627947854809463
-5.0537971041410028
Iter: 21 loss: 0.000626032764557749
-4.6244666649811208
Iter: 22 loss: 0.00062466273084282875
-3.9721193602652107
Iter: 23 loss: 0.00062056892784312367
-3.4979246173197081
Iter: 24 loss: 0.00061497371643781662
-3.0633182480117362
Iter: 25 loss: 0.00060889869928359985
-3.2355186433639935
Iter: 26 loss: 0.00060641812160611153
-3.4949790741203217
Iter: 27 loss: 0.00060599663993343711
Iter: 1 loss: 0.00010916669270955026
Iter: 2 loss: 0.0026136916130781174
Iter: 3 loss: 0.00036469724727794528
Iter: 4 loss: 0.00010889126861002296
-30.458085729792394
Iter: 1 loss: 0.005716394167393446
7072.83391043781
Iter: 2 loss: 45.295028686523438
-212.03967032671369
Iter: 3 loss: 0.17150770127773285
-32.373924840804676
Iter: 4 loss: 0.0056957830674946308
-32.613892987779408
Iter: 5 loss: 0.0056866258382797241
-33.574217676142396
Iter: 6 loss: 0.0056542796082794666
-36.672783064486765
Iter: 7 loss: 0.005559675395488739
-36.103636018159037
Iter: 8 loss: 0.0055499211885035038
-34.536488920709125
Iter: 9 loss: 0.00553399883210659
-33.5407564763529
Iter: 10 loss: 0.0055241268128156662
-32.6877635285811
Iter: 11 loss: 0.0055096494033932686
-32.492931028005458
Iter: 12 loss: 0.0055011715739965439
-32.731838671498608
Iter: 13 loss: 0.005496809259057045
-33.212783703017067
Iter: 14 loss: 0.0054907007142901421
-33.885900670263247
Iter: 15 loss: 0.0054813111200928688
-34.306380782868096
Iter: 16 loss: 0.0054716337472200394
-34.223260158006525
Iter: 17 loss: 0.0054679261520504951
-34.053240104348674
Iter: 18 loss: 0.0054674628190696239
-9.2033948306157747
Iter: 1 loss: 0.000593819422647357
465.61854076403404
Iter: 2 loss: 0.30125284194946289
148.44691936196895
Iter: 3 loss: 0.082327410578727722
-6.2706508950407809
Iter: 4 loss: 0.00057783164083957672
-6.9980149252653323
Iter: 5 loss: 0.00057528162142261863
-6.92283936437722
Iter: 6 loss: 0.00057513662613928318
-6.62214078484017
Iter: 7 loss: 0.00057464238489046693
Iter: 1 loss: 0.00012903641618322581
Iter: 2 loss: 0.53556561470031738
Iter: 3 loss: 0.00012807323946617544
-49.257306989442384
Iter: 1 loss: 0.0058537153527140617
-5420.07401704995
Iter: 2 loss: 150.09591674804688
-52.417417451122425
Iter: 3 loss: 0.0059511330910027027
-50.274483813457465
Iter: 4 loss: 0.005824945867061615
-48.748189816428379
Iter: 5 loss: 0.005776943638920784
-41.532075579386181
Iter: 6 loss: 0.0056746015325188637
-41.5119098826076
Iter: 7 loss: 0.0056744702160358429
-41.431247928030821
Iter: 8 loss: 0.0056739780120551586
-2.5140297433988232
Iter: 1 loss: 0.00084580824477598071
46731.200772990735
Iter: 2 loss: 253983.484375
1577958.3581508293
Iter: 3 loss: 277241344
54664944.792353056
Iter: 4 loss: 721038475264
-2.5140297433988219
Iter: 5 loss: 0.00084580824477598071
Iter: 1 loss: 0.00010322942398488522
Iter: 2 loss: 0.0021232322324067354
Iter: 3 loss: 0.00013600265083368868
Iter: 4 loss: 0.00010310798825230449
-30.804700289399378
Iter: 1 loss: 0.0055241119116544724
2773.5692524081205
Iter: 2 loss: 16.810043334960938
517.06204415055913
Iter: 3 loss: 1.3824048042297363
-28.054395300616513
Iter: 4 loss: 0.005495589692145586
-28.473590673669609
Iter: 5 loss: 0.0054936818778514862
-28.927608973870566
Iter: 6 loss: 0.0054909670725464821
-30.036303445256152
Iter: 7 loss: 0.0054828580468893051
-31.675691115960586
Iter: 8 loss: 0.0054685785435140133
-33.482979808497205
Iter: 9 loss: 0.0054492633789777756
-34.20701352005559
Iter: 10 loss: 0.0054215500131249428
-33.889311249298679
Iter: 11 loss: 0.0054118521511554718
-33.6185855600925
Iter: 12 loss: 0.0054105352610349655
-33.174343898628109
Iter: 13 loss: 0.0054073873907327652
-32.427873373569255
Iter: 14 loss: 0.0053970878943800926
-30.677406974506717
Iter: 15 loss: 0.0053682317957282066
-29.859384132552719
Iter: 16 loss: 0.0053487205877900124
-29.99138835703237
Iter: 17 loss: 0.0053429994732141495
-30.20694371175394
Iter: 18 loss: 0.0053422572091221809
-6.0749359182333693
Iter: 1 loss: 0.0005787992849946022
41193.975518648644
Iter: 2 loss: 150284.390625
-6.0749359659196411
Iter: 3 loss: 0.0005787992849946022
-6.0749359282967221
Iter: 4 loss: 0.0005787992849946022
-6.074935920357083
Iter: 5 loss: 0.0005787992849946022
-6.0749359186812537
Iter: 6 loss: 0.0005787992849946022
-6.0749359183277765
Iter: 7 loss: 0.0005787992849946022
-6.07493591825341
Iter: 8 loss: 0.0005787992849946022
-6.0749359182375731
Iter: 9 loss: 0.0005787992849946022
-6.0749359182481424
Iter: 10 loss: 0.0005787992849946022
-6.0749359182394791
Iter: 11 loss: 0.0005787992849946022
-6.0749359182384692
Iter: 12 loss: 0.0005787992849946022
-6.0749359182387934
Iter: 13 loss: 0.0005787992849946022
Iter: 1 loss: 0.0001153799457824789
Iter: 2 loss: 0.52946507930755615
Iter: 3 loss: 0.00011479260865598917
-36.866819313389229
Iter: 1 loss: 0.0062064621597528458
8884.3345906124414
Iter: 2 loss: 50.316627502441406
-661.82962295832067
Iter: 3 loss: 2.06628680229187
-40.141844722981617
Iter: 4 loss: 0.0061408542096614838
-40.45373786356533
Iter: 5 loss: 0.0061391950584948063
-40.626565465766575
Iter: 6 loss: 0.0061369515024125576
-40.729536834560875
Iter: 7 loss: 0.0061297030188143253
-40.268750653094152
Iter: 8 loss: 0.0061163962818682194
-38.645755973670042
Iter: 9 loss: 0.0060963127762079239
-36.253335696203706
Iter: 10 loss: 0.0060779023915529251
-35.446109156922468
Iter: 11 loss: 0.0060754395090043545
-35.418259553737656
Iter: 12 loss: 0.0060751959681510925
-1.9834118570360326
Iter: 1 loss: 0.00061935209669172764
1081018.0109371431
Iter: 2 loss: 225383072
-1.9834118570525787
Iter: 3 loss: 0.00061935209669172764
-1.9834118570388142
Iter: 4 loss: 0.00061935209669172764
-1.983411857036137
Iter: 5 loss: 0.00061935209669172764
-1.9834118570385675
Iter: 6 loss: 0.00061935209669172764
-1.9834118570388297
Iter: 7 loss: 0.00061935209669172764
Iter: 1 loss: 9.3492213636636734e-05
Iter: 2 loss: 0.0027192523702979088
Iter: 3 loss: 0.00029496679781004786
Iter: 4 loss: 9.3284346803557128e-05
-19.83112451772913
Iter: 1 loss: 0.0052662929520010948
9565.0452058148421
Iter: 2 loss: 39.384658813476562
-716.22122130671062
Iter: 3 loss: 2.7938148975372314
-24.076068376670456
Iter: 4 loss: 0.0051736249588429928
-24.067269177180457
Iter: 5 loss: 0.0051728365942835808
-24.032093062611889
Iter: 6 loss: 0.0051699043251574039
-23.641598840165862
Iter: 7 loss: 0.0051587186753749847
-23.699628281576302
Iter: 8 loss: 0.005158192478120327
-23.931791659404297
Iter: 9 loss: 0.0051564108580350876
-24.464322723363594
Iter: 10 loss: 0.0051478119567036629
-24.116713231942082
Iter: 11 loss: 0.0051344339735805988
-22.510036114397689
Iter: 12 loss: 0.0051218410953879356
-20.615211831633729
Iter: 13 loss: 0.0051114126108586788
-18.262394493931211
Iter: 14 loss: 0.0051037082448601723
-15.197694119574587
Iter: 15 loss: 0.0050937538035213947
-11.655178456777964
Iter: 16 loss: 0.0050809793174266815
-8.7719745409945133
Iter: 17 loss: 0.0050587980076670647
-8.7438161196373816
Iter: 18 loss: 0.0050442819483578205
-9.8740721067267625
Iter: 19 loss: 0.0050339475274086
-11.290302236062239
Iter: 20 loss: 0.0050241639837622643
-13.924344756178396
Iter: 21 loss: 0.0049996068701148033
-16.071793824812438
Iter: 22 loss: 0.0049644866958260536
-16.124857906446415
Iter: 23 loss: 0.0049353092908859253
-15.03943456650218
Iter: 24 loss: 0.0049228682182729244
-14.056317535122073
Iter: 25 loss: 0.00491697434335947
-13.363915108343202
Iter: 26 loss: 0.0049138693138957024
-12.206423040904809
Iter: 27 loss: 0.0049048713408410549
-10.880384765291996
Iter: 28 loss: 0.004887712188065052
-10.452816066566651
Iter: 29 loss: 0.0048678764142096043
-10.786308847747376
Iter: 30 loss: 0.004848443903028965
-11.081864423607557
Iter: 31 loss: 0.0048364978283643723
-11.243737149965776
Iter: 32 loss: 0.0048318649642169476
-10.991489627029157
Iter: 33 loss: 0.0048271692357957363
-10.199779411442579
Iter: 34 loss: 0.0048177037388086319
-7.99381393208699
Iter: 35 loss: 0.0047977627255022526
-3.6159677260411209
Iter: 36 loss: 0.0047618555836379528
2.1931277252251524
Iter: 37 loss: 0.004719762597233057
6.8768130267057286
Iter: 38 loss: 0.0046807941980659962
10.601724849252832
Iter: 39 loss: 0.0046486882492899895
9.5523133886464073
Iter: 40 loss: 0.0046416022814810276
9.7775387396183078
Iter: 41 loss: 0.004629489965736866
8.07199831909791
Iter: 42 loss: 0.0045985020697116852
8.5095839580915786
Iter: 43 loss: 0.0045655025169253349
11.865917649290813
Iter: 44 loss: 0.0045344899408519268
16.818889593029322
Iter: 45 loss: 0.0045124338939785957
21.5899477429111
Iter: 46 loss: 0.0044983238913118839
25.201683619520665
Iter: 47 loss: 0.0044919075444340706
24.586307850782998
Iter: 48 loss: 0.0044899275526404381
24.673841230081582
Iter: 49 loss: 0.00448934081941843
-11.751507073120813
Iter: 1 loss: 0.00078387919347733259
-5325.2259838189511
Iter: 2 loss: 3184.04736328125
-11.751558329352058
Iter: 3 loss: 0.00078387721441686153
-15.817514112193397
Iter: 4 loss: 0.00070401735138148069
-15.571031445466719
Iter: 5 loss: 0.00070297502679750323
-14.585493220172868
Iter: 6 loss: 0.0006994341965764761
-10.879523508981514
Iter: 7 loss: 0.00068989786086604
-9.7549413819666313
Iter: 8 loss: 0.00068711477797478437
-7.82606166251377
Iter: 9 loss: 0.00068327697226777673
-6.1746676342553091
Iter: 10 loss: 0.00067992927506566048
-3.1193815978742068
Iter: 11 loss: 0.00067389995092526078
-3.7622535690655257
Iter: 12 loss: 0.00066763756331056356
-4.902174364886112
Iter: 13 loss: 0.00066660379525274038
-5.3772885510852477
Iter: 14 loss: 0.00066610460635274649
Iter: 1 loss: 0.00011360205098753795
Iter: 2 loss: 0.542993426322937
Iter: 3 loss: 0.00011260910832788795
12.373264484144132
Iter: 1 loss: 0.006273344624787569
10398.138625505742
Iter: 2 loss: 59.626125335693359
-692.11216052430973
Iter: 3 loss: 2.6743099689483643
8.9963946599122444
Iter: 4 loss: 0.006201739888638258
8.6816280976862021
Iter: 5 loss: 0.0061984555795788765
8.25308365313777
Iter: 6 loss: 0.0061888275668025017
8.0340634275938516
Iter: 7 loss: 0.0061671300791203976
8.6990819885325923
Iter: 8 loss: 0.0061222412623465061
11.154630466236028
Iter: 9 loss: 0.0060576610267162323
14.28264742805009
Iter: 10 loss: 0.0059529552236199379
17.863990986705261
Iter: 11 loss: 0.0058593647554516792
17.967000647758539
Iter: 12 loss: 0.0058387862518429756
17.078265603369889
Iter: 13 loss: 0.0058209905400872231
15.403012794111426
Iter: 14 loss: 0.0057676797732710838
9.9354226963272936
Iter: 15 loss: 0.0056359292939305305
8.6895239732107257
Iter: 16 loss: 0.0056168176233768463
8.4401054347085029
Iter: 17 loss: 0.00561214704066515
8.4501674040756889
Iter: 18 loss: 0.0056095197796821594
8.4553317311889788
Iter: 19 loss: 0.0055977180600166321
8.2599221310568911
Iter: 20 loss: 0.0055700312368571758
7.5288130721106352
Iter: 21 loss: 0.0055130971595644951
6.0858309229478849
Iter: 22 loss: 0.0054389890283346176
4.606850547650339
Iter: 23 loss: 0.0053796982392668724
4.8003684570398049
Iter: 24 loss: 0.0053652669303119183
4.3836439152414
Iter: 25 loss: 0.0053545357659459114
4.0039062641812517
Iter: 26 loss: 0.0053503517992794514
2.4996301797660161
Iter: 27 loss: 0.0053329057991504669
0.31224655874816121
Iter: 28 loss: 0.0053029432892799377
-3.2189844836393728
Iter: 29 loss: 0.0052457982674241066
-5.9868739495514589
Iter: 30 loss: 0.0051870420575141907
-6.1788069538731936
Iter: 31 loss: 0.005155378021299839
-5.2523896656813136
Iter: 32 loss: 0.0051496736705303192
-4.90780375819362
Iter: 33 loss: 0.0051494212821125984
-6.6445811619595778
Iter: 1 loss: 0.00062154093757271767
361.73765951787641
Iter: 2 loss: 0.3943154513835907
139.78123769577275
Iter: 3 loss: 0.076747745275497437
-4.516627957883057
Iter: 4 loss: 0.00061069952789694071
-5.0009715827976526
Iter: 5 loss: 0.00060980312991887331
Iter: 1 loss: 0.00010356560233049095
Iter: 2 loss: 0.53355789184570312
Iter: 3 loss: 0.00010340155859012157
-8.666096555030693
Iter: 1 loss: 0.0050964560359716415
5791.0908467780837
Iter: 2 loss: 71.308433532714844
-100.6750061749608
Iter: 3 loss: 0.081494808197021484
-9.7497298987708128
Iter: 4 loss: 0.0050848443061113358
-9.6378162718065887
Iter: 5 loss: 0.0050765187479555607
-9.1903398688847524
Iter: 6 loss: 0.00504564493894577
-3.5627398478903793
Iter: 7 loss: 0.0049106329679489136
-3.0969468900465236
Iter: 8 loss: 0.0049074362032115459
-1.8692060836824482
Iter: 9 loss: 0.004899313673377037
-0.95763306195385112
Iter: 10 loss: 0.0048913825303316116
0.063500997584752028
Iter: 11 loss: 0.0048790299333631992
0.11327269576705401
Iter: 12 loss: 0.0048518110997974873
-1.52546772901499
Iter: 13 loss: 0.0048274295404553413
-2.6097797132761524
Iter: 14 loss: 0.0048239864408969879
-2.9794303670988449
Iter: 15 loss: 0.0048235626891255379
-6.64749897132229
Iter: 1 loss: 0.00076586648356169462
39134827.347266555
Iter: 2 loss: 363498242048
350411.8882910416
Iter: 3 loss: 8913631
-6.6474989726176386
Iter: 4 loss: 0.00076586648356169462
-6.64749897159496
Iter: 5 loss: 0.00076586648356169462
-6.6474989713796173
Iter: 6 loss: 0.00076586648356169462
-6.6474989713340333
Iter: 7 loss: 0.00076586648356169462
-6.6474989713239125
Iter: 8 loss: 0.00076586648356169462
-6.6474989713223422
Iter: 9 loss: 0.00076586648356169462
-6.6474989713226513
Iter: 10 loss: 0.00076586648356169462
-6.6474989713228982
Iter: 11 loss: 0.00076586648356169462
-6.647498971322662
Iter: 12 loss: 0.00076586648356169462
-6.64749897132276
Iter: 13 loss: 0.00076586648356169462
-6.6474989713227224
Iter: 14 loss: 0.00076586648356169462
-6.64749897132266
Iter: 15 loss: 0.00076586648356169462
Iter: 1 loss: 0.00010700052371248603
Iter: 2 loss: 0.0027756365016102791
Iter: 3 loss: 0.00029511016327887774
Iter: 4 loss: 0.00010676703823264688
6.3475362137486426
Iter: 1 loss: 0.0047413799911737442
-5749.13493601597
Iter: 2 loss: 164.3411865234375
-1.6750326434529805
Iter: 3 loss: 0.0047908513806760311
3.55690872151526
Iter: 4 loss: 0.0047216592356562614
3.0919528836321724
Iter: 5 loss: 0.0046933279372751713
-1.2246324565711268
Iter: 6 loss: 0.0045684617944061756
-1.4951141269162416
Iter: 7 loss: 0.0045645646750926971
-2.5887515065067768
Iter: 8 loss: 0.0045519112609326839
-2.6038569498200479
Iter: 9 loss: 0.004544354509562254
-1.2496860998508086
Iter: 10 loss: 0.00449445191770792
1.2938880637458778
Iter: 11 loss: 0.0044588316231966019
3.5073624936942629
Iter: 12 loss: 0.0044442750513553619
4.20802279376809
Iter: 13 loss: 0.0044408007524907589
4.6102682515019877
Iter: 14 loss: 0.0044375075958669186
5.2882805559861836
Iter: 15 loss: 0.0044286418706178665
6.4834822890719286
Iter: 16 loss: 0.0044075921177864075
7.8846530774624872
Iter: 17 loss: 0.0043732081539928913
7.6164873395689066
Iter: 18 loss: 0.004328601062297821
5.7507354746770041
Iter: 19 loss: 0.00430771429091692
4.7778203704123827
Iter: 20 loss: 0.0043045626953244209
4.1139968848382455
Iter: 21 loss: 0.0043026246130466461
2.8201015731636181
Iter: 22 loss: 0.0042983302846550941
1.1055523782731003
Iter: 23 loss: 0.0042915502563118935
-0.19163057127072314
Iter: 24 loss: 0.0042816391214728355
-0.31922892351486842
Iter: 25 loss: 0.0042758220806717873
0.16675998315693352
Iter: 26 loss: 0.0042744590900838375
0.56049926966471775
Iter: 27 loss: 0.0042738961055874825
-6.8843457661447056
Iter: 1 loss: 0.00058615137822926044
467704.13987096364
Iter: 2 loss: 45058228
-6.8843457661944036
Iter: 3 loss: 0.00058615137822926044
-6.8843457661554961
Iter: 4 loss: 0.00058615137822926044
-6.8843457661466338
Iter: 5 loss: 0.00058615137822926044
-6.8843457661515144
Iter: 6 loss: 0.00058615137822926044
-6.8843457661485061
Iter: 7 loss: 0.00058615137822926044
-6.8843457661506609
Iter: 8 loss: 0.00058615137822926044
-6.8843457661486323
Iter: 9 loss: 0.00058615137822926044
-6.8843457661504113
Iter: 10 loss: 0.00058615137822926044
-6.8843457661506546
Iter: 11 loss: 0.00058615137822926044
Iter: 1 loss: 0.00011762267968151718
Iter: 2 loss: 0.49709433317184448
Iter: 3 loss: 0.00011738986358977854
6.9557390355027007
Iter: 1 loss: 0.0078312791883945465
10356.754101613285
Iter: 2 loss: 55.320220947265625
-3080.6041914955445
Iter: 3 loss: 51.277297973632812
-148.39471015653518
Iter: 4 loss: 0.099346458911895752
-8.9728600681964465
Iter: 5 loss: 0.00652161194011569
-9.5910165735237989
Iter: 6 loss: 0.006508577149361372
-10.686438487606406
Iter: 7 loss: 0.0064621670171618462
-11.407132235211794
Iter: 8 loss: 0.0063640517182648182
-10.483632654704412
Iter: 9 loss: 0.0061653442680835724
-6.0908030048347763
Iter: 10 loss: 0.0059072012081742287
2.1133562113736959
Iter: 11 loss: 0.00561813497915864
5.1288008776030534
Iter: 12 loss: 0.005576420109719038
5.6925229144056324
Iter: 13 loss: 0.0055611100979149342
6.82601091059723
Iter: 14 loss: 0.005498882383108139
6.5282613134319458
Iter: 15 loss: 0.0054405047558248043
3.8447750821003184
Iter: 16 loss: 0.0053342361934483051
-2.9846288863042978
Iter: 17 loss: 0.0052046896889805794
-6.3049550544253119
Iter: 18 loss: 0.00516634713858366
-7.88194031580883
Iter: 19 loss: 0.0051474757492542267
-7.7422772961728779
Iter: 20 loss: 0.005142739973962307
-7.4379461299039349
Iter: 21 loss: 0.0051420275121927261
-6.8871299619189665
Iter: 1 loss: 0.00058393413200974464
2472.3594857263693
Iter: 2 loss: 13945.28125
-6.8871311870226464
Iter: 3 loss: 0.00058393413200974464
-6.8871302204600022
Iter: 4 loss: 0.00058393413200974464
-6.8871300164797127
Iter: 5 loss: 0.00058393413200974464
-6.8871299734333862
Iter: 6 loss: 0.00058393413200974464
-6.8871299643486079
Iter: 7 loss: 0.00058393413200974464
-6.8871299624321889
Iter: 8 loss: 0.00058393413200974464
-6.887129962027486
Iter: 9 loss: 0.00058393413200974464
-6.88712996194184
Iter: 10 loss: 0.00058393413200974464
-6.8871299619241277
Iter: 11 loss: 0.00058393413200974464
-6.8871299619191149
Iter: 12 loss: 0.00058393413200974464
-6.8871299619230486
Iter: 13 loss: 0.00058393413200974464
-6.8871299619233017
Iter: 14 loss: 0.00058393413200974464
-6.8871299619230708
Iter: 15 loss: 0.00058393413200974464
-6.887129961923284
Iter: 16 loss: 0.00058393413200974464
-6.8871299619230957
Iter: 17 loss: 0.00058393413200974464
Iter: 1 loss: 9.6378003945574164e-05
Iter: 2 loss: 0.33036470413208008
Iter: 3 loss: 9.6329931693617254e-05
-1.146160663222116
Iter: 1 loss: 0.006307119969278574
9217.2247813621452
Iter: 2 loss: 46.439716339111328
-995.37633322890952
Iter: 3 loss: 7.0724668502807617
-10.917296639854783
Iter: 4 loss: 0.00585106760263443
-9.44026472214047
Iter: 5 loss: 0.0058167125098407269
-7.5989389867804782
Iter: 6 loss: 0.0057589542120695114
-4.0161381764191262
Iter: 7 loss: 0.0056173587217926979
-0.26217122241482183
Iter: 8 loss: 0.0054241577163338661
0.7935510631903564
Iter: 9 loss: 0.0052669988945126534
-0.029490172166407147
Iter: 10 loss: 0.0052473484538495541
-0.44732122153069631
Iter: 11 loss: 0.0052458178251981735
-0.66231234320176036
Iter: 12 loss: 0.0052448064088821411
-1.0215717087764291
Iter: 13 loss: 0.0052415225654840469
-1.4093741621060973
Iter: 14 loss: 0.0052334358915686607
-1.5410118221476949
Iter: 15 loss: 0.0052151326090097427
-0.74773821975187016
Iter: 16 loss: 0.0051821894012391567
1.118643792982178
Iter: 17 loss: 0.0051360968500375748
2.9674686009358919
Iter: 18 loss: 0.0050693536177277565
4.5773538616744212
Iter: 19 loss: 0.0049971970729529858
4.2257646669310862
Iter: 20 loss: 0.0049582533538341522
2.2485409856344241
Iter: 21 loss: 0.0049218768253922462
-1.157267148876014
Iter: 22 loss: 0.0048905364237725735
-2.3603683920516056
Iter: 23 loss: 0.0048869955353438854
-2.4373546517328579
Iter: 24 loss: 0.0048867636360228062
-5.9523227104000975
Iter: 1 loss: 0.00056621641851961613
375329.93253896094
Iter: 2 loss: 29440006
3748769.1592959766
Iter: 3 loss: 2636856832
-5.9523227104000984
Iter: 4 loss: 0.00056621641851961613
Iter: 1 loss: 0.00010468370601302013
Iter: 2 loss: 0.50245916843414307
Iter: 3 loss: 0.00010457746975589544
-3.6820237852875666
Iter: 1 loss: 0.0061262845993041992
7332.0699475082392
Iter: 2 loss: 45.329948425292969
-254.7924260964208
Iter: 3 loss: 0.29760569334030151
-6.0118594122062889
Iter: 4 loss: 0.0060977083630859852
-6.2318120015674179
Iter: 5 loss: 0.0060896482318639755
-7.111962609936084
Iter: 6 loss: 0.00606159120798111
-9.6886120378665836
Iter: 7 loss: 0.0059449253603816032
-9.5271573184069567
Iter: 8 loss: 0.0058991992846131325
-8.7889053722505555
Iter: 9 loss: 0.0058761960826814175
-8.2230197873254554
Iter: 10 loss: 0.0058600553311407566
-7.2372205631087283
Iter: 11 loss: 0.0058164037764072418
-6.1745083727345458
Iter: 12 loss: 0.0057260538451373577
-5.6349963085972394
Iter: 13 loss: 0.0055579012259840965
-6.9081241596052418
Iter: 14 loss: 0.0053679412230849266
-9.3515425102650962
Iter: 15 loss: 0.0052704080007970333
-10.512536571163146
Iter: 16 loss: 0.0052538840100169182
-10.669286385501673
Iter: 17 loss: 0.0052529275417327881
-1.7533788892021702
Iter: 1 loss: 0.000718090683221817
619374.6765211781
Iter: 2 loss: 64374300
-1.7533788892118909
Iter: 3 loss: 0.000718090683221817
-1.7533788892036231
Iter: 4 loss: 0.000718090683221817
-1.7533788892108442
Iter: 5 loss: 0.000718090683221817
-1.7533788892052729
Iter: 6 loss: 0.000718090683221817
-1.7533788892047746
Iter: 7 loss: 0.000718090683221817
-1.7533788892036153
Iter: 8 loss: 0.000718090683221817
Iter: 1 loss: 0.00011728201934602112
Iter: 2 loss: 0.0028302543796598911
Iter: 3 loss: 0.00016053924628067762
Iter: 4 loss: 0.00011711967817973346
-10.835725451884835
Iter: 1 loss: 0.004985220730304718
9643.1571677871925
Iter: 2 loss: 53.700881958007812
-397.53906845566053
Iter: 3 loss: 0.7741236686706543
-13.512007703805569
Iter: 4 loss: 0.0049420567229390144
-13.743542304376227
Iter: 5 loss: 0.0049407752230763435
-14.000550357439224
Iter: 6 loss: 0.0049378899857401848
-14.229880145453222
Iter: 7 loss: 0.0049305716529488564
-14.077356434756013
Iter: 8 loss: 0.0049154758453369141
-12.969890904976795
Iter: 9 loss: 0.00489184632897377
-11.052152062624366
Iter: 10 loss: 0.0048636626452207565
-9.0104745951806109
Iter: 11 loss: 0.0048443209379911423
-8.343932583729984
Iter: 12 loss: 0.0048376042395830154
-7.9338448356540923
Iter: 13 loss: 0.0048290425911545753
-7.6648517462602745
Iter: 14 loss: 0.0048125195316970348
-7.76590804409978
Iter: 15 loss: 0.0047826929949223995
-8.6279598356391674
Iter: 16 loss: 0.0047479313798248768
-9.825363493352457
Iter: 17 loss: 0.0047309715300798416
-10.34616128304368
Iter: 18 loss: 0.004728107713162899
-10.45077223244745
Iter: 19 loss: 0.0047276709228754044
-4.9428920512035965
Iter: 1 loss: 0.00065456132870167494
526695289.22894824
Iter: 2 loss: 67705008816128
-4.9428920512035965
Iter: 3 loss: 0.00065456132870167494
Iter: 1 loss: 0.00011866975546581671
Iter: 2 loss: 0.51146996021270752
Iter: 3 loss: 0.00011843116953969002
-7.0353560204306635
Iter: 1 loss: 0.0056094815954566
10348.913038621689
Iter: 2 loss: 61.930030822753906
-391.46727652535378
Iter: 3 loss: 0.76702797412872314
-9.2336007144910841
Iter: 4 loss: 0.0055804988369345665
-9.3969072236283164
Iter: 5 loss: 0.005579093936830759
-9.7049887310596876
Iter: 6 loss: 0.0055729602463543415
-9.7065627094901359
Iter: 7 loss: 0.005561665166169405
-8.871697102084
Iter: 8 loss: 0.0055407630279660225
-7.0125404694211912
Iter: 9 loss: 0.0055184378288686275
-5.2832708881173192
Iter: 10 loss: 0.0055030751973390579
-4.1357372845667362
Iter: 11 loss: 0.0054954914376139641
-3.7553101763903789
Iter: 12 loss: 0.0054911193437874317
-3.2260462823113834
Iter: 13 loss: 0.0054796948097646236
-2.7683853670154948
Iter: 14 loss: 0.005459468811750412
-2.6428209671954912
Iter: 15 loss: 0.0054288455285131931
-3.7467222143062644
Iter: 16 loss: 0.0053675901144742966
-7.330299085999032
Iter: 17 loss: 0.0053145503625273705
-8.7488299449070883
Iter: 18 loss: 0.005308195948600769
-9.1927083167176047
Iter: 19 loss: 0.0053069526329636574
-9.23992455131406
Iter: 20 loss: 0.0053044399246573448
-9.1047502032248353
Iter: 21 loss: 0.0052975770086050034
-8.9928888753097951
Iter: 22 loss: 0.0052921436727046967
-8.7391577923285091
Iter: 23 loss: 0.0052700294181704521
-8.6596137329435443
Iter: 24 loss: 0.0052330964244902134
-9.0634552894831977
Iter: 25 loss: 0.0051794340834021568
-9.826792329854209
Iter: 26 loss: 0.0051409546285867691
-9.96553300952488
Iter: 27 loss: 0.0051273228600621223
-9.8747586602234421
Iter: 28 loss: 0.0051251631230115891
-9.7601714462265612
Iter: 29 loss: 0.0051240031607449055
-9.29092170855451
Iter: 30 loss: 0.0051200189627707005
-8.2565547149481642
Iter: 31 loss: 0.005112270824611187
-6.2122449839933012
Iter: 32 loss: 0.0050986879505217075
-3.9523017036223469
Iter: 33 loss: 0.00508462730795145
-2.8465542019059251
Iter: 34 loss: 0.00507805310189724
-2.8692679887549648
Iter: 35 loss: 0.0050770328380167484
-2.9869754003291225
Iter: 36 loss: 0.0050769587978720665
-4.8561733980781474
Iter: 1 loss: 0.00069286953657865524
8596109.08058576
Iter: 2 loss: 17943719936
118761.55332938136
Iter: 3 loss: 499956.1875
-4.8561734337991522
Iter: 4 loss: 0.00069286953657865524
-4.8561734056152766
Iter: 5 loss: 0.00069286953657865524
-4.8561733996689833
Iter: 6 loss: 0.00069286953657865524
-4.856173398415061
Iter: 7 loss: 0.00069286953657865524
-4.8561733981493864
Iter: 8 loss: 0.00069286953657865524
-4.8561733980935884
Iter: 9 loss: 0.00069286953657865524
-4.8561733980810038
Iter: 10 loss: 0.00069286953657865524
-4.8561733980782593
Iter: 11 loss: 0.00069286953657865524
-4.8561733980805872
Iter: 12 loss: 0.00069286953657865524
-4.8561733980809709
Iter: 13 loss: 0.00069286953657865524
-4.856173398080589
Iter: 14 loss: 0.00069286953657865524
-4.856173398080589
Iter: 15 loss: 0.00069286953657865524
Iter: 1 loss: 0.00011054796050302684
Iter: 2 loss: 0.0026115961372852325
Iter: 3 loss: 0.00012029878416797146
Iter: 4 loss: 0.00011036930663976818
-4.5693172190996387
Iter: 1 loss: 0.0052747773006558418
2999.3228297809319
Iter: 2 loss: 18.603116989135742
68.437802403277
Iter: 3 loss: 0.04203350841999054
-3.4483561043303053
Iter: 4 loss: 0.0052658692002296448
-3.6700617966220044
Iter: 5 loss: 0.00525206932798028
-4.5572600570758262
Iter: 6 loss: 0.0052011492662131786
-10.423211503434063
Iter: 7 loss: 0.0050081904046237469
-10.71322665381523
Iter: 8 loss: 0.0049695177003741264
-5.5523606575475668
Iter: 9 loss: 0.0046338126994669437
-12.047486369641152
Iter: 10 loss: 0.0052097379229962826
-6.7054816650837754
Iter: 11 loss: 0.0046050017699599266
-2.9671252645020232
Iter: 12 loss: 0.0045686294324696064
-1.3755619115821145
Iter: 13 loss: 0.0045616822317242622
-0.63149515335029083
Iter: 14 loss: 0.0045574875548481941
1.3186018741523751
Iter: 15 loss: 0.0045438958331942558
3.6881217371066373
Iter: 16 loss: 0.0045239436440169811
5.4653008773528251
Iter: 17 loss: 0.0044942176900804043
6.067744369673191
Iter: 18 loss: 0.0044542332179844379
4.8365808686680047
Iter: 19 loss: 0.0044330763630568981
3.5896315707648796
Iter: 20 loss: 0.0044266516342759132
2.7476029897003551
Iter: 21 loss: 0.00442323787137866
2.1510825153424697
Iter: 22 loss: 0.0044205472804605961
1.5970855801349755
Iter: 23 loss: 0.0044174348004162312
0.96287892007233289
Iter: 24 loss: 0.0044136857613921165
-0.43420167786043296
Iter: 25 loss: 0.0044082021340727806
-2.8222047542033306
Iter: 26 loss: 0.0044009657576680183
-4.6487282718768768
Iter: 27 loss: 0.0043962392956018448
-6.3700592397768014
Iter: 28 loss: 0.0043921144679188728
-7.3979768524113831
Iter: 29 loss: 0.0043892012909054756
-7.9874661883875175
Iter: 30 loss: 0.0043856678530573845
-8.36981957919375
Iter: 31 loss: 0.0043802782893180847
-8.303034238966573
Iter: 32 loss: 0.004373832605779171
-7.6627230342432133
Iter: 33 loss: 0.004359798040241003
-6.1090349660087329
Iter: 34 loss: 0.0043381247669458389
-3.523473070109802
Iter: 35 loss: 0.0043159769847989082
-1.7380536327864595
Iter: 36 loss: 0.0043056863360106945
-2.2229204513116012
Iter: 37 loss: 0.0043044667690992355
-2.4721626117371622
Iter: 38 loss: 0.0043043103069067
-8.5221848575632464
Iter: 1 loss: 0.00061346963047981262
221443.21837770037
Iter: 2 loss: 6862373.5
208414.98055881177
Iter: 3 loss: 2161512.75
-8.5221848620989658
Iter: 4 loss: 0.00061346963047981262
-8.5221848585214772
Iter: 5 loss: 0.00061346963047981262
-8.522184857766046
Iter: 6 loss: 0.00061346963047981262
-8.5221848576052022
Iter: 7 loss: 0.00061346963047981262
-8.52218485757217
Iter: 8 loss: 0.00061346963047981262
-8.5221848575652466
Iter: 9 loss: 0.00061346963047981262
-8.5221848575700569
Iter: 10 loss: 0.00061346963047981262
-8.5221848575656161
Iter: 11 loss: 0.00061346963047981262
-8.5221848575695986
Iter: 12 loss: 0.00061346963047981262
-8.5221848575658
Iter: 13 loss: 0.00061346963047981262
-8.5221848575656143
Iter: 14 loss: 0.00061346963047981262
-8.5221848575656125
Iter: 15 loss: 0.00061346963047981262
Iter: 1 loss: 0.00012149011308792979
Iter: 2 loss: 0.514701247215271
Iter: 3 loss: 0.00012125994544476271
-10.345179909841056
Iter: 1 loss: 0.0046081840991973877
3052.5569862894849
Iter: 2 loss: 23.771221160888672
99.988963459500326
Iter: 3 loss: 0.059648826718330383
-9.7798720844861258
Iter: 4 loss: 0.0046067181974649429
-9.74270804644512
Iter: 5 loss: 0.0046057887375354767
-9.5940628191036073
Iter: 6 loss: 0.0046021812595427036
-8.9996568276684616
Iter: 7 loss: 0.0045894887298345566
-6.430563796223316
Iter: 8 loss: 0.0045547522604465485
-5.8991662500058375
Iter: 9 loss: 0.004537275992333889
-6.3092611669190681
Iter: 10 loss: 0.0044820532202720642
-8.21443158135199
Iter: 11 loss: 0.0044658640399575233
-9.63087668945296
Iter: 12 loss: 0.0044589140452444553
-10.864243658846807
Iter: 13 loss: 0.00445210188627243
-12.628764868938728
Iter: 14 loss: 0.0044391555711627007
-13.225907920934819
Iter: 15 loss: 0.0044252318330109119
-13.454380283879161
Iter: 16 loss: 0.0044158855453133583
-12.323643916836684
Iter: 17 loss: 0.0044087241403758526
-10.63872990156411
Iter: 18 loss: 0.0044018030166625977
-9.2722936746438016
Iter: 19 loss: 0.0043940441682934761
-7.8564475506865117
Iter: 20 loss: 0.0043805642053484917
-7.852397403096731
Iter: 21 loss: 0.00437477882951498
-8.2587755212541438
Iter: 22 loss: 0.0043731140904128551
-8.5170755519774968
Iter: 23 loss: 0.004372231662273407
-7.22870801751367
Iter: 1 loss: 0.00071898725582286716
34765.436518336021
Iter: 2 loss: 119190.875
-7.2287081656548828
Iter: 3 loss: 0.00071898725582286716
-7.2287080487766184
Iter: 4 loss: 0.00071898725582286716
-7.22870802411129
Iter: 5 loss: 0.00071898725582286716
-7.2287080189063158
Iter: 6 loss: 0.00071898725582286716
-7.22870801780693
Iter: 7 loss: 0.00071898725582286716
-7.22870801757556
Iter: 8 loss: 0.00071898725582286716
-7.2287080175269391
Iter: 9 loss: 0.00071898725582286716
-7.2287080175161282
Iter: 10 loss: 0.00071898725582286716
-7.2287080175232248
Iter: 11 loss: 0.00071898725582286716
-7.2287080175181426
Iter: 12 loss: 0.00071898725582286716
-7.228708017516178
Iter: 13 loss: 0.00071898725582286716
-7.22870801751813
Iter: 14 loss: 0.00071898725582286716
Iter: 1 loss: 0.00010529167047934607
Iter: 2 loss: 0.48498260974884033
Iter: 3 loss: 0.00010520461364649236
1.6302497529342193
Iter: 1 loss: 0.0048717409372329712
9618.4333075821578
Iter: 2 loss: 48.820350646972656
-1127.2751100517189
Iter: 3 loss: 7.0301322937011719
-6.0293188158122177
Iter: 4 loss: 0.0046133929863572121
-5.4729936782712212
Iter: 5 loss: 0.0046104765497148037
-5.0747005800717195
Iter: 6 loss: 0.0046074911952018738
-3.8880873423920583
Iter: 7 loss: 0.0045961812138557434
-2.3263194584238591
Iter: 8 loss: 0.0045774085447192192
-0.658725959814394
Iter: 9 loss: 0.0045511210337281227
-1.0072850652511263
Iter: 10 loss: 0.0045264605432748795
-1.4327959124686853
Iter: 11 loss: 0.0045236600562930107
-1.6596316067444363
Iter: 12 loss: 0.0045221392065286636
-2.4107591359538043
Iter: 13 loss: 0.0045154034160077572
-3.1544909136416761
Iter: 14 loss: 0.0045053134672343731
-3.6525511279242533
Iter: 15 loss: 0.0044915410690009594
-3.2768766968151044
Iter: 16 loss: 0.0044834967702627182
-2.840927099853003
Iter: 17 loss: 0.004481966607272625
-2.7216839268118767
Iter: 18 loss: 0.0044818781316280365
-6.8380399289362011
Iter: 1 loss: 0.0006797396345064044
875082.7466506185
Iter: 2 loss: 118239552
-6.8380399289955323
Iter: 3 loss: 0.0006797396345064044
-6.8380399289486089
Iter: 4 loss: 0.0006797396345064044
-6.8380399289387892
Iter: 5 loss: 0.0006797396345064044
-6.8380399289362153
Iter: 6 loss: 0.0006797396345064044
-6.8380399289364791
Iter: 7 loss: 0.0006797396345064044
-6.8380399289384748
Iter: 8 loss: 0.0006797396345064044
Iter: 1 loss: 0.00011614205141086131
Iter: 2 loss: 0.0028912848792970181
Iter: 3 loss: 0.00018263791571371257
Iter: 4 loss: 0.00011597570846788585
5.2893053268097585
Iter: 1 loss: 0.0047651608474552631
3064.7470294868226
Iter: 2 loss: 20.302200317382812
726.92573445771609
Iter: 3 loss: 2.3117942810058594
9.2409697048806
Iter: 4 loss: 0.0047151609323918819
8.4431112580643752
Iter: 5 loss: 0.0047081625089049339
7.670449742623056
Iter: 6 loss: 0.0046988567337393761
5.9385866216094856
Iter: 7 loss: 0.0046720672398805618
3.9183688105086514
Iter: 8 loss: 0.004631437361240387
2.685106512175234
Iter: 9 loss: 0.0045896600931882858
3.0091280119168062
Iter: 10 loss: 0.0045752553269267082
3.4345929247887
Iter: 11 loss: 0.0045736753381788731
3.5615761835331115
Iter: 12 loss: 0.0045733842998743057
-8.2962145980856334
Iter: 1 loss: 0.00058577593881636858
446.304867948766
Iter: 2 loss: 0.32918930053710938
16.147882010939984
Iter: 3 loss: 0.0035516184289008379
-7.7388047150559451
Iter: 4 loss: 0.00058391701895743608
-7.8576883686927212
Iter: 5 loss: 0.00058237079065293074
-8.4388904685205919
Iter: 6 loss: 0.00057490996550768614
-7.8039074864550706
Iter: 7 loss: 0.00057395279873162508
Iter: 1 loss: 0.00011082357377745211
Iter: 2 loss: 0.45637097954750061
Iter: 3 loss: 0.00011070047912653536
-3.702866555566886
Iter: 1 loss: 0.0064128893427550793
9584.1625085191281
Iter: 2 loss: 53.843971252441406
-1645.8739948504153
Iter: 3 loss: 21.025100708007812
-38.165859191056313
Iter: 4 loss: 0.010106748901307583
-13.05451035629893
Iter: 5 loss: 0.0058040255680680275
-12.905080556567903
Iter: 6 loss: 0.0057781115174293518
-12.307714813819535
Iter: 7 loss: 0.0056796884164214134
0.67652319602308608
Iter: 8 loss: 0.0049788504838943481
1.0588719835635731
Iter: 9 loss: 0.0049333153292536736
0.084410645510384463
Iter: 10 loss: 0.0048865145072340965
-1.3061322275398615
Iter: 11 loss: 0.0048740468919277191
-2.8440783719217562
Iter: 12 loss: 0.0048643252812325954
-3.8952893961687218
Iter: 13 loss: 0.0048592211678624153
-4.6297131438425261
Iter: 14 loss: 0.0048536695539951324
-6.0578947906560021
Iter: 15 loss: 0.0048370244912803173
-7.9260253841998871
Iter: 16 loss: 0.004802970215678215
-9.990799271237492
Iter: 17 loss: 0.0047396076843142509
-10.594025512513539
Iter: 18 loss: 0.0046681221574544907
-9.0935568465867931
Iter: 19 loss: 0.004629617091268301
-7.66482809101747
Iter: 20 loss: 0.0046226056292653084
-7.2979332020090588
Iter: 21 loss: 0.0046221455559134483
-8.5866835786504883
Iter: 1 loss: 0.00064381503034383059
97396.596076569578
Iter: 2 loss: 887240.5
-8.5866837446219453
Iter: 3 loss: 0.00064381503034383059
-8.5866836136759037
Iter: 4 loss: 0.00064381503034383059
-8.58668358604303
Iter: 5 loss: 0.00064381503034383059
-8.5866835802102948
Iter: 6 loss: 0.00064381503034383059
-8.5866835789797964
Iter: 7 loss: 0.00064381503034383059
-8.5866835787201055
Iter: 8 loss: 0.00064381503034383059
-8.5866835786649887
Iter: 9 loss: 0.00064381503034383059
-8.5866835786528455
Iter: 10 loss: 0.00064381503034383059
-8.58668357866157
Iter: 11 loss: 0.00064381503034383059
-8.5866835786551
Iter: 12 loss: 0.00064381503034383059
-8.5866835786537887
Iter: 13 loss: 0.00064381503034383059
-8.5866835786528419
Iter: 14 loss: 0.00064381503034383059
Iter: 1 loss: 9.7697498858906329e-05
Iter: 2 loss: 0.0026514907367527485
Iter: 3 loss: 0.00023695106210652739
Iter: 4 loss: 9.7550495411269367e-05
-4.476616283374403
Iter: 1 loss: 0.0047231428325176239
2460.4493697810913
Iter: 2 loss: 15.124859809875488
536.27217873547033
Iter: 3 loss: 1.7465198040008545
-1.1790498670294045
Iter: 4 loss: 0.00467743631452322
-2.005917614580528
Iter: 5 loss: 0.0046622292138636112
-3.7711176987549937
Iter: 6 loss: 0.0046221986413002014
-6.4646387874452795
Iter: 7 loss: 0.004548337310552597
-9.4059415768035741
Iter: 8 loss: 0.0044483933597803116
-9.4913617874997342
Iter: 9 loss: 0.0043757744133472443
-8.8369018670056789
Iter: 10 loss: 0.0043690386228263378
-8.56788270696533
Iter: 11 loss: 0.004368082620203495
-8.30733397542401
Iter: 1 loss: 0.0007305253529921174
311868.56818003394
Iter: 2 loss: 13370834
-8.3073339755712556
Iter: 3 loss: 0.0007305253529921174
-8.3073339754547746
Iter: 4 loss: 0.0007305253529921174
-8.3073339754306836
Iter: 5 loss: 0.0007305253529921174
-8.3073339754242053
Iter: 6 loss: 0.0007305253529921174
-8.307333975424017
Iter: 7 loss: 0.0007305253529921174
-8.3073339754241111
Iter: 8 loss: 0.0007305253529921174
-8.3073339754241431
Iter: 9 loss: 0.0007305253529921174
-8.3073339754241058
Iter: 10 loss: 0.0007305253529921174
-8.3073339754241147
Iter: 11 loss: 0.0007305253529921174
Iter: 1 loss: 0.00011790161079261452
Iter: 2 loss: 0.55690783262252808
Iter: 3 loss: 0.00011655500566121191
Iter: 4 loss: 0.00011526439629960805
Iter: 5 loss: 0.00011517763778101653
Iter: 6 loss: 0.00011484128481242806
Iter: 7 loss: 0.00011366257967893034
Iter: 8 loss: 0.00010923103400273249
Iter: 9 loss: 0.00010280562855768949
Iter: 10 loss: 0.00010176527575822547
Iter: 11 loss: 9.4501192506868392e-05
Iter: 12 loss: 9.2138448962941766e-05
Iter: 13 loss: 9.0285509941168129e-05
Iter: 14 loss: 8.8479137048125267e-05
Iter: 15 loss: 8.6291001935023814e-05
Iter: 16 loss: 7.41420517442748e-05
Iter: 17 loss: 6.9754234573338181e-05
Iter: 18 loss: 6.8170804297551513e-05
Iter: 19 loss: 6.7649321863427758e-05
11.932210810561255
Iter: 1 loss: 0.0079107657074928284
10217.88712021748
Iter: 2 loss: 52.5185546875
-11576.658136197357
Iter: 3 loss: 739.25250244140625
8.6403850675193485
Iter: 4 loss: 0.0071553667075932026
-10.967011772160422
Iter: 5 loss: 0.0051361811347305775
-10.43023264059074
Iter: 6 loss: 0.0051341159269213676
-10.344535064085022
Iter: 7 loss: 0.005133443046361208
13.409130872028715
Iter: 1 loss: 0.0019749929197132587
33652.851501784353
Iter: 2 loss: 100894.5390625
7637656834.5671244
Iter: 3 loss: 14239498065936384
13.409130872028712
Iter: 4 loss: 0.0019749929197132587
Iter: 1 loss: 6.2515158788301051e-05
Iter: 2 loss: 0.0027582100592553616
Iter: 3 loss: 0.00042970062349922955
Iter: 4 loss: 6.2129984144121408e-05
-4.65287223073919
Iter: 1 loss: 0.0047372379340231419
2698.2231869078178
Iter: 2 loss: 14.240036010742188
889.46480731225915
Iter: 3 loss: 3.0882401466369629
3.8649201140419138
Iter: 4 loss: 0.0046579004265367985
0.47115066230285985
Iter: 5 loss: 0.004599464125931263
0.11368799827887255
Iter: 6 loss: 0.00459278142079711
-1.3161823077660739
Iter: 7 loss: 0.0045716515742242336
-4.8609323685111008
Iter: 8 loss: 0.0044947769492864609
-9.3412408936455567
Iter: 9 loss: 0.0043947584927082062
-9.1212850563395538
Iter: 10 loss: 0.0043560191988945007
-9.0376897360732631
Iter: 11 loss: 0.0043555321171879768
14.281092237107424
Iter: 1 loss: 0.0019294875673949718
84862.028882429135
Iter: 2 loss: 1241294.125
14.281092217410929
Iter: 3 loss: 0.0019294875673949718
14.281092232951053
Iter: 4 loss: 0.0019294875673949718
14.281092236230606
Iter: 5 loss: 0.0019294875673949718
14.281092236921467
Iter: 6 loss: 0.0019294875673949718
14.281092237068568
Iter: 7 loss: 0.0019294875673949718
14.281092237099084
Iter: 8 loss: 0.0019294875673949718
14.281092237107091
Iter: 9 loss: 0.0019294875673949718
14.281092237101142
Iter: 10 loss: 0.0019294875673949718
14.281092237105527
Iter: 11 loss: 0.0019294875673949718
14.281092237102571
Iter: 12 loss: 0.0019294875673949718
14.281092237104577
Iter: 13 loss: 0.0019294875673949718
14.281092237103918
Iter: 14 loss: 0.0019294875673949718
14.281092237102895
Iter: 15 loss: 0.0019294875673949718
14.281092237103916
Iter: 16 loss: 0.0019294875673949718
Iter: 1 loss: 7.1541857323609293e-05
Iter: 2 loss: 0.52199125289916992
Iter: 3 loss: 7.0861831773072481e-05
2.0706418652436756
Iter: 1 loss: 0.0056002805940806866
9688.644243859304
Iter: 2 loss: 53.647453308105469
-3054.7764480278784
Iter: 3 loss: 56.223365783691406
-103.59931388450562
Iter: 4 loss: 0.05367562547326088
-8.2068816150706336
Iter: 5 loss: 0.00500453682616353
-8.505500862874154
Iter: 6 loss: 0.005000437144190073
-9.4384976392721889
Iter: 7 loss: 0.0049791084602475166
-10.276880485155115
Iter: 8 loss: 0.0049407212063670158
-10.643713881610577
Iter: 9 loss: 0.0048676538281142712
-9.3602313877771621
Iter: 10 loss: 0.0047915540635585785
-6.835933238940421
Iter: 11 loss: 0.004748054314404726
-5.2027421389165855
Iter: 12 loss: 0.0047372858971357346
-4.7287320861762163
Iter: 13 loss: 0.0047345836646854877
-3.8302188633707592
Iter: 14 loss: 0.0047283419407904148
-2.6117325678247445
Iter: 15 loss: 0.0047183912247419357
-1.4470980532174289
Iter: 16 loss: 0.0047030588611960411
-0.98047477044914144
Iter: 17 loss: 0.0046912161633372307
-1.2313753870130502
Iter: 18 loss: 0.0046858144924044609
-1.7295803393273084
Iter: 19 loss: 0.0046795359812676907
-2.5599355387378973
Iter: 20 loss: 0.0046664578840136528
-3.742146165948633
Iter: 21 loss: 0.00463909050449729
-4.7461991143338835
Iter: 22 loss: 0.0045962454751133919
-2.8626409598294527
Iter: 23 loss: 0.004553395789116621
-3.0038177900943785
Iter: 24 loss: 0.0045461500994861126
-3.0511037312558766
Iter: 25 loss: 0.0045453887432813644
21.375461840660776
Iter: 1 loss: 0.0022482937201857567
59784.151037968513
Iter: 2 loss: 708845.875
261302.5929818342
Iter: 3 loss: 3064905.75
21.375461839294992
Iter: 4 loss: 0.0022482937201857567
21.375461840372459
Iter: 5 loss: 0.0022482937201857567
21.375461840600394
Iter: 6 loss: 0.0022482937201857567
21.37546184064794
Iter: 7 loss: 0.0022482937201857567
21.375461840658296
Iter: 8 loss: 0.0022482937201857567
21.375461840652111
Iter: 9 loss: 0.0022482937201857567
21.375461840656751
Iter: 10 loss: 0.0022482937201857567
21.375461840652822
Iter: 11 loss: 0.0022482937201857567
21.37546184065247
Iter: 12 loss: 0.0022482937201857567
21.37546184065274
Iter: 13 loss: 0.0022482937201857567
21.375461840652566
Iter: 14 loss: 0.0022482937201857567
21.375461840652743
Iter: 15 loss: 0.0022482937201857567
Iter: 1 loss: 5.4317999456543475e-05
Iter: 2 loss: 0.0011629504151642323
Iter: 3 loss: 7.4901465268339962e-05
Iter: 4 loss: 5.4279575124382973e-05
-14.410271659279733
Iter: 1 loss: 0.0045831212773919106
2522.2982406833526
Iter: 2 loss: 13.761799812316895
1270.3236919859469
Iter: 3 loss: 6.0517368316650391
12.522099343832027
Iter: 4 loss: 0.0057669356465339661
-4.9649850907146718
Iter: 5 loss: 0.0040920567698776722
-4.9830420088831717
Iter: 6 loss: 0.0040918886661529541
-5.0552705530610975
Iter: 7 loss: 0.0040912292897701263
-5.3441986554382668
Iter: 8 loss: 0.0040888194926083088
-6.755948587632437
Iter: 9 loss: 0.0040796929970383644
-6.6403037943952476
Iter: 10 loss: 0.0040760617703199387
-3.8044238093777247
Iter: 11 loss: 0.0040479451417922974
2.9979345556022672
Iter: 12 loss: 0.00411013700067997
-2.7022090541374331
Iter: 13 loss: 0.0040455218404531479
-1.0882336424285539
Iter: 14 loss: 0.00404026685282588
-0.13765001757007311
Iter: 15 loss: 0.0040374286472797394
0.758793089352019
Iter: 16 loss: 0.0040338113903999329
1.8109316461991383
Iter: 17 loss: 0.004027477465569973
2.6098648379759295
Iter: 18 loss: 0.0040185563266277313
2.2194208035412597
Iter: 19 loss: 0.0040078680031001568
1.1711166942385081
Iter: 20 loss: 0.00400470569729805
0.67545919410719535
Iter: 21 loss: 0.0040039969608187675
15.000371115011115
Iter: 1 loss: 0.0017423405079171062
29416.404218616433
Iter: 2 loss: 315738.75
326810.62562603317
Iter: 3 loss: 10331795
19985.456357555227
Iter: 4 loss: 2370.493408203125
-76.35071368324472
Iter: 5 loss: 0.055873975157737732
13.757813561281612
Iter: 6 loss: 0.0017231550300493836
12.198451320373856
Iter: 7 loss: 0.0017088674940168858
11.083847620187154
Iter: 8 loss: 0.0016959699569270015
6.3110358213814948
Iter: 9 loss: 0.0016346332849934697
-1.5184235413200105
Iter: 10 loss: 0.0015252187149599195
-14.82729020783081
Iter: 11 loss: 0.0013271463103592396
-22.84873264302821
Iter: 12 loss: 0.0011291576083749533
-22.139105563206986
Iter: 13 loss: 0.00106533442158252
-19.69576941477321
Iter: 14 loss: 0.0010593968909233809
-18.428963286731538
Iter: 15 loss: 0.0010584478732198477
Iter: 1 loss: 6.4686726545915008e-05
Iter: 2 loss: 0.48573434352874756
Iter: 3 loss: 6.46268599666655e-05
4.9527430456821522
Iter: 1 loss: 0.0052484367042779922
9862.4307864762377
Iter: 2 loss: 50.262214660644531
-4051.2201303769148
Iter: 3 loss: 103.11323547363281
-219.49098818406276
Iter: 4 loss: 0.25978666543960571
-3.3629064505732433
Iter: 5 loss: 0.0048244432546198368
-3.8851269442626881
Iter: 6 loss: 0.0048155137337744236
-4.2848128335297613
Iter: 7 loss: 0.0047955242916941643
-3.9504587813056871
Iter: 8 loss: 0.00475475937128067
-1.9416891942312686
Iter: 9 loss: 0.004701368510723114
1.6728467951898354
Iter: 10 loss: 0.0046562338247895241
2.7417863264780253
Iter: 11 loss: 0.0046516796573996544
3.021581417800788
Iter: 12 loss: 0.0046499418094754219
3.7335966226595736
Iter: 13 loss: 0.0046433988027274609
4.363505557688109
Iter: 14 loss: 0.0046340650878846645
4.6431035468254764
Iter: 15 loss: 0.004621473141014576
4.2258272943185871
Iter: 16 loss: 0.0046106660738587379
3.279901746590927
Iter: 17 loss: 0.0046025007031857967
2.527041210964271
Iter: 18 loss: 0.004597000777721405
0.957781935184933
Iter: 19 loss: 0.0045831631869077682
-1.5725488909710192
Iter: 20 loss: 0.0045551173388957977
-5.7896327428414907
Iter: 21 loss: 0.0044984789565205574
-10.165703796568105
Iter: 22 loss: 0.0044257650151848793
-11.450008353548249
Iter: 23 loss: 0.0043781488202512264
-10.251319756152521
Iter: 24 loss: 0.0043679764494299889
-9.5481573708223
Iter: 25 loss: 0.0043672807514667511
-20.618735617862669
Iter: 1 loss: 0.0012292714091017842
2402798.2729991316
Iter: 2 loss: 1178985472
4260643.5159662589
Iter: 3 loss: 1846787712
-20.618735617862754
Iter: 4 loss: 0.0012292714091017842
-22.624412350685436
Iter: 5 loss: 0.0012260854709893465
-21.633971856411829
Iter: 6 loss: 0.0012198591139167547
-21.405231522844517
Iter: 7 loss: 0.0012169294059276581
-20.491063147775257
Iter: 8 loss: 0.0012063871836289763
-16.462481299415266
Iter: 9 loss: 0.0011775215389207006
-16.40949339897665
Iter: 10 loss: 0.0011732543352991343
-17.647592571013028
Iter: 11 loss: 0.0011434953194111586
-17.4714153044866
Iter: 12 loss: 0.0011195850092917681
-0.63013694849268787
Iter: 13 loss: 0.0011035795323550701
-11.148215187646761
Iter: 14 loss: 0.0010760691948235035
-13.523130790576248
Iter: 15 loss: 0.0010694671655073762
-14.384247406759386
Iter: 16 loss: 0.0010631425539031625
-14.063789783127342
Iter: 17 loss: 0.0010565968696027994
-12.162185754623659
Iter: 18 loss: 0.0010435216827318072
-7.8796717514618866
Iter: 19 loss: 0.0010251842904835939
-2.4057537903778035
Iter: 20 loss: 0.0010089146671816707
1.6774797267288288
Iter: 21 loss: 0.0009978956077247858
5.0792417228810374
Iter: 22 loss: 0.00098835444077849388
7.1237405319299949
Iter: 23 loss: 0.00098366360180079937
8.009271346907429
Iter: 24 loss: 0.00098056485876441
8.6586619838948238
Iter: 25 loss: 0.00097558449488133192
8.4477676647591551
Iter: 26 loss: 0.00097012554761022329
7.5506365852165533
Iter: 27 loss: 0.00096045510144904256
5.7762522038440363
Iter: 28 loss: 0.00094826350687071681
4.6825255770654275
Iter: 29 loss: 0.00094052485655993223
3.7166516613549625
Iter: 30 loss: 0.0009300055680796504
3.4585660016005177
Iter: 31 loss: 0.00091891793999820948
3.6612908568796172
Iter: 32 loss: 0.00090588442981243134
4.844548877197961
Iter: 33 loss: 0.000895055360160768
5.8703549344111741
Iter: 34 loss: 0.00088942749425768852
6.8264793983563283
Iter: 35 loss: 0.00087795325089246035
5.6189268452073149
Iter: 36 loss: 0.00085977418348193169
2.4571245589044057
Iter: 37 loss: 0.00084618967957794666
0.16413484772078663
Iter: 38 loss: 0.00084182783029973507
-2.2524135860742351
Iter: 39 loss: 0.00083815923426300287
-5.2803840933355239
Iter: 40 loss: 0.00083338975673541427
-10.13727205323331
Iter: 41 loss: 0.0008249043021351099
-15.119253380779137
Iter: 42 loss: 0.00081166613381356
-21.120615951581811
Iter: 43 loss: 0.00078235880937427282
-22.644144996185183
Iter: 44 loss: 0.00075023219687864184
-16.816233185942082
Iter: 45 loss: 0.000705300597473979
-11.18091908050844
Iter: 46 loss: 0.00066135043743997812
7.4631835507061819
Iter: 47 loss: 0.0006552025442942977
-5.85037160192832
Iter: 48 loss: 0.00063311494886875153
-5.6450204026943638
Iter: 49 loss: 0.00063136569224298
-5.601482214174986
Iter: 50 loss: 0.00062844541389495134
-4.0600842565653421
Iter: 51 loss: 0.000626011285930872
-2.746774727614822
Iter: 52 loss: 0.00061832682695239782
1.7857847458677267
Iter: 53 loss: 0.000601185136474669
-0.034154617887276917
Iter: 54 loss: 0.000579309999011457
13.109211361581057
Iter: 55 loss: 0.00054702378110960126
1.3032588806093091
Iter: 56 loss: 0.00051718682516366243
Iter: 1 loss: 6.56229822197929e-05
Iter: 2 loss: 0.0023844111710786819
Iter: 3 loss: 6.7521643359214067e-05
Iter: 4 loss: 6.5548774728085846e-05
-8.2328576782547618
Iter: 1 loss: 0.0045946729369461536
7308.2244087841391
Iter: 2 loss: 39.806922912597656
-343.53531201794533
Iter: 3 loss: 0.62080347537994385
-10.441333488065881
Iter: 4 loss: 0.0045633642002940178
-10.710876916052978
Iter: 5 loss: 0.0045569306239485741
-11.78959253554288
Iter: 6 loss: 0.0045372964814305305
-13.484205191767035
Iter: 7 loss: 0.0044756000861525536
-14.742064346240049
Iter: 8 loss: 0.0043984968215227127
-13.549340667370037
Iter: 9 loss: 0.0043715611100196838
-12.411646475859349
Iter: 10 loss: 0.0043637123890221119
-11.789009694510035
Iter: 11 loss: 0.0043592932634055614
-9.8502866020350162
Iter: 12 loss: 0.0043438286520540714
-8.1590223878071448
Iter: 13 loss: 0.0043275188654661179
-7.5194164044898919
Iter: 14 loss: 0.0042867097072303295
-8.4046746962539611
Iter: 15 loss: 0.004256238229572773
-9.1637608732137643
Iter: 16 loss: 0.0042541231960058212
-9.4276993123516082
Iter: 17 loss: 0.00425386056303978
2.0271324964604336
Iter: 1 loss: 0.00051919865654781461
-1103.1104268871845
Iter: 2 loss: 0.52262341976165771
7.5624765886191092
Iter: 3 loss: 0.00085880100959911942
2.401371835379154
Iter: 4 loss: 0.00051787559641525149
2.0926424555273306
Iter: 5 loss: 0.00051597284618765116
0.65760670599448945
Iter: 6 loss: 0.00051140657160431147
0.11008589285235493
Iter: 7 loss: 0.00051083753351122141
