Iteration 0
Elapsed time for kappa 64.7040 sec
Elapsed time for experts 21.1149 sec
Elapsed time for households 16.2721 sec
Iteration 1
Elapsed time for kappa 34.7752 sec
Elapsed time for experts 16.3999 sec
Elapsed time for households 14.3428 sec
Iteration 2
Elapsed time for kappa 31.9718 sec
Elapsed time for experts 15.2373 sec
Elapsed time for households 9.8233 sec
Iteration 3
Elapsed time for kappa 32.4628 sec
Elapsed time for experts 15.5667 sec
Elapsed time for households 10.8439 sec
Iteration 4
Elapsed time for kappa 31.8546 sec
Elapsed time for experts 15.6812 sec
Elapsed time for households 12.5499 sec
Iteration 5
Elapsed time for kappa 31.7599 sec
Elapsed time for experts 12.6600 sec
Elapsed time for households 10.7799 sec
Iteration 6
Elapsed time for kappa 31.5318 sec
Elapsed time for experts 12.7186 sec
Elapsed time for households 9.7689 sec
Iteration 7
Elapsed time for kappa 38.9457 sec
Elapsed time for experts 12.9277 sec
Elapsed time for households 10.8099 sec
Iteration 8
Elapsed time for kappa 32.3580 sec
Elapsed time for experts 15.3872 sec
Elapsed time for households 10.7783 sec
Iteration 9
Elapsed time for kappa 32.1563 sec
Elapsed time for experts 13.3114 sec
Elapsed time for households 11.3882 sec
Iteration 10
Elapsed time for kappa 32.6006 sec
Elapsed time for experts 12.4669 sec
Elapsed time for households 11.6150 sec
Iteration 11
Elapsed time for kappa 31.4050 sec
Elapsed time for experts 12.4000 sec
Elapsed time for households 10.1074 sec
Iteration 12
Elapsed time for kappa 34.3935 sec
Elapsed time for experts 12.8503 sec
Elapsed time for households 16.7303 sec
Iteration 13
Elapsed time for kappa 32.7544 sec
Elapsed time for experts 14.0207 sec
Elapsed time for households 10.9464 sec
Iteration 14
Elapsed time for kappa 34.9593 sec
Elapsed time for experts 12.1557 sec
Elapsed time for households 10.1480 sec
Iteration 15
Elapsed time for kappa 35.0830 sec
Elapsed time for experts 16.3925 sec
Elapsed time for households 10.7618 sec
Iteration 16
Elapsed time for kappa 31.5618 sec
Elapsed time for experts 13.7860 sec
Elapsed time for households 10.0384 sec
Iteration 17
Elapsed time for kappa 32.0661 sec
Elapsed time for experts 12.4520 sec
Elapsed time for households 10.8988 sec
Iteration 18
Elapsed time for kappa 32.3121 sec
Elapsed time for experts 13.5368 sec
Elapsed time for households 17.9871 sec
Iteration 19
Elapsed time for kappa 32.6522 sec
Elapsed time for experts 14.3271 sec
Elapsed time for households 11.2923 sec
Iteration 20
Elapsed time for kappa 32.4819 sec
Elapsed time for experts 13.2002 sec
Elapsed time for households 9.9430 sec
Iteration 21
Elapsed time for kappa 31.4482 sec
Elapsed time for experts 12.4035 sec
Elapsed time for households 10.2206 sec
Iteration 22
Elapsed time for kappa 34.8256 sec
Elapsed time for experts 13.7852 sec
Elapsed time for households 9.7519 sec
Iteration 23
Elapsed time for kappa 31.5180 sec
Elapsed time for experts 14.0079 sec
Elapsed time for households 10.9532 sec
Iteration 24
Elapsed time for kappa 31.2956 sec
Elapsed time for experts 21.8654 sec
Elapsed time for households 11.4730 sec
Iteration 25
Elapsed time for kappa 32.0460 sec
Elapsed time for experts 13.2382 sec
Elapsed time for households 10.9436 sec
Iteration 26
Elapsed time for kappa 32.2187 sec
Elapsed time for experts 12.5434 sec
Elapsed time for households 10.3829 sec
Iteration 27
Elapsed time for kappa 32.3560 sec
Elapsed time for experts 12.1759 sec
Elapsed time for households 10.0811 sec
Iteration 28
Elapsed time for kappa 31.3785 sec
Elapsed time for experts 12.6883 sec
Elapsed time for households 10.6384 sec
Iteration 29
Elapsed time for kappa 31.4654 sec
Elapsed time for experts 11.8740 sec
Elapsed time for households 10.4255 sec
Iteration 30
Elapsed time for kappa 37.1919 sec
Elapsed time for experts 20.4039 sec
Elapsed time for households 10.5703 sec
Iteration 31
Elapsed time for kappa 32.8184 sec
Elapsed time for experts 12.2349 sec
Elapsed time for households 12.1865 sec
Iteration 32
Elapsed time for kappa 34.9382 sec
Elapsed time for experts 13.2703 sec
Elapsed time for households 10.9338 sec
Iteration 33
Elapsed time for kappa 32.0361 sec
Elapsed time for experts 12.7666 sec
Elapsed time for households 10.8856 sec
Iteration 34
Elapsed time for kappa 31.2855 sec
Elapsed time for experts 13.0880 sec
Elapsed time for households 14.0834 sec
Iteration 35
Elapsed time for kappa 31.3554 sec
Elapsed time for experts 12.5111 sec
Elapsed time for households 10.0599 sec
Iteration 36
Elapsed time for kappa 31.4106 sec
Elapsed time for experts 19.2345 sec
Elapsed time for households 11.2240 sec
Iteration 37
Elapsed time for kappa 32.3472 sec
Elapsed time for experts 12.5344 sec
Elapsed time for households 9.9018 sec
Iteration 38
Elapsed time for kappa 31.4557 sec
Elapsed time for experts 12.2804 sec
Elapsed time for households 10.8797 sec
Iteration 39
Elapsed time for kappa 31.4656 sec
Elapsed time for experts 12.1648 sec
Elapsed time for households 10.1806 sec
Iteration 40
Elapsed time for kappa 31.6573 sec
Elapsed time for experts 12.0187 sec
Elapsed time for households 9.7817 sec
Iteration 41
Elapsed time for kappa 32.4164 sec
Elapsed time for experts 12.5860 sec
Elapsed time for households 10.7586 sec
Iteration 42
Elapsed time for kappa 37.9548 sec
Elapsed time for experts 11.5563 sec
Elapsed time for households 10.1204 sec
Iteration 43
Elapsed time for kappa 31.1203 sec
Elapsed time for experts 11.9604 sec
Elapsed time for households 9.7445 sec
Iteration 44
Elapsed time for kappa 31.3871 sec
Elapsed time for experts 11.3518 sec
Elapsed time for households 11.2840 sec
Iteration 45
Elapsed time for kappa 31.7100 sec
Elapsed time for experts 12.8890 sec
Elapsed time for households 10.1910 sec
Iteration 46
Elapsed time for kappa 34.2238 sec
Elapsed time for experts 11.9620 sec
Elapsed time for households 9.8956 sec
Iteration 47
Elapsed time for kappa 34.7313 sec
Elapsed time for experts 13.0686 sec
Elapsed time for households 9.8592 sec
Iteration 48
Elapsed time for kappa 37.6333 sec
Elapsed time for experts 11.8723 sec
Elapsed time for households 9.7175 sec
Iteration 49
Elapsed time for kappa 34.4067 sec
Elapsed time for experts 12.9061 sec
Elapsed time for households 10.6473 sec
Iteration 50
Elapsed time for kappa 31.1392 sec
Elapsed time for experts 13.0838 sec
Elapsed time for households 9.9785 sec
Iteration 51
Elapsed time for kappa 31.6503 sec
Elapsed time for experts 12.2532 sec
Elapsed time for households 9.6811 sec
Iteration 52
Elapsed time for kappa 30.8814 sec
Elapsed time for experts 13.7006 sec
Elapsed time for households 10.5028 sec
Iteration 53
Elapsed time for kappa 31.0198 sec
Elapsed time for experts 12.4796 sec
Elapsed time for households 10.2933 sec
Iteration 54
Elapsed time for kappa 37.3916 sec
Elapsed time for experts 12.5212 sec
Elapsed time for households 10.7179 sec
Iteration 55
Elapsed time for kappa 34.2234 sec
Elapsed time for experts 13.6941 sec
Elapsed time for households 11.3353 sec
Iteration 56
Elapsed time for kappa 34.8911 sec
Elapsed time for experts 15.0454 sec
Elapsed time for households 12.6319 sec
Iteration 57
Elapsed time for kappa 36.4935 sec
Elapsed time for experts 15.8022 sec
Elapsed time for households 14.7500 sec
Iteration 58
Elapsed time for kappa 39.9102 sec
Elapsed time for experts 16.3982 sec
Elapsed time for households 14.8390 sec
Iteration 59
Elapsed time for kappa 39.3562 sec
Elapsed time for experts 16.1827 sec
Elapsed time for households 14.3861 sec
Iteration 60
Elapsed time for kappa 46.7075 sec
Elapsed time for experts 17.0017 sec
Elapsed time for households 14.1816 sec
Iteration 61
Elapsed time for kappa 39.0472 sec
Elapsed time for experts 16.8284 sec
Elapsed time for households 13.7007 sec
Iteration 62
Elapsed time for kappa 39.3470 sec
Elapsed time for experts 17.6495 sec
Elapsed time for households 13.5671 sec
Iteration 63
Elapsed time for kappa 38.1155 sec
Elapsed time for experts 15.1178 sec
Elapsed time for households 13.2266 sec
Iteration 64
Elapsed time for kappa 37.7256 sec
Elapsed time for experts 15.5596 sec
Elapsed time for households 13.4708 sec
Iteration 65
Elapsed time for kappa 38.1192 sec
Elapsed time for experts 15.5334 sec
Elapsed time for households 13.1908 sec
Iteration 66
Elapsed time for kappa 44.4178 sec
Elapsed time for experts 15.4033 sec
Elapsed time for households 14.0361 sec
Iteration 67
Elapsed time for kappa 38.0707 sec
Elapsed time for experts 15.6616 sec
Elapsed time for households 13.5418 sec
Iteration 68
Elapsed time for kappa 37.6840 sec
Elapsed time for experts 15.5684 sec
Elapsed time for households 13.1248 sec
Iteration 69
Elapsed time for kappa 37.2749 sec
Elapsed time for experts 16.8059 sec
Elapsed time for households 13.0409 sec
Iteration 70
Elapsed time for kappa 36.9174 sec
Elapsed time for experts 14.2130 sec
Elapsed time for households 12.3666 sec
Iteration 71
Elapsed time for kappa 36.0533 sec
Elapsed time for experts 14.5504 sec
Elapsed time for households 19.0456 sec
Iteration 72
Elapsed time for kappa 35.6012 sec
Elapsed time for experts 15.0389 sec
Elapsed time for households 12.5801 sec
Iteration 73
Elapsed time for kappa 34.8684 sec
Elapsed time for experts 14.0517 sec
Elapsed time for households 11.8913 sec
Iteration 74
Elapsed time for kappa 36.7869 sec
Elapsed time for experts 16.1788 sec
Elapsed time for households 13.8692 sec
Iteration 75
Elapsed time for kappa 41.7109 sec
Elapsed time for experts 17.5589 sec
Elapsed time for households 14.4374 sec
Iteration 76
Elapsed time for kappa 43.8446 sec
Elapsed time for experts 17.1214 sec
Elapsed time for households 14.0452 sec
Iteration 77
Elapsed time for kappa 38.1656 sec
Elapsed time for experts 25.4277 sec
Elapsed time for households 13.9417 sec
Iteration 78
Elapsed time for kappa 39.0359 sec
Elapsed time for experts 16.3455 sec
Elapsed time for households 15.0168 sec
Iteration 79
Elapsed time for kappa 37.9952 sec
Elapsed time for experts 15.1518 sec
Elapsed time for households 13.8161 sec
Iteration 80
Elapsed time for kappa 37.9178 sec
Elapsed time for experts 15.5787 sec
Elapsed time for households 14.0068 sec
Iteration 81
Elapsed time for kappa 37.8568 sec
Elapsed time for experts 16.4682 sec
Elapsed time for households 12.9927 sec
Iteration 82
Elapsed time for kappa 37.7457 sec
Elapsed time for experts 16.2938 sec
Elapsed time for households 13.5149 sec
Iteration 83
Elapsed time for kappa 38.3408 sec
Elapsed time for experts 23.2544 sec
Elapsed time for households 13.7849 sec
Iteration 84
Elapsed time for kappa 38.7997 sec
Elapsed time for experts 14.9578 sec
Elapsed time for households 12.5514 sec
Iteration 85
Elapsed time for kappa 39.9772 sec
Elapsed time for experts 15.7313 sec
Elapsed time for households 12.5511 sec
Iteration 86
Elapsed time for kappa 34.8952 sec
Elapsed time for experts 13.4215 sec
Elapsed time for households 12.1394 sec
Iteration 87
Elapsed time for kappa 42.4585 sec
Elapsed time for experts 14.3261 sec
Elapsed time for households 11.3933 sec
Iteration 88
Elapsed time for kappa 35.9135 sec
Elapsed time for experts 14.3059 sec
Elapsed time for households 11.7219 sec
Iteration 89
Elapsed time for kappa 37.3829 sec
Elapsed time for experts 21.8795 sec
Elapsed time for households 12.0779 sec
Iteration 90
Elapsed time for kappa 35.3011 sec
Elapsed time for experts 14.4748 sec
Elapsed time for households 12.8703 sec
Iteration 91
Elapsed time for kappa 35.6253 sec
Elapsed time for experts 13.6722 sec
Elapsed time for households 12.5918 sec
Iteration 92
Elapsed time for kappa 35.3154 sec
Elapsed time for experts 13.8160 sec
Elapsed time for households 11.2847 sec
Iteration 93
Elapsed time for kappa 35.3534 sec
Elapsed time for experts 13.8426 sec
Elapsed time for households 11.0449 sec
Iteration 94
Elapsed time for kappa 34.3935 sec
Elapsed time for experts 13.2497 sec
Elapsed time for households 11.4478 sec
Iteration 95
Elapsed time for kappa 41.7339 sec
Elapsed time for experts 13.5305 sec
Elapsed time for households 12.3071 sec
Iteration 96
Elapsed time for kappa 35.1516 sec
Elapsed time for experts 14.3075 sec
Elapsed time for households 13.2970 sec
Iteration 97
Elapsed time for kappa 35.6591 sec
Elapsed time for experts 13.1563 sec
Elapsed time for households 11.6021 sec
Iteration 98
Elapsed time for kappa 34.7252 sec
Elapsed time for experts 13.2879 sec
Elapsed time for households 11.0580 sec
Iteration 99
Elapsed time for kappa 34.5495 sec
Elapsed time for experts 13.3223 sec
Elapsed time for households 11.0523 sec
Iteration 100
Elapsed time for kappa 34.6551 sec
Elapsed time for experts 14.7496 sec
Elapsed time for households 11.3803 sec
Iteration 101
Elapsed time for kappa 41.8127 sec
Elapsed time for experts 13.5247 sec
Elapsed time for households 11.5640 sec
Iteration 102
Elapsed time for kappa 35.2258 sec
Elapsed time for experts 13.4062 sec
Elapsed time for households 12.5155 sec
Iteration 103
Elapsed time for kappa 35.5226 sec
Elapsed time for experts 17.0320 sec
Elapsed time for households 12.1367 sec
Iteration 104
Elapsed time for kappa 35.0556 sec
Elapsed time for experts 13.7280 sec
Elapsed time for households 12.6409 sec
Iteration 105
Elapsed time for kappa 38.1396 sec
Elapsed time for experts 13.4487 sec
Elapsed time for households 12.4146 sec
Iteration 106
Elapsed time for kappa 34.9158 sec
Elapsed time for experts 14.8753 sec
Elapsed time for households 15.4851 sec
Iteration 107
Elapsed time for kappa 41.9828 sec
Elapsed time for experts 12.9815 sec
Elapsed time for households 12.2902 sec
Iteration 108
Elapsed time for kappa 35.4257 sec
Elapsed time for experts 15.6974 sec
Elapsed time for households 13.3401 sec
Iteration 109
Elapsed time for kappa 35.6149 sec
Elapsed time for experts 14.3574 sec
Elapsed time for households 12.9706 sec
Iteration 110
Elapsed time for kappa 34.4824 sec
Elapsed time for experts 15.1070 sec
Elapsed time for households 12.9081 sec
Iteration 111
Elapsed time for kappa 34.7787 sec
Elapsed time for experts 15.3189 sec
Elapsed time for households 11.7067 sec
Iteration 112
Elapsed time for kappa 34.4297 sec
Elapsed time for experts 14.5135 sec
Elapsed time for households 12.5514 sec
Iteration 113
Elapsed time for kappa 41.5284 sec
Elapsed time for experts 13.5640 sec
Elapsed time for households 12.5382 sec
Iteration 114
Elapsed time for kappa 34.5868 sec
Elapsed time for experts 14.0069 sec
Elapsed time for households 11.4113 sec
Iteration 115
Elapsed time for kappa 34.5224 sec
Elapsed time for experts 14.2094 sec
Elapsed time for households 12.6087 sec
Iteration 116
Elapsed time for kappa 34.2948 sec
Elapsed time for experts 13.5322 sec
Elapsed time for households 13.4036 sec
Iteration 117
Elapsed time for kappa 35.1595 sec
Elapsed time for experts 14.0163 sec
Elapsed time for households 12.8816 sec
Iteration 118
Elapsed time for kappa 34.5191 sec
Elapsed time for experts 14.2769 sec
Elapsed time for households 12.0334 sec
Iteration 119
Elapsed time for kappa 42.7856 sec
Elapsed time for experts 14.6784 sec
Elapsed time for households 11.8295 sec
Iteration 120
Elapsed time for kappa 35.1788 sec
Elapsed time for experts 13.3941 sec
Elapsed time for households 11.4240 sec
Iteration 121
Elapsed time for kappa 34.1912 sec
Elapsed time for experts 13.5542 sec
Elapsed time for households 14.9112 sec
Iteration 122
Elapsed time for kappa 36.6866 sec
Elapsed time for experts 14.7740 sec
Elapsed time for households 11.4218 sec
Iteration 123
Elapsed time for kappa 34.5235 sec
Elapsed time for experts 13.8437 sec
Elapsed time for households 11.2105 sec
Iteration 124
Elapsed time for kappa 33.9060 sec
Elapsed time for experts 20.3280 sec
Elapsed time for households 11.6174 sec
Iteration 125
Elapsed time for kappa 35.5508 sec
Elapsed time for experts 14.8083 sec
Elapsed time for households 11.4476 sec
Iteration 126
Elapsed time for kappa 35.0162 sec
Elapsed time for experts 13.3828 sec
Elapsed time for households 11.4737 sec
Iteration 127
Elapsed time for kappa 34.7692 sec
Elapsed time for experts 14.2133 sec
Elapsed time for households 12.9464 sec
Iteration 128
Elapsed time for kappa 34.8407 sec
Elapsed time for experts 14.3859 sec
Elapsed time for households 11.2243 sec
Iteration 129
Elapsed time for kappa 34.7457 sec
Elapsed time for experts 12.7521 sec
Elapsed time for households 11.3080 sec
Iteration 130
Elapsed time for kappa 35.7474 sec
Elapsed time for experts 21.4185 sec
Elapsed time for households 11.5839 sec
Iteration 131
Elapsed time for kappa 35.9265 sec
Elapsed time for experts 13.3531 sec
Elapsed time for households 11.9125 sec
Iteration 132
Elapsed time for kappa 36.0911 sec
Elapsed time for experts 13.9616 sec
Elapsed time for households 11.4680 sec
Iteration 133
Elapsed time for kappa 34.9849 sec
Elapsed time for experts 14.6674 sec
Elapsed time for households 11.1181 sec
Iteration 134
Elapsed time for kappa 34.8450 sec
Elapsed time for experts 13.5135 sec
Elapsed time for households 12.0807 sec
Iteration 135
Elapsed time for kappa 33.6733 sec
Elapsed time for experts 12.6598 sec
Elapsed time for households 11.6038 sec
Iteration 136
Elapsed time for kappa 34.9079 sec
Elapsed time for experts 20.8983 sec
Elapsed time for households 12.6412 sec
Iteration 137
Elapsed time for kappa 35.0508 sec
Elapsed time for experts 12.9126 sec
Elapsed time for households 12.4541 sec
Iteration 138
Elapsed time for kappa 34.7171 sec
Elapsed time for experts 13.3889 sec
Elapsed time for households 11.3198 sec
Iteration 139
Elapsed time for kappa 34.0252 sec
Elapsed time for experts 12.5883 sec
Elapsed time for households 11.4062 sec
Iteration 140
Elapsed time for kappa 35.0600 sec
Elapsed time for experts 14.2384 sec
Elapsed time for households 11.8558 sec
Iteration 141
Elapsed time for kappa 34.8681 sec
Elapsed time for experts 13.7757 sec
Elapsed time for households 12.3296 sec
Iteration 142
Elapsed time for kappa 35.0518 sec
Elapsed time for experts 19.8316 sec
Elapsed time for households 12.1000 sec
Iteration 143
Elapsed time for kappa 44.8345 sec
Elapsed time for experts 13.6731 sec
Elapsed time for households 12.2137 sec
Iteration 144
Elapsed time for kappa 35.2045 sec
Elapsed time for experts 13.5207 sec
Elapsed time for households 11.7640 sec
Iteration 145
Elapsed time for kappa 34.6250 sec
Elapsed time for experts 13.7510 sec
Elapsed time for households 11.3242 sec
Iteration 146
Elapsed time for kappa 35.2060 sec
Elapsed time for experts 14.6361 sec
Elapsed time for households 11.9501 sec
Iteration 147
Elapsed time for kappa 33.8716 sec
Elapsed time for experts 13.8884 sec
Elapsed time for households 11.3412 sec
Iteration 148
Elapsed time for kappa 41.0798 sec
Elapsed time for experts 14.4477 sec
Elapsed time for households 11.3479 sec
Iteration 149
Elapsed time for kappa 34.4267 sec
Elapsed time for experts 13.6390 sec
Elapsed time for households 11.4707 sec
Iteration 150
Elapsed time for kappa 34.4150 sec
Elapsed time for experts 15.1590 sec
Elapsed time for households 11.1248 sec
Iteration 151
Elapsed time for kappa 34.3151 sec
Elapsed time for experts 13.2642 sec
Elapsed time for households 11.4148 sec
Iteration 152
Elapsed time for kappa 34.3867 sec
Elapsed time for experts 14.8284 sec
Elapsed time for households 11.4842 sec
Iteration 153
Elapsed time for kappa 35.1192 sec
Elapsed time for experts 18.7981 sec
Elapsed time for households 13.2408 sec
Iteration 154
Elapsed time for kappa 42.7169 sec
Elapsed time for experts 13.7070 sec
Elapsed time for households 12.3885 sec
Iteration 155
Elapsed time for kappa 35.6527 sec
Elapsed time for experts 12.8145 sec
Elapsed time for households 11.3078 sec
Iteration 156
Elapsed time for kappa 35.1660 sec
Elapsed time for experts 16.2614 sec
Elapsed time for households 11.5277 sec
Iteration 157
Elapsed time for kappa 34.5123 sec
Elapsed time for experts 14.2744 sec
Elapsed time for households 11.4518 sec
Iteration 158
Elapsed time for kappa 35.6112 sec
Elapsed time for experts 15.3490 sec
Elapsed time for households 11.9981 sec
Iteration 159
Elapsed time for kappa 35.2324 sec
Elapsed time for experts 12.8598 sec
Elapsed time for households 11.3895 sec
Iteration 160
Elapsed time for kappa 42.9195 sec
Elapsed time for experts 14.6357 sec
Elapsed time for households 14.5157 sec
Iteration 161
Elapsed time for kappa 38.1655 sec
Elapsed time for experts 15.2051 sec
Elapsed time for households 12.0109 sec
Iteration 162
Elapsed time for kappa 35.4000 sec
Elapsed time for experts 13.5684 sec
Elapsed time for households 11.4172 sec
Iteration 163
Elapsed time for kappa 34.8555 sec
Elapsed time for experts 13.4889 sec
Elapsed time for households 12.2072 sec
Iteration 164
Elapsed time for kappa 34.1738 sec
Elapsed time for experts 13.4004 sec
Elapsed time for households 11.2667 sec
Iteration 165
Elapsed time for kappa 33.6810 sec
Elapsed time for experts 13.2226 sec
Elapsed time for households 12.3855 sec
Iteration 166
Elapsed time for kappa 42.6295 sec
Elapsed time for experts 13.8494 sec
Elapsed time for households 12.3064 sec
Iteration 167
Elapsed time for kappa 34.9062 sec
Elapsed time for experts 13.7917 sec
Elapsed time for households 11.7957 sec
Iteration 168
Elapsed time for kappa 34.3731 sec
Elapsed time for experts 13.6846 sec
Elapsed time for households 11.6492 sec
Iteration 169
Elapsed time for kappa 34.3349 sec
Elapsed time for experts 12.8402 sec
Elapsed time for households 11.7937 sec
Iteration 170
Elapsed time for kappa 33.9286 sec
Elapsed time for experts 13.8542 sec
Elapsed time for households 12.0415 sec
Iteration 171
Elapsed time for kappa 34.7117 sec
Elapsed time for experts 13.4658 sec
Elapsed time for households 18.2193 sec
Iteration 172
Elapsed time for kappa 35.4330 sec
Elapsed time for experts 13.9581 sec
Elapsed time for households 12.1050 sec
Iteration 173
Elapsed time for kappa 34.8389 sec
Elapsed time for experts 13.7332 sec
Elapsed time for households 12.4625 sec
Iteration 174
Elapsed time for kappa 34.2364 sec
Elapsed time for experts 13.3765 sec
Elapsed time for households 12.0498 sec
Iteration 175
Elapsed time for kappa 33.9253 sec
Elapsed time for experts 14.3480 sec
Elapsed time for households 11.9047 sec
Iteration 176
Elapsed time for kappa 35.2460 sec
Elapsed time for experts 13.6700 sec
Elapsed time for households 12.6113 sec
Iteration 177
Elapsed time for kappa 34.3232 sec
Elapsed time for experts 14.3847 sec
Elapsed time for households 18.5720 sec
Iteration 178
Elapsed time for kappa 35.3289 sec
Elapsed time for experts 13.2702 sec
Elapsed time for households 12.1514 sec
Iteration 179
Elapsed time for kappa 34.5303 sec
Elapsed time for experts 14.6729 sec
Elapsed time for households 12.2397 sec
Iteration 180
Elapsed time for kappa 34.8236 sec
Elapsed time for experts 12.6028 sec
Elapsed time for households 11.8151 sec
Iteration 181
Elapsed time for kappa 36.4413 sec
Elapsed time for experts 20.5681 sec
Elapsed time for households 15.2167 sec
Iteration 182
Elapsed time for kappa 44.1298 sec
Elapsed time for experts 15.9809 sec
Elapsed time for households 13.5655 sec
Iteration 183
Elapsed time for kappa 41.6176 sec
Elapsed time for experts 17.2963 sec
Elapsed time for households 22.5763 sec
Iteration 184
Elapsed time for kappa 40.2321 sec
Elapsed time for experts 17.2067 sec
Elapsed time for households 13.9390 sec
Iteration 185
Elapsed time for kappa 38.3225 sec
Elapsed time for experts 15.1866 sec
Elapsed time for households 13.6669 sec
Iteration 186
Elapsed time for kappa 38.2313 sec
Elapsed time for experts 15.7878 sec
Elapsed time for households 13.4491 sec
Iteration 187
Elapsed time for kappa 38.0981 sec
Elapsed time for experts 16.4712 sec
Elapsed time for households 13.1530 sec
Iteration 188
Elapsed time for kappa 38.0222 sec
Elapsed time for experts 14.9372 sec
Elapsed time for households 13.3292 sec
Iteration 189
Elapsed time for kappa 38.9842 sec
Elapsed time for experts 25.5195 sec
Elapsed time for households 14.4880 sec
Iteration 190
Elapsed time for kappa 37.8466 sec
Elapsed time for experts 12.8167 sec
Elapsed time for households 12.0392 sec
Iteration 191
Elapsed time for kappa 35.8080 sec
Elapsed time for experts 21.6923 sec
Elapsed time for households 15.8267 sec
Iteration 192
Elapsed time for kappa 41.7087 sec
Elapsed time for experts 16.4576 sec
Elapsed time for households 12.0238 sec
Iteration 193
Elapsed time for kappa 35.5156 sec
Elapsed time for experts 14.9236 sec
Elapsed time for households 11.6972 sec
Iteration 194
Elapsed time for kappa 35.2269 sec
Elapsed time for experts 14.3292 sec
Elapsed time for households 11.5306 sec
Iteration 195
Elapsed time for kappa 34.6082 sec
Elapsed time for experts 21.5652 sec
Elapsed time for households 12.0308 sec
Iteration 196
Elapsed time for kappa 45.5152 sec
Elapsed time for experts 17.1855 sec
Elapsed time for households 15.6532 sec
Iteration 197
Elapsed time for kappa 43.7227 sec
Elapsed time for experts 18.0553 sec
Elapsed time for households 14.3964 sec
Iteration 198
Elapsed time for kappa 41.3962 sec
Elapsed time for experts 16.7879 sec
Elapsed time for households 14.2430 sec
Iteration 199
Elapsed time for kappa 41.0872 sec
Elapsed time for experts 17.7697 sec
Elapsed time for households 14.6690 sec
Elapsed time for training 12597.7749 sec
