Iteration 0
Elapsed time for kappa 88.7141 sec
Elapsed time for experts 29.8383 sec
Elapsed time for households 21.8590 sec
Iteration 1
Elapsed time for kappa 51.4990 sec
Elapsed time for experts 22.0716 sec
Elapsed time for households 19.7374 sec
Iteration 2
Elapsed time for kappa 43.2445 sec
Elapsed time for experts 19.6244 sec
Elapsed time for households 17.4957 sec
Iteration 3
Elapsed time for kappa 42.0041 sec
Elapsed time for experts 17.4483 sec
Elapsed time for households 17.0147 sec
Iteration 4
Elapsed time for kappa 42.1189 sec
Elapsed time for experts 17.9859 sec
Elapsed time for households 18.2744 sec
Iteration 5
Elapsed time for kappa 42.9947 sec
Elapsed time for experts 19.7888 sec
Elapsed time for households 12.8253 sec
Iteration 6
Elapsed time for kappa 41.1581 sec
Elapsed time for experts 19.4497 sec
Elapsed time for households 14.4514 sec
Iteration 7
Elapsed time for kappa 51.1279 sec
Elapsed time for experts 16.4205 sec
Elapsed time for households 13.1849 sec
Iteration 8
Elapsed time for kappa 42.8689 sec
Elapsed time for experts 20.3910 sec
Elapsed time for households 14.2344 sec
Iteration 9
Elapsed time for kappa 42.7344 sec
Elapsed time for experts 18.0459 sec
Elapsed time for households 14.4437 sec
Iteration 10
Elapsed time for kappa 42.2686 sec
Elapsed time for experts 20.5911 sec
Elapsed time for households 15.2590 sec
Iteration 11
Elapsed time for kappa 41.5306 sec
Elapsed time for experts 16.6940 sec
Elapsed time for households 15.6382 sec
Iteration 12
Elapsed time for kappa 42.1814 sec
Elapsed time for experts 17.9247 sec
Elapsed time for households 23.3668 sec
Iteration 13
Elapsed time for kappa 43.8118 sec
Elapsed time for experts 17.6231 sec
Elapsed time for households 15.6430 sec
Iteration 14
Elapsed time for kappa 42.9478 sec
Elapsed time for experts 18.0359 sec
Elapsed time for households 15.8819 sec
Iteration 15
Elapsed time for kappa 41.1720 sec
Elapsed time for experts 16.5885 sec
Elapsed time for households 14.7493 sec
Iteration 16
Elapsed time for kappa 42.3090 sec
Elapsed time for experts 16.8872 sec
Elapsed time for households 14.3716 sec
Iteration 17
Elapsed time for kappa 42.6377 sec
Elapsed time for experts 17.0830 sec
Elapsed time for households 15.4455 sec
Iteration 18
Elapsed time for kappa 40.2850 sec
Elapsed time for experts 16.8852 sec
Elapsed time for households 22.8664 sec
Iteration 19
Elapsed time for kappa 43.3058 sec
Elapsed time for experts 17.6075 sec
Elapsed time for households 15.3900 sec
Iteration 20
Elapsed time for kappa 41.9966 sec
Elapsed time for experts 17.3878 sec
Elapsed time for households 13.9429 sec
Iteration 21
Elapsed time for kappa 41.6277 sec
Elapsed time for experts 19.0650 sec
Elapsed time for households 13.8765 sec
Iteration 22
Elapsed time for kappa 41.7510 sec
Elapsed time for experts 17.6771 sec
Elapsed time for households 14.1809 sec
Iteration 23
Elapsed time for kappa 42.4467 sec
Elapsed time for experts 18.5644 sec
Elapsed time for households 16.0820 sec
Iteration 24
Elapsed time for kappa 43.6656 sec
Elapsed time for experts 25.5571 sec
Elapsed time for households 15.2917 sec
Iteration 25
Elapsed time for kappa 40.7438 sec
Elapsed time for experts 16.1415 sec
Elapsed time for households 13.9612 sec
Iteration 26
Elapsed time for kappa 40.9657 sec
Elapsed time for experts 19.3605 sec
Elapsed time for households 13.9185 sec
Iteration 27
Elapsed time for kappa 39.0886 sec
Elapsed time for experts 16.9860 sec
Elapsed time for households 14.2081 sec
Iteration 28
Elapsed time for kappa 41.7564 sec
Elapsed time for experts 19.0330 sec
Elapsed time for households 15.2077 sec
Iteration 29
Elapsed time for kappa 41.5750 sec
Elapsed time for experts 17.7859 sec
Elapsed time for households 14.2187 sec
Iteration 30
Elapsed time for kappa 41.6328 sec
Elapsed time for experts 24.0696 sec
Elapsed time for households 12.8116 sec
Iteration 31
Elapsed time for kappa 38.7243 sec
Elapsed time for experts 15.2206 sec
Elapsed time for households 14.0495 sec
Iteration 32
Elapsed time for kappa 41.6736 sec
Elapsed time for experts 16.5911 sec
Elapsed time for households 14.9640 sec
Iteration 33
Elapsed time for kappa 38.9354 sec
Elapsed time for experts 15.0852 sec
Elapsed time for households 12.7213 sec
Iteration 34
Elapsed time for kappa 40.6145 sec
Elapsed time for experts 17.7795 sec
Elapsed time for households 13.8957 sec
Iteration 35
Elapsed time for kappa 41.6272 sec
Elapsed time for experts 16.3806 sec
Elapsed time for households 14.3546 sec
Iteration 36
Elapsed time for kappa 41.8082 sec
Elapsed time for experts 21.8206 sec
Elapsed time for households 12.7404 sec
Iteration 37
Elapsed time for kappa 39.2863 sec
Elapsed time for experts 14.4648 sec
Elapsed time for households 13.6123 sec
Iteration 38
Elapsed time for kappa 38.9555 sec
Elapsed time for experts 15.4312 sec
Elapsed time for households 13.7744 sec
Iteration 39
Elapsed time for kappa 39.0172 sec
Elapsed time for experts 14.1923 sec
Elapsed time for households 12.5667 sec
Iteration 40
Elapsed time for kappa 39.3940 sec
Elapsed time for experts 14.8556 sec
Elapsed time for households 12.5946 sec
Iteration 41
Elapsed time for kappa 40.9262 sec
Elapsed time for experts 16.4586 sec
Elapsed time for households 13.5733 sec
Iteration 42
Elapsed time for kappa 44.8366 sec
Elapsed time for experts 17.7568 sec
Elapsed time for households 13.1300 sec
Iteration 43
Elapsed time for kappa 38.8617 sec
Elapsed time for experts 15.6141 sec
Elapsed time for households 13.6278 sec
Iteration 44
Elapsed time for kappa 40.2718 sec
Elapsed time for experts 17.4225 sec
Elapsed time for households 14.6523 sec
Iteration 45
Elapsed time for kappa 41.7226 sec
Elapsed time for experts 19.9818 sec
Elapsed time for households 14.3074 sec
Iteration 46
Elapsed time for kappa 41.6641 sec
Elapsed time for experts 16.2953 sec
Elapsed time for households 13.9375 sec
Iteration 47
Elapsed time for kappa 39.3563 sec
Elapsed time for experts 15.5994 sec
Elapsed time for households 13.5978 sec
Iteration 48
Elapsed time for kappa 46.3705 sec
Elapsed time for experts 17.1745 sec
Elapsed time for households 14.3204 sec
Iteration 49
Elapsed time for kappa 41.9927 sec
Elapsed time for experts 16.5161 sec
Elapsed time for households 14.1393 sec
Iteration 50
Elapsed time for kappa 41.6146 sec
Elapsed time for experts 15.6191 sec
Elapsed time for households 12.7642 sec
Iteration 51
Elapsed time for kappa 41.2760 sec
Elapsed time for experts 17.2403 sec
Elapsed time for households 13.9671 sec
Iteration 52
Elapsed time for kappa 41.6886 sec
Elapsed time for experts 16.2125 sec
Elapsed time for households 13.5842 sec
Iteration 53
Elapsed time for kappa 38.9665 sec
Elapsed time for experts 16.2443 sec
Elapsed time for households 14.4681 sec
Iteration 54
Elapsed time for kappa 48.3957 sec
Elapsed time for experts 16.4728 sec
Elapsed time for households 13.8644 sec
Iteration 55
Elapsed time for kappa 42.0895 sec
Elapsed time for experts 15.1364 sec
Elapsed time for households 13.0975 sec
Iteration 56
Elapsed time for kappa 39.2133 sec
Elapsed time for experts 15.3754 sec
Elapsed time for households 13.6338 sec
Iteration 57
Elapsed time for kappa 38.9968 sec
Elapsed time for experts 14.4635 sec
Elapsed time for households 13.2340 sec
Iteration 58
Elapsed time for kappa 40.5382 sec
Elapsed time for experts 16.1364 sec
Elapsed time for households 14.7482 sec
Iteration 59
Elapsed time for kappa 40.6095 sec
Elapsed time for experts 16.3770 sec
Elapsed time for households 13.8732 sec
Iteration 60
Elapsed time for kappa 48.6722 sec
Elapsed time for experts 16.5002 sec
Elapsed time for households 14.0552 sec
Iteration 61
Elapsed time for kappa 42.1411 sec
Elapsed time for experts 16.6662 sec
Elapsed time for households 14.1743 sec
Iteration 62
Elapsed time for kappa 41.9341 sec
Elapsed time for experts 16.8364 sec
Elapsed time for households 14.3208 sec
Iteration 63
Elapsed time for kappa 41.7691 sec
Elapsed time for experts 16.9043 sec
Elapsed time for households 14.6807 sec
Iteration 64
Elapsed time for kappa 41.6046 sec
Elapsed time for experts 15.7886 sec
Elapsed time for households 13.7591 sec
Iteration 65
Elapsed time for kappa 42.1386 sec
Elapsed time for experts 17.0173 sec
Elapsed time for households 14.9171 sec
Iteration 66
Elapsed time for kappa 48.1109 sec
Elapsed time for experts 16.2597 sec
Elapsed time for households 14.6069 sec
Iteration 67
Elapsed time for kappa 41.8339 sec
Elapsed time for experts 16.1498 sec
Elapsed time for households 12.4633 sec
Iteration 68
Elapsed time for kappa 38.7813 sec
Elapsed time for experts 15.3262 sec
Elapsed time for households 14.2960 sec
Iteration 69
Elapsed time for kappa 41.5479 sec
Elapsed time for experts 15.7057 sec
Elapsed time for households 13.1509 sec
Iteration 70
Elapsed time for kappa 39.9985 sec
Elapsed time for experts 18.7444 sec
Elapsed time for households 15.0396 sec
Iteration 71
Elapsed time for kappa 41.4920 sec
Elapsed time for experts 15.8331 sec
Elapsed time for households 20.4364 sec
Iteration 72
Elapsed time for kappa 42.1787 sec
Elapsed time for experts 16.4499 sec
Elapsed time for households 12.5563 sec
Iteration 73
Elapsed time for kappa 40.0362 sec
Elapsed time for experts 17.3894 sec
Elapsed time for households 13.8233 sec
Iteration 74
Elapsed time for kappa 38.6327 sec
Elapsed time for experts 16.7397 sec
Elapsed time for households 14.8765 sec
Iteration 75
Elapsed time for kappa 40.5624 sec
Elapsed time for experts 14.9836 sec
Elapsed time for households 14.9570 sec
Iteration 76
Elapsed time for kappa 41.9995 sec
Elapsed time for experts 17.4752 sec
Elapsed time for households 14.8563 sec
Iteration 77
Elapsed time for kappa 40.9776 sec
Elapsed time for experts 21.2148 sec
Elapsed time for households 15.2676 sec
Iteration 78
Elapsed time for kappa 42.2869 sec
Elapsed time for experts 17.9410 sec
Elapsed time for households 14.7485 sec
Iteration 79
Elapsed time for kappa 41.7848 sec
Elapsed time for experts 14.9037 sec
Elapsed time for households 16.9071 sec
Iteration 80
Elapsed time for kappa 41.8926 sec
Elapsed time for experts 16.2663 sec
Elapsed time for households 12.7389 sec
Iteration 81
Elapsed time for kappa 39.1290 sec
Elapsed time for experts 15.1902 sec
Elapsed time for households 12.6901 sec
Iteration 82
Elapsed time for kappa 41.4757 sec
Elapsed time for experts 16.7674 sec
Elapsed time for households 14.4433 sec
Iteration 83
Elapsed time for kappa 41.6955 sec
Elapsed time for experts 24.1372 sec
Elapsed time for households 14.1487 sec
Iteration 84
Elapsed time for kappa 42.0576 sec
Elapsed time for experts 16.1840 sec
Elapsed time for households 13.9693 sec
Iteration 85
Elapsed time for kappa 41.7013 sec
Elapsed time for experts 16.5794 sec
Elapsed time for households 14.5577 sec
Iteration 86
Elapsed time for kappa 40.2084 sec
Elapsed time for experts 15.4239 sec
Elapsed time for households 12.6712 sec
Iteration 87
Elapsed time for kappa 39.1708 sec
Elapsed time for experts 15.6005 sec
Elapsed time for households 12.6547 sec
Iteration 88
Elapsed time for kappa 40.3899 sec
Elapsed time for experts 17.1156 sec
Elapsed time for households 13.8025 sec
Iteration 89
Elapsed time for kappa 41.9215 sec
Elapsed time for experts 23.4398 sec
Elapsed time for households 14.5623 sec
Iteration 90
Elapsed time for kappa 42.0945 sec
Elapsed time for experts 14.6113 sec
Elapsed time for households 14.3914 sec
Iteration 91
Elapsed time for kappa 40.5258 sec
Elapsed time for experts 17.1506 sec
Elapsed time for households 14.6001 sec
Iteration 92
Elapsed time for kappa 42.0830 sec
Elapsed time for experts 16.1401 sec
Elapsed time for households 13.1545 sec
Iteration 93
Elapsed time for kappa 39.1423 sec
Elapsed time for experts 16.0510 sec
Elapsed time for households 12.9456 sec
Iteration 94
Elapsed time for kappa 40.7691 sec
Elapsed time for experts 15.5088 sec
Elapsed time for households 12.9251 sec
Iteration 95
Elapsed time for kappa 45.7776 sec
Elapsed time for experts 14.4159 sec
Elapsed time for households 13.9594 sec
Iteration 96
Elapsed time for kappa 41.9225 sec
Elapsed time for experts 16.0719 sec
Elapsed time for households 14.0224 sec
Iteration 97
Elapsed time for kappa 41.5607 sec
Elapsed time for experts 17.0664 sec
Elapsed time for households 14.2408 sec
Iteration 98
Elapsed time for kappa 40.9521 sec
Elapsed time for experts 16.9955 sec
Elapsed time for households 13.8792 sec
Iteration 99
Elapsed time for kappa 41.8931 sec
Elapsed time for experts 15.9655 sec
Elapsed time for households 14.2885 sec
Iteration 100
Elapsed time for kappa 41.1881 sec
Elapsed time for experts 14.4897 sec
Elapsed time for households 12.9899 sec
Iteration 101
Elapsed time for kappa 45.7557 sec
Elapsed time for experts 14.3467 sec
Elapsed time for households 13.0692 sec
Iteration 102
Elapsed time for kappa 41.9363 sec
Elapsed time for experts 17.0401 sec
Elapsed time for households 14.2460 sec
Iteration 103
Elapsed time for kappa 40.1438 sec
Elapsed time for experts 16.4574 sec
Elapsed time for households 14.5305 sec
Iteration 104
Elapsed time for kappa 40.7474 sec
Elapsed time for experts 15.7415 sec
Elapsed time for households 15.5725 sec
Iteration 105
Elapsed time for kappa 41.8415 sec
Elapsed time for experts 19.9526 sec
Elapsed time for households 15.0294 sec
Iteration 106
Elapsed time for kappa 39.3611 sec
Elapsed time for experts 15.2207 sec
Elapsed time for households 12.5123 sec
Iteration 107
Elapsed time for kappa 47.4566 sec
Elapsed time for experts 16.3644 sec
Elapsed time for households 14.2240 sec
Iteration 108
Elapsed time for kappa 41.7940 sec
Elapsed time for experts 18.7266 sec
Elapsed time for households 13.9622 sec
Iteration 109
Elapsed time for kappa 39.1353 sec
Elapsed time for experts 15.3253 sec
Elapsed time for households 12.7655 sec
Iteration 110
Elapsed time for kappa 38.8394 sec
Elapsed time for experts 15.5613 sec
Elapsed time for households 13.3946 sec
Iteration 111
Elapsed time for kappa 39.2069 sec
Elapsed time for experts 17.2083 sec
Elapsed time for households 13.3860 sec
Iteration 112
Elapsed time for kappa 40.1005 sec
Elapsed time for experts 17.3596 sec
Elapsed time for households 14.1145 sec
Iteration 113
Elapsed time for kappa 48.9626 sec
Elapsed time for experts 16.7420 sec
Elapsed time for households 13.7629 sec
Iteration 114
Elapsed time for kappa 41.7270 sec
Elapsed time for experts 15.0625 sec
Elapsed time for households 14.2421 sec
Iteration 115
Elapsed time for kappa 42.3935 sec
Elapsed time for experts 15.2094 sec
Elapsed time for households 12.8104 sec
Iteration 116
Elapsed time for kappa 41.2696 sec
Elapsed time for experts 17.2068 sec
Elapsed time for households 14.1616 sec
Iteration 117
Elapsed time for kappa 41.9603 sec
Elapsed time for experts 16.6832 sec
Elapsed time for households 13.6019 sec
Iteration 118
Elapsed time for kappa 41.7007 sec
Elapsed time for experts 16.9856 sec
Elapsed time for households 14.2905 sec
Iteration 119
Elapsed time for kappa 48.6754 sec
Elapsed time for experts 18.4990 sec
Elapsed time for households 15.2112 sec
Iteration 120
Elapsed time for kappa 41.9048 sec
Elapsed time for experts 16.9536 sec
Elapsed time for households 14.3550 sec
Iteration 121
Elapsed time for kappa 39.6952 sec
Elapsed time for experts 15.3785 sec
Elapsed time for households 12.7397 sec
Iteration 122
Elapsed time for kappa 40.4564 sec
Elapsed time for experts 14.9096 sec
Elapsed time for households 12.5627 sec
Iteration 123
Elapsed time for kappa 43.0007 sec
Elapsed time for experts 17.6385 sec
Elapsed time for households 14.0402 sec
Iteration 124
Elapsed time for kappa 40.7867 sec
Elapsed time for experts 24.6827 sec
Elapsed time for households 13.4532 sec
Iteration 125
Elapsed time for kappa 41.1354 sec
Elapsed time for experts 17.1954 sec
Elapsed time for households 14.7263 sec
Iteration 126
Elapsed time for kappa 42.2767 sec
Elapsed time for experts 15.9835 sec
Elapsed time for households 14.6593 sec
Iteration 127
Elapsed time for kappa 41.3859 sec
Elapsed time for experts 15.2905 sec
Elapsed time for households 12.9715 sec
Iteration 128
Elapsed time for kappa 38.7914 sec
Elapsed time for experts 15.4582 sec
Elapsed time for households 13.6660 sec
Iteration 129
Elapsed time for kappa 40.8794 sec
Elapsed time for experts 16.4842 sec
Elapsed time for households 14.8097 sec
Iteration 130
Elapsed time for kappa 41.0219 sec
Elapsed time for experts 22.2550 sec
Elapsed time for households 13.0073 sec
Iteration 131
Elapsed time for kappa 40.7426 sec
Elapsed time for experts 15.8571 sec
Elapsed time for households 13.3529 sec
Iteration 132
Elapsed time for kappa 39.3848 sec
Elapsed time for experts 14.8469 sec
Elapsed time for households 12.8414 sec
Iteration 133
Elapsed time for kappa 38.4266 sec
Elapsed time for experts 16.8610 sec
Elapsed time for households 14.0704 sec
Iteration 134
Elapsed time for kappa 40.4667 sec
Elapsed time for experts 16.1467 sec
Elapsed time for households 13.3266 sec
Iteration 135
Elapsed time for kappa 40.0058 sec
Elapsed time for experts 17.6788 sec
Elapsed time for households 13.8324 sec
Iteration 136
Elapsed time for kappa 40.6284 sec
Elapsed time for experts 23.3643 sec
Elapsed time for households 13.4536 sec
Iteration 137
Elapsed time for kappa 38.1209 sec
Elapsed time for experts 15.4183 sec
Elapsed time for households 13.5662 sec
Iteration 138
Elapsed time for kappa 37.9427 sec
Elapsed time for experts 15.8893 sec
Elapsed time for households 13.0586 sec
Iteration 139
Elapsed time for kappa 38.2410 sec
Elapsed time for experts 14.8869 sec
Elapsed time for households 13.4560 sec
Iteration 140
Elapsed time for kappa 40.1900 sec
Elapsed time for experts 15.4614 sec
Elapsed time for households 13.9807 sec
Iteration 141
Elapsed time for kappa 40.0851 sec
Elapsed time for experts 17.2311 sec
Elapsed time for households 13.9671 sec
Iteration 142
Elapsed time for kappa 40.7340 sec
Elapsed time for experts 25.0862 sec
Elapsed time for households 14.2980 sec
Iteration 143
Elapsed time for kappa 39.4917 sec
Elapsed time for experts 14.4684 sec
Elapsed time for households 13.7482 sec
Iteration 144
Elapsed time for kappa 39.7732 sec
Elapsed time for experts 17.0471 sec
Elapsed time for households 14.1213 sec
Iteration 145
Elapsed time for kappa 39.4121 sec
Elapsed time for experts 15.8771 sec
Elapsed time for households 14.4565 sec
Iteration 146
Elapsed time for kappa 39.2371 sec
Elapsed time for experts 13.8712 sec
Elapsed time for households 13.6127 sec
Iteration 147
Elapsed time for kappa 37.4588 sec
Elapsed time for experts 15.3527 sec
Elapsed time for households 13.2162 sec
Iteration 148
Elapsed time for kappa 45.0331 sec
Elapsed time for experts 15.6706 sec
Elapsed time for households 13.9425 sec
Iteration 149
Elapsed time for kappa 39.0501 sec
Elapsed time for experts 14.3549 sec
Elapsed time for households 12.3639 sec
Iteration 150
Elapsed time for kappa 36.8218 sec
Elapsed time for experts 14.5244 sec
Elapsed time for households 12.3996 sec
Iteration 151
Elapsed time for kappa 36.8502 sec
Elapsed time for experts 14.7806 sec
Elapsed time for households 14.2647 sec
Iteration 152
Elapsed time for kappa 38.2244 sec
Elapsed time for experts 15.4016 sec
Elapsed time for households 12.5245 sec
Iteration 153
Elapsed time for kappa 39.1532 sec
Elapsed time for experts 15.9517 sec
Elapsed time for households 13.7545 sec
Iteration 154
Elapsed time for kappa 45.4517 sec
Elapsed time for experts 16.5397 sec
Elapsed time for households 13.6124 sec
Iteration 155
Elapsed time for kappa 39.1507 sec
Elapsed time for experts 16.7124 sec
Elapsed time for households 14.7654 sec
Iteration 156
Elapsed time for kappa 38.8550 sec
Elapsed time for experts 15.0110 sec
Elapsed time for households 13.4852 sec
Iteration 157
Elapsed time for kappa 38.5588 sec
Elapsed time for experts 15.2421 sec
Elapsed time for households 13.6334 sec
Iteration 158
Elapsed time for kappa 38.1983 sec
Elapsed time for experts 14.8207 sec
Elapsed time for households 13.1720 sec
Iteration 159
Elapsed time for kappa 38.4886 sec
Elapsed time for experts 16.0296 sec
Elapsed time for households 14.3176 sec
Iteration 160
Elapsed time for kappa 43.1869 sec
Elapsed time for experts 15.2292 sec
Elapsed time for households 12.4064 sec
Iteration 161
Elapsed time for kappa 36.2703 sec
Elapsed time for experts 14.5312 sec
Elapsed time for households 12.0601 sec
Iteration 162
Elapsed time for kappa 36.5370 sec
Elapsed time for experts 15.2541 sec
Elapsed time for households 13.7622 sec
Iteration 163
Elapsed time for kappa 38.4365 sec
Elapsed time for experts 16.2924 sec
Elapsed time for households 13.2562 sec
Iteration 164
Elapsed time for kappa 36.4119 sec
Elapsed time for experts 14.7601 sec
Elapsed time for households 13.6950 sec
Iteration 165
Elapsed time for kappa 38.3925 sec
Elapsed time for experts 16.3919 sec
Elapsed time for households 13.1600 sec
Iteration 166
Elapsed time for kappa 46.2379 sec
Elapsed time for experts 16.5785 sec
Elapsed time for households 13.1345 sec
Iteration 167
Elapsed time for kappa 38.5204 sec
Elapsed time for experts 14.4416 sec
Elapsed time for households 14.4124 sec
Iteration 168
Elapsed time for kappa 37.9361 sec
Elapsed time for experts 13.4887 sec
Elapsed time for households 12.0480 sec
Iteration 169
Elapsed time for kappa 37.4269 sec
Elapsed time for experts 15.2575 sec
Elapsed time for households 14.3445 sec
Iteration 170
Elapsed time for kappa 38.1417 sec
Elapsed time for experts 13.7226 sec
Elapsed time for households 12.9901 sec
Iteration 171
Elapsed time for kappa 36.5479 sec
Elapsed time for experts 15.4898 sec
Elapsed time for households 18.8426 sec
Iteration 172
Elapsed time for kappa 39.2848 sec
Elapsed time for experts 16.5113 sec
Elapsed time for households 13.2634 sec
Iteration 173
Elapsed time for kappa 38.3906 sec
Elapsed time for experts 15.6452 sec
Elapsed time for households 14.8016 sec
Iteration 174
Elapsed time for kappa 38.7384 sec
Elapsed time for experts 14.6399 sec
Elapsed time for households 12.1811 sec
Iteration 175
Elapsed time for kappa 39.9770 sec
Elapsed time for experts 16.6428 sec
Elapsed time for households 13.3074 sec
Iteration 176
Elapsed time for kappa 37.3841 sec
Elapsed time for experts 14.9069 sec
Elapsed time for households 11.8671 sec
Iteration 177
Elapsed time for kappa 36.7614 sec
Elapsed time for experts 14.7167 sec
Elapsed time for households 14.0384 sec
Iteration 178
Elapsed time for kappa 46.2916 sec
Elapsed time for experts 13.8958 sec
Elapsed time for households 13.0596 sec
Iteration 179
Elapsed time for kappa 38.8800 sec
Elapsed time for experts 15.6234 sec
Elapsed time for households 14.0127 sec
Iteration 180
Elapsed time for kappa 37.5475 sec
Elapsed time for experts 15.2399 sec
Elapsed time for households 13.2205 sec
Iteration 181
Elapsed time for kappa 38.3684 sec
Elapsed time for experts 16.9013 sec
Elapsed time for households 14.3873 sec
Iteration 182
Elapsed time for kappa 38.7509 sec
Elapsed time for experts 14.9915 sec
Elapsed time for households 13.8185 sec
Iteration 183
Elapsed time for kappa 36.3493 sec
Elapsed time for experts 15.6406 sec
Elapsed time for households 17.8988 sec
Iteration 184
Elapsed time for kappa 37.8208 sec
Elapsed time for experts 16.5811 sec
Elapsed time for households 14.6713 sec
Iteration 185
Elapsed time for kappa 37.8384 sec
Elapsed time for experts 13.8877 sec
Elapsed time for households 12.3806 sec
Iteration 186
Elapsed time for kappa 36.5036 sec
Elapsed time for experts 14.4256 sec
Elapsed time for households 14.0193 sec
Iteration 187
Elapsed time for kappa 38.4605 sec
Elapsed time for experts 15.6389 sec
Elapsed time for households 13.5095 sec
Iteration 188
Elapsed time for kappa 36.8098 sec
Elapsed time for experts 13.8446 sec
Elapsed time for households 12.5219 sec
Iteration 189
Elapsed time for kappa 36.5723 sec
Elapsed time for experts 20.7446 sec
Elapsed time for households 13.0422 sec
Iteration 190
Elapsed time for kappa 36.9583 sec
Elapsed time for experts 15.5551 sec
Elapsed time for households 13.5372 sec
Iteration 191
Elapsed time for kappa 38.5663 sec
Elapsed time for experts 15.2023 sec
Elapsed time for households 13.6868 sec
Iteration 192
Elapsed time for kappa 38.4791 sec
Elapsed time for experts 15.7717 sec
Elapsed time for households 14.3652 sec
Iteration 193
Elapsed time for kappa 38.6186 sec
Elapsed time for experts 16.9826 sec
Elapsed time for households 13.3243 sec
Iteration 194
Elapsed time for kappa 38.4748 sec
Elapsed time for experts 16.0176 sec
Elapsed time for households 13.3076 sec
Iteration 195
Elapsed time for kappa 36.5590 sec
Elapsed time for experts 23.0373 sec
Elapsed time for households 12.4404 sec
Iteration 196
Elapsed time for kappa 38.9293 sec
Elapsed time for experts 16.7099 sec
Elapsed time for households 13.5282 sec
Iteration 197
Elapsed time for kappa 39.2223 sec
Elapsed time for experts 19.8569 sec
Elapsed time for households 13.5558 sec
Iteration 198
Elapsed time for kappa 38.3469 sec
Elapsed time for experts 16.0947 sec
Elapsed time for households 14.1101 sec
Iteration 199
Elapsed time for kappa 38.0648 sec
Elapsed time for experts 15.5152 sec
Elapsed time for households 13.8771 sec
Elapsed time for training 14395.9042 sec
90000 90000 90000 90000
