Iteration 0
Elapsed time for kappa 67.9631 sec
Elapsed time for experts 19.6050 sec
Elapsed time for households 15.2139 sec
Iteration 1
Elapsed time for kappa 37.0850 sec
Elapsed time for experts 14.8260 sec
Elapsed time for households 12.8625 sec
Iteration 2
Elapsed time for kappa 32.5118 sec
Elapsed time for experts 14.1643 sec
Elapsed time for households 12.6293 sec
Iteration 3
Elapsed time for kappa 32.5910 sec
Elapsed time for experts 14.3735 sec
Elapsed time for households 12.5848 sec
Iteration 4
Elapsed time for kappa 32.8395 sec
Elapsed time for experts 13.1384 sec
Elapsed time for households 12.5273 sec
Iteration 5
Elapsed time for kappa 32.7978 sec
Elapsed time for experts 14.0594 sec
Elapsed time for households 12.4867 sec
Iteration 6
Elapsed time for kappa 32.5884 sec
Elapsed time for experts 14.2811 sec
Elapsed time for households 12.5804 sec
Iteration 7
Elapsed time for kappa 40.3633 sec
Elapsed time for experts 12.0299 sec
Elapsed time for households 11.4650 sec
Iteration 8
Elapsed time for kappa 32.6407 sec
Elapsed time for experts 11.8410 sec
Elapsed time for households 12.6499 sec
Iteration 9
Elapsed time for kappa 32.2485 sec
Elapsed time for experts 12.0016 sec
Elapsed time for households 12.7244 sec
Iteration 10
Elapsed time for kappa 32.6081 sec
Elapsed time for experts 12.0829 sec
Elapsed time for households 12.7225 sec
Iteration 11
Elapsed time for kappa 32.0972 sec
Elapsed time for experts 11.9239 sec
Elapsed time for households 12.7419 sec
Iteration 12
Elapsed time for kappa 32.0381 sec
Elapsed time for experts 13.6346 sec
Elapsed time for households 17.9492 sec
Iteration 13
Elapsed time for kappa 33.1889 sec
Elapsed time for experts 12.7298 sec
Elapsed time for households 12.8431 sec
Iteration 14
Elapsed time for kappa 32.5440 sec
Elapsed time for experts 12.3689 sec
Elapsed time for households 12.6591 sec
Iteration 15
Elapsed time for kappa 32.4949 sec
Elapsed time for experts 12.2196 sec
Elapsed time for households 11.3379 sec
Iteration 16
Elapsed time for kappa 32.4002 sec
Elapsed time for experts 12.3030 sec
Elapsed time for households 12.4909 sec
Iteration 17
Elapsed time for kappa 32.4220 sec
Elapsed time for experts 12.1381 sec
Elapsed time for households 12.4051 sec
Iteration 18
Elapsed time for kappa 32.6139 sec
Elapsed time for experts 11.7886 sec
Elapsed time for households 19.9687 sec
Iteration 19
Elapsed time for kappa 33.3060 sec
Elapsed time for experts 12.5747 sec
Elapsed time for households 12.7294 sec
Iteration 20
Elapsed time for kappa 33.3887 sec
Elapsed time for experts 12.4242 sec
Elapsed time for households 12.9874 sec
Iteration 21
Elapsed time for kappa 32.4507 sec
Elapsed time for experts 13.2724 sec
Elapsed time for households 13.0986 sec
Iteration 22
Elapsed time for kappa 32.1953 sec
Elapsed time for experts 12.3942 sec
Elapsed time for households 12.8007 sec
Iteration 23
Elapsed time for kappa 32.7375 sec
Elapsed time for experts 12.6836 sec
Elapsed time for households 13.1842 sec
Iteration 24
Elapsed time for kappa 32.4047 sec
Elapsed time for experts 19.7606 sec
Elapsed time for households 13.6330 sec
Iteration 25
Elapsed time for kappa 32.7740 sec
Elapsed time for experts 12.4592 sec
Elapsed time for households 13.3011 sec
Iteration 26
Elapsed time for kappa 33.0510 sec
Elapsed time for experts 12.6723 sec
Elapsed time for households 11.6924 sec
Iteration 27
Elapsed time for kappa 32.4393 sec
Elapsed time for experts 11.9588 sec
Elapsed time for households 11.4221 sec
Iteration 28
Elapsed time for kappa 32.9673 sec
Elapsed time for experts 12.0313 sec
Elapsed time for households 12.6658 sec
Iteration 29
Elapsed time for kappa 32.4901 sec
Elapsed time for experts 11.6482 sec
Elapsed time for households 12.6141 sec
Iteration 30
Elapsed time for kappa 32.7652 sec
Elapsed time for experts 20.7339 sec
Elapsed time for households 13.4828 sec
Iteration 31
Elapsed time for kappa 33.3895 sec
Elapsed time for experts 12.1274 sec
Elapsed time for households 11.8818 sec
Iteration 32
Elapsed time for kappa 32.7462 sec
Elapsed time for experts 12.7349 sec
Elapsed time for households 11.0248 sec
Iteration 33
Elapsed time for kappa 32.7366 sec
Elapsed time for experts 12.4286 sec
Elapsed time for households 11.8166 sec
Iteration 34
Elapsed time for kappa 33.5986 sec
Elapsed time for experts 12.6737 sec
Elapsed time for households 12.6790 sec
Iteration 35
Elapsed time for kappa 35.0449 sec
Elapsed time for experts 12.6036 sec
Elapsed time for households 10.2272 sec
Iteration 36
Elapsed time for kappa 33.2838 sec
Elapsed time for experts 19.8541 sec
Elapsed time for households 12.0358 sec
Iteration 37
Elapsed time for kappa 33.5971 sec
Elapsed time for experts 13.2630 sec
Elapsed time for households 11.2590 sec
Iteration 38
Elapsed time for kappa 33.3671 sec
Elapsed time for experts 11.8362 sec
Elapsed time for households 12.7696 sec
Iteration 39
Elapsed time for kappa 33.0939 sec
Elapsed time for experts 12.2707 sec
Elapsed time for households 12.3410 sec
Iteration 40
Elapsed time for kappa 32.4078 sec
Elapsed time for experts 11.8418 sec
Elapsed time for households 11.7008 sec
Iteration 41
Elapsed time for kappa 32.7131 sec
Elapsed time for experts 12.3380 sec
Elapsed time for households 12.6490 sec
Iteration 42
Elapsed time for kappa 39.8229 sec
Elapsed time for experts 13.7806 sec
Elapsed time for households 12.5295 sec
Iteration 43
Elapsed time for kappa 33.2690 sec
Elapsed time for experts 12.9819 sec
Elapsed time for households 12.6223 sec
Iteration 44
Elapsed time for kappa 33.7138 sec
Elapsed time for experts 14.2321 sec
Elapsed time for households 10.5787 sec
Iteration 45
Elapsed time for kappa 32.6603 sec
Elapsed time for experts 12.1719 sec
Elapsed time for households 11.1531 sec
Iteration 46
Elapsed time for kappa 32.8053 sec
Elapsed time for experts 12.1544 sec
Elapsed time for households 12.6087 sec
Iteration 47
Elapsed time for kappa 32.2901 sec
Elapsed time for experts 12.4330 sec
Elapsed time for households 11.9601 sec
Iteration 48
Elapsed time for kappa 39.5061 sec
Elapsed time for experts 12.8878 sec
Elapsed time for households 11.7736 sec
Iteration 49
Elapsed time for kappa 32.6895 sec
Elapsed time for experts 12.5546 sec
Elapsed time for households 11.9090 sec
Iteration 50
Elapsed time for kappa 32.8526 sec
Elapsed time for experts 12.5777 sec
Elapsed time for households 11.1422 sec
Iteration 51
Elapsed time for kappa 33.6022 sec
Elapsed time for experts 12.2896 sec
Elapsed time for households 10.2834 sec
Iteration 52
Elapsed time for kappa 32.7143 sec
Elapsed time for experts 13.1493 sec
Elapsed time for households 11.7336 sec
Iteration 53
Elapsed time for kappa 32.2497 sec
Elapsed time for experts 12.1982 sec
Elapsed time for households 11.4366 sec
Iteration 54
Elapsed time for kappa 39.8615 sec
Elapsed time for experts 12.3360 sec
Elapsed time for households 12.0763 sec
Iteration 55
Elapsed time for kappa 33.2117 sec
Elapsed time for experts 12.3243 sec
Elapsed time for households 12.5101 sec
Iteration 56
Elapsed time for kappa 32.9426 sec
Elapsed time for experts 12.3304 sec
Elapsed time for households 10.9489 sec
Iteration 57
Elapsed time for kappa 32.7735 sec
Elapsed time for experts 12.1249 sec
Elapsed time for households 12.0291 sec
Iteration 58
Elapsed time for kappa 32.5734 sec
Elapsed time for experts 12.8778 sec
Elapsed time for households 12.3885 sec
Iteration 59
Elapsed time for kappa 32.4452 sec
Elapsed time for experts 12.1180 sec
Elapsed time for households 11.7080 sec
Iteration 60
Elapsed time for kappa 38.6913 sec
Elapsed time for experts 12.3916 sec
Elapsed time for households 11.6877 sec
Iteration 61
Elapsed time for kappa 33.0965 sec
Elapsed time for experts 12.4531 sec
Elapsed time for households 11.8905 sec
Iteration 62
Elapsed time for kappa 33.2355 sec
Elapsed time for experts 11.9430 sec
Elapsed time for households 11.6880 sec
Iteration 63
Elapsed time for kappa 33.4088 sec
Elapsed time for experts 12.3927 sec
Elapsed time for households 11.2786 sec
Iteration 64
Elapsed time for kappa 32.3428 sec
Elapsed time for experts 12.0271 sec
Elapsed time for households 12.0918 sec
Iteration 65
Elapsed time for kappa 32.2049 sec
Elapsed time for experts 12.8874 sec
Elapsed time for households 17.8717 sec
Iteration 66
Elapsed time for kappa 32.4284 sec
Elapsed time for experts 12.7177 sec
Elapsed time for households 10.3430 sec
Iteration 67
Elapsed time for kappa 33.0962 sec
Elapsed time for experts 12.2137 sec
Elapsed time for households 12.0830 sec
Iteration 68
Elapsed time for kappa 32.6119 sec
Elapsed time for experts 14.3272 sec
Elapsed time for households 11.1603 sec
Iteration 69
Elapsed time for kappa 31.8780 sec
Elapsed time for experts 11.9512 sec
Elapsed time for households 10.9449 sec
Iteration 70
Elapsed time for kappa 32.2023 sec
Elapsed time for experts 12.2203 sec
Elapsed time for households 10.9979 sec
Iteration 71
Elapsed time for kappa 34.3503 sec
Elapsed time for experts 18.8620 sec
Elapsed time for households 11.6105 sec
Iteration 72
Elapsed time for kappa 32.2202 sec
Elapsed time for experts 11.8290 sec
Elapsed time for households 11.4431 sec
Iteration 73
Elapsed time for kappa 32.1348 sec
Elapsed time for experts 12.3320 sec
Elapsed time for households 12.9499 sec
Iteration 74
Elapsed time for kappa 31.8987 sec
Elapsed time for experts 13.6817 sec
Elapsed time for households 10.8894 sec
Iteration 75
Elapsed time for kappa 31.4085 sec
Elapsed time for experts 12.1949 sec
Elapsed time for households 11.5092 sec
Iteration 76
Elapsed time for kappa 31.6143 sec
Elapsed time for experts 12.5463 sec
Elapsed time for households 12.3924 sec
Iteration 77
Elapsed time for kappa 32.0897 sec
Elapsed time for experts 18.7035 sec
Elapsed time for households 12.7490 sec
Iteration 78
Elapsed time for kappa 32.3629 sec
Elapsed time for experts 13.1427 sec
Elapsed time for households 10.9612 sec
Iteration 79
Elapsed time for kappa 31.4689 sec
Elapsed time for experts 11.6110 sec
Elapsed time for households 9.9721 sec
Iteration 80
Elapsed time for kappa 31.3238 sec
Elapsed time for experts 11.3609 sec
Elapsed time for households 10.9893 sec
Iteration 81
Elapsed time for kappa 35.7576 sec
Elapsed time for experts 13.7606 sec
Elapsed time for households 12.6652 sec
Iteration 82
Elapsed time for kappa 31.5176 sec
Elapsed time for experts 12.0110 sec
Elapsed time for households 12.7231 sec
Iteration 83
Elapsed time for kappa 31.7027 sec
Elapsed time for experts 19.1761 sec
Elapsed time for households 13.0477 sec
Iteration 84
Elapsed time for kappa 32.1660 sec
Elapsed time for experts 12.0940 sec
Elapsed time for households 12.4736 sec
Iteration 85
Elapsed time for kappa 31.4283 sec
Elapsed time for experts 11.7731 sec
Elapsed time for households 11.4423 sec
Iteration 86
Elapsed time for kappa 31.4421 sec
Elapsed time for experts 11.2236 sec
Elapsed time for households 11.0223 sec
Iteration 87
Elapsed time for kappa 31.3465 sec
Elapsed time for experts 11.1404 sec
Elapsed time for households 12.2696 sec
Iteration 88
Elapsed time for kappa 31.3521 sec
Elapsed time for experts 11.1862 sec
Elapsed time for households 10.4535 sec
Iteration 89
Elapsed time for kappa 32.6679 sec
Elapsed time for experts 18.3304 sec
Elapsed time for households 11.1184 sec
Iteration 90
Elapsed time for kappa 31.5935 sec
Elapsed time for experts 12.2175 sec
Elapsed time for households 10.6653 sec
Iteration 91
Elapsed time for kappa 31.7668 sec
Elapsed time for experts 11.3777 sec
Elapsed time for households 10.1872 sec
Iteration 92
Elapsed time for kappa 33.1043 sec
Elapsed time for experts 11.5172 sec
Elapsed time for households 10.3621 sec
Iteration 93
Elapsed time for kappa 32.7933 sec
Elapsed time for experts 11.5544 sec
Elapsed time for households 10.1071 sec
Iteration 94
Elapsed time for kappa 30.9011 sec
Elapsed time for experts 11.2240 sec
Elapsed time for households 10.5891 sec
Iteration 95
Elapsed time for kappa 39.1130 sec
Elapsed time for experts 12.0534 sec
Elapsed time for households 11.5190 sec
Iteration 96
Elapsed time for kappa 31.8149 sec
Elapsed time for experts 11.7617 sec
Elapsed time for households 10.2961 sec
Iteration 97
Elapsed time for kappa 33.1066 sec
Elapsed time for experts 11.4974 sec
Elapsed time for households 10.6411 sec
Iteration 98
Elapsed time for kappa 31.7969 sec
Elapsed time for experts 11.4250 sec
Elapsed time for households 10.4890 sec
Iteration 99
Elapsed time for kappa 31.2479 sec
Elapsed time for experts 11.3588 sec
Elapsed time for households 12.5212 sec
Iteration 100
Elapsed time for kappa 31.4136 sec
Elapsed time for experts 11.3749 sec
Elapsed time for households 12.4711 sec
Iteration 101
Elapsed time for kappa 40.1498 sec
Elapsed time for experts 12.0386 sec
Elapsed time for households 10.2945 sec
Iteration 102
Elapsed time for kappa 31.8460 sec
Elapsed time for experts 11.9218 sec
Elapsed time for households 11.0401 sec
Iteration 103
Elapsed time for kappa 31.3278 sec
Elapsed time for experts 11.3085 sec
Elapsed time for households 10.5745 sec
Iteration 104
Elapsed time for kappa 31.2143 sec
Elapsed time for experts 11.4088 sec
Elapsed time for households 9.8108 sec
Iteration 105
Elapsed time for kappa 31.0211 sec
Elapsed time for experts 11.4909 sec
Elapsed time for households 10.5855 sec
Iteration 106
Elapsed time for kappa 32.6715 sec
Elapsed time for experts 11.5576 sec
Elapsed time for households 9.9171 sec
Iteration 107
Elapsed time for kappa 38.7419 sec
Elapsed time for experts 11.8014 sec
Elapsed time for households 10.8048 sec
Iteration 108
Elapsed time for kappa 31.5152 sec
Elapsed time for experts 11.4579 sec
Elapsed time for households 11.9015 sec
Iteration 109
Elapsed time for kappa 31.7011 sec
Elapsed time for experts 11.5253 sec
Elapsed time for households 10.2083 sec
Iteration 110
Elapsed time for kappa 31.5081 sec
Elapsed time for experts 11.4495 sec
Elapsed time for households 10.4199 sec
Iteration 111
Elapsed time for kappa 31.2491 sec
Elapsed time for experts 11.2730 sec
Elapsed time for households 10.4672 sec
Iteration 112
Elapsed time for kappa 33.4487 sec
Elapsed time for experts 11.3189 sec
Elapsed time for households 9.9704 sec
Iteration 113
Elapsed time for kappa 38.4662 sec
Elapsed time for experts 11.9310 sec
Elapsed time for households 10.4181 sec
Iteration 114
Elapsed time for kappa 32.4389 sec
Elapsed time for experts 11.5886 sec
Elapsed time for households 10.0170 sec
Iteration 115
Elapsed time for kappa 32.1771 sec
Elapsed time for experts 11.4224 sec
Elapsed time for households 10.6304 sec
Iteration 116
Elapsed time for kappa 31.9498 sec
Elapsed time for experts 11.3568 sec
Elapsed time for households 10.3488 sec
Iteration 117
Elapsed time for kappa 31.4464 sec
Elapsed time for experts 11.6211 sec
Elapsed time for households 10.2013 sec
Iteration 118
Elapsed time for kappa 31.2910 sec
Elapsed time for experts 11.2097 sec
Elapsed time for households 16.4316 sec
Iteration 119
Elapsed time for kappa 33.1688 sec
Elapsed time for experts 11.6351 sec
Elapsed time for households 10.3628 sec
Iteration 120
Elapsed time for kappa 31.5089 sec
Elapsed time for experts 11.6354 sec
Elapsed time for households 10.4081 sec
Iteration 121
Elapsed time for kappa 31.9299 sec
Elapsed time for experts 11.7706 sec
Elapsed time for households 10.4950 sec
Iteration 122
Elapsed time for kappa 31.3643 sec
Elapsed time for experts 11.5023 sec
Elapsed time for households 10.3922 sec
Iteration 123
Elapsed time for kappa 31.6196 sec
Elapsed time for experts 11.5970 sec
Elapsed time for households 10.5697 sec
Iteration 124
Elapsed time for kappa 31.8786 sec
Elapsed time for experts 11.5183 sec
Elapsed time for households 16.9863 sec
Iteration 125
Elapsed time for kappa 33.3124 sec
Elapsed time for experts 11.7968 sec
Elapsed time for households 10.8713 sec
Iteration 126
Elapsed time for kappa 31.3603 sec
Elapsed time for experts 11.8562 sec
Elapsed time for households 10.4914 sec
Iteration 127
Elapsed time for kappa 31.7750 sec
Elapsed time for experts 11.5748 sec
Elapsed time for households 10.7192 sec
Iteration 128
Elapsed time for kappa 31.5910 sec
Elapsed time for experts 11.5734 sec
Elapsed time for households 10.7275 sec
Iteration 129
Elapsed time for kappa 31.3662 sec
Elapsed time for experts 12.2907 sec
Elapsed time for households 11.1414 sec
Iteration 130
Elapsed time for kappa 32.4771 sec
Elapsed time for experts 11.3982 sec
Elapsed time for households 18.2366 sec
Iteration 131
Elapsed time for kappa 32.3177 sec
Elapsed time for experts 12.2176 sec
Elapsed time for households 10.7165 sec
Iteration 132
Elapsed time for kappa 32.2725 sec
Elapsed time for experts 11.7019 sec
Elapsed time for households 10.5070 sec
Iteration 133
Elapsed time for kappa 31.7748 sec
Elapsed time for experts 11.8104 sec
Elapsed time for households 10.3010 sec
Iteration 134
Elapsed time for kappa 31.6690 sec
Elapsed time for experts 11.2486 sec
Elapsed time for households 11.6278 sec
Iteration 135
Elapsed time for kappa 32.7854 sec
Elapsed time for experts 11.4294 sec
Elapsed time for households 9.9444 sec
Iteration 136
Elapsed time for kappa 31.7642 sec
Elapsed time for experts 17.9360 sec
Elapsed time for households 11.1881 sec
Iteration 137
Elapsed time for kappa 32.7573 sec
Elapsed time for experts 11.5279 sec
Elapsed time for households 10.8081 sec
Iteration 138
Elapsed time for kappa 31.7197 sec
Elapsed time for experts 11.5733 sec
Elapsed time for households 11.1523 sec
Iteration 139
Elapsed time for kappa 31.8322 sec
Elapsed time for experts 11.7473 sec
Elapsed time for households 10.1481 sec
Iteration 140
Elapsed time for kappa 32.1620 sec
Elapsed time for experts 11.8141 sec
Elapsed time for households 10.3250 sec
Iteration 141
Elapsed time for kappa 31.8041 sec
Elapsed time for experts 11.3854 sec
Elapsed time for households 10.1781 sec
Iteration 142
Elapsed time for kappa 31.8213 sec
Elapsed time for experts 18.3494 sec
Elapsed time for households 10.4570 sec
Iteration 143
Elapsed time for kappa 32.3593 sec
Elapsed time for experts 11.8639 sec
Elapsed time for households 10.7495 sec
Iteration 144
Elapsed time for kappa 32.1340 sec
Elapsed time for experts 11.7861 sec
Elapsed time for households 10.2788 sec
Iteration 145
Elapsed time for kappa 32.0016 sec
Elapsed time for experts 11.6346 sec
Elapsed time for households 10.2532 sec
Iteration 146
Elapsed time for kappa 31.6229 sec
Elapsed time for experts 11.8114 sec
Elapsed time for households 10.4025 sec
Iteration 147
Elapsed time for kappa 31.7228 sec
Elapsed time for experts 11.6366 sec
Elapsed time for households 10.4596 sec
Iteration 148
Elapsed time for kappa 32.2148 sec
Elapsed time for experts 18.2858 sec
Elapsed time for households 10.7564 sec
Iteration 149
Elapsed time for kappa 32.3437 sec
Elapsed time for experts 11.7909 sec
Elapsed time for households 10.3198 sec
Iteration 150
Elapsed time for kappa 32.3531 sec
Elapsed time for experts 12.0952 sec
Elapsed time for households 10.6104 sec
Iteration 151
Elapsed time for kappa 31.9293 sec
Elapsed time for experts 11.5563 sec
Elapsed time for households 10.1289 sec
Iteration 152
Elapsed time for kappa 31.9486 sec
Elapsed time for experts 11.5035 sec
Elapsed time for households 10.4774 sec
Iteration 153
Elapsed time for kappa 31.5047 sec
Elapsed time for experts 11.4490 sec
Elapsed time for households 10.3923 sec
Iteration 154
Elapsed time for kappa 31.7810 sec
Elapsed time for experts 18.4352 sec
Elapsed time for households 11.7709 sec
Iteration 155
Elapsed time for kappa 32.4085 sec
Elapsed time for experts 11.9666 sec
Elapsed time for households 10.4785 sec
Iteration 156
Elapsed time for kappa 32.3260 sec
Elapsed time for experts 12.0290 sec
Elapsed time for households 10.4131 sec
Iteration 157
Elapsed time for kappa 32.0404 sec
Elapsed time for experts 11.9126 sec
Elapsed time for households 10.3655 sec
Iteration 158
Elapsed time for kappa 31.5826 sec
Elapsed time for experts 11.4111 sec
Elapsed time for households 10.3690 sec
Iteration 159
Elapsed time for kappa 31.4586 sec
Elapsed time for experts 11.4141 sec
Elapsed time for households 10.5134 sec
Iteration 160
Elapsed time for kappa 38.5557 sec
Elapsed time for experts 12.4579 sec
Elapsed time for households 10.4853 sec
Iteration 161
Elapsed time for kappa 32.0854 sec
Elapsed time for experts 11.8762 sec
Elapsed time for households 10.5750 sec
Iteration 162
Elapsed time for kappa 33.3300 sec
Elapsed time for experts 11.5148 sec
Elapsed time for households 10.0120 sec
Iteration 163
Elapsed time for kappa 31.5908 sec
Elapsed time for experts 11.4044 sec
Elapsed time for households 10.6803 sec
Iteration 164
Elapsed time for kappa 31.4110 sec
Elapsed time for experts 11.6035 sec
Elapsed time for households 10.3961 sec
Iteration 165
Elapsed time for kappa 31.2610 sec
Elapsed time for experts 12.1572 sec
Elapsed time for households 11.0171 sec
Iteration 166
Elapsed time for kappa 39.0349 sec
Elapsed time for experts 11.9751 sec
Elapsed time for households 10.7015 sec
Iteration 167
Elapsed time for kappa 32.3613 sec
Elapsed time for experts 11.6867 sec
Elapsed time for households 11.1726 sec
Iteration 168
Elapsed time for kappa 32.2288 sec
Elapsed time for experts 11.6255 sec
Elapsed time for households 10.2686 sec
Iteration 169
Elapsed time for kappa 31.8038 sec
Elapsed time for experts 11.4415 sec
Elapsed time for households 10.9506 sec
Iteration 170
Elapsed time for kappa 32.4957 sec
Elapsed time for experts 11.3569 sec
Elapsed time for households 10.3374 sec
Iteration 171
Elapsed time for kappa 31.8276 sec
Elapsed time for experts 11.5240 sec
Elapsed time for households 10.5403 sec
Iteration 172
Elapsed time for kappa 39.1465 sec
Elapsed time for experts 12.0212 sec
Elapsed time for households 10.4779 sec
Iteration 173
Elapsed time for kappa 31.9211 sec
Elapsed time for experts 11.8083 sec
Elapsed time for households 10.9094 sec
Iteration 174
Elapsed time for kappa 33.6846 sec
Elapsed time for experts 11.5826 sec
Elapsed time for households 10.2243 sec
Iteration 175
Elapsed time for kappa 31.7120 sec
Elapsed time for experts 11.3743 sec
Elapsed time for households 10.5847 sec
Iteration 176
Elapsed time for kappa 31.6627 sec
Elapsed time for experts 11.4309 sec
Elapsed time for households 10.5248 sec
Iteration 177
Elapsed time for kappa 32.1183 sec
Elapsed time for experts 11.4258 sec
Elapsed time for households 9.9621 sec
Iteration 178
Elapsed time for kappa 38.9197 sec
Elapsed time for experts 11.8228 sec
Elapsed time for households 10.7405 sec
Iteration 179
Elapsed time for kappa 34.0214 sec
Elapsed time for experts 11.4885 sec
Elapsed time for households 10.9895 sec
Iteration 180
Elapsed time for kappa 31.8356 sec
Elapsed time for experts 11.4643 sec
Elapsed time for households 10.4119 sec
Iteration 181
Elapsed time for kappa 31.1854 sec
Elapsed time for experts 11.5055 sec
Elapsed time for households 11.0222 sec
Iteration 182
Elapsed time for kappa 31.8459 sec
Elapsed time for experts 11.3917 sec
Elapsed time for households 10.2843 sec
Iteration 183
Elapsed time for kappa 31.6502 sec
Elapsed time for experts 11.3734 sec
Elapsed time for households 16.0824 sec
Iteration 184
Elapsed time for kappa 32.3850 sec
Elapsed time for experts 11.6296 sec
Elapsed time for households 11.0452 sec
Iteration 185
Elapsed time for kappa 32.5414 sec
Elapsed time for experts 11.6189 sec
Elapsed time for households 10.5503 sec
Iteration 186
Elapsed time for kappa 31.4523 sec
Elapsed time for experts 11.4237 sec
Elapsed time for households 10.0490 sec
Iteration 187
Elapsed time for kappa 31.8634 sec
Elapsed time for experts 11.5517 sec
Elapsed time for households 10.1599 sec
Iteration 188
Elapsed time for kappa 31.2946 sec
Elapsed time for experts 11.6041 sec
Elapsed time for households 10.7956 sec
Iteration 189
Elapsed time for kappa 31.7442 sec
Elapsed time for experts 11.7923 sec
Elapsed time for households 10.6742 sec
Iteration 190
Elapsed time for kappa 40.8412 sec
Elapsed time for experts 11.9796 sec
Elapsed time for households 10.6659 sec
Iteration 191
Elapsed time for kappa 32.2801 sec
Elapsed time for experts 11.5863 sec
Elapsed time for households 10.6925 sec
Iteration 192
Elapsed time for kappa 32.5338 sec
Elapsed time for experts 11.7035 sec
Elapsed time for households 10.6907 sec
Iteration 193
Elapsed time for kappa 33.0094 sec
Elapsed time for experts 11.7424 sec
Elapsed time for households 10.5941 sec
Iteration 194
Elapsed time for kappa 31.9975 sec
Elapsed time for experts 12.3465 sec
Elapsed time for households 11.0512 sec
Iteration 195
Elapsed time for kappa 31.5823 sec
Elapsed time for experts 11.7926 sec
Elapsed time for households 16.0527 sec
Iteration 196
Elapsed time for kappa 33.8797 sec
Elapsed time for experts 11.9196 sec
Elapsed time for households 10.7593 sec
Iteration 197
Elapsed time for kappa 33.4860 sec
Elapsed time for experts 12.1453 sec
Elapsed time for households 10.8622 sec
Iteration 198
Elapsed time for kappa 31.7834 sec
Elapsed time for experts 11.7863 sec
Elapsed time for households 11.0278 sec
Iteration 199
Elapsed time for kappa 32.3193 sec
Elapsed time for experts 11.9504 sec
Elapsed time for households 9.8644 sec
Elapsed time for training 11398.3954 sec
90000 90000 90000 90000
