Iteration 0
Elapsed time for kappa 75.8605 sec
Elapsed time for experts 19.6692 sec
Elapsed time for households 15.1149 sec
Iteration 1
Elapsed time for kappa 36.1304 sec
Elapsed time for experts 14.3347 sec
Elapsed time for households 12.1803 sec
Iteration 2
Elapsed time for kappa 33.7877 sec
Elapsed time for experts 13.9674 sec
Elapsed time for households 12.4000 sec
Iteration 3
Elapsed time for kappa 33.8079 sec
Elapsed time for experts 12.9789 sec
Elapsed time for households 12.2526 sec
Iteration 4
Elapsed time for kappa 32.9783 sec
Elapsed time for experts 12.5325 sec
Elapsed time for households 12.1396 sec
Iteration 5
Elapsed time for kappa 33.2235 sec
Elapsed time for experts 12.5546 sec
Elapsed time for households 12.3904 sec
Iteration 6
Elapsed time for kappa 32.7955 sec
Elapsed time for experts 13.2077 sec
Elapsed time for households 12.1095 sec
Iteration 7
Elapsed time for kappa 40.7648 sec
Elapsed time for experts 12.5478 sec
Elapsed time for households 12.2641 sec
Iteration 8
Elapsed time for kappa 33.0735 sec
Elapsed time for experts 12.6904 sec
Elapsed time for households 12.1644 sec
Iteration 9
Elapsed time for kappa 32.8969 sec
Elapsed time for experts 12.2076 sec
Elapsed time for households 11.9189 sec
Iteration 10
Elapsed time for kappa 32.8788 sec
Elapsed time for experts 12.5115 sec
Elapsed time for households 12.1484 sec
Iteration 11
Elapsed time for kappa 33.4376 sec
Elapsed time for experts 12.0715 sec
Elapsed time for households 10.6053 sec
Iteration 12
Elapsed time for kappa 33.0390 sec
Elapsed time for experts 12.2005 sec
Elapsed time for households 17.6939 sec
Iteration 13
Elapsed time for kappa 34.5028 sec
Elapsed time for experts 12.7569 sec
Elapsed time for households 11.5287 sec
Iteration 14
Elapsed time for kappa 34.2717 sec
Elapsed time for experts 12.3321 sec
Elapsed time for households 10.6543 sec
Iteration 15
Elapsed time for kappa 34.0391 sec
Elapsed time for experts 12.0270 sec
Elapsed time for households 10.9170 sec
Iteration 16
Elapsed time for kappa 34.0646 sec
Elapsed time for experts 13.2359 sec
Elapsed time for households 11.4411 sec
Iteration 17
Elapsed time for kappa 34.2060 sec
Elapsed time for experts 13.4698 sec
Elapsed time for households 10.7031 sec
Iteration 18
Elapsed time for kappa 34.6353 sec
Elapsed time for experts 12.6767 sec
Elapsed time for households 19.4643 sec
Iteration 19
Elapsed time for kappa 34.8591 sec
Elapsed time for experts 13.1528 sec
Elapsed time for households 10.7581 sec
Iteration 20
Elapsed time for kappa 34.2056 sec
Elapsed time for experts 13.6905 sec
Elapsed time for households 11.0568 sec
Iteration 21
Elapsed time for kappa 33.0427 sec
Elapsed time for experts 12.3393 sec
Elapsed time for households 10.3166 sec
Iteration 22
Elapsed time for kappa 33.7505 sec
Elapsed time for experts 12.0437 sec
Elapsed time for households 11.9892 sec
Iteration 23
Elapsed time for kappa 33.7437 sec
Elapsed time for experts 12.4554 sec
Elapsed time for households 10.7296 sec
Iteration 24
Elapsed time for kappa 33.1253 sec
Elapsed time for experts 19.8490 sec
Elapsed time for households 11.2910 sec
Iteration 25
Elapsed time for kappa 34.1018 sec
Elapsed time for experts 13.1942 sec
Elapsed time for households 11.7215 sec
Iteration 26
Elapsed time for kappa 33.3338 sec
Elapsed time for experts 13.0189 sec
Elapsed time for households 11.6210 sec
Iteration 27
Elapsed time for kappa 33.6976 sec
Elapsed time for experts 13.1532 sec
Elapsed time for households 10.2074 sec
Iteration 28
Elapsed time for kappa 33.3623 sec
Elapsed time for experts 12.9573 sec
Elapsed time for households 10.5325 sec
Iteration 29
Elapsed time for kappa 33.1437 sec
Elapsed time for experts 13.1022 sec
Elapsed time for households 10.4586 sec
Iteration 30
Elapsed time for kappa 32.8106 sec
Elapsed time for experts 19.6992 sec
Elapsed time for households 11.2663 sec
Iteration 31
Elapsed time for kappa 33.6616 sec
Elapsed time for experts 12.3087 sec
Elapsed time for households 10.5868 sec
Iteration 32
Elapsed time for kappa 33.4246 sec
Elapsed time for experts 12.1361 sec
Elapsed time for households 10.8119 sec
Iteration 33
Elapsed time for kappa 33.2801 sec
Elapsed time for experts 13.1150 sec
Elapsed time for households 10.6690 sec
Iteration 34
Elapsed time for kappa 33.2415 sec
Elapsed time for experts 12.4507 sec
Elapsed time for households 10.4434 sec
Iteration 35
Elapsed time for kappa 33.4740 sec
Elapsed time for experts 12.4179 sec
Elapsed time for households 10.3570 sec
Iteration 36
Elapsed time for kappa 32.9277 sec
Elapsed time for experts 18.6253 sec
Elapsed time for households 10.8684 sec
Iteration 37
Elapsed time for kappa 34.1069 sec
Elapsed time for experts 12.3041 sec
Elapsed time for households 10.5500 sec
Iteration 38
Elapsed time for kappa 33.9129 sec
Elapsed time for experts 12.7329 sec
Elapsed time for households 10.5546 sec
Iteration 39
Elapsed time for kappa 34.0070 sec
Elapsed time for experts 12.4836 sec
Elapsed time for households 10.7173 sec
Iteration 40
Elapsed time for kappa 33.0851 sec
Elapsed time for experts 13.6441 sec
Elapsed time for households 10.3313 sec
Iteration 41
Elapsed time for kappa 33.1600 sec
Elapsed time for experts 12.6688 sec
Elapsed time for households 10.5137 sec
Iteration 42
Elapsed time for kappa 41.6668 sec
Elapsed time for experts 12.6310 sec
Elapsed time for households 10.8727 sec
Iteration 43
Elapsed time for kappa 35.9479 sec
Elapsed time for experts 12.6811 sec
Elapsed time for households 10.6337 sec
Iteration 44
Elapsed time for kappa 34.1287 sec
Elapsed time for experts 12.6262 sec
Elapsed time for households 10.6097 sec
Iteration 45
Elapsed time for kappa 33.5656 sec
Elapsed time for experts 12.2532 sec
Elapsed time for households 10.5741 sec
Iteration 46
Elapsed time for kappa 33.9282 sec
Elapsed time for experts 13.7413 sec
Elapsed time for households 10.5621 sec
Iteration 47
Elapsed time for kappa 33.6934 sec
Elapsed time for experts 12.4433 sec
Elapsed time for households 10.3601 sec
Iteration 48
Elapsed time for kappa 41.9023 sec
Elapsed time for experts 13.9052 sec
Elapsed time for households 11.4900 sec
Iteration 49
Elapsed time for kappa 34.2784 sec
Elapsed time for experts 12.4653 sec
Elapsed time for households 10.5622 sec
Iteration 50
Elapsed time for kappa 33.8913 sec
Elapsed time for experts 12.6957 sec
Elapsed time for households 10.5092 sec
Iteration 51
Elapsed time for kappa 33.9847 sec
Elapsed time for experts 11.8154 sec
Elapsed time for households 10.7947 sec
Iteration 52
Elapsed time for kappa 33.4855 sec
Elapsed time for experts 12.2861 sec
Elapsed time for households 10.5448 sec
Iteration 53
Elapsed time for kappa 33.6039 sec
Elapsed time for experts 12.4674 sec
Elapsed time for households 10.4638 sec
Iteration 54
Elapsed time for kappa 39.6334 sec
Elapsed time for experts 11.7854 sec
Elapsed time for households 10.5019 sec
Iteration 55
Elapsed time for kappa 33.4492 sec
Elapsed time for experts 12.1948 sec
Elapsed time for households 10.3278 sec
Iteration 56
Elapsed time for kappa 32.8135 sec
Elapsed time for experts 11.9958 sec
Elapsed time for households 10.4637 sec
Iteration 57
Elapsed time for kappa 32.9592 sec
Elapsed time for experts 12.5564 sec
Elapsed time for households 10.6160 sec
Iteration 58
Elapsed time for kappa 32.7439 sec
Elapsed time for experts 12.3199 sec
Elapsed time for households 10.7443 sec
Iteration 59
Elapsed time for kappa 33.5346 sec
Elapsed time for experts 12.2049 sec
Elapsed time for households 10.6047 sec
Iteration 60
Elapsed time for kappa 39.2481 sec
Elapsed time for experts 11.9024 sec
Elapsed time for households 10.5023 sec
Iteration 61
Elapsed time for kappa 33.3899 sec
Elapsed time for experts 12.4662 sec
Elapsed time for households 10.4857 sec
Iteration 62
Elapsed time for kappa 33.3729 sec
Elapsed time for experts 11.7930 sec
Elapsed time for households 10.3198 sec
Iteration 63
Elapsed time for kappa 33.1521 sec
Elapsed time for experts 12.1461 sec
Elapsed time for households 10.1220 sec
Iteration 64
Elapsed time for kappa 33.1847 sec
Elapsed time for experts 11.8280 sec
Elapsed time for households 10.2027 sec
Iteration 65
Elapsed time for kappa 32.9102 sec
Elapsed time for experts 12.1513 sec
Elapsed time for households 15.5635 sec
Iteration 66
Elapsed time for kappa 33.3233 sec
Elapsed time for experts 12.1594 sec
Elapsed time for households 10.4305 sec
Iteration 67
Elapsed time for kappa 32.9210 sec
Elapsed time for experts 13.0314 sec
Elapsed time for households 10.0584 sec
Iteration 68
Elapsed time for kappa 32.1245 sec
Elapsed time for experts 11.9850 sec
Elapsed time for households 10.0457 sec
Iteration 69
Elapsed time for kappa 31.8634 sec
Elapsed time for experts 12.4180 sec
Elapsed time for households 10.0242 sec
Iteration 70
Elapsed time for kappa 31.7948 sec
Elapsed time for experts 11.4243 sec
Elapsed time for households 10.2561 sec
Iteration 71
Elapsed time for kappa 32.8486 sec
Elapsed time for experts 18.0536 sec
Elapsed time for households 10.5776 sec
Iteration 72
Elapsed time for kappa 32.2137 sec
Elapsed time for experts 11.8305 sec
Elapsed time for households 10.2324 sec
Iteration 73
Elapsed time for kappa 32.6872 sec
Elapsed time for experts 11.7884 sec
Elapsed time for households 10.1413 sec
Iteration 74
Elapsed time for kappa 32.4870 sec
Elapsed time for experts 11.8408 sec
Elapsed time for households 9.9226 sec
Iteration 75
Elapsed time for kappa 31.9929 sec
Elapsed time for experts 12.0884 sec
Elapsed time for households 10.3833 sec
Iteration 76
Elapsed time for kappa 32.1809 sec
Elapsed time for experts 11.8088 sec
Elapsed time for households 10.1066 sec
Iteration 77
Elapsed time for kappa 32.3559 sec
Elapsed time for experts 17.6018 sec
Elapsed time for households 10.0654 sec
Iteration 78
Elapsed time for kappa 32.0638 sec
Elapsed time for experts 12.1393 sec
Elapsed time for households 10.0571 sec
Iteration 79
Elapsed time for kappa 32.5004 sec
Elapsed time for experts 11.8642 sec
Elapsed time for households 9.9642 sec
Iteration 80
Elapsed time for kappa 32.8538 sec
Elapsed time for experts 13.3719 sec
Elapsed time for households 10.2642 sec
Iteration 81
Elapsed time for kappa 31.7434 sec
Elapsed time for experts 11.5529 sec
Elapsed time for households 9.7111 sec
Iteration 82
Elapsed time for kappa 31.3121 sec
Elapsed time for experts 11.8204 sec
Elapsed time for households 9.8768 sec
Iteration 83
Elapsed time for kappa 31.4631 sec
Elapsed time for experts 17.4070 sec
Elapsed time for households 10.2916 sec
Iteration 84
Elapsed time for kappa 32.3319 sec
Elapsed time for experts 12.0385 sec
Elapsed time for households 9.7824 sec
Iteration 85
Elapsed time for kappa 31.4273 sec
Elapsed time for experts 11.8886 sec
Elapsed time for households 9.8878 sec
Iteration 86
Elapsed time for kappa 32.0514 sec
Elapsed time for experts 11.7100 sec
Elapsed time for households 10.7027 sec
Iteration 87
Elapsed time for kappa 31.3063 sec
Elapsed time for experts 11.6315 sec
Elapsed time for households 10.0585 sec
Iteration 88
Elapsed time for kappa 31.2389 sec
Elapsed time for experts 11.5125 sec
Elapsed time for households 9.9231 sec
Iteration 89
Elapsed time for kappa 31.5307 sec
Elapsed time for experts 17.6673 sec
Elapsed time for households 10.2480 sec
Iteration 90
Elapsed time for kappa 31.9975 sec
Elapsed time for experts 11.5262 sec
Elapsed time for households 10.1331 sec
Iteration 91
Elapsed time for kappa 31.4716 sec
Elapsed time for experts 11.7910 sec
Elapsed time for households 11.4401 sec
Iteration 92
Elapsed time for kappa 31.2161 sec
Elapsed time for experts 11.5624 sec
Elapsed time for households 10.9949 sec
Iteration 93
Elapsed time for kappa 31.2595 sec
Elapsed time for experts 11.5115 sec
Elapsed time for households 9.9863 sec
Iteration 94
Elapsed time for kappa 31.1919 sec
Elapsed time for experts 11.4350 sec
Elapsed time for households 9.5944 sec
Iteration 95
Elapsed time for kappa 37.3845 sec
Elapsed time for experts 11.6839 sec
Elapsed time for households 9.9429 sec
Iteration 96
Elapsed time for kappa 31.2725 sec
Elapsed time for experts 11.5119 sec
Elapsed time for households 11.0132 sec
Iteration 97
Elapsed time for kappa 31.3700 sec
Elapsed time for experts 11.8234 sec
Elapsed time for households 10.7472 sec
Iteration 98
Elapsed time for kappa 31.1302 sec
Elapsed time for experts 10.9187 sec
Elapsed time for households 9.5878 sec
Iteration 99
Elapsed time for kappa 30.7121 sec
Elapsed time for experts 11.3385 sec
Elapsed time for households 9.5725 sec
Iteration 100
Elapsed time for kappa 31.0164 sec
Elapsed time for experts 11.2738 sec
Elapsed time for households 10.6952 sec
Iteration 101
Elapsed time for kappa 36.7621 sec
Elapsed time for experts 11.4112 sec
Elapsed time for households 9.9116 sec
Iteration 102
Elapsed time for kappa 31.1754 sec
Elapsed time for experts 11.6906 sec
Elapsed time for households 9.8677 sec
Iteration 103
Elapsed time for kappa 31.0842 sec
Elapsed time for experts 11.6827 sec
Elapsed time for households 9.9920 sec
Iteration 104
Elapsed time for kappa 31.0861 sec
Elapsed time for experts 11.7767 sec
Elapsed time for households 9.7069 sec
Iteration 105
Elapsed time for kappa 30.6654 sec
Elapsed time for experts 12.4796 sec
Elapsed time for households 9.6804 sec
Iteration 106
Elapsed time for kappa 30.2668 sec
Elapsed time for experts 11.0479 sec
Elapsed time for households 9.2431 sec
Iteration 107
Elapsed time for kappa 36.1872 sec
Elapsed time for experts 11.3211 sec
Elapsed time for households 9.7275 sec
Iteration 108
Elapsed time for kappa 30.7359 sec
Elapsed time for experts 11.3066 sec
Elapsed time for households 9.6606 sec
Iteration 109
Elapsed time for kappa 30.6888 sec
Elapsed time for experts 11.2940 sec
Elapsed time for households 9.4979 sec
Iteration 110
Elapsed time for kappa 30.3793 sec
Elapsed time for experts 11.0972 sec
Elapsed time for households 9.6012 sec
Iteration 111
Elapsed time for kappa 30.1835 sec
Elapsed time for experts 11.3870 sec
Elapsed time for households 9.6284 sec
Iteration 112
Elapsed time for kappa 30.6866 sec
Elapsed time for experts 11.1733 sec
Elapsed time for households 9.5916 sec
Iteration 113
Elapsed time for kappa 36.7085 sec
Elapsed time for experts 12.0755 sec
Elapsed time for households 10.4710 sec
Iteration 114
Elapsed time for kappa 32.3115 sec
Elapsed time for experts 11.5378 sec
Elapsed time for households 9.9473 sec
Iteration 115
Elapsed time for kappa 31.0069 sec
Elapsed time for experts 11.1891 sec
Elapsed time for households 9.8637 sec
Iteration 116
Elapsed time for kappa 30.7351 sec
Elapsed time for experts 11.1857 sec
Elapsed time for households 9.8931 sec
Iteration 117
Elapsed time for kappa 30.0141 sec
Elapsed time for experts 10.6222 sec
Elapsed time for households 9.7295 sec
Iteration 118
Elapsed time for kappa 29.9476 sec
Elapsed time for experts 11.2377 sec
Elapsed time for households 14.5532 sec
Iteration 119
Elapsed time for kappa 30.8755 sec
Elapsed time for experts 11.7026 sec
Elapsed time for households 9.8323 sec
Iteration 120
Elapsed time for kappa 30.5520 sec
Elapsed time for experts 10.9303 sec
Elapsed time for households 9.3648 sec
Iteration 121
Elapsed time for kappa 30.1204 sec
Elapsed time for experts 11.0409 sec
Elapsed time for households 9.4662 sec
Iteration 122
Elapsed time for kappa 29.9219 sec
Elapsed time for experts 11.5641 sec
Elapsed time for households 9.2752 sec
Iteration 123
Elapsed time for kappa 29.8977 sec
Elapsed time for experts 10.9185 sec
Elapsed time for households 9.4840 sec
Iteration 124
Elapsed time for kappa 29.7813 sec
Elapsed time for experts 10.6225 sec
Elapsed time for households 15.0145 sec
Iteration 125
Elapsed time for kappa 30.7421 sec
Elapsed time for experts 11.9946 sec
Elapsed time for households 10.2451 sec
Iteration 126
Elapsed time for kappa 30.7186 sec
Elapsed time for experts 11.5583 sec
Elapsed time for households 9.8781 sec
Iteration 127
Elapsed time for kappa 30.7131 sec
Elapsed time for experts 11.4356 sec
Elapsed time for households 9.6323 sec
Iteration 128
Elapsed time for kappa 30.8005 sec
Elapsed time for experts 11.6450 sec
Elapsed time for households 9.7903 sec
Iteration 129
Elapsed time for kappa 30.9538 sec
Elapsed time for experts 11.5215 sec
Elapsed time for households 9.6999 sec
Iteration 130
Elapsed time for kappa 30.4366 sec
Elapsed time for experts 11.8141 sec
Elapsed time for households 15.2961 sec
Iteration 131
Elapsed time for kappa 31.8410 sec
Elapsed time for experts 11.8970 sec
Elapsed time for households 9.7924 sec
Iteration 132
Elapsed time for kappa 30.9462 sec
Elapsed time for experts 11.6671 sec
Elapsed time for households 9.6402 sec
Iteration 133
Elapsed time for kappa 30.6574 sec
Elapsed time for experts 13.0083 sec
Elapsed time for households 9.7876 sec
Iteration 134
Elapsed time for kappa 30.5547 sec
Elapsed time for experts 11.2150 sec
Elapsed time for households 9.6842 sec
Iteration 135
Elapsed time for kappa 30.4331 sec
Elapsed time for experts 11.6386 sec
Elapsed time for households 9.6519 sec
Iteration 136
Elapsed time for kappa 30.3885 sec
Elapsed time for experts 17.5430 sec
Elapsed time for households 9.9838 sec
Iteration 137
Elapsed time for kappa 30.9479 sec
Elapsed time for experts 11.6971 sec
Elapsed time for households 9.7953 sec
Iteration 138
Elapsed time for kappa 30.8535 sec
Elapsed time for experts 11.5987 sec
Elapsed time for households 9.2845 sec
Iteration 139
Elapsed time for kappa 30.1673 sec
Elapsed time for experts 11.0305 sec
Elapsed time for households 9.5570 sec
Iteration 140
Elapsed time for kappa 30.2643 sec
Elapsed time for experts 11.0409 sec
Elapsed time for households 9.5748 sec
Iteration 141
Elapsed time for kappa 29.9699 sec
Elapsed time for experts 11.4824 sec
Elapsed time for households 9.6166 sec
Iteration 142
Elapsed time for kappa 29.8541 sec
Elapsed time for experts 16.7358 sec
Elapsed time for households 11.3706 sec
Iteration 143
Elapsed time for kappa 31.3331 sec
Elapsed time for experts 11.4595 sec
Elapsed time for households 9.7760 sec
Iteration 144
Elapsed time for kappa 31.2929 sec
Elapsed time for experts 11.3281 sec
Elapsed time for households 9.8269 sec
Iteration 145
Elapsed time for kappa 30.6891 sec
Elapsed time for experts 11.1081 sec
Elapsed time for households 9.7648 sec
Iteration 146
Elapsed time for kappa 30.9012 sec
Elapsed time for experts 10.9685 sec
Elapsed time for households 10.8600 sec
Iteration 147
Elapsed time for kappa 30.6468 sec
Elapsed time for experts 11.2158 sec
Elapsed time for households 10.3979 sec
Iteration 148
Elapsed time for kappa 32.1238 sec
Elapsed time for experts 16.6644 sec
Elapsed time for households 11.3347 sec
Iteration 149
Elapsed time for kappa 31.4187 sec
Elapsed time for experts 12.9003 sec
Elapsed time for households 10.0784 sec
Iteration 150
Elapsed time for kappa 30.8562 sec
Elapsed time for experts 11.1399 sec
Elapsed time for households 9.6144 sec
Iteration 151
Elapsed time for kappa 30.3767 sec
Elapsed time for experts 11.1825 sec
Elapsed time for households 9.4354 sec
Iteration 152
Elapsed time for kappa 30.5015 sec
Elapsed time for experts 10.7681 sec
Elapsed time for households 9.5072 sec
Iteration 153
Elapsed time for kappa 29.8722 sec
Elapsed time for experts 10.6736 sec
Elapsed time for households 9.3918 sec
Iteration 154
Elapsed time for kappa 30.8285 sec
Elapsed time for experts 16.6649 sec
Elapsed time for households 9.6609 sec
Iteration 155
Elapsed time for kappa 30.5353 sec
Elapsed time for experts 11.2975 sec
Elapsed time for households 9.7295 sec
Iteration 156
Elapsed time for kappa 30.7034 sec
Elapsed time for experts 11.2451 sec
Elapsed time for households 9.7064 sec
Iteration 157
Elapsed time for kappa 30.5686 sec
Elapsed time for experts 11.3105 sec
Elapsed time for households 9.7579 sec
Iteration 158
Elapsed time for kappa 30.6074 sec
Elapsed time for experts 11.2983 sec
Elapsed time for households 9.7566 sec
Iteration 159
Elapsed time for kappa 30.6678 sec
Elapsed time for experts 11.4312 sec
Elapsed time for households 9.5173 sec
Iteration 160
Elapsed time for kappa 37.3549 sec
Elapsed time for experts 11.8538 sec
Elapsed time for households 10.2301 sec
Iteration 161
Elapsed time for kappa 30.9237 sec
Elapsed time for experts 12.1740 sec
Elapsed time for households 9.6239 sec
Iteration 162
Elapsed time for kappa 31.0514 sec
Elapsed time for experts 11.2463 sec
Elapsed time for households 9.9921 sec
Iteration 163
Elapsed time for kappa 30.5343 sec
Elapsed time for experts 11.1147 sec
Elapsed time for households 9.7447 sec
Iteration 164
Elapsed time for kappa 30.6207 sec
Elapsed time for experts 11.4905 sec
Elapsed time for households 9.6607 sec
Iteration 165
Elapsed time for kappa 30.5446 sec
Elapsed time for experts 10.9922 sec
Elapsed time for households 9.8249 sec
Iteration 166
Elapsed time for kappa 36.9666 sec
Elapsed time for experts 12.0865 sec
Elapsed time for households 9.9305 sec
Iteration 167
Elapsed time for kappa 31.1005 sec
Elapsed time for experts 11.3494 sec
Elapsed time for households 9.8716 sec
Iteration 168
Elapsed time for kappa 30.7773 sec
Elapsed time for experts 11.4408 sec
Elapsed time for households 9.6817 sec
Iteration 169
Elapsed time for kappa 30.6655 sec
Elapsed time for experts 10.8487 sec
Elapsed time for households 9.6436 sec
Iteration 170
Elapsed time for kappa 30.6004 sec
Elapsed time for experts 10.7598 sec
Elapsed time for households 9.6534 sec
Iteration 171
Elapsed time for kappa 30.3133 sec
Elapsed time for experts 11.3007 sec
Elapsed time for households 9.4891 sec
Iteration 172
Elapsed time for kappa 36.3903 sec
Elapsed time for experts 11.3094 sec
Elapsed time for households 9.7193 sec
Iteration 173
Elapsed time for kappa 30.3631 sec
Elapsed time for experts 11.2641 sec
Elapsed time for households 9.6933 sec
Iteration 174
Elapsed time for kappa 30.1725 sec
Elapsed time for experts 11.5008 sec
Elapsed time for households 9.6153 sec
Iteration 175
Elapsed time for kappa 30.3755 sec
Elapsed time for experts 11.5305 sec
Elapsed time for households 9.6535 sec
Iteration 176
Elapsed time for kappa 29.9335 sec
Elapsed time for experts 10.9484 sec
Elapsed time for households 9.4818 sec
Iteration 177
Elapsed time for kappa 30.0735 sec
Elapsed time for experts 10.6496 sec
Elapsed time for households 9.6802 sec
Iteration 178
Elapsed time for kappa 36.1508 sec
Elapsed time for experts 11.3257 sec
Elapsed time for households 9.8595 sec
Iteration 179
Elapsed time for kappa 30.3795 sec
Elapsed time for experts 10.8376 sec
Elapsed time for households 9.8597 sec
Iteration 180
Elapsed time for kappa 30.2176 sec
Elapsed time for experts 11.5535 sec
Elapsed time for households 9.5343 sec
Iteration 181
Elapsed time for kappa 30.4612 sec
Elapsed time for experts 11.7798 sec
Elapsed time for households 9.7389 sec
Iteration 182
Elapsed time for kappa 32.6436 sec
Elapsed time for experts 10.9375 sec
Elapsed time for households 9.5556 sec
Iteration 183
Elapsed time for kappa 30.2395 sec
Elapsed time for experts 10.5277 sec
Elapsed time for households 14.4206 sec
Iteration 184
Elapsed time for kappa 31.1762 sec
Elapsed time for experts 10.8425 sec
Elapsed time for households 9.7257 sec
Iteration 185
Elapsed time for kappa 30.3223 sec
Elapsed time for experts 10.9748 sec
Elapsed time for households 9.6390 sec
Iteration 186
Elapsed time for kappa 30.2675 sec
Elapsed time for experts 11.3497 sec
Elapsed time for households 9.8677 sec
Iteration 187
Elapsed time for kappa 30.4096 sec
Elapsed time for experts 11.4191 sec
Elapsed time for households 9.4864 sec
Iteration 188
Elapsed time for kappa 30.5006 sec
Elapsed time for experts 10.8493 sec
Elapsed time for households 9.9914 sec
Iteration 189
Elapsed time for kappa 30.1986 sec
Elapsed time for experts 10.9435 sec
Elapsed time for households 15.2105 sec
Iteration 190
Elapsed time for kappa 31.4916 sec
Elapsed time for experts 11.3565 sec
Elapsed time for households 9.9015 sec
Iteration 191
Elapsed time for kappa 30.7949 sec
Elapsed time for experts 11.3248 sec
Elapsed time for households 9.8488 sec
Iteration 192
Elapsed time for kappa 30.8195 sec
Elapsed time for experts 10.9145 sec
Elapsed time for households 9.6855 sec
Iteration 193
Elapsed time for kappa 30.4247 sec
Elapsed time for experts 11.5544 sec
Elapsed time for households 9.7046 sec
Iteration 194
Elapsed time for kappa 30.5248 sec
Elapsed time for experts 11.4378 sec
Elapsed time for households 9.7089 sec
Iteration 195
Elapsed time for kappa 30.7596 sec
Elapsed time for experts 11.0858 sec
Elapsed time for households 15.6033 sec
Iteration 196
Elapsed time for kappa 31.5333 sec
Elapsed time for experts 11.8974 sec
Elapsed time for households 9.9366 sec
Iteration 197
Elapsed time for kappa 31.0969 sec
Elapsed time for experts 11.2103 sec
Elapsed time for households 10.1866 sec
Iteration 198
Elapsed time for kappa 30.8556 sec
Elapsed time for experts 11.4602 sec
Elapsed time for households 9.7875 sec
Iteration 199
Elapsed time for kappa 30.8583 sec
Elapsed time for experts 11.1108 sec
Elapsed time for households 9.6618 sec
Elapsed time for training 11051.9752 sec
90000 90000 90000 90000
