Iteration 0
Elapsed time for kappa 68.8928 sec
Elapsed time for experts 20.2136 sec
Elapsed time for households 15.7158 sec
Iteration 1
Elapsed time for kappa 37.4425 sec
Elapsed time for experts 15.3118 sec
Elapsed time for households 13.3253 sec
Iteration 2
Elapsed time for kappa 34.4226 sec
Elapsed time for experts 14.8175 sec
Elapsed time for households 13.0237 sec
Iteration 3
Elapsed time for kappa 34.3431 sec
Elapsed time for experts 14.9641 sec
Elapsed time for households 13.0909 sec
Iteration 4
Elapsed time for kappa 34.3674 sec
Elapsed time for experts 12.9883 sec
Elapsed time for households 11.5620 sec
Iteration 5
Elapsed time for kappa 34.9070 sec
Elapsed time for experts 13.7636 sec
Elapsed time for households 13.3998 sec
Iteration 6
Elapsed time for kappa 34.8113 sec
Elapsed time for experts 14.1871 sec
Elapsed time for households 12.8062 sec
Iteration 7
Elapsed time for kappa 42.6869 sec
Elapsed time for experts 14.1124 sec
Elapsed time for households 11.7383 sec
Iteration 8
Elapsed time for kappa 34.7552 sec
Elapsed time for experts 13.6279 sec
Elapsed time for households 11.2819 sec
Iteration 9
Elapsed time for kappa 34.0811 sec
Elapsed time for experts 12.7997 sec
Elapsed time for households 13.0673 sec
Iteration 10
Elapsed time for kappa 33.9894 sec
Elapsed time for experts 13.2158 sec
Elapsed time for households 11.5804 sec
Iteration 11
Elapsed time for kappa 34.2281 sec
Elapsed time for experts 12.5798 sec
Elapsed time for households 11.7073 sec
Iteration 12
Elapsed time for kappa 33.6763 sec
Elapsed time for experts 12.5595 sec
Elapsed time for households 18.7853 sec
Iteration 13
Elapsed time for kappa 35.8808 sec
Elapsed time for experts 13.2732 sec
Elapsed time for households 11.6605 sec
Iteration 14
Elapsed time for kappa 34.6066 sec
Elapsed time for experts 12.8556 sec
Elapsed time for households 11.3305 sec
Iteration 15
Elapsed time for kappa 34.9240 sec
Elapsed time for experts 14.4235 sec
Elapsed time for households 11.4970 sec
Iteration 16
Elapsed time for kappa 34.9224 sec
Elapsed time for experts 12.6876 sec
Elapsed time for households 13.0584 sec
Iteration 17
Elapsed time for kappa 35.1663 sec
Elapsed time for experts 13.9335 sec
Elapsed time for households 13.0944 sec
Iteration 18
Elapsed time for kappa 35.2235 sec
Elapsed time for experts 14.0529 sec
Elapsed time for households 21.4852 sec
Iteration 19
Elapsed time for kappa 35.1660 sec
Elapsed time for experts 13.6544 sec
Elapsed time for households 11.5867 sec
Iteration 20
Elapsed time for kappa 35.1608 sec
Elapsed time for experts 12.8595 sec
Elapsed time for households 12.9935 sec
Iteration 21
Elapsed time for kappa 35.1525 sec
Elapsed time for experts 13.3248 sec
Elapsed time for households 13.0671 sec
Iteration 22
Elapsed time for kappa 34.8034 sec
Elapsed time for experts 13.7022 sec
Elapsed time for households 13.2232 sec
Iteration 23
Elapsed time for kappa 34.4491 sec
Elapsed time for experts 13.7724 sec
Elapsed time for households 11.5139 sec
Iteration 24
Elapsed time for kappa 34.4182 sec
Elapsed time for experts 20.8894 sec
Elapsed time for households 13.9797 sec
Iteration 25
Elapsed time for kappa 35.7696 sec
Elapsed time for experts 13.4805 sec
Elapsed time for households 12.5627 sec
Iteration 26
Elapsed time for kappa 35.1926 sec
Elapsed time for experts 12.9831 sec
Elapsed time for households 13.4845 sec
Iteration 27
Elapsed time for kappa 34.5429 sec
Elapsed time for experts 13.2710 sec
Elapsed time for households 13.4755 sec
Iteration 28
Elapsed time for kappa 34.4457 sec
Elapsed time for experts 12.8526 sec
Elapsed time for households 11.5458 sec
Iteration 29
Elapsed time for kappa 34.0913 sec
Elapsed time for experts 12.7972 sec
Elapsed time for households 11.3348 sec
Iteration 30
Elapsed time for kappa 34.2967 sec
Elapsed time for experts 20.4723 sec
Elapsed time for households 14.0705 sec
Iteration 31
Elapsed time for kappa 35.5899 sec
Elapsed time for experts 14.1829 sec
Elapsed time for households 11.9454 sec
Iteration 32
Elapsed time for kappa 35.0063 sec
Elapsed time for experts 13.2304 sec
Elapsed time for households 11.5578 sec
Iteration 33
Elapsed time for kappa 35.1019 sec
Elapsed time for experts 13.1995 sec
Elapsed time for households 11.6802 sec
Iteration 34
Elapsed time for kappa 34.1743 sec
Elapsed time for experts 12.6581 sec
Elapsed time for households 11.6957 sec
Iteration 35
Elapsed time for kappa 34.4006 sec
Elapsed time for experts 12.9533 sec
Elapsed time for households 11.4888 sec
Iteration 36
Elapsed time for kappa 34.1674 sec
Elapsed time for experts 20.6549 sec
Elapsed time for households 12.3272 sec
Iteration 37
Elapsed time for kappa 35.4568 sec
Elapsed time for experts 13.1112 sec
Elapsed time for households 11.7171 sec
Iteration 38
Elapsed time for kappa 34.3160 sec
Elapsed time for experts 12.7933 sec
Elapsed time for households 11.5382 sec
Iteration 39
Elapsed time for kappa 35.2051 sec
Elapsed time for experts 12.8487 sec
Elapsed time for households 12.2680 sec
Iteration 40
Elapsed time for kappa 34.4598 sec
Elapsed time for experts 12.8420 sec
Elapsed time for households 12.1710 sec
Iteration 41
Elapsed time for kappa 34.7006 sec
Elapsed time for experts 12.5807 sec
Elapsed time for households 12.2367 sec
Iteration 42
Elapsed time for kappa 41.5210 sec
Elapsed time for experts 13.0421 sec
Elapsed time for households 11.6374 sec
Iteration 43
Elapsed time for kappa 34.4201 sec
Elapsed time for experts 12.5206 sec
Elapsed time for households 11.8820 sec
Iteration 44
Elapsed time for kappa 34.5915 sec
Elapsed time for experts 12.4160 sec
Elapsed time for households 11.6256 sec
Iteration 45
Elapsed time for kappa 34.4960 sec
Elapsed time for experts 12.4268 sec
Elapsed time for households 11.1994 sec
Iteration 46
Elapsed time for kappa 34.1983 sec
Elapsed time for experts 12.3072 sec
Elapsed time for households 11.1094 sec
Iteration 47
Elapsed time for kappa 34.7254 sec
Elapsed time for experts 12.4855 sec
Elapsed time for households 11.4322 sec
Iteration 48
Elapsed time for kappa 41.8821 sec
Elapsed time for experts 12.3874 sec
Elapsed time for households 10.9961 sec
Iteration 49
Elapsed time for kappa 34.1744 sec
Elapsed time for experts 12.4513 sec
Elapsed time for households 11.2011 sec
Iteration 50
Elapsed time for kappa 34.7535 sec
Elapsed time for experts 12.3500 sec
Elapsed time for households 10.9773 sec
Iteration 51
Elapsed time for kappa 33.8681 sec
Elapsed time for experts 12.2959 sec
Elapsed time for households 10.6638 sec
Iteration 52
Elapsed time for kappa 33.7391 sec
Elapsed time for experts 12.5450 sec
Elapsed time for households 10.5449 sec
Iteration 53
Elapsed time for kappa 33.8720 sec
Elapsed time for experts 12.6881 sec
Elapsed time for households 10.5368 sec
Iteration 54
Elapsed time for kappa 41.0079 sec
Elapsed time for experts 12.9234 sec
Elapsed time for households 10.5803 sec
Iteration 55
Elapsed time for kappa 34.4113 sec
Elapsed time for experts 12.8272 sec
Elapsed time for households 11.1412 sec
Iteration 56
Elapsed time for kappa 33.4975 sec
Elapsed time for experts 12.4756 sec
Elapsed time for households 11.4380 sec
Iteration 57
Elapsed time for kappa 34.7636 sec
Elapsed time for experts 12.4579 sec
Elapsed time for households 10.9820 sec
Iteration 58
Elapsed time for kappa 32.8938 sec
Elapsed time for experts 12.1383 sec
Elapsed time for households 11.0871 sec
Iteration 59
Elapsed time for kappa 33.6756 sec
Elapsed time for experts 12.2955 sec
Elapsed time for households 11.3972 sec
Iteration 60
Elapsed time for kappa 39.3531 sec
Elapsed time for experts 12.3079 sec
Elapsed time for households 11.3460 sec
Iteration 61
Elapsed time for kappa 33.4266 sec
Elapsed time for experts 12.3004 sec
Elapsed time for households 11.2596 sec
Iteration 62
Elapsed time for kappa 33.4084 sec
Elapsed time for experts 12.1796 sec
Elapsed time for households 11.1342 sec
Iteration 63
Elapsed time for kappa 32.8109 sec
Elapsed time for experts 11.8854 sec
Elapsed time for households 10.8581 sec
Iteration 64
Elapsed time for kappa 33.5470 sec
Elapsed time for experts 11.9781 sec
Elapsed time for households 10.4970 sec
Iteration 65
Elapsed time for kappa 33.1952 sec
Elapsed time for experts 12.0214 sec
Elapsed time for households 16.6188 sec
Iteration 66
Elapsed time for kappa 33.4707 sec
Elapsed time for experts 12.1404 sec
Elapsed time for households 11.2005 sec
Iteration 67
Elapsed time for kappa 33.3700 sec
Elapsed time for experts 11.9562 sec
Elapsed time for households 10.5992 sec
Iteration 68
Elapsed time for kappa 33.2430 sec
Elapsed time for experts 12.2202 sec
Elapsed time for households 10.7947 sec
Iteration 69
Elapsed time for kappa 33.0148 sec
Elapsed time for experts 12.1218 sec
Elapsed time for households 10.8258 sec
Iteration 70
Elapsed time for kappa 32.7028 sec
Elapsed time for experts 12.4613 sec
Elapsed time for households 11.0993 sec
Iteration 71
Elapsed time for kappa 32.9695 sec
Elapsed time for experts 18.9429 sec
Elapsed time for households 11.4244 sec
Iteration 72
Elapsed time for kappa 33.1068 sec
Elapsed time for experts 12.3969 sec
Elapsed time for households 11.3500 sec
Iteration 73
Elapsed time for kappa 32.8983 sec
Elapsed time for experts 12.2783 sec
Elapsed time for households 10.8274 sec
Iteration 74
Elapsed time for kappa 32.7233 sec
Elapsed time for experts 12.2415 sec
Elapsed time for households 10.8884 sec
Iteration 75
Elapsed time for kappa 32.6918 sec
Elapsed time for experts 12.0482 sec
Elapsed time for households 11.1297 sec
Iteration 76
Elapsed time for kappa 33.9612 sec
Elapsed time for experts 12.0085 sec
Elapsed time for households 10.8077 sec
Iteration 77
Elapsed time for kappa 32.6212 sec
Elapsed time for experts 18.5129 sec
Elapsed time for households 11.6478 sec
Iteration 78
Elapsed time for kappa 33.2208 sec
Elapsed time for experts 12.3422 sec
Elapsed time for households 11.3487 sec
Iteration 79
Elapsed time for kappa 32.9380 sec
Elapsed time for experts 12.0479 sec
Elapsed time for households 10.9220 sec
Iteration 80
Elapsed time for kappa 34.0775 sec
Elapsed time for experts 11.8719 sec
Elapsed time for households 10.9504 sec
Iteration 81
Elapsed time for kappa 33.2167 sec
Elapsed time for experts 12.4521 sec
Elapsed time for households 10.1492 sec
Iteration 82
Elapsed time for kappa 32.5158 sec
Elapsed time for experts 12.3578 sec
Elapsed time for households 10.6299 sec
Iteration 83
Elapsed time for kappa 32.3908 sec
Elapsed time for experts 18.4844 sec
Elapsed time for households 11.4874 sec
Iteration 84
Elapsed time for kappa 33.0924 sec
Elapsed time for experts 12.1999 sec
Elapsed time for households 10.9113 sec
Iteration 85
Elapsed time for kappa 32.7565 sec
Elapsed time for experts 12.2286 sec
Elapsed time for households 11.0352 sec
Iteration 86
Elapsed time for kappa 32.9932 sec
Elapsed time for experts 12.6081 sec
Elapsed time for households 11.2471 sec
Iteration 87
Elapsed time for kappa 32.6572 sec
Elapsed time for experts 12.0181 sec
Elapsed time for households 11.0312 sec
Iteration 88
Elapsed time for kappa 32.8336 sec
Elapsed time for experts 12.0123 sec
Elapsed time for households 10.9171 sec
Iteration 89
Elapsed time for kappa 32.6115 sec
Elapsed time for experts 18.4647 sec
Elapsed time for households 11.4508 sec
Iteration 90
Elapsed time for kappa 33.3682 sec
Elapsed time for experts 12.1002 sec
Elapsed time for households 10.5623 sec
Iteration 91
Elapsed time for kappa 33.0122 sec
Elapsed time for experts 11.9738 sec
Elapsed time for households 11.0476 sec
Iteration 92
Elapsed time for kappa 32.8282 sec
Elapsed time for experts 11.8549 sec
Elapsed time for households 10.8688 sec
Iteration 93
Elapsed time for kappa 32.9346 sec
Elapsed time for experts 11.9022 sec
Elapsed time for households 10.7572 sec
Iteration 94
Elapsed time for kappa 33.1517 sec
Elapsed time for experts 12.2568 sec
Elapsed time for households 10.6093 sec
Iteration 95
Elapsed time for kappa 39.1968 sec
Elapsed time for experts 12.3465 sec
Elapsed time for households 10.6488 sec
Iteration 96
Elapsed time for kappa 33.1560 sec
Elapsed time for experts 12.6662 sec
Elapsed time for households 10.4167 sec
Iteration 97
Elapsed time for kappa 32.7601 sec
Elapsed time for experts 12.1444 sec
Elapsed time for households 10.7645 sec
Iteration 98
Elapsed time for kappa 32.7083 sec
Elapsed time for experts 12.1538 sec
Elapsed time for households 10.9791 sec
Iteration 99
Elapsed time for kappa 32.4913 sec
Elapsed time for experts 12.3087 sec
Elapsed time for households 11.2123 sec
Iteration 100
Elapsed time for kappa 32.8042 sec
Elapsed time for experts 12.1030 sec
Elapsed time for households 10.6671 sec
Iteration 101
Elapsed time for kappa 39.0638 sec
Elapsed time for experts 12.4343 sec
Elapsed time for households 11.2774 sec
Iteration 102
Elapsed time for kappa 32.8195 sec
Elapsed time for experts 12.1767 sec
Elapsed time for households 10.8154 sec
Iteration 103
Elapsed time for kappa 32.6692 sec
Elapsed time for experts 12.0017 sec
Elapsed time for households 11.0569 sec
Iteration 104
Elapsed time for kappa 32.3687 sec
Elapsed time for experts 11.9423 sec
Elapsed time for households 10.9105 sec
Iteration 105
Elapsed time for kappa 32.4089 sec
Elapsed time for experts 11.8224 sec
Elapsed time for households 10.6155 sec
Iteration 106
Elapsed time for kappa 32.5901 sec
Elapsed time for experts 11.9369 sec
Elapsed time for households 10.6250 sec
Iteration 107
Elapsed time for kappa 39.8985 sec
Elapsed time for experts 12.4885 sec
Elapsed time for households 11.0222 sec
Iteration 108
Elapsed time for kappa 33.1584 sec
Elapsed time for experts 12.3722 sec
Elapsed time for households 10.9299 sec
Iteration 109
Elapsed time for kappa 33.0530 sec
Elapsed time for experts 12.3892 sec
Elapsed time for households 10.5162 sec
Iteration 110
Elapsed time for kappa 32.9094 sec
Elapsed time for experts 12.5530 sec
Elapsed time for households 11.1653 sec
Iteration 111
Elapsed time for kappa 32.2876 sec
Elapsed time for experts 12.3361 sec
Elapsed time for households 10.8558 sec
Iteration 112
Elapsed time for kappa 32.5507 sec
Elapsed time for experts 12.4883 sec
Elapsed time for households 11.2848 sec
Iteration 113
Elapsed time for kappa 39.2755 sec
Elapsed time for experts 12.4048 sec
Elapsed time for households 11.3408 sec
Iteration 114
Elapsed time for kappa 32.7543 sec
Elapsed time for experts 12.0142 sec
Elapsed time for households 10.9197 sec
Iteration 115
Elapsed time for kappa 32.9265 sec
Elapsed time for experts 11.9428 sec
Elapsed time for households 11.2156 sec
Iteration 116
Elapsed time for kappa 32.5030 sec
Elapsed time for experts 11.7462 sec
Elapsed time for households 10.9062 sec
Iteration 117
Elapsed time for kappa 33.1751 sec
Elapsed time for experts 11.8327 sec
Elapsed time for households 10.9275 sec
Iteration 118
Elapsed time for kappa 32.6229 sec
Elapsed time for experts 11.9926 sec
Elapsed time for households 16.3621 sec
Iteration 119
Elapsed time for kappa 33.5151 sec
Elapsed time for experts 11.9783 sec
Elapsed time for households 11.0359 sec
Iteration 120
Elapsed time for kappa 33.3082 sec
Elapsed time for experts 12.3245 sec
Elapsed time for households 10.3020 sec
Iteration 121
Elapsed time for kappa 32.8479 sec
Elapsed time for experts 12.2956 sec
Elapsed time for households 11.0335 sec
Iteration 122
Elapsed time for kappa 32.8050 sec
Elapsed time for experts 12.2596 sec
Elapsed time for households 11.0488 sec
Iteration 123
Elapsed time for kappa 32.4592 sec
Elapsed time for experts 12.3014 sec
Elapsed time for households 11.0071 sec
Iteration 124
Elapsed time for kappa 32.7207 sec
Elapsed time for experts 12.2534 sec
Elapsed time for households 17.8509 sec
Iteration 125
Elapsed time for kappa 33.2039 sec
Elapsed time for experts 12.5964 sec
Elapsed time for households 11.2054 sec
Iteration 126
Elapsed time for kappa 32.9132 sec
Elapsed time for experts 12.3527 sec
Elapsed time for households 11.7309 sec
Iteration 127
Elapsed time for kappa 32.9952 sec
Elapsed time for experts 12.3491 sec
Elapsed time for households 11.0424 sec
Iteration 128
Elapsed time for kappa 32.9922 sec
Elapsed time for experts 11.9998 sec
Elapsed time for households 11.2143 sec
Iteration 129
Elapsed time for kappa 32.9745 sec
Elapsed time for experts 11.9855 sec
Elapsed time for households 10.7076 sec
Iteration 130
Elapsed time for kappa 32.6899 sec
Elapsed time for experts 11.9576 sec
Elapsed time for households 17.5367 sec
Iteration 131
Elapsed time for kappa 34.5115 sec
Elapsed time for experts 12.0464 sec
Elapsed time for households 11.2686 sec
Iteration 132
Elapsed time for kappa 33.2036 sec
Elapsed time for experts 11.8750 sec
Elapsed time for households 10.8956 sec
Iteration 133
Elapsed time for kappa 33.1269 sec
Elapsed time for experts 12.0104 sec
Elapsed time for households 10.5221 sec
Iteration 134
Elapsed time for kappa 32.7943 sec
Elapsed time for experts 12.5093 sec
Elapsed time for households 10.1847 sec
Iteration 135
Elapsed time for kappa 32.5926 sec
Elapsed time for experts 12.2810 sec
Elapsed time for households 10.5804 sec
Iteration 136
Elapsed time for kappa 32.8211 sec
Elapsed time for experts 18.9517 sec
Elapsed time for households 11.2355 sec
Iteration 137
Elapsed time for kappa 33.6921 sec
Elapsed time for experts 12.6022 sec
Elapsed time for households 10.9138 sec
Iteration 138
Elapsed time for kappa 32.8093 sec
Elapsed time for experts 12.2709 sec
Elapsed time for households 11.1758 sec
Iteration 139
Elapsed time for kappa 33.0334 sec
Elapsed time for experts 12.3092 sec
Elapsed time for households 10.8272 sec
Iteration 140
Elapsed time for kappa 32.7466 sec
Elapsed time for experts 12.1573 sec
Elapsed time for households 11.0169 sec
Iteration 141
Elapsed time for kappa 32.4503 sec
Elapsed time for experts 12.2535 sec
Elapsed time for households 10.8529 sec
Iteration 142
Elapsed time for kappa 32.8652 sec
Elapsed time for experts 18.6270 sec
Elapsed time for households 11.4757 sec
Iteration 143
Elapsed time for kappa 33.0033 sec
Elapsed time for experts 12.4603 sec
Elapsed time for households 10.7781 sec
Iteration 144
Elapsed time for kappa 33.4684 sec
Elapsed time for experts 12.1387 sec
Elapsed time for households 11.2800 sec
Iteration 145
Elapsed time for kappa 32.7509 sec
Elapsed time for experts 11.9948 sec
Elapsed time for households 11.3118 sec
Iteration 146
Elapsed time for kappa 32.7928 sec
Elapsed time for experts 11.8194 sec
Elapsed time for households 10.6481 sec
Iteration 147
Elapsed time for kappa 32.9580 sec
Elapsed time for experts 11.9692 sec
Elapsed time for households 10.5083 sec
Iteration 148
Elapsed time for kappa 32.9760 sec
Elapsed time for experts 18.1308 sec
Elapsed time for households 10.8466 sec
Iteration 149
Elapsed time for kappa 33.3301 sec
Elapsed time for experts 11.9988 sec
Elapsed time for households 10.7548 sec
Iteration 150
Elapsed time for kappa 33.5193 sec
Elapsed time for experts 12.0127 sec
Elapsed time for households 10.8006 sec
Iteration 151
Elapsed time for kappa 32.9752 sec
Elapsed time for experts 12.4595 sec
Elapsed time for households 10.9746 sec
Iteration 152
Elapsed time for kappa 32.5559 sec
Elapsed time for experts 12.1546 sec
Elapsed time for households 11.0058 sec
Iteration 153
Elapsed time for kappa 32.4820 sec
Elapsed time for experts 12.5989 sec
Elapsed time for households 11.1689 sec
Iteration 154
Elapsed time for kappa 32.6395 sec
Elapsed time for experts 18.7560 sec
Elapsed time for households 11.3206 sec
Iteration 155
Elapsed time for kappa 33.2954 sec
Elapsed time for experts 12.7363 sec
Elapsed time for households 11.6999 sec
Iteration 156
Elapsed time for kappa 32.6686 sec
Elapsed time for experts 12.2573 sec
Elapsed time for households 11.3585 sec
Iteration 157
Elapsed time for kappa 32.8308 sec
Elapsed time for experts 12.1057 sec
Elapsed time for households 11.2125 sec
Iteration 158
Elapsed time for kappa 32.6364 sec
Elapsed time for experts 12.0376 sec
Elapsed time for households 10.8290 sec
Iteration 159
Elapsed time for kappa 32.8875 sec
Elapsed time for experts 11.9042 sec
Elapsed time for households 10.8082 sec
Iteration 160
Elapsed time for kappa 39.7513 sec
Elapsed time for experts 12.6007 sec
Elapsed time for households 11.1377 sec
Iteration 161
Elapsed time for kappa 33.5460 sec
Elapsed time for experts 12.3552 sec
Elapsed time for households 11.2232 sec
Iteration 162
Elapsed time for kappa 33.1042 sec
Elapsed time for experts 11.9383 sec
Elapsed time for households 11.1795 sec
Iteration 163
Elapsed time for kappa 33.4661 sec
Elapsed time for experts 11.8829 sec
Elapsed time for households 10.5576 sec
Iteration 164
Elapsed time for kappa 32.3457 sec
Elapsed time for experts 11.8556 sec
Elapsed time for households 10.9918 sec
Iteration 165
Elapsed time for kappa 32.5190 sec
Elapsed time for experts 11.9264 sec
Elapsed time for households 10.4489 sec
Iteration 166
Elapsed time for kappa 39.5026 sec
Elapsed time for experts 12.3052 sec
Elapsed time for households 10.9815 sec
Iteration 167
Elapsed time for kappa 33.5016 sec
Elapsed time for experts 12.2496 sec
Elapsed time for households 10.9709 sec
Iteration 168
Elapsed time for kappa 33.2635 sec
Elapsed time for experts 12.5171 sec
Elapsed time for households 10.5171 sec
Iteration 169
Elapsed time for kappa 31.9533 sec
Elapsed time for experts 11.8885 sec
Elapsed time for households 10.3636 sec
Iteration 170
Elapsed time for kappa 34.2189 sec
Elapsed time for experts 12.4816 sec
Elapsed time for households 11.2709 sec
Iteration 171
Elapsed time for kappa 33.7262 sec
Elapsed time for experts 12.1382 sec
Elapsed time for households 10.2649 sec
Iteration 172
Elapsed time for kappa 37.5894 sec
Elapsed time for experts 11.1474 sec
Elapsed time for households 9.6987 sec
Iteration 173
Elapsed time for kappa 32.6953 sec
Elapsed time for experts 11.7132 sec
Elapsed time for households 9.9539 sec
Iteration 174
Elapsed time for kappa 30.5936 sec
Elapsed time for experts 10.7189 sec
Elapsed time for households 9.9122 sec
Iteration 175
Elapsed time for kappa 31.3565 sec
Elapsed time for experts 11.1576 sec
Elapsed time for households 9.6445 sec
Iteration 176
Elapsed time for kappa 29.9270 sec
Elapsed time for experts 10.6967 sec
Elapsed time for households 9.5174 sec
Iteration 177
Elapsed time for kappa 30.1304 sec
Elapsed time for experts 10.9237 sec
Elapsed time for households 9.3664 sec
Iteration 178
Elapsed time for kappa 36.7033 sec
Elapsed time for experts 11.2110 sec
Elapsed time for households 9.7779 sec
Iteration 179
Elapsed time for kappa 29.9023 sec
Elapsed time for experts 10.8056 sec
Elapsed time for households 9.6733 sec
Iteration 180
Elapsed time for kappa 30.0633 sec
Elapsed time for experts 10.7396 sec
Elapsed time for households 9.7513 sec
Iteration 181
Elapsed time for kappa 30.0205 sec
Elapsed time for experts 10.7257 sec
Elapsed time for households 9.4679 sec
Iteration 182
Elapsed time for kappa 29.6678 sec
Elapsed time for experts 10.7110 sec
Elapsed time for households 9.3107 sec
Iteration 183
Elapsed time for kappa 30.0663 sec
Elapsed time for experts 10.5495 sec
Elapsed time for households 14.9116 sec
Iteration 184
Elapsed time for kappa 30.5496 sec
Elapsed time for experts 10.8632 sec
Elapsed time for households 9.7472 sec
Iteration 185
Elapsed time for kappa 30.0196 sec
Elapsed time for experts 10.9750 sec
Elapsed time for households 9.3606 sec
Iteration 186
Elapsed time for kappa 29.9953 sec
Elapsed time for experts 10.8209 sec
Elapsed time for households 9.4540 sec
Iteration 187
Elapsed time for kappa 29.5278 sec
Elapsed time for experts 10.8223 sec
Elapsed time for households 9.2928 sec
Iteration 188
Elapsed time for kappa 29.4802 sec
Elapsed time for experts 10.7125 sec
Elapsed time for households 9.6900 sec
Iteration 189
Elapsed time for kappa 30.0743 sec
Elapsed time for experts 10.9641 sec
Elapsed time for households 15.7340 sec
Iteration 190
Elapsed time for kappa 30.4540 sec
Elapsed time for experts 11.2072 sec
Elapsed time for households 9.6537 sec
Iteration 191
Elapsed time for kappa 30.0384 sec
Elapsed time for experts 10.8817 sec
Elapsed time for households 9.4189 sec
Iteration 192
Elapsed time for kappa 30.0808 sec
Elapsed time for experts 10.7955 sec
Elapsed time for households 9.3864 sec
Iteration 193
Elapsed time for kappa 30.0262 sec
Elapsed time for experts 10.7804 sec
Elapsed time for households 9.2226 sec
Iteration 194
Elapsed time for kappa 29.6397 sec
Elapsed time for experts 10.8727 sec
Elapsed time for households 9.5603 sec
Iteration 195
Elapsed time for kappa 29.5976 sec
Elapsed time for experts 10.9388 sec
Elapsed time for households 15.5538 sec
Iteration 196
Elapsed time for kappa 30.5654 sec
Elapsed time for experts 11.1420 sec
Elapsed time for households 9.5300 sec
Iteration 197
Elapsed time for kappa 30.4972 sec
Elapsed time for experts 10.8448 sec
Elapsed time for households 9.6497 sec
Iteration 198
Elapsed time for kappa 29.7000 sec
Elapsed time for experts 10.6039 sec
Elapsed time for households 9.3209 sec
Iteration 199
Elapsed time for kappa 29.5676 sec
Elapsed time for experts 11.0428 sec
Elapsed time for households 9.8299 sec
Elapsed time for training 11557.3647 sec
90000 90000 90000 90000
