Iteration 0
Elapsed time for kappa 65.8253 sec
Elapsed time for experts 18.1333 sec
Elapsed time for households 14.1374 sec
Iteration 1
Elapsed time for kappa 38.0472 sec
Elapsed time for experts 13.8394 sec
Elapsed time for households 11.9133 sec
Iteration 2
Elapsed time for kappa 32.2044 sec
Elapsed time for experts 13.1753 sec
Elapsed time for households 11.6264 sec
Iteration 3
Elapsed time for kappa 32.0332 sec
Elapsed time for experts 11.6381 sec
Elapsed time for households 11.9405 sec
Iteration 4
Elapsed time for kappa 32.3318 sec
Elapsed time for experts 11.5136 sec
Elapsed time for households 11.5779 sec
Iteration 5
Elapsed time for kappa 31.7614 sec
Elapsed time for experts 13.2460 sec
Elapsed time for households 11.7148 sec
Iteration 6
Elapsed time for kappa 31.9644 sec
Elapsed time for experts 11.6533 sec
Elapsed time for households 11.6821 sec
Iteration 7
Elapsed time for kappa 39.4435 sec
Elapsed time for experts 12.3678 sec
Elapsed time for households 11.8284 sec
Iteration 8
Elapsed time for kappa 31.9781 sec
Elapsed time for experts 11.8953 sec
Elapsed time for households 11.7720 sec
Iteration 9
Elapsed time for kappa 32.3558 sec
Elapsed time for experts 11.9433 sec
Elapsed time for households 11.7533 sec
Iteration 10
Elapsed time for kappa 31.9115 sec
Elapsed time for experts 11.6418 sec
Elapsed time for households 11.7972 sec
Iteration 11
Elapsed time for kappa 32.2742 sec
Elapsed time for experts 11.8414 sec
Elapsed time for households 11.7518 sec
Iteration 12
Elapsed time for kappa 31.7704 sec
Elapsed time for experts 11.7416 sec
Elapsed time for households 18.4485 sec
Iteration 13
Elapsed time for kappa 32.8826 sec
Elapsed time for experts 12.0339 sec
Elapsed time for households 10.0806 sec
Iteration 14
Elapsed time for kappa 32.5099 sec
Elapsed time for experts 11.8541 sec
Elapsed time for households 11.8782 sec
Iteration 15
Elapsed time for kappa 32.4452 sec
Elapsed time for experts 13.4554 sec
Elapsed time for households 11.6580 sec
Iteration 16
Elapsed time for kappa 32.0265 sec
Elapsed time for experts 12.8150 sec
Elapsed time for households 11.7433 sec
Iteration 17
Elapsed time for kappa 32.0376 sec
Elapsed time for experts 13.1382 sec
Elapsed time for households 10.4218 sec
Iteration 18
Elapsed time for kappa 31.9206 sec
Elapsed time for experts 11.5846 sec
Elapsed time for households 18.3658 sec
Iteration 19
Elapsed time for kappa 33.0523 sec
Elapsed time for experts 11.7509 sec
Elapsed time for households 10.1962 sec
Iteration 20
Elapsed time for kappa 32.2916 sec
Elapsed time for experts 11.5008 sec
Elapsed time for households 10.0388 sec
Iteration 21
Elapsed time for kappa 32.3776 sec
Elapsed time for experts 11.4345 sec
Elapsed time for households 11.8459 sec
Iteration 22
Elapsed time for kappa 32.0280 sec
Elapsed time for experts 11.4326 sec
Elapsed time for households 10.0578 sec
Iteration 23
Elapsed time for kappa 31.9428 sec
Elapsed time for experts 11.3395 sec
Elapsed time for households 10.9884 sec
Iteration 24
Elapsed time for kappa 32.1286 sec
Elapsed time for experts 19.2218 sec
Elapsed time for households 11.9365 sec
Iteration 25
Elapsed time for kappa 33.0014 sec
Elapsed time for experts 11.7995 sec
Elapsed time for households 10.2183 sec
Iteration 26
Elapsed time for kappa 32.4132 sec
Elapsed time for experts 11.8468 sec
Elapsed time for households 11.3996 sec
Iteration 27
Elapsed time for kappa 32.1345 sec
Elapsed time for experts 11.7499 sec
Elapsed time for households 10.0125 sec
Iteration 28
Elapsed time for kappa 32.1148 sec
Elapsed time for experts 11.8156 sec
Elapsed time for households 11.7526 sec
Iteration 29
Elapsed time for kappa 32.3714 sec
Elapsed time for experts 11.6086 sec
Elapsed time for households 10.8546 sec
Iteration 30
Elapsed time for kappa 32.1902 sec
Elapsed time for experts 19.1461 sec
Elapsed time for households 10.4955 sec
Iteration 31
Elapsed time for kappa 33.0144 sec
Elapsed time for experts 12.0734 sec
Elapsed time for households 11.2924 sec
Iteration 32
Elapsed time for kappa 32.6692 sec
Elapsed time for experts 12.0168 sec
Elapsed time for households 9.9660 sec
Iteration 33
Elapsed time for kappa 31.9675 sec
Elapsed time for experts 11.6859 sec
Elapsed time for households 11.0612 sec
Iteration 34
Elapsed time for kappa 32.2812 sec
Elapsed time for experts 11.7849 sec
Elapsed time for households 9.9421 sec
Iteration 35
Elapsed time for kappa 32.6198 sec
Elapsed time for experts 11.6244 sec
Elapsed time for households 11.9473 sec
Iteration 36
Elapsed time for kappa 32.0050 sec
Elapsed time for experts 18.9832 sec
Elapsed time for households 12.3319 sec
Iteration 37
Elapsed time for kappa 33.2120 sec
Elapsed time for experts 11.9152 sec
Elapsed time for households 10.4523 sec
Iteration 38
Elapsed time for kappa 32.2878 sec
Elapsed time for experts 11.5067 sec
Elapsed time for households 10.1285 sec
Iteration 39
Elapsed time for kappa 32.6374 sec
Elapsed time for experts 11.5029 sec
Elapsed time for households 11.0386 sec
Iteration 40
Elapsed time for kappa 32.6806 sec
Elapsed time for experts 11.8197 sec
Elapsed time for households 10.0822 sec
Iteration 41
Elapsed time for kappa 31.9708 sec
Elapsed time for experts 11.5557 sec
Elapsed time for households 10.0160 sec
Iteration 42
Elapsed time for kappa 40.7444 sec
Elapsed time for experts 12.1513 sec
Elapsed time for households 10.3011 sec
Iteration 43
Elapsed time for kappa 32.4203 sec
Elapsed time for experts 11.6970 sec
Elapsed time for households 12.1721 sec
Iteration 44
Elapsed time for kappa 32.5981 sec
Elapsed time for experts 11.7535 sec
Elapsed time for households 11.4071 sec
Iteration 45
Elapsed time for kappa 32.5954 sec
Elapsed time for experts 11.8115 sec
Elapsed time for households 10.0015 sec
Iteration 46
Elapsed time for kappa 32.0067 sec
Elapsed time for experts 11.5441 sec
Elapsed time for households 10.8707 sec
Iteration 47
Elapsed time for kappa 31.9049 sec
Elapsed time for experts 11.6528 sec
Elapsed time for households 11.3457 sec
Iteration 48
Elapsed time for kappa 40.2283 sec
Elapsed time for experts 12.3411 sec
Elapsed time for households 10.2544 sec
Iteration 49
Elapsed time for kappa 32.3193 sec
Elapsed time for experts 11.6825 sec
Elapsed time for households 10.2449 sec
Iteration 50
Elapsed time for kappa 32.4020 sec
Elapsed time for experts 11.5233 sec
Elapsed time for households 11.5653 sec
Iteration 51
Elapsed time for kappa 32.2905 sec
Elapsed time for experts 11.3766 sec
Elapsed time for households 11.4339 sec
Iteration 52
Elapsed time for kappa 32.1293 sec
Elapsed time for experts 11.6047 sec
Elapsed time for households 9.9571 sec
Iteration 53
Elapsed time for kappa 31.9977 sec
Elapsed time for experts 11.3701 sec
Elapsed time for households 10.9762 sec
Iteration 54
Elapsed time for kappa 40.7835 sec
Elapsed time for experts 12.2828 sec
Elapsed time for households 10.3364 sec
Iteration 55
Elapsed time for kappa 32.7304 sec
Elapsed time for experts 11.7727 sec
Elapsed time for households 10.1294 sec
Iteration 56
Elapsed time for kappa 32.7012 sec
Elapsed time for experts 11.5798 sec
Elapsed time for households 11.8300 sec
Iteration 57
Elapsed time for kappa 31.7753 sec
Elapsed time for experts 11.3127 sec
Elapsed time for households 11.7526 sec
Iteration 58
Elapsed time for kappa 32.0075 sec
Elapsed time for experts 11.4651 sec
Elapsed time for households 11.7919 sec
Iteration 59
Elapsed time for kappa 32.4110 sec
Elapsed time for experts 11.3379 sec
Elapsed time for households 10.1861 sec
Iteration 60
Elapsed time for kappa 41.2544 sec
Elapsed time for experts 12.2899 sec
Elapsed time for households 11.5640 sec
Iteration 61
Elapsed time for kappa 32.4341 sec
Elapsed time for experts 11.7868 sec
Elapsed time for households 10.0704 sec
Iteration 62
Elapsed time for kappa 32.5350 sec
Elapsed time for experts 11.5648 sec
Elapsed time for households 9.9860 sec
Iteration 63
Elapsed time for kappa 32.7323 sec
Elapsed time for experts 11.7095 sec
Elapsed time for households 9.9858 sec
Iteration 64
Elapsed time for kappa 32.4701 sec
Elapsed time for experts 11.5401 sec
Elapsed time for households 10.1203 sec
Iteration 65
Elapsed time for kappa 32.4215 sec
Elapsed time for experts 12.0549 sec
Elapsed time for households 10.0631 sec
Iteration 66
Elapsed time for kappa 39.8582 sec
Elapsed time for experts 11.7585 sec
Elapsed time for households 11.0390 sec
Iteration 67
Elapsed time for kappa 33.5317 sec
Elapsed time for experts 12.3455 sec
Elapsed time for households 10.1492 sec
Iteration 68
Elapsed time for kappa 32.8523 sec
Elapsed time for experts 11.9009 sec
Elapsed time for households 10.4126 sec
Iteration 69
Elapsed time for kappa 32.3094 sec
Elapsed time for experts 11.4691 sec
Elapsed time for households 10.1408 sec
Iteration 70
Elapsed time for kappa 32.5473 sec
Elapsed time for experts 11.3629 sec
Elapsed time for households 10.0185 sec
Iteration 71
Elapsed time for kappa 32.1358 sec
Elapsed time for experts 11.5327 sec
Elapsed time for households 16.8271 sec
Iteration 72
Elapsed time for kappa 33.4045 sec
Elapsed time for experts 11.8657 sec
Elapsed time for households 12.0788 sec
Iteration 73
Elapsed time for kappa 33.7792 sec
Elapsed time for experts 11.6001 sec
Elapsed time for households 11.4044 sec
Iteration 74
Elapsed time for kappa 32.5308 sec
Elapsed time for experts 11.4898 sec
Elapsed time for households 10.8469 sec
Iteration 75
Elapsed time for kappa 32.6629 sec
Elapsed time for experts 11.9957 sec
Elapsed time for households 11.9943 sec
Iteration 76
Elapsed time for kappa 32.6692 sec
Elapsed time for experts 11.8695 sec
Elapsed time for households 9.9807 sec
Iteration 77
Elapsed time for kappa 32.0052 sec
Elapsed time for experts 18.9370 sec
Elapsed time for households 12.6050 sec
Iteration 78
Elapsed time for kappa 34.5656 sec
Elapsed time for experts 11.7141 sec
Elapsed time for households 10.0701 sec
Iteration 79
Elapsed time for kappa 33.4775 sec
Elapsed time for experts 12.8308 sec
Elapsed time for households 10.3529 sec
Iteration 80
Elapsed time for kappa 32.5274 sec
Elapsed time for experts 12.1792 sec
Elapsed time for households 10.0926 sec
Iteration 81
Elapsed time for kappa 32.6964 sec
Elapsed time for experts 11.8018 sec
Elapsed time for households 10.3589 sec
Iteration 82
Elapsed time for kappa 31.9468 sec
Elapsed time for experts 11.7786 sec
Elapsed time for households 11.6327 sec
Iteration 83
Elapsed time for kappa 32.3476 sec
Elapsed time for experts 19.8495 sec
Elapsed time for households 10.5319 sec
Iteration 84
Elapsed time for kappa 32.8026 sec
Elapsed time for experts 12.1824 sec
Elapsed time for households 10.7391 sec
Iteration 85
Elapsed time for kappa 32.3092 sec
Elapsed time for experts 12.1698 sec
Elapsed time for households 10.8946 sec
Iteration 86
Elapsed time for kappa 32.3278 sec
Elapsed time for experts 11.4753 sec
Elapsed time for households 10.1596 sec
Iteration 87
Elapsed time for kappa 32.4318 sec
Elapsed time for experts 12.4763 sec
Elapsed time for households 10.5643 sec
Iteration 88
Elapsed time for kappa 32.2728 sec
Elapsed time for experts 11.5960 sec
Elapsed time for households 10.1755 sec
Iteration 89
Elapsed time for kappa 31.9241 sec
Elapsed time for experts 19.0284 sec
Elapsed time for households 10.7576 sec
Iteration 90
Elapsed time for kappa 32.9322 sec
Elapsed time for experts 11.9464 sec
Elapsed time for households 12.6228 sec
Iteration 91
Elapsed time for kappa 32.3099 sec
Elapsed time for experts 11.8991 sec
Elapsed time for households 11.3622 sec
Iteration 92
Elapsed time for kappa 32.1544 sec
Elapsed time for experts 11.7397 sec
Elapsed time for households 11.2695 sec
Iteration 93
Elapsed time for kappa 32.0311 sec
Elapsed time for experts 11.5603 sec
Elapsed time for households 10.6909 sec
Iteration 94
Elapsed time for kappa 31.9223 sec
Elapsed time for experts 11.3630 sec
Elapsed time for households 10.1829 sec
Iteration 95
Elapsed time for kappa 40.5879 sec
Elapsed time for experts 12.5049 sec
Elapsed time for households 10.1976 sec
Iteration 96
Elapsed time for kappa 32.6458 sec
Elapsed time for experts 11.7051 sec
Elapsed time for households 10.0382 sec
Iteration 97
Elapsed time for kappa 32.2802 sec
Elapsed time for experts 12.3199 sec
Elapsed time for households 10.1441 sec
Iteration 98
Elapsed time for kappa 32.1579 sec
Elapsed time for experts 12.5252 sec
Elapsed time for households 10.0085 sec
Iteration 99
Elapsed time for kappa 32.3941 sec
Elapsed time for experts 12.0642 sec
Elapsed time for households 10.1558 sec
Iteration 100
Elapsed time for kappa 31.9831 sec
Elapsed time for experts 11.5633 sec
Elapsed time for households 10.0767 sec
Iteration 101
Elapsed time for kappa 40.6802 sec
Elapsed time for experts 12.7260 sec
Elapsed time for households 11.5769 sec
Iteration 102
Elapsed time for kappa 32.5080 sec
Elapsed time for experts 11.9810 sec
Elapsed time for households 11.4801 sec
Iteration 103
Elapsed time for kappa 32.2113 sec
Elapsed time for experts 11.7765 sec
Elapsed time for households 10.1905 sec
Iteration 104
Elapsed time for kappa 32.0328 sec
Elapsed time for experts 11.8772 sec
Elapsed time for households 11.0088 sec
Iteration 105
Elapsed time for kappa 32.4579 sec
Elapsed time for experts 11.6998 sec
Elapsed time for households 10.5222 sec
Iteration 106
Elapsed time for kappa 32.1835 sec
Elapsed time for experts 12.1381 sec
Elapsed time for households 10.2530 sec
Iteration 107
Elapsed time for kappa 41.1957 sec
Elapsed time for experts 12.3687 sec
Elapsed time for households 10.2545 sec
Iteration 108
Elapsed time for kappa 33.2790 sec
Elapsed time for experts 11.7152 sec
Elapsed time for households 10.2481 sec
Iteration 109
Elapsed time for kappa 32.5477 sec
Elapsed time for experts 11.9956 sec
Elapsed time for households 10.6647 sec
Iteration 110
Elapsed time for kappa 32.2266 sec
Elapsed time for experts 11.8249 sec
Elapsed time for households 10.0580 sec
Iteration 111
Elapsed time for kappa 31.9733 sec
Elapsed time for experts 11.4163 sec
Elapsed time for households 9.9924 sec
Iteration 112
Elapsed time for kappa 31.6856 sec
Elapsed time for experts 11.4529 sec
Elapsed time for households 9.7790 sec
Iteration 113
Elapsed time for kappa 41.3876 sec
Elapsed time for experts 12.2713 sec
Elapsed time for households 10.2787 sec
Iteration 114
Elapsed time for kappa 32.1986 sec
Elapsed time for experts 11.6275 sec
Elapsed time for households 10.0289 sec
Iteration 115
Elapsed time for kappa 32.1848 sec
Elapsed time for experts 11.6892 sec
Elapsed time for households 11.4670 sec
Iteration 116
Elapsed time for kappa 32.4625 sec
Elapsed time for experts 11.4621 sec
Elapsed time for households 11.1425 sec
Iteration 117
Elapsed time for kappa 32.1403 sec
Elapsed time for experts 12.0371 sec
Elapsed time for households 10.5030 sec
Iteration 118
Elapsed time for kappa 32.2541 sec
Elapsed time for experts 11.5551 sec
Elapsed time for households 10.5911 sec
Iteration 119
Elapsed time for kappa 40.1541 sec
Elapsed time for experts 12.0905 sec
Elapsed time for households 10.8255 sec
Iteration 120
Elapsed time for kappa 32.7443 sec
Elapsed time for experts 11.5067 sec
Elapsed time for households 9.9296 sec
Iteration 121
Elapsed time for kappa 32.6154 sec
Elapsed time for experts 11.3380 sec
Elapsed time for households 9.8450 sec
Iteration 122
Elapsed time for kappa 31.8806 sec
Elapsed time for experts 11.1887 sec
Elapsed time for households 9.7406 sec
Iteration 123
Elapsed time for kappa 32.5695 sec
Elapsed time for experts 11.5031 sec
Elapsed time for households 9.7191 sec
Iteration 124
Elapsed time for kappa 31.8195 sec
Elapsed time for experts 17.3311 sec
Elapsed time for households 10.4613 sec
Iteration 125
Elapsed time for kappa 32.5684 sec
Elapsed time for experts 11.3740 sec
Elapsed time for households 10.0904 sec
Iteration 126
Elapsed time for kappa 32.9166 sec
Elapsed time for experts 11.7287 sec
Elapsed time for households 10.5138 sec
Iteration 127
Elapsed time for kappa 32.3931 sec
Elapsed time for experts 11.4206 sec
Elapsed time for households 10.2361 sec
Iteration 128
Elapsed time for kappa 32.0634 sec
Elapsed time for experts 11.2235 sec
Elapsed time for households 10.0659 sec
Iteration 129
Elapsed time for kappa 32.4858 sec
Elapsed time for experts 11.3838 sec
Elapsed time for households 10.2147 sec
Iteration 130
Elapsed time for kappa 32.2145 sec
Elapsed time for experts 18.6003 sec
Elapsed time for households 10.5652 sec
Iteration 131
Elapsed time for kappa 32.8936 sec
Elapsed time for experts 12.4725 sec
Elapsed time for households 10.4172 sec
Iteration 132
Elapsed time for kappa 32.5365 sec
Elapsed time for experts 11.3429 sec
Elapsed time for households 10.2354 sec
Iteration 133
Elapsed time for kappa 32.2883 sec
Elapsed time for experts 11.4630 sec
Elapsed time for households 10.0027 sec
Iteration 134
Elapsed time for kappa 32.4654 sec
Elapsed time for experts 11.5285 sec
Elapsed time for households 10.2223 sec
Iteration 135
Elapsed time for kappa 32.2478 sec
Elapsed time for experts 11.2633 sec
Elapsed time for households 10.0562 sec
Iteration 136
Elapsed time for kappa 32.0269 sec
Elapsed time for experts 18.4846 sec
Elapsed time for households 10.8132 sec
Iteration 137
Elapsed time for kappa 32.3965 sec
Elapsed time for experts 11.4597 sec
Elapsed time for households 10.5467 sec
Iteration 138
Elapsed time for kappa 32.5993 sec
Elapsed time for experts 11.7178 sec
Elapsed time for households 10.0883 sec
Iteration 139
Elapsed time for kappa 32.2496 sec
Elapsed time for experts 11.4444 sec
Elapsed time for households 9.9369 sec
Iteration 140
Elapsed time for kappa 32.6417 sec
Elapsed time for experts 11.5212 sec
Elapsed time for households 9.9952 sec
Iteration 141
Elapsed time for kappa 31.8818 sec
Elapsed time for experts 11.7648 sec
Elapsed time for households 10.7351 sec
Iteration 142
Elapsed time for kappa 31.9783 sec
Elapsed time for experts 18.7333 sec
Elapsed time for households 10.6152 sec
Iteration 143
Elapsed time for kappa 32.2705 sec
Elapsed time for experts 11.5628 sec
Elapsed time for households 10.2698 sec
Iteration 144
Elapsed time for kappa 32.8850 sec
Elapsed time for experts 11.5570 sec
Elapsed time for households 10.1159 sec
Iteration 145
Elapsed time for kappa 32.0204 sec
Elapsed time for experts 11.7617 sec
Elapsed time for households 10.9261 sec
Iteration 146
Elapsed time for kappa 32.2633 sec
Elapsed time for experts 11.5478 sec
Elapsed time for households 10.2366 sec
Iteration 147
Elapsed time for kappa 31.9148 sec
Elapsed time for experts 11.5352 sec
Elapsed time for households 10.8528 sec
Iteration 148
Elapsed time for kappa 39.1982 sec
Elapsed time for experts 11.7691 sec
Elapsed time for households 10.8253 sec
Iteration 149
Elapsed time for kappa 32.3208 sec
Elapsed time for experts 11.8205 sec
Elapsed time for households 10.3438 sec
Iteration 150
Elapsed time for kappa 32.4093 sec
Elapsed time for experts 11.8702 sec
Elapsed time for households 10.1643 sec
Iteration 151
Elapsed time for kappa 32.3423 sec
Elapsed time for experts 11.7898 sec
Elapsed time for households 10.0525 sec
Iteration 152
Elapsed time for kappa 31.8884 sec
Elapsed time for experts 11.4008 sec
Elapsed time for households 10.4159 sec
Iteration 153
Elapsed time for kappa 31.6386 sec
Elapsed time for experts 11.3208 sec
Elapsed time for households 10.7763 sec
Iteration 154
Elapsed time for kappa 39.2611 sec
Elapsed time for experts 12.4929 sec
Elapsed time for households 10.1966 sec
Iteration 155
Elapsed time for kappa 32.9099 sec
Elapsed time for experts 11.9981 sec
Elapsed time for households 10.1867 sec
Iteration 156
Elapsed time for kappa 32.8105 sec
Elapsed time for experts 12.2262 sec
Elapsed time for households 10.1241 sec
Iteration 157
Elapsed time for kappa 32.3962 sec
Elapsed time for experts 11.6683 sec
Elapsed time for households 9.8447 sec
Iteration 158
Elapsed time for kappa 32.3400 sec
Elapsed time for experts 12.3282 sec
Elapsed time for households 9.9300 sec
Iteration 159
Elapsed time for kappa 32.3635 sec
Elapsed time for experts 11.6187 sec
Elapsed time for households 9.8607 sec
Iteration 160
Elapsed time for kappa 39.4650 sec
Elapsed time for experts 12.0245 sec
Elapsed time for households 10.3218 sec
Iteration 161
Elapsed time for kappa 32.4210 sec
Elapsed time for experts 12.1126 sec
Elapsed time for households 10.0297 sec
Iteration 162
Elapsed time for kappa 32.4461 sec
Elapsed time for experts 11.8095 sec
Elapsed time for households 9.9483 sec
Iteration 163
Elapsed time for kappa 32.3952 sec
Elapsed time for experts 11.7253 sec
Elapsed time for households 10.9396 sec
Iteration 164
Elapsed time for kappa 32.7394 sec
Elapsed time for experts 11.4143 sec
Elapsed time for households 11.0914 sec
Iteration 165
Elapsed time for kappa 32.0314 sec
Elapsed time for experts 11.4282 sec
Elapsed time for households 9.7898 sec
Iteration 166
Elapsed time for kappa 39.8237 sec
Elapsed time for experts 12.2862 sec
Elapsed time for households 10.9066 sec
Iteration 167
Elapsed time for kappa 32.7777 sec
Elapsed time for experts 11.4376 sec
Elapsed time for households 10.4576 sec
Iteration 168
Elapsed time for kappa 32.7291 sec
Elapsed time for experts 11.2469 sec
Elapsed time for households 10.7290 sec
Iteration 169
Elapsed time for kappa 31.9305 sec
Elapsed time for experts 11.6923 sec
Elapsed time for households 9.9091 sec
Iteration 170
Elapsed time for kappa 32.0549 sec
Elapsed time for experts 11.6762 sec
Elapsed time for households 9.9126 sec
Iteration 171
Elapsed time for kappa 32.5549 sec
Elapsed time for experts 11.8427 sec
Elapsed time for households 17.0128 sec
Iteration 172
Elapsed time for kappa 33.0443 sec
Elapsed time for experts 12.1523 sec
Elapsed time for households 12.2777 sec
Iteration 173
Elapsed time for kappa 34.3085 sec
Elapsed time for experts 13.0961 sec
Elapsed time for households 12.9302 sec
Iteration 174
Elapsed time for kappa 34.9434 sec
Elapsed time for experts 12.2317 sec
Elapsed time for households 10.2747 sec
Iteration 175
Elapsed time for kappa 32.7006 sec
Elapsed time for experts 11.4738 sec
Elapsed time for households 10.0801 sec
Iteration 176
Elapsed time for kappa 32.3997 sec
Elapsed time for experts 11.7707 sec
Elapsed time for households 10.0005 sec
Iteration 177
Elapsed time for kappa 32.6403 sec
Elapsed time for experts 11.6971 sec
Elapsed time for households 9.9755 sec
Iteration 178
Elapsed time for kappa 40.0680 sec
Elapsed time for experts 11.6451 sec
Elapsed time for households 9.9969 sec
Iteration 179
Elapsed time for kappa 32.1179 sec
Elapsed time for experts 11.3101 sec
Elapsed time for households 10.5681 sec
Iteration 180
Elapsed time for kappa 32.6584 sec
Elapsed time for experts 11.3228 sec
Elapsed time for households 10.0508 sec
Iteration 181
Elapsed time for kappa 32.0263 sec
Elapsed time for experts 11.5219 sec
Elapsed time for households 10.5409 sec
Iteration 182
Elapsed time for kappa 31.8957 sec
Elapsed time for experts 11.4618 sec
Elapsed time for households 10.3476 sec
Iteration 183
Elapsed time for kappa 31.7228 sec
Elapsed time for experts 11.5229 sec
Elapsed time for households 15.9749 sec
Iteration 184
Elapsed time for kappa 32.1598 sec
Elapsed time for experts 11.4635 sec
Elapsed time for households 10.7531 sec
Iteration 185
Elapsed time for kappa 31.9132 sec
Elapsed time for experts 11.4031 sec
Elapsed time for households 10.1336 sec
Iteration 186
Elapsed time for kappa 31.7162 sec
Elapsed time for experts 11.2608 sec
Elapsed time for households 9.9029 sec
Iteration 187
Elapsed time for kappa 31.6078 sec
Elapsed time for experts 11.4759 sec
Elapsed time for households 9.7374 sec
Iteration 188
Elapsed time for kappa 31.5233 sec
Elapsed time for experts 11.1351 sec
Elapsed time for households 10.3799 sec
Iteration 189
Elapsed time for kappa 31.8457 sec
Elapsed time for experts 18.0775 sec
Elapsed time for households 10.1056 sec
Iteration 190
Elapsed time for kappa 31.6638 sec
Elapsed time for experts 11.2370 sec
Elapsed time for households 10.3841 sec
Iteration 191
Elapsed time for kappa 32.0848 sec
Elapsed time for experts 11.1124 sec
Elapsed time for households 9.8676 sec
Iteration 192
Elapsed time for kappa 31.8586 sec
Elapsed time for experts 11.2681 sec
Elapsed time for households 9.9112 sec
Iteration 193
Elapsed time for kappa 31.6546 sec
Elapsed time for experts 11.1395 sec
Elapsed time for households 10.1759 sec
Iteration 194
Elapsed time for kappa 31.3679 sec
Elapsed time for experts 10.9689 sec
Elapsed time for households 10.1185 sec
Iteration 195
Elapsed time for kappa 31.1906 sec
Elapsed time for experts 17.8377 sec
Elapsed time for households 10.9289 sec
Iteration 196
Elapsed time for kappa 32.1295 sec
Elapsed time for experts 11.5088 sec
Elapsed time for households 9.9265 sec
Iteration 197
Elapsed time for kappa 31.5219 sec
Elapsed time for experts 11.5774 sec
Elapsed time for households 9.8213 sec
Iteration 198
Elapsed time for kappa 31.3527 sec
Elapsed time for experts 11.1676 sec
Elapsed time for households 9.8716 sec
Iteration 199
Elapsed time for kappa 31.1404 sec
Elapsed time for experts 11.1136 sec
Elapsed time for households 10.2754 sec
Elapsed time for training 11247.9992 sec
