Iteration 0
Elapsed time for kappa 73.4858 sec
Elapsed time for experts 24.3207 sec
Elapsed time for households 19.3267 sec
Iteration 1
Elapsed time for kappa 41.3417 sec
Elapsed time for experts 18.1371 sec
Elapsed time for households 13.4118 sec
Iteration 2
Elapsed time for kappa 38.6019 sec
Elapsed time for experts 16.4656 sec
Elapsed time for households 13.5430 sec
Iteration 3
Elapsed time for kappa 38.8840 sec
Elapsed time for experts 16.1081 sec
Elapsed time for households 13.7415 sec
Iteration 4
Elapsed time for kappa 38.8982 sec
Elapsed time for experts 15.8137 sec
Elapsed time for households 13.1705 sec
Iteration 5
Elapsed time for kappa 38.1910 sec
Elapsed time for experts 15.8105 sec
Elapsed time for households 13.5527 sec
Iteration 6
Elapsed time for kappa 38.3430 sec
Elapsed time for experts 15.8247 sec
Elapsed time for households 14.5405 sec
Iteration 7
Elapsed time for kappa 47.0185 sec
Elapsed time for experts 16.1868 sec
Elapsed time for households 13.2971 sec
Iteration 8
Elapsed time for kappa 38.5654 sec
Elapsed time for experts 16.9734 sec
Elapsed time for households 16.3304 sec
Iteration 9
Elapsed time for kappa 38.3324 sec
Elapsed time for experts 15.4650 sec
Elapsed time for households 13.1992 sec
Iteration 10
Elapsed time for kappa 38.0563 sec
Elapsed time for experts 15.8702 sec
Elapsed time for households 13.2798 sec
Iteration 11
Elapsed time for kappa 38.6998 sec
Elapsed time for experts 16.5405 sec
Elapsed time for households 15.8344 sec
Iteration 12
Elapsed time for kappa 38.1912 sec
Elapsed time for experts 16.5124 sec
Elapsed time for households 21.4774 sec
Iteration 13
Elapsed time for kappa 39.2057 sec
Elapsed time for experts 17.7062 sec
Elapsed time for households 13.9441 sec
Iteration 14
Elapsed time for kappa 38.3725 sec
Elapsed time for experts 15.3026 sec
Elapsed time for households 13.6400 sec
Iteration 15
Elapsed time for kappa 38.2649 sec
Elapsed time for experts 15.3558 sec
Elapsed time for households 12.8910 sec
Iteration 16
Elapsed time for kappa 38.6516 sec
Elapsed time for experts 15.3026 sec
Elapsed time for households 13.9437 sec
Iteration 17
Elapsed time for kappa 37.6284 sec
Elapsed time for experts 15.7146 sec
Elapsed time for households 13.2694 sec
Iteration 18
Elapsed time for kappa 38.4601 sec
Elapsed time for experts 16.0754 sec
Elapsed time for households 22.4427 sec
Iteration 19
Elapsed time for kappa 39.0025 sec
Elapsed time for experts 15.9023 sec
Elapsed time for households 13.7789 sec
Iteration 20
Elapsed time for kappa 39.1664 sec
Elapsed time for experts 15.6322 sec
Elapsed time for households 13.4202 sec
Iteration 21
Elapsed time for kappa 38.5268 sec
Elapsed time for experts 15.7179 sec
Elapsed time for households 13.6733 sec
Iteration 22
Elapsed time for kappa 38.2261 sec
Elapsed time for experts 17.9935 sec
Elapsed time for households 14.0147 sec
Iteration 23
Elapsed time for kappa 38.1452 sec
Elapsed time for experts 15.9755 sec
Elapsed time for households 13.5627 sec
Iteration 24
Elapsed time for kappa 38.1701 sec
Elapsed time for experts 24.9879 sec
Elapsed time for households 13.8090 sec
Iteration 25
Elapsed time for kappa 39.4600 sec
Elapsed time for experts 15.9616 sec
Elapsed time for households 14.2873 sec
Iteration 26
Elapsed time for kappa 38.8027 sec
Elapsed time for experts 17.7704 sec
Elapsed time for households 14.0810 sec
Iteration 27
Elapsed time for kappa 38.5229 sec
Elapsed time for experts 15.7819 sec
Elapsed time for households 13.3353 sec
Iteration 28
Elapsed time for kappa 38.6619 sec
Elapsed time for experts 16.2961 sec
Elapsed time for households 13.8088 sec
Iteration 29
Elapsed time for kappa 38.3101 sec
Elapsed time for experts 15.9265 sec
Elapsed time for households 12.8626 sec
Iteration 30
Elapsed time for kappa 38.2053 sec
Elapsed time for experts 24.6288 sec
Elapsed time for households 14.3958 sec
Iteration 31
Elapsed time for kappa 39.1244 sec
Elapsed time for experts 18.1389 sec
Elapsed time for households 14.1723 sec
Iteration 32
Elapsed time for kappa 38.5639 sec
Elapsed time for experts 15.0150 sec
Elapsed time for households 13.8622 sec
Iteration 33
Elapsed time for kappa 38.1956 sec
Elapsed time for experts 15.8176 sec
Elapsed time for households 12.9836 sec
Iteration 34
Elapsed time for kappa 38.2292 sec
Elapsed time for experts 15.8678 sec
Elapsed time for households 12.9734 sec
Iteration 35
Elapsed time for kappa 38.1511 sec
Elapsed time for experts 15.1567 sec
Elapsed time for households 13.8609 sec
Iteration 36
Elapsed time for kappa 38.0430 sec
Elapsed time for experts 24.6401 sec
Elapsed time for households 14.5314 sec
Iteration 37
Elapsed time for kappa 39.1078 sec
Elapsed time for experts 15.2625 sec
Elapsed time for households 14.1838 sec
Iteration 38
Elapsed time for kappa 38.8139 sec
Elapsed time for experts 15.7803 sec
Elapsed time for households 14.0747 sec
Iteration 39
Elapsed time for kappa 38.1287 sec
Elapsed time for experts 15.3610 sec
Elapsed time for households 13.2213 sec
Iteration 40
Elapsed time for kappa 38.2079 sec
Elapsed time for experts 15.5145 sec
Elapsed time for households 13.6571 sec
Iteration 41
Elapsed time for kappa 38.1803 sec
Elapsed time for experts 15.3379 sec
Elapsed time for households 13.3280 sec
Iteration 42
Elapsed time for kappa 47.8866 sec
Elapsed time for experts 16.3501 sec
Elapsed time for households 13.8805 sec
Iteration 43
Elapsed time for kappa 38.5701 sec
Elapsed time for experts 15.9533 sec
Elapsed time for households 13.7403 sec
Iteration 44
Elapsed time for kappa 38.4186 sec
Elapsed time for experts 16.7120 sec
Elapsed time for households 12.7623 sec
Iteration 45
Elapsed time for kappa 37.8289 sec
Elapsed time for experts 15.7959 sec
Elapsed time for households 12.7605 sec
Iteration 46
Elapsed time for kappa 37.6765 sec
Elapsed time for experts 15.6000 sec
Elapsed time for households 13.7557 sec
Iteration 47
Elapsed time for kappa 38.0400 sec
Elapsed time for experts 14.9245 sec
Elapsed time for households 13.5138 sec
Iteration 48
Elapsed time for kappa 47.9063 sec
Elapsed time for experts 16.6533 sec
Elapsed time for households 13.5533 sec
Iteration 49
Elapsed time for kappa 38.6124 sec
Elapsed time for experts 16.1293 sec
Elapsed time for households 13.5707 sec
Iteration 50
Elapsed time for kappa 38.5859 sec
Elapsed time for experts 16.0004 sec
Elapsed time for households 13.7164 sec
Iteration 51
Elapsed time for kappa 38.6456 sec
Elapsed time for experts 15.7293 sec
Elapsed time for households 13.2632 sec
Iteration 52
Elapsed time for kappa 38.1078 sec
Elapsed time for experts 15.5994 sec
Elapsed time for households 13.3655 sec
Iteration 53
Elapsed time for kappa 37.8679 sec
Elapsed time for experts 16.0254 sec
Elapsed time for households 13.4487 sec
Iteration 54
Elapsed time for kappa 47.3012 sec
Elapsed time for experts 18.2573 sec
Elapsed time for households 14.1814 sec
Iteration 55
Elapsed time for kappa 38.3504 sec
Elapsed time for experts 17.6970 sec
Elapsed time for households 13.3789 sec
Iteration 56
Elapsed time for kappa 38.1723 sec
Elapsed time for experts 15.8068 sec
Elapsed time for households 13.8153 sec
Iteration 57
Elapsed time for kappa 38.3723 sec
Elapsed time for experts 15.0786 sec
Elapsed time for households 13.2250 sec
Iteration 58
Elapsed time for kappa 37.7558 sec
Elapsed time for experts 15.1281 sec
Elapsed time for households 13.5655 sec
Iteration 59
Elapsed time for kappa 37.8115 sec
Elapsed time for experts 14.9383 sec
Elapsed time for households 13.1464 sec
Iteration 60
Elapsed time for kappa 47.7647 sec
Elapsed time for experts 16.4182 sec
Elapsed time for households 14.3004 sec
Iteration 61
Elapsed time for kappa 38.4162 sec
Elapsed time for experts 15.4786 sec
Elapsed time for households 14.0177 sec
Iteration 62
Elapsed time for kappa 38.1610 sec
Elapsed time for experts 14.8329 sec
Elapsed time for households 12.8532 sec
Iteration 63
Elapsed time for kappa 38.2068 sec
Elapsed time for experts 15.5409 sec
Elapsed time for households 13.1914 sec
Iteration 64
Elapsed time for kappa 37.8982 sec
Elapsed time for experts 14.7270 sec
Elapsed time for households 13.4863 sec
Iteration 65
Elapsed time for kappa 38.0830 sec
Elapsed time for experts 15.5089 sec
Elapsed time for households 13.7031 sec
Iteration 66
Elapsed time for kappa 46.5404 sec
Elapsed time for experts 17.0461 sec
Elapsed time for households 13.1566 sec
Iteration 67
Elapsed time for kappa 38.6274 sec
Elapsed time for experts 15.5010 sec
Elapsed time for households 13.5071 sec
Iteration 68
Elapsed time for kappa 38.0747 sec
Elapsed time for experts 14.9045 sec
Elapsed time for households 13.3004 sec
Iteration 69
Elapsed time for kappa 38.2058 sec
Elapsed time for experts 15.4146 sec
Elapsed time for households 13.8671 sec
Iteration 70
Elapsed time for kappa 39.0009 sec
Elapsed time for experts 15.6360 sec
Elapsed time for households 13.4801 sec
Iteration 71
Elapsed time for kappa 38.0622 sec
Elapsed time for experts 15.8209 sec
Elapsed time for households 21.1012 sec
Iteration 72
Elapsed time for kappa 39.4072 sec
Elapsed time for experts 15.8707 sec
Elapsed time for households 13.5525 sec
Iteration 73
Elapsed time for kappa 38.8562 sec
Elapsed time for experts 15.5923 sec
Elapsed time for households 13.2629 sec
Iteration 74
Elapsed time for kappa 38.6003 sec
Elapsed time for experts 15.7611 sec
Elapsed time for households 13.0165 sec
Iteration 75
Elapsed time for kappa 38.2907 sec
Elapsed time for experts 15.8241 sec
Elapsed time for households 13.8059 sec
Iteration 76
Elapsed time for kappa 38.2245 sec
Elapsed time for experts 15.4565 sec
Elapsed time for households 12.8070 sec
Iteration 77
Elapsed time for kappa 37.9988 sec
Elapsed time for experts 23.6779 sec
Elapsed time for households 13.7585 sec
Iteration 78
Elapsed time for kappa 39.3330 sec
Elapsed time for experts 15.8432 sec
Elapsed time for households 13.3492 sec
Iteration 79
Elapsed time for kappa 38.3712 sec
Elapsed time for experts 14.9824 sec
Elapsed time for households 13.7657 sec
Iteration 80
Elapsed time for kappa 38.0376 sec
Elapsed time for experts 15.4657 sec
Elapsed time for households 13.0552 sec
Iteration 81
Elapsed time for kappa 38.3827 sec
Elapsed time for experts 15.3736 sec
Elapsed time for households 13.0604 sec
Iteration 82
Elapsed time for kappa 38.3969 sec
Elapsed time for experts 15.6032 sec
Elapsed time for households 13.0919 sec
Iteration 83
Elapsed time for kappa 37.6822 sec
Elapsed time for experts 24.0953 sec
Elapsed time for households 14.0918 sec
Iteration 84
Elapsed time for kappa 38.9150 sec
Elapsed time for experts 16.1362 sec
Elapsed time for households 13.2145 sec
Iteration 85
Elapsed time for kappa 39.0256 sec
Elapsed time for experts 15.5348 sec
Elapsed time for households 14.0403 sec
Iteration 86
Elapsed time for kappa 38.4442 sec
Elapsed time for experts 15.3327 sec
Elapsed time for households 13.2124 sec
Iteration 87
Elapsed time for kappa 38.4485 sec
Elapsed time for experts 18.3917 sec
Elapsed time for households 13.1871 sec
Iteration 88
Elapsed time for kappa 38.0928 sec
Elapsed time for experts 16.0332 sec
Elapsed time for households 14.0945 sec
Iteration 89
Elapsed time for kappa 38.0430 sec
Elapsed time for experts 24.2555 sec
Elapsed time for households 14.3212 sec
Iteration 90
Elapsed time for kappa 39.7078 sec
Elapsed time for experts 16.2426 sec
Elapsed time for households 14.4127 sec
Iteration 91
Elapsed time for kappa 38.3391 sec
Elapsed time for experts 16.4906 sec
Elapsed time for households 13.9255 sec
Iteration 92
Elapsed time for kappa 38.2163 sec
Elapsed time for experts 14.9810 sec
Elapsed time for households 13.5036 sec
Iteration 93
Elapsed time for kappa 37.9568 sec
Elapsed time for experts 15.9105 sec
Elapsed time for households 13.1366 sec
Iteration 94
Elapsed time for kappa 38.1260 sec
Elapsed time for experts 16.0729 sec
Elapsed time for households 13.7837 sec
Iteration 95
Elapsed time for kappa 48.1934 sec
Elapsed time for experts 16.6010 sec
Elapsed time for households 14.1604 sec
Iteration 96
Elapsed time for kappa 38.8251 sec
Elapsed time for experts 17.1424 sec
Elapsed time for households 13.2605 sec
Iteration 97
Elapsed time for kappa 38.5872 sec
Elapsed time for experts 14.8451 sec
Elapsed time for households 13.2225 sec
Iteration 98
Elapsed time for kappa 38.5197 sec
Elapsed time for experts 15.6342 sec
Elapsed time for households 13.2940 sec
Iteration 99
Elapsed time for kappa 38.4617 sec
Elapsed time for experts 15.4161 sec
Elapsed time for households 13.6759 sec
Iteration 100
Elapsed time for kappa 38.2789 sec
Elapsed time for experts 15.3053 sec
Elapsed time for households 13.6049 sec
Iteration 101
Elapsed time for kappa 48.2373 sec
Elapsed time for experts 17.8441 sec
Elapsed time for households 13.8960 sec
Iteration 102
Elapsed time for kappa 39.0145 sec
Elapsed time for experts 15.7340 sec
Elapsed time for households 12.8878 sec
Iteration 103
Elapsed time for kappa 38.1686 sec
Elapsed time for experts 15.0956 sec
Elapsed time for households 13.9338 sec
Iteration 104
Elapsed time for kappa 38.2304 sec
Elapsed time for experts 14.6999 sec
Elapsed time for households 13.5450 sec
Iteration 105
Elapsed time for kappa 38.2840 sec
Elapsed time for experts 14.6754 sec
Elapsed time for households 13.6115 sec
Iteration 106
Elapsed time for kappa 37.7864 sec
Elapsed time for experts 14.8482 sec
Elapsed time for households 12.9335 sec
Iteration 107
Elapsed time for kappa 47.5541 sec
Elapsed time for experts 16.4129 sec
Elapsed time for households 13.6828 sec
Iteration 108
Elapsed time for kappa 38.9824 sec
Elapsed time for experts 15.6056 sec
Elapsed time for households 13.7532 sec
Iteration 109
Elapsed time for kappa 38.3272 sec
Elapsed time for experts 15.6207 sec
Elapsed time for households 13.5578 sec
Iteration 110
Elapsed time for kappa 37.9899 sec
Elapsed time for experts 18.6025 sec
Elapsed time for households 13.1915 sec
Iteration 111
Elapsed time for kappa 38.1206 sec
Elapsed time for experts 15.8674 sec
Elapsed time for households 12.8596 sec
Iteration 112
Elapsed time for kappa 38.0920 sec
Elapsed time for experts 15.0956 sec
Elapsed time for households 13.4455 sec
Iteration 113
Elapsed time for kappa 47.9369 sec
Elapsed time for experts 17.7195 sec
Elapsed time for households 14.2517 sec
Iteration 114
Elapsed time for kappa 38.3100 sec
Elapsed time for experts 15.1032 sec
Elapsed time for households 13.6814 sec
Iteration 115
Elapsed time for kappa 38.4013 sec
Elapsed time for experts 15.3300 sec
Elapsed time for households 13.7836 sec
Iteration 116
Elapsed time for kappa 37.8710 sec
Elapsed time for experts 14.9761 sec
Elapsed time for households 12.9306 sec
Iteration 117
Elapsed time for kappa 37.8452 sec
Elapsed time for experts 16.8019 sec
Elapsed time for households 13.2807 sec
Iteration 118
Elapsed time for kappa 38.1092 sec
Elapsed time for experts 15.1591 sec
Elapsed time for households 13.9170 sec
Iteration 119
Elapsed time for kappa 46.6835 sec
Elapsed time for experts 15.8750 sec
Elapsed time for households 13.4097 sec
Iteration 120
Elapsed time for kappa 38.7537 sec
Elapsed time for experts 15.3596 sec
Elapsed time for households 13.8433 sec
Iteration 121
Elapsed time for kappa 38.3952 sec
Elapsed time for experts 15.1345 sec
Elapsed time for households 13.3539 sec
Iteration 122
Elapsed time for kappa 38.5443 sec
Elapsed time for experts 15.6847 sec
Elapsed time for households 13.0685 sec
Iteration 123
Elapsed time for kappa 38.2491 sec
Elapsed time for experts 17.9570 sec
Elapsed time for households 13.0545 sec
Iteration 124
Elapsed time for kappa 38.0626 sec
Elapsed time for experts 23.6304 sec
Elapsed time for households 14.1872 sec
Iteration 125
Elapsed time for kappa 39.3456 sec
Elapsed time for experts 16.2357 sec
Elapsed time for households 13.5711 sec
Iteration 126
Elapsed time for kappa 39.2693 sec
Elapsed time for experts 16.7819 sec
Elapsed time for households 14.0910 sec
Iteration 127
Elapsed time for kappa 38.8357 sec
Elapsed time for experts 16.2032 sec
Elapsed time for households 13.2279 sec
Iteration 128
Elapsed time for kappa 38.6580 sec
Elapsed time for experts 15.5557 sec
Elapsed time for households 13.7536 sec
Iteration 129
Elapsed time for kappa 38.4841 sec
Elapsed time for experts 15.4783 sec
Elapsed time for households 13.9058 sec
Iteration 130
Elapsed time for kappa 38.7922 sec
Elapsed time for experts 25.7785 sec
Elapsed time for households 14.2610 sec
Iteration 131
Elapsed time for kappa 39.8524 sec
Elapsed time for experts 16.3565 sec
Elapsed time for households 13.7663 sec
Iteration 132
Elapsed time for kappa 38.9511 sec
Elapsed time for experts 15.2923 sec
Elapsed time for households 13.4037 sec
Iteration 133
Elapsed time for kappa 38.9026 sec
Elapsed time for experts 17.1328 sec
Elapsed time for households 13.7995 sec
Iteration 134
Elapsed time for kappa 38.6192 sec
Elapsed time for experts 15.4006 sec
Elapsed time for households 13.1541 sec
Iteration 135
Elapsed time for kappa 38.4311 sec
Elapsed time for experts 15.4060 sec
Elapsed time for households 12.9737 sec
Iteration 136
Elapsed time for kappa 37.7454 sec
Elapsed time for experts 24.1117 sec
Elapsed time for households 13.6947 sec
Iteration 137
Elapsed time for kappa 39.1719 sec
Elapsed time for experts 16.6121 sec
Elapsed time for households 13.4559 sec
Iteration 138
Elapsed time for kappa 38.8532 sec
Elapsed time for experts 15.6568 sec
Elapsed time for households 13.4881 sec
Iteration 139
Elapsed time for kappa 38.5859 sec
Elapsed time for experts 15.3354 sec
Elapsed time for households 13.2333 sec
Iteration 140
Elapsed time for kappa 37.8641 sec
Elapsed time for experts 15.3482 sec
Elapsed time for households 13.3815 sec
Iteration 141
Elapsed time for kappa 38.1943 sec
Elapsed time for experts 15.3461 sec
Elapsed time for households 13.0442 sec
Iteration 142
Elapsed time for kappa 38.0117 sec
Elapsed time for experts 23.2395 sec
Elapsed time for households 13.5861 sec
Iteration 143
Elapsed time for kappa 38.8010 sec
Elapsed time for experts 16.2691 sec
Elapsed time for households 13.9746 sec
Iteration 144
Elapsed time for kappa 38.4466 sec
Elapsed time for experts 15.5881 sec
Elapsed time for households 13.7613 sec
Iteration 145
Elapsed time for kappa 38.1177 sec
Elapsed time for experts 15.4111 sec
Elapsed time for households 13.3079 sec
Iteration 146
Elapsed time for kappa 37.9510 sec
Elapsed time for experts 15.2974 sec
Elapsed time for households 13.6181 sec
Iteration 147
Elapsed time for kappa 37.6989 sec
Elapsed time for experts 14.8279 sec
Elapsed time for households 13.4313 sec
Iteration 148
Elapsed time for kappa 45.8030 sec
Elapsed time for experts 15.2999 sec
Elapsed time for households 14.2959 sec
Iteration 149
Elapsed time for kappa 38.5779 sec
Elapsed time for experts 17.4078 sec
Elapsed time for households 13.6694 sec
Iteration 150
Elapsed time for kappa 38.4256 sec
Elapsed time for experts 16.2336 sec
Elapsed time for households 13.2494 sec
Iteration 151
Elapsed time for kappa 38.0363 sec
Elapsed time for experts 15.7366 sec
Elapsed time for households 12.8893 sec
Iteration 152
Elapsed time for kappa 37.7968 sec
Elapsed time for experts 16.3938 sec
Elapsed time for households 13.4475 sec
Iteration 153
Elapsed time for kappa 37.7387 sec
Elapsed time for experts 14.7636 sec
Elapsed time for households 13.5910 sec
Iteration 154
Elapsed time for kappa 45.8629 sec
Elapsed time for experts 16.0851 sec
Elapsed time for households 13.5336 sec
Iteration 155
Elapsed time for kappa 38.6923 sec
Elapsed time for experts 15.7571 sec
Elapsed time for households 13.7591 sec
Iteration 156
Elapsed time for kappa 38.2515 sec
Elapsed time for experts 14.9528 sec
Elapsed time for households 13.9833 sec
Iteration 157
Elapsed time for kappa 37.8880 sec
Elapsed time for experts 14.8791 sec
Elapsed time for households 13.6202 sec
Iteration 158
Elapsed time for kappa 37.7940 sec
Elapsed time for experts 14.7424 sec
Elapsed time for households 13.9407 sec
Iteration 159
Elapsed time for kappa 38.2627 sec
Elapsed time for experts 15.1142 sec
Elapsed time for households 12.8344 sec
Iteration 160
Elapsed time for kappa 45.3507 sec
Elapsed time for experts 15.6258 sec
Elapsed time for households 13.2020 sec
Iteration 161
Elapsed time for kappa 38.5805 sec
Elapsed time for experts 16.3274 sec
Elapsed time for households 14.1598 sec
Iteration 162
Elapsed time for kappa 38.1333 sec
Elapsed time for experts 15.4314 sec
Elapsed time for households 13.1749 sec
Iteration 163
Elapsed time for kappa 37.8274 sec
Elapsed time for experts 15.7271 sec
Elapsed time for households 12.9489 sec
Iteration 164
Elapsed time for kappa 38.3984 sec
Elapsed time for experts 15.5193 sec
Elapsed time for households 13.7087 sec
Iteration 165
Elapsed time for kappa 38.4074 sec
Elapsed time for experts 14.5677 sec
Elapsed time for households 13.1884 sec
Iteration 166
Elapsed time for kappa 45.8048 sec
Elapsed time for experts 15.0506 sec
Elapsed time for households 13.9573 sec
Iteration 167
Elapsed time for kappa 38.8993 sec
Elapsed time for experts 15.3062 sec
Elapsed time for households 13.5698 sec
Iteration 168
Elapsed time for kappa 38.1573 sec
Elapsed time for experts 15.8397 sec
Elapsed time for households 13.5635 sec
Iteration 169
Elapsed time for kappa 38.2110 sec
Elapsed time for experts 15.7379 sec
Elapsed time for households 13.8007 sec
Iteration 170
Elapsed time for kappa 38.2043 sec
Elapsed time for experts 15.4644 sec
Elapsed time for households 12.9016 sec
Iteration 171
Elapsed time for kappa 37.7762 sec
Elapsed time for experts 16.4616 sec
Elapsed time for households 19.9888 sec
Iteration 172
Elapsed time for kappa 38.3472 sec
Elapsed time for experts 17.6711 sec
Elapsed time for households 13.5859 sec
Iteration 173
Elapsed time for kappa 38.1086 sec
Elapsed time for experts 16.6731 sec
Elapsed time for households 13.3704 sec
Iteration 174
Elapsed time for kappa 38.7619 sec
Elapsed time for experts 15.2684 sec
Elapsed time for households 12.9798 sec
Iteration 175
Elapsed time for kappa 37.7185 sec
Elapsed time for experts 15.9847 sec
Elapsed time for households 13.0621 sec
Iteration 176
Elapsed time for kappa 37.6840 sec
Elapsed time for experts 15.4943 sec
Elapsed time for households 13.7249 sec
Iteration 177
Elapsed time for kappa 37.9577 sec
Elapsed time for experts 15.4817 sec
Elapsed time for households 21.1865 sec
Iteration 178
Elapsed time for kappa 37.9616 sec
Elapsed time for experts 15.2437 sec
Elapsed time for households 13.5139 sec
Iteration 179
Elapsed time for kappa 38.4282 sec
Elapsed time for experts 16.0146 sec
Elapsed time for households 13.9392 sec
Iteration 180
Elapsed time for kappa 37.9349 sec
Elapsed time for experts 15.5091 sec
Elapsed time for households 13.1348 sec
Iteration 181
Elapsed time for kappa 38.1282 sec
Elapsed time for experts 15.0914 sec
Elapsed time for households 13.3413 sec
Iteration 182
Elapsed time for kappa 38.0872 sec
Elapsed time for experts 15.0553 sec
Elapsed time for households 13.9596 sec
Iteration 183
Elapsed time for kappa 38.0133 sec
Elapsed time for experts 14.7737 sec
Elapsed time for households 20.7710 sec
Iteration 184
Elapsed time for kappa 38.4175 sec
Elapsed time for experts 14.9161 sec
Elapsed time for households 14.4356 sec
Iteration 185
Elapsed time for kappa 38.1961 sec
Elapsed time for experts 14.8807 sec
Elapsed time for households 13.0316 sec
Iteration 186
Elapsed time for kappa 37.8521 sec
Elapsed time for experts 15.6691 sec
Elapsed time for households 13.7456 sec
Iteration 187
Elapsed time for kappa 38.3858 sec
Elapsed time for experts 15.9331 sec
Elapsed time for households 13.6152 sec
Iteration 188
Elapsed time for kappa 37.5630 sec
Elapsed time for experts 15.2057 sec
Elapsed time for households 12.9296 sec
Iteration 189
Elapsed time for kappa 37.7488 sec
Elapsed time for experts 23.0348 sec
Elapsed time for households 13.7821 sec
Iteration 190
Elapsed time for kappa 38.2313 sec
Elapsed time for experts 15.6825 sec
Elapsed time for households 14.1739 sec
Iteration 191
Elapsed time for kappa 38.4784 sec
Elapsed time for experts 15.3925 sec
Elapsed time for households 13.8312 sec
Iteration 192
Elapsed time for kappa 38.3067 sec
Elapsed time for experts 15.3478 sec
Elapsed time for households 12.9915 sec
Iteration 193
Elapsed time for kappa 37.7692 sec
Elapsed time for experts 14.9025 sec
Elapsed time for households 12.9897 sec
Iteration 194
Elapsed time for kappa 37.7737 sec
Elapsed time for experts 14.7244 sec
Elapsed time for households 13.7547 sec
Iteration 195
Elapsed time for kappa 37.8195 sec
Elapsed time for experts 22.5906 sec
Elapsed time for households 14.2349 sec
Iteration 196
Elapsed time for kappa 38.4992 sec
Elapsed time for experts 15.7032 sec
Elapsed time for households 13.4353 sec
Iteration 197
Elapsed time for kappa 38.7248 sec
Elapsed time for experts 15.1280 sec
Elapsed time for households 13.7831 sec
Iteration 198
Elapsed time for kappa 38.1966 sec
Elapsed time for experts 16.5052 sec
Elapsed time for households 14.1097 sec
Iteration 199
Elapsed time for kappa 39.1605 sec
Elapsed time for experts 15.5907 sec
Elapsed time for households 13.2857 sec
Elapsed time for training 13888.8384 sec
