Iteration 0
Elapsed time for kappa 70.4816 sec
Elapsed time for experts 20.1594 sec
Elapsed time for households 15.9919 sec
Iteration 1
Elapsed time for kappa 38.1333 sec
Elapsed time for experts 14.1450 sec
Elapsed time for households 13.9393 sec
Iteration 2
Elapsed time for kappa 34.9644 sec
Elapsed time for experts 15.0172 sec
Elapsed time for households 13.3298 sec
Iteration 3
Elapsed time for kappa 34.5985 sec
Elapsed time for experts 14.1252 sec
Elapsed time for households 12.3460 sec
Iteration 4
Elapsed time for kappa 36.4618 sec
Elapsed time for experts 14.8111 sec
Elapsed time for households 11.4340 sec
Iteration 5
Elapsed time for kappa 35.8583 sec
Elapsed time for experts 14.6700 sec
Elapsed time for households 13.1932 sec
Iteration 6
Elapsed time for kappa 35.1605 sec
Elapsed time for experts 13.1863 sec
Elapsed time for households 11.2670 sec
Iteration 7
Elapsed time for kappa 42.9833 sec
Elapsed time for experts 13.6594 sec
Elapsed time for households 12.0794 sec
Iteration 8
Elapsed time for kappa 35.1107 sec
Elapsed time for experts 13.5625 sec
Elapsed time for households 13.5661 sec
Iteration 9
Elapsed time for kappa 35.1439 sec
Elapsed time for experts 13.3548 sec
Elapsed time for households 11.8939 sec
Iteration 10
Elapsed time for kappa 34.4001 sec
Elapsed time for experts 14.7151 sec
Elapsed time for households 13.4576 sec
Iteration 11
Elapsed time for kappa 34.5093 sec
Elapsed time for experts 13.2841 sec
Elapsed time for households 13.3208 sec
Iteration 12
Elapsed time for kappa 34.1538 sec
Elapsed time for experts 12.9702 sec
Elapsed time for households 18.6840 sec
Iteration 13
Elapsed time for kappa 35.7875 sec
Elapsed time for experts 13.4928 sec
Elapsed time for households 13.7456 sec
Iteration 14
Elapsed time for kappa 35.0302 sec
Elapsed time for experts 13.9953 sec
Elapsed time for households 11.4046 sec
Iteration 15
Elapsed time for kappa 35.0485 sec
Elapsed time for experts 14.0835 sec
Elapsed time for households 12.9892 sec
Iteration 16
Elapsed time for kappa 35.0979 sec
Elapsed time for experts 13.2937 sec
Elapsed time for households 11.8826 sec
Iteration 17
Elapsed time for kappa 34.6826 sec
Elapsed time for experts 13.6493 sec
Elapsed time for households 12.9831 sec
Iteration 18
Elapsed time for kappa 35.4373 sec
Elapsed time for experts 13.0725 sec
Elapsed time for households 20.2975 sec
Iteration 19
Elapsed time for kappa 35.7559 sec
Elapsed time for experts 14.5061 sec
Elapsed time for households 12.0456 sec
Iteration 20
Elapsed time for kappa 35.3034 sec
Elapsed time for experts 13.7518 sec
Elapsed time for households 11.6518 sec
Iteration 21
Elapsed time for kappa 36.4710 sec
Elapsed time for experts 15.1224 sec
Elapsed time for households 12.5286 sec
Iteration 22
Elapsed time for kappa 34.9779 sec
Elapsed time for experts 13.8233 sec
Elapsed time for households 11.9569 sec
Iteration 23
Elapsed time for kappa 35.2330 sec
Elapsed time for experts 15.0876 sec
Elapsed time for households 11.2963 sec
Iteration 24
Elapsed time for kappa 34.6073 sec
Elapsed time for experts 21.1282 sec
Elapsed time for households 12.0565 sec
Iteration 25
Elapsed time for kappa 35.8447 sec
Elapsed time for experts 14.1035 sec
Elapsed time for households 12.0341 sec
Iteration 26
Elapsed time for kappa 36.0374 sec
Elapsed time for experts 13.0333 sec
Elapsed time for households 11.5821 sec
Iteration 27
Elapsed time for kappa 35.3683 sec
Elapsed time for experts 13.5129 sec
Elapsed time for households 11.5813 sec
Iteration 28
Elapsed time for kappa 35.4623 sec
Elapsed time for experts 13.0928 sec
Elapsed time for households 12.4061 sec
Iteration 29
Elapsed time for kappa 35.2070 sec
Elapsed time for experts 13.2220 sec
Elapsed time for households 11.4950 sec
Iteration 30
Elapsed time for kappa 35.1695 sec
Elapsed time for experts 20.7826 sec
Elapsed time for households 12.1754 sec
Iteration 31
Elapsed time for kappa 36.0784 sec
Elapsed time for experts 13.4469 sec
Elapsed time for households 11.4438 sec
Iteration 32
Elapsed time for kappa 36.0824 sec
Elapsed time for experts 13.3609 sec
Elapsed time for households 11.8276 sec
Iteration 33
Elapsed time for kappa 35.6468 sec
Elapsed time for experts 12.7961 sec
Elapsed time for households 11.0923 sec
Iteration 34
Elapsed time for kappa 35.9360 sec
Elapsed time for experts 13.2282 sec
Elapsed time for households 11.3958 sec
Iteration 35
Elapsed time for kappa 35.6437 sec
Elapsed time for experts 12.8434 sec
Elapsed time for households 11.4068 sec
Iteration 36
Elapsed time for kappa 34.9530 sec
Elapsed time for experts 20.9987 sec
Elapsed time for households 12.3238 sec
Iteration 37
Elapsed time for kappa 35.6337 sec
Elapsed time for experts 13.4237 sec
Elapsed time for households 11.6142 sec
Iteration 38
Elapsed time for kappa 35.1379 sec
Elapsed time for experts 13.3613 sec
Elapsed time for households 11.7124 sec
Iteration 39
Elapsed time for kappa 35.2377 sec
Elapsed time for experts 13.3901 sec
Elapsed time for households 11.5028 sec
Iteration 40
Elapsed time for kappa 34.6794 sec
Elapsed time for experts 13.0957 sec
Elapsed time for households 11.5817 sec
Iteration 41
Elapsed time for kappa 34.8979 sec
Elapsed time for experts 13.4612 sec
Elapsed time for households 11.7079 sec
Iteration 42
Elapsed time for kappa 43.2471 sec
Elapsed time for experts 14.7025 sec
Elapsed time for households 12.0116 sec
Iteration 43
Elapsed time for kappa 35.0364 sec
Elapsed time for experts 13.5009 sec
Elapsed time for households 11.7793 sec
Iteration 44
Elapsed time for kappa 34.8389 sec
Elapsed time for experts 13.5215 sec
Elapsed time for households 11.3547 sec
Iteration 45
Elapsed time for kappa 34.6483 sec
Elapsed time for experts 13.5091 sec
Elapsed time for households 11.7788 sec
Iteration 46
Elapsed time for kappa 34.9540 sec
Elapsed time for experts 13.3743 sec
Elapsed time for households 11.4098 sec
Iteration 47
Elapsed time for kappa 34.7019 sec
Elapsed time for experts 13.3321 sec
Elapsed time for households 11.4920 sec
Iteration 48
Elapsed time for kappa 43.2232 sec
Elapsed time for experts 15.6778 sec
Elapsed time for households 11.7237 sec
Iteration 49
Elapsed time for kappa 34.9164 sec
Elapsed time for experts 13.3693 sec
Elapsed time for households 11.6849 sec
Iteration 50
Elapsed time for kappa 34.8880 sec
Elapsed time for experts 13.5921 sec
Elapsed time for households 11.8346 sec
Iteration 51
Elapsed time for kappa 35.0890 sec
Elapsed time for experts 14.1822 sec
Elapsed time for households 11.3790 sec
Iteration 52
Elapsed time for kappa 34.8839 sec
Elapsed time for experts 13.4326 sec
Elapsed time for households 11.6528 sec
Iteration 53
Elapsed time for kappa 35.3997 sec
Elapsed time for experts 13.7948 sec
Elapsed time for households 12.1437 sec
Iteration 54
Elapsed time for kappa 43.6405 sec
Elapsed time for experts 13.6573 sec
Elapsed time for households 11.2887 sec
Iteration 55
Elapsed time for kappa 35.6029 sec
Elapsed time for experts 13.1287 sec
Elapsed time for households 11.6343 sec
Iteration 56
Elapsed time for kappa 35.1778 sec
Elapsed time for experts 12.9437 sec
Elapsed time for households 10.9929 sec
Iteration 57
Elapsed time for kappa 35.3068 sec
Elapsed time for experts 13.2060 sec
Elapsed time for households 11.4580 sec
Iteration 58
Elapsed time for kappa 35.1748 sec
Elapsed time for experts 12.9073 sec
Elapsed time for households 11.2750 sec
Iteration 59
Elapsed time for kappa 35.1737 sec
Elapsed time for experts 13.1536 sec
Elapsed time for households 11.8494 sec
Iteration 60
Elapsed time for kappa 43.6944 sec
Elapsed time for experts 13.8771 sec
Elapsed time for households 11.6408 sec
Iteration 61
Elapsed time for kappa 34.9570 sec
Elapsed time for experts 13.2950 sec
Elapsed time for households 11.6345 sec
Iteration 62
Elapsed time for kappa 34.8913 sec
Elapsed time for experts 12.9414 sec
Elapsed time for households 11.8851 sec
Iteration 63
Elapsed time for kappa 34.4783 sec
Elapsed time for experts 14.4904 sec
Elapsed time for households 11.6813 sec
Iteration 64
Elapsed time for kappa 34.8709 sec
Elapsed time for experts 12.9987 sec
Elapsed time for households 11.8135 sec
Iteration 65
Elapsed time for kappa 34.8741 sec
Elapsed time for experts 13.0328 sec
Elapsed time for households 11.4152 sec
Iteration 66
Elapsed time for kappa 42.9868 sec
Elapsed time for experts 14.1872 sec
Elapsed time for households 11.9274 sec
Iteration 67
Elapsed time for kappa 35.8705 sec
Elapsed time for experts 13.4385 sec
Elapsed time for households 11.5164 sec
Iteration 68
Elapsed time for kappa 35.3269 sec
Elapsed time for experts 13.4452 sec
Elapsed time for households 11.7346 sec
Iteration 69
Elapsed time for kappa 35.5655 sec
Elapsed time for experts 13.2814 sec
Elapsed time for households 11.6791 sec
Iteration 70
Elapsed time for kappa 35.0496 sec
Elapsed time for experts 13.2781 sec
Elapsed time for households 11.7677 sec
Iteration 71
Elapsed time for kappa 35.4416 sec
Elapsed time for experts 13.5636 sec
Elapsed time for households 18.8032 sec
Iteration 72
Elapsed time for kappa 36.7214 sec
Elapsed time for experts 13.5983 sec
Elapsed time for households 11.9387 sec
Iteration 73
Elapsed time for kappa 34.9761 sec
Elapsed time for experts 12.9383 sec
Elapsed time for households 11.5884 sec
Iteration 74
Elapsed time for kappa 34.8459 sec
Elapsed time for experts 13.3982 sec
Elapsed time for households 11.4994 sec
Iteration 75
Elapsed time for kappa 34.9678 sec
Elapsed time for experts 13.1206 sec
Elapsed time for households 11.4435 sec
Iteration 76
Elapsed time for kappa 35.1086 sec
Elapsed time for experts 13.0136 sec
Elapsed time for households 11.7272 sec
Iteration 77
Elapsed time for kappa 34.8675 sec
Elapsed time for experts 21.7321 sec
Elapsed time for households 11.9750 sec
Iteration 78
Elapsed time for kappa 35.9490 sec
Elapsed time for experts 13.8161 sec
Elapsed time for households 11.4737 sec
Iteration 79
Elapsed time for kappa 36.6354 sec
Elapsed time for experts 13.6546 sec
Elapsed time for households 11.2757 sec
Iteration 80
Elapsed time for kappa 35.6190 sec
Elapsed time for experts 13.2177 sec
Elapsed time for households 11.2954 sec
Iteration 81
Elapsed time for kappa 35.1518 sec
Elapsed time for experts 13.3378 sec
Elapsed time for households 11.4519 sec
Iteration 82
Elapsed time for kappa 35.0179 sec
Elapsed time for experts 13.2877 sec
Elapsed time for households 10.9292 sec
Iteration 83
Elapsed time for kappa 34.6525 sec
Elapsed time for experts 20.6795 sec
Elapsed time for households 11.8660 sec
Iteration 84
Elapsed time for kappa 35.5296 sec
Elapsed time for experts 12.8694 sec
Elapsed time for households 11.2870 sec
Iteration 85
Elapsed time for kappa 35.5776 sec
Elapsed time for experts 12.8302 sec
Elapsed time for households 11.8082 sec
Iteration 86
Elapsed time for kappa 36.5491 sec
Elapsed time for experts 12.6701 sec
Elapsed time for households 11.4323 sec
Iteration 87
Elapsed time for kappa 35.4692 sec
Elapsed time for experts 12.5822 sec
Elapsed time for households 11.1797 sec
Iteration 88
Elapsed time for kappa 35.1687 sec
Elapsed time for experts 13.0366 sec
Elapsed time for households 11.5470 sec
Iteration 89
Elapsed time for kappa 35.8579 sec
Elapsed time for experts 19.9496 sec
Elapsed time for households 11.6581 sec
Iteration 90
Elapsed time for kappa 35.2822 sec
Elapsed time for experts 13.0539 sec
Elapsed time for households 11.4238 sec
Iteration 91
Elapsed time for kappa 35.1325 sec
Elapsed time for experts 13.0538 sec
Elapsed time for households 11.4603 sec
Iteration 92
Elapsed time for kappa 34.9187 sec
Elapsed time for experts 13.0148 sec
Elapsed time for households 11.6076 sec
Iteration 93
Elapsed time for kappa 34.5637 sec
Elapsed time for experts 12.9424 sec
Elapsed time for households 11.3008 sec
Iteration 94
Elapsed time for kappa 34.9275 sec
Elapsed time for experts 12.6530 sec
Elapsed time for households 11.7266 sec
Iteration 95
Elapsed time for kappa 40.9178 sec
Elapsed time for experts 12.7727 sec
Elapsed time for households 11.8219 sec
Iteration 96
Elapsed time for kappa 34.2874 sec
Elapsed time for experts 12.7454 sec
Elapsed time for households 11.3559 sec
Iteration 97
Elapsed time for kappa 34.3791 sec
Elapsed time for experts 13.1056 sec
Elapsed time for households 11.5890 sec
Iteration 98
Elapsed time for kappa 34.5446 sec
Elapsed time for experts 12.5046 sec
Elapsed time for households 11.5207 sec
Iteration 99
Elapsed time for kappa 33.8197 sec
Elapsed time for experts 12.8076 sec
Elapsed time for households 11.4973 sec
Iteration 100
Elapsed time for kappa 33.9492 sec
Elapsed time for experts 12.3063 sec
Elapsed time for households 11.2123 sec
Iteration 101
Elapsed time for kappa 40.6996 sec
Elapsed time for experts 12.5977 sec
Elapsed time for households 11.2449 sec
Iteration 102
Elapsed time for kappa 34.3906 sec
Elapsed time for experts 13.1267 sec
Elapsed time for households 11.1665 sec
Iteration 103
Elapsed time for kappa 34.3221 sec
Elapsed time for experts 12.6002 sec
Elapsed time for households 11.0147 sec
Iteration 104
Elapsed time for kappa 33.6060 sec
Elapsed time for experts 12.3442 sec
Elapsed time for households 11.5352 sec
Iteration 105
Elapsed time for kappa 33.7106 sec
Elapsed time for experts 12.6430 sec
Elapsed time for households 11.2669 sec
Iteration 106
Elapsed time for kappa 33.7337 sec
Elapsed time for experts 12.6213 sec
Elapsed time for households 11.3231 sec
Iteration 107
Elapsed time for kappa 40.9940 sec
Elapsed time for experts 13.1360 sec
Elapsed time for households 11.4297 sec
Iteration 108
Elapsed time for kappa 33.7289 sec
Elapsed time for experts 13.6227 sec
Elapsed time for households 11.2128 sec
Iteration 109
Elapsed time for kappa 34.0138 sec
Elapsed time for experts 12.5477 sec
Elapsed time for households 11.3053 sec
Iteration 110
Elapsed time for kappa 33.6504 sec
Elapsed time for experts 12.3586 sec
Elapsed time for households 11.1297 sec
Iteration 111
Elapsed time for kappa 33.4297 sec
Elapsed time for experts 12.2499 sec
Elapsed time for households 11.5550 sec
Iteration 112
Elapsed time for kappa 33.8094 sec
Elapsed time for experts 12.6622 sec
Elapsed time for households 11.3926 sec
Iteration 113
Elapsed time for kappa 40.5759 sec
Elapsed time for experts 12.7281 sec
Elapsed time for households 10.9998 sec
Iteration 114
Elapsed time for kappa 34.7956 sec
Elapsed time for experts 12.5730 sec
Elapsed time for households 11.8318 sec
Iteration 115
Elapsed time for kappa 33.8492 sec
Elapsed time for experts 12.6612 sec
Elapsed time for households 11.6259 sec
Iteration 116
Elapsed time for kappa 34.0344 sec
Elapsed time for experts 12.5168 sec
Elapsed time for households 11.7150 sec
Iteration 117
Elapsed time for kappa 33.9778 sec
Elapsed time for experts 12.4576 sec
Elapsed time for households 11.5311 sec
Iteration 118
Elapsed time for kappa 34.1648 sec
Elapsed time for experts 12.3589 sec
Elapsed time for households 11.5211 sec
Iteration 119
Elapsed time for kappa 40.7353 sec
Elapsed time for experts 12.1798 sec
Elapsed time for households 11.1770 sec
Iteration 120
Elapsed time for kappa 33.7811 sec
Elapsed time for experts 12.6208 sec
Elapsed time for households 10.9932 sec
Iteration 121
Elapsed time for kappa 34.0119 sec
Elapsed time for experts 12.1056 sec
Elapsed time for households 10.8367 sec
Iteration 122
Elapsed time for kappa 34.1559 sec
Elapsed time for experts 12.7530 sec
Elapsed time for households 11.1505 sec
Iteration 123
Elapsed time for kappa 34.3031 sec
Elapsed time for experts 12.4071 sec
Elapsed time for households 11.4093 sec
Iteration 124
Elapsed time for kappa 34.2652 sec
Elapsed time for experts 18.7916 sec
Elapsed time for households 11.8516 sec
Iteration 125
Elapsed time for kappa 34.3149 sec
Elapsed time for experts 13.5435 sec
Elapsed time for households 11.2128 sec
Iteration 126
Elapsed time for kappa 34.2441 sec
Elapsed time for experts 12.8211 sec
Elapsed time for households 11.9389 sec
Iteration 127
Elapsed time for kappa 34.0138 sec
Elapsed time for experts 12.4235 sec
Elapsed time for households 11.2208 sec
Iteration 128
Elapsed time for kappa 34.1567 sec
Elapsed time for experts 12.5546 sec
Elapsed time for households 11.4369 sec
Iteration 129
Elapsed time for kappa 33.8740 sec
Elapsed time for experts 12.2453 sec
Elapsed time for households 11.9022 sec
Iteration 130
Elapsed time for kappa 33.9982 sec
Elapsed time for experts 20.0167 sec
Elapsed time for households 11.7255 sec
Iteration 131
Elapsed time for kappa 34.6917 sec
Elapsed time for experts 12.4778 sec
Elapsed time for households 11.2346 sec
Iteration 132
Elapsed time for kappa 34.3950 sec
Elapsed time for experts 12.7991 sec
Elapsed time for households 11.4450 sec
Iteration 133
Elapsed time for kappa 34.6076 sec
Elapsed time for experts 12.8502 sec
Elapsed time for households 11.1552 sec
Iteration 134
Elapsed time for kappa 33.7478 sec
Elapsed time for experts 12.7378 sec
Elapsed time for households 10.9758 sec
Iteration 135
Elapsed time for kappa 34.9865 sec
Elapsed time for experts 12.5560 sec
Elapsed time for households 10.7635 sec
Iteration 136
Elapsed time for kappa 34.1635 sec
Elapsed time for experts 19.4372 sec
Elapsed time for households 11.5130 sec
Iteration 137
Elapsed time for kappa 34.5210 sec
Elapsed time for experts 12.5856 sec
Elapsed time for households 11.1626 sec
Iteration 138
Elapsed time for kappa 35.9872 sec
Elapsed time for experts 12.8041 sec
Elapsed time for households 11.0745 sec
Iteration 139
Elapsed time for kappa 34.0907 sec
Elapsed time for experts 12.2772 sec
Elapsed time for households 11.5021 sec
Iteration 140
Elapsed time for kappa 33.9122 sec
Elapsed time for experts 12.2838 sec
Elapsed time for households 11.1087 sec
Iteration 141
Elapsed time for kappa 34.1184 sec
Elapsed time for experts 12.2404 sec
Elapsed time for households 10.7880 sec
Iteration 142
Elapsed time for kappa 34.4113 sec
Elapsed time for experts 19.4661 sec
Elapsed time for households 11.2937 sec
Iteration 143
Elapsed time for kappa 34.6576 sec
Elapsed time for experts 12.9951 sec
Elapsed time for households 11.2415 sec
Iteration 144
Elapsed time for kappa 34.3604 sec
Elapsed time for experts 12.8179 sec
Elapsed time for households 11.4418 sec
Iteration 145
Elapsed time for kappa 34.0911 sec
Elapsed time for experts 12.9205 sec
Elapsed time for households 11.5575 sec
Iteration 146
Elapsed time for kappa 33.9400 sec
Elapsed time for experts 12.8313 sec
Elapsed time for households 11.1505 sec
Iteration 147
Elapsed time for kappa 33.6263 sec
Elapsed time for experts 12.3769 sec
Elapsed time for households 11.1102 sec
Iteration 148
Elapsed time for kappa 40.7939 sec
Elapsed time for experts 13.0094 sec
Elapsed time for households 11.2845 sec
Iteration 149
Elapsed time for kappa 34.6688 sec
Elapsed time for experts 12.9049 sec
Elapsed time for households 11.0527 sec
Iteration 150
Elapsed time for kappa 34.3551 sec
Elapsed time for experts 12.2154 sec
Elapsed time for households 10.7281 sec
Iteration 151
Elapsed time for kappa 33.9622 sec
Elapsed time for experts 12.3979 sec
Elapsed time for households 10.9206 sec
Iteration 152
Elapsed time for kappa 34.3605 sec
Elapsed time for experts 12.7886 sec
Elapsed time for households 10.9004 sec
Iteration 153
Elapsed time for kappa 33.9871 sec
Elapsed time for experts 12.6945 sec
Elapsed time for households 11.0821 sec
Iteration 154
Elapsed time for kappa 41.1981 sec
Elapsed time for experts 12.9022 sec
Elapsed time for households 11.1755 sec
Iteration 155
Elapsed time for kappa 34.7627 sec
Elapsed time for experts 12.9148 sec
Elapsed time for households 11.2165 sec
Iteration 156
Elapsed time for kappa 34.3443 sec
Elapsed time for experts 12.4237 sec
Elapsed time for households 11.0701 sec
Iteration 157
Elapsed time for kappa 34.4136 sec
Elapsed time for experts 12.6736 sec
Elapsed time for households 11.4452 sec
Iteration 158
Elapsed time for kappa 34.2070 sec
Elapsed time for experts 12.2103 sec
Elapsed time for households 11.2085 sec
Iteration 159
Elapsed time for kappa 34.3799 sec
Elapsed time for experts 12.6421 sec
Elapsed time for households 10.9424 sec
Iteration 160
Elapsed time for kappa 41.2567 sec
Elapsed time for experts 13.3112 sec
Elapsed time for households 11.3454 sec
Iteration 161
Elapsed time for kappa 34.1567 sec
Elapsed time for experts 12.5724 sec
Elapsed time for households 11.1472 sec
Iteration 162
Elapsed time for kappa 34.5117 sec
Elapsed time for experts 12.3628 sec
Elapsed time for households 11.2360 sec
Iteration 163
Elapsed time for kappa 34.2544 sec
Elapsed time for experts 12.7311 sec
Elapsed time for households 11.1676 sec
Iteration 164
Elapsed time for kappa 33.8723 sec
Elapsed time for experts 12.3774 sec
Elapsed time for households 10.8454 sec
Iteration 165
Elapsed time for kappa 33.9702 sec
Elapsed time for experts 12.7170 sec
Elapsed time for households 11.0995 sec
Iteration 166
Elapsed time for kappa 41.4417 sec
Elapsed time for experts 13.1837 sec
Elapsed time for households 11.3443 sec
Iteration 167
Elapsed time for kappa 34.3274 sec
Elapsed time for experts 12.5414 sec
Elapsed time for households 10.9944 sec
Iteration 168
Elapsed time for kappa 34.1899 sec
Elapsed time for experts 12.2363 sec
Elapsed time for households 11.0241 sec
Iteration 169
Elapsed time for kappa 34.8290 sec
Elapsed time for experts 12.2078 sec
Elapsed time for households 11.2153 sec
Iteration 170
Elapsed time for kappa 34.3978 sec
Elapsed time for experts 12.1510 sec
Elapsed time for households 11.1893 sec
Iteration 171
Elapsed time for kappa 34.1925 sec
Elapsed time for experts 12.6282 sec
Elapsed time for households 17.5888 sec
Iteration 172
Elapsed time for kappa 35.2143 sec
Elapsed time for experts 13.1815 sec
Elapsed time for households 11.6051 sec
Iteration 173
Elapsed time for kappa 35.0551 sec
Elapsed time for experts 12.7151 sec
Elapsed time for households 11.1312 sec
Iteration 174
Elapsed time for kappa 35.0149 sec
Elapsed time for experts 12.8080 sec
Elapsed time for households 10.8662 sec
Iteration 175
Elapsed time for kappa 34.5055 sec
Elapsed time for experts 12.6489 sec
Elapsed time for households 10.6775 sec
Iteration 176
Elapsed time for kappa 34.0208 sec
Elapsed time for experts 12.3008 sec
Elapsed time for households 10.9475 sec
Iteration 177
Elapsed time for kappa 34.4600 sec
Elapsed time for experts 12.8520 sec
Elapsed time for households 11.0521 sec
Iteration 178
Elapsed time for kappa 42.1037 sec
Elapsed time for experts 12.8845 sec
Elapsed time for households 11.1805 sec
Iteration 179
Elapsed time for kappa 35.0573 sec
Elapsed time for experts 13.8552 sec
Elapsed time for households 11.9186 sec
Iteration 180
Elapsed time for kappa 35.0360 sec
Elapsed time for experts 13.4899 sec
Elapsed time for households 11.1603 sec
Iteration 181
Elapsed time for kappa 34.5077 sec
Elapsed time for experts 12.9258 sec
Elapsed time for households 10.9306 sec
Iteration 182
Elapsed time for kappa 34.4344 sec
Elapsed time for experts 12.3454 sec
Elapsed time for households 10.7613 sec
Iteration 183
Elapsed time for kappa 34.2841 sec
Elapsed time for experts 12.5314 sec
Elapsed time for households 17.4350 sec
Iteration 184
Elapsed time for kappa 34.9829 sec
Elapsed time for experts 12.5740 sec
Elapsed time for households 10.9496 sec
Iteration 185
Elapsed time for kappa 34.6594 sec
Elapsed time for experts 12.6907 sec
Elapsed time for households 11.2490 sec
Iteration 186
Elapsed time for kappa 34.6230 sec
Elapsed time for experts 12.5551 sec
Elapsed time for households 10.8079 sec
Iteration 187
Elapsed time for kappa 34.3638 sec
Elapsed time for experts 12.6235 sec
Elapsed time for households 11.0525 sec
Iteration 188
Elapsed time for kappa 34.3147 sec
Elapsed time for experts 12.3928 sec
Elapsed time for households 10.4667 sec
Iteration 189
Elapsed time for kappa 33.4557 sec
Elapsed time for experts 19.8833 sec
Elapsed time for households 12.2528 sec
Iteration 190
Elapsed time for kappa 35.4237 sec
Elapsed time for experts 13.7444 sec
Elapsed time for households 12.0540 sec
Iteration 191
Elapsed time for kappa 33.3722 sec
Elapsed time for experts 12.0585 sec
Elapsed time for households 10.2582 sec
Iteration 192
Elapsed time for kappa 33.2169 sec
Elapsed time for experts 12.0159 sec
Elapsed time for households 10.9731 sec
Iteration 193
Elapsed time for kappa 34.5131 sec
Elapsed time for experts 12.9092 sec
Elapsed time for households 11.6144 sec
Iteration 194
Elapsed time for kappa 34.3632 sec
Elapsed time for experts 12.6326 sec
Elapsed time for households 12.4788 sec
Iteration 195
Elapsed time for kappa 34.7800 sec
Elapsed time for experts 19.4861 sec
Elapsed time for households 11.7052 sec
Iteration 196
Elapsed time for kappa 34.9576 sec
Elapsed time for experts 12.9614 sec
Elapsed time for households 11.2535 sec
Iteration 197
Elapsed time for kappa 35.0271 sec
Elapsed time for experts 12.8544 sec
Elapsed time for households 11.2411 sec
Iteration 198
Elapsed time for kappa 34.4990 sec
Elapsed time for experts 12.7295 sec
Elapsed time for households 11.1519 sec
Iteration 199
Elapsed time for kappa 34.1226 sec
Elapsed time for experts 13.3499 sec
Elapsed time for households 10.8151 sec
Elapsed time for training 12164.5182 sec
90000 90000 90000 90000
