Iteration 0
Elapsed time for kappa 69.1773 sec
Elapsed time for experts 21.5962 sec
Elapsed time for households 17.9634 sec
Iteration 1
Elapsed time for kappa 38.8612 sec
Elapsed time for experts 16.7522 sec
Elapsed time for households 15.0593 sec
Iteration 2
Elapsed time for kappa 34.1681 sec
Elapsed time for experts 16.3479 sec
Elapsed time for households 14.7432 sec
Iteration 3
Elapsed time for kappa 38.6610 sec
Elapsed time for experts 16.1062 sec
Elapsed time for households 14.7610 sec
Iteration 4
Elapsed time for kappa 33.5612 sec
Elapsed time for experts 16.3723 sec
Elapsed time for households 14.3623 sec
Iteration 5
Elapsed time for kappa 32.9989 sec
Elapsed time for experts 16.1802 sec
Elapsed time for households 12.8508 sec
Iteration 6
Elapsed time for kappa 33.5135 sec
Elapsed time for experts 13.6972 sec
Elapsed time for households 14.5022 sec
Iteration 7
Elapsed time for kappa 40.6997 sec
Elapsed time for experts 14.3721 sec
Elapsed time for households 11.8423 sec
Iteration 8
Elapsed time for kappa 33.6773 sec
Elapsed time for experts 13.6406 sec
Elapsed time for households 14.5462 sec
Iteration 9
Elapsed time for kappa 33.6581 sec
Elapsed time for experts 16.2068 sec
Elapsed time for households 13.6226 sec
Iteration 10
Elapsed time for kappa 33.5199 sec
Elapsed time for experts 14.0101 sec
Elapsed time for households 14.5867 sec
Iteration 11
Elapsed time for kappa 34.2220 sec
Elapsed time for experts 16.3233 sec
Elapsed time for households 14.4968 sec
Iteration 12
Elapsed time for kappa 34.9790 sec
Elapsed time for experts 13.2196 sec
Elapsed time for households 20.6781 sec
Iteration 13
Elapsed time for kappa 36.0831 sec
Elapsed time for experts 16.5609 sec
Elapsed time for households 13.1928 sec
Iteration 14
Elapsed time for kappa 33.5332 sec
Elapsed time for experts 16.3479 sec
Elapsed time for households 10.8822 sec
Iteration 15
Elapsed time for kappa 33.3528 sec
Elapsed time for experts 12.7096 sec
Elapsed time for households 10.8906 sec
Iteration 16
Elapsed time for kappa 33.1926 sec
Elapsed time for experts 16.2517 sec
Elapsed time for households 11.8912 sec
Iteration 17
Elapsed time for kappa 33.4404 sec
Elapsed time for experts 13.0734 sec
Elapsed time for households 11.0563 sec
Iteration 18
Elapsed time for kappa 33.6601 sec
Elapsed time for experts 13.2908 sec
Elapsed time for households 19.2397 sec
Iteration 19
Elapsed time for kappa 34.8528 sec
Elapsed time for experts 16.3801 sec
Elapsed time for households 11.3770 sec
Iteration 20
Elapsed time for kappa 36.4418 sec
Elapsed time for experts 13.8067 sec
Elapsed time for households 11.7180 sec
Iteration 21
Elapsed time for kappa 33.4080 sec
Elapsed time for experts 13.2446 sec
Elapsed time for households 11.9567 sec
Iteration 22
Elapsed time for kappa 33.9254 sec
Elapsed time for experts 13.5188 sec
Elapsed time for households 11.5100 sec
Iteration 23
Elapsed time for kappa 33.5600 sec
Elapsed time for experts 13.4511 sec
Elapsed time for households 10.8091 sec
Iteration 24
Elapsed time for kappa 33.0550 sec
Elapsed time for experts 22.4229 sec
Elapsed time for households 11.4391 sec
Iteration 25
Elapsed time for kappa 33.8835 sec
Elapsed time for experts 15.0434 sec
Elapsed time for households 11.2326 sec
Iteration 26
Elapsed time for kappa 33.2521 sec
Elapsed time for experts 13.6158 sec
Elapsed time for households 11.0833 sec
Iteration 27
Elapsed time for kappa 33.1965 sec
Elapsed time for experts 12.5836 sec
Elapsed time for households 10.6112 sec
Iteration 28
Elapsed time for kappa 33.1438 sec
Elapsed time for experts 12.7209 sec
Elapsed time for households 10.6759 sec
Iteration 29
Elapsed time for kappa 33.3954 sec
Elapsed time for experts 12.7439 sec
Elapsed time for households 11.2163 sec
Iteration 30
Elapsed time for kappa 33.2353 sec
Elapsed time for experts 21.2543 sec
Elapsed time for households 11.8098 sec
Iteration 31
Elapsed time for kappa 34.3662 sec
Elapsed time for experts 16.3264 sec
Elapsed time for households 11.5585 sec
Iteration 32
Elapsed time for kappa 33.2778 sec
Elapsed time for experts 12.8346 sec
Elapsed time for households 11.6364 sec
Iteration 33
Elapsed time for kappa 33.4095 sec
Elapsed time for experts 14.5846 sec
Elapsed time for households 11.6677 sec
Iteration 34
Elapsed time for kappa 33.4258 sec
Elapsed time for experts 12.8206 sec
Elapsed time for households 11.8578 sec
Iteration 35
Elapsed time for kappa 33.1908 sec
Elapsed time for experts 14.7853 sec
Elapsed time for households 11.5555 sec
Iteration 36
Elapsed time for kappa 32.6716 sec
Elapsed time for experts 20.1922 sec
Elapsed time for households 11.4933 sec
Iteration 37
Elapsed time for kappa 34.6652 sec
Elapsed time for experts 13.8662 sec
Elapsed time for households 11.2303 sec
Iteration 38
Elapsed time for kappa 33.5725 sec
Elapsed time for experts 13.4192 sec
Elapsed time for households 11.7309 sec
Iteration 39
Elapsed time for kappa 32.7911 sec
Elapsed time for experts 12.9642 sec
Elapsed time for households 11.6543 sec
Iteration 40
Elapsed time for kappa 33.1537 sec
Elapsed time for experts 16.1372 sec
Elapsed time for households 11.5433 sec
Iteration 41
Elapsed time for kappa 33.2772 sec
Elapsed time for experts 13.3219 sec
Elapsed time for households 11.2813 sec
Iteration 42
Elapsed time for kappa 40.3735 sec
Elapsed time for experts 13.7357 sec
Elapsed time for households 11.1446 sec
Iteration 43
Elapsed time for kappa 35.8644 sec
Elapsed time for experts 14.1537 sec
Elapsed time for households 10.9173 sec
Iteration 44
Elapsed time for kappa 33.5334 sec
Elapsed time for experts 13.1638 sec
Elapsed time for households 11.0252 sec
Iteration 45
Elapsed time for kappa 33.3558 sec
Elapsed time for experts 14.6621 sec
Elapsed time for households 10.9745 sec
Iteration 46
Elapsed time for kappa 33.3498 sec
Elapsed time for experts 13.7232 sec
Elapsed time for households 10.9176 sec
Iteration 47
Elapsed time for kappa 33.2988 sec
Elapsed time for experts 12.3949 sec
Elapsed time for households 11.1154 sec
Iteration 48
Elapsed time for kappa 40.3418 sec
Elapsed time for experts 13.7191 sec
Elapsed time for households 11.9153 sec
Iteration 49
Elapsed time for kappa 34.1346 sec
Elapsed time for experts 13.5494 sec
Elapsed time for households 11.0953 sec
Iteration 50
Elapsed time for kappa 33.5578 sec
Elapsed time for experts 13.3393 sec
Elapsed time for households 10.9968 sec
Iteration 51
Elapsed time for kappa 32.6122 sec
Elapsed time for experts 13.0797 sec
Elapsed time for households 11.2188 sec
Iteration 52
Elapsed time for kappa 33.0136 sec
Elapsed time for experts 13.0104 sec
Elapsed time for households 11.7309 sec
Iteration 53
Elapsed time for kappa 33.1647 sec
Elapsed time for experts 13.5477 sec
Elapsed time for households 11.7421 sec
Iteration 54
Elapsed time for kappa 40.5648 sec
Elapsed time for experts 14.5319 sec
Elapsed time for households 11.6975 sec
Iteration 55
Elapsed time for kappa 33.9360 sec
Elapsed time for experts 13.5162 sec
Elapsed time for households 11.4537 sec
Iteration 56
Elapsed time for kappa 33.8638 sec
Elapsed time for experts 13.5157 sec
Elapsed time for households 10.9232 sec
Iteration 57
Elapsed time for kappa 33.3898 sec
Elapsed time for experts 15.2549 sec
Elapsed time for households 11.6662 sec
Iteration 58
Elapsed time for kappa 33.5568 sec
Elapsed time for experts 15.1565 sec
Elapsed time for households 11.5894 sec
Iteration 59
Elapsed time for kappa 33.6260 sec
Elapsed time for experts 12.6844 sec
Elapsed time for households 10.7386 sec
Iteration 60
Elapsed time for kappa 40.6036 sec
Elapsed time for experts 12.7354 sec
Elapsed time for households 11.3711 sec
Iteration 61
Elapsed time for kappa 33.8136 sec
Elapsed time for experts 12.9863 sec
Elapsed time for households 10.9850 sec
Iteration 62
Elapsed time for kappa 33.8406 sec
Elapsed time for experts 13.5796 sec
Elapsed time for households 11.6990 sec
Iteration 63
Elapsed time for kappa 33.3760 sec
Elapsed time for experts 13.1211 sec
Elapsed time for households 10.8031 sec
Iteration 64
Elapsed time for kappa 32.6252 sec
Elapsed time for experts 13.3426 sec
Elapsed time for households 11.7433 sec
Iteration 65
Elapsed time for kappa 33.3126 sec
Elapsed time for experts 14.0391 sec
Elapsed time for households 18.2175 sec
Iteration 66
Elapsed time for kappa 34.2700 sec
Elapsed time for experts 14.0601 sec
Elapsed time for households 11.8983 sec
Iteration 67
Elapsed time for kappa 33.8348 sec
Elapsed time for experts 14.1978 sec
Elapsed time for households 11.1905 sec
Iteration 68
Elapsed time for kappa 33.9627 sec
Elapsed time for experts 13.8012 sec
Elapsed time for households 11.6737 sec
Iteration 69
Elapsed time for kappa 33.4634 sec
Elapsed time for experts 13.7799 sec
Elapsed time for households 11.8749 sec
Iteration 70
Elapsed time for kappa 33.0397 sec
Elapsed time for experts 13.4278 sec
Elapsed time for households 10.8785 sec
Iteration 71
Elapsed time for kappa 34.1512 sec
Elapsed time for experts 20.3049 sec
Elapsed time for households 11.7565 sec
Iteration 72
Elapsed time for kappa 34.3825 sec
Elapsed time for experts 13.7869 sec
Elapsed time for households 11.8651 sec
Iteration 73
Elapsed time for kappa 33.6488 sec
Elapsed time for experts 13.1888 sec
Elapsed time for households 11.1722 sec
Iteration 74
Elapsed time for kappa 34.0882 sec
Elapsed time for experts 12.6723 sec
Elapsed time for households 11.7451 sec
Iteration 75
Elapsed time for kappa 32.5796 sec
Elapsed time for experts 13.3744 sec
Elapsed time for households 11.1945 sec
Iteration 76
Elapsed time for kappa 32.9975 sec
Elapsed time for experts 13.0241 sec
Elapsed time for households 11.0370 sec
Iteration 77
Elapsed time for kappa 33.7113 sec
Elapsed time for experts 20.2064 sec
Elapsed time for households 11.8917 sec
Iteration 78
Elapsed time for kappa 34.1804 sec
Elapsed time for experts 14.0582 sec
Elapsed time for households 11.7285 sec
Iteration 79
Elapsed time for kappa 33.7436 sec
Elapsed time for experts 13.5267 sec
Elapsed time for households 11.0014 sec
Iteration 80
Elapsed time for kappa 34.3186 sec
Elapsed time for experts 13.9983 sec
Elapsed time for households 11.5338 sec
Iteration 81
Elapsed time for kappa 33.4221 sec
Elapsed time for experts 13.9196 sec
Elapsed time for households 14.4840 sec
Iteration 82
Elapsed time for kappa 33.2065 sec
Elapsed time for experts 13.5806 sec
Elapsed time for households 10.7507 sec
Iteration 83
Elapsed time for kappa 33.1595 sec
Elapsed time for experts 19.9377 sec
Elapsed time for households 11.7114 sec
Iteration 84
Elapsed time for kappa 35.4057 sec
Elapsed time for experts 13.4847 sec
Elapsed time for households 11.1032 sec
Iteration 85
Elapsed time for kappa 33.7708 sec
Elapsed time for experts 13.7876 sec
Elapsed time for households 10.9900 sec
Iteration 86
Elapsed time for kappa 33.5268 sec
Elapsed time for experts 12.5124 sec
Elapsed time for households 11.5474 sec
Iteration 87
Elapsed time for kappa 33.0721 sec
Elapsed time for experts 12.4175 sec
Elapsed time for households 10.8518 sec
Iteration 88
Elapsed time for kappa 33.3905 sec
Elapsed time for experts 15.1787 sec
Elapsed time for households 11.4358 sec
Iteration 89
Elapsed time for kappa 33.1923 sec
Elapsed time for experts 21.1859 sec
Elapsed time for households 12.3221 sec
Iteration 90
Elapsed time for kappa 34.1055 sec
Elapsed time for experts 13.7864 sec
Elapsed time for households 10.9598 sec
Iteration 91
Elapsed time for kappa 34.0483 sec
Elapsed time for experts 13.8510 sec
Elapsed time for households 11.3058 sec
Iteration 92
Elapsed time for kappa 33.7596 sec
Elapsed time for experts 12.6900 sec
Elapsed time for households 11.0282 sec
Iteration 93
Elapsed time for kappa 33.5221 sec
Elapsed time for experts 13.2870 sec
Elapsed time for households 10.8446 sec
Iteration 94
Elapsed time for kappa 33.2403 sec
Elapsed time for experts 13.7584 sec
Elapsed time for households 11.2280 sec
Iteration 95
Elapsed time for kappa 43.4476 sec
Elapsed time for experts 14.3474 sec
Elapsed time for households 11.7442 sec
Iteration 96
Elapsed time for kappa 34.1064 sec
Elapsed time for experts 14.2452 sec
Elapsed time for households 11.0366 sec
Iteration 97
Elapsed time for kappa 33.9075 sec
Elapsed time for experts 14.0163 sec
Elapsed time for households 10.9791 sec
Iteration 98
Elapsed time for kappa 32.9469 sec
Elapsed time for experts 13.1111 sec
Elapsed time for households 11.2653 sec
Iteration 99
Elapsed time for kappa 33.1277 sec
Elapsed time for experts 13.0802 sec
Elapsed time for households 11.5128 sec
Iteration 100
Elapsed time for kappa 35.5429 sec
Elapsed time for experts 13.8886 sec
Elapsed time for households 10.7610 sec
Iteration 101
Elapsed time for kappa 41.1308 sec
Elapsed time for experts 14.2223 sec
Elapsed time for households 11.8377 sec
Iteration 102
Elapsed time for kappa 35.7964 sec
Elapsed time for experts 13.8947 sec
Elapsed time for households 11.6123 sec
Iteration 103
Elapsed time for kappa 34.3587 sec
Elapsed time for experts 13.5186 sec
Elapsed time for households 11.4185 sec
Iteration 104
Elapsed time for kappa 33.6140 sec
Elapsed time for experts 14.1909 sec
Elapsed time for households 11.1905 sec
Iteration 105
Elapsed time for kappa 33.4157 sec
Elapsed time for experts 13.7375 sec
Elapsed time for households 10.9638 sec
Iteration 106
Elapsed time for kappa 33.3833 sec
Elapsed time for experts 13.3239 sec
Elapsed time for households 11.0500 sec
Iteration 107
Elapsed time for kappa 41.2335 sec
Elapsed time for experts 14.6577 sec
Elapsed time for households 11.6335 sec
Iteration 108
Elapsed time for kappa 34.0197 sec
Elapsed time for experts 13.6976 sec
Elapsed time for households 11.7080 sec
Iteration 109
Elapsed time for kappa 33.7395 sec
Elapsed time for experts 14.6687 sec
Elapsed time for households 11.5759 sec
Iteration 110
Elapsed time for kappa 33.0708 sec
Elapsed time for experts 13.4957 sec
Elapsed time for households 11.6844 sec
Iteration 111
Elapsed time for kappa 33.6123 sec
Elapsed time for experts 13.0250 sec
Elapsed time for households 10.9309 sec
Iteration 112
Elapsed time for kappa 33.1190 sec
Elapsed time for experts 13.2627 sec
Elapsed time for households 11.1639 sec
Iteration 113
Elapsed time for kappa 41.0200 sec
Elapsed time for experts 13.1051 sec
Elapsed time for households 11.3703 sec
Iteration 114
Elapsed time for kappa 35.4277 sec
Elapsed time for experts 13.8732 sec
Elapsed time for households 11.7017 sec
Iteration 115
Elapsed time for kappa 33.5670 sec
Elapsed time for experts 13.5427 sec
Elapsed time for households 11.2061 sec
Iteration 116
Elapsed time for kappa 33.6102 sec
Elapsed time for experts 14.4982 sec
Elapsed time for households 12.0498 sec
Iteration 117
Elapsed time for kappa 33.2422 sec
Elapsed time for experts 14.3022 sec
Elapsed time for households 11.8300 sec
Iteration 118
Elapsed time for kappa 33.3794 sec
Elapsed time for experts 14.4103 sec
Elapsed time for households 18.2486 sec
Iteration 119
Elapsed time for kappa 37.4151 sec
Elapsed time for experts 13.2198 sec
Elapsed time for households 11.6656 sec
Iteration 120
Elapsed time for kappa 33.9267 sec
Elapsed time for experts 13.7207 sec
Elapsed time for households 11.3975 sec
Iteration 121
Elapsed time for kappa 33.2885 sec
Elapsed time for experts 13.4044 sec
Elapsed time for households 10.8382 sec
Iteration 122
Elapsed time for kappa 34.3621 sec
Elapsed time for experts 13.7623 sec
Elapsed time for households 10.8817 sec
Iteration 123
Elapsed time for kappa 33.2483 sec
Elapsed time for experts 13.2171 sec
Elapsed time for households 11.2029 sec
Iteration 124
Elapsed time for kappa 33.5825 sec
Elapsed time for experts 13.9824 sec
Elapsed time for households 17.9273 sec
Iteration 125
Elapsed time for kappa 34.9366 sec
Elapsed time for experts 13.6946 sec
Elapsed time for households 11.6634 sec
Iteration 126
Elapsed time for kappa 34.0340 sec
Elapsed time for experts 13.2876 sec
Elapsed time for households 11.9697 sec
Iteration 127
Elapsed time for kappa 33.7642 sec
Elapsed time for experts 14.3006 sec
Elapsed time for households 11.4727 sec
Iteration 128
Elapsed time for kappa 33.6324 sec
Elapsed time for experts 14.5507 sec
Elapsed time for households 11.5685 sec
Iteration 129
Elapsed time for kappa 33.2969 sec
Elapsed time for experts 13.6770 sec
Elapsed time for households 11.8529 sec
Iteration 130
Elapsed time for kappa 33.2791 sec
Elapsed time for experts 14.1699 sec
Elapsed time for households 18.6369 sec
Iteration 131
Elapsed time for kappa 34.4628 sec
Elapsed time for experts 14.6220 sec
Elapsed time for households 11.6043 sec
Iteration 132
Elapsed time for kappa 34.0397 sec
Elapsed time for experts 13.2673 sec
Elapsed time for households 11.2949 sec
Iteration 133
Elapsed time for kappa 33.4216 sec
Elapsed time for experts 12.5101 sec
Elapsed time for households 11.4849 sec
Iteration 134
Elapsed time for kappa 33.6304 sec
Elapsed time for experts 13.3898 sec
Elapsed time for households 10.7347 sec
Iteration 135
Elapsed time for kappa 33.3784 sec
Elapsed time for experts 14.6835 sec
Elapsed time for households 11.0811 sec
Iteration 136
Elapsed time for kappa 33.3416 sec
Elapsed time for experts 19.6559 sec
Elapsed time for households 12.4655 sec
Iteration 137
Elapsed time for kappa 34.3699 sec
Elapsed time for experts 13.4460 sec
Elapsed time for households 11.2299 sec
Iteration 138
Elapsed time for kappa 34.0148 sec
Elapsed time for experts 13.7408 sec
Elapsed time for households 11.2236 sec
Iteration 139
Elapsed time for kappa 33.7476 sec
Elapsed time for experts 14.0414 sec
Elapsed time for households 11.2676 sec
Iteration 140
Elapsed time for kappa 33.5404 sec
Elapsed time for experts 13.6571 sec
Elapsed time for households 11.2862 sec
Iteration 141
Elapsed time for kappa 33.1501 sec
Elapsed time for experts 13.5445 sec
Elapsed time for households 10.9733 sec
Iteration 142
Elapsed time for kappa 33.5666 sec
Elapsed time for experts 19.8954 sec
Elapsed time for households 12.7641 sec
Iteration 143
Elapsed time for kappa 34.3064 sec
Elapsed time for experts 12.8203 sec
Elapsed time for households 11.7607 sec
Iteration 144
Elapsed time for kappa 33.8869 sec
Elapsed time for experts 12.9422 sec
Elapsed time for households 10.7224 sec
Iteration 145
Elapsed time for kappa 33.0877 sec
Elapsed time for experts 12.1709 sec
Elapsed time for households 11.3902 sec
Iteration 146
Elapsed time for kappa 33.8413 sec
Elapsed time for experts 13.7887 sec
Elapsed time for households 10.7721 sec
Iteration 147
Elapsed time for kappa 33.2081 sec
Elapsed time for experts 13.8072 sec
Elapsed time for households 10.7633 sec
Iteration 148
Elapsed time for kappa 33.4105 sec
Elapsed time for experts 20.2896 sec
Elapsed time for households 12.3831 sec
Iteration 149
Elapsed time for kappa 34.5086 sec
Elapsed time for experts 13.4766 sec
Elapsed time for households 12.0681 sec
Iteration 150
Elapsed time for kappa 34.4214 sec
Elapsed time for experts 13.1857 sec
Elapsed time for households 11.1580 sec
Iteration 151
Elapsed time for kappa 34.1994 sec
Elapsed time for experts 13.5996 sec
Elapsed time for households 11.9583 sec
Iteration 152
Elapsed time for kappa 33.5801 sec
Elapsed time for experts 14.7797 sec
Elapsed time for households 11.9437 sec
Iteration 153
Elapsed time for kappa 33.3888 sec
Elapsed time for experts 13.0486 sec
Elapsed time for households 10.9861 sec
Iteration 154
Elapsed time for kappa 33.2525 sec
Elapsed time for experts 20.9551 sec
Elapsed time for households 11.9260 sec
Iteration 155
Elapsed time for kappa 34.5019 sec
Elapsed time for experts 12.7764 sec
Elapsed time for households 11.7767 sec
Iteration 156
Elapsed time for kappa 33.9222 sec
Elapsed time for experts 12.6333 sec
Elapsed time for households 11.8008 sec
Iteration 157
Elapsed time for kappa 33.2270 sec
Elapsed time for experts 12.1728 sec
Elapsed time for households 11.0401 sec
Iteration 158
Elapsed time for kappa 33.2288 sec
Elapsed time for experts 12.6103 sec
Elapsed time for households 11.3990 sec
Iteration 159
Elapsed time for kappa 33.2472 sec
Elapsed time for experts 13.5923 sec
Elapsed time for households 11.0748 sec
Iteration 160
Elapsed time for kappa 41.5644 sec
Elapsed time for experts 14.6158 sec
Elapsed time for households 11.4483 sec
Iteration 161
Elapsed time for kappa 34.2770 sec
Elapsed time for experts 14.0480 sec
Elapsed time for households 12.0504 sec
Iteration 162
Elapsed time for kappa 33.8415 sec
Elapsed time for experts 13.1840 sec
Elapsed time for households 10.9092 sec
Iteration 163
Elapsed time for kappa 33.3349 sec
Elapsed time for experts 13.4349 sec
Elapsed time for households 11.6045 sec
Iteration 164
Elapsed time for kappa 36.0452 sec
Elapsed time for experts 13.6888 sec
Elapsed time for households 11.5159 sec
Iteration 165
Elapsed time for kappa 33.7177 sec
Elapsed time for experts 12.9896 sec
Elapsed time for households 11.8703 sec
Iteration 166
Elapsed time for kappa 41.1948 sec
Elapsed time for experts 13.9220 sec
Elapsed time for households 12.0310 sec
Iteration 167
Elapsed time for kappa 34.1101 sec
Elapsed time for experts 12.7921 sec
Elapsed time for households 11.4807 sec
Iteration 168
Elapsed time for kappa 36.0518 sec
Elapsed time for experts 13.0862 sec
Elapsed time for households 11.8532 sec
Iteration 169
Elapsed time for kappa 33.2896 sec
Elapsed time for experts 13.3171 sec
Elapsed time for households 11.2667 sec
Iteration 170
Elapsed time for kappa 32.6777 sec
Elapsed time for experts 13.4307 sec
Elapsed time for households 12.0025 sec
Iteration 171
Elapsed time for kappa 33.3580 sec
Elapsed time for experts 12.8337 sec
Elapsed time for households 11.3494 sec
Iteration 172
Elapsed time for kappa 41.4712 sec
Elapsed time for experts 14.1288 sec
Elapsed time for households 12.3527 sec
Iteration 173
Elapsed time for kappa 34.0951 sec
Elapsed time for experts 12.7853 sec
Elapsed time for households 11.6373 sec
Iteration 174
Elapsed time for kappa 33.9069 sec
Elapsed time for experts 12.5797 sec
Elapsed time for households 12.0945 sec
Iteration 175
Elapsed time for kappa 34.2510 sec
Elapsed time for experts 14.0316 sec
Elapsed time for households 11.3283 sec
Iteration 176
Elapsed time for kappa 33.2320 sec
Elapsed time for experts 12.3176 sec
Elapsed time for households 10.9198 sec
Iteration 177
Elapsed time for kappa 33.4081 sec
Elapsed time for experts 12.8123 sec
Elapsed time for households 10.8722 sec
Iteration 178
Elapsed time for kappa 41.3420 sec
Elapsed time for experts 14.3745 sec
Elapsed time for households 11.4872 sec
Iteration 179
Elapsed time for kappa 34.2483 sec
Elapsed time for experts 14.1936 sec
Elapsed time for households 11.6495 sec
Iteration 180
Elapsed time for kappa 33.7349 sec
Elapsed time for experts 13.3204 sec
Elapsed time for households 11.8129 sec
Iteration 181
Elapsed time for kappa 33.4338 sec
Elapsed time for experts 13.6904 sec
Elapsed time for households 11.1021 sec
Iteration 182
Elapsed time for kappa 33.2929 sec
Elapsed time for experts 14.2721 sec
Elapsed time for households 11.3233 sec
Iteration 183
Elapsed time for kappa 33.3801 sec
Elapsed time for experts 13.4324 sec
Elapsed time for households 17.4877 sec
Iteration 184
Elapsed time for kappa 34.8496 sec
Elapsed time for experts 14.5837 sec
Elapsed time for households 12.2370 sec
Iteration 185
Elapsed time for kappa 34.1943 sec
Elapsed time for experts 14.0061 sec
Elapsed time for households 11.4721 sec
Iteration 186
Elapsed time for kappa 33.7627 sec
Elapsed time for experts 13.0696 sec
Elapsed time for households 11.3418 sec
Iteration 187
Elapsed time for kappa 33.6758 sec
Elapsed time for experts 12.5008 sec
Elapsed time for households 11.5322 sec
Iteration 188
Elapsed time for kappa 33.1915 sec
Elapsed time for experts 12.8159 sec
Elapsed time for households 11.2199 sec
Iteration 189
Elapsed time for kappa 32.9951 sec
Elapsed time for experts 12.6987 sec
Elapsed time for households 18.2356 sec
Iteration 190
Elapsed time for kappa 34.5638 sec
Elapsed time for experts 14.3029 sec
Elapsed time for households 11.3829 sec
Iteration 191
Elapsed time for kappa 34.1118 sec
Elapsed time for experts 13.4776 sec
Elapsed time for households 12.2106 sec
Iteration 192
Elapsed time for kappa 33.8160 sec
Elapsed time for experts 14.0703 sec
Elapsed time for households 10.8400 sec
Iteration 193
Elapsed time for kappa 32.9205 sec
Elapsed time for experts 13.4346 sec
Elapsed time for households 11.3786 sec
Iteration 194
Elapsed time for kappa 33.6654 sec
Elapsed time for experts 13.9653 sec
Elapsed time for households 12.0627 sec
Iteration 195
Elapsed time for kappa 33.1357 sec
Elapsed time for experts 13.0691 sec
Elapsed time for households 18.9643 sec
Iteration 196
Elapsed time for kappa 36.2381 sec
Elapsed time for experts 13.3486 sec
Elapsed time for households 11.5276 sec
Iteration 197
Elapsed time for kappa 33.9521 sec
Elapsed time for experts 13.6024 sec
Elapsed time for households 11.4221 sec
Iteration 198
Elapsed time for kappa 33.8005 sec
Elapsed time for experts 13.2755 sec
Elapsed time for households 12.0370 sec
Iteration 199
Elapsed time for kappa 33.3416 sec
Elapsed time for experts 13.0386 sec
Elapsed time for households 11.2542 sec
Elapsed time for training 12127.4358 sec
