Iteration 0
Elapsed time for kappa 65.0257 sec
Elapsed time for experts 20.4703 sec
Elapsed time for households 16.2285 sec
Iteration 1
Elapsed time for kappa 34.9142 sec
Elapsed time for experts 15.7471 sec
Elapsed time for households 14.3444 sec
Iteration 2
Elapsed time for kappa 33.4920 sec
Elapsed time for experts 15.7980 sec
Elapsed time for households 13.9509 sec
Iteration 3
Elapsed time for kappa 34.4628 sec
Elapsed time for experts 15.4271 sec
Elapsed time for households 13.9512 sec
Iteration 4
Elapsed time for kappa 32.5253 sec
Elapsed time for experts 15.9028 sec
Elapsed time for households 13.9713 sec
Iteration 5
Elapsed time for kappa 31.9539 sec
Elapsed time for experts 15.3108 sec
Elapsed time for households 14.0396 sec
Iteration 6
Elapsed time for kappa 35.1206 sec
Elapsed time for experts 13.7103 sec
Elapsed time for households 13.8686 sec
Iteration 7
Elapsed time for kappa 39.9864 sec
Elapsed time for experts 15.1802 sec
Elapsed time for households 12.3100 sec
Iteration 8
Elapsed time for kappa 33.0470 sec
Elapsed time for experts 12.5320 sec
Elapsed time for households 11.5995 sec
Iteration 9
Elapsed time for kappa 37.7734 sec
Elapsed time for experts 13.3330 sec
Elapsed time for households 10.5156 sec
Iteration 10
Elapsed time for kappa 32.3896 sec
Elapsed time for experts 12.8040 sec
Elapsed time for households 10.9229 sec
Iteration 11
Elapsed time for kappa 32.2007 sec
Elapsed time for experts 12.2079 sec
Elapsed time for households 12.0935 sec
Iteration 12
Elapsed time for kappa 32.6450 sec
Elapsed time for experts 15.8700 sec
Elapsed time for households 18.4421 sec
Iteration 13
Elapsed time for kappa 33.3664 sec
Elapsed time for experts 15.4044 sec
Elapsed time for households 11.7352 sec
Iteration 14
Elapsed time for kappa 37.0690 sec
Elapsed time for experts 15.2840 sec
Elapsed time for households 13.2757 sec
Iteration 15
Elapsed time for kappa 36.8700 sec
Elapsed time for experts 17.0342 sec
Elapsed time for households 16.9891 sec
Iteration 16
Elapsed time for kappa 41.3948 sec
Elapsed time for experts 15.4544 sec
Elapsed time for households 14.4060 sec
Iteration 17
Elapsed time for kappa 32.7978 sec
Elapsed time for experts 15.6338 sec
Elapsed time for households 13.7898 sec
Iteration 18
Elapsed time for kappa 32.8705 sec
Elapsed time for experts 12.1552 sec
Elapsed time for households 18.1595 sec
Iteration 19
Elapsed time for kappa 32.9563 sec
Elapsed time for experts 16.0975 sec
Elapsed time for households 11.0835 sec
Iteration 20
Elapsed time for kappa 32.7744 sec
Elapsed time for experts 14.1426 sec
Elapsed time for households 10.9166 sec
Iteration 21
Elapsed time for kappa 32.9104 sec
Elapsed time for experts 12.7524 sec
Elapsed time for households 10.6982 sec
Iteration 22
Elapsed time for kappa 33.2373 sec
Elapsed time for experts 12.0677 sec
Elapsed time for households 10.7741 sec
Iteration 23
Elapsed time for kappa 32.2908 sec
Elapsed time for experts 12.0770 sec
Elapsed time for households 10.6933 sec
Iteration 24
Elapsed time for kappa 32.0936 sec
Elapsed time for experts 19.8928 sec
Elapsed time for households 12.8560 sec
Iteration 25
Elapsed time for kappa 32.3485 sec
Elapsed time for experts 12.5289 sec
Elapsed time for households 11.1290 sec
Iteration 26
Elapsed time for kappa 34.5520 sec
Elapsed time for experts 11.6478 sec
Elapsed time for households 11.0000 sec
Iteration 27
Elapsed time for kappa 32.1445 sec
Elapsed time for experts 12.5319 sec
Elapsed time for households 11.2241 sec
Iteration 28
Elapsed time for kappa 32.6433 sec
Elapsed time for experts 12.5995 sec
Elapsed time for households 10.6691 sec
Iteration 29
Elapsed time for kappa 31.8644 sec
Elapsed time for experts 11.6861 sec
Elapsed time for households 10.1349 sec
Iteration 30
Elapsed time for kappa 32.1136 sec
Elapsed time for experts 19.7565 sec
Elapsed time for households 11.2217 sec
Iteration 31
Elapsed time for kappa 32.7959 sec
Elapsed time for experts 13.0728 sec
Elapsed time for households 11.8762 sec
Iteration 32
Elapsed time for kappa 34.7454 sec
Elapsed time for experts 13.5925 sec
Elapsed time for households 10.6329 sec
Iteration 33
Elapsed time for kappa 32.8826 sec
Elapsed time for experts 12.1111 sec
Elapsed time for households 11.7318 sec
Iteration 34
Elapsed time for kappa 32.4401 sec
Elapsed time for experts 11.7382 sec
Elapsed time for households 12.5461 sec
Iteration 35
Elapsed time for kappa 34.9585 sec
Elapsed time for experts 11.7204 sec
Elapsed time for households 10.1457 sec
Iteration 36
Elapsed time for kappa 34.6361 sec
Elapsed time for experts 18.9060 sec
Elapsed time for households 10.9593 sec
Iteration 37
Elapsed time for kappa 36.2601 sec
Elapsed time for experts 13.7513 sec
Elapsed time for households 11.1423 sec
Iteration 38
Elapsed time for kappa 32.1259 sec
Elapsed time for experts 12.1031 sec
Elapsed time for households 11.7538 sec
Iteration 39
Elapsed time for kappa 34.7116 sec
Elapsed time for experts 11.9457 sec
Elapsed time for households 10.9619 sec
Iteration 40
Elapsed time for kappa 32.4044 sec
Elapsed time for experts 11.9908 sec
Elapsed time for households 11.3794 sec
Iteration 41
Elapsed time for kappa 32.5919 sec
Elapsed time for experts 11.8813 sec
Elapsed time for households 10.6143 sec
Iteration 42
Elapsed time for kappa 40.0215 sec
Elapsed time for experts 12.4440 sec
Elapsed time for households 11.3798 sec
Iteration 43
Elapsed time for kappa 33.0964 sec
Elapsed time for experts 12.3845 sec
Elapsed time for households 10.5191 sec
Iteration 44
Elapsed time for kappa 32.8191 sec
Elapsed time for experts 12.4578 sec
Elapsed time for households 10.5920 sec
Iteration 45
Elapsed time for kappa 32.2359 sec
Elapsed time for experts 11.6203 sec
Elapsed time for households 10.1443 sec
Iteration 46
Elapsed time for kappa 33.5099 sec
Elapsed time for experts 12.2834 sec
Elapsed time for households 10.4663 sec
Iteration 47
Elapsed time for kappa 33.0686 sec
Elapsed time for experts 12.4346 sec
Elapsed time for households 10.0176 sec
Iteration 48
Elapsed time for kappa 41.2992 sec
Elapsed time for experts 12.9662 sec
Elapsed time for households 10.9320 sec
Iteration 49
Elapsed time for kappa 33.4437 sec
Elapsed time for experts 15.7599 sec
Elapsed time for households 10.9686 sec
Iteration 50
Elapsed time for kappa 32.5120 sec
Elapsed time for experts 12.2986 sec
Elapsed time for households 10.7129 sec
Iteration 51
Elapsed time for kappa 32.0727 sec
Elapsed time for experts 12.4188 sec
Elapsed time for households 10.9519 sec
Iteration 52
Elapsed time for kappa 31.9549 sec
Elapsed time for experts 14.1518 sec
Elapsed time for households 11.0507 sec
Iteration 53
Elapsed time for kappa 35.4735 sec
Elapsed time for experts 12.1054 sec
Elapsed time for households 10.8322 sec
Iteration 54
Elapsed time for kappa 40.3394 sec
Elapsed time for experts 12.5565 sec
Elapsed time for households 11.5139 sec
Iteration 55
Elapsed time for kappa 32.3559 sec
Elapsed time for experts 12.2089 sec
Elapsed time for households 11.1483 sec
Iteration 56
Elapsed time for kappa 37.2210 sec
Elapsed time for experts 12.8135 sec
Elapsed time for households 11.9564 sec
Iteration 57
Elapsed time for kappa 32.4902 sec
Elapsed time for experts 12.8530 sec
Elapsed time for households 11.1372 sec
Iteration 58
Elapsed time for kappa 32.0421 sec
Elapsed time for experts 12.6802 sec
Elapsed time for households 11.2373 sec
Iteration 59
Elapsed time for kappa 32.1464 sec
Elapsed time for experts 15.8888 sec
Elapsed time for households 10.3117 sec
Iteration 60
Elapsed time for kappa 41.2219 sec
Elapsed time for experts 12.5359 sec
Elapsed time for households 11.0781 sec
Iteration 61
Elapsed time for kappa 35.3818 sec
Elapsed time for experts 13.1217 sec
Elapsed time for households 12.1642 sec
Iteration 62
Elapsed time for kappa 34.7393 sec
Elapsed time for experts 12.0959 sec
Elapsed time for households 10.8431 sec
Iteration 63
Elapsed time for kappa 32.1130 sec
Elapsed time for experts 12.2315 sec
Elapsed time for households 11.3399 sec
Iteration 64
Elapsed time for kappa 31.9622 sec
Elapsed time for experts 11.5904 sec
Elapsed time for households 10.5084 sec
Iteration 65
Elapsed time for kappa 33.0892 sec
Elapsed time for experts 12.2866 sec
Elapsed time for households 16.8739 sec
Iteration 66
Elapsed time for kappa 32.9266 sec
Elapsed time for experts 12.4890 sec
Elapsed time for households 11.0766 sec
Iteration 67
Elapsed time for kappa 32.3340 sec
Elapsed time for experts 12.0353 sec
Elapsed time for households 10.1385 sec
Iteration 68
Elapsed time for kappa 33.2582 sec
Elapsed time for experts 11.7006 sec
Elapsed time for households 11.3466 sec
Iteration 69
Elapsed time for kappa 35.0604 sec
Elapsed time for experts 11.8810 sec
Elapsed time for households 12.0851 sec
Iteration 70
Elapsed time for kappa 35.1916 sec
Elapsed time for experts 12.7138 sec
Elapsed time for households 12.5770 sec
Iteration 71
Elapsed time for kappa 34.0850 sec
Elapsed time for experts 19.4530 sec
Elapsed time for households 11.9988 sec
Iteration 72
Elapsed time for kappa 33.0625 sec
Elapsed time for experts 12.8333 sec
Elapsed time for households 10.9016 sec
Iteration 73
Elapsed time for kappa 32.2784 sec
Elapsed time for experts 14.4991 sec
Elapsed time for households 11.0369 sec
Iteration 74
Elapsed time for kappa 33.0556 sec
Elapsed time for experts 13.4881 sec
Elapsed time for households 10.7756 sec
Iteration 75
Elapsed time for kappa 33.6219 sec
Elapsed time for experts 11.9094 sec
Elapsed time for households 10.7285 sec
Iteration 76
Elapsed time for kappa 34.6081 sec
Elapsed time for experts 11.6751 sec
Elapsed time for households 11.1535 sec
Iteration 77
Elapsed time for kappa 33.0022 sec
Elapsed time for experts 19.4320 sec
Elapsed time for households 11.5861 sec
Iteration 78
Elapsed time for kappa 32.9446 sec
Elapsed time for experts 12.0215 sec
Elapsed time for households 10.9483 sec
Iteration 79
Elapsed time for kappa 32.2553 sec
Elapsed time for experts 11.7814 sec
Elapsed time for households 10.9535 sec
Iteration 80
Elapsed time for kappa 34.3669 sec
Elapsed time for experts 12.2795 sec
Elapsed time for households 10.3016 sec
Iteration 81
Elapsed time for kappa 32.9006 sec
Elapsed time for experts 11.9413 sec
Elapsed time for households 10.1998 sec
Iteration 82
Elapsed time for kappa 31.9000 sec
Elapsed time for experts 11.7079 sec
Elapsed time for households 10.1374 sec
Iteration 83
Elapsed time for kappa 32.2177 sec
Elapsed time for experts 19.1128 sec
Elapsed time for households 11.6969 sec
Iteration 84
Elapsed time for kappa 32.6778 sec
Elapsed time for experts 11.9255 sec
Elapsed time for households 11.0111 sec
Iteration 85
Elapsed time for kappa 33.2293 sec
Elapsed time for experts 12.4198 sec
Elapsed time for households 10.8558 sec
Iteration 86
Elapsed time for kappa 32.0351 sec
Elapsed time for experts 12.5060 sec
Elapsed time for households 10.2343 sec
Iteration 87
Elapsed time for kappa 32.2344 sec
Elapsed time for experts 12.2648 sec
Elapsed time for households 10.7392 sec
Iteration 88
Elapsed time for kappa 31.9403 sec
Elapsed time for experts 12.0475 sec
Elapsed time for households 11.0633 sec
Iteration 89
Elapsed time for kappa 34.7063 sec
Elapsed time for experts 21.1289 sec
Elapsed time for households 12.7379 sec
Iteration 90
Elapsed time for kappa 33.9788 sec
Elapsed time for experts 12.2867 sec
Elapsed time for households 10.6773 sec
Iteration 91
Elapsed time for kappa 32.8240 sec
Elapsed time for experts 13.1065 sec
Elapsed time for households 11.9115 sec
Iteration 92
Elapsed time for kappa 35.5029 sec
Elapsed time for experts 12.8435 sec
Elapsed time for households 10.0876 sec
Iteration 93
Elapsed time for kappa 34.0411 sec
Elapsed time for experts 11.5834 sec
Elapsed time for households 11.3649 sec
Iteration 94
Elapsed time for kappa 35.1319 sec
Elapsed time for experts 11.8104 sec
Elapsed time for households 10.3182 sec
Iteration 95
Elapsed time for kappa 39.9838 sec
Elapsed time for experts 12.3329 sec
Elapsed time for households 10.9258 sec
Iteration 96
Elapsed time for kappa 34.9289 sec
Elapsed time for experts 12.5940 sec
Elapsed time for households 10.1527 sec
Iteration 97
Elapsed time for kappa 32.4865 sec
Elapsed time for experts 12.2288 sec
Elapsed time for households 11.0353 sec
Iteration 98
Elapsed time for kappa 31.9953 sec
Elapsed time for experts 11.6066 sec
Elapsed time for households 10.5549 sec
Iteration 99
Elapsed time for kappa 31.7373 sec
Elapsed time for experts 11.6211 sec
Elapsed time for households 10.6950 sec
Iteration 100
Elapsed time for kappa 32.9849 sec
Elapsed time for experts 12.1987 sec
Elapsed time for households 10.4285 sec
Iteration 101
Elapsed time for kappa 40.9975 sec
Elapsed time for experts 13.5280 sec
Elapsed time for households 11.3760 sec
Iteration 102
Elapsed time for kappa 35.7355 sec
Elapsed time for experts 12.7230 sec
Elapsed time for households 10.9774 sec
Iteration 103
Elapsed time for kappa 34.1260 sec
Elapsed time for experts 12.5369 sec
Elapsed time for households 11.1230 sec
Iteration 104
Elapsed time for kappa 32.0508 sec
Elapsed time for experts 12.2015 sec
Elapsed time for households 10.7465 sec
Iteration 105
Elapsed time for kappa 31.8326 sec
Elapsed time for experts 11.5874 sec
Elapsed time for households 10.2881 sec
Iteration 106
Elapsed time for kappa 32.6327 sec
Elapsed time for experts 11.8764 sec
Elapsed time for households 10.5950 sec
Iteration 107
Elapsed time for kappa 39.1131 sec
Elapsed time for experts 12.5185 sec
Elapsed time for households 10.7129 sec
Iteration 108
Elapsed time for kappa 32.4630 sec
Elapsed time for experts 11.5675 sec
Elapsed time for households 10.7952 sec
Iteration 109
Elapsed time for kappa 32.4711 sec
Elapsed time for experts 11.8149 sec
Elapsed time for households 10.2127 sec
Iteration 110
Elapsed time for kappa 32.9994 sec
Elapsed time for experts 11.6870 sec
Elapsed time for households 10.8339 sec
Iteration 111
Elapsed time for kappa 32.3234 sec
Elapsed time for experts 11.7386 sec
Elapsed time for households 10.6373 sec
Iteration 112
Elapsed time for kappa 31.8275 sec
Elapsed time for experts 12.0696 sec
Elapsed time for households 10.4905 sec
Iteration 113
Elapsed time for kappa 39.0717 sec
Elapsed time for experts 15.9036 sec
Elapsed time for households 10.6746 sec
Iteration 114
Elapsed time for kappa 32.7042 sec
Elapsed time for experts 11.9489 sec
Elapsed time for households 10.6995 sec
Iteration 115
Elapsed time for kappa 34.5881 sec
Elapsed time for experts 12.1877 sec
Elapsed time for households 10.3319 sec
Iteration 116
Elapsed time for kappa 32.2917 sec
Elapsed time for experts 13.5204 sec
Elapsed time for households 10.2722 sec
Iteration 117
Elapsed time for kappa 32.3209 sec
Elapsed time for experts 13.3650 sec
Elapsed time for households 10.2613 sec
Iteration 118
Elapsed time for kappa 32.2873 sec
Elapsed time for experts 13.8556 sec
Elapsed time for households 16.7002 sec
Iteration 119
Elapsed time for kappa 35.0983 sec
Elapsed time for experts 11.7550 sec
Elapsed time for households 10.3772 sec
Iteration 120
Elapsed time for kappa 33.1193 sec
Elapsed time for experts 12.6304 sec
Elapsed time for households 11.3567 sec
Iteration 121
Elapsed time for kappa 32.4590 sec
Elapsed time for experts 12.9023 sec
Elapsed time for households 10.9421 sec
Iteration 122
Elapsed time for kappa 32.1578 sec
Elapsed time for experts 11.7528 sec
Elapsed time for households 10.1977 sec
Iteration 123
Elapsed time for kappa 31.8029 sec
Elapsed time for experts 12.2793 sec
Elapsed time for households 11.9216 sec
Iteration 124
Elapsed time for kappa 31.8111 sec
Elapsed time for experts 12.7932 sec
Elapsed time for households 18.3885 sec
Iteration 125
Elapsed time for kappa 35.6379 sec
Elapsed time for experts 12.7551 sec
Elapsed time for households 10.2144 sec
Iteration 126
Elapsed time for kappa 32.3338 sec
Elapsed time for experts 12.1205 sec
Elapsed time for households 11.5014 sec
Iteration 127
Elapsed time for kappa 32.3844 sec
Elapsed time for experts 13.1973 sec
Elapsed time for households 10.2043 sec
Iteration 128
Elapsed time for kappa 31.9368 sec
Elapsed time for experts 11.5515 sec
Elapsed time for households 10.2749 sec
Iteration 129
Elapsed time for kappa 32.2974 sec
Elapsed time for experts 11.8055 sec
Elapsed time for households 10.2625 sec
Iteration 130
Elapsed time for kappa 33.3984 sec
Elapsed time for experts 11.8565 sec
Elapsed time for households 17.0586 sec
Iteration 131
Elapsed time for kappa 32.3988 sec
Elapsed time for experts 11.7628 sec
Elapsed time for households 10.4348 sec
Iteration 132
Elapsed time for kappa 35.6512 sec
Elapsed time for experts 13.0458 sec
Elapsed time for households 10.4491 sec
Iteration 133
Elapsed time for kappa 32.4964 sec
Elapsed time for experts 12.0948 sec
Elapsed time for households 10.2614 sec
Iteration 134
Elapsed time for kappa 32.0410 sec
Elapsed time for experts 11.8113 sec
Elapsed time for households 10.7260 sec
Iteration 135
Elapsed time for kappa 31.8903 sec
Elapsed time for experts 11.4897 sec
Elapsed time for households 10.9259 sec
Iteration 136
Elapsed time for kappa 31.7971 sec
Elapsed time for experts 19.1942 sec
Elapsed time for households 10.6654 sec
Iteration 137
Elapsed time for kappa 34.1012 sec
Elapsed time for experts 12.5959 sec
Elapsed time for households 10.2987 sec
Iteration 138
Elapsed time for kappa 33.4937 sec
Elapsed time for experts 11.6234 sec
Elapsed time for households 10.5024 sec
Iteration 139
Elapsed time for kappa 35.0876 sec
Elapsed time for experts 13.1007 sec
Elapsed time for households 10.2045 sec
Iteration 140
Elapsed time for kappa 32.4364 sec
Elapsed time for experts 11.7772 sec
Elapsed time for households 10.1828 sec
Iteration 141
Elapsed time for kappa 33.3083 sec
Elapsed time for experts 12.0378 sec
Elapsed time for households 10.5607 sec
Iteration 142
Elapsed time for kappa 31.8171 sec
Elapsed time for experts 18.6822 sec
Elapsed time for households 10.8828 sec
Iteration 143
Elapsed time for kappa 32.4779 sec
Elapsed time for experts 12.8371 sec
Elapsed time for households 11.2958 sec
Iteration 144
Elapsed time for kappa 32.3802 sec
Elapsed time for experts 11.7634 sec
Elapsed time for households 10.7941 sec
Iteration 145
Elapsed time for kappa 34.4241 sec
Elapsed time for experts 12.5344 sec
Elapsed time for households 10.8938 sec
Iteration 146
Elapsed time for kappa 33.3606 sec
Elapsed time for experts 12.9143 sec
Elapsed time for households 10.3084 sec
Iteration 147
Elapsed time for kappa 32.7204 sec
Elapsed time for experts 12.3974 sec
Elapsed time for households 10.2914 sec
Iteration 148
Elapsed time for kappa 32.1476 sec
Elapsed time for experts 18.7233 sec
Elapsed time for households 10.8246 sec
Iteration 149
Elapsed time for kappa 32.7377 sec
Elapsed time for experts 11.9519 sec
Elapsed time for households 10.2587 sec
Iteration 150
Elapsed time for kappa 32.5471 sec
Elapsed time for experts 13.5207 sec
Elapsed time for households 10.3263 sec
Iteration 151
Elapsed time for kappa 35.0376 sec
Elapsed time for experts 11.8317 sec
Elapsed time for households 10.3277 sec
Iteration 152
Elapsed time for kappa 33.7230 sec
Elapsed time for experts 12.7254 sec
Elapsed time for households 10.9315 sec
Iteration 153
Elapsed time for kappa 33.0474 sec
Elapsed time for experts 12.1890 sec
Elapsed time for households 10.0649 sec
Iteration 154
Elapsed time for kappa 32.6772 sec
Elapsed time for experts 18.9253 sec
Elapsed time for households 11.0210 sec
Iteration 155
Elapsed time for kappa 33.6296 sec
Elapsed time for experts 12.7904 sec
Elapsed time for households 11.0385 sec
Iteration 156
Elapsed time for kappa 32.3167 sec
Elapsed time for experts 12.2152 sec
Elapsed time for households 11.2443 sec
Iteration 157
Elapsed time for kappa 32.8993 sec
Elapsed time for experts 12.4066 sec
Elapsed time for households 10.3460 sec
Iteration 158
Elapsed time for kappa 32.3231 sec
Elapsed time for experts 12.7072 sec
Elapsed time for households 10.7748 sec
Iteration 159
Elapsed time for kappa 32.0549 sec
Elapsed time for experts 12.0072 sec
Elapsed time for households 10.7980 sec
Iteration 160
Elapsed time for kappa 40.6464 sec
Elapsed time for experts 12.6549 sec
Elapsed time for households 11.1178 sec
Iteration 161
Elapsed time for kappa 32.3731 sec
Elapsed time for experts 11.7841 sec
Elapsed time for households 10.3334 sec
Iteration 162
Elapsed time for kappa 34.5621 sec
Elapsed time for experts 11.9657 sec
Elapsed time for households 10.2040 sec
Iteration 163
Elapsed time for kappa 32.2718 sec
Elapsed time for experts 11.7256 sec
Elapsed time for households 10.9554 sec
Iteration 164
Elapsed time for kappa 32.3171 sec
Elapsed time for experts 11.7191 sec
Elapsed time for households 10.9469 sec
Iteration 165
Elapsed time for kappa 32.2575 sec
Elapsed time for experts 12.2841 sec
Elapsed time for households 10.8261 sec
Iteration 166
Elapsed time for kappa 40.9174 sec
Elapsed time for experts 12.0142 sec
Elapsed time for households 11.0389 sec
Iteration 167
Elapsed time for kappa 34.5518 sec
Elapsed time for experts 11.6763 sec
Elapsed time for households 10.8754 sec
Iteration 168
Elapsed time for kappa 32.7758 sec
Elapsed time for experts 11.7938 sec
Elapsed time for households 10.5069 sec
Iteration 169
Elapsed time for kappa 32.5170 sec
Elapsed time for experts 11.9125 sec
Elapsed time for households 11.9476 sec
Iteration 170
Elapsed time for kappa 36.1310 sec
Elapsed time for experts 13.6035 sec
Elapsed time for households 10.9062 sec
Iteration 171
Elapsed time for kappa 34.7164 sec
Elapsed time for experts 11.5994 sec
Elapsed time for households 10.3390 sec
Iteration 172
Elapsed time for kappa 41.1681 sec
Elapsed time for experts 12.7106 sec
Elapsed time for households 11.6039 sec
Iteration 173
Elapsed time for kappa 32.5499 sec
Elapsed time for experts 12.6118 sec
Elapsed time for households 10.3445 sec
Iteration 174
Elapsed time for kappa 33.5875 sec
Elapsed time for experts 11.8575 sec
Elapsed time for households 10.4066 sec
Iteration 175
Elapsed time for kappa 32.2921 sec
Elapsed time for experts 12.2235 sec
Elapsed time for households 10.6269 sec
Iteration 176
Elapsed time for kappa 31.9358 sec
Elapsed time for experts 12.0481 sec
Elapsed time for households 11.9193 sec
Iteration 177
Elapsed time for kappa 34.5417 sec
Elapsed time for experts 11.6698 sec
Elapsed time for households 10.4960 sec
Iteration 178
Elapsed time for kappa 40.0607 sec
Elapsed time for experts 11.8965 sec
Elapsed time for households 10.4327 sec
Iteration 179
Elapsed time for kappa 35.0521 sec
Elapsed time for experts 16.2523 sec
Elapsed time for households 11.0403 sec
Iteration 180
Elapsed time for kappa 32.9586 sec
Elapsed time for experts 11.9893 sec
Elapsed time for households 11.2193 sec
Iteration 181
Elapsed time for kappa 35.1233 sec
Elapsed time for experts 12.4200 sec
Elapsed time for households 10.5049 sec
Iteration 182
Elapsed time for kappa 32.3774 sec
Elapsed time for experts 11.5823 sec
Elapsed time for households 10.1915 sec
Iteration 183
Elapsed time for kappa 32.0662 sec
Elapsed time for experts 11.5501 sec
Elapsed time for households 16.7554 sec
Iteration 184
Elapsed time for kappa 32.9365 sec
Elapsed time for experts 11.6638 sec
Elapsed time for households 10.5781 sec
Iteration 185
Elapsed time for kappa 40.4121 sec
Elapsed time for experts 13.6973 sec
Elapsed time for households 10.7392 sec
Iteration 186
Elapsed time for kappa 34.8197 sec
Elapsed time for experts 11.6132 sec
Elapsed time for households 10.3420 sec
Iteration 187
Elapsed time for kappa 33.2680 sec
Elapsed time for experts 12.3214 sec
Elapsed time for households 10.5668 sec
Iteration 188
Elapsed time for kappa 32.5869 sec
Elapsed time for experts 12.6116 sec
Elapsed time for households 10.3913 sec
Iteration 189
Elapsed time for kappa 32.4955 sec
Elapsed time for experts 11.8621 sec
Elapsed time for households 17.6428 sec
Iteration 190
Elapsed time for kappa 33.5491 sec
Elapsed time for experts 11.9045 sec
Elapsed time for households 10.5330 sec
Iteration 191
Elapsed time for kappa 34.6727 sec
Elapsed time for experts 12.4606 sec
Elapsed time for households 10.8921 sec
Iteration 192
Elapsed time for kappa 32.6709 sec
Elapsed time for experts 11.6911 sec
Elapsed time for households 10.3448 sec
Iteration 193
Elapsed time for kappa 33.5218 sec
Elapsed time for experts 11.8648 sec
Elapsed time for households 10.3529 sec
Iteration 194
Elapsed time for kappa 32.0267 sec
Elapsed time for experts 12.2024 sec
Elapsed time for households 10.4757 sec
Iteration 195
Elapsed time for kappa 32.2187 sec
Elapsed time for experts 12.8414 sec
Elapsed time for households 18.6137 sec
Iteration 196
Elapsed time for kappa 35.7817 sec
Elapsed time for experts 13.1477 sec
Elapsed time for households 12.2770 sec
Iteration 197
Elapsed time for kappa 33.6984 sec
Elapsed time for experts 12.1464 sec
Elapsed time for households 10.5719 sec
Iteration 198
Elapsed time for kappa 35.3377 sec
Elapsed time for experts 12.8795 sec
Elapsed time for households 10.6733 sec
Iteration 199
Elapsed time for kappa 35.7967 sec
Elapsed time for experts 12.3928 sec
Elapsed time for households 10.5265 sec
Elapsed time for training 11681.8062 sec
90000 90000 90000 90000
