Iteration 0
Elapsed time for kappa 67.7381 sec
Elapsed time for experts 22.8113 sec
Elapsed time for households 17.9160 sec
Iteration 1
Elapsed time for kappa 37.3258 sec
Elapsed time for experts 17.5159 sec
Elapsed time for households 12.4037 sec
Iteration 2
Elapsed time for kappa 35.1455 sec
Elapsed time for experts 17.6755 sec
Elapsed time for households 15.6238 sec
Iteration 3
Elapsed time for kappa 38.2756 sec
Elapsed time for experts 16.8748 sec
Elapsed time for households 15.1100 sec
Iteration 4
Elapsed time for kappa 35.2030 sec
Elapsed time for experts 17.3021 sec
Elapsed time for households 15.1428 sec
Iteration 5
Elapsed time for kappa 34.4950 sec
Elapsed time for experts 16.8820 sec
Elapsed time for households 13.5270 sec
Iteration 6
Elapsed time for kappa 34.6151 sec
Elapsed time for experts 16.8687 sec
Elapsed time for households 11.8236 sec
Iteration 7
Elapsed time for kappa 42.8894 sec
Elapsed time for experts 16.7684 sec
Elapsed time for households 12.0244 sec
Iteration 8
Elapsed time for kappa 34.4425 sec
Elapsed time for experts 13.9222 sec
Elapsed time for households 14.9607 sec
Iteration 9
Elapsed time for kappa 34.4258 sec
Elapsed time for experts 16.7487 sec
Elapsed time for households 11.5450 sec
Iteration 10
Elapsed time for kappa 34.3258 sec
Elapsed time for experts 16.4435 sec
Elapsed time for households 12.3548 sec
Iteration 11
Elapsed time for kappa 34.1737 sec
Elapsed time for experts 14.9586 sec
Elapsed time for households 12.5190 sec
Iteration 12
Elapsed time for kappa 34.0604 sec
Elapsed time for experts 15.1266 sec
Elapsed time for households 19.2355 sec
Iteration 13
Elapsed time for kappa 35.2188 sec
Elapsed time for experts 15.0123 sec
Elapsed time for households 11.5759 sec
Iteration 14
Elapsed time for kappa 34.1380 sec
Elapsed time for experts 14.1423 sec
Elapsed time for households 11.9125 sec
Iteration 15
Elapsed time for kappa 34.0342 sec
Elapsed time for experts 15.1210 sec
Elapsed time for households 13.0035 sec
Iteration 16
Elapsed time for kappa 34.3817 sec
Elapsed time for experts 14.4782 sec
Elapsed time for households 11.6914 sec
Iteration 17
Elapsed time for kappa 34.0065 sec
Elapsed time for experts 15.0880 sec
Elapsed time for households 11.3770 sec
Iteration 18
Elapsed time for kappa 34.8710 sec
Elapsed time for experts 16.1659 sec
Elapsed time for households 18.7967 sec
Iteration 19
Elapsed time for kappa 34.6918 sec
Elapsed time for experts 16.5442 sec
Elapsed time for households 11.6694 sec
Iteration 20
Elapsed time for kappa 34.8025 sec
Elapsed time for experts 14.4410 sec
Elapsed time for households 12.6513 sec
Iteration 21
Elapsed time for kappa 34.7783 sec
Elapsed time for experts 15.8188 sec
Elapsed time for households 11.5361 sec
Iteration 22
Elapsed time for kappa 34.4387 sec
Elapsed time for experts 16.4020 sec
Elapsed time for households 11.4944 sec
Iteration 23
Elapsed time for kappa 34.2332 sec
Elapsed time for experts 14.3741 sec
Elapsed time for households 11.4336 sec
Iteration 24
Elapsed time for kappa 34.4607 sec
Elapsed time for experts 21.5590 sec
Elapsed time for households 11.8373 sec
Iteration 25
Elapsed time for kappa 34.9922 sec
Elapsed time for experts 16.0921 sec
Elapsed time for households 11.5832 sec
Iteration 26
Elapsed time for kappa 35.1397 sec
Elapsed time for experts 15.2320 sec
Elapsed time for households 12.0112 sec
Iteration 27
Elapsed time for kappa 34.5188 sec
Elapsed time for experts 15.5992 sec
Elapsed time for households 12.2832 sec
Iteration 28
Elapsed time for kappa 34.5076 sec
Elapsed time for experts 14.4589 sec
Elapsed time for households 11.6690 sec
Iteration 29
Elapsed time for kappa 34.3142 sec
Elapsed time for experts 14.5805 sec
Elapsed time for households 11.4650 sec
Iteration 30
Elapsed time for kappa 34.0159 sec
Elapsed time for experts 22.2424 sec
Elapsed time for households 12.0682 sec
Iteration 31
Elapsed time for kappa 35.2936 sec
Elapsed time for experts 14.2668 sec
Elapsed time for households 11.7608 sec
Iteration 32
Elapsed time for kappa 34.9019 sec
Elapsed time for experts 14.5313 sec
Elapsed time for households 13.2816 sec
Iteration 33
Elapsed time for kappa 34.4977 sec
Elapsed time for experts 14.4839 sec
Elapsed time for households 11.5154 sec
Iteration 34
Elapsed time for kappa 34.7615 sec
Elapsed time for experts 14.5062 sec
Elapsed time for households 11.5220 sec
Iteration 35
Elapsed time for kappa 34.4941 sec
Elapsed time for experts 15.4550 sec
Elapsed time for households 11.2649 sec
Iteration 36
Elapsed time for kappa 35.0992 sec
Elapsed time for experts 20.4052 sec
Elapsed time for households 12.8237 sec
Iteration 37
Elapsed time for kappa 34.4386 sec
Elapsed time for experts 15.0766 sec
Elapsed time for households 11.4903 sec
Iteration 38
Elapsed time for kappa 34.3709 sec
Elapsed time for experts 14.0798 sec
Elapsed time for households 11.4075 sec
Iteration 39
Elapsed time for kappa 34.6705 sec
Elapsed time for experts 13.9285 sec
Elapsed time for households 11.4489 sec
Iteration 40
Elapsed time for kappa 34.2358 sec
Elapsed time for experts 13.0207 sec
Elapsed time for households 11.4305 sec
Iteration 41
Elapsed time for kappa 34.9067 sec
Elapsed time for experts 14.1379 sec
Elapsed time for households 11.1815 sec
Iteration 42
Elapsed time for kappa 42.2379 sec
Elapsed time for experts 15.6759 sec
Elapsed time for households 12.1183 sec
Iteration 43
Elapsed time for kappa 34.8213 sec
Elapsed time for experts 13.4556 sec
Elapsed time for households 11.0274 sec
Iteration 44
Elapsed time for kappa 34.6762 sec
Elapsed time for experts 14.6147 sec
Elapsed time for households 11.0083 sec
Iteration 45
Elapsed time for kappa 35.2775 sec
Elapsed time for experts 14.9517 sec
Elapsed time for households 12.8318 sec
Iteration 46
Elapsed time for kappa 35.3349 sec
Elapsed time for experts 14.3765 sec
Elapsed time for households 12.0048 sec
Iteration 47
Elapsed time for kappa 35.4054 sec
Elapsed time for experts 14.3543 sec
Elapsed time for households 14.1842 sec
Iteration 48
Elapsed time for kappa 42.6464 sec
Elapsed time for experts 14.6319 sec
Elapsed time for households 11.6629 sec
Iteration 49
Elapsed time for kappa 35.0630 sec
Elapsed time for experts 14.0081 sec
Elapsed time for households 11.0836 sec
Iteration 50
Elapsed time for kappa 34.9807 sec
Elapsed time for experts 14.7174 sec
Elapsed time for households 11.3901 sec
Iteration 51
Elapsed time for kappa 34.7390 sec
Elapsed time for experts 13.1949 sec
Elapsed time for households 11.2864 sec
Iteration 52
Elapsed time for kappa 34.5154 sec
Elapsed time for experts 13.4213 sec
Elapsed time for households 11.4173 sec
Iteration 53
Elapsed time for kappa 34.6184 sec
Elapsed time for experts 14.4053 sec
Elapsed time for households 13.5865 sec
Iteration 54
Elapsed time for kappa 43.0688 sec
Elapsed time for experts 14.4358 sec
Elapsed time for households 11.8412 sec
Iteration 55
Elapsed time for kappa 34.6644 sec
Elapsed time for experts 13.4850 sec
Elapsed time for households 11.6881 sec
Iteration 56
Elapsed time for kappa 34.5782 sec
Elapsed time for experts 12.9591 sec
Elapsed time for households 11.6790 sec
Iteration 57
Elapsed time for kappa 34.8569 sec
Elapsed time for experts 13.8566 sec
Elapsed time for households 12.1715 sec
Iteration 58
Elapsed time for kappa 34.9138 sec
Elapsed time for experts 13.3992 sec
Elapsed time for households 11.3814 sec
Iteration 59
Elapsed time for kappa 34.4070 sec
Elapsed time for experts 14.6771 sec
Elapsed time for households 12.0602 sec
Iteration 60
Elapsed time for kappa 42.4607 sec
Elapsed time for experts 14.5692 sec
Elapsed time for households 11.7003 sec
Iteration 61
Elapsed time for kappa 34.6776 sec
Elapsed time for experts 14.2675 sec
Elapsed time for households 11.6053 sec
Iteration 62
Elapsed time for kappa 35.0552 sec
Elapsed time for experts 13.4552 sec
Elapsed time for households 11.9984 sec
Iteration 63
Elapsed time for kappa 34.7608 sec
Elapsed time for experts 15.2239 sec
Elapsed time for households 11.2132 sec
Iteration 64
Elapsed time for kappa 34.8550 sec
Elapsed time for experts 14.2568 sec
Elapsed time for households 12.3231 sec
Iteration 65
Elapsed time for kappa 34.4226 sec
Elapsed time for experts 14.5914 sec
Elapsed time for households 17.5769 sec
Iteration 66
Elapsed time for kappa 35.4953 sec
Elapsed time for experts 14.4214 sec
Elapsed time for households 11.3511 sec
Iteration 67
Elapsed time for kappa 35.1583 sec
Elapsed time for experts 14.3699 sec
Elapsed time for households 11.2198 sec
Iteration 68
Elapsed time for kappa 35.0300 sec
Elapsed time for experts 13.2737 sec
Elapsed time for households 11.3119 sec
Iteration 69
Elapsed time for kappa 34.8100 sec
Elapsed time for experts 12.7935 sec
Elapsed time for households 11.0656 sec
Iteration 70
Elapsed time for kappa 34.8508 sec
Elapsed time for experts 13.6230 sec
Elapsed time for households 10.9211 sec
Iteration 71
Elapsed time for kappa 34.9998 sec
Elapsed time for experts 20.2808 sec
Elapsed time for households 11.6583 sec
Iteration 72
Elapsed time for kappa 35.5402 sec
Elapsed time for experts 13.5964 sec
Elapsed time for households 12.2928 sec
Iteration 73
Elapsed time for kappa 35.4592 sec
Elapsed time for experts 13.2268 sec
Elapsed time for households 11.3312 sec
Iteration 74
Elapsed time for kappa 34.9901 sec
Elapsed time for experts 13.3702 sec
Elapsed time for households 11.1664 sec
Iteration 75
Elapsed time for kappa 35.1124 sec
Elapsed time for experts 13.1226 sec
Elapsed time for households 11.2111 sec
Iteration 76
Elapsed time for kappa 35.3456 sec
Elapsed time for experts 13.9569 sec
Elapsed time for households 10.9181 sec
Iteration 77
Elapsed time for kappa 34.6533 sec
Elapsed time for experts 21.0750 sec
Elapsed time for households 11.5129 sec
Iteration 78
Elapsed time for kappa 35.2651 sec
Elapsed time for experts 13.4423 sec
Elapsed time for households 11.3260 sec
Iteration 79
Elapsed time for kappa 35.5157 sec
Elapsed time for experts 14.1306 sec
Elapsed time for households 12.1250 sec
Iteration 80
Elapsed time for kappa 35.1684 sec
Elapsed time for experts 14.0120 sec
Elapsed time for households 11.4581 sec
Iteration 81
Elapsed time for kappa 34.6661 sec
Elapsed time for experts 13.8979 sec
Elapsed time for households 12.1446 sec
Iteration 82
Elapsed time for kappa 34.8415 sec
Elapsed time for experts 13.5566 sec
Elapsed time for households 12.1618 sec
Iteration 83
Elapsed time for kappa 35.1537 sec
Elapsed time for experts 20.3183 sec
Elapsed time for households 12.5289 sec
Iteration 84
Elapsed time for kappa 35.1087 sec
Elapsed time for experts 14.0286 sec
Elapsed time for households 11.9638 sec
Iteration 85
Elapsed time for kappa 35.5647 sec
Elapsed time for experts 13.9240 sec
Elapsed time for households 11.3499 sec
Iteration 86
Elapsed time for kappa 35.1031 sec
Elapsed time for experts 14.0786 sec
Elapsed time for households 11.5104 sec
Iteration 87
Elapsed time for kappa 34.9411 sec
Elapsed time for experts 14.1483 sec
Elapsed time for households 11.7873 sec
Iteration 88
Elapsed time for kappa 34.7254 sec
Elapsed time for experts 14.6568 sec
Elapsed time for households 11.7038 sec
Iteration 89
Elapsed time for kappa 35.2330 sec
Elapsed time for experts 21.6906 sec
Elapsed time for households 11.9774 sec
Iteration 90
Elapsed time for kappa 34.9465 sec
Elapsed time for experts 13.8645 sec
Elapsed time for households 11.7996 sec
Iteration 91
Elapsed time for kappa 35.0760 sec
Elapsed time for experts 13.0336 sec
Elapsed time for households 11.5125 sec
Iteration 92
Elapsed time for kappa 34.8250 sec
Elapsed time for experts 13.4182 sec
Elapsed time for households 11.4392 sec
Iteration 93
Elapsed time for kappa 34.6384 sec
Elapsed time for experts 14.2277 sec
Elapsed time for households 12.0465 sec
Iteration 94
Elapsed time for kappa 34.3877 sec
Elapsed time for experts 14.7004 sec
Elapsed time for households 11.5282 sec
Iteration 95
Elapsed time for kappa 41.9821 sec
Elapsed time for experts 14.6544 sec
Elapsed time for households 11.5099 sec
Iteration 96
Elapsed time for kappa 34.8517 sec
Elapsed time for experts 15.5053 sec
Elapsed time for households 11.3961 sec
Iteration 97
Elapsed time for kappa 34.7773 sec
Elapsed time for experts 13.9940 sec
Elapsed time for households 11.7076 sec
Iteration 98
Elapsed time for kappa 34.7189 sec
Elapsed time for experts 14.4167 sec
Elapsed time for households 11.1017 sec
Iteration 99
Elapsed time for kappa 34.4169 sec
Elapsed time for experts 14.1938 sec
Elapsed time for households 11.5150 sec
Iteration 100
Elapsed time for kappa 34.5528 sec
Elapsed time for experts 14.4024 sec
Elapsed time for households 11.2301 sec
Iteration 101
Elapsed time for kappa 42.5072 sec
Elapsed time for experts 14.1514 sec
Elapsed time for households 11.4509 sec
Iteration 102
Elapsed time for kappa 35.5477 sec
Elapsed time for experts 14.4186 sec
Elapsed time for households 11.3281 sec
Iteration 103
Elapsed time for kappa 35.3071 sec
Elapsed time for experts 13.6248 sec
Elapsed time for households 11.3363 sec
Iteration 104
Elapsed time for kappa 35.0453 sec
Elapsed time for experts 14.0625 sec
Elapsed time for households 11.1632 sec
Iteration 105
Elapsed time for kappa 34.6963 sec
Elapsed time for experts 12.6047 sec
Elapsed time for households 10.9478 sec
Iteration 106
Elapsed time for kappa 34.9659 sec
Elapsed time for experts 13.7982 sec
Elapsed time for households 11.2064 sec
Iteration 107
Elapsed time for kappa 42.5074 sec
Elapsed time for experts 14.8681 sec
Elapsed time for households 11.6206 sec
Iteration 108
Elapsed time for kappa 35.3750 sec
Elapsed time for experts 14.1547 sec
Elapsed time for households 11.4246 sec
Iteration 109
Elapsed time for kappa 35.1277 sec
Elapsed time for experts 13.4773 sec
Elapsed time for households 11.4980 sec
Iteration 110
Elapsed time for kappa 34.8400 sec
Elapsed time for experts 13.8908 sec
Elapsed time for households 11.5152 sec
Iteration 111
Elapsed time for kappa 35.0677 sec
Elapsed time for experts 15.2550 sec
Elapsed time for households 11.5212 sec
Iteration 112
Elapsed time for kappa 34.3934 sec
Elapsed time for experts 13.4645 sec
Elapsed time for households 12.0414 sec
Iteration 113
Elapsed time for kappa 42.3690 sec
Elapsed time for experts 14.6742 sec
Elapsed time for households 11.6796 sec
Iteration 114
Elapsed time for kappa 34.9555 sec
Elapsed time for experts 14.3855 sec
Elapsed time for households 12.0234 sec
Iteration 115
Elapsed time for kappa 35.2029 sec
Elapsed time for experts 13.1757 sec
Elapsed time for households 11.4518 sec
Iteration 116
Elapsed time for kappa 34.8405 sec
Elapsed time for experts 14.3255 sec
Elapsed time for households 12.1917 sec
Iteration 117
Elapsed time for kappa 34.9889 sec
Elapsed time for experts 14.0924 sec
Elapsed time for households 11.7653 sec
Iteration 118
Elapsed time for kappa 35.4922 sec
Elapsed time for experts 14.2840 sec
Elapsed time for households 18.4458 sec
Iteration 119
Elapsed time for kappa 35.8642 sec
Elapsed time for experts 13.1112 sec
Elapsed time for households 11.4891 sec
Iteration 120
Elapsed time for kappa 35.5387 sec
Elapsed time for experts 13.5053 sec
Elapsed time for households 12.0126 sec
Iteration 121
Elapsed time for kappa 35.7605 sec
Elapsed time for experts 13.6416 sec
Elapsed time for households 11.3011 sec
Iteration 122
Elapsed time for kappa 35.3801 sec
Elapsed time for experts 12.6931 sec
Elapsed time for households 11.1087 sec
Iteration 123
Elapsed time for kappa 34.8298 sec
Elapsed time for experts 13.8999 sec
Elapsed time for households 11.3676 sec
Iteration 124
Elapsed time for kappa 35.3412 sec
Elapsed time for experts 13.3678 sec
Elapsed time for households 19.1360 sec
Iteration 125
Elapsed time for kappa 35.1540 sec
Elapsed time for experts 13.9830 sec
Elapsed time for households 11.7975 sec
Iteration 126
Elapsed time for kappa 35.3407 sec
Elapsed time for experts 13.7913 sec
Elapsed time for households 11.9258 sec
Iteration 127
Elapsed time for kappa 34.4962 sec
Elapsed time for experts 14.3644 sec
Elapsed time for households 11.7630 sec
Iteration 128
Elapsed time for kappa 34.4807 sec
Elapsed time for experts 15.1112 sec
Elapsed time for households 11.3812 sec
Iteration 129
Elapsed time for kappa 34.7890 sec
Elapsed time for experts 15.3976 sec
Elapsed time for households 11.5712 sec
Iteration 130
Elapsed time for kappa 34.6487 sec
Elapsed time for experts 15.1850 sec
Elapsed time for households 18.7535 sec
Iteration 131
Elapsed time for kappa 35.5672 sec
Elapsed time for experts 13.4699 sec
Elapsed time for households 11.4001 sec
Iteration 132
Elapsed time for kappa 35.4182 sec
Elapsed time for experts 14.2473 sec
Elapsed time for households 11.5047 sec
Iteration 133
Elapsed time for kappa 35.4176 sec
Elapsed time for experts 14.1978 sec
Elapsed time for households 11.3682 sec
Iteration 134
Elapsed time for kappa 35.2948 sec
Elapsed time for experts 13.5024 sec
Elapsed time for households 11.1976 sec
Iteration 135
Elapsed time for kappa 34.8598 sec
Elapsed time for experts 13.9639 sec
Elapsed time for households 11.5306 sec
Iteration 136
Elapsed time for kappa 34.4896 sec
Elapsed time for experts 20.8694 sec
Elapsed time for households 12.0588 sec
Iteration 137
Elapsed time for kappa 34.9616 sec
Elapsed time for experts 13.5536 sec
Elapsed time for households 11.6556 sec
Iteration 138
Elapsed time for kappa 34.6504 sec
Elapsed time for experts 13.6735 sec
Elapsed time for households 11.9636 sec
Iteration 139
Elapsed time for kappa 35.1244 sec
Elapsed time for experts 13.9761 sec
Elapsed time for households 11.7402 sec
Iteration 140
Elapsed time for kappa 35.1256 sec
Elapsed time for experts 13.9865 sec
Elapsed time for households 11.4153 sec
Iteration 141
Elapsed time for kappa 34.8398 sec
Elapsed time for experts 13.6927 sec
Elapsed time for households 11.0186 sec
Iteration 142
Elapsed time for kappa 35.0489 sec
Elapsed time for experts 20.8978 sec
Elapsed time for households 11.6307 sec
Iteration 143
Elapsed time for kappa 36.1645 sec
Elapsed time for experts 13.5287 sec
Elapsed time for households 11.6530 sec
Iteration 144
Elapsed time for kappa 35.8898 sec
Elapsed time for experts 13.6622 sec
Elapsed time for households 11.3379 sec
Iteration 145
Elapsed time for kappa 35.0830 sec
Elapsed time for experts 14.4697 sec
Elapsed time for households 11.4668 sec
Iteration 146
Elapsed time for kappa 35.2659 sec
Elapsed time for experts 13.4020 sec
Elapsed time for households 11.4268 sec
Iteration 147
Elapsed time for kappa 35.8846 sec
Elapsed time for experts 14.5574 sec
Elapsed time for households 11.6684 sec
Iteration 148
Elapsed time for kappa 34.3878 sec
Elapsed time for experts 21.3909 sec
Elapsed time for households 11.9767 sec
Iteration 149
Elapsed time for kappa 35.8364 sec
Elapsed time for experts 14.6879 sec
Elapsed time for households 11.7879 sec
Iteration 150
Elapsed time for kappa 35.0661 sec
Elapsed time for experts 13.6053 sec
Elapsed time for households 11.0895 sec
Iteration 151
Elapsed time for kappa 35.1326 sec
Elapsed time for experts 14.2966 sec
Elapsed time for households 11.1757 sec
Iteration 152
Elapsed time for kappa 35.2506 sec
Elapsed time for experts 13.9458 sec
Elapsed time for households 11.1981 sec
Iteration 153
Elapsed time for kappa 34.8586 sec
Elapsed time for experts 13.0914 sec
Elapsed time for households 12.0589 sec
Iteration 154
Elapsed time for kappa 35.5366 sec
Elapsed time for experts 22.5758 sec
Elapsed time for households 12.9042 sec
Iteration 155
Elapsed time for kappa 35.8839 sec
Elapsed time for experts 14.5403 sec
Elapsed time for households 11.8502 sec
Iteration 156
Elapsed time for kappa 34.9637 sec
Elapsed time for experts 15.6246 sec
Elapsed time for households 11.7736 sec
Iteration 157
Elapsed time for kappa 35.5721 sec
Elapsed time for experts 14.5334 sec
Elapsed time for households 11.7553 sec
Iteration 158
Elapsed time for kappa 35.1742 sec
Elapsed time for experts 14.7663 sec
Elapsed time for households 12.1209 sec
Iteration 159
Elapsed time for kappa 34.7060 sec
Elapsed time for experts 14.9193 sec
Elapsed time for households 11.1999 sec
Iteration 160
Elapsed time for kappa 43.1086 sec
Elapsed time for experts 14.8745 sec
Elapsed time for households 11.5504 sec
Iteration 161
Elapsed time for kappa 35.4404 sec
Elapsed time for experts 14.1230 sec
Elapsed time for households 11.8428 sec
Iteration 162
Elapsed time for kappa 35.4135 sec
Elapsed time for experts 13.6694 sec
Elapsed time for households 11.6570 sec
Iteration 163
Elapsed time for kappa 35.1316 sec
Elapsed time for experts 13.3089 sec
Elapsed time for households 11.6061 sec
Iteration 164
Elapsed time for kappa 34.4933 sec
Elapsed time for experts 13.1974 sec
Elapsed time for households 11.2038 sec
Iteration 165
Elapsed time for kappa 34.4059 sec
Elapsed time for experts 13.3258 sec
Elapsed time for households 11.5897 sec
Iteration 166
Elapsed time for kappa 42.9398 sec
Elapsed time for experts 16.7362 sec
Elapsed time for households 12.3176 sec
Iteration 167
Elapsed time for kappa 34.9871 sec
Elapsed time for experts 15.8593 sec
Elapsed time for households 11.4301 sec
Iteration 168
Elapsed time for kappa 35.6884 sec
Elapsed time for experts 12.8225 sec
Elapsed time for households 11.2855 sec
Iteration 169
Elapsed time for kappa 35.6043 sec
Elapsed time for experts 13.0468 sec
Elapsed time for households 11.4647 sec
Iteration 170
Elapsed time for kappa 34.6119 sec
Elapsed time for experts 13.8270 sec
Elapsed time for households 11.2331 sec
Iteration 171
Elapsed time for kappa 35.1469 sec
Elapsed time for experts 13.4623 sec
Elapsed time for households 11.7240 sec
Iteration 172
Elapsed time for kappa 42.4962 sec
Elapsed time for experts 14.1884 sec
Elapsed time for households 11.6506 sec
Iteration 173
Elapsed time for kappa 35.1720 sec
Elapsed time for experts 13.9657 sec
Elapsed time for households 11.5389 sec
Iteration 174
Elapsed time for kappa 34.6044 sec
Elapsed time for experts 14.4784 sec
Elapsed time for households 11.5177 sec
Iteration 175
Elapsed time for kappa 34.5329 sec
Elapsed time for experts 13.6756 sec
Elapsed time for households 11.7909 sec
Iteration 176
Elapsed time for kappa 34.8770 sec
Elapsed time for experts 13.8162 sec
Elapsed time for households 11.4928 sec
Iteration 177
Elapsed time for kappa 34.2706 sec
Elapsed time for experts 13.3971 sec
Elapsed time for households 11.4498 sec
Iteration 178
Elapsed time for kappa 42.1812 sec
Elapsed time for experts 13.7429 sec
Elapsed time for households 11.5286 sec
Iteration 179
Elapsed time for kappa 35.0954 sec
Elapsed time for experts 12.9744 sec
Elapsed time for households 11.7721 sec
Iteration 180
Elapsed time for kappa 35.0960 sec
Elapsed time for experts 13.0537 sec
Elapsed time for households 11.2072 sec
Iteration 181
Elapsed time for kappa 34.8160 sec
Elapsed time for experts 13.3063 sec
Elapsed time for households 11.8462 sec
Iteration 182
Elapsed time for kappa 34.5846 sec
Elapsed time for experts 12.7851 sec
Elapsed time for households 11.1557 sec
Iteration 183
Elapsed time for kappa 34.5916 sec
Elapsed time for experts 13.7929 sec
Elapsed time for households 17.5866 sec
Iteration 184
Elapsed time for kappa 34.8838 sec
Elapsed time for experts 14.6218 sec
Elapsed time for households 12.2798 sec
Iteration 185
Elapsed time for kappa 34.3826 sec
Elapsed time for experts 14.2688 sec
Elapsed time for households 11.6655 sec
Iteration 186
Elapsed time for kappa 34.7463 sec
Elapsed time for experts 13.7133 sec
Elapsed time for households 11.4974 sec
Iteration 187
Elapsed time for kappa 34.0460 sec
Elapsed time for experts 14.2673 sec
Elapsed time for households 11.2510 sec
Iteration 188
Elapsed time for kappa 34.4066 sec
Elapsed time for experts 14.1027 sec
Elapsed time for households 11.1781 sec
Iteration 189
Elapsed time for kappa 33.9901 sec
Elapsed time for experts 14.1785 sec
Elapsed time for households 17.9179 sec
Iteration 190
Elapsed time for kappa 33.3992 sec
Elapsed time for experts 14.1179 sec
Elapsed time for households 10.8088 sec
Iteration 191
Elapsed time for kappa 34.8233 sec
Elapsed time for experts 13.7350 sec
Elapsed time for households 11.5916 sec
Iteration 192
Elapsed time for kappa 35.2385 sec
Elapsed time for experts 12.8329 sec
Elapsed time for households 10.4369 sec
Iteration 193
Elapsed time for kappa 32.8908 sec
Elapsed time for experts 12.5043 sec
Elapsed time for households 10.4657 sec
Iteration 194
Elapsed time for kappa 32.8871 sec
Elapsed time for experts 14.4044 sec
Elapsed time for households 10.9943 sec
Iteration 195
Elapsed time for kappa 34.6367 sec
Elapsed time for experts 12.2602 sec
Elapsed time for households 17.9232 sec
Iteration 196
Elapsed time for kappa 34.8980 sec
Elapsed time for experts 13.2980 sec
Elapsed time for households 11.1468 sec
Iteration 197
Elapsed time for kappa 34.5485 sec
Elapsed time for experts 14.0754 sec
Elapsed time for households 11.0570 sec
Iteration 198
Elapsed time for kappa 34.4904 sec
Elapsed time for experts 14.8802 sec
Elapsed time for households 10.7401 sec
Iteration 199
Elapsed time for kappa 33.4722 sec
Elapsed time for experts 14.5050 sec
Elapsed time for households 10.9990 sec
Elapsed time for training 12470.6592 sec
90000 90000 90000 90000
