Iteration 0
Elapsed time for kappa 76.5269 sec
Elapsed time for experts 23.8927 sec
Elapsed time for households 18.4986 sec
Iteration 1
Elapsed time for kappa 34.9676 sec
Elapsed time for experts 18.5227 sec
Elapsed time for households 10.6380 sec
Iteration 2
Elapsed time for kappa 32.4531 sec
Elapsed time for experts 13.0994 sec
Elapsed time for households 11.2422 sec
Iteration 3
Elapsed time for kappa 32.2269 sec
Elapsed time for experts 14.1422 sec
Elapsed time for households 12.0983 sec
Iteration 4
Elapsed time for kappa 32.7026 sec
Elapsed time for experts 13.3555 sec
Elapsed time for households 11.8715 sec
Iteration 5
Elapsed time for kappa 32.1736 sec
Elapsed time for experts 13.9185 sec
Elapsed time for households 10.6053 sec
Iteration 6
Elapsed time for kappa 37.5046 sec
Elapsed time for experts 16.1871 sec
Elapsed time for households 16.1737 sec
Iteration 7
Elapsed time for kappa 38.7941 sec
Elapsed time for experts 17.8059 sec
Elapsed time for households 11.8399 sec
Iteration 8
Elapsed time for kappa 32.5285 sec
Elapsed time for experts 12.6988 sec
Elapsed time for households 16.4984 sec
Iteration 9
Elapsed time for kappa 32.4771 sec
Elapsed time for experts 13.8792 sec
Elapsed time for households 16.0795 sec
Iteration 10
Elapsed time for kappa 32.2076 sec
Elapsed time for experts 13.3169 sec
Elapsed time for households 16.1374 sec
Iteration 11
Elapsed time for kappa 32.4140 sec
Elapsed time for experts 12.9901 sec
Elapsed time for households 11.2900 sec
Iteration 12
Elapsed time for kappa 32.0931 sec
Elapsed time for experts 13.5847 sec
Elapsed time for households 17.0431 sec
Iteration 13
Elapsed time for kappa 33.2369 sec
Elapsed time for experts 15.6912 sec
Elapsed time for households 11.7568 sec
Iteration 14
Elapsed time for kappa 32.4368 sec
Elapsed time for experts 12.8539 sec
Elapsed time for households 11.4062 sec
Iteration 15
Elapsed time for kappa 32.3318 sec
Elapsed time for experts 13.0853 sec
Elapsed time for households 11.8502 sec
Iteration 16
Elapsed time for kappa 32.1254 sec
Elapsed time for experts 12.8471 sec
Elapsed time for households 13.2282 sec
Iteration 17
Elapsed time for kappa 32.3059 sec
Elapsed time for experts 13.1434 sec
Elapsed time for households 11.6102 sec
Iteration 18
Elapsed time for kappa 32.2842 sec
Elapsed time for experts 14.0910 sec
Elapsed time for households 17.8642 sec
Iteration 19
Elapsed time for kappa 33.2245 sec
Elapsed time for experts 12.7735 sec
Elapsed time for households 11.5349 sec
Iteration 20
Elapsed time for kappa 32.6844 sec
Elapsed time for experts 13.4948 sec
Elapsed time for households 10.7938 sec
Iteration 21
Elapsed time for kappa 32.4850 sec
Elapsed time for experts 12.7987 sec
Elapsed time for households 12.7478 sec
Iteration 22
Elapsed time for kappa 32.1362 sec
Elapsed time for experts 13.1283 sec
Elapsed time for households 12.3766 sec
Iteration 23
Elapsed time for kappa 32.4602 sec
Elapsed time for experts 12.2357 sec
Elapsed time for households 11.0666 sec
Iteration 24
Elapsed time for kappa 32.2083 sec
Elapsed time for experts 19.5580 sec
Elapsed time for households 11.8745 sec
Iteration 25
Elapsed time for kappa 33.1504 sec
Elapsed time for experts 12.7542 sec
Elapsed time for households 11.6921 sec
Iteration 26
Elapsed time for kappa 32.7728 sec
Elapsed time for experts 12.8360 sec
Elapsed time for households 11.6313 sec
Iteration 27
Elapsed time for kappa 32.7079 sec
Elapsed time for experts 13.4402 sec
Elapsed time for households 10.6153 sec
Iteration 28
Elapsed time for kappa 32.3525 sec
Elapsed time for experts 13.2925 sec
Elapsed time for households 11.3003 sec
Iteration 29
Elapsed time for kappa 32.5474 sec
Elapsed time for experts 13.9628 sec
Elapsed time for households 10.7270 sec
Iteration 30
Elapsed time for kappa 32.1703 sec
Elapsed time for experts 19.9451 sec
Elapsed time for households 11.4896 sec
Iteration 31
Elapsed time for kappa 33.2411 sec
Elapsed time for experts 12.9951 sec
Elapsed time for households 11.0410 sec
Iteration 32
Elapsed time for kappa 32.7127 sec
Elapsed time for experts 14.1173 sec
Elapsed time for households 10.7720 sec
Iteration 33
Elapsed time for kappa 32.3098 sec
Elapsed time for experts 13.0501 sec
Elapsed time for households 10.9326 sec
Iteration 34
Elapsed time for kappa 32.5553 sec
Elapsed time for experts 12.5846 sec
Elapsed time for households 11.2618 sec
Iteration 35
Elapsed time for kappa 32.0475 sec
Elapsed time for experts 12.6087 sec
Elapsed time for households 10.5243 sec
Iteration 36
Elapsed time for kappa 32.1019 sec
Elapsed time for experts 18.4848 sec
Elapsed time for households 12.4021 sec
Iteration 37
Elapsed time for kappa 32.8055 sec
Elapsed time for experts 13.5598 sec
Elapsed time for households 11.7120 sec
Iteration 38
Elapsed time for kappa 32.1332 sec
Elapsed time for experts 13.7261 sec
Elapsed time for households 11.1246 sec
Iteration 39
Elapsed time for kappa 32.2639 sec
Elapsed time for experts 12.9738 sec
Elapsed time for households 11.3977 sec
Iteration 40
Elapsed time for kappa 32.0372 sec
Elapsed time for experts 12.0607 sec
Elapsed time for households 11.3090 sec
Iteration 41
Elapsed time for kappa 32.6220 sec
Elapsed time for experts 13.3648 sec
Elapsed time for households 10.4564 sec
Iteration 42
Elapsed time for kappa 37.6405 sec
Elapsed time for experts 12.2313 sec
Elapsed time for households 10.9679 sec
Iteration 43
Elapsed time for kappa 32.0845 sec
Elapsed time for experts 12.8859 sec
Elapsed time for households 10.6313 sec
Iteration 44
Elapsed time for kappa 32.3386 sec
Elapsed time for experts 16.0839 sec
Elapsed time for households 11.5410 sec
Iteration 45
Elapsed time for kappa 31.8138 sec
Elapsed time for experts 13.0988 sec
Elapsed time for households 10.3768 sec
Iteration 46
Elapsed time for kappa 31.9562 sec
Elapsed time for experts 13.0872 sec
Elapsed time for households 11.5079 sec
Iteration 47
Elapsed time for kappa 31.9258 sec
Elapsed time for experts 12.2060 sec
Elapsed time for households 11.2828 sec
Iteration 48
Elapsed time for kappa 37.5401 sec
Elapsed time for experts 13.1315 sec
Elapsed time for households 11.3497 sec
Iteration 49
Elapsed time for kappa 31.9738 sec
Elapsed time for experts 12.6756 sec
Elapsed time for households 11.0982 sec
Iteration 50
Elapsed time for kappa 31.9956 sec
Elapsed time for experts 12.6929 sec
Elapsed time for households 10.6793 sec
Iteration 51
Elapsed time for kappa 32.0361 sec
Elapsed time for experts 12.6165 sec
Elapsed time for households 11.7083 sec
Iteration 52
Elapsed time for kappa 32.0105 sec
Elapsed time for experts 14.4885 sec
Elapsed time for households 10.3809 sec
Iteration 53
Elapsed time for kappa 31.5749 sec
Elapsed time for experts 12.6473 sec
Elapsed time for households 11.5134 sec
Iteration 54
Elapsed time for kappa 37.7275 sec
Elapsed time for experts 12.2040 sec
Elapsed time for households 11.4587 sec
Iteration 55
Elapsed time for kappa 31.6142 sec
Elapsed time for experts 12.7552 sec
Elapsed time for households 13.0723 sec
Iteration 56
Elapsed time for kappa 32.1054 sec
Elapsed time for experts 12.5143 sec
Elapsed time for households 10.6103 sec
Iteration 57
Elapsed time for kappa 31.8765 sec
Elapsed time for experts 16.2968 sec
Elapsed time for households 11.5849 sec
Iteration 58
Elapsed time for kappa 31.7534 sec
Elapsed time for experts 12.6149 sec
Elapsed time for households 11.7844 sec
Iteration 59
Elapsed time for kappa 31.7196 sec
Elapsed time for experts 13.6025 sec
Elapsed time for households 11.6902 sec
Iteration 60
Elapsed time for kappa 36.9500 sec
Elapsed time for experts 12.5754 sec
Elapsed time for households 10.7789 sec
Iteration 61
Elapsed time for kappa 31.8431 sec
Elapsed time for experts 11.6985 sec
Elapsed time for households 10.5197 sec
Iteration 62
Elapsed time for kappa 31.5741 sec
Elapsed time for experts 12.5659 sec
Elapsed time for households 10.8434 sec
Iteration 63
Elapsed time for kappa 31.7531 sec
Elapsed time for experts 17.7719 sec
Elapsed time for households 11.3057 sec
Iteration 64
Elapsed time for kappa 31.2204 sec
Elapsed time for experts 16.1614 sec
Elapsed time for households 10.7389 sec
Iteration 65
Elapsed time for kappa 31.4180 sec
Elapsed time for experts 12.5554 sec
Elapsed time for households 16.4492 sec
Iteration 66
Elapsed time for kappa 31.8813 sec
Elapsed time for experts 11.8439 sec
Elapsed time for households 11.9382 sec
Iteration 67
Elapsed time for kappa 31.5472 sec
Elapsed time for experts 12.5568 sec
Elapsed time for households 11.8708 sec
Iteration 68
Elapsed time for kappa 31.7577 sec
Elapsed time for experts 11.9530 sec
Elapsed time for households 10.8336 sec
Iteration 69
Elapsed time for kappa 31.4385 sec
Elapsed time for experts 12.0787 sec
Elapsed time for households 10.6757 sec
Iteration 70
Elapsed time for kappa 31.7470 sec
Elapsed time for experts 13.0023 sec
Elapsed time for households 11.3094 sec
Iteration 71
Elapsed time for kappa 31.5552 sec
Elapsed time for experts 18.7553 sec
Elapsed time for households 10.9746 sec
Iteration 72
Elapsed time for kappa 31.9123 sec
Elapsed time for experts 13.0399 sec
Elapsed time for households 11.1727 sec
Iteration 73
Elapsed time for kappa 31.5141 sec
Elapsed time for experts 12.6792 sec
Elapsed time for households 11.2637 sec
Iteration 74
Elapsed time for kappa 31.3748 sec
Elapsed time for experts 12.8235 sec
Elapsed time for households 10.9276 sec
Iteration 75
Elapsed time for kappa 31.6405 sec
Elapsed time for experts 11.8407 sec
Elapsed time for households 11.1859 sec
Iteration 76
Elapsed time for kappa 31.4862 sec
Elapsed time for experts 12.1967 sec
Elapsed time for households 10.2854 sec
Iteration 77
Elapsed time for kappa 31.3147 sec
Elapsed time for experts 17.6894 sec
Elapsed time for households 10.8002 sec
Iteration 78
Elapsed time for kappa 32.1757 sec
Elapsed time for experts 12.7226 sec
Elapsed time for households 11.3298 sec
Iteration 79
Elapsed time for kappa 31.8867 sec
Elapsed time for experts 12.5195 sec
Elapsed time for households 11.4533 sec
Iteration 80
Elapsed time for kappa 31.5190 sec
Elapsed time for experts 11.9495 sec
Elapsed time for households 10.4756 sec
Iteration 81
Elapsed time for kappa 31.4027 sec
Elapsed time for experts 12.3712 sec
Elapsed time for households 11.1979 sec
Iteration 82
Elapsed time for kappa 31.2692 sec
Elapsed time for experts 11.9814 sec
Elapsed time for households 10.6140 sec
Iteration 83
Elapsed time for kappa 31.5912 sec
Elapsed time for experts 19.5417 sec
Elapsed time for households 11.0880 sec
Iteration 84
Elapsed time for kappa 31.8977 sec
Elapsed time for experts 13.1086 sec
Elapsed time for households 11.2104 sec
Iteration 85
Elapsed time for kappa 31.9713 sec
Elapsed time for experts 16.5423 sec
Elapsed time for households 11.7689 sec
Iteration 86
Elapsed time for kappa 31.6656 sec
Elapsed time for experts 12.8139 sec
Elapsed time for households 11.2858 sec
Iteration 87
Elapsed time for kappa 31.3975 sec
Elapsed time for experts 12.5330 sec
Elapsed time for households 11.3041 sec
Iteration 88
Elapsed time for kappa 31.5535 sec
Elapsed time for experts 13.6047 sec
Elapsed time for households 11.0609 sec
Iteration 89
Elapsed time for kappa 31.8000 sec
Elapsed time for experts 19.1010 sec
Elapsed time for households 11.0878 sec
Iteration 90
Elapsed time for kappa 31.9510 sec
Elapsed time for experts 12.5819 sec
Elapsed time for households 11.4129 sec
Iteration 91
Elapsed time for kappa 31.6052 sec
Elapsed time for experts 11.8541 sec
Elapsed time for households 11.3196 sec
Iteration 92
Elapsed time for kappa 31.6329 sec
Elapsed time for experts 11.9841 sec
Elapsed time for households 10.4835 sec
Iteration 93
Elapsed time for kappa 31.4122 sec
Elapsed time for experts 12.5182 sec
Elapsed time for households 11.2396 sec
Iteration 94
Elapsed time for kappa 31.7626 sec
Elapsed time for experts 12.0058 sec
Elapsed time for households 10.7989 sec
Iteration 95
Elapsed time for kappa 37.8735 sec
Elapsed time for experts 12.9493 sec
Elapsed time for households 12.5520 sec
Iteration 96
Elapsed time for kappa 31.8317 sec
Elapsed time for experts 15.8920 sec
Elapsed time for households 11.2555 sec
Iteration 97
Elapsed time for kappa 32.3747 sec
Elapsed time for experts 12.8985 sec
Elapsed time for households 10.9673 sec
Iteration 98
Elapsed time for kappa 32.6272 sec
Elapsed time for experts 12.5527 sec
Elapsed time for households 11.1269 sec
Iteration 99
Elapsed time for kappa 31.5320 sec
Elapsed time for experts 13.6058 sec
Elapsed time for households 10.4493 sec
Iteration 100
Elapsed time for kappa 31.6079 sec
Elapsed time for experts 11.8764 sec
Elapsed time for households 10.3690 sec
Iteration 101
Elapsed time for kappa 37.3169 sec
Elapsed time for experts 12.2997 sec
Elapsed time for households 10.4194 sec
Iteration 102
Elapsed time for kappa 31.9208 sec
Elapsed time for experts 12.8530 sec
Elapsed time for households 11.2288 sec
Iteration 103
Elapsed time for kappa 31.7376 sec
Elapsed time for experts 11.7669 sec
Elapsed time for households 10.3291 sec
Iteration 104
Elapsed time for kappa 31.8901 sec
Elapsed time for experts 14.5069 sec
Elapsed time for households 11.3848 sec
Iteration 105
Elapsed time for kappa 31.5821 sec
Elapsed time for experts 13.4952 sec
Elapsed time for households 10.4090 sec
Iteration 106
Elapsed time for kappa 31.6732 sec
Elapsed time for experts 11.8002 sec
Elapsed time for households 11.5224 sec
Iteration 107
Elapsed time for kappa 37.6267 sec
Elapsed time for experts 12.2476 sec
Elapsed time for households 10.6429 sec
Iteration 108
Elapsed time for kappa 32.1631 sec
Elapsed time for experts 12.9581 sec
Elapsed time for households 10.6041 sec
Iteration 109
Elapsed time for kappa 31.7198 sec
Elapsed time for experts 11.9853 sec
Elapsed time for households 10.8208 sec
Iteration 110
Elapsed time for kappa 31.8075 sec
Elapsed time for experts 12.2570 sec
Elapsed time for households 10.8335 sec
Iteration 111
Elapsed time for kappa 31.7441 sec
Elapsed time for experts 12.0150 sec
Elapsed time for households 10.9734 sec
Iteration 112
Elapsed time for kappa 31.4757 sec
Elapsed time for experts 11.9038 sec
Elapsed time for households 10.5263 sec
Iteration 113
Elapsed time for kappa 37.5905 sec
Elapsed time for experts 13.2196 sec
Elapsed time for households 12.8880 sec
Iteration 114
Elapsed time for kappa 32.1508 sec
Elapsed time for experts 15.1825 sec
Elapsed time for households 10.9088 sec
Iteration 115
Elapsed time for kappa 31.8836 sec
Elapsed time for experts 12.5833 sec
Elapsed time for households 10.8519 sec
Iteration 116
Elapsed time for kappa 31.6077 sec
Elapsed time for experts 11.8651 sec
Elapsed time for households 10.9718 sec
Iteration 117
Elapsed time for kappa 32.0044 sec
Elapsed time for experts 12.2543 sec
Elapsed time for households 10.5906 sec
Iteration 118
Elapsed time for kappa 31.2363 sec
Elapsed time for experts 12.7580 sec
Elapsed time for households 15.8708 sec
Iteration 119
Elapsed time for kappa 32.3807 sec
Elapsed time for experts 12.6538 sec
Elapsed time for households 10.6929 sec
Iteration 120
Elapsed time for kappa 31.9460 sec
Elapsed time for experts 12.5309 sec
Elapsed time for households 10.5789 sec
Iteration 121
Elapsed time for kappa 31.9445 sec
Elapsed time for experts 12.0584 sec
Elapsed time for households 10.5896 sec
Iteration 122
Elapsed time for kappa 31.7939 sec
Elapsed time for experts 11.8589 sec
Elapsed time for households 10.9408 sec
Iteration 123
Elapsed time for kappa 31.5321 sec
Elapsed time for experts 11.7401 sec
Elapsed time for households 10.8972 sec
Iteration 124
Elapsed time for kappa 32.2188 sec
Elapsed time for experts 12.2075 sec
Elapsed time for households 16.8229 sec
Iteration 125
Elapsed time for kappa 32.3423 sec
Elapsed time for experts 12.0714 sec
Elapsed time for households 10.7211 sec
Iteration 126
Elapsed time for kappa 32.0662 sec
Elapsed time for experts 12.5592 sec
Elapsed time for households 10.9931 sec
Iteration 127
Elapsed time for kappa 31.6911 sec
Elapsed time for experts 11.9943 sec
Elapsed time for households 10.7300 sec
Iteration 128
Elapsed time for kappa 32.0926 sec
Elapsed time for experts 11.7075 sec
Elapsed time for households 11.1672 sec
Iteration 129
Elapsed time for kappa 31.4945 sec
Elapsed time for experts 12.5936 sec
Elapsed time for households 10.9896 sec
Iteration 130
Elapsed time for kappa 31.6799 sec
Elapsed time for experts 12.3217 sec
Elapsed time for households 16.0731 sec
Iteration 131
Elapsed time for kappa 32.4114 sec
Elapsed time for experts 13.1095 sec
Elapsed time for households 11.5254 sec
Iteration 132
Elapsed time for kappa 32.1693 sec
Elapsed time for experts 12.9413 sec
Elapsed time for households 11.7476 sec
Iteration 133
Elapsed time for kappa 32.0183 sec
Elapsed time for experts 12.7362 sec
Elapsed time for households 10.2208 sec
Iteration 134
Elapsed time for kappa 31.5966 sec
Elapsed time for experts 11.9620 sec
Elapsed time for households 10.9187 sec
Iteration 135
Elapsed time for kappa 31.9178 sec
Elapsed time for experts 12.1244 sec
Elapsed time for households 10.5899 sec
Iteration 136
Elapsed time for kappa 31.6314 sec
Elapsed time for experts 17.6396 sec
Elapsed time for households 10.9025 sec
Iteration 137
Elapsed time for kappa 32.3533 sec
Elapsed time for experts 11.9528 sec
Elapsed time for households 10.7953 sec
Iteration 138
Elapsed time for kappa 31.9247 sec
Elapsed time for experts 12.0542 sec
Elapsed time for households 10.6247 sec
Iteration 139
Elapsed time for kappa 31.9613 sec
Elapsed time for experts 12.1692 sec
Elapsed time for households 10.4010 sec
Iteration 140
Elapsed time for kappa 31.7284 sec
Elapsed time for experts 11.8184 sec
Elapsed time for households 10.8304 sec
Iteration 141
Elapsed time for kappa 31.8257 sec
Elapsed time for experts 12.1439 sec
Elapsed time for households 11.2217 sec
Iteration 142
Elapsed time for kappa 31.3548 sec
Elapsed time for experts 17.6781 sec
Elapsed time for households 10.8966 sec
Iteration 143
Elapsed time for kappa 32.2403 sec
Elapsed time for experts 12.5777 sec
Elapsed time for households 11.4817 sec
Iteration 144
Elapsed time for kappa 31.9374 sec
Elapsed time for experts 12.5755 sec
Elapsed time for households 10.6148 sec
Iteration 145
Elapsed time for kappa 31.6573 sec
Elapsed time for experts 11.9653 sec
Elapsed time for households 11.4582 sec
Iteration 146
Elapsed time for kappa 31.5611 sec
Elapsed time for experts 12.2366 sec
Elapsed time for households 10.9529 sec
Iteration 147
Elapsed time for kappa 31.9206 sec
Elapsed time for experts 12.2540 sec
Elapsed time for households 10.3447 sec
Iteration 148
Elapsed time for kappa 31.8419 sec
Elapsed time for experts 17.7473 sec
Elapsed time for households 12.5386 sec
Iteration 149
Elapsed time for kappa 32.4720 sec
Elapsed time for experts 12.7855 sec
Elapsed time for households 10.8164 sec
Iteration 150
Elapsed time for kappa 31.9893 sec
Elapsed time for experts 12.1056 sec
Elapsed time for households 10.8110 sec
Iteration 151
Elapsed time for kappa 32.0075 sec
Elapsed time for experts 13.2248 sec
Elapsed time for households 10.8331 sec
Iteration 152
Elapsed time for kappa 31.5483 sec
Elapsed time for experts 11.9230 sec
Elapsed time for households 10.4592 sec
Iteration 153
Elapsed time for kappa 31.7686 sec
Elapsed time for experts 12.3334 sec
Elapsed time for households 11.7937 sec
Iteration 154
Elapsed time for kappa 31.5691 sec
Elapsed time for experts 18.4434 sec
Elapsed time for households 12.4788 sec
Iteration 155
Elapsed time for kappa 32.3318 sec
Elapsed time for experts 13.0560 sec
Elapsed time for households 10.7071 sec
Iteration 156
Elapsed time for kappa 31.9917 sec
Elapsed time for experts 13.0878 sec
Elapsed time for households 11.2489 sec
Iteration 157
Elapsed time for kappa 31.9016 sec
Elapsed time for experts 12.1490 sec
Elapsed time for households 11.1868 sec
Iteration 158
Elapsed time for kappa 31.5352 sec
Elapsed time for experts 12.7887 sec
Elapsed time for households 10.4494 sec
Iteration 159
Elapsed time for kappa 31.6905 sec
Elapsed time for experts 12.6789 sec
Elapsed time for households 12.1552 sec
Iteration 160
Elapsed time for kappa 37.5480 sec
Elapsed time for experts 13.1161 sec
Elapsed time for households 11.7817 sec
Iteration 161
Elapsed time for kappa 32.0355 sec
Elapsed time for experts 12.0005 sec
Elapsed time for households 10.7128 sec
Iteration 162
Elapsed time for kappa 31.7007 sec
Elapsed time for experts 11.8431 sec
Elapsed time for households 11.9422 sec
Iteration 163
Elapsed time for kappa 31.7125 sec
Elapsed time for experts 11.7473 sec
Elapsed time for households 10.6037 sec
Iteration 164
Elapsed time for kappa 31.3654 sec
Elapsed time for experts 12.4648 sec
Elapsed time for households 10.7946 sec
Iteration 165
Elapsed time for kappa 31.1832 sec
Elapsed time for experts 12.8259 sec
Elapsed time for households 10.9521 sec
Iteration 166
Elapsed time for kappa 37.6481 sec
Elapsed time for experts 13.2230 sec
Elapsed time for households 11.4176 sec
Iteration 167
Elapsed time for kappa 31.9177 sec
Elapsed time for experts 13.0063 sec
Elapsed time for households 11.3600 sec
Iteration 168
Elapsed time for kappa 31.7567 sec
Elapsed time for experts 11.8791 sec
Elapsed time for households 10.5949 sec
Iteration 169
Elapsed time for kappa 31.4824 sec
Elapsed time for experts 12.0587 sec
Elapsed time for households 11.0811 sec
Iteration 170
Elapsed time for kappa 31.8328 sec
Elapsed time for experts 12.0654 sec
Elapsed time for households 10.7496 sec
Iteration 171
Elapsed time for kappa 31.2088 sec
Elapsed time for experts 12.0575 sec
Elapsed time for households 10.7816 sec
Iteration 172
Elapsed time for kappa 37.6985 sec
Elapsed time for experts 12.3834 sec
Elapsed time for households 10.8376 sec
Iteration 173
Elapsed time for kappa 31.7748 sec
Elapsed time for experts 13.3486 sec
Elapsed time for households 10.6235 sec
Iteration 174
Elapsed time for kappa 32.8572 sec
Elapsed time for experts 12.0656 sec
Elapsed time for households 10.5267 sec
Iteration 175
Elapsed time for kappa 31.7492 sec
Elapsed time for experts 11.8208 sec
Elapsed time for households 10.7208 sec
Iteration 176
Elapsed time for kappa 31.4758 sec
Elapsed time for experts 12.8350 sec
Elapsed time for households 10.4112 sec
Iteration 177
Elapsed time for kappa 31.4031 sec
Elapsed time for experts 12.4191 sec
Elapsed time for households 10.8336 sec
Iteration 178
Elapsed time for kappa 37.6250 sec
Elapsed time for experts 12.2530 sec
Elapsed time for households 11.0343 sec
Iteration 179
Elapsed time for kappa 32.1381 sec
Elapsed time for experts 12.2048 sec
Elapsed time for households 11.3135 sec
Iteration 180
Elapsed time for kappa 31.9722 sec
Elapsed time for experts 12.3011 sec
Elapsed time for households 11.2223 sec
Iteration 181
Elapsed time for kappa 31.5231 sec
Elapsed time for experts 12.3563 sec
Elapsed time for households 10.5880 sec
Iteration 182
Elapsed time for kappa 31.4794 sec
Elapsed time for experts 12.4537 sec
Elapsed time for households 11.5118 sec
Iteration 183
Elapsed time for kappa 31.6145 sec
Elapsed time for experts 12.3144 sec
Elapsed time for households 16.8985 sec
Iteration 184
Elapsed time for kappa 32.4679 sec
Elapsed time for experts 12.1785 sec
Elapsed time for households 10.5893 sec
Iteration 185
Elapsed time for kappa 31.9791 sec
Elapsed time for experts 12.2840 sec
Elapsed time for households 10.8436 sec
Iteration 186
Elapsed time for kappa 32.1193 sec
Elapsed time for experts 12.1251 sec
Elapsed time for households 11.2335 sec
Iteration 187
Elapsed time for kappa 31.6971 sec
Elapsed time for experts 11.7718 sec
Elapsed time for households 10.4168 sec
Iteration 188
Elapsed time for kappa 31.6090 sec
Elapsed time for experts 11.9715 sec
Elapsed time for households 11.7324 sec
Iteration 189
Elapsed time for kappa 31.8575 sec
Elapsed time for experts 13.6994 sec
Elapsed time for households 17.0158 sec
Iteration 190
Elapsed time for kappa 32.7046 sec
Elapsed time for experts 12.2723 sec
Elapsed time for households 10.8858 sec
Iteration 191
Elapsed time for kappa 32.4983 sec
Elapsed time for experts 13.1428 sec
Elapsed time for households 11.1961 sec
Iteration 192
Elapsed time for kappa 31.9914 sec
Elapsed time for experts 16.0583 sec
Elapsed time for households 11.4977 sec
Iteration 193
Elapsed time for kappa 32.1482 sec
Elapsed time for experts 12.8674 sec
Elapsed time for households 10.9307 sec
Iteration 194
Elapsed time for kappa 31.6080 sec
Elapsed time for experts 12.0550 sec
Elapsed time for households 11.3173 sec
Iteration 195
Elapsed time for kappa 31.8490 sec
Elapsed time for experts 12.9593 sec
Elapsed time for households 16.3309 sec
Iteration 196
Elapsed time for kappa 32.8318 sec
Elapsed time for experts 12.4989 sec
Elapsed time for households 15.4216 sec
Iteration 197
Elapsed time for kappa 32.0443 sec
Elapsed time for experts 13.0029 sec
Elapsed time for households 11.5325 sec
Iteration 198
Elapsed time for kappa 32.1218 sec
Elapsed time for experts 12.5500 sec
Elapsed time for households 10.4243 sec
Iteration 199
Elapsed time for kappa 32.2048 sec
Elapsed time for experts 13.6135 sec
Elapsed time for households 10.5992 sec
Elapsed time for training 11482.9155 sec
90000 90000 90000 90000
