Iteration 0
Elapsed time for kappa 66.8689 sec
Elapsed time for experts 21.6776 sec
Elapsed time for households 17.0741 sec
Iteration 1
Elapsed time for kappa 38.7243 sec
Elapsed time for experts 16.7082 sec
Elapsed time for households 15.3097 sec
Iteration 2
Elapsed time for kappa 32.2148 sec
Elapsed time for experts 16.0366 sec
Elapsed time for households 14.7236 sec
Iteration 3
Elapsed time for kappa 32.5081 sec
Elapsed time for experts 13.9714 sec
Elapsed time for households 14.7056 sec
Iteration 4
Elapsed time for kappa 32.6345 sec
Elapsed time for experts 16.8860 sec
Elapsed time for households 10.7930 sec
Iteration 5
Elapsed time for kappa 32.2714 sec
Elapsed time for experts 16.1602 sec
Elapsed time for households 11.4980 sec
Iteration 6
Elapsed time for kappa 32.2195 sec
Elapsed time for experts 13.1089 sec
Elapsed time for households 11.3000 sec
Iteration 7
Elapsed time for kappa 39.0960 sec
Elapsed time for experts 15.9384 sec
Elapsed time for households 11.7039 sec
Iteration 8
Elapsed time for kappa 32.8069 sec
Elapsed time for experts 13.1578 sec
Elapsed time for households 10.4091 sec
Iteration 9
Elapsed time for kappa 32.1308 sec
Elapsed time for experts 13.0689 sec
Elapsed time for households 10.6539 sec
Iteration 10
Elapsed time for kappa 32.5099 sec
Elapsed time for experts 13.4084 sec
Elapsed time for households 11.1076 sec
Iteration 11
Elapsed time for kappa 33.5141 sec
Elapsed time for experts 12.9667 sec
Elapsed time for households 11.7196 sec
Iteration 12
Elapsed time for kappa 33.7360 sec
Elapsed time for experts 13.2368 sec
Elapsed time for households 16.9496 sec
Iteration 13
Elapsed time for kappa 33.3266 sec
Elapsed time for experts 12.8762 sec
Elapsed time for households 12.9417 sec
Iteration 14
Elapsed time for kappa 33.1530 sec
Elapsed time for experts 12.9660 sec
Elapsed time for households 10.4347 sec
Iteration 15
Elapsed time for kappa 32.2371 sec
Elapsed time for experts 13.5757 sec
Elapsed time for households 10.9258 sec
Iteration 16
Elapsed time for kappa 32.2441 sec
Elapsed time for experts 13.9402 sec
Elapsed time for households 11.2198 sec
Iteration 17
Elapsed time for kappa 33.9948 sec
Elapsed time for experts 17.0295 sec
Elapsed time for households 14.6502 sec
Iteration 18
Elapsed time for kappa 34.1144 sec
Elapsed time for experts 13.1265 sec
Elapsed time for households 16.9008 sec
Iteration 19
Elapsed time for kappa 32.9120 sec
Elapsed time for experts 14.5235 sec
Elapsed time for households 11.1465 sec
Iteration 20
Elapsed time for kappa 32.0696 sec
Elapsed time for experts 19.3303 sec
Elapsed time for households 10.5967 sec
Iteration 21
Elapsed time for kappa 32.4499 sec
Elapsed time for experts 13.4171 sec
Elapsed time for households 11.2091 sec
Iteration 22
Elapsed time for kappa 36.7966 sec
Elapsed time for experts 12.0218 sec
Elapsed time for households 11.3223 sec
Iteration 23
Elapsed time for kappa 34.8595 sec
Elapsed time for experts 13.1873 sec
Elapsed time for households 10.6205 sec
Iteration 24
Elapsed time for kappa 36.5203 sec
Elapsed time for experts 19.6524 sec
Elapsed time for households 11.5873 sec
Iteration 25
Elapsed time for kappa 36.0999 sec
Elapsed time for experts 16.3529 sec
Elapsed time for households 12.0774 sec
Iteration 26
Elapsed time for kappa 32.9582 sec
Elapsed time for experts 12.8464 sec
Elapsed time for households 11.7967 sec
Iteration 27
Elapsed time for kappa 34.9293 sec
Elapsed time for experts 11.9630 sec
Elapsed time for households 11.1497 sec
Iteration 28
Elapsed time for kappa 36.1886 sec
Elapsed time for experts 12.6599 sec
Elapsed time for households 10.8920 sec
Iteration 29
Elapsed time for kappa 33.7565 sec
Elapsed time for experts 14.9059 sec
Elapsed time for households 10.6461 sec
Iteration 30
Elapsed time for kappa 33.3506 sec
Elapsed time for experts 23.2826 sec
Elapsed time for households 11.1528 sec
Iteration 31
Elapsed time for kappa 34.8255 sec
Elapsed time for experts 14.6674 sec
Elapsed time for households 11.7586 sec
Iteration 32
Elapsed time for kappa 35.6925 sec
Elapsed time for experts 13.7792 sec
Elapsed time for households 11.8442 sec
Iteration 33
Elapsed time for kappa 33.0484 sec
Elapsed time for experts 12.4453 sec
Elapsed time for households 10.7284 sec
Iteration 34
Elapsed time for kappa 36.8025 sec
Elapsed time for experts 12.4798 sec
Elapsed time for households 10.6292 sec
Iteration 35
Elapsed time for kappa 33.4826 sec
Elapsed time for experts 14.7945 sec
Elapsed time for households 11.0677 sec
Iteration 36
Elapsed time for kappa 34.4733 sec
Elapsed time for experts 19.4654 sec
Elapsed time for households 11.0316 sec
Iteration 37
Elapsed time for kappa 33.7909 sec
Elapsed time for experts 13.6565 sec
Elapsed time for households 11.1938 sec
Iteration 38
Elapsed time for kappa 34.3303 sec
Elapsed time for experts 12.0321 sec
Elapsed time for households 11.9422 sec
Iteration 39
Elapsed time for kappa 34.6953 sec
Elapsed time for experts 12.7706 sec
Elapsed time for households 11.3399 sec
Iteration 40
Elapsed time for kappa 35.9013 sec
Elapsed time for experts 13.4998 sec
Elapsed time for households 10.3042 sec
Iteration 41
Elapsed time for kappa 34.1879 sec
Elapsed time for experts 11.9560 sec
Elapsed time for households 11.3469 sec
Iteration 42
Elapsed time for kappa 40.4137 sec
Elapsed time for experts 13.2049 sec
Elapsed time for households 11.7447 sec
Iteration 43
Elapsed time for kappa 32.7386 sec
Elapsed time for experts 13.3158 sec
Elapsed time for households 10.6812 sec
Iteration 44
Elapsed time for kappa 32.1421 sec
Elapsed time for experts 13.2195 sec
Elapsed time for households 11.0054 sec
Iteration 45
Elapsed time for kappa 33.9228 sec
Elapsed time for experts 12.4558 sec
Elapsed time for households 11.2342 sec
Iteration 46
Elapsed time for kappa 32.6395 sec
Elapsed time for experts 13.1193 sec
Elapsed time for households 11.3976 sec
Iteration 47
Elapsed time for kappa 33.2348 sec
Elapsed time for experts 13.1053 sec
Elapsed time for households 10.5385 sec
Iteration 48
Elapsed time for kappa 41.2867 sec
Elapsed time for experts 14.4698 sec
Elapsed time for households 11.3199 sec
Iteration 49
Elapsed time for kappa 34.4914 sec
Elapsed time for experts 13.9844 sec
Elapsed time for households 11.7361 sec
Iteration 50
Elapsed time for kappa 34.2564 sec
Elapsed time for experts 12.8073 sec
Elapsed time for households 11.0236 sec
Iteration 51
Elapsed time for kappa 33.2866 sec
Elapsed time for experts 12.9856 sec
Elapsed time for households 11.5419 sec
Iteration 52
Elapsed time for kappa 32.7373 sec
Elapsed time for experts 12.2720 sec
Elapsed time for households 10.5999 sec
Iteration 53
Elapsed time for kappa 32.9304 sec
Elapsed time for experts 12.9117 sec
Elapsed time for households 11.1905 sec
Iteration 54
Elapsed time for kappa 39.5732 sec
Elapsed time for experts 14.2329 sec
Elapsed time for households 11.3779 sec
Iteration 55
Elapsed time for kappa 32.0995 sec
Elapsed time for experts 13.5802 sec
Elapsed time for households 12.0980 sec
Iteration 56
Elapsed time for kappa 32.7350 sec
Elapsed time for experts 13.5529 sec
Elapsed time for households 11.1749 sec
Iteration 57
Elapsed time for kappa 32.4399 sec
Elapsed time for experts 14.3154 sec
Elapsed time for households 11.6130 sec
Iteration 58
Elapsed time for kappa 31.9272 sec
Elapsed time for experts 13.4406 sec
Elapsed time for households 11.5547 sec
Iteration 59
Elapsed time for kappa 31.6599 sec
Elapsed time for experts 13.9637 sec
Elapsed time for households 11.2587 sec
Iteration 60
Elapsed time for kappa 39.8652 sec
Elapsed time for experts 13.5273 sec
Elapsed time for households 10.7986 sec
Iteration 61
Elapsed time for kappa 32.6879 sec
Elapsed time for experts 13.1280 sec
Elapsed time for households 13.7967 sec
Iteration 62
Elapsed time for kappa 32.1620 sec
Elapsed time for experts 12.8952 sec
Elapsed time for households 10.7949 sec
Iteration 63
Elapsed time for kappa 32.3235 sec
Elapsed time for experts 13.1808 sec
Elapsed time for households 12.1639 sec
Iteration 64
Elapsed time for kappa 32.0000 sec
Elapsed time for experts 13.8217 sec
Elapsed time for households 11.5884 sec
Iteration 65
Elapsed time for kappa 32.0248 sec
Elapsed time for experts 13.2511 sec
Elapsed time for households 16.7914 sec
Iteration 66
Elapsed time for kappa 34.3151 sec
Elapsed time for experts 14.1807 sec
Elapsed time for households 11.4623 sec
Iteration 67
Elapsed time for kappa 33.9419 sec
Elapsed time for experts 15.8173 sec
Elapsed time for households 10.4802 sec
Iteration 68
Elapsed time for kappa 32.4787 sec
Elapsed time for experts 12.1881 sec
Elapsed time for households 10.9550 sec
Iteration 69
Elapsed time for kappa 33.1301 sec
Elapsed time for experts 15.9503 sec
Elapsed time for households 11.0549 sec
Iteration 70
Elapsed time for kappa 33.2761 sec
Elapsed time for experts 13.1698 sec
Elapsed time for households 11.4949 sec
Iteration 71
Elapsed time for kappa 32.4565 sec
Elapsed time for experts 20.7385 sec
Elapsed time for households 11.6861 sec
Iteration 72
Elapsed time for kappa 32.9542 sec
Elapsed time for experts 13.5663 sec
Elapsed time for households 12.1274 sec
Iteration 73
Elapsed time for kappa 32.8902 sec
Elapsed time for experts 14.0138 sec
Elapsed time for households 11.0234 sec
Iteration 74
Elapsed time for kappa 33.9520 sec
Elapsed time for experts 11.8670 sec
Elapsed time for households 10.6941 sec
Iteration 75
Elapsed time for kappa 32.7776 sec
Elapsed time for experts 11.7675 sec
Elapsed time for households 11.5300 sec
Iteration 76
Elapsed time for kappa 34.5742 sec
Elapsed time for experts 13.3888 sec
Elapsed time for households 10.9106 sec
Iteration 77
Elapsed time for kappa 33.7854 sec
Elapsed time for experts 19.0967 sec
Elapsed time for households 11.9743 sec
Iteration 78
Elapsed time for kappa 34.5353 sec
Elapsed time for experts 12.8152 sec
Elapsed time for households 11.8352 sec
Iteration 79
Elapsed time for kappa 32.4965 sec
Elapsed time for experts 12.9320 sec
Elapsed time for households 11.8931 sec
Iteration 80
Elapsed time for kappa 32.8892 sec
Elapsed time for experts 12.4620 sec
Elapsed time for households 11.1659 sec
Iteration 81
Elapsed time for kappa 31.9107 sec
Elapsed time for experts 12.7613 sec
Elapsed time for households 10.9861 sec
Iteration 82
Elapsed time for kappa 32.0892 sec
Elapsed time for experts 13.3279 sec
Elapsed time for households 11.8650 sec
Iteration 83
Elapsed time for kappa 33.3696 sec
Elapsed time for experts 19.4728 sec
Elapsed time for households 13.8178 sec
Iteration 84
Elapsed time for kappa 33.0052 sec
Elapsed time for experts 13.2958 sec
Elapsed time for households 13.0966 sec
Iteration 85
Elapsed time for kappa 32.7444 sec
Elapsed time for experts 13.5699 sec
Elapsed time for households 11.1671 sec
Iteration 86
Elapsed time for kappa 32.3515 sec
Elapsed time for experts 13.2346 sec
Elapsed time for households 10.9072 sec
Iteration 87
Elapsed time for kappa 32.4017 sec
Elapsed time for experts 15.0378 sec
Elapsed time for households 10.3286 sec
Iteration 88
Elapsed time for kappa 32.4692 sec
Elapsed time for experts 14.5296 sec
Elapsed time for households 10.3105 sec
Iteration 89
Elapsed time for kappa 32.9928 sec
Elapsed time for experts 19.3435 sec
Elapsed time for households 11.4174 sec
Iteration 90
Elapsed time for kappa 33.9472 sec
Elapsed time for experts 13.7310 sec
Elapsed time for households 10.6391 sec
Iteration 91
Elapsed time for kappa 33.1592 sec
Elapsed time for experts 12.9860 sec
Elapsed time for households 10.6731 sec
Iteration 92
Elapsed time for kappa 32.5575 sec
Elapsed time for experts 13.1532 sec
Elapsed time for households 11.0260 sec
Iteration 93
Elapsed time for kappa 33.0601 sec
Elapsed time for experts 12.3542 sec
Elapsed time for households 10.6613 sec
Iteration 94
Elapsed time for kappa 32.6108 sec
Elapsed time for experts 12.7503 sec
Elapsed time for households 10.5771 sec
Iteration 95
Elapsed time for kappa 39.6756 sec
Elapsed time for experts 13.8073 sec
Elapsed time for households 10.7534 sec
Iteration 96
Elapsed time for kappa 33.9659 sec
Elapsed time for experts 13.3798 sec
Elapsed time for households 11.1752 sec
Iteration 97
Elapsed time for kappa 34.4599 sec
Elapsed time for experts 13.6505 sec
Elapsed time for households 10.7117 sec
Iteration 98
Elapsed time for kappa 33.7474 sec
Elapsed time for experts 12.0794 sec
Elapsed time for households 10.8112 sec
Iteration 99
Elapsed time for kappa 32.3609 sec
Elapsed time for experts 11.9635 sec
Elapsed time for households 10.8094 sec
Iteration 100
Elapsed time for kappa 32.8435 sec
Elapsed time for experts 11.8325 sec
Elapsed time for households 10.8026 sec
Iteration 101
Elapsed time for kappa 39.8958 sec
Elapsed time for experts 13.7638 sec
Elapsed time for households 11.2012 sec
Iteration 102
Elapsed time for kappa 33.2080 sec
Elapsed time for experts 13.1103 sec
Elapsed time for households 11.1223 sec
Iteration 103
Elapsed time for kappa 32.5051 sec
Elapsed time for experts 15.4936 sec
Elapsed time for households 10.6247 sec
Iteration 104
Elapsed time for kappa 34.7434 sec
Elapsed time for experts 13.2091 sec
Elapsed time for households 11.0768 sec
Iteration 105
Elapsed time for kappa 31.9862 sec
Elapsed time for experts 13.3339 sec
Elapsed time for households 11.6979 sec
Iteration 106
Elapsed time for kappa 31.9783 sec
Elapsed time for experts 12.7040 sec
Elapsed time for households 11.6872 sec
Iteration 107
Elapsed time for kappa 39.7919 sec
Elapsed time for experts 13.8547 sec
Elapsed time for households 11.3217 sec
Iteration 108
Elapsed time for kappa 32.5376 sec
Elapsed time for experts 12.3086 sec
Elapsed time for households 10.7667 sec
Iteration 109
Elapsed time for kappa 32.2634 sec
Elapsed time for experts 12.8419 sec
Elapsed time for households 10.7677 sec
Iteration 110
Elapsed time for kappa 32.4595 sec
Elapsed time for experts 12.7407 sec
Elapsed time for households 11.0763 sec
Iteration 111
Elapsed time for kappa 31.9504 sec
Elapsed time for experts 12.0336 sec
Elapsed time for households 10.3165 sec
Iteration 112
Elapsed time for kappa 31.7220 sec
Elapsed time for experts 12.0489 sec
Elapsed time for households 11.2571 sec
Iteration 113
Elapsed time for kappa 39.6529 sec
Elapsed time for experts 14.0548 sec
Elapsed time for households 10.9800 sec
Iteration 114
Elapsed time for kappa 32.9600 sec
Elapsed time for experts 14.9276 sec
Elapsed time for households 11.7811 sec
Iteration 115
Elapsed time for kappa 32.5163 sec
Elapsed time for experts 13.8509 sec
Elapsed time for households 11.8045 sec
Iteration 116
Elapsed time for kappa 32.1704 sec
Elapsed time for experts 14.9321 sec
Elapsed time for households 11.0765 sec
Iteration 117
Elapsed time for kappa 32.6560 sec
Elapsed time for experts 13.6203 sec
Elapsed time for households 11.5003 sec
Iteration 118
Elapsed time for kappa 32.2364 sec
Elapsed time for experts 14.4605 sec
Elapsed time for households 17.0640 sec
Iteration 119
Elapsed time for kappa 33.5313 sec
Elapsed time for experts 13.2166 sec
Elapsed time for households 11.7604 sec
Iteration 120
Elapsed time for kappa 33.8737 sec
Elapsed time for experts 13.1685 sec
Elapsed time for households 10.9709 sec
Iteration 121
Elapsed time for kappa 33.6663 sec
Elapsed time for experts 13.1164 sec
Elapsed time for households 11.1157 sec
Iteration 122
Elapsed time for kappa 33.0661 sec
Elapsed time for experts 13.4686 sec
Elapsed time for households 10.3190 sec
Iteration 123
Elapsed time for kappa 32.6969 sec
Elapsed time for experts 13.4350 sec
Elapsed time for households 11.7356 sec
Iteration 124
Elapsed time for kappa 32.3328 sec
Elapsed time for experts 18.7018 sec
Elapsed time for households 11.9198 sec
Iteration 125
Elapsed time for kappa 33.0960 sec
Elapsed time for experts 13.9616 sec
Elapsed time for households 11.2684 sec
Iteration 126
Elapsed time for kappa 33.0586 sec
Elapsed time for experts 13.3434 sec
Elapsed time for households 10.9920 sec
Iteration 127
Elapsed time for kappa 32.9339 sec
Elapsed time for experts 13.8655 sec
Elapsed time for households 10.8530 sec
Iteration 128
Elapsed time for kappa 32.7278 sec
Elapsed time for experts 13.0060 sec
Elapsed time for households 11.6211 sec
Iteration 129
Elapsed time for kappa 31.8382 sec
Elapsed time for experts 12.6081 sec
Elapsed time for households 11.3933 sec
Iteration 130
Elapsed time for kappa 31.7677 sec
Elapsed time for experts 19.2829 sec
Elapsed time for households 11.3842 sec
Iteration 131
Elapsed time for kappa 32.5517 sec
Elapsed time for experts 14.4881 sec
Elapsed time for households 11.0795 sec
Iteration 132
Elapsed time for kappa 32.4931 sec
Elapsed time for experts 13.9875 sec
Elapsed time for households 11.5560 sec
Iteration 133
Elapsed time for kappa 32.3914 sec
Elapsed time for experts 12.6201 sec
Elapsed time for households 10.8541 sec
Iteration 134
Elapsed time for kappa 32.1998 sec
Elapsed time for experts 12.7575 sec
Elapsed time for households 10.4725 sec
Iteration 135
Elapsed time for kappa 32.0870 sec
Elapsed time for experts 12.4453 sec
Elapsed time for households 10.3171 sec
Iteration 136
Elapsed time for kappa 31.6725 sec
Elapsed time for experts 21.2316 sec
Elapsed time for households 11.6404 sec
Iteration 137
Elapsed time for kappa 32.9094 sec
Elapsed time for experts 13.9559 sec
Elapsed time for households 11.6000 sec
Iteration 138
Elapsed time for kappa 32.9808 sec
Elapsed time for experts 13.2912 sec
Elapsed time for households 11.2174 sec
Iteration 139
Elapsed time for kappa 32.7965 sec
Elapsed time for experts 13.6609 sec
Elapsed time for households 11.0075 sec
Iteration 140
Elapsed time for kappa 32.6992 sec
Elapsed time for experts 13.1384 sec
Elapsed time for households 10.6426 sec
Iteration 141
Elapsed time for kappa 32.7633 sec
Elapsed time for experts 13.5949 sec
Elapsed time for households 10.7905 sec
Iteration 142
Elapsed time for kappa 39.0275 sec
Elapsed time for experts 14.7763 sec
Elapsed time for households 11.1499 sec
Iteration 143
Elapsed time for kappa 34.3762 sec
Elapsed time for experts 12.6512 sec
Elapsed time for households 11.1904 sec
Iteration 144
Elapsed time for kappa 33.7809 sec
Elapsed time for experts 12.5587 sec
Elapsed time for households 10.8756 sec
Iteration 145
Elapsed time for kappa 32.8369 sec
Elapsed time for experts 13.3848 sec
Elapsed time for households 11.0055 sec
Iteration 146
Elapsed time for kappa 32.6019 sec
Elapsed time for experts 13.4286 sec
Elapsed time for households 11.0803 sec
Iteration 147
Elapsed time for kappa 32.6254 sec
Elapsed time for experts 13.4877 sec
Elapsed time for households 10.2646 sec
Iteration 148
Elapsed time for kappa 39.4262 sec
Elapsed time for experts 13.4642 sec
Elapsed time for households 11.8943 sec
Iteration 149
Elapsed time for kappa 32.9710 sec
Elapsed time for experts 13.4749 sec
Elapsed time for households 11.8737 sec
Iteration 150
Elapsed time for kappa 33.6533 sec
Elapsed time for experts 13.0339 sec
Elapsed time for households 11.7980 sec
Iteration 151
Elapsed time for kappa 32.0375 sec
Elapsed time for experts 13.5784 sec
Elapsed time for households 10.6554 sec
Iteration 152
Elapsed time for kappa 31.9169 sec
Elapsed time for experts 13.1758 sec
Elapsed time for households 10.6945 sec
Iteration 153
Elapsed time for kappa 32.4368 sec
Elapsed time for experts 13.1847 sec
Elapsed time for households 10.4698 sec
Iteration 154
Elapsed time for kappa 39.2725 sec
Elapsed time for experts 14.6931 sec
Elapsed time for households 11.7979 sec
Iteration 155
Elapsed time for kappa 32.5974 sec
Elapsed time for experts 13.2807 sec
Elapsed time for households 11.2358 sec
Iteration 156
Elapsed time for kappa 32.7528 sec
Elapsed time for experts 13.2241 sec
Elapsed time for households 11.3370 sec
Iteration 157
Elapsed time for kappa 32.1954 sec
Elapsed time for experts 13.6906 sec
Elapsed time for households 11.6489 sec
Iteration 158
Elapsed time for kappa 32.1972 sec
Elapsed time for experts 12.8114 sec
Elapsed time for households 10.8516 sec
Iteration 159
Elapsed time for kappa 31.8867 sec
Elapsed time for experts 12.6977 sec
Elapsed time for households 10.8392 sec
Iteration 160
Elapsed time for kappa 39.1003 sec
Elapsed time for experts 12.9299 sec
Elapsed time for households 11.7922 sec
Iteration 161
Elapsed time for kappa 32.7855 sec
Elapsed time for experts 13.7892 sec
Elapsed time for households 12.1022 sec
Iteration 162
Elapsed time for kappa 32.5030 sec
Elapsed time for experts 13.2725 sec
Elapsed time for households 11.6235 sec
Iteration 163
Elapsed time for kappa 32.3759 sec
Elapsed time for experts 14.5974 sec
Elapsed time for households 10.8669 sec
Iteration 164
Elapsed time for kappa 32.0236 sec
Elapsed time for experts 14.6405 sec
Elapsed time for households 10.6019 sec
Iteration 165
Elapsed time for kappa 31.9980 sec
Elapsed time for experts 12.2176 sec
Elapsed time for households 10.9717 sec
Iteration 166
Elapsed time for kappa 38.2477 sec
Elapsed time for experts 12.8428 sec
Elapsed time for households 10.6425 sec
Iteration 167
Elapsed time for kappa 32.5670 sec
Elapsed time for experts 13.4718 sec
Elapsed time for households 11.0273 sec
Iteration 168
Elapsed time for kappa 32.9308 sec
Elapsed time for experts 13.5073 sec
Elapsed time for households 10.8839 sec
Iteration 169
Elapsed time for kappa 33.3657 sec
Elapsed time for experts 13.2818 sec
Elapsed time for households 10.8944 sec
Iteration 170
Elapsed time for kappa 33.4812 sec
Elapsed time for experts 13.3428 sec
Elapsed time for households 11.2023 sec
Iteration 171
Elapsed time for kappa 32.6410 sec
Elapsed time for experts 18.9768 sec
Elapsed time for households 12.0106 sec
Iteration 172
Elapsed time for kappa 33.9045 sec
Elapsed time for experts 13.6451 sec
Elapsed time for households 11.2272 sec
Iteration 173
Elapsed time for kappa 33.4286 sec
Elapsed time for experts 12.1563 sec
Elapsed time for households 11.3048 sec
Iteration 174
Elapsed time for kappa 33.4001 sec
Elapsed time for experts 12.3743 sec
Elapsed time for households 11.5741 sec
Iteration 175
Elapsed time for kappa 32.6546 sec
Elapsed time for experts 12.8839 sec
Elapsed time for households 11.0915 sec
Iteration 176
Elapsed time for kappa 33.4292 sec
Elapsed time for experts 13.9472 sec
Elapsed time for households 11.1526 sec
Iteration 177
Elapsed time for kappa 33.5095 sec
Elapsed time for experts 19.4951 sec
Elapsed time for households 12.1316 sec
Iteration 178
Elapsed time for kappa 33.9934 sec
Elapsed time for experts 12.2918 sec
Elapsed time for households 10.9660 sec
Iteration 179
Elapsed time for kappa 33.0757 sec
Elapsed time for experts 13.8937 sec
Elapsed time for households 11.9629 sec
Iteration 180
Elapsed time for kappa 32.3341 sec
Elapsed time for experts 12.9609 sec
Elapsed time for households 11.6602 sec
Iteration 181
Elapsed time for kappa 31.8485 sec
Elapsed time for experts 11.9822 sec
Elapsed time for households 11.3009 sec
Iteration 182
Elapsed time for kappa 32.8394 sec
Elapsed time for experts 12.4725 sec
Elapsed time for households 10.3028 sec
Iteration 183
Elapsed time for kappa 32.6421 sec
Elapsed time for experts 19.0392 sec
Elapsed time for households 11.4846 sec
Iteration 184
Elapsed time for kappa 32.9965 sec
Elapsed time for experts 12.9940 sec
Elapsed time for households 11.8268 sec
Iteration 185
Elapsed time for kappa 33.8195 sec
Elapsed time for experts 13.6385 sec
Elapsed time for households 11.2729 sec
Iteration 186
Elapsed time for kappa 33.4964 sec
Elapsed time for experts 13.9500 sec
Elapsed time for households 10.7960 sec
Iteration 187
Elapsed time for kappa 31.8743 sec
Elapsed time for experts 13.0829 sec
Elapsed time for households 11.7957 sec
Iteration 188
Elapsed time for kappa 31.9500 sec
Elapsed time for experts 12.3281 sec
Elapsed time for households 11.1494 sec
Iteration 189
Elapsed time for kappa 31.8595 sec
Elapsed time for experts 19.2201 sec
Elapsed time for households 11.7051 sec
Iteration 190
Elapsed time for kappa 33.2149 sec
Elapsed time for experts 14.1158 sec
Elapsed time for households 11.3399 sec
Iteration 191
Elapsed time for kappa 32.8689 sec
Elapsed time for experts 13.6445 sec
Elapsed time for households 11.4435 sec
Iteration 192
Elapsed time for kappa 32.6144 sec
Elapsed time for experts 12.8649 sec
Elapsed time for households 11.3811 sec
Iteration 193
Elapsed time for kappa 32.4820 sec
Elapsed time for experts 13.8386 sec
Elapsed time for households 11.4424 sec
Iteration 194
Elapsed time for kappa 32.0664 sec
Elapsed time for experts 13.2464 sec
Elapsed time for households 10.5042 sec
Iteration 195
Elapsed time for kappa 39.4748 sec
Elapsed time for experts 13.2304 sec
Elapsed time for households 10.8576 sec
Iteration 196
Elapsed time for kappa 33.0676 sec
Elapsed time for experts 13.0494 sec
Elapsed time for households 10.7112 sec
Iteration 197
Elapsed time for kappa 32.7876 sec
Elapsed time for experts 12.3525 sec
Elapsed time for households 11.1461 sec
Iteration 198
Elapsed time for kappa 32.6546 sec
Elapsed time for experts 12.3047 sec
Elapsed time for households 10.7735 sec
Iteration 199
Elapsed time for kappa 32.5111 sec
Elapsed time for experts 13.7579 sec
Elapsed time for households 10.4827 sec
Elapsed time for training 11830.3660 sec
