Iteration 0
Elapsed time for kappa 69.3982 sec
Elapsed time for experts 19.8294 sec
Elapsed time for households 15.4317 sec
Iteration 1
Elapsed time for kappa 35.4301 sec
Elapsed time for experts 14.1195 sec
Elapsed time for households 12.6751 sec
Iteration 2
Elapsed time for kappa 33.6544 sec
Elapsed time for experts 14.0146 sec
Elapsed time for households 12.0412 sec
Iteration 3
Elapsed time for kappa 33.2689 sec
Elapsed time for experts 13.2641 sec
Elapsed time for households 12.1979 sec
Iteration 4
Elapsed time for kappa 33.2447 sec
Elapsed time for experts 12.2917 sec
Elapsed time for households 12.1867 sec
Iteration 5
Elapsed time for kappa 33.4516 sec
Elapsed time for experts 11.8450 sec
Elapsed time for households 12.1021 sec
Iteration 6
Elapsed time for kappa 33.1261 sec
Elapsed time for experts 11.9215 sec
Elapsed time for households 12.1553 sec
Iteration 7
Elapsed time for kappa 40.2391 sec
Elapsed time for experts 12.9199 sec
Elapsed time for households 11.4130 sec
Iteration 8
Elapsed time for kappa 33.1532 sec
Elapsed time for experts 12.6739 sec
Elapsed time for households 12.7699 sec
Iteration 9
Elapsed time for kappa 33.2116 sec
Elapsed time for experts 12.5189 sec
Elapsed time for households 11.0829 sec
Iteration 10
Elapsed time for kappa 32.8413 sec
Elapsed time for experts 11.8508 sec
Elapsed time for households 12.2598 sec
Iteration 11
Elapsed time for kappa 33.2248 sec
Elapsed time for experts 12.1761 sec
Elapsed time for households 10.6614 sec
Iteration 12
Elapsed time for kappa 33.0128 sec
Elapsed time for experts 11.8622 sec
Elapsed time for households 16.7444 sec
Iteration 13
Elapsed time for kappa 33.3830 sec
Elapsed time for experts 12.8195 sec
Elapsed time for households 10.3179 sec
Iteration 14
Elapsed time for kappa 32.9992 sec
Elapsed time for experts 12.4905 sec
Elapsed time for households 10.5403 sec
Iteration 15
Elapsed time for kappa 32.5968 sec
Elapsed time for experts 11.6862 sec
Elapsed time for households 10.2729 sec
Iteration 16
Elapsed time for kappa 33.0304 sec
Elapsed time for experts 11.9097 sec
Elapsed time for households 10.3069 sec
Iteration 17
Elapsed time for kappa 33.3414 sec
Elapsed time for experts 11.9645 sec
Elapsed time for households 10.2688 sec
Iteration 18
Elapsed time for kappa 32.8403 sec
Elapsed time for experts 11.5980 sec
Elapsed time for households 17.0774 sec
Iteration 19
Elapsed time for kappa 32.6330 sec
Elapsed time for experts 11.8227 sec
Elapsed time for households 10.6382 sec
Iteration 20
Elapsed time for kappa 32.8342 sec
Elapsed time for experts 12.0828 sec
Elapsed time for households 10.6521 sec
Iteration 21
Elapsed time for kappa 32.6444 sec
Elapsed time for experts 12.0242 sec
Elapsed time for households 10.4794 sec
Iteration 22
Elapsed time for kappa 32.8960 sec
Elapsed time for experts 11.9222 sec
Elapsed time for households 10.4974 sec
Iteration 23
Elapsed time for kappa 32.5109 sec
Elapsed time for experts 11.9516 sec
Elapsed time for households 10.6699 sec
Iteration 24
Elapsed time for kappa 32.8071 sec
Elapsed time for experts 18.5305 sec
Elapsed time for households 10.4614 sec
Iteration 25
Elapsed time for kappa 32.7259 sec
Elapsed time for experts 11.5660 sec
Elapsed time for households 10.2236 sec
Iteration 26
Elapsed time for kappa 32.4732 sec
Elapsed time for experts 11.5796 sec
Elapsed time for households 10.6299 sec
Iteration 27
Elapsed time for kappa 32.9192 sec
Elapsed time for experts 11.7469 sec
Elapsed time for households 10.1710 sec
Iteration 28
Elapsed time for kappa 32.6417 sec
Elapsed time for experts 11.9756 sec
Elapsed time for households 10.4977 sec
Iteration 29
Elapsed time for kappa 32.7869 sec
Elapsed time for experts 11.9373 sec
Elapsed time for households 10.4957 sec
Iteration 30
Elapsed time for kappa 33.3240 sec
Elapsed time for experts 18.2889 sec
Elapsed time for households 10.3944 sec
Iteration 31
Elapsed time for kappa 33.4357 sec
Elapsed time for experts 11.7552 sec
Elapsed time for households 11.0409 sec
Iteration 32
Elapsed time for kappa 33.6319 sec
Elapsed time for experts 11.9460 sec
Elapsed time for households 10.5662 sec
Iteration 33
Elapsed time for kappa 32.5924 sec
Elapsed time for experts 11.9573 sec
Elapsed time for households 10.7719 sec
Iteration 34
Elapsed time for kappa 32.9687 sec
Elapsed time for experts 11.8121 sec
Elapsed time for households 10.2243 sec
Iteration 35
Elapsed time for kappa 32.6824 sec
Elapsed time for experts 11.8079 sec
Elapsed time for households 10.3060 sec
Iteration 36
Elapsed time for kappa 33.2622 sec
Elapsed time for experts 18.4696 sec
Elapsed time for households 11.1336 sec
Iteration 37
Elapsed time for kappa 32.9890 sec
Elapsed time for experts 11.8225 sec
Elapsed time for households 10.9551 sec
Iteration 38
Elapsed time for kappa 33.1463 sec
Elapsed time for experts 12.1030 sec
Elapsed time for households 10.5466 sec
Iteration 39
Elapsed time for kappa 32.8114 sec
Elapsed time for experts 11.8888 sec
Elapsed time for households 10.4338 sec
Iteration 40
Elapsed time for kappa 32.9666 sec
Elapsed time for experts 12.1830 sec
Elapsed time for households 10.8947 sec
Iteration 41
Elapsed time for kappa 32.9166 sec
Elapsed time for experts 11.8916 sec
Elapsed time for households 10.6217 sec
Iteration 42
Elapsed time for kappa 38.5963 sec
Elapsed time for experts 12.0281 sec
Elapsed time for households 10.1495 sec
Iteration 43
Elapsed time for kappa 32.4254 sec
Elapsed time for experts 11.8686 sec
Elapsed time for households 10.2873 sec
Iteration 44
Elapsed time for kappa 32.5857 sec
Elapsed time for experts 11.8313 sec
Elapsed time for households 10.7446 sec
Iteration 45
Elapsed time for kappa 32.3775 sec
Elapsed time for experts 11.8777 sec
Elapsed time for households 10.6308 sec
Iteration 46
Elapsed time for kappa 33.2101 sec
Elapsed time for experts 11.8633 sec
Elapsed time for households 10.0839 sec
Iteration 47
Elapsed time for kappa 32.8535 sec
Elapsed time for experts 11.6967 sec
Elapsed time for households 10.2850 sec
Iteration 48
Elapsed time for kappa 38.6166 sec
Elapsed time for experts 11.5787 sec
Elapsed time for households 10.2327 sec
Iteration 49
Elapsed time for kappa 32.8601 sec
Elapsed time for experts 11.8541 sec
Elapsed time for households 10.3160 sec
Iteration 50
Elapsed time for kappa 32.7053 sec
Elapsed time for experts 11.4895 sec
Elapsed time for households 10.4007 sec
Iteration 51
Elapsed time for kappa 32.2907 sec
Elapsed time for experts 11.8179 sec
Elapsed time for households 10.0189 sec
Iteration 52
Elapsed time for kappa 32.4553 sec
Elapsed time for experts 11.6980 sec
Elapsed time for households 10.8073 sec
Iteration 53
Elapsed time for kappa 32.8092 sec
Elapsed time for experts 11.9089 sec
Elapsed time for households 10.1567 sec
Iteration 54
Elapsed time for kappa 38.6689 sec
Elapsed time for experts 12.0163 sec
Elapsed time for households 10.2862 sec
Iteration 55
Elapsed time for kappa 32.1551 sec
Elapsed time for experts 11.6140 sec
Elapsed time for households 10.0667 sec
Iteration 56
Elapsed time for kappa 32.5709 sec
Elapsed time for experts 12.3688 sec
Elapsed time for households 10.0492 sec
Iteration 57
Elapsed time for kappa 31.8050 sec
Elapsed time for experts 11.7060 sec
Elapsed time for households 10.4719 sec
Iteration 58
Elapsed time for kappa 32.4450 sec
Elapsed time for experts 11.6270 sec
Elapsed time for households 10.2450 sec
Iteration 59
Elapsed time for kappa 32.3959 sec
Elapsed time for experts 11.7177 sec
Elapsed time for households 11.5773 sec
Iteration 60
Elapsed time for kappa 38.0767 sec
Elapsed time for experts 11.6849 sec
Elapsed time for households 10.8660 sec
Iteration 61
Elapsed time for kappa 32.2551 sec
Elapsed time for experts 11.8103 sec
Elapsed time for households 10.2405 sec
Iteration 62
Elapsed time for kappa 32.3261 sec
Elapsed time for experts 11.6759 sec
Elapsed time for households 10.9009 sec
Iteration 63
Elapsed time for kappa 32.3233 sec
Elapsed time for experts 11.6850 sec
Elapsed time for households 10.1779 sec
Iteration 64
Elapsed time for kappa 31.9735 sec
Elapsed time for experts 11.4986 sec
Elapsed time for households 10.0406 sec
Iteration 65
Elapsed time for kappa 31.4397 sec
Elapsed time for experts 11.1808 sec
Elapsed time for households 16.2721 sec
Iteration 66
Elapsed time for kappa 31.7679 sec
Elapsed time for experts 11.8155 sec
Elapsed time for households 10.1275 sec
Iteration 67
Elapsed time for kappa 31.9589 sec
Elapsed time for experts 11.3879 sec
Elapsed time for households 10.6450 sec
Iteration 68
Elapsed time for kappa 31.6252 sec
Elapsed time for experts 11.5390 sec
Elapsed time for households 10.9550 sec
Iteration 69
Elapsed time for kappa 31.4497 sec
Elapsed time for experts 11.3896 sec
Elapsed time for households 10.2140 sec
Iteration 70
Elapsed time for kappa 31.7745 sec
Elapsed time for experts 11.4080 sec
Elapsed time for households 10.1505 sec
Iteration 71
Elapsed time for kappa 32.2753 sec
Elapsed time for experts 18.3709 sec
Elapsed time for households 10.5316 sec
Iteration 72
Elapsed time for kappa 32.2780 sec
Elapsed time for experts 11.6943 sec
Elapsed time for households 10.8203 sec
Iteration 73
Elapsed time for kappa 32.4375 sec
Elapsed time for experts 11.7364 sec
Elapsed time for households 10.2968 sec
Iteration 74
Elapsed time for kappa 31.7778 sec
Elapsed time for experts 11.4134 sec
Elapsed time for households 11.1003 sec
Iteration 75
Elapsed time for kappa 31.5193 sec
Elapsed time for experts 11.6286 sec
Elapsed time for households 10.1942 sec
Iteration 76
Elapsed time for kappa 31.9889 sec
Elapsed time for experts 11.7365 sec
Elapsed time for households 10.3988 sec
Iteration 77
Elapsed time for kappa 31.8989 sec
Elapsed time for experts 17.6270 sec
Elapsed time for households 10.3430 sec
Iteration 78
Elapsed time for kappa 32.1275 sec
Elapsed time for experts 11.7223 sec
Elapsed time for households 10.2337 sec
Iteration 79
Elapsed time for kappa 31.8250 sec
Elapsed time for experts 11.2773 sec
Elapsed time for households 10.0247 sec
Iteration 80
Elapsed time for kappa 31.5036 sec
Elapsed time for experts 11.2957 sec
Elapsed time for households 10.5357 sec
Iteration 81
Elapsed time for kappa 31.8044 sec
Elapsed time for experts 11.7534 sec
Elapsed time for households 10.2427 sec
Iteration 82
Elapsed time for kappa 31.2127 sec
Elapsed time for experts 11.6346 sec
Elapsed time for households 10.2347 sec
Iteration 83
Elapsed time for kappa 30.7098 sec
Elapsed time for experts 17.2238 sec
Elapsed time for households 10.4891 sec
Iteration 84
Elapsed time for kappa 31.2842 sec
Elapsed time for experts 11.5274 sec
Elapsed time for households 10.1881 sec
Iteration 85
Elapsed time for kappa 31.3172 sec
Elapsed time for experts 11.2365 sec
Elapsed time for households 10.0100 sec
Iteration 86
Elapsed time for kappa 30.9497 sec
Elapsed time for experts 11.8938 sec
Elapsed time for households 9.7729 sec
Iteration 87
Elapsed time for kappa 30.6010 sec
Elapsed time for experts 10.9823 sec
Elapsed time for households 10.0915 sec
Iteration 88
Elapsed time for kappa 30.5719 sec
Elapsed time for experts 11.1501 sec
Elapsed time for households 9.7530 sec
Iteration 89
Elapsed time for kappa 31.0167 sec
Elapsed time for experts 17.5400 sec
Elapsed time for households 9.9310 sec
Iteration 90
Elapsed time for kappa 30.8357 sec
Elapsed time for experts 11.2539 sec
Elapsed time for households 9.7289 sec
Iteration 91
Elapsed time for kappa 30.4669 sec
Elapsed time for experts 10.9959 sec
Elapsed time for households 10.0917 sec
Iteration 92
Elapsed time for kappa 30.4662 sec
Elapsed time for experts 10.8652 sec
Elapsed time for households 9.8924 sec
Iteration 93
Elapsed time for kappa 30.1301 sec
Elapsed time for experts 10.8674 sec
Elapsed time for households 9.6120 sec
Iteration 94
Elapsed time for kappa 30.0363 sec
Elapsed time for experts 11.1254 sec
Elapsed time for households 9.6544 sec
Iteration 95
Elapsed time for kappa 36.7263 sec
Elapsed time for experts 11.5374 sec
Elapsed time for households 10.2705 sec
Iteration 96
Elapsed time for kappa 30.0847 sec
Elapsed time for experts 11.1511 sec
Elapsed time for households 10.0889 sec
Iteration 97
Elapsed time for kappa 30.0562 sec
Elapsed time for experts 11.0791 sec
Elapsed time for households 9.8757 sec
Iteration 98
Elapsed time for kappa 30.2522 sec
Elapsed time for experts 11.1421 sec
Elapsed time for households 10.0288 sec
Iteration 99
Elapsed time for kappa 30.2277 sec
Elapsed time for experts 10.8698 sec
Elapsed time for households 9.4948 sec
Iteration 100
Elapsed time for kappa 30.0052 sec
Elapsed time for experts 10.7251 sec
Elapsed time for households 9.6260 sec
Iteration 101
Elapsed time for kappa 36.5138 sec
Elapsed time for experts 11.4424 sec
Elapsed time for households 9.8335 sec
Iteration 102
Elapsed time for kappa 30.3266 sec
Elapsed time for experts 11.5141 sec
Elapsed time for households 10.2576 sec
Iteration 103
Elapsed time for kappa 30.0137 sec
Elapsed time for experts 10.8068 sec
Elapsed time for households 9.7146 sec
Iteration 104
Elapsed time for kappa 29.8323 sec
Elapsed time for experts 11.1753 sec
Elapsed time for households 9.7814 sec
Iteration 105
Elapsed time for kappa 29.8015 sec
Elapsed time for experts 11.0066 sec
Elapsed time for households 9.6171 sec
Iteration 106
Elapsed time for kappa 30.3977 sec
Elapsed time for experts 10.9029 sec
Elapsed time for households 9.8093 sec
Iteration 107
Elapsed time for kappa 37.4076 sec
Elapsed time for experts 11.8405 sec
Elapsed time for households 9.9317 sec
Iteration 108
Elapsed time for kappa 30.3242 sec
Elapsed time for experts 11.0632 sec
Elapsed time for households 9.8801 sec
Iteration 109
Elapsed time for kappa 30.2092 sec
Elapsed time for experts 10.8582 sec
Elapsed time for households 9.8886 sec
Iteration 110
Elapsed time for kappa 30.0397 sec
Elapsed time for experts 10.7810 sec
Elapsed time for households 9.5540 sec
Iteration 111
Elapsed time for kappa 30.3017 sec
Elapsed time for experts 11.1142 sec
Elapsed time for households 9.4465 sec
Iteration 112
Elapsed time for kappa 29.8154 sec
Elapsed time for experts 10.9167 sec
Elapsed time for households 9.7716 sec
Iteration 113
Elapsed time for kappa 36.4877 sec
Elapsed time for experts 11.4445 sec
Elapsed time for households 9.6792 sec
Iteration 114
Elapsed time for kappa 30.3970 sec
Elapsed time for experts 11.2815 sec
Elapsed time for households 9.7889 sec
Iteration 115
Elapsed time for kappa 30.2435 sec
Elapsed time for experts 11.7566 sec
Elapsed time for households 9.8671 sec
Iteration 116
Elapsed time for kappa 30.1395 sec
Elapsed time for experts 11.0782 sec
Elapsed time for households 9.8370 sec
Iteration 117
Elapsed time for kappa 29.9480 sec
Elapsed time for experts 10.8739 sec
Elapsed time for households 9.5102 sec
Iteration 118
Elapsed time for kappa 29.8609 sec
Elapsed time for experts 11.0673 sec
Elapsed time for households 14.8808 sec
Iteration 119
Elapsed time for kappa 30.9190 sec
Elapsed time for experts 11.3216 sec
Elapsed time for households 9.6247 sec
Iteration 120
Elapsed time for kappa 30.3106 sec
Elapsed time for experts 11.2205 sec
Elapsed time for households 9.7747 sec
Iteration 121
Elapsed time for kappa 29.9954 sec
Elapsed time for experts 10.8882 sec
Elapsed time for households 9.8359 sec
Iteration 122
Elapsed time for kappa 30.0583 sec
Elapsed time for experts 10.8788 sec
Elapsed time for households 9.6825 sec
Iteration 123
Elapsed time for kappa 30.2230 sec
Elapsed time for experts 10.9898 sec
Elapsed time for households 9.6474 sec
Iteration 124
Elapsed time for kappa 30.0338 sec
Elapsed time for experts 11.0976 sec
Elapsed time for households 15.6343 sec
Iteration 125
Elapsed time for kappa 31.0901 sec
Elapsed time for experts 11.6033 sec
Elapsed time for households 9.8484 sec
Iteration 126
Elapsed time for kappa 30.4048 sec
Elapsed time for experts 11.4433 sec
Elapsed time for households 9.8394 sec
Iteration 127
Elapsed time for kappa 30.0171 sec
Elapsed time for experts 11.3605 sec
Elapsed time for households 9.8744 sec
Iteration 128
Elapsed time for kappa 30.3143 sec
Elapsed time for experts 11.0377 sec
Elapsed time for households 9.8057 sec
Iteration 129
Elapsed time for kappa 30.0810 sec
Elapsed time for experts 10.8683 sec
Elapsed time for households 9.7019 sec
Iteration 130
Elapsed time for kappa 29.8886 sec
Elapsed time for experts 11.1198 sec
Elapsed time for households 15.4387 sec
Iteration 131
Elapsed time for kappa 30.8907 sec
Elapsed time for experts 11.3178 sec
Elapsed time for households 10.1934 sec
Iteration 132
Elapsed time for kappa 30.2210 sec
Elapsed time for experts 11.1817 sec
Elapsed time for households 9.9121 sec
Iteration 133
Elapsed time for kappa 30.0887 sec
Elapsed time for experts 11.2388 sec
Elapsed time for households 10.0127 sec
Iteration 134
Elapsed time for kappa 30.1407 sec
Elapsed time for experts 11.0198 sec
Elapsed time for households 9.5258 sec
Iteration 135
Elapsed time for kappa 30.1389 sec
Elapsed time for experts 10.9078 sec
Elapsed time for households 9.6474 sec
Iteration 136
Elapsed time for kappa 30.1350 sec
Elapsed time for experts 17.0475 sec
Elapsed time for households 10.5340 sec
Iteration 137
Elapsed time for kappa 30.8719 sec
Elapsed time for experts 11.0666 sec
Elapsed time for households 10.1503 sec
Iteration 138
Elapsed time for kappa 30.2559 sec
Elapsed time for experts 11.0640 sec
Elapsed time for households 9.5942 sec
Iteration 139
Elapsed time for kappa 30.0216 sec
Elapsed time for experts 11.6981 sec
Elapsed time for households 9.8871 sec
Iteration 140
Elapsed time for kappa 30.4779 sec
Elapsed time for experts 11.3690 sec
Elapsed time for households 9.5793 sec
Iteration 141
Elapsed time for kappa 30.7898 sec
Elapsed time for experts 11.0888 sec
Elapsed time for households 9.8163 sec
Iteration 142
Elapsed time for kappa 30.1484 sec
Elapsed time for experts 16.6895 sec
Elapsed time for households 10.3239 sec
Iteration 143
Elapsed time for kappa 30.8791 sec
Elapsed time for experts 11.4416 sec
Elapsed time for households 10.1625 sec
Iteration 144
Elapsed time for kappa 30.7131 sec
Elapsed time for experts 10.9833 sec
Elapsed time for households 9.8848 sec
Iteration 145
Elapsed time for kappa 29.9808 sec
Elapsed time for experts 11.0115 sec
Elapsed time for households 10.1834 sec
Iteration 146
Elapsed time for kappa 30.1360 sec
Elapsed time for experts 11.5547 sec
Elapsed time for households 9.5390 sec
Iteration 147
Elapsed time for kappa 29.8141 sec
Elapsed time for experts 10.9474 sec
Elapsed time for households 9.7510 sec
Iteration 148
Elapsed time for kappa 30.0037 sec
Elapsed time for experts 16.8559 sec
Elapsed time for households 9.9295 sec
Iteration 149
Elapsed time for kappa 30.6966 sec
Elapsed time for experts 11.3638 sec
Elapsed time for households 9.6683 sec
Iteration 150
Elapsed time for kappa 30.5699 sec
Elapsed time for experts 11.1817 sec
Elapsed time for households 9.8876 sec
Iteration 151
Elapsed time for kappa 30.0511 sec
Elapsed time for experts 11.1464 sec
Elapsed time for households 9.8341 sec
Iteration 152
Elapsed time for kappa 30.0236 sec
Elapsed time for experts 11.4939 sec
Elapsed time for households 9.7146 sec
Iteration 153
Elapsed time for kappa 30.3507 sec
Elapsed time for experts 10.9511 sec
Elapsed time for households 9.8440 sec
Iteration 154
Elapsed time for kappa 30.5430 sec
Elapsed time for experts 16.8279 sec
Elapsed time for households 10.4253 sec
Iteration 155
Elapsed time for kappa 30.5764 sec
Elapsed time for experts 11.2402 sec
Elapsed time for households 9.7947 sec
Iteration 156
Elapsed time for kappa 30.6498 sec
Elapsed time for experts 11.1122 sec
Elapsed time for households 9.7502 sec
Iteration 157
Elapsed time for kappa 30.2584 sec
Elapsed time for experts 11.4179 sec
Elapsed time for households 9.6970 sec
Iteration 158
Elapsed time for kappa 30.1321 sec
Elapsed time for experts 10.8867 sec
Elapsed time for households 9.7340 sec
Iteration 159
Elapsed time for kappa 29.9255 sec
Elapsed time for experts 11.1147 sec
Elapsed time for households 10.0566 sec
Iteration 160
Elapsed time for kappa 36.5604 sec
Elapsed time for experts 11.7722 sec
Elapsed time for households 9.9965 sec
Iteration 161
Elapsed time for kappa 30.4389 sec
Elapsed time for experts 11.2379 sec
Elapsed time for households 9.6827 sec
Iteration 162
Elapsed time for kappa 29.9933 sec
Elapsed time for experts 11.1617 sec
Elapsed time for households 9.9793 sec
Iteration 163
Elapsed time for kappa 30.3151 sec
Elapsed time for experts 11.3078 sec
Elapsed time for households 9.6487 sec
Iteration 164
Elapsed time for kappa 30.0572 sec
Elapsed time for experts 10.8694 sec
Elapsed time for households 9.7426 sec
Iteration 165
Elapsed time for kappa 29.7253 sec
Elapsed time for experts 11.4237 sec
Elapsed time for households 9.7237 sec
Iteration 166
Elapsed time for kappa 36.6423 sec
Elapsed time for experts 11.7728 sec
Elapsed time for households 9.8348 sec
Iteration 167
Elapsed time for kappa 30.5055 sec
Elapsed time for experts 11.0960 sec
Elapsed time for households 9.6209 sec
Iteration 168
Elapsed time for kappa 30.0581 sec
Elapsed time for experts 10.9713 sec
Elapsed time for households 9.6427 sec
Iteration 169
Elapsed time for kappa 30.0727 sec
Elapsed time for experts 11.0794 sec
Elapsed time for households 9.6221 sec
Iteration 170
Elapsed time for kappa 30.0955 sec
Elapsed time for experts 10.9492 sec
Elapsed time for households 9.8762 sec
Iteration 171
Elapsed time for kappa 30.4259 sec
Elapsed time for experts 11.0365 sec
Elapsed time for households 9.8500 sec
Iteration 172
Elapsed time for kappa 36.7554 sec
Elapsed time for experts 11.4200 sec
Elapsed time for households 10.0531 sec
Iteration 173
Elapsed time for kappa 30.6284 sec
Elapsed time for experts 11.1507 sec
Elapsed time for households 9.9346 sec
Iteration 174
Elapsed time for kappa 30.1440 sec
Elapsed time for experts 11.3314 sec
Elapsed time for households 9.6134 sec
Iteration 175
Elapsed time for kappa 30.7941 sec
Elapsed time for experts 11.5299 sec
Elapsed time for households 10.4626 sec
Iteration 176
Elapsed time for kappa 30.0815 sec
Elapsed time for experts 10.8273 sec
Elapsed time for households 9.5270 sec
Iteration 177
Elapsed time for kappa 30.1383 sec
Elapsed time for experts 11.0181 sec
Elapsed time for households 9.8629 sec
Iteration 178
Elapsed time for kappa 36.8463 sec
Elapsed time for experts 11.4792 sec
Elapsed time for households 10.2389 sec
Iteration 179
Elapsed time for kappa 30.4486 sec
Elapsed time for experts 11.2149 sec
Elapsed time for households 9.6421 sec
Iteration 180
Elapsed time for kappa 30.1257 sec
Elapsed time for experts 11.0844 sec
Elapsed time for households 9.6692 sec
Iteration 181
Elapsed time for kappa 30.2394 sec
Elapsed time for experts 11.1326 sec
Elapsed time for households 9.5276 sec
Iteration 182
Elapsed time for kappa 30.2799 sec
Elapsed time for experts 10.9574 sec
Elapsed time for households 10.0161 sec
Iteration 183
Elapsed time for kappa 29.8757 sec
Elapsed time for experts 10.8976 sec
Elapsed time for households 15.0545 sec
Iteration 184
Elapsed time for kappa 31.2326 sec
Elapsed time for experts 11.4726 sec
Elapsed time for households 10.2709 sec
Iteration 185
Elapsed time for kappa 30.2225 sec
Elapsed time for experts 11.3061 sec
Elapsed time for households 10.0663 sec
Iteration 186
Elapsed time for kappa 30.2535 sec
Elapsed time for experts 11.0608 sec
Elapsed time for households 9.8791 sec
Iteration 187
Elapsed time for kappa 30.2669 sec
Elapsed time for experts 10.9689 sec
Elapsed time for households 9.7263 sec
Iteration 188
Elapsed time for kappa 29.7956 sec
Elapsed time for experts 10.8594 sec
Elapsed time for households 9.5971 sec
Iteration 189
Elapsed time for kappa 29.9630 sec
Elapsed time for experts 10.8452 sec
Elapsed time for households 15.6517 sec
Iteration 190
Elapsed time for kappa 30.9766 sec
Elapsed time for experts 11.2289 sec
Elapsed time for households 9.8214 sec
Iteration 191
Elapsed time for kappa 30.5262 sec
Elapsed time for experts 11.0494 sec
Elapsed time for households 9.8446 sec
Iteration 192
Elapsed time for kappa 30.2241 sec
Elapsed time for experts 10.9986 sec
Elapsed time for households 9.5916 sec
Iteration 193
Elapsed time for kappa 30.1087 sec
Elapsed time for experts 11.0505 sec
Elapsed time for households 9.6468 sec
Iteration 194
Elapsed time for kappa 30.3982 sec
Elapsed time for experts 10.9888 sec
Elapsed time for households 9.7727 sec
Iteration 195
Elapsed time for kappa 30.1409 sec
Elapsed time for experts 10.8691 sec
Elapsed time for households 15.9211 sec
Iteration 196
Elapsed time for kappa 31.1913 sec
Elapsed time for experts 11.1556 sec
Elapsed time for households 10.2360 sec
Iteration 197
Elapsed time for kappa 30.5950 sec
Elapsed time for experts 11.0601 sec
Elapsed time for households 9.8000 sec
Iteration 198
Elapsed time for kappa 30.6593 sec
Elapsed time for experts 11.0864 sec
Elapsed time for households 9.7800 sec
Iteration 199
Elapsed time for kappa 30.2683 sec
Elapsed time for experts 11.1630 sec
Elapsed time for households 9.8032 sec
Elapsed time for training 10846.2727 sec
90000 90000 90000 90000
