2022-09-24 14:19:54.583714: I tensorflow/core/platform/cpu_feature_guard.cc:151] This TensorFlow binary is optimized with oneAPI Deep Neural Network Library (oneDNN) to use the following CPU instructions in performance-critical operations:  AVX2 FMA
To enable them in other operations, rebuild TensorFlow with the appropriate compiler flags.
2022-09-24 14:19:55.363268: I tensorflow/core/common_runtime/gpu/gpu_device.cc:1525] Created device /job:localhost/replica:0/task:0/device:GPU:0 with 10794 MB memory:  -> device: 0, name: Tesla K80, pci bus id: 0000:83:00.0, compute capability: 3.7
Iter: 1 loss: 0.15283417701721191
Iter: 2 loss: 0.0012088847579434514
Iter: 3 loss: 0.0011217477731406689
Iter: 4 loss: 0.00084103207336738706
Iter: 5 loss: 0.00049242947716265917
Iter: 6 loss: 0.00039188651135191321
Iter: 7 loss: 0.00035378156462684274
Iter: 8 loss: 0.00034199372748844326
Iter: 9 loss: 0.00033188244560733438
Iter: 10 loss: 0.00030460956622846425
Iter: 11 loss: 0.0044574253261089325
Iter: 12 loss: 0.00025293446378782392
Iter: 13 loss: 0.0002438052324578166
Iter: 14 loss: 0.00020867391140200198
Iter: 15 loss: 0.000137972179800272
Iter: 16 loss: 0.00014129515329841524
Iter: 17 loss: 0.00013180036330595613
Iter: 18 loss: 0.00012746202992275357
Iter: 19 loss: 0.00012534078268799931
Iter: 20 loss: 0.00012403032451402396
Iter: 21 loss: 0.00012060416338499635
Iter: 22 loss: 0.00011451258615124971
Iter: 23 loss: 0.00010605472198221833
Iter: 24 loss: 8.0514888395555317e-05
Iter: 25 loss: 0.13045890629291534
Iter: 26 loss: 8.028087904676795e-05
Iter: 27 loss: 0.050014626234769821
Iter: 28 loss: 7.8825891250744462e-05
Iter: 29 loss: 8.6816646216902882e-05
Iter: 30 loss: 5.6568678701296449e-05
Iter: 31 loss: 0.024173282086849213
Iter: 32 loss: 5.5268243158934638e-05
Iter: 33 loss: 4.9012200179276988e-05
Iter: 34 loss: 0.00017568882321938872
Iter: 35 loss: 3.7921432522125542e-05
Iter: 36 loss: 3.6797493521589786e-05
Iter: 37 loss: 3.5636898246593773e-05
Iter: 38 loss: 3.4566262911539525e-05
Iter: 39 loss: 3.4183798561571166e-05
Iter: 40 loss: 3.405162351555191e-05
Iter: 41 loss: 3.3237945899600163e-05
Iter: 42 loss: 0.00011596166586969048
Iter: 43 loss: 3.1177667551673949e-05
Iter: 44 loss: 4.0177743358071893e-05
Iter: 45 loss: 2.98724935419159e-05
Iter: 46 loss: 2.8232723707333207e-05
Iter: 47 loss: 2.6438516215421259e-05
Iter: 48 loss: 2.5643303160904907e-05
Iter: 49 loss: 2.490231599949766e-05
Iter: 50 loss: 2.3805516320862807e-05
Iter: 51 loss: 2.2995667677605525e-05
Iter: 52 loss: 2.2418074877350591e-05
Iter: 53 loss: 2.209636295447126e-05
Iter: 54 loss: 2.1617815946228802e-05
Iter: 55 loss: 2.1401523554231972e-05
Iter: 56 loss: 2.1258478227537125e-05
Iter: 57 loss: 1.994125523196999e-05
Iter: 58 loss: 1.8702558008953929e-05
Iter: 59 loss: 1.874644476629328e-05
Iter: 60 loss: 1.6850495740072802e-05
Iter: 61 loss: 1.5973417248460464e-05
Iter: 62 loss: 1.3960671822133008e-05
Iter: 63 loss: 1.3076455616101157e-05
Iter: 64 loss: 1.207839886774309e-05
Iter: 65 loss: 1.1514966899994761e-05
Iter: 66 loss: 1.1025314051948953e-05
Iter: 67 loss: 1.0544221368036233e-05
Iter: 68 loss: 1.0112208656209987e-05
Iter: 69 loss: 9.6505164037807845e-06
Iter: 70 loss: 9.3180742624099366e-06
Iter: 71 loss: 9.0993098638136871e-06
Iter: 72 loss: 8.6019608716014773e-06
Iter: 73 loss: 8.2137830759165809e-06
Iter: 74 loss: 1.3237066923466045e-05
Iter: 75 loss: 7.5536268013820518e-06
Iter: 76 loss: 1.1355707101756707e-05
Iter: 77 loss: 7.0168875936360564e-06
Iter: 78 loss: 6.4373380155302584e-06
Iter: 79 loss: 5.7564070630178321e-06
Iter: 80 loss: 5.3710291467723437e-06
Iter: 81 loss: 5.2063683142478112e-06
Iter: 82 loss: 4.9310533540847246e-06
Iter: 83 loss: 4.640325641958043e-06
Iter: 84 loss: 4.4020071072736755e-06
Iter: 85 loss: 4.3293343878758606e-06
Iter: 86 loss: 4.3194031604798511e-06
Iter: 87 loss: 4.310972144594416e-06
Iter: 88 loss: 4.2861702240770683e-06
Iter: 89 loss: 4.1915632209565956e-06
Iter: 90 loss: 4.0396926124230959e-06
Iter: 91 loss: 3.8427297113230452e-06
Iter: 92 loss: 3.5359635148779489e-06
Iter: 93 loss: 3.419218273847946e-06
Iter: 94 loss: 3.3996209367614938e-06
Iter: 95 loss: 3.3907551824086113e-06
Iter: 96 loss: 3.3573671771591762e-06
Iter: 97 loss: 3.3349142540828325e-06
Iter: 98 loss: 3.2412149266747292e-06
Iter: 99 loss: 3.5172831758245593e-06
Iter: 100 loss: 3.1599306566931773e-06
Iter: 101 loss: 2.9361140150285792e-06
Iter: 102 loss: 2.6576126401778311e-06
Iter: 103 loss: 0.00012210269051138312
Iter: 104 loss: 2.9250663828861434e-06
Iter: 105 loss: 2.6092673124367138e-06
Iter: 106 loss: 2.5930635274562519e-06
Iter: 107 loss: 2.5110443857556675e-06
Iter: 108 loss: 2.3459160729544237e-06
Iter: 109 loss: 2.4790724637568928e-06
Iter: 110 loss: 2.2812118913861923e-06
Iter: 111 loss: 2.2480762709164992e-06
Iter: 112 loss: 2.231851340184221e-06
Iter: 113 loss: 2.2147175968711963e-06
Iter: 114 loss: 2.1990356344758766e-06
Iter: 115 loss: 2.157604740204988e-06
Iter: 116 loss: 2.1097782791912323e-06
Iter: 117 loss: 2.0715910977742169e-06
Iter: 118 loss: 2.0388165467011277e-06
Iter: 119 loss: 2.02676255867118e-06
Iter: 120 loss: 2.0169518393231556e-06
Iter: 121 loss: 1.9552892354113283e-06
Iter: 122 loss: 2.2398962755687535e-06
Iter: 123 loss: 1.8709058622334851e-06
Iter: 124 loss: 2.3017100829747505e-06
Iter: 125 loss: 1.8132571995010949e-06
Iter: 126 loss: 1.7783099792723078e-06
Iter: 127 loss: 1.7608008420211263e-06
Iter: 128 loss: 1.684106109678396e-06
Iter: 129 loss: 1.6778762983449269e-06
Iter: 130 loss: 1.6607096995358006e-06
Iter: 131 loss: 1.6710034742573043e-06
Iter: 132 loss: 1.6464538248328608e-06
Iter: 133 loss: 1.6311009858327452e-06
Iter: 134 loss: 1.6215291225307737e-06
Iter: 135 loss: 1.6154891682162997e-06
Iter: 136 loss: 1.6103556390589802e-06
Iter: 137 loss: 1.6045066786318785e-06
Iter: 138 loss: 1.5945163340802537e-06
Iter: 139 loss: 1.569865503370238e-06
Iter: 140 loss: 1.5499371102123405e-06
Iter: 141 loss: 1.5126826156119932e-06
Iter: 142 loss: 1.4965694390411954e-06
Iter: 143 loss: 1.4780372339373571e-06
Iter: 144 loss: 1.469744688620267e-06
Iter: 145 loss: 1.4564501498171012e-06
Iter: 146 loss: 1.4275383364292793e-06
Iter: 147 loss: 1.324872187069559e-06
Iter: 148 loss: 1.2427304909579107e-06
Iter: 149 loss: 1.1993743100902066e-06
Iter: 150 loss: 1.2095521242372342e-06
Iter: 151 loss: 1.1783268973886152e-06
Iter: 152 loss: 1.159444650511432e-06
Iter: 153 loss: 1.1382375078028417e-06
Iter: 154 loss: 1.1182632988493424e-06
Iter: 155 loss: 1.0941254231511266e-06
Iter: 156 loss: 1.0832546877281857e-06
Iter: 157 loss: 1.0726471373345703e-06
Iter: 158 loss: 1.0464959814271424e-06
Iter: 159 loss: 1.0220762760582147e-06
Iter: 160 loss: 9.4502206593460869e-07
Iter: 161 loss: 8.47292199068761e-07
Iter: 162 loss: 8.2083420238632243e-07
Iter: 163 loss: 7.363211125266389e-07
Iter: 164 loss: 7.0667618956576916e-07
Iter: 165 loss: 6.92476419317245e-07
Iter: 166 loss: 6.7944461079605389e-07
Iter: 167 loss: 6.7543294335337123e-07
Iter: 168 loss: 6.699138452859188e-07
Iter: 169 loss: 6.6083305227948586e-07
Iter: 170 loss: 6.4909738739515888e-07
Iter: 171 loss: 6.3271886574511882e-07
Iter: 172 loss: 6.1605493328897865e-07
Iter: 173 loss: 5.9297661891832831e-07
Iter: 174 loss: 5.8444021533432533e-07
Iter: 175 loss: 5.5616533245483879e-07
Iter: 176 loss: 5.3023563850729261e-07
Iter: 177 loss: 5.0836285936384229e-07
Iter: 178 loss: 4.9718534000930958e-07
Iter: 179 loss: 4.935085939905548e-07
Iter: 180 loss: 4.8948930952974479e-07
Iter: 181 loss: 4.8845674882613821e-07
Iter: 182 loss: 4.8579187250652467e-07
Iter: 183 loss: 4.8357122750530834e-07
Iter: 184 loss: 4.8087542836583452e-07
Iter: 185 loss: 4.78068443499069e-07
Iter: 186 loss: 4.7434599537155009e-07
Iter: 187 loss: 4.6707759793207515e-07
Iter: 188 loss: 4.5004787807556568e-07
Iter: 189 loss: 4.4138366206425417e-07
Iter: 190 loss: 4.3719469999814464e-07
Iter: 191 loss: 4.3631763446683181e-07
Iter: 192 loss: 4.3283654349579592e-07
Iter: 193 loss: 4.2962986412931059e-07
Iter: 194 loss: 4.266537416697247e-07
Iter: 195 loss: 4.2437079628143692e-07
Iter: 196 loss: 4.227112242460862e-07
Iter: 197 loss: 4.2078801243405906e-07
Iter: 198 loss: 4.1792645788518712e-07
Iter: 199 loss: 4.1067715983444941e-07
Iter: 200 loss: 4.3622944190246926e-07
Iter: 201 loss: 3.9486766922891547e-07
Iter: 202 loss: 3.9038860677464982e-07
Iter: 203 loss: 3.7807561170666304e-07
Iter: 204 loss: 3.609999339460046e-07
Iter: 205 loss: 3.362774236848054e-07
Iter: 206 loss: 3.1568509939461364e-07
Iter: 207 loss: 3.0488871516354266e-07
Iter: 208 loss: 2.9299673087734845e-07
Iter: 209 loss: 2.8958800157852238e-07
Iter: 210 loss: 2.877866620565328e-07
Iter: 211 loss: 2.86590648101992e-07
Iter: 212 loss: 2.8612407731998246e-07
Iter: 213 loss: 2.8571150778589072e-07
Iter: 214 loss: 2.8494679327195627e-07
Iter: 215 loss: 2.8385602490743622e-07
Iter: 216 loss: 2.822960993853485e-07
Iter: 217 loss: 2.7854454742737289e-07
Iter: 218 loss: 2.7365237542653631e-07
Iter: 219 loss: 2.6683429155127669e-07
Iter: 220 loss: 2.7279307346361747e-07
Iter: 221 loss: 2.638593912251963e-07
Iter: 222 loss: 2.5399660330549523e-07
Iter: 223 loss: 2.4739799187045719e-07
Iter: 224 loss: 2.4192638647946296e-07
Iter: 225 loss: 2.39427492942923e-07
Iter: 226 loss: 2.585514948805212e-07
Iter: 227 loss: 2.3721369757367938e-07
Iter: 228 loss: 2.3562402873267274e-07
Iter: 229 loss: 2.3463056209038768e-07
Iter: 230 loss: 2.3309141283789359e-07
Iter: 231 loss: 2.3011918415249966e-07
Iter: 232 loss: 2.27013714493296e-07
Iter: 233 loss: 2.2303626678876753e-07
Iter: 234 loss: 2.1011629769418505e-07
Iter: 235 loss: 2.0478879037000297e-07
Iter: 236 loss: 2.0022440594402724e-07
Iter: 237 loss: 1.9545288409972272e-07
Iter: 238 loss: 1.9110430571345205e-07
Iter: 239 loss: 1.883703362182132e-07
Iter: 240 loss: 1.8672098178740271e-07
Iter: 241 loss: 1.8626852238412539e-07
Iter: 242 loss: 1.857370079960674e-07
Iter: 243 loss: 1.8391233425063547e-07
Iter: 244 loss: 1.8310473137717054e-07
Iter: 245 loss: 1.815840562358062e-07
Iter: 246 loss: 1.7841094290815818e-07
Iter: 247 loss: 1.7450683742481488e-07
Iter: 248 loss: 1.7580374844783364e-07
Iter: 249 loss: 1.7277787378588982e-07
Iter: 250 loss: 1.6995947760278796e-07
Iter: 251 loss: 1.6820668236050551e-07
Iter: 252 loss: 1.6588251128268894e-07
Iter: 253 loss: 1.6388561618896347e-07
Iter: 254 loss: 1.6170098149359546e-07
Iter: 255 loss: 1.5834504552003636e-07
Iter: 256 loss: 1.5538786612978583e-07
Iter: 257 loss: 1.5245979056999204e-07
Iter: 258 loss: 1.4891521971094335e-07
Iter: 259 loss: 1.4357122779529163e-07
Iter: 260 loss: 1.4035526874067727e-07
Iter: 261 loss: 1.3937423659626802e-07
Iter: 262 loss: 1.383042445013416e-07
Iter: 263 loss: 1.3804987020193948e-07
Iter: 264 loss: 1.3745558646860445e-07
Iter: 265 loss: 1.3713101054690924e-07
Iter: 266 loss: 1.3677252752586355e-07
Iter: 267 loss: 1.3609077598175645e-07
Iter: 268 loss: 1.3470341286847543e-07
Iter: 269 loss: 1.3331265336091747e-07
Iter: 270 loss: 1.3296224210535001e-07
Iter: 271 loss: 1.3228586226432526e-07
Iter: 272 loss: 1.308627588514355e-07
Iter: 273 loss: 1.2869840304574609e-07
Iter: 274 loss: 1.2708025565189018e-07
Iter: 275 loss: 1.2439349461601523e-07
Iter: 276 loss: 1.2279960515115818e-07
Iter: 277 loss: 1.2358904655229708e-07
Iter: 278 loss: 1.2223142675793497e-07
Iter: 279 loss: 1.2219001632729487e-07
Iter: 280 loss: 1.2144312222517328e-07
Iter: 281 loss: 1.2072612776137248e-07
Iter: 282 loss: 1.2022977102787991e-07
Iter: 283 loss: 1.1987522441359033e-07
Iter: 284 loss: 1.1961357415657403e-07
Iter: 285 loss: 1.1947207667617477e-07
Iter: 286 loss: 1.1924092291337729e-07
Iter: 287 loss: 1.185113234214441e-07
Iter: 288 loss: 1.1746820405278413e-07
Iter: 289 loss: 1.1543060196572696e-07
Iter: 290 loss: 1.1275368905216965e-07
Iter: 291 loss: 1.1106147468353811e-07
Iter: 292 loss: 1.1490783435874619e-07
Iter: 293 loss: 1.0648250281519722e-07
Iter: 294 loss: 2.8391858108989254e-07
Iter: 295 loss: 1.0574562026022249e-07
Iter: 296 loss: 1.0384579951505657e-07
Iter: 297 loss: 1.03555670705191e-07
Iter: 298 loss: 1.0234530378738782e-07
Iter: 299 loss: 9.9422010180205689e-08
Iter: 300 loss: 9.8041624596589827e-08
Iter: 301 loss: 9.55025853954794e-08
Iter: 302 loss: 9.3440561954594159e-08
Iter: 303 loss: 9.2050818523148337e-08
Iter: 304 loss: 9.1117570377718948e-08
Iter: 305 loss: 8.9989754314956372e-08
Iter: 306 loss: 8.9799790714550909e-08
Iter: 307 loss: 8.9616733589537034e-08
Iter: 308 loss: 8.9331585684249148e-08
Iter: 309 loss: 8.91559324145419e-08
Iter: 310 loss: 8.8855315993896511e-08
Iter: 311 loss: 8.7878134991115076e-08
Iter: 312 loss: 8.9029775551807688e-08
Iter: 313 loss: 8.73955698921236e-08
Iter: 314 loss: 8.6684451616747538e-08
Iter: 315 loss: 8.47666683512216e-08
Iter: 316 loss: 8.2536580237047019e-08
Iter: 317 loss: 7.9096842853232374e-08
Iter: 318 loss: 7.7095478445698973e-08
Iter: 319 loss: 7.561670400946241e-08
Iter: 320 loss: 7.4848408360139729e-08
Iter: 321 loss: 7.3899158792301023e-08
Iter: 322 loss: 7.3268196842946054e-08
Iter: 323 loss: 7.2502992054523929e-08
Iter: 324 loss: 7.178338279345553e-08
Iter: 325 loss: 7.1114563127139263e-08
Iter: 326 loss: 7.0032939447628451e-08
Iter: 327 loss: 6.85721275317519e-08
Iter: 328 loss: 6.7879803111736692e-08
Iter: 329 loss: 6.7325288455322152e-08
Iter: 330 loss: 6.6548281552059052e-08
Iter: 331 loss: 6.5337722787717212e-08
Iter: 332 loss: 6.4616116901561327e-08
Iter: 333 loss: 6.4295896606836322e-08
Iter: 334 loss: 6.3950551520974841e-08
Iter: 335 loss: 6.3194526944698737e-08
Iter: 336 loss: 6.2670949318999192e-08
Iter: 337 loss: 6.204491143080304e-08
Iter: 338 loss: 6.1509574322826666e-08
Iter: 339 loss: 6.1485089020152373e-08
Iter: 340 loss: 6.1237145132508886e-08
Iter: 341 loss: 6.0923845524030185e-08
Iter: 342 loss: 6.059201496100286e-08
Iter: 343 loss: 6.0344845564941352e-08
Iter: 344 loss: 6.009306474652476e-08
Iter: 345 loss: 5.9934812668416271e-08
Iter: 346 loss: 5.9859253553895542e-08
Iter: 347 loss: 5.9796292362079839e-08
Iter: 348 loss: 5.9719056366702716e-08
Iter: 349 loss: 5.9606968250136561e-08
Iter: 350 loss: 5.9344557712393e-08
Iter: 351 loss: 5.9050968559404282e-08
Iter: 352 loss: 5.8549407100372264e-08
Iter: 353 loss: 5.7701392108810978e-08
Iter: 354 loss: 5.6865129494099165e-08
Iter: 355 loss: 5.6758096889097942e-08
Iter: 356 loss: 5.6506806345169025e-08
Iter: 357 loss: 5.6408680393360555e-08
Iter: 358 loss: 5.6261892922293555e-08
Iter: 359 loss: 5.6025896810751874e-08
Iter: 360 loss: 5.5857274361414966e-08
Iter: 361 loss: 5.5426486511578332e-08
Iter: 362 loss: 5.4954742978452487e-08
Iter: 363 loss: 5.4321407816360079e-08
Iter: 364 loss: 5.3399293875600051e-08
Iter: 365 loss: 5.1739085904500826e-08
Iter: 366 loss: 5.239748901431085e-08
Iter: 367 loss: 5.1285503843701008e-08
Iter: 368 loss: 5.1862279804026912e-08
Iter: 369 loss: 5.0774854543078618e-08
Iter: 370 loss: 5.0297327192083685e-08
Iter: 371 loss: 5.0159865594423536e-08
Iter: 372 loss: 4.965101041420894e-08
Iter: 373 loss: 4.9158593640186155e-08
Iter: 374 loss: 4.8223267157254668e-08
Iter: 375 loss: 4.6674550446823559e-08
Iter: 376 loss: 4.5863345121688326e-08
Iter: 377 loss: 4.9863317030940379e-08
Iter: 378 loss: 4.5463085740493625e-08
Iter: 379 loss: 4.4707253010756176e-08
Iter: 380 loss: 4.4206977634075884e-08
Iter: 381 loss: 4.3726927856369e-08
Iter: 382 loss: 4.3391253257141216e-08
Iter: 383 loss: 4.2887862150564615e-08
Iter: 384 loss: 4.2549256562551818e-08
Iter: 385 loss: 4.2324138860294624e-08
Iter: 386 loss: 4.2120781529320084e-08
Iter: 387 loss: 4.1820189977670452e-08
Iter: 388 loss: 4.1448014798106669e-08
Iter: 389 loss: 4.1231960068444096e-08
Iter: 390 loss: 4.07713862671244e-08
Iter: 391 loss: 4.0451755722870075e-08
Iter: 392 loss: 3.99418240704108e-08
Iter: 393 loss: 3.9439466803514733e-08
Iter: 394 loss: 3.9166579313132388e-08
Iter: 395 loss: 3.8663067414290708e-08
Iter: 396 loss: 3.850122709536663e-08
Iter: 397 loss: 3.8390236767327224e-08
Iter: 398 loss: 3.8191874551785077e-08
Iter: 399 loss: 3.7886206172288439e-08
Iter: 400 loss: 3.7590755397332032e-08
Iter: 401 loss: 3.7162706689741754e-08
Iter: 402 loss: 3.6922518376059088e-08
Iter: 403 loss: 3.6673231562645014e-08
Iter: 404 loss: 3.6441026196598614e-08
Iter: 405 loss: 3.6269817371703539e-08
Iter: 406 loss: 3.6119875090889764e-08
Iter: 407 loss: 3.6029287997507708e-08
Iter: 408 loss: 3.5980999513185452e-08
Iter: 409 loss: 3.5945816989624291e-08
Iter: 410 loss: 3.592529296270186e-08
Iter: 411 loss: 3.5884653470930061e-08
Iter: 412 loss: 3.5821010158088029e-08
Iter: 413 loss: 3.5761079431040343e-08
Iter: 414 loss: 3.5402013764951334e-08
Iter: 415 loss: 3.4727833053693757e-08
Iter: 416 loss: 3.3861631720810692e-08
Iter: 417 loss: 3.3758670525685375e-08
Iter: 418 loss: 3.2963427543108992e-08
Iter: 419 loss: 3.186876895711066e-08
Iter: 420 loss: 3.18408766020184e-08
Iter: 421 loss: 3.1295993352387086e-08
Iter: 422 loss: 3.0975137121913576e-08
Iter: 423 loss: 3.1097773245392091e-08
Iter: 424 loss: 3.08295859952068e-08
Iter: 425 loss: 3.0620192603691976e-08
Iter: 426 loss: 3.0479004209382765e-08
Iter: 427 loss: 3.0373673354233688e-08
Iter: 428 loss: 3.0275625562126152e-08
Iter: 429 loss: 3.0163764819235439e-08
Iter: 430 loss: 3.0020366637018014e-08
Iter: 431 loss: 2.9721128669280006e-08
Iter: 432 loss: 2.9332328566056276e-08
Iter: 433 loss: 2.8729855827691608e-08
Iter: 434 loss: 2.8374238070227875e-08
Iter: 435 loss: 2.7705704397362751e-08
Iter: 436 loss: 3.0682276275229015e-08
Iter: 437 loss: 2.7536783520076824e-08
Iter: 438 loss: 2.7078087327936373e-08
Iter: 439 loss: 2.6783476769765002e-08
Iter: 440 loss: 2.6405292175013528e-08
Iter: 441 loss: 2.6395282404223508e-08
Iter: 442 loss: 2.6297275468323278e-08
Iter: 443 loss: 2.6178238243801388e-08
Iter: 444 loss: 2.6073536218973459e-08
Iter: 445 loss: 2.5988807550447746e-08
Iter: 446 loss: 2.592926051647737e-08
Iter: 447 loss: 2.58404941888557e-08
Iter: 448 loss: 2.5721487162400081e-08
Iter: 449 loss: 2.5563734240563463e-08
Iter: 450 loss: 2.5392946412239326e-08
Iter: 451 loss: 2.5301266859401039e-08
Iter: 452 loss: 2.5236213119228523e-08
Iter: 453 loss: 2.5126242420014933e-08
Iter: 454 loss: 2.487002070949984e-08
Iter: 455 loss: 2.4573258983195956e-08
Iter: 456 loss: 2.45324276448855e-08
Iter: 457 loss: 2.4354523731062727e-08
Iter: 458 loss: 2.4286826771913184e-08
Iter: 459 loss: 2.416498823265556e-08
Iter: 460 loss: 2.3998300235916759e-08
Iter: 461 loss: 2.3877371191360908e-08
Iter: 462 loss: 2.3629452172713172e-08
Iter: 463 loss: 2.3369494783764821e-08
Iter: 464 loss: 2.3068121635105854e-08
Iter: 465 loss: 2.3137749494139825e-08
Iter: 466 loss: 2.2955347844799689e-08
Iter: 467 loss: 2.2736069027473604e-08
Iter: 468 loss: 2.2597740567675828e-08
Iter: 469 loss: 2.2312162784032807e-08
Iter: 470 loss: 2.2164696744653156e-08
Iter: 471 loss: 2.2102412344793265e-08
Iter: 472 loss: 2.2044238434659746e-08
Iter: 473 loss: 2.2027712986982806e-08
Iter: 474 loss: 2.2004313038337386e-08
Iter: 475 loss: 2.1993711740719846e-08
Iter: 476 loss: 2.198161475064353e-08
Iter: 477 loss: 2.196633097639733e-08
Iter: 478 loss: 2.1949288608880124e-08
Iter: 479 loss: 2.1918358683592487e-08
Iter: 480 loss: 2.1884178025288747e-08
Iter: 481 loss: 2.1854454246295063e-08
Iter: 482 loss: 2.1820341089551221e-08
Iter: 483 loss: 2.1783549186693563e-08
Iter: 484 loss: 2.1749002598880907e-08
Iter: 485 loss: 2.1726398458099538e-08
Iter: 486 loss: 2.1695639063068484e-08
Iter: 487 loss: 2.165148949018203e-08
Iter: 488 loss: 2.1604709132816424e-08
Iter: 489 loss: 2.1536241234798581e-08
Iter: 490 loss: 2.14715001334298e-08
Iter: 491 loss: 2.13639861357251e-08
Iter: 492 loss: 2.1405229588822294e-08
Iter: 493 loss: 2.1309352504772505e-08
Iter: 494 loss: 2.1163334196216965e-08
Iter: 495 loss: 2.1020653662162658e-08
Iter: 496 loss: 2.0760458241397828e-08
Iter: 497 loss: 2.2602902660651125e-08
Iter: 498 loss: 2.06453236728521e-08
Iter: 499 loss: 2.0493905239504784e-08
Iter: 500 loss: 2.0375789944182543e-08
Iter: 501 loss: 2.0328338123931644e-08
Iter: 502 loss: 2.0298775993410345e-08
Iter: 503 loss: 2.0271480494216121e-08
Iter: 504 loss: 2.02523455783421e-08
Iter: 505 loss: 2.0233578368333838e-08
Iter: 506 loss: 2.0220674912252434e-08
Iter: 507 loss: 2.0209505180446286e-08
Iter: 508 loss: 2.0193436256477071e-08
Iter: 509 loss: 2.0169748538023669e-08
Iter: 510 loss: 2.0113029464141619e-08
Iter: 511 loss: 2.0056969418646986e-08
Iter: 512 loss: 1.9967641762264066e-08
Iter: 513 loss: 1.9869219158863416e-08
Iter: 514 loss: 1.9959193409135878e-08
Iter: 515 loss: 1.982655817300838e-08
Iter: 516 loss: 1.979951491648535e-08
Iter: 517 loss: 1.9765154846140831e-08
Iter: 518 loss: 1.9740651779898144e-08
Iter: 519 loss: 1.962340334671353e-08
Iter: 520 loss: 1.9503119119690382e-08
Iter: 521 loss: 1.9344359003525824e-08
Iter: 522 loss: 1.9096722425615553e-08
Iter: 523 loss: 1.8873656415507867e-08
Iter: 524 loss: 1.8540548651913014e-08
Iter: 525 loss: 1.9673469964232027e-08
Iter: 526 loss: 1.8402735335598663e-08
Iter: 527 loss: 1.9792501859683398e-08
Iter: 528 loss: 1.8276775648473631e-08
Iter: 529 loss: 1.8461584261331154e-08
Iter: 530 loss: 1.815723926767987e-08
Iter: 531 loss: 1.8065916762566303e-08
Iter: 532 loss: 1.7905964710962508e-08
Iter: 533 loss: 1.8095265730266874e-08
Iter: 534 loss: 1.7811746744200718e-08
Iter: 535 loss: 1.7655464645827124e-08
Iter: 536 loss: 1.7458960499538989e-08
Iter: 537 loss: 1.7374599536879032e-08
Iter: 538 loss: 1.7288011022742467e-08
Iter: 539 loss: 1.7265159968360422e-08
Iter: 540 loss: 1.7210881608775708e-08
Iter: 541 loss: 1.7158201970346454e-08
Iter: 542 loss: 1.7076835945317725e-08
Iter: 543 loss: 1.6986527739959456e-08
Iter: 544 loss: 1.6904881050550102e-08
Iter: 545 loss: 1.6865447705072256e-08
Iter: 546 loss: 1.6832723659376825e-08
Iter: 547 loss: 1.680063199671622e-08
Iter: 548 loss: 1.6774897915183828e-08
Iter: 549 loss: 1.675857497218658e-08
Iter: 550 loss: 1.6750485443139951e-08
Iter: 551 loss: 1.6740525410341434e-08
Iter: 552 loss: 1.670662186370464e-08
Iter: 553 loss: 1.6675331337978605e-08
Iter: 554 loss: 1.6648021627929666e-08
Iter: 555 loss: 1.6636448663120973e-08
Iter: 556 loss: 1.6617519804640324e-08
Iter: 557 loss: 1.6606486852310809e-08
Iter: 558 loss: 1.6591537033150416e-08
Iter: 559 loss: 1.6576265693402092e-08
Iter: 560 loss: 1.6554022153059123e-08
Iter: 561 loss: 1.6543266312396554e-08
Iter: 562 loss: 1.6535656399696563e-08
1263.9518010898455
Iter: 1 loss: 9.5522050857543945
991.00390919413735
Iter: 2 loss: 8.769404411315918
910.32107900640426
Iter: 3 loss: 6.2503390312194824
128069.07344943863
Iter: 4 loss: 1563.448486328125
2884.3768348246263
Iter: 5 loss: 6.5594987869262695
1351.182574685412
Iter: 6 loss: 5.5372834205627441
3126733945.7614098
Iter: 7 loss: 2.38659387260928e+15
1351.182574685412
Iter: 8 loss: 5.5372834205627441
-27.97619180786398
Iter: 1 loss: 0.11557117849588394
1805.1439988893085
Iter: 2 loss: 0.41609102487564087
250.41661846342009
Iter: 3 loss: 0.10926536470651627
238.3555052485367
Iter: 4 loss: 0.10636027902364731
141.27544337677782
Iter: 5 loss: 0.10019047558307648
351.76568881835067
Iter: 6 loss: 0.099381051957607269
278.51974520363035
Iter: 7 loss: 0.09839407354593277
236.81631373335807
Iter: 8 loss: 0.099036127328872681
272.47707389543854
Iter: 9 loss: 0.0984545648097992
277.53450082593224
Iter: 10 loss: 0.098403081297874451
278.35593982956124
Iter: 11 loss: 0.098395548760890961
278.49242723269532
Iter: 12 loss: 0.098394319415092468
278.51518882945328
Iter: 13 loss: 0.098394110798835754
278.51897049038104
Iter: 14 loss: 0.098394080996513367
278.51961780237968
Iter: 15 loss: 0.09839407354593277
278.5197183173334
Iter: 16 loss: 0.09839407354593277
278.5197395296446
Iter: 17 loss: 0.09839407354593277
278.51974400621305
Iter: 18 loss: 0.09839407354593277
278.51974495093168
Iter: 19 loss: 0.09839407354593277
278.51974515030156
Iter: 20 loss: 0.09839407354593277
278.51974519237604
Iter: 21 loss: 0.09839407354593277
278.51974520125532
Iter: 22 loss: 0.09839407354593277
278.5197452031291
Iter: 23 loss: 0.09839407354593277
278.51974520352451
Iter: 24 loss: 0.09839407354593277
278.5197452032636
Iter: 25 loss: 0.09839407354593277
278.51974520346954
Iter: 26 loss: 0.09839407354593277
278.519745203513
Iter: 27 loss: 0.09839407354593277
278.51974520348426
Iter: 28 loss: 0.09839407354593277
Iter: 1 loss: 4.3478124212015246e-08
Iter: 2 loss: 0.00070182950003072619
Iter: 3 loss: 1.0903036695708579e-07
Iter: 4 loss: 4.3326728871306841e-08
Iter: 5 loss: 4.3279840156174032e-08
Iter: 6 loss: 4.3118646431139496e-08
Iter: 7 loss: 4.2707313241407974e-08
Iter: 8 loss: 4.2412818146431164e-08
Iter: 9 loss: 4.2056353066755037e-08
Iter: 10 loss: 3.97311197275485e-08
Iter: 11 loss: 3.8128995072383987e-08
Iter: 12 loss: 3.6788019741607059e-08
Iter: 13 loss: 3.6268090752855642e-08
Iter: 14 loss: 3.5963775957270627e-08
Iter: 15 loss: 3.5827319777581579e-08
Iter: 16 loss: 3.54130804680608e-08
Iter: 17 loss: 3.4978526741724636e-08
Iter: 18 loss: 3.460748487782439e-08
Iter: 19 loss: 3.4150808403410338e-08
Iter: 20 loss: 3.3764557372251147e-08
Iter: 21 loss: 3.3280279865266493e-08
Iter: 22 loss: 3.300717921206342e-08
Iter: 23 loss: 3.2842606856320344e-08
Iter: 24 loss: 3.2542523342726781e-08
Iter: 25 loss: 3.2174263253637037e-08
Iter: 26 loss: 3.1800457378494684e-08
Iter: 27 loss: 3.1588072602062311e-08
Iter: 28 loss: 3.1358403873582574e-08
Iter: 29 loss: 3.1043832393606863e-08
Iter: 30 loss: 3.063691522697809e-08
Iter: 31 loss: 3.0427450781189691e-08
Iter: 32 loss: 3.037775542225063e-08
Iter: 33 loss: 3.0302366837986483e-08
Iter: 34 loss: 3.0177361054484209e-08
Iter: 35 loss: 2.9784668953425353e-08
Iter: 36 loss: 2.9306537641105024e-08
Iter: 37 loss: 2.8392191708803693e-08
Iter: 38 loss: 2.775164631430016e-08
Iter: 39 loss: 2.7644810884908111e-08
Iter: 40 loss: 2.7436628968757759e-08
Iter: 41 loss: 2.7300394833673636e-08
Iter: 42 loss: 2.7193152618565364e-08
Iter: 43 loss: 2.7106924704867197e-08
Iter: 44 loss: 2.6970564448447476e-08
Iter: 45 loss: 2.666106979631877e-08
Iter: 46 loss: 2.61603716467107e-08
Iter: 47 loss: 2.5733230657465356e-08
Iter: 48 loss: 2.5612882481595989e-08
Iter: 49 loss: 2.5440479944904837e-08
Iter: 50 loss: 2.4912292673207048e-08
Iter: 51 loss: 2.4753489924478345e-08
Iter: 52 loss: 2.4702240253304808e-08
Iter: 53 loss: 2.4674712051364622e-08
Iter: 54 loss: 2.4581789048738756e-08
Iter: 55 loss: 2.4435458101379481e-08
Iter: 56 loss: 2.4077870364180853e-08
Iter: 57 loss: 2.359412398789118e-08
Iter: 58 loss: 2.2878676730897496e-08
Iter: 59 loss: 2.2344206485058749e-08
Iter: 60 loss: 2.2179637682029352e-08
Iter: 61 loss: 2.2092676132956512e-08
Iter: 62 loss: 2.2021307444219929e-08
Iter: 63 loss: 2.1968775243408345e-08
Iter: 64 loss: 2.1937658800652571e-08
Iter: 65 loss: 2.1915562697927271e-08
Iter: 66 loss: 2.18610427538124e-08
Iter: 67 loss: 2.1745433897990551e-08
Iter: 68 loss: 2.1469961808406879e-08
Iter: 69 loss: 2.0966272273881259e-08
Iter: 70 loss: 2.038536628390375e-08
Iter: 71 loss: 1.9710402199279997e-08
Iter: 72 loss: 1.9548059171370369e-08
Iter: 73 loss: 1.9527528039020581e-08
Iter: 74 loss: 1.9517203853069987e-08
Iter: 75 loss: 1.9512029325596814e-08
Iter: 76 loss: 1.9482255808611626e-08
Iter: 77 loss: 1.9431279696391357e-08
Iter: 78 loss: 1.9311164223267951e-08
Iter: 79 loss: 1.9091450198516213e-08
Iter: 80 loss: 1.8856376016174181e-08
Iter: 81 loss: 1.8719262584454555e-08
Iter: 82 loss: 1.8687032365960476e-08
Iter: 83 loss: 1.8682420943605393e-08
Iter: 84 loss: 1.8680362146028529e-08
Iter: 85 loss: 1.8673372181865489e-08
Iter: 86 loss: 1.8658345979361002e-08
Iter: 87 loss: 1.8622301922732731e-08
Iter: 88 loss: 1.8575654792130081e-08
Iter: 89 loss: 1.8364177734042642e-08
Iter: 90 loss: 1.8349595620748005e-08
Iter: 91 loss: 1.8345312824408211e-08
Iter: 92 loss: 1.8342197094511903e-08
Iter: 93 loss: 1.8331123285975082e-08
Iter: 94 loss: 1.8307112270576908e-08
Iter: 95 loss: 1.824594697552584e-08
Iter: 96 loss: 1.8108563537566624e-08
Iter: 97 loss: 1.7844335786776355e-08
Iter: 98 loss: 1.7527018059126931e-08
Iter: 99 loss: 1.7345435310289758e-08
Iter: 100 loss: 1.7279564445971118e-08
Iter: 101 loss: 1.7273650954052755e-08
Iter: 102 loss: 1.7272100194531959e-08
Iter: 103 loss: 1.7270096464017115e-08
Iter: 104 loss: 1.725530296425859e-08
Iter: 105 loss: 1.7240003202800835e-08
Iter: 106 loss: 1.7185428191623942e-08
Iter: 107 loss: 1.7121791984209267e-08
Iter: 108 loss: 1.7037589117308016e-08
Iter: 109 loss: 1.6938189517645696e-08
Iter: 110 loss: 1.6908220601408175e-08
Iter: 111 loss: 1.6902021116038668e-08
Iter: 112 loss: 1.6900347787895953e-08
Iter: 113 loss: 1.6900051136303773e-08
Iter: 114 loss: 1.6899720733931645e-08
Iter: 115 loss: 1.689887696443293e-08
Iter: 116 loss: 1.6896317234227354e-08
Iter: 117 loss: 1.6890162157778832e-08
Iter: 118 loss: 1.6872938601864007e-08
Iter: 119 loss: 1.6834007965371711e-08
Iter: 120 loss: 1.6785097756155665e-08
Iter: 121 loss: 1.662751358821879e-08
Iter: 122 loss: 1.4975587703247584e-07
Iter: 123 loss: 1.6581211070842983e-08
Iter: 124 loss: 1.6411089376333621e-08
Iter: 125 loss: 1.5984740642238648e-08
Iter: 126 loss: 1.5717544599169742e-08
Iter: 127 loss: 1.5710424960957425e-08
Iter: 128 loss: 1.5622411808635661e-08
Iter: 129 loss: 1.558758455644238e-08
Iter: 130 loss: 1.5556706145503085e-08
Iter: 131 loss: 1.5546184783943318e-08
Iter: 132 loss: 1.5539399100816809e-08
Iter: 133 loss: 1.5535169595182197e-08
Iter: 134 loss: 1.5533858643834719e-08
Iter: 135 loss: 1.5533247577081966e-08
