Iteration 0
Elapsed time for kappa 80.1599 sec
Elapsed time for experts 29.0263 sec
Elapsed time for households 24.4888 sec
Iteration 1
Elapsed time for kappa 43.5755 sec
Elapsed time for experts 23.3066 sec
Elapsed time for households 17.6814 sec
Iteration 2
Elapsed time for kappa 46.2517 sec
Elapsed time for experts 21.8775 sec
Elapsed time for households 16.7339 sec
Iteration 3
Elapsed time for kappa 40.2885 sec
Elapsed time for experts 22.9665 sec
Elapsed time for households 15.5919 sec
Iteration 4
Elapsed time for kappa 40.0368 sec
Elapsed time for experts 17.2280 sec
Elapsed time for households 15.9537 sec
Iteration 5
Elapsed time for kappa 40.2476 sec
Elapsed time for experts 16.8835 sec
Elapsed time for households 15.8860 sec
Iteration 6
Elapsed time for kappa 40.1197 sec
Elapsed time for experts 16.7771 sec
Elapsed time for households 16.1185 sec
Iteration 7
Elapsed time for kappa 49.8903 sec
Elapsed time for experts 17.6868 sec
Elapsed time for households 15.4449 sec
Iteration 8
Elapsed time for kappa 40.5156 sec
Elapsed time for experts 15.6595 sec
Elapsed time for households 16.0514 sec
Iteration 9
Elapsed time for kappa 40.2172 sec
Elapsed time for experts 15.5349 sec
Elapsed time for households 15.7892 sec
Iteration 10
Elapsed time for kappa 39.9455 sec
Elapsed time for experts 16.7896 sec
Elapsed time for households 15.9273 sec
Iteration 11
Elapsed time for kappa 39.9572 sec
Elapsed time for experts 21.0555 sec
Elapsed time for households 14.8138 sec
Iteration 12
Elapsed time for kappa 40.4754 sec
Elapsed time for experts 21.3499 sec
Elapsed time for households 23.4042 sec
Iteration 13
Elapsed time for kappa 40.9532 sec
Elapsed time for experts 21.5660 sec
Elapsed time for households 16.4310 sec
Iteration 14
Elapsed time for kappa 40.4222 sec
Elapsed time for experts 14.9945 sec
Elapsed time for households 15.4038 sec
Iteration 15
Elapsed time for kappa 39.9876 sec
Elapsed time for experts 18.9077 sec
Elapsed time for households 15.8017 sec
Iteration 16
Elapsed time for kappa 40.4123 sec
Elapsed time for experts 16.5609 sec
Elapsed time for households 16.1315 sec
Iteration 17
Elapsed time for kappa 40.3612 sec
Elapsed time for experts 15.8326 sec
Elapsed time for households 16.2736 sec
Iteration 18
Elapsed time for kappa 40.7005 sec
Elapsed time for experts 18.5180 sec
Elapsed time for households 25.3788 sec
Iteration 19
Elapsed time for kappa 41.5706 sec
Elapsed time for experts 17.8903 sec
Elapsed time for households 16.5819 sec
Iteration 20
Elapsed time for kappa 40.5650 sec
Elapsed time for experts 15.7023 sec
Elapsed time for households 16.0287 sec
Iteration 21
Elapsed time for kappa 40.2034 sec
Elapsed time for experts 15.6035 sec
Elapsed time for households 16.3351 sec
Iteration 22
Elapsed time for kappa 40.9304 sec
Elapsed time for experts 17.1356 sec
Elapsed time for households 16.2501 sec
Iteration 23
Elapsed time for kappa 40.6055 sec
Elapsed time for experts 17.0936 sec
Elapsed time for households 16.7723 sec
Iteration 24
Elapsed time for kappa 40.4950 sec
Elapsed time for experts 26.4207 sec
Elapsed time for households 16.6280 sec
Iteration 25
Elapsed time for kappa 41.0430 sec
Elapsed time for experts 16.7084 sec
Elapsed time for households 15.5716 sec
Iteration 26
Elapsed time for kappa 40.8676 sec
Elapsed time for experts 16.9369 sec
Elapsed time for households 16.2219 sec
Iteration 27
Elapsed time for kappa 41.2979 sec
Elapsed time for experts 16.2560 sec
Elapsed time for households 15.2943 sec
Iteration 28
Elapsed time for kappa 40.6059 sec
Elapsed time for experts 15.6831 sec
Elapsed time for households 15.6152 sec
Iteration 29
Elapsed time for kappa 40.7156 sec
Elapsed time for experts 15.7558 sec
Elapsed time for households 15.7407 sec
Iteration 30
Elapsed time for kappa 40.9005 sec
Elapsed time for experts 25.3481 sec
Elapsed time for households 16.2230 sec
Iteration 31
Elapsed time for kappa 40.8078 sec
Elapsed time for experts 16.7408 sec
Elapsed time for households 16.0100 sec
Iteration 32
Elapsed time for kappa 40.5458 sec
Elapsed time for experts 15.6164 sec
Elapsed time for households 15.5992 sec
Iteration 33
Elapsed time for kappa 41.0045 sec
Elapsed time for experts 15.5330 sec
Elapsed time for households 15.7990 sec
Iteration 34
Elapsed time for kappa 40.1416 sec
Elapsed time for experts 15.6406 sec
Elapsed time for households 15.6852 sec
Iteration 35
Elapsed time for kappa 39.9310 sec
Elapsed time for experts 14.3588 sec
Elapsed time for households 15.0921 sec
Iteration 36
Elapsed time for kappa 39.7403 sec
Elapsed time for experts 23.2302 sec
Elapsed time for households 16.0986 sec
Iteration 37
Elapsed time for kappa 40.2140 sec
Elapsed time for experts 19.5956 sec
Elapsed time for households 14.7277 sec
Iteration 38
Elapsed time for kappa 38.4297 sec
Elapsed time for experts 16.7401 sec
Elapsed time for households 15.1915 sec
Iteration 39
Elapsed time for kappa 39.0517 sec
Elapsed time for experts 15.0126 sec
Elapsed time for households 15.4886 sec
Iteration 40
Elapsed time for kappa 39.6876 sec
Elapsed time for experts 15.8993 sec
Elapsed time for households 15.7277 sec
Iteration 41
Elapsed time for kappa 38.9520 sec
Elapsed time for experts 17.8740 sec
Elapsed time for households 15.2849 sec
Iteration 42
Elapsed time for kappa 49.6030 sec
Elapsed time for experts 16.0934 sec
Elapsed time for households 15.7964 sec
Iteration 43
Elapsed time for kappa 40.4459 sec
Elapsed time for experts 15.6076 sec
Elapsed time for households 15.5368 sec
Iteration 44
Elapsed time for kappa 40.4518 sec
Elapsed time for experts 16.0293 sec
Elapsed time for households 15.7718 sec
Iteration 45
Elapsed time for kappa 40.6382 sec
Elapsed time for experts 16.1570 sec
Elapsed time for households 15.6727 sec
Iteration 46
Elapsed time for kappa 40.2394 sec
Elapsed time for experts 14.7464 sec
Elapsed time for households 15.6407 sec
Iteration 47
Elapsed time for kappa 40.5375 sec
Elapsed time for experts 15.3744 sec
Elapsed time for households 15.6358 sec
Iteration 48
Elapsed time for kappa 50.3919 sec
Elapsed time for experts 15.6508 sec
Elapsed time for households 15.0623 sec
Iteration 49
Elapsed time for kappa 40.9410 sec
Elapsed time for experts 15.7752 sec
Elapsed time for households 15.2625 sec
Iteration 50
Elapsed time for kappa 40.5680 sec
Elapsed time for experts 18.8842 sec
Elapsed time for households 15.4274 sec
Iteration 51
Elapsed time for kappa 40.2481 sec
Elapsed time for experts 17.9121 sec
Elapsed time for households 15.2140 sec
Iteration 52
Elapsed time for kappa 39.8823 sec
Elapsed time for experts 18.3048 sec
Elapsed time for households 14.0598 sec
Iteration 53
Elapsed time for kappa 40.0460 sec
Elapsed time for experts 14.9386 sec
Elapsed time for households 15.9294 sec
Iteration 54
Elapsed time for kappa 50.2450 sec
Elapsed time for experts 18.5219 sec
Elapsed time for households 15.0944 sec
Iteration 55
Elapsed time for kappa 40.5006 sec
Elapsed time for experts 15.5130 sec
Elapsed time for households 15.9037 sec
Iteration 56
Elapsed time for kappa 40.2108 sec
Elapsed time for experts 15.2352 sec
Elapsed time for households 15.4219 sec
Iteration 57
Elapsed time for kappa 40.3196 sec
Elapsed time for experts 15.8355 sec
Elapsed time for households 15.6279 sec
Iteration 58
Elapsed time for kappa 40.4591 sec
Elapsed time for experts 14.6063 sec
Elapsed time for households 15.4475 sec
Iteration 59
Elapsed time for kappa 39.7244 sec
Elapsed time for experts 14.5673 sec
Elapsed time for households 15.5231 sec
Iteration 60
Elapsed time for kappa 49.2550 sec
Elapsed time for experts 15.8370 sec
Elapsed time for households 15.5963 sec
Iteration 61
Elapsed time for kappa 40.3555 sec
Elapsed time for experts 15.4676 sec
Elapsed time for households 15.7058 sec
Iteration 62
Elapsed time for kappa 40.1206 sec
Elapsed time for experts 14.5212 sec
Elapsed time for households 15.5113 sec
Iteration 63
Elapsed time for kappa 39.8138 sec
Elapsed time for experts 16.7243 sec
Elapsed time for households 15.2179 sec
Iteration 64
Elapsed time for kappa 39.2626 sec
Elapsed time for experts 15.1369 sec
Elapsed time for households 15.3930 sec
Iteration 65
Elapsed time for kappa 39.6760 sec
Elapsed time for experts 17.9976 sec
Elapsed time for households 23.2882 sec
Iteration 66
Elapsed time for kappa 42.0125 sec
Elapsed time for experts 16.9450 sec
Elapsed time for households 16.5150 sec
Iteration 67
Elapsed time for kappa 40.2564 sec
Elapsed time for experts 15.4953 sec
Elapsed time for households 15.6169 sec
Iteration 68
Elapsed time for kappa 39.6968 sec
Elapsed time for experts 14.4725 sec
Elapsed time for households 15.2543 sec
Iteration 69
Elapsed time for kappa 39.0706 sec
Elapsed time for experts 15.6247 sec
Elapsed time for households 15.5375 sec
Iteration 70
Elapsed time for kappa 38.9071 sec
Elapsed time for experts 14.3341 sec
Elapsed time for households 15.0665 sec
Iteration 71
Elapsed time for kappa 39.5112 sec
Elapsed time for experts 24.2240 sec
Elapsed time for households 16.0299 sec
Iteration 72
Elapsed time for kappa 40.4152 sec
Elapsed time for experts 16.1601 sec
Elapsed time for households 16.2619 sec
Iteration 73
Elapsed time for kappa 39.7988 sec
Elapsed time for experts 14.6715 sec
Elapsed time for households 14.8924 sec
Iteration 74
Elapsed time for kappa 39.4029 sec
Elapsed time for experts 15.1895 sec
Elapsed time for households 15.8153 sec
Iteration 75
Elapsed time for kappa 39.2528 sec
Elapsed time for experts 16.1236 sec
Elapsed time for households 14.8780 sec
Iteration 76
Elapsed time for kappa 39.1152 sec
Elapsed time for experts 15.9541 sec
Elapsed time for households 15.1869 sec
Iteration 77
Elapsed time for kappa 38.5149 sec
Elapsed time for experts 25.8418 sec
Elapsed time for households 15.8848 sec
Iteration 78
Elapsed time for kappa 40.3439 sec
Elapsed time for experts 17.3497 sec
Elapsed time for households 15.8413 sec
Iteration 79
Elapsed time for kappa 39.8838 sec
Elapsed time for experts 15.6120 sec
Elapsed time for households 15.8675 sec
Iteration 80
Elapsed time for kappa 39.2852 sec
Elapsed time for experts 15.1022 sec
Elapsed time for households 15.4210 sec
Iteration 81
Elapsed time for kappa 39.4179 sec
Elapsed time for experts 17.0609 sec
Elapsed time for households 15.7151 sec
Iteration 82
Elapsed time for kappa 38.9396 sec
Elapsed time for experts 16.7991 sec
Elapsed time for households 15.1612 sec
Iteration 83
Elapsed time for kappa 39.1955 sec
Elapsed time for experts 23.7443 sec
Elapsed time for households 16.0286 sec
Iteration 84
Elapsed time for kappa 40.8831 sec
Elapsed time for experts 15.8929 sec
Elapsed time for households 16.4456 sec
Iteration 85
Elapsed time for kappa 40.3187 sec
Elapsed time for experts 15.6240 sec
Elapsed time for households 15.2776 sec
Iteration 86
Elapsed time for kappa 40.1213 sec
Elapsed time for experts 15.7530 sec
Elapsed time for households 15.8105 sec
Iteration 87
Elapsed time for kappa 39.6442 sec
Elapsed time for experts 14.4708 sec
Elapsed time for households 15.6578 sec
Iteration 88
Elapsed time for kappa 39.0877 sec
Elapsed time for experts 14.5553 sec
Elapsed time for households 15.3302 sec
Iteration 89
Elapsed time for kappa 38.7198 sec
Elapsed time for experts 25.1854 sec
Elapsed time for households 15.5657 sec
Iteration 90
Elapsed time for kappa 39.7114 sec
Elapsed time for experts 15.5733 sec
Elapsed time for households 16.1225 sec
Iteration 91
Elapsed time for kappa 39.1489 sec
Elapsed time for experts 16.4569 sec
Elapsed time for households 15.4638 sec
Iteration 92
Elapsed time for kappa 40.1331 sec
Elapsed time for experts 15.2213 sec
Elapsed time for households 15.3497 sec
Iteration 93
Elapsed time for kappa 39.5713 sec
Elapsed time for experts 14.6827 sec
Elapsed time for households 15.4436 sec
Iteration 94
Elapsed time for kappa 39.2655 sec
Elapsed time for experts 16.9835 sec
Elapsed time for households 14.7748 sec
Iteration 95
Elapsed time for kappa 49.6058 sec
Elapsed time for experts 16.5517 sec
Elapsed time for households 15.7820 sec
Iteration 96
Elapsed time for kappa 39.3138 sec
Elapsed time for experts 15.7381 sec
Elapsed time for households 15.3688 sec
Iteration 97
Elapsed time for kappa 39.4627 sec
Elapsed time for experts 14.5489 sec
Elapsed time for households 15.5972 sec
Iteration 98
Elapsed time for kappa 39.4667 sec
Elapsed time for experts 15.6807 sec
Elapsed time for households 15.4632 sec
Iteration 99
Elapsed time for kappa 38.8195 sec
Elapsed time for experts 14.4639 sec
Elapsed time for households 15.5688 sec
Iteration 100
Elapsed time for kappa 38.9981 sec
Elapsed time for experts 15.2927 sec
Elapsed time for households 15.5379 sec
Iteration 101
Elapsed time for kappa 49.0248 sec
Elapsed time for experts 16.3360 sec
Elapsed time for households 15.0063 sec
Iteration 102
Elapsed time for kappa 40.8247 sec
Elapsed time for experts 15.3398 sec
Elapsed time for households 15.4304 sec
Iteration 103
Elapsed time for kappa 39.5854 sec
Elapsed time for experts 14.7498 sec
Elapsed time for households 15.1931 sec
Iteration 104
Elapsed time for kappa 39.8063 sec
Elapsed time for experts 15.2884 sec
Elapsed time for households 15.8850 sec
Iteration 105
Elapsed time for kappa 39.1030 sec
Elapsed time for experts 14.7687 sec
Elapsed time for households 15.7098 sec
Iteration 106
Elapsed time for kappa 38.6590 sec
Elapsed time for experts 14.3485 sec
Elapsed time for households 15.6511 sec
Iteration 107
Elapsed time for kappa 49.6909 sec
Elapsed time for experts 16.5795 sec
Elapsed time for households 16.0930 sec
Iteration 108
Elapsed time for kappa 40.4404 sec
Elapsed time for experts 15.9949 sec
Elapsed time for households 16.1812 sec
Iteration 109
Elapsed time for kappa 39.4735 sec
Elapsed time for experts 14.8598 sec
Elapsed time for households 15.6652 sec
Iteration 110
Elapsed time for kappa 39.6067 sec
Elapsed time for experts 15.3252 sec
Elapsed time for households 15.3910 sec
Iteration 111
Elapsed time for kappa 38.8676 sec
Elapsed time for experts 14.9536 sec
Elapsed time for households 15.6671 sec
Iteration 112
Elapsed time for kappa 39.6544 sec
Elapsed time for experts 16.1289 sec
Elapsed time for households 15.5437 sec
Iteration 113
Elapsed time for kappa 49.0812 sec
Elapsed time for experts 17.3313 sec
Elapsed time for households 15.8245 sec
Iteration 114
Elapsed time for kappa 40.2409 sec
Elapsed time for experts 16.3964 sec
Elapsed time for households 15.3982 sec
Iteration 115
Elapsed time for kappa 39.5176 sec
Elapsed time for experts 14.8348 sec
Elapsed time for households 13.3763 sec
Iteration 116
Elapsed time for kappa 39.5838 sec
Elapsed time for experts 15.8165 sec
Elapsed time for households 15.3429 sec
Iteration 117
Elapsed time for kappa 38.9884 sec
Elapsed time for experts 14.9615 sec
Elapsed time for households 14.7651 sec
Iteration 118
Elapsed time for kappa 39.2759 sec
Elapsed time for experts 16.1696 sec
Elapsed time for households 23.1185 sec
Iteration 119
Elapsed time for kappa 40.7512 sec
Elapsed time for experts 15.3044 sec
Elapsed time for households 15.8457 sec
Iteration 120
Elapsed time for kappa 39.9115 sec
Elapsed time for experts 14.9595 sec
Elapsed time for households 15.0886 sec
Iteration 121
Elapsed time for kappa 39.9568 sec
Elapsed time for experts 15.6207 sec
Elapsed time for households 15.1438 sec
Iteration 122
Elapsed time for kappa 38.7581 sec
Elapsed time for experts 15.3527 sec
Elapsed time for households 15.2401 sec
Iteration 123
Elapsed time for kappa 38.1068 sec
Elapsed time for experts 14.2127 sec
Elapsed time for households 15.1765 sec
Iteration 124
Elapsed time for kappa 38.4851 sec
Elapsed time for experts 14.8678 sec
Elapsed time for households 23.6612 sec
Iteration 125
Elapsed time for kappa 40.1583 sec
Elapsed time for experts 15.4491 sec
Elapsed time for households 15.3471 sec
Iteration 126
Elapsed time for kappa 39.2878 sec
Elapsed time for experts 14.6943 sec
Elapsed time for households 16.0085 sec
Iteration 127
Elapsed time for kappa 39.2210 sec
Elapsed time for experts 15.2599 sec
Elapsed time for households 14.7881 sec
Iteration 128
Elapsed time for kappa 38.4528 sec
Elapsed time for experts 15.6115 sec
Elapsed time for households 15.1985 sec
Iteration 129
Elapsed time for kappa 37.9328 sec
Elapsed time for experts 15.4569 sec
Elapsed time for households 14.8409 sec
Iteration 130
Elapsed time for kappa 38.5208 sec
Elapsed time for experts 15.4591 sec
Elapsed time for households 23.8474 sec
Iteration 131
Elapsed time for kappa 39.8457 sec
Elapsed time for experts 14.6351 sec
Elapsed time for households 15.7193 sec
Iteration 132
Elapsed time for kappa 38.9162 sec
Elapsed time for experts 15.3169 sec
Elapsed time for households 15.6279 sec
Iteration 133
Elapsed time for kappa 38.9988 sec
Elapsed time for experts 15.6049 sec
Elapsed time for households 15.1698 sec
Iteration 134
Elapsed time for kappa 37.8031 sec
Elapsed time for experts 14.3950 sec
Elapsed time for households 15.0324 sec
Iteration 135
Elapsed time for kappa 37.6377 sec
Elapsed time for experts 15.4192 sec
Elapsed time for households 14.7754 sec
Iteration 136
Elapsed time for kappa 37.6694 sec
Elapsed time for experts 24.6284 sec
Elapsed time for households 15.7274 sec
Iteration 137
Elapsed time for kappa 39.1962 sec
Elapsed time for experts 14.7838 sec
Elapsed time for households 13.3937 sec
Iteration 138
Elapsed time for kappa 38.6339 sec
Elapsed time for experts 15.3699 sec
Elapsed time for households 14.9704 sec
Iteration 139
Elapsed time for kappa 38.5601 sec
Elapsed time for experts 14.4207 sec
Elapsed time for households 14.7146 sec
Iteration 140
Elapsed time for kappa 37.7935 sec
Elapsed time for experts 14.9375 sec
Elapsed time for households 15.1790 sec
Iteration 141
Elapsed time for kappa 37.8025 sec
Elapsed time for experts 14.9336 sec
Elapsed time for households 15.4526 sec
Iteration 142
Elapsed time for kappa 38.0469 sec
Elapsed time for experts 23.4888 sec
Elapsed time for households 15.8143 sec
Iteration 143
Elapsed time for kappa 40.1930 sec
Elapsed time for experts 15.9348 sec
Elapsed time for households 15.1170 sec
Iteration 144
Elapsed time for kappa 37.9043 sec
Elapsed time for experts 15.2795 sec
Elapsed time for households 15.0766 sec
Iteration 145
Elapsed time for kappa 37.5359 sec
Elapsed time for experts 13.9793 sec
Elapsed time for households 14.7994 sec
Iteration 146
Elapsed time for kappa 36.9941 sec
Elapsed time for experts 14.4367 sec
Elapsed time for households 14.0944 sec
Iteration 147
Elapsed time for kappa 36.8145 sec
Elapsed time for experts 14.7276 sec
Elapsed time for households 14.0496 sec
Iteration 148
Elapsed time for kappa 36.7250 sec
Elapsed time for experts 21.9205 sec
Elapsed time for households 15.3757 sec
Iteration 149
Elapsed time for kappa 37.5885 sec
Elapsed time for experts 16.7813 sec
Elapsed time for households 14.8850 sec
Iteration 150
Elapsed time for kappa 36.3854 sec
Elapsed time for experts 15.3123 sec
Elapsed time for households 14.2581 sec
Iteration 151
Elapsed time for kappa 35.7751 sec
Elapsed time for experts 14.0743 sec
Elapsed time for households 14.7438 sec
Iteration 152
Elapsed time for kappa 35.1743 sec
Elapsed time for experts 12.8382 sec
Elapsed time for households 14.4523 sec
Iteration 153
Elapsed time for kappa 35.5274 sec
Elapsed time for experts 14.4383 sec
Elapsed time for households 13.6949 sec
Iteration 154
Elapsed time for kappa 35.1847 sec
Elapsed time for experts 22.3718 sec
Elapsed time for households 14.7977 sec
Iteration 155
Elapsed time for kappa 36.2612 sec
Elapsed time for experts 15.1728 sec
Elapsed time for households 14.8933 sec
Iteration 156
Elapsed time for kappa 35.1923 sec
Elapsed time for experts 14.1156 sec
Elapsed time for households 14.0849 sec
Iteration 157
Elapsed time for kappa 35.2692 sec
Elapsed time for experts 14.3100 sec
Elapsed time for households 13.8185 sec
Iteration 158
Elapsed time for kappa 34.6715 sec
Elapsed time for experts 14.4659 sec
Elapsed time for households 12.2657 sec
Iteration 159
Elapsed time for kappa 33.8530 sec
Elapsed time for experts 13.9477 sec
Elapsed time for households 13.6304 sec
Iteration 160
Elapsed time for kappa 41.2180 sec
Elapsed time for experts 15.6358 sec
Elapsed time for households 14.4047 sec
Iteration 161
Elapsed time for kappa 33.9152 sec
Elapsed time for experts 15.1491 sec
Elapsed time for households 13.6489 sec
Iteration 162
Elapsed time for kappa 34.1878 sec
Elapsed time for experts 12.7213 sec
Elapsed time for households 13.1479 sec
Iteration 163
Elapsed time for kappa 33.0334 sec
Elapsed time for experts 14.2002 sec
Elapsed time for households 13.4444 sec
Iteration 164
Elapsed time for kappa 32.5871 sec
Elapsed time for experts 12.2951 sec
Elapsed time for households 12.8786 sec
Iteration 165
Elapsed time for kappa 32.3501 sec
Elapsed time for experts 13.1742 sec
Elapsed time for households 13.6334 sec
Iteration 166
Elapsed time for kappa 40.1721 sec
Elapsed time for experts 13.9989 sec
Elapsed time for households 13.9281 sec
Iteration 167
Elapsed time for kappa 33.3859 sec
Elapsed time for experts 13.7331 sec
Elapsed time for households 13.4819 sec
Iteration 168
Elapsed time for kappa 32.6096 sec
Elapsed time for experts 12.3072 sec
Elapsed time for households 12.1117 sec
Iteration 169
Elapsed time for kappa 32.6114 sec
Elapsed time for experts 12.8320 sec
Elapsed time for households 13.3014 sec
Iteration 170
Elapsed time for kappa 32.1826 sec
Elapsed time for experts 12.9944 sec
Elapsed time for households 13.2730 sec
Iteration 171
Elapsed time for kappa 32.1244 sec
Elapsed time for experts 13.3989 sec
Elapsed time for households 11.5902 sec
Iteration 172
Elapsed time for kappa 46.7583 sec
Elapsed time for experts 16.4251 sec
Elapsed time for households 16.4411 sec
Iteration 173
Elapsed time for kappa 40.8494 sec
Elapsed time for experts 15.6434 sec
Elapsed time for households 16.0374 sec
Iteration 174
Elapsed time for kappa 40.8998 sec
Elapsed time for experts 16.4869 sec
Elapsed time for households 15.5586 sec
Iteration 175
Elapsed time for kappa 40.4783 sec
Elapsed time for experts 17.4069 sec
Elapsed time for households 16.2135 sec
Iteration 176
Elapsed time for kappa 41.1289 sec
Elapsed time for experts 16.5341 sec
Elapsed time for households 15.9805 sec
Iteration 177
Elapsed time for kappa 39.9742 sec
Elapsed time for experts 16.5890 sec
Elapsed time for households 15.1236 sec
Iteration 178
Elapsed time for kappa 51.0831 sec
Elapsed time for experts 16.8972 sec
Elapsed time for households 16.1596 sec
Iteration 179
Elapsed time for kappa 41.8248 sec
Elapsed time for experts 15.4983 sec
Elapsed time for households 15.4378 sec
Iteration 180
Elapsed time for kappa 40.9105 sec
Elapsed time for experts 16.3005 sec
Elapsed time for households 15.8021 sec
Iteration 181
Elapsed time for kappa 40.7542 sec
Elapsed time for experts 15.9651 sec
Elapsed time for households 15.2429 sec
Iteration 182
Elapsed time for kappa 40.5266 sec
Elapsed time for experts 15.6523 sec
Elapsed time for households 15.2756 sec
Iteration 183
Elapsed time for kappa 40.3598 sec
Elapsed time for experts 16.4162 sec
Elapsed time for households 23.7870 sec
Iteration 184
Elapsed time for kappa 42.5562 sec
Elapsed time for experts 16.6267 sec
Elapsed time for households 15.8983 sec
Iteration 185
Elapsed time for kappa 41.2296 sec
Elapsed time for experts 17.9571 sec
Elapsed time for households 16.0839 sec
Iteration 186
Elapsed time for kappa 40.4487 sec
Elapsed time for experts 17.3798 sec
Elapsed time for households 15.6039 sec
Iteration 187
Elapsed time for kappa 40.7313 sec
Elapsed time for experts 16.4487 sec
Elapsed time for households 16.3043 sec
Iteration 188
Elapsed time for kappa 40.1441 sec
Elapsed time for experts 16.9921 sec
Elapsed time for households 15.8222 sec
Iteration 189
Elapsed time for kappa 40.6111 sec
Elapsed time for experts 15.8335 sec
Elapsed time for households 24.0358 sec
Iteration 190
Elapsed time for kappa 42.1018 sec
Elapsed time for experts 15.5396 sec
Elapsed time for households 16.1815 sec
Iteration 191
Elapsed time for kappa 41.1446 sec
Elapsed time for experts 15.9389 sec
Elapsed time for households 16.4032 sec
Iteration 192
Elapsed time for kappa 40.6818 sec
Elapsed time for experts 15.7324 sec
Elapsed time for households 15.6582 sec
Iteration 193
Elapsed time for kappa 41.1611 sec
Elapsed time for experts 15.0364 sec
Elapsed time for households 15.9415 sec
Iteration 194
Elapsed time for kappa 40.1398 sec
Elapsed time for experts 14.9895 sec
Elapsed time for households 15.7091 sec
Iteration 195
Elapsed time for kappa 39.9184 sec
Elapsed time for experts 15.5275 sec
Elapsed time for households 25.1596 sec
Iteration 196
Elapsed time for kappa 41.7695 sec
Elapsed time for experts 15.3850 sec
Elapsed time for households 16.2680 sec
Iteration 197
Elapsed time for kappa 41.4421 sec
Elapsed time for experts 16.1153 sec
Elapsed time for households 16.8066 sec
Iteration 198
Elapsed time for kappa 40.7935 sec
Elapsed time for experts 16.5567 sec
Elapsed time for households 16.1321 sec
Iteration 199
Elapsed time for kappa 40.2524 sec
Elapsed time for experts 16.8085 sec
Elapsed time for households 15.3615 sec
Elapsed time for training 14455.1460 sec
