Iteration 0
Elapsed time for kappa 85.1390 sec
Elapsed time for experts 28.2130 sec
Elapsed time for households 23.1798 sec
Iteration 1
Elapsed time for kappa 43.6358 sec
Elapsed time for experts 21.8717 sec
Elapsed time for households 20.6786 sec
Iteration 2
Elapsed time for kappa 43.9794 sec
Elapsed time for experts 21.5465 sec
Elapsed time for households 20.1708 sec
Iteration 3
Elapsed time for kappa 40.9884 sec
Elapsed time for experts 15.4736 sec
Elapsed time for households 19.6833 sec
Iteration 4
Elapsed time for kappa 40.6837 sec
Elapsed time for experts 21.1928 sec
Elapsed time for households 19.2935 sec
Iteration 5
Elapsed time for kappa 40.5107 sec
Elapsed time for experts 17.0140 sec
Elapsed time for households 13.3768 sec
Iteration 6
Elapsed time for kappa 40.8540 sec
Elapsed time for experts 21.4572 sec
Elapsed time for households 13.4118 sec
Iteration 7
Elapsed time for kappa 48.9744 sec
Elapsed time for experts 15.8263 sec
Elapsed time for households 17.2596 sec
Iteration 8
Elapsed time for kappa 40.8377 sec
Elapsed time for experts 15.8272 sec
Elapsed time for households 13.7940 sec
Iteration 9
Elapsed time for kappa 40.3768 sec
Elapsed time for experts 16.5513 sec
Elapsed time for households 12.8834 sec
Iteration 10
Elapsed time for kappa 40.0661 sec
Elapsed time for experts 16.7143 sec
Elapsed time for households 16.6697 sec
Iteration 11
Elapsed time for kappa 40.9756 sec
Elapsed time for experts 16.9844 sec
Elapsed time for households 13.6093 sec
Iteration 12
Elapsed time for kappa 40.2273 sec
Elapsed time for experts 17.3184 sec
Elapsed time for households 22.0015 sec
Iteration 13
Elapsed time for kappa 41.3368 sec
Elapsed time for experts 15.3787 sec
Elapsed time for households 13.1611 sec
Iteration 14
Elapsed time for kappa 40.7119 sec
Elapsed time for experts 14.9135 sec
Elapsed time for households 13.0669 sec
Iteration 15
Elapsed time for kappa 40.5395 sec
Elapsed time for experts 14.9553 sec
Elapsed time for households 13.3856 sec
Iteration 16
Elapsed time for kappa 41.0561 sec
Elapsed time for experts 15.1048 sec
Elapsed time for households 13.2158 sec
Iteration 17
Elapsed time for kappa 39.9790 sec
Elapsed time for experts 15.1724 sec
Elapsed time for households 13.4817 sec
Iteration 18
Elapsed time for kappa 40.2809 sec
Elapsed time for experts 15.9234 sec
Elapsed time for households 22.7205 sec
Iteration 19
Elapsed time for kappa 41.6074 sec
Elapsed time for experts 15.8356 sec
Elapsed time for households 13.7492 sec
Iteration 20
Elapsed time for kappa 40.5671 sec
Elapsed time for experts 15.9135 sec
Elapsed time for households 13.4810 sec
Iteration 21
Elapsed time for kappa 40.3417 sec
Elapsed time for experts 17.1684 sec
Elapsed time for households 13.1090 sec
Iteration 22
Elapsed time for kappa 40.2034 sec
Elapsed time for experts 16.8969 sec
Elapsed time for households 13.2021 sec
Iteration 23
Elapsed time for kappa 40.0052 sec
Elapsed time for experts 17.1584 sec
Elapsed time for households 13.6002 sec
Iteration 24
Elapsed time for kappa 40.1202 sec
Elapsed time for experts 23.8234 sec
Elapsed time for households 14.1368 sec
Iteration 25
Elapsed time for kappa 40.5224 sec
Elapsed time for experts 16.6373 sec
Elapsed time for households 13.5771 sec
Iteration 26
Elapsed time for kappa 40.2889 sec
Elapsed time for experts 16.0993 sec
Elapsed time for households 13.5514 sec
Iteration 27
Elapsed time for kappa 40.4124 sec
Elapsed time for experts 15.4266 sec
Elapsed time for households 13.2947 sec
Iteration 28
Elapsed time for kappa 39.9407 sec
Elapsed time for experts 16.2237 sec
Elapsed time for households 13.0881 sec
Iteration 29
Elapsed time for kappa 39.9572 sec
Elapsed time for experts 14.8743 sec
Elapsed time for households 13.1283 sec
Iteration 30
Elapsed time for kappa 40.0241 sec
Elapsed time for experts 26.8114 sec
Elapsed time for households 14.2008 sec
Iteration 31
Elapsed time for kappa 40.6424 sec
Elapsed time for experts 15.2756 sec
Elapsed time for households 13.9107 sec
Iteration 32
Elapsed time for kappa 40.4296 sec
Elapsed time for experts 17.4149 sec
Elapsed time for households 13.7434 sec
Iteration 33
Elapsed time for kappa 40.1466 sec
Elapsed time for experts 16.8088 sec
Elapsed time for households 13.4749 sec
Iteration 34
Elapsed time for kappa 41.2047 sec
Elapsed time for experts 16.3270 sec
Elapsed time for households 13.6216 sec
Iteration 35
Elapsed time for kappa 40.3710 sec
Elapsed time for experts 15.6923 sec
Elapsed time for households 13.0449 sec
Iteration 36
Elapsed time for kappa 40.2611 sec
Elapsed time for experts 25.5244 sec
Elapsed time for households 14.1736 sec
Iteration 37
Elapsed time for kappa 41.0167 sec
Elapsed time for experts 15.9820 sec
Elapsed time for households 13.5063 sec
Iteration 38
Elapsed time for kappa 40.6390 sec
Elapsed time for experts 15.0820 sec
Elapsed time for households 13.5297 sec
Iteration 39
Elapsed time for kappa 40.6507 sec
Elapsed time for experts 16.1929 sec
Elapsed time for households 13.3324 sec
Iteration 40
Elapsed time for kappa 40.7318 sec
Elapsed time for experts 16.6564 sec
Elapsed time for households 13.3584 sec
Iteration 41
Elapsed time for kappa 39.9310 sec
Elapsed time for experts 16.6552 sec
Elapsed time for households 13.4953 sec
Iteration 42
Elapsed time for kappa 50.5158 sec
Elapsed time for experts 16.5819 sec
Elapsed time for households 13.3529 sec
Iteration 43
Elapsed time for kappa 40.6448 sec
Elapsed time for experts 15.1173 sec
Elapsed time for households 13.4113 sec
Iteration 44
Elapsed time for kappa 40.2425 sec
Elapsed time for experts 16.4651 sec
Elapsed time for households 13.3850 sec
Iteration 45
Elapsed time for kappa 40.8082 sec
Elapsed time for experts 15.0899 sec
Elapsed time for households 13.6240 sec
Iteration 46
Elapsed time for kappa 40.3092 sec
Elapsed time for experts 14.8969 sec
Elapsed time for households 13.3771 sec
Iteration 47
Elapsed time for kappa 39.7340 sec
Elapsed time for experts 14.9975 sec
Elapsed time for households 13.0542 sec
Iteration 48
Elapsed time for kappa 50.3234 sec
Elapsed time for experts 15.7146 sec
Elapsed time for households 13.0419 sec
Iteration 49
Elapsed time for kappa 40.0259 sec
Elapsed time for experts 14.7627 sec
Elapsed time for households 13.1728 sec
Iteration 50
Elapsed time for kappa 40.7318 sec
Elapsed time for experts 15.1203 sec
Elapsed time for households 13.2400 sec
Iteration 51
Elapsed time for kappa 40.2543 sec
Elapsed time for experts 16.5797 sec
Elapsed time for households 13.3655 sec
Iteration 52
Elapsed time for kappa 39.6773 sec
Elapsed time for experts 16.5820 sec
Elapsed time for households 13.1442 sec
Iteration 53
Elapsed time for kappa 39.6555 sec
Elapsed time for experts 15.5369 sec
Elapsed time for households 12.9770 sec
Iteration 54
Elapsed time for kappa 48.4209 sec
Elapsed time for experts 16.8332 sec
Elapsed time for households 13.7369 sec
Iteration 55
Elapsed time for kappa 40.3717 sec
Elapsed time for experts 16.2924 sec
Elapsed time for households 13.0495 sec
Iteration 56
Elapsed time for kappa 39.3267 sec
Elapsed time for experts 15.9719 sec
Elapsed time for households 13.4093 sec
Iteration 57
Elapsed time for kappa 40.0918 sec
Elapsed time for experts 17.4773 sec
Elapsed time for households 13.1122 sec
Iteration 58
Elapsed time for kappa 39.0280 sec
Elapsed time for experts 15.7189 sec
Elapsed time for households 13.3728 sec
Iteration 59
Elapsed time for kappa 39.3916 sec
Elapsed time for experts 16.0241 sec
Elapsed time for households 13.6294 sec
Iteration 60
Elapsed time for kappa 50.2282 sec
Elapsed time for experts 15.3526 sec
Elapsed time for households 13.3091 sec
Iteration 61
Elapsed time for kappa 39.1850 sec
Elapsed time for experts 16.1852 sec
Elapsed time for households 13.5030 sec
Iteration 62
Elapsed time for kappa 39.9320 sec
Elapsed time for experts 16.0039 sec
Elapsed time for households 13.0479 sec
Iteration 63
Elapsed time for kappa 39.7946 sec
Elapsed time for experts 14.8380 sec
Elapsed time for households 13.0678 sec
Iteration 64
Elapsed time for kappa 39.4597 sec
Elapsed time for experts 15.4331 sec
Elapsed time for households 13.4453 sec
Iteration 65
Elapsed time for kappa 39.6197 sec
Elapsed time for experts 15.6722 sec
Elapsed time for households 21.2113 sec
Iteration 66
Elapsed time for kappa 41.1892 sec
Elapsed time for experts 14.9354 sec
Elapsed time for households 13.4822 sec
Iteration 67
Elapsed time for kappa 39.2600 sec
Elapsed time for experts 14.6320 sec
Elapsed time for households 12.6587 sec
Iteration 68
Elapsed time for kappa 39.5561 sec
Elapsed time for experts 15.6128 sec
Elapsed time for households 13.6619 sec
Iteration 69
Elapsed time for kappa 40.1214 sec
Elapsed time for experts 15.4070 sec
Elapsed time for households 13.6229 sec
Iteration 70
Elapsed time for kappa 39.6045 sec
Elapsed time for experts 15.7140 sec
Elapsed time for households 13.2750 sec
Iteration 71
Elapsed time for kappa 39.5064 sec
Elapsed time for experts 24.3606 sec
Elapsed time for households 13.7898 sec
Iteration 72
Elapsed time for kappa 40.1796 sec
Elapsed time for experts 16.9788 sec
Elapsed time for households 12.7894 sec
Iteration 73
Elapsed time for kappa 40.0018 sec
Elapsed time for experts 15.1867 sec
Elapsed time for households 13.1152 sec
Iteration 74
Elapsed time for kappa 40.2563 sec
Elapsed time for experts 19.2385 sec
Elapsed time for households 12.6803 sec
Iteration 75
Elapsed time for kappa 39.5209 sec
Elapsed time for experts 15.6598 sec
Elapsed time for households 12.9214 sec
Iteration 76
Elapsed time for kappa 39.5376 sec
Elapsed time for experts 16.8360 sec
Elapsed time for households 12.6964 sec
Iteration 77
Elapsed time for kappa 40.4296 sec
Elapsed time for experts 23.7842 sec
Elapsed time for households 14.1736 sec
Iteration 78
Elapsed time for kappa 40.4510 sec
Elapsed time for experts 15.4765 sec
Elapsed time for households 13.3024 sec
Iteration 79
Elapsed time for kappa 40.3809 sec
Elapsed time for experts 15.4917 sec
Elapsed time for households 13.1611 sec
Iteration 80
Elapsed time for kappa 40.6551 sec
Elapsed time for experts 16.1158 sec
Elapsed time for households 13.1271 sec
Iteration 81
Elapsed time for kappa 40.4128 sec
Elapsed time for experts 15.9222 sec
Elapsed time for households 13.3796 sec
Iteration 82
Elapsed time for kappa 40.3385 sec
Elapsed time for experts 15.9225 sec
Elapsed time for households 13.1893 sec
Iteration 83
Elapsed time for kappa 40.2662 sec
Elapsed time for experts 25.0286 sec
Elapsed time for households 14.1793 sec
Iteration 84
Elapsed time for kappa 40.7070 sec
Elapsed time for experts 15.8663 sec
Elapsed time for households 13.2605 sec
Iteration 85
Elapsed time for kappa 40.8909 sec
Elapsed time for experts 15.4549 sec
Elapsed time for households 13.3603 sec
Iteration 86
Elapsed time for kappa 39.9408 sec
Elapsed time for experts 17.5643 sec
Elapsed time for households 13.4887 sec
Iteration 87
Elapsed time for kappa 39.3202 sec
Elapsed time for experts 14.5054 sec
Elapsed time for households 12.7423 sec
Iteration 88
Elapsed time for kappa 39.0111 sec
Elapsed time for experts 15.2014 sec
Elapsed time for households 12.4499 sec
Iteration 89
Elapsed time for kappa 39.0355 sec
Elapsed time for experts 23.7076 sec
Elapsed time for households 14.0854 sec
Iteration 90
Elapsed time for kappa 40.1985 sec
Elapsed time for experts 16.1931 sec
Elapsed time for households 13.2564 sec
Iteration 91
Elapsed time for kappa 40.4941 sec
Elapsed time for experts 15.5501 sec
Elapsed time for households 13.3130 sec
Iteration 92
Elapsed time for kappa 39.6184 sec
Elapsed time for experts 15.8484 sec
Elapsed time for households 12.8805 sec
Iteration 93
Elapsed time for kappa 39.5990 sec
Elapsed time for experts 14.6555 sec
Elapsed time for households 13.3268 sec
Iteration 94
Elapsed time for kappa 39.0908 sec
Elapsed time for experts 14.4279 sec
Elapsed time for households 12.5334 sec
Iteration 95
Elapsed time for kappa 48.6196 sec
Elapsed time for experts 15.0841 sec
Elapsed time for households 13.0954 sec
Iteration 96
Elapsed time for kappa 39.1645 sec
Elapsed time for experts 14.7810 sec
Elapsed time for households 13.2342 sec
Iteration 97
Elapsed time for kappa 39.5608 sec
Elapsed time for experts 15.2081 sec
Elapsed time for households 13.1398 sec
Iteration 98
Elapsed time for kappa 39.5593 sec
Elapsed time for experts 15.8535 sec
Elapsed time for households 13.2949 sec
Iteration 99
Elapsed time for kappa 39.3107 sec
Elapsed time for experts 17.0656 sec
Elapsed time for households 13.2024 sec
Iteration 100
Elapsed time for kappa 39.1017 sec
Elapsed time for experts 14.8870 sec
Elapsed time for households 13.0032 sec
Iteration 101
Elapsed time for kappa 49.2467 sec
Elapsed time for experts 16.7913 sec
Elapsed time for households 13.7514 sec
Iteration 102
Elapsed time for kappa 39.8944 sec
Elapsed time for experts 16.3674 sec
Elapsed time for households 13.2351 sec
Iteration 103
Elapsed time for kappa 40.0074 sec
Elapsed time for experts 14.8396 sec
Elapsed time for households 13.0613 sec
Iteration 104
Elapsed time for kappa 39.9936 sec
Elapsed time for experts 17.1701 sec
Elapsed time for households 13.0391 sec
Iteration 105
Elapsed time for kappa 39.9472 sec
Elapsed time for experts 15.3928 sec
Elapsed time for households 13.4797 sec
Iteration 106
Elapsed time for kappa 39.7755 sec
Elapsed time for experts 15.6712 sec
Elapsed time for households 13.2410 sec
Iteration 107
Elapsed time for kappa 49.7079 sec
Elapsed time for experts 18.6482 sec
Elapsed time for households 13.1345 sec
Iteration 108
Elapsed time for kappa 39.7189 sec
Elapsed time for experts 15.3252 sec
Elapsed time for households 12.8129 sec
Iteration 109
Elapsed time for kappa 39.9324 sec
Elapsed time for experts 14.9670 sec
Elapsed time for households 13.4788 sec
Iteration 110
Elapsed time for kappa 39.8860 sec
Elapsed time for experts 15.1459 sec
Elapsed time for households 13.7261 sec
Iteration 111
Elapsed time for kappa 40.0020 sec
Elapsed time for experts 15.5024 sec
Elapsed time for households 13.0647 sec
Iteration 112
Elapsed time for kappa 39.6447 sec
Elapsed time for experts 14.9766 sec
Elapsed time for households 13.0004 sec
Iteration 113
Elapsed time for kappa 49.7717 sec
Elapsed time for experts 16.5849 sec
Elapsed time for households 13.4229 sec
Iteration 114
Elapsed time for kappa 40.5633 sec
Elapsed time for experts 16.3171 sec
Elapsed time for households 13.1261 sec
Iteration 115
Elapsed time for kappa 40.2086 sec
Elapsed time for experts 15.4511 sec
Elapsed time for households 13.3064 sec
Iteration 116
Elapsed time for kappa 39.7710 sec
Elapsed time for experts 21.1630 sec
Elapsed time for households 13.3367 sec
Iteration 117
Elapsed time for kappa 39.4130 sec
Elapsed time for experts 16.5160 sec
Elapsed time for households 13.1166 sec
Iteration 118
Elapsed time for kappa 39.0953 sec
Elapsed time for experts 19.4860 sec
Elapsed time for households 20.4716 sec
Iteration 119
Elapsed time for kappa 41.0316 sec
Elapsed time for experts 17.9397 sec
Elapsed time for households 13.3512 sec
Iteration 120
Elapsed time for kappa 40.3262 sec
Elapsed time for experts 16.1608 sec
Elapsed time for households 13.2873 sec
Iteration 121
Elapsed time for kappa 39.6701 sec
Elapsed time for experts 19.1231 sec
Elapsed time for households 13.2161 sec
Iteration 122
Elapsed time for kappa 39.3267 sec
Elapsed time for experts 18.9999 sec
Elapsed time for households 13.3331 sec
Iteration 123
Elapsed time for kappa 39.3290 sec
Elapsed time for experts 15.0327 sec
Elapsed time for households 12.7605 sec
Iteration 124
Elapsed time for kappa 39.1315 sec
Elapsed time for experts 14.4476 sec
Elapsed time for households 21.8873 sec
Iteration 125
Elapsed time for kappa 40.7198 sec
Elapsed time for experts 14.9011 sec
Elapsed time for households 13.6050 sec
Iteration 126
Elapsed time for kappa 39.9314 sec
Elapsed time for experts 15.2874 sec
Elapsed time for households 13.2123 sec
Iteration 127
Elapsed time for kappa 39.5187 sec
Elapsed time for experts 14.8954 sec
Elapsed time for households 13.3017 sec
Iteration 128
Elapsed time for kappa 39.5758 sec
Elapsed time for experts 15.1141 sec
Elapsed time for households 12.7008 sec
Iteration 129
Elapsed time for kappa 38.8928 sec
Elapsed time for experts 15.3206 sec
Elapsed time for households 12.9218 sec
Iteration 130
Elapsed time for kappa 38.5479 sec
Elapsed time for experts 14.2828 sec
Elapsed time for households 21.6588 sec
Iteration 131
Elapsed time for kappa 40.1240 sec
Elapsed time for experts 14.8162 sec
Elapsed time for households 13.9294 sec
Iteration 132
Elapsed time for kappa 40.2730 sec
Elapsed time for experts 14.6263 sec
Elapsed time for households 13.3188 sec
Iteration 133
Elapsed time for kappa 39.0887 sec
Elapsed time for experts 14.3730 sec
Elapsed time for households 12.6519 sec
Iteration 134
Elapsed time for kappa 38.6533 sec
Elapsed time for experts 14.5954 sec
Elapsed time for households 12.6731 sec
Iteration 135
Elapsed time for kappa 38.7683 sec
Elapsed time for experts 14.3781 sec
Elapsed time for households 12.5945 sec
Iteration 136
Elapsed time for kappa 39.2700 sec
Elapsed time for experts 23.5595 sec
Elapsed time for households 13.5593 sec
Iteration 137
Elapsed time for kappa 40.5636 sec
Elapsed time for experts 15.6203 sec
Elapsed time for households 13.4819 sec
Iteration 138
Elapsed time for kappa 40.2233 sec
Elapsed time for experts 15.1918 sec
Elapsed time for households 13.6486 sec
Iteration 139
Elapsed time for kappa 39.4239 sec
Elapsed time for experts 14.9038 sec
Elapsed time for households 13.2776 sec
Iteration 140
Elapsed time for kappa 39.8126 sec
Elapsed time for experts 14.6401 sec
Elapsed time for households 13.1147 sec
Iteration 141
Elapsed time for kappa 39.0040 sec
Elapsed time for experts 14.2544 sec
Elapsed time for households 12.3663 sec
Iteration 142
Elapsed time for kappa 37.8755 sec
Elapsed time for experts 22.4693 sec
Elapsed time for households 14.0691 sec
Iteration 143
Elapsed time for kappa 40.0162 sec
Elapsed time for experts 14.5935 sec
Elapsed time for households 12.6197 sec
Iteration 144
Elapsed time for kappa 38.4629 sec
Elapsed time for experts 14.6713 sec
Elapsed time for households 13.0009 sec
Iteration 145
Elapsed time for kappa 38.1418 sec
Elapsed time for experts 14.0528 sec
Elapsed time for households 12.6391 sec
Iteration 146
Elapsed time for kappa 38.5858 sec
Elapsed time for experts 13.9723 sec
Elapsed time for households 12.8263 sec
Iteration 147
Elapsed time for kappa 37.9766 sec
Elapsed time for experts 14.7738 sec
Elapsed time for households 12.6537 sec
Iteration 148
Elapsed time for kappa 37.8813 sec
Elapsed time for experts 22.5095 sec
Elapsed time for households 13.4758 sec
Iteration 149
Elapsed time for kappa 38.9441 sec
Elapsed time for experts 14.5314 sec
Elapsed time for households 12.9689 sec
Iteration 150
Elapsed time for kappa 38.2333 sec
Elapsed time for experts 14.2029 sec
Elapsed time for households 12.4090 sec
Iteration 151
Elapsed time for kappa 38.2248 sec
Elapsed time for experts 14.2720 sec
Elapsed time for households 12.6895 sec
Iteration 152
Elapsed time for kappa 37.8999 sec
Elapsed time for experts 14.3430 sec
Elapsed time for households 12.5569 sec
Iteration 153
Elapsed time for kappa 36.4934 sec
Elapsed time for experts 13.9207 sec
Elapsed time for households 12.2650 sec
Iteration 154
Elapsed time for kappa 37.5717 sec
Elapsed time for experts 21.9911 sec
Elapsed time for households 13.2468 sec
Iteration 155
Elapsed time for kappa 37.6181 sec
Elapsed time for experts 17.6266 sec
Elapsed time for households 12.5895 sec
Iteration 156
Elapsed time for kappa 36.7350 sec
Elapsed time for experts 14.5604 sec
Elapsed time for households 12.2640 sec
Iteration 157
Elapsed time for kappa 36.8984 sec
Elapsed time for experts 13.9068 sec
Elapsed time for households 12.2766 sec
Iteration 158
Elapsed time for kappa 36.4569 sec
Elapsed time for experts 14.2796 sec
Elapsed time for households 12.2156 sec
Iteration 159
Elapsed time for kappa 36.1462 sec
Elapsed time for experts 14.6266 sec
Elapsed time for households 12.0400 sec
Iteration 160
Elapsed time for kappa 44.8669 sec
Elapsed time for experts 15.3156 sec
Elapsed time for households 13.1177 sec
Iteration 161
Elapsed time for kappa 37.0693 sec
Elapsed time for experts 13.7769 sec
Elapsed time for households 12.8206 sec
Iteration 162
Elapsed time for kappa 35.7278 sec
Elapsed time for experts 15.2571 sec
Elapsed time for households 11.8935 sec
Iteration 163
Elapsed time for kappa 34.1985 sec
Elapsed time for experts 12.9726 sec
Elapsed time for households 11.6669 sec
Iteration 164
Elapsed time for kappa 33.5401 sec
Elapsed time for experts 12.2801 sec
Elapsed time for households 11.3881 sec
Iteration 165
Elapsed time for kappa 33.6335 sec
Elapsed time for experts 14.6094 sec
Elapsed time for households 11.6186 sec
Iteration 166
Elapsed time for kappa 41.1293 sec
Elapsed time for experts 13.4055 sec
Elapsed time for households 11.1580 sec
Iteration 167
Elapsed time for kappa 33.6155 sec
Elapsed time for experts 13.7880 sec
Elapsed time for households 11.2840 sec
Iteration 168
Elapsed time for kappa 33.0360 sec
Elapsed time for experts 13.2376 sec
Elapsed time for households 10.8137 sec
Iteration 169
Elapsed time for kappa 32.6235 sec
Elapsed time for experts 13.0068 sec
Elapsed time for households 11.0645 sec
Iteration 170
Elapsed time for kappa 32.4175 sec
Elapsed time for experts 12.5079 sec
Elapsed time for households 11.1037 sec
Iteration 171
Elapsed time for kappa 32.0024 sec
Elapsed time for experts 12.5263 sec
Elapsed time for households 11.1118 sec
Iteration 172
Elapsed time for kappa 40.2738 sec
Elapsed time for experts 14.5326 sec
Elapsed time for households 11.5943 sec
Iteration 173
Elapsed time for kappa 33.2792 sec
Elapsed time for experts 12.5536 sec
Elapsed time for households 11.3735 sec
Iteration 174
Elapsed time for kappa 33.0306 sec
Elapsed time for experts 13.2861 sec
Elapsed time for households 11.1718 sec
Iteration 175
Elapsed time for kappa 32.4390 sec
Elapsed time for experts 12.2315 sec
Elapsed time for households 11.1462 sec
Iteration 176
Elapsed time for kappa 32.6527 sec
Elapsed time for experts 12.3955 sec
Elapsed time for households 10.6163 sec
Iteration 177
Elapsed time for kappa 32.4063 sec
Elapsed time for experts 12.2088 sec
Elapsed time for households 10.6973 sec
Iteration 178
Elapsed time for kappa 40.4317 sec
Elapsed time for experts 13.1509 sec
Elapsed time for households 11.6097 sec
Iteration 179
Elapsed time for kappa 33.0006 sec
Elapsed time for experts 12.9439 sec
Elapsed time for households 11.3053 sec
Iteration 180
Elapsed time for kappa 33.0684 sec
Elapsed time for experts 12.2459 sec
Elapsed time for households 11.2422 sec
Iteration 181
Elapsed time for kappa 32.6560 sec
Elapsed time for experts 13.0639 sec
Elapsed time for households 11.2157 sec
Iteration 182
Elapsed time for kappa 32.3940 sec
Elapsed time for experts 12.7808 sec
Elapsed time for households 11.0295 sec
Iteration 183
Elapsed time for kappa 32.4814 sec
Elapsed time for experts 11.9153 sec
Elapsed time for households 16.6145 sec
Iteration 184
Elapsed time for kappa 33.6146 sec
Elapsed time for experts 13.8457 sec
Elapsed time for households 10.8893 sec
Iteration 185
Elapsed time for kappa 33.3012 sec
Elapsed time for experts 12.3746 sec
Elapsed time for households 11.0969 sec
Iteration 186
Elapsed time for kappa 32.6935 sec
Elapsed time for experts 12.4328 sec
Elapsed time for households 10.7482 sec
Iteration 187
Elapsed time for kappa 32.6458 sec
Elapsed time for experts 12.7120 sec
Elapsed time for households 10.7591 sec
Iteration 188
Elapsed time for kappa 32.1974 sec
Elapsed time for experts 12.1448 sec
Elapsed time for households 10.9994 sec
Iteration 189
Elapsed time for kappa 32.3717 sec
Elapsed time for experts 12.8279 sec
Elapsed time for households 17.3388 sec
Iteration 190
Elapsed time for kappa 33.1394 sec
Elapsed time for experts 12.4431 sec
Elapsed time for households 14.2495 sec
Iteration 191
Elapsed time for kappa 32.5550 sec
Elapsed time for experts 12.5533 sec
Elapsed time for households 11.3523 sec
Iteration 192
Elapsed time for kappa 32.5848 sec
Elapsed time for experts 13.9947 sec
Elapsed time for households 11.1842 sec
Iteration 193
Elapsed time for kappa 32.2911 sec
Elapsed time for experts 13.0113 sec
Elapsed time for households 10.9805 sec
Iteration 194
Elapsed time for kappa 32.1300 sec
Elapsed time for experts 12.1350 sec
Elapsed time for households 11.0724 sec
Iteration 195
Elapsed time for kappa 32.2079 sec
Elapsed time for experts 12.6264 sec
Elapsed time for households 17.1988 sec
Iteration 196
Elapsed time for kappa 32.9127 sec
Elapsed time for experts 13.2856 sec
Elapsed time for households 11.0744 sec
Iteration 197
Elapsed time for kappa 32.6593 sec
Elapsed time for experts 13.0360 sec
Elapsed time for households 11.3235 sec
Iteration 198
Elapsed time for kappa 32.5227 sec
Elapsed time for experts 12.8698 sec
Elapsed time for households 11.0053 sec
Iteration 199
Elapsed time for kappa 32.3243 sec
Elapsed time for experts 12.3035 sec
Elapsed time for households 11.2751 sec
Elapsed time for training 13713.2777 sec
90000 90000 90000 90000
