Iteration 0
Elapsed time for kappa 75.3281 sec
Elapsed time for experts 24.5970 sec
Elapsed time for households 18.5455 sec
Iteration 1
Elapsed time for kappa 35.6249 sec
Elapsed time for experts 19.5796 sec
Elapsed time for households 15.3682 sec
Iteration 2
Elapsed time for kappa 32.6029 sec
Elapsed time for experts 19.2226 sec
Elapsed time for households 14.7334 sec
Iteration 3
Elapsed time for kappa 32.5497 sec
Elapsed time for experts 13.0221 sec
Elapsed time for households 13.8611 sec
Iteration 4
Elapsed time for kappa 33.1179 sec
Elapsed time for experts 17.7547 sec
Elapsed time for households 14.1435 sec
Iteration 5
Elapsed time for kappa 32.4286 sec
Elapsed time for experts 13.9701 sec
Elapsed time for households 13.4926 sec
Iteration 6
Elapsed time for kappa 33.2271 sec
Elapsed time for experts 14.7600 sec
Elapsed time for households 13.0742 sec
Iteration 7
Elapsed time for kappa 39.5218 sec
Elapsed time for experts 15.1910 sec
Elapsed time for households 13.4811 sec
Iteration 8
Elapsed time for kappa 32.5286 sec
Elapsed time for experts 13.2466 sec
Elapsed time for households 13.9362 sec
Iteration 9
Elapsed time for kappa 32.2979 sec
Elapsed time for experts 18.0361 sec
Elapsed time for households 13.2618 sec
Iteration 10
Elapsed time for kappa 33.0438 sec
Elapsed time for experts 15.7764 sec
Elapsed time for households 12.3813 sec
Iteration 11
Elapsed time for kappa 33.0812 sec
Elapsed time for experts 13.5078 sec
Elapsed time for households 12.7518 sec
Iteration 12
Elapsed time for kappa 33.2241 sec
Elapsed time for experts 15.8139 sec
Elapsed time for households 19.6955 sec
Iteration 13
Elapsed time for kappa 33.6668 sec
Elapsed time for experts 12.5714 sec
Elapsed time for households 14.0609 sec
Iteration 14
Elapsed time for kappa 32.9729 sec
Elapsed time for experts 12.2603 sec
Elapsed time for households 14.3671 sec
Iteration 15
Elapsed time for kappa 32.7149 sec
Elapsed time for experts 14.0668 sec
Elapsed time for households 14.7504 sec
Iteration 16
Elapsed time for kappa 32.9061 sec
Elapsed time for experts 18.2715 sec
Elapsed time for households 13.0515 sec
Iteration 17
Elapsed time for kappa 32.8189 sec
Elapsed time for experts 13.0583 sec
Elapsed time for households 12.9466 sec
Iteration 18
Elapsed time for kappa 32.7379 sec
Elapsed time for experts 15.7290 sec
Elapsed time for households 19.6895 sec
Iteration 19
Elapsed time for kappa 33.5699 sec
Elapsed time for experts 13.6416 sec
Elapsed time for households 13.3329 sec
Iteration 20
Elapsed time for kappa 32.8501 sec
Elapsed time for experts 13.2315 sec
Elapsed time for households 13.9312 sec
Iteration 21
Elapsed time for kappa 32.5831 sec
Elapsed time for experts 13.7011 sec
Elapsed time for households 13.6151 sec
Iteration 22
Elapsed time for kappa 32.5032 sec
Elapsed time for experts 14.6205 sec
Elapsed time for households 12.9873 sec
Iteration 23
Elapsed time for kappa 32.6198 sec
Elapsed time for experts 16.7683 sec
Elapsed time for households 13.2828 sec
Iteration 24
Elapsed time for kappa 32.7404 sec
Elapsed time for experts 18.9087 sec
Elapsed time for households 13.9159 sec
Iteration 25
Elapsed time for kappa 33.7323 sec
Elapsed time for experts 15.8010 sec
Elapsed time for households 13.6589 sec
Iteration 26
Elapsed time for kappa 33.2491 sec
Elapsed time for experts 14.1226 sec
Elapsed time for households 13.1498 sec
Iteration 27
Elapsed time for kappa 32.4586 sec
Elapsed time for experts 17.4884 sec
Elapsed time for households 12.6861 sec
Iteration 28
Elapsed time for kappa 33.2068 sec
Elapsed time for experts 16.0428 sec
Elapsed time for households 13.1352 sec
Iteration 29
Elapsed time for kappa 33.1682 sec
Elapsed time for experts 14.0649 sec
Elapsed time for households 12.9797 sec
Iteration 30
Elapsed time for kappa 32.9659 sec
Elapsed time for experts 22.1045 sec
Elapsed time for households 13.6293 sec
Iteration 31
Elapsed time for kappa 33.2137 sec
Elapsed time for experts 17.6939 sec
Elapsed time for households 13.3726 sec
Iteration 32
Elapsed time for kappa 33.1098 sec
Elapsed time for experts 13.1631 sec
Elapsed time for households 13.3622 sec
Iteration 33
Elapsed time for kappa 32.6411 sec
Elapsed time for experts 13.9639 sec
Elapsed time for households 13.2719 sec
Iteration 34
Elapsed time for kappa 32.4769 sec
Elapsed time for experts 13.5557 sec
Elapsed time for households 13.4945 sec
Iteration 35
Elapsed time for kappa 32.4652 sec
Elapsed time for experts 13.5169 sec
Elapsed time for households 12.9899 sec
Iteration 36
Elapsed time for kappa 32.5259 sec
Elapsed time for experts 20.0882 sec
Elapsed time for households 14.3116 sec
Iteration 37
Elapsed time for kappa 33.5761 sec
Elapsed time for experts 14.4186 sec
Elapsed time for households 13.7831 sec
Iteration 38
Elapsed time for kappa 32.9060 sec
Elapsed time for experts 13.9972 sec
Elapsed time for households 13.5670 sec
Iteration 39
Elapsed time for kappa 32.9979 sec
Elapsed time for experts 13.6468 sec
Elapsed time for households 13.7868 sec
Iteration 40
Elapsed time for kappa 32.6388 sec
Elapsed time for experts 12.3569 sec
Elapsed time for households 14.0432 sec
Iteration 41
Elapsed time for kappa 32.2172 sec
Elapsed time for experts 13.7797 sec
Elapsed time for households 14.0739 sec
Iteration 42
Elapsed time for kappa 39.4899 sec
Elapsed time for experts 15.9256 sec
Elapsed time for households 13.8467 sec
Iteration 43
Elapsed time for kappa 33.1842 sec
Elapsed time for experts 17.6336 sec
Elapsed time for households 12.8154 sec
Iteration 44
Elapsed time for kappa 33.2715 sec
Elapsed time for experts 15.3766 sec
Elapsed time for households 13.4444 sec
Iteration 45
Elapsed time for kappa 33.3052 sec
Elapsed time for experts 14.0436 sec
Elapsed time for households 12.7945 sec
Iteration 46
Elapsed time for kappa 33.0157 sec
Elapsed time for experts 14.6555 sec
Elapsed time for households 12.9541 sec
Iteration 47
Elapsed time for kappa 32.9158 sec
Elapsed time for experts 12.7713 sec
Elapsed time for households 13.3870 sec
Iteration 48
Elapsed time for kappa 40.2447 sec
Elapsed time for experts 15.0534 sec
Elapsed time for households 13.6013 sec
Iteration 49
Elapsed time for kappa 33.3712 sec
Elapsed time for experts 16.9642 sec
Elapsed time for households 12.0916 sec
Iteration 50
Elapsed time for kappa 32.4429 sec
Elapsed time for experts 13.6569 sec
Elapsed time for households 13.5723 sec
Iteration 51
Elapsed time for kappa 32.3327 sec
Elapsed time for experts 15.3118 sec
Elapsed time for households 13.5872 sec
Iteration 52
Elapsed time for kappa 33.1596 sec
Elapsed time for experts 13.2956 sec
Elapsed time for households 13.1488 sec
Iteration 53
Elapsed time for kappa 32.7275 sec
Elapsed time for experts 14.8374 sec
Elapsed time for households 13.3036 sec
Iteration 54
Elapsed time for kappa 39.0458 sec
Elapsed time for experts 13.8249 sec
Elapsed time for households 14.0868 sec
Iteration 55
Elapsed time for kappa 33.2196 sec
Elapsed time for experts 14.9757 sec
Elapsed time for households 13.4078 sec
Iteration 56
Elapsed time for kappa 32.7514 sec
Elapsed time for experts 13.1423 sec
Elapsed time for households 13.3838 sec
Iteration 57
Elapsed time for kappa 32.7706 sec
Elapsed time for experts 16.9245 sec
Elapsed time for households 13.3781 sec
Iteration 58
Elapsed time for kappa 32.3661 sec
Elapsed time for experts 14.1551 sec
Elapsed time for households 13.3522 sec
Iteration 59
Elapsed time for kappa 32.8541 sec
Elapsed time for experts 13.8004 sec
Elapsed time for households 12.8864 sec
Iteration 60
Elapsed time for kappa 38.4757 sec
Elapsed time for experts 13.6161 sec
Elapsed time for households 13.3620 sec
Iteration 61
Elapsed time for kappa 33.1012 sec
Elapsed time for experts 12.4633 sec
Elapsed time for households 13.5167 sec
Iteration 62
Elapsed time for kappa 33.0694 sec
Elapsed time for experts 16.7245 sec
Elapsed time for households 13.1157 sec
Iteration 63
Elapsed time for kappa 33.0770 sec
Elapsed time for experts 13.1790 sec
Elapsed time for households 13.3226 sec
Iteration 64
Elapsed time for kappa 33.2578 sec
Elapsed time for experts 16.4153 sec
Elapsed time for households 13.1641 sec
Iteration 65
Elapsed time for kappa 32.4541 sec
Elapsed time for experts 14.0019 sec
Elapsed time for households 17.4038 sec
Iteration 66
Elapsed time for kappa 33.2310 sec
Elapsed time for experts 16.9115 sec
Elapsed time for households 12.9627 sec
Iteration 67
Elapsed time for kappa 32.8623 sec
Elapsed time for experts 15.1891 sec
Elapsed time for households 13.3538 sec
Iteration 68
Elapsed time for kappa 32.9715 sec
Elapsed time for experts 14.3161 sec
Elapsed time for households 13.0634 sec
Iteration 69
Elapsed time for kappa 32.6975 sec
Elapsed time for experts 15.6635 sec
Elapsed time for households 13.2638 sec
Iteration 70
Elapsed time for kappa 32.9749 sec
Elapsed time for experts 14.8840 sec
Elapsed time for households 13.6563 sec
Iteration 71
Elapsed time for kappa 32.3389 sec
Elapsed time for experts 20.2411 sec
Elapsed time for households 13.1367 sec
Iteration 72
Elapsed time for kappa 32.9398 sec
Elapsed time for experts 14.1622 sec
Elapsed time for households 13.4971 sec
Iteration 73
Elapsed time for kappa 33.4862 sec
Elapsed time for experts 13.4124 sec
Elapsed time for households 13.8757 sec
Iteration 74
Elapsed time for kappa 33.1241 sec
Elapsed time for experts 13.3968 sec
Elapsed time for households 13.9731 sec
Iteration 75
Elapsed time for kappa 32.7769 sec
Elapsed time for experts 13.8529 sec
Elapsed time for households 13.6924 sec
Iteration 76
Elapsed time for kappa 32.3918 sec
Elapsed time for experts 14.7922 sec
Elapsed time for households 12.8013 sec
Iteration 77
Elapsed time for kappa 32.1364 sec
Elapsed time for experts 20.2946 sec
Elapsed time for households 13.5986 sec
Iteration 78
Elapsed time for kappa 33.1175 sec
Elapsed time for experts 14.1951 sec
Elapsed time for households 13.4864 sec
Iteration 79
Elapsed time for kappa 33.0883 sec
Elapsed time for experts 14.6168 sec
Elapsed time for households 13.3885 sec
Iteration 80
Elapsed time for kappa 32.6478 sec
Elapsed time for experts 14.6502 sec
Elapsed time for households 13.2767 sec
Iteration 81
Elapsed time for kappa 32.3666 sec
Elapsed time for experts 13.1596 sec
Elapsed time for households 13.1194 sec
Iteration 82
Elapsed time for kappa 32.4755 sec
Elapsed time for experts 13.1963 sec
Elapsed time for households 12.8766 sec
Iteration 83
Elapsed time for kappa 32.3207 sec
Elapsed time for experts 23.5054 sec
Elapsed time for households 13.6333 sec
Iteration 84
Elapsed time for kappa 33.9349 sec
Elapsed time for experts 13.4694 sec
Elapsed time for households 13.5197 sec
Iteration 85
Elapsed time for kappa 33.3549 sec
Elapsed time for experts 13.5929 sec
Elapsed time for households 13.2144 sec
Iteration 86
Elapsed time for kappa 33.5268 sec
Elapsed time for experts 16.1297 sec
Elapsed time for households 12.6985 sec
Iteration 87
Elapsed time for kappa 32.6339 sec
Elapsed time for experts 13.4591 sec
Elapsed time for households 12.9178 sec
Iteration 88
Elapsed time for kappa 32.2528 sec
Elapsed time for experts 14.3302 sec
Elapsed time for households 13.3027 sec
Iteration 89
Elapsed time for kappa 32.3237 sec
Elapsed time for experts 20.5723 sec
Elapsed time for households 13.7666 sec
Iteration 90
Elapsed time for kappa 33.4582 sec
Elapsed time for experts 13.9306 sec
Elapsed time for households 13.5382 sec
Iteration 91
Elapsed time for kappa 32.8538 sec
Elapsed time for experts 13.5115 sec
Elapsed time for households 13.1925 sec
Iteration 92
Elapsed time for kappa 32.9021 sec
Elapsed time for experts 16.6275 sec
Elapsed time for households 13.1897 sec
Iteration 93
Elapsed time for kappa 32.8371 sec
Elapsed time for experts 14.5896 sec
Elapsed time for households 13.3007 sec
Iteration 94
Elapsed time for kappa 32.3418 sec
Elapsed time for experts 14.9014 sec
Elapsed time for households 12.9059 sec
Iteration 95
Elapsed time for kappa 39.4792 sec
Elapsed time for experts 13.9305 sec
Elapsed time for households 13.5120 sec
Iteration 96
Elapsed time for kappa 32.9086 sec
Elapsed time for experts 13.1621 sec
Elapsed time for households 12.8745 sec
Iteration 97
Elapsed time for kappa 33.2021 sec
Elapsed time for experts 15.2142 sec
Elapsed time for households 13.3013 sec
Iteration 98
Elapsed time for kappa 32.9533 sec
Elapsed time for experts 13.1700 sec
Elapsed time for households 12.9281 sec
Iteration 99
Elapsed time for kappa 32.8367 sec
Elapsed time for experts 15.1088 sec
Elapsed time for households 12.9576 sec
Iteration 100
Elapsed time for kappa 32.3256 sec
Elapsed time for experts 14.3022 sec
Elapsed time for households 18.3124 sec
Iteration 101
Elapsed time for kappa 39.8504 sec
Elapsed time for experts 13.9875 sec
Elapsed time for households 13.0310 sec
Iteration 102
Elapsed time for kappa 33.8197 sec
Elapsed time for experts 14.5950 sec
Elapsed time for households 13.5154 sec
Iteration 103
Elapsed time for kappa 32.8477 sec
Elapsed time for experts 15.7447 sec
Elapsed time for households 13.3826 sec
Iteration 104
Elapsed time for kappa 32.7018 sec
Elapsed time for experts 13.4427 sec
Elapsed time for households 13.1477 sec
Iteration 105
Elapsed time for kappa 32.8854 sec
Elapsed time for experts 14.1274 sec
Elapsed time for households 12.9425 sec
Iteration 106
Elapsed time for kappa 32.6726 sec
Elapsed time for experts 16.2266 sec
Elapsed time for households 13.5433 sec
Iteration 107
Elapsed time for kappa 39.2309 sec
Elapsed time for experts 14.6266 sec
Elapsed time for households 13.2678 sec
Iteration 108
Elapsed time for kappa 33.5832 sec
Elapsed time for experts 14.0648 sec
Elapsed time for households 13.0605 sec
Iteration 109
Elapsed time for kappa 33.2475 sec
Elapsed time for experts 12.4058 sec
Elapsed time for households 12.7119 sec
Iteration 110
Elapsed time for kappa 33.5281 sec
Elapsed time for experts 13.7782 sec
Elapsed time for households 12.8523 sec
Iteration 111
Elapsed time for kappa 32.6631 sec
Elapsed time for experts 13.8937 sec
Elapsed time for households 12.9455 sec
Iteration 112
Elapsed time for kappa 32.7747 sec
Elapsed time for experts 13.5981 sec
Elapsed time for households 13.1404 sec
Iteration 113
Elapsed time for kappa 40.0591 sec
Elapsed time for experts 15.3255 sec
Elapsed time for households 13.4555 sec
Iteration 114
Elapsed time for kappa 33.1425 sec
Elapsed time for experts 12.7020 sec
Elapsed time for households 12.5416 sec
Iteration 115
Elapsed time for kappa 33.1084 sec
Elapsed time for experts 16.0185 sec
Elapsed time for households 12.9409 sec
Iteration 116
Elapsed time for kappa 32.8254 sec
Elapsed time for experts 13.7995 sec
Elapsed time for households 12.7840 sec
Iteration 117
Elapsed time for kappa 33.2120 sec
Elapsed time for experts 13.2390 sec
Elapsed time for households 13.0279 sec
Iteration 118
Elapsed time for kappa 33.1200 sec
Elapsed time for experts 15.7834 sec
Elapsed time for households 17.6111 sec
Iteration 119
Elapsed time for kappa 33.1541 sec
Elapsed time for experts 16.2142 sec
Elapsed time for households 13.8353 sec
Iteration 120
Elapsed time for kappa 33.1621 sec
Elapsed time for experts 13.8154 sec
Elapsed time for households 13.6982 sec
Iteration 121
Elapsed time for kappa 33.4803 sec
Elapsed time for experts 13.7896 sec
Elapsed time for households 13.1915 sec
Iteration 122
Elapsed time for kappa 32.4521 sec
Elapsed time for experts 13.4662 sec
Elapsed time for households 13.6334 sec
Iteration 123
Elapsed time for kappa 32.8545 sec
Elapsed time for experts 14.1312 sec
Elapsed time for households 12.9564 sec
Iteration 124
Elapsed time for kappa 33.0176 sec
Elapsed time for experts 13.1992 sec
Elapsed time for households 19.8815 sec
Iteration 125
Elapsed time for kappa 33.2055 sec
Elapsed time for experts 16.0575 sec
Elapsed time for households 13.9524 sec
Iteration 126
Elapsed time for kappa 33.5019 sec
Elapsed time for experts 14.4455 sec
Elapsed time for households 13.8881 sec
Iteration 127
Elapsed time for kappa 33.3570 sec
Elapsed time for experts 13.7467 sec
Elapsed time for households 13.3745 sec
Iteration 128
Elapsed time for kappa 33.3599 sec
Elapsed time for experts 13.3246 sec
Elapsed time for households 12.8629 sec
Iteration 129
Elapsed time for kappa 33.1709 sec
Elapsed time for experts 14.4579 sec
Elapsed time for households 13.0770 sec
Iteration 130
Elapsed time for kappa 32.3629 sec
Elapsed time for experts 14.1327 sec
Elapsed time for households 19.8681 sec
Iteration 131
Elapsed time for kappa 33.5956 sec
Elapsed time for experts 14.6049 sec
Elapsed time for households 13.0188 sec
Iteration 132
Elapsed time for kappa 34.0625 sec
Elapsed time for experts 14.2996 sec
Elapsed time for households 12.8353 sec
Iteration 133
Elapsed time for kappa 33.6170 sec
Elapsed time for experts 17.2287 sec
Elapsed time for households 13.1850 sec
Iteration 134
Elapsed time for kappa 32.9202 sec
Elapsed time for experts 13.8848 sec
Elapsed time for households 13.3224 sec
Iteration 135
Elapsed time for kappa 32.5585 sec
Elapsed time for experts 15.7016 sec
Elapsed time for households 13.2566 sec
Iteration 136
Elapsed time for kappa 32.9770 sec
Elapsed time for experts 20.6246 sec
Elapsed time for households 14.2497 sec
Iteration 137
Elapsed time for kappa 33.3094 sec
Elapsed time for experts 13.8727 sec
Elapsed time for households 13.7358 sec
Iteration 138
Elapsed time for kappa 32.9940 sec
Elapsed time for experts 16.0044 sec
Elapsed time for households 13.6681 sec
Iteration 139
Elapsed time for kappa 32.9481 sec
Elapsed time for experts 14.2024 sec
Elapsed time for households 13.4373 sec
Iteration 140
Elapsed time for kappa 32.5503 sec
Elapsed time for experts 14.3012 sec
Elapsed time for households 13.1094 sec
Iteration 141
Elapsed time for kappa 32.4405 sec
Elapsed time for experts 15.4044 sec
Elapsed time for households 13.6802 sec
Iteration 142
Elapsed time for kappa 32.4604 sec
Elapsed time for experts 22.0361 sec
Elapsed time for households 14.2959 sec
Iteration 143
Elapsed time for kappa 34.2931 sec
Elapsed time for experts 14.1762 sec
Elapsed time for households 13.5853 sec
Iteration 144
Elapsed time for kappa 33.0545 sec
Elapsed time for experts 15.4763 sec
Elapsed time for households 11.5832 sec
Iteration 145
Elapsed time for kappa 33.1705 sec
Elapsed time for experts 14.3083 sec
Elapsed time for households 13.5903 sec
Iteration 146
Elapsed time for kappa 33.2185 sec
Elapsed time for experts 13.6026 sec
Elapsed time for households 12.2832 sec
Iteration 147
Elapsed time for kappa 32.8287 sec
Elapsed time for experts 14.3106 sec
Elapsed time for households 13.2074 sec
Iteration 148
Elapsed time for kappa 32.6238 sec
Elapsed time for experts 19.9016 sec
Elapsed time for households 13.8086 sec
Iteration 149
Elapsed time for kappa 34.1893 sec
Elapsed time for experts 14.7865 sec
Elapsed time for households 13.7602 sec
Iteration 150
Elapsed time for kappa 33.4909 sec
Elapsed time for experts 13.9093 sec
Elapsed time for households 13.4633 sec
Iteration 151
Elapsed time for kappa 32.7796 sec
Elapsed time for experts 13.2133 sec
Elapsed time for households 13.0147 sec
Iteration 152
Elapsed time for kappa 32.4800 sec
Elapsed time for experts 12.7851 sec
Elapsed time for households 13.2354 sec
Iteration 153
Elapsed time for kappa 33.3750 sec
Elapsed time for experts 15.7710 sec
Elapsed time for households 13.3349 sec
Iteration 154
Elapsed time for kappa 32.9723 sec
Elapsed time for experts 20.1218 sec
Elapsed time for households 14.1649 sec
Iteration 155
Elapsed time for kappa 33.3253 sec
Elapsed time for experts 14.4958 sec
Elapsed time for households 13.9022 sec
Iteration 156
Elapsed time for kappa 33.2429 sec
Elapsed time for experts 14.7035 sec
Elapsed time for households 13.8043 sec
Iteration 157
Elapsed time for kappa 32.8759 sec
Elapsed time for experts 13.5492 sec
Elapsed time for households 12.8890 sec
Iteration 158
Elapsed time for kappa 32.7696 sec
Elapsed time for experts 15.1859 sec
Elapsed time for households 13.0963 sec
Iteration 159
Elapsed time for kappa 32.4171 sec
Elapsed time for experts 13.6962 sec
Elapsed time for households 13.3215 sec
Iteration 160
Elapsed time for kappa 39.4802 sec
Elapsed time for experts 16.4190 sec
Elapsed time for households 13.5599 sec
Iteration 161
Elapsed time for kappa 33.6937 sec
Elapsed time for experts 14.1164 sec
Elapsed time for households 14.1482 sec
Iteration 162
Elapsed time for kappa 33.3870 sec
Elapsed time for experts 13.2470 sec
Elapsed time for households 13.7534 sec
Iteration 163
Elapsed time for kappa 33.7675 sec
Elapsed time for experts 13.6667 sec
Elapsed time for households 13.3746 sec
Iteration 164
Elapsed time for kappa 33.3459 sec
Elapsed time for experts 13.7266 sec
Elapsed time for households 13.1509 sec
Iteration 165
Elapsed time for kappa 32.6361 sec
Elapsed time for experts 16.9719 sec
Elapsed time for households 13.1687 sec
Iteration 166
Elapsed time for kappa 39.4633 sec
Elapsed time for experts 16.7316 sec
Elapsed time for households 13.6261 sec
Iteration 167
Elapsed time for kappa 33.6215 sec
Elapsed time for experts 14.9357 sec
Elapsed time for households 14.0751 sec
Iteration 168
Elapsed time for kappa 33.2885 sec
Elapsed time for experts 14.4585 sec
Elapsed time for households 13.2463 sec
Iteration 169
Elapsed time for kappa 33.0048 sec
Elapsed time for experts 12.1564 sec
Elapsed time for households 12.9891 sec
Iteration 170
Elapsed time for kappa 33.0485 sec
Elapsed time for experts 13.2617 sec
Elapsed time for households 13.5010 sec
Iteration 171
Elapsed time for kappa 32.5986 sec
Elapsed time for experts 14.5372 sec
Elapsed time for households 13.3958 sec
Iteration 172
Elapsed time for kappa 39.9013 sec
Elapsed time for experts 14.8087 sec
Elapsed time for households 13.8375 sec
Iteration 173
Elapsed time for kappa 33.1202 sec
Elapsed time for experts 16.2367 sec
Elapsed time for households 13.6102 sec
Iteration 174
Elapsed time for kappa 33.4443 sec
Elapsed time for experts 13.7373 sec
Elapsed time for households 13.0414 sec
Iteration 175
Elapsed time for kappa 33.0556 sec
Elapsed time for experts 14.9735 sec
Elapsed time for households 13.6075 sec
Iteration 176
Elapsed time for kappa 33.5603 sec
Elapsed time for experts 14.9384 sec
Elapsed time for households 18.8396 sec
Iteration 177
Elapsed time for kappa 32.6723 sec
Elapsed time for experts 13.0413 sec
Elapsed time for households 12.6622 sec
Iteration 178
Elapsed time for kappa 39.3549 sec
Elapsed time for experts 13.8132 sec
Elapsed time for households 13.3610 sec
Iteration 179
Elapsed time for kappa 33.0475 sec
Elapsed time for experts 15.7633 sec
Elapsed time for households 12.7098 sec
Iteration 180
Elapsed time for kappa 33.1525 sec
Elapsed time for experts 13.9986 sec
Elapsed time for households 13.9740 sec
Iteration 181
Elapsed time for kappa 32.8754 sec
Elapsed time for experts 12.4815 sec
Elapsed time for households 13.4916 sec
Iteration 182
Elapsed time for kappa 32.7041 sec
Elapsed time for experts 15.5059 sec
Elapsed time for households 12.7110 sec
Iteration 183
Elapsed time for kappa 32.7810 sec
Elapsed time for experts 15.6075 sec
Elapsed time for households 14.5687 sec
Iteration 184
Elapsed time for kappa 39.7983 sec
Elapsed time for experts 12.7637 sec
Elapsed time for households 13.4579 sec
Iteration 185
Elapsed time for kappa 33.1673 sec
Elapsed time for experts 13.3681 sec
Elapsed time for households 12.5007 sec
Iteration 186
Elapsed time for kappa 33.3009 sec
Elapsed time for experts 13.7830 sec
Elapsed time for households 12.4748 sec
Iteration 187
Elapsed time for kappa 32.8121 sec
Elapsed time for experts 16.7316 sec
Elapsed time for households 12.8360 sec
Iteration 188
Elapsed time for kappa 32.5123 sec
Elapsed time for experts 13.6466 sec
Elapsed time for households 12.7512 sec
Iteration 189
Elapsed time for kappa 33.0306 sec
Elapsed time for experts 14.0807 sec
Elapsed time for households 18.3064 sec
Iteration 190
Elapsed time for kappa 34.2760 sec
Elapsed time for experts 14.3626 sec
Elapsed time for households 12.4279 sec
Iteration 191
Elapsed time for kappa 33.9154 sec
Elapsed time for experts 14.5483 sec
Elapsed time for households 13.1476 sec
Iteration 192
Elapsed time for kappa 33.2026 sec
Elapsed time for experts 14.1368 sec
Elapsed time for households 13.4947 sec
Iteration 193
Elapsed time for kappa 33.2917 sec
Elapsed time for experts 15.0003 sec
Elapsed time for households 14.6521 sec
Iteration 194
Elapsed time for kappa 33.1558 sec
Elapsed time for experts 15.5900 sec
Elapsed time for households 12.5982 sec
Iteration 195
Elapsed time for kappa 32.9717 sec
Elapsed time for experts 16.3816 sec
Elapsed time for households 13.1031 sec
Iteration 196
Elapsed time for kappa 40.7768 sec
Elapsed time for experts 13.6006 sec
Elapsed time for households 13.3734 sec
Iteration 197
Elapsed time for kappa 33.1867 sec
Elapsed time for experts 14.8637 sec
Elapsed time for households 15.3741 sec
Iteration 198
Elapsed time for kappa 33.8067 sec
Elapsed time for experts 12.6107 sec
Elapsed time for households 13.8432 sec
Iteration 199
Elapsed time for kappa 32.9326 sec
Elapsed time for experts 14.3299 sec
Elapsed time for households 18.1510 sec
Elapsed time for training 12474.0313 sec
