Iteration 0
Elapsed time for kappa 65.1461 sec
Elapsed time for experts 20.3864 sec
Elapsed time for households 15.3758 sec
Iteration 1
Elapsed time for kappa 37.2578 sec
Elapsed time for experts 16.6487 sec
Elapsed time for households 15.6296 sec
Iteration 2
Elapsed time for kappa 35.1318 sec
Elapsed time for experts 16.1917 sec
Elapsed time for households 11.8835 sec
Iteration 3
Elapsed time for kappa 35.4919 sec
Elapsed time for experts 15.9808 sec
Elapsed time for households 11.6048 sec
Iteration 4
Elapsed time for kappa 34.7969 sec
Elapsed time for experts 16.2573 sec
Elapsed time for households 15.0460 sec
Iteration 5
Elapsed time for kappa 32.5923 sec
Elapsed time for experts 13.0324 sec
Elapsed time for households 13.4151 sec
Iteration 6
Elapsed time for kappa 32.6508 sec
Elapsed time for experts 14.0045 sec
Elapsed time for households 10.0030 sec
Iteration 7
Elapsed time for kappa 39.4734 sec
Elapsed time for experts 13.8444 sec
Elapsed time for households 10.2273 sec
Iteration 8
Elapsed time for kappa 31.9345 sec
Elapsed time for experts 12.9556 sec
Elapsed time for households 10.5349 sec
Iteration 9
Elapsed time for kappa 31.6770 sec
Elapsed time for experts 13.8654 sec
Elapsed time for households 10.3699 sec
Iteration 10
Elapsed time for kappa 31.8148 sec
Elapsed time for experts 12.2138 sec
Elapsed time for households 13.4119 sec
Iteration 11
Elapsed time for kappa 31.8598 sec
Elapsed time for experts 12.8888 sec
Elapsed time for households 10.1447 sec
Iteration 12
Elapsed time for kappa 31.7542 sec
Elapsed time for experts 12.7711 sec
Elapsed time for households 19.9343 sec
Iteration 13
Elapsed time for kappa 32.6481 sec
Elapsed time for experts 15.3796 sec
Elapsed time for households 13.7709 sec
Iteration 14
Elapsed time for kappa 32.2382 sec
Elapsed time for experts 13.1165 sec
Elapsed time for households 10.6960 sec
Iteration 15
Elapsed time for kappa 34.5596 sec
Elapsed time for experts 16.0013 sec
Elapsed time for households 11.5057 sec
Iteration 16
Elapsed time for kappa 34.5319 sec
Elapsed time for experts 12.9710 sec
Elapsed time for households 11.2333 sec
Iteration 17
Elapsed time for kappa 34.4528 sec
Elapsed time for experts 13.4723 sec
Elapsed time for households 11.1359 sec
Iteration 18
Elapsed time for kappa 35.0093 sec
Elapsed time for experts 13.8997 sec
Elapsed time for households 19.0276 sec
Iteration 19
Elapsed time for kappa 35.3739 sec
Elapsed time for experts 13.3701 sec
Elapsed time for households 11.3651 sec
Iteration 20
Elapsed time for kappa 35.1654 sec
Elapsed time for experts 13.0317 sec
Elapsed time for households 11.0465 sec
Iteration 21
Elapsed time for kappa 35.4514 sec
Elapsed time for experts 16.8932 sec
Elapsed time for households 11.5976 sec
Iteration 22
Elapsed time for kappa 34.9324 sec
Elapsed time for experts 14.2400 sec
Elapsed time for households 11.5518 sec
Iteration 23
Elapsed time for kappa 33.1651 sec
Elapsed time for experts 12.4395 sec
Elapsed time for households 11.7098 sec
Iteration 24
Elapsed time for kappa 32.3909 sec
Elapsed time for experts 19.4997 sec
Elapsed time for households 10.7398 sec
Iteration 25
Elapsed time for kappa 32.5368 sec
Elapsed time for experts 12.3828 sec
Elapsed time for households 10.3547 sec
Iteration 26
Elapsed time for kappa 32.5659 sec
Elapsed time for experts 12.4090 sec
Elapsed time for households 10.2457 sec
Iteration 27
Elapsed time for kappa 32.4684 sec
Elapsed time for experts 12.9492 sec
Elapsed time for households 10.2159 sec
Iteration 28
Elapsed time for kappa 32.6827 sec
Elapsed time for experts 12.7224 sec
Elapsed time for households 10.8323 sec
Iteration 29
Elapsed time for kappa 32.4016 sec
Elapsed time for experts 12.5251 sec
Elapsed time for households 10.1064 sec
Iteration 30
Elapsed time for kappa 32.5120 sec
Elapsed time for experts 20.5964 sec
Elapsed time for households 11.8509 sec
Iteration 31
Elapsed time for kappa 35.3295 sec
Elapsed time for experts 15.9326 sec
Elapsed time for households 11.6249 sec
Iteration 32
Elapsed time for kappa 34.8438 sec
Elapsed time for experts 14.0514 sec
Elapsed time for households 11.4544 sec
Iteration 33
Elapsed time for kappa 34.8150 sec
Elapsed time for experts 13.5539 sec
Elapsed time for households 11.3797 sec
Iteration 34
Elapsed time for kappa 34.7987 sec
Elapsed time for experts 13.5764 sec
Elapsed time for households 12.2196 sec
Iteration 35
Elapsed time for kappa 34.5906 sec
Elapsed time for experts 13.4955 sec
Elapsed time for households 11.5485 sec
Iteration 36
Elapsed time for kappa 34.2997 sec
Elapsed time for experts 22.1962 sec
Elapsed time for households 12.1121 sec
Iteration 37
Elapsed time for kappa 35.0298 sec
Elapsed time for experts 14.1476 sec
Elapsed time for households 12.5397 sec
Iteration 38
Elapsed time for kappa 34.5479 sec
Elapsed time for experts 14.6797 sec
Elapsed time for households 12.5473 sec
Iteration 39
Elapsed time for kappa 35.1456 sec
Elapsed time for experts 13.8915 sec
Elapsed time for households 12.1375 sec
Iteration 40
Elapsed time for kappa 34.8849 sec
Elapsed time for experts 13.1475 sec
Elapsed time for households 11.5406 sec
Iteration 41
Elapsed time for kappa 34.7497 sec
Elapsed time for experts 14.3788 sec
Elapsed time for households 11.9258 sec
Iteration 42
Elapsed time for kappa 43.5974 sec
Elapsed time for experts 14.3138 sec
Elapsed time for households 11.4195 sec
Iteration 43
Elapsed time for kappa 35.0203 sec
Elapsed time for experts 13.5799 sec
Elapsed time for households 11.2124 sec
Iteration 44
Elapsed time for kappa 35.0429 sec
Elapsed time for experts 13.3596 sec
Elapsed time for households 11.2328 sec
Iteration 45
Elapsed time for kappa 34.9445 sec
Elapsed time for experts 13.5353 sec
Elapsed time for households 11.3288 sec
Iteration 46
Elapsed time for kappa 35.1454 sec
Elapsed time for experts 13.5226 sec
Elapsed time for households 10.9931 sec
Iteration 47
Elapsed time for kappa 35.3697 sec
Elapsed time for experts 13.5319 sec
Elapsed time for households 11.2917 sec
Iteration 48
Elapsed time for kappa 44.0006 sec
Elapsed time for experts 14.6527 sec
Elapsed time for households 11.7040 sec
Iteration 49
Elapsed time for kappa 35.8939 sec
Elapsed time for experts 14.0895 sec
Elapsed time for households 11.2665 sec
Iteration 50
Elapsed time for kappa 35.4000 sec
Elapsed time for experts 13.4753 sec
Elapsed time for households 11.3546 sec
Iteration 51
Elapsed time for kappa 35.3876 sec
Elapsed time for experts 14.1137 sec
Elapsed time for households 11.2749 sec
Iteration 52
Elapsed time for kappa 35.1429 sec
Elapsed time for experts 14.1278 sec
Elapsed time for households 11.1761 sec
Iteration 53
Elapsed time for kappa 34.5694 sec
Elapsed time for experts 13.7430 sec
Elapsed time for households 12.6710 sec
Iteration 54
Elapsed time for kappa 43.5113 sec
Elapsed time for experts 14.4239 sec
Elapsed time for households 11.8839 sec
Iteration 55
Elapsed time for kappa 34.9766 sec
Elapsed time for experts 14.0971 sec
Elapsed time for households 11.6689 sec
Iteration 56
Elapsed time for kappa 34.8169 sec
Elapsed time for experts 13.7244 sec
Elapsed time for households 11.5355 sec
Iteration 57
Elapsed time for kappa 34.8519 sec
Elapsed time for experts 13.9025 sec
Elapsed time for households 11.4794 sec
Iteration 58
Elapsed time for kappa 35.0019 sec
Elapsed time for experts 13.6896 sec
Elapsed time for households 11.6869 sec
Iteration 59
Elapsed time for kappa 34.4217 sec
Elapsed time for experts 14.0450 sec
Elapsed time for households 11.4544 sec
Iteration 60
Elapsed time for kappa 43.7271 sec
Elapsed time for experts 14.4645 sec
Elapsed time for households 12.2264 sec
Iteration 61
Elapsed time for kappa 37.1032 sec
Elapsed time for experts 16.6880 sec
Elapsed time for households 12.0012 sec
Iteration 62
Elapsed time for kappa 34.9342 sec
Elapsed time for experts 12.7361 sec
Elapsed time for households 10.2728 sec
Iteration 63
Elapsed time for kappa 32.3447 sec
Elapsed time for experts 11.6913 sec
Elapsed time for households 11.3784 sec
Iteration 64
Elapsed time for kappa 32.1301 sec
Elapsed time for experts 11.9567 sec
Elapsed time for households 9.9382 sec
Iteration 65
Elapsed time for kappa 32.5901 sec
Elapsed time for experts 13.5312 sec
Elapsed time for households 10.7452 sec
Iteration 66
Elapsed time for kappa 41.0424 sec
Elapsed time for experts 12.3993 sec
Elapsed time for households 10.2760 sec
Iteration 67
Elapsed time for kappa 32.4723 sec
Elapsed time for experts 12.1689 sec
Elapsed time for households 11.7106 sec
Iteration 68
Elapsed time for kappa 32.5212 sec
Elapsed time for experts 12.5421 sec
Elapsed time for households 10.7795 sec
Iteration 69
Elapsed time for kappa 32.4238 sec
Elapsed time for experts 12.8066 sec
Elapsed time for households 10.2371 sec
Iteration 70
Elapsed time for kappa 32.0136 sec
Elapsed time for experts 12.3948 sec
Elapsed time for households 10.3744 sec
Iteration 71
Elapsed time for kappa 32.3580 sec
Elapsed time for experts 12.6236 sec
Elapsed time for households 16.8711 sec
Iteration 72
Elapsed time for kappa 33.8305 sec
Elapsed time for experts 12.4540 sec
Elapsed time for households 10.3832 sec
Iteration 73
Elapsed time for kappa 33.7528 sec
Elapsed time for experts 13.0121 sec
Elapsed time for households 10.8516 sec
Iteration 74
Elapsed time for kappa 33.8809 sec
Elapsed time for experts 13.0658 sec
Elapsed time for households 10.6847 sec
Iteration 75
Elapsed time for kappa 32.2675 sec
Elapsed time for experts 12.1876 sec
Elapsed time for households 11.2862 sec
Iteration 76
Elapsed time for kappa 32.4930 sec
Elapsed time for experts 12.3007 sec
Elapsed time for households 10.2760 sec
Iteration 77
Elapsed time for kappa 32.2578 sec
Elapsed time for experts 20.1068 sec
Elapsed time for households 11.6203 sec
Iteration 78
Elapsed time for kappa 33.0820 sec
Elapsed time for experts 12.9509 sec
Elapsed time for households 11.1505 sec
Iteration 79
Elapsed time for kappa 33.2677 sec
Elapsed time for experts 12.6701 sec
Elapsed time for households 10.7773 sec
Iteration 80
Elapsed time for kappa 32.8622 sec
Elapsed time for experts 12.0084 sec
Elapsed time for households 10.3584 sec
Iteration 81
Elapsed time for kappa 32.5010 sec
Elapsed time for experts 13.0543 sec
Elapsed time for households 10.7353 sec
Iteration 82
Elapsed time for kappa 32.3761 sec
Elapsed time for experts 12.1945 sec
Elapsed time for households 10.6203 sec
Iteration 83
Elapsed time for kappa 32.0111 sec
Elapsed time for experts 19.6476 sec
Elapsed time for households 10.8303 sec
Iteration 84
Elapsed time for kappa 33.4929 sec
Elapsed time for experts 13.0810 sec
Elapsed time for households 11.0608 sec
Iteration 85
Elapsed time for kappa 33.2854 sec
Elapsed time for experts 12.8647 sec
Elapsed time for households 10.2670 sec
Iteration 86
Elapsed time for kappa 32.8774 sec
Elapsed time for experts 12.2428 sec
Elapsed time for households 10.8847 sec
Iteration 87
Elapsed time for kappa 32.5464 sec
Elapsed time for experts 12.0289 sec
Elapsed time for households 10.3994 sec
Iteration 88
Elapsed time for kappa 32.4604 sec
Elapsed time for experts 12.7201 sec
Elapsed time for households 11.0093 sec
Iteration 89
Elapsed time for kappa 33.5774 sec
Elapsed time for experts 20.4568 sec
Elapsed time for households 12.0846 sec
Iteration 90
Elapsed time for kappa 36.1783 sec
Elapsed time for experts 13.8567 sec
Elapsed time for households 11.4805 sec
Iteration 91
Elapsed time for kappa 35.6014 sec
Elapsed time for experts 13.3913 sec
Elapsed time for households 11.3996 sec
Iteration 92
Elapsed time for kappa 35.2527 sec
Elapsed time for experts 13.7105 sec
Elapsed time for households 11.6149 sec
Iteration 93
Elapsed time for kappa 35.0757 sec
Elapsed time for experts 13.6252 sec
Elapsed time for households 11.5602 sec
Iteration 94
Elapsed time for kappa 34.6872 sec
Elapsed time for experts 14.0478 sec
Elapsed time for households 11.9662 sec
Iteration 95
Elapsed time for kappa 43.8926 sec
Elapsed time for experts 17.7244 sec
Elapsed time for households 11.4052 sec
Iteration 96
Elapsed time for kappa 35.7052 sec
Elapsed time for experts 13.6362 sec
Elapsed time for households 11.2357 sec
Iteration 97
Elapsed time for kappa 35.2713 sec
Elapsed time for experts 13.5236 sec
Elapsed time for households 11.2324 sec
Iteration 98
Elapsed time for kappa 34.5936 sec
Elapsed time for experts 16.4666 sec
Elapsed time for households 10.9272 sec
Iteration 99
Elapsed time for kappa 34.7610 sec
Elapsed time for experts 14.0305 sec
Elapsed time for households 11.6660 sec
Iteration 100
Elapsed time for kappa 34.9341 sec
Elapsed time for experts 13.7648 sec
Elapsed time for households 11.1798 sec
Iteration 101
Elapsed time for kappa 44.1132 sec
Elapsed time for experts 14.5788 sec
Elapsed time for households 11.9312 sec
Iteration 102
Elapsed time for kappa 35.7894 sec
Elapsed time for experts 14.7271 sec
Elapsed time for households 11.3801 sec
Iteration 103
Elapsed time for kappa 35.3910 sec
Elapsed time for experts 13.6299 sec
Elapsed time for households 11.1473 sec
Iteration 104
Elapsed time for kappa 35.1104 sec
Elapsed time for experts 14.4172 sec
Elapsed time for households 11.3267 sec
Iteration 105
Elapsed time for kappa 35.0814 sec
Elapsed time for experts 13.7695 sec
Elapsed time for households 11.1720 sec
Iteration 106
Elapsed time for kappa 35.1165 sec
Elapsed time for experts 13.1413 sec
Elapsed time for households 11.1437 sec
Iteration 107
Elapsed time for kappa 44.6952 sec
Elapsed time for experts 14.1210 sec
Elapsed time for households 11.7936 sec
Iteration 108
Elapsed time for kappa 35.6379 sec
Elapsed time for experts 13.7476 sec
Elapsed time for households 11.2817 sec
Iteration 109
Elapsed time for kappa 36.0895 sec
Elapsed time for experts 12.8818 sec
Elapsed time for households 11.1360 sec
Iteration 110
Elapsed time for kappa 34.8034 sec
Elapsed time for experts 13.7552 sec
Elapsed time for households 11.4313 sec
Iteration 111
Elapsed time for kappa 35.5208 sec
Elapsed time for experts 13.4661 sec
Elapsed time for households 11.0906 sec
Iteration 112
Elapsed time for kappa 35.5656 sec
Elapsed time for experts 13.3298 sec
Elapsed time for households 11.2640 sec
Iteration 113
Elapsed time for kappa 44.0855 sec
Elapsed time for experts 13.9995 sec
Elapsed time for households 11.8195 sec
Iteration 114
Elapsed time for kappa 35.6740 sec
Elapsed time for experts 13.4547 sec
Elapsed time for households 11.7769 sec
Iteration 115
Elapsed time for kappa 35.3365 sec
Elapsed time for experts 12.8706 sec
Elapsed time for households 11.3078 sec
Iteration 116
Elapsed time for kappa 35.5540 sec
Elapsed time for experts 13.2155 sec
Elapsed time for households 11.5565 sec
Iteration 117
Elapsed time for kappa 34.8803 sec
Elapsed time for experts 13.6453 sec
Elapsed time for households 11.9837 sec
Iteration 118
Elapsed time for kappa 34.8891 sec
Elapsed time for experts 13.2638 sec
Elapsed time for households 11.4613 sec
Iteration 119
Elapsed time for kappa 42.3904 sec
Elapsed time for experts 14.1161 sec
Elapsed time for households 11.6867 sec
Iteration 120
Elapsed time for kappa 34.8543 sec
Elapsed time for experts 13.9858 sec
Elapsed time for households 11.6054 sec
Iteration 121
Elapsed time for kappa 35.1008 sec
Elapsed time for experts 13.4651 sec
Elapsed time for households 11.9023 sec
Iteration 122
Elapsed time for kappa 34.9555 sec
Elapsed time for experts 13.1526 sec
Elapsed time for households 11.9292 sec
Iteration 123
Elapsed time for kappa 35.1860 sec
Elapsed time for experts 12.8129 sec
Elapsed time for households 11.8853 sec
Iteration 124
Elapsed time for kappa 34.8178 sec
Elapsed time for experts 20.0262 sec
Elapsed time for households 12.7178 sec
Iteration 125
Elapsed time for kappa 35.6395 sec
Elapsed time for experts 13.3816 sec
Elapsed time for households 12.3786 sec
Iteration 126
Elapsed time for kappa 35.2237 sec
Elapsed time for experts 16.8041 sec
Elapsed time for households 11.5369 sec
Iteration 127
Elapsed time for kappa 34.6547 sec
Elapsed time for experts 13.0495 sec
Elapsed time for households 12.0024 sec
Iteration 128
Elapsed time for kappa 34.9043 sec
Elapsed time for experts 12.9820 sec
Elapsed time for households 11.8111 sec
Iteration 129
Elapsed time for kappa 34.8166 sec
Elapsed time for experts 13.0123 sec
Elapsed time for households 11.4916 sec
Iteration 130
Elapsed time for kappa 34.5540 sec
Elapsed time for experts 21.6212 sec
Elapsed time for households 12.3248 sec
Iteration 131
Elapsed time for kappa 36.0739 sec
Elapsed time for experts 14.1620 sec
Elapsed time for households 11.4284 sec
Iteration 132
Elapsed time for kappa 35.3264 sec
Elapsed time for experts 13.8247 sec
Elapsed time for households 11.5812 sec
Iteration 133
Elapsed time for kappa 35.3202 sec
Elapsed time for experts 14.2530 sec
Elapsed time for households 11.6836 sec
Iteration 134
Elapsed time for kappa 34.6673 sec
Elapsed time for experts 15.6563 sec
Elapsed time for households 11.7328 sec
Iteration 135
Elapsed time for kappa 34.2975 sec
Elapsed time for experts 14.1557 sec
Elapsed time for households 11.1309 sec
Iteration 136
Elapsed time for kappa 34.1734 sec
Elapsed time for experts 21.2990 sec
Elapsed time for households 11.8040 sec
Iteration 137
Elapsed time for kappa 36.3724 sec
Elapsed time for experts 13.8689 sec
Elapsed time for households 11.7276 sec
Iteration 138
Elapsed time for kappa 35.7997 sec
Elapsed time for experts 13.6144 sec
Elapsed time for households 12.0290 sec
Iteration 139
Elapsed time for kappa 34.9008 sec
Elapsed time for experts 13.4211 sec
Elapsed time for households 11.8973 sec
Iteration 140
Elapsed time for kappa 35.3194 sec
Elapsed time for experts 14.5402 sec
Elapsed time for households 11.6588 sec
Iteration 141
Elapsed time for kappa 35.5172 sec
Elapsed time for experts 14.0366 sec
Elapsed time for households 10.9829 sec
Iteration 142
Elapsed time for kappa 35.0022 sec
Elapsed time for experts 22.0069 sec
Elapsed time for households 11.6143 sec
Iteration 143
Elapsed time for kappa 33.3168 sec
Elapsed time for experts 12.2716 sec
Elapsed time for households 11.5309 sec
Iteration 144
Elapsed time for kappa 36.0897 sec
Elapsed time for experts 14.1464 sec
Elapsed time for households 12.0153 sec
Iteration 145
Elapsed time for kappa 34.4417 sec
Elapsed time for experts 12.9930 sec
Elapsed time for households 10.1865 sec
Iteration 146
Elapsed time for kappa 32.6124 sec
Elapsed time for experts 11.6428 sec
Elapsed time for households 10.6932 sec
Iteration 147
Elapsed time for kappa 33.2693 sec
Elapsed time for experts 12.8295 sec
Elapsed time for households 10.6680 sec
Iteration 148
Elapsed time for kappa 40.6251 sec
Elapsed time for experts 12.6725 sec
Elapsed time for households 10.5954 sec
Iteration 149
Elapsed time for kappa 32.5979 sec
Elapsed time for experts 15.2869 sec
Elapsed time for households 10.2435 sec
Iteration 150
Elapsed time for kappa 32.5491 sec
Elapsed time for experts 12.0529 sec
Elapsed time for households 10.3968 sec
Iteration 151
Elapsed time for kappa 32.5791 sec
Elapsed time for experts 14.2115 sec
Elapsed time for households 10.0399 sec
Iteration 152
Elapsed time for kappa 32.0685 sec
Elapsed time for experts 11.9987 sec
Elapsed time for households 10.0362 sec
Iteration 153
Elapsed time for kappa 33.8062 sec
Elapsed time for experts 14.7604 sec
Elapsed time for households 11.0718 sec
Iteration 154
Elapsed time for kappa 47.3325 sec
Elapsed time for experts 18.2684 sec
Elapsed time for households 11.5618 sec
Iteration 155
Elapsed time for kappa 35.7429 sec
Elapsed time for experts 12.5191 sec
Elapsed time for households 10.7423 sec
Iteration 156
Elapsed time for kappa 32.4133 sec
Elapsed time for experts 11.6589 sec
Elapsed time for households 10.0217 sec
Iteration 157
Elapsed time for kappa 32.4158 sec
Elapsed time for experts 11.8967 sec
Elapsed time for households 10.2775 sec
Iteration 158
Elapsed time for kappa 31.9777 sec
Elapsed time for experts 11.7977 sec
Elapsed time for households 10.3891 sec
Iteration 159
Elapsed time for kappa 31.8946 sec
Elapsed time for experts 11.9291 sec
Elapsed time for households 10.1210 sec
Iteration 160
Elapsed time for kappa 40.5862 sec
Elapsed time for experts 12.2846 sec
Elapsed time for households 10.7699 sec
Iteration 161
Elapsed time for kappa 32.7414 sec
Elapsed time for experts 12.2028 sec
Elapsed time for households 10.4555 sec
Iteration 162
Elapsed time for kappa 33.0389 sec
Elapsed time for experts 12.0580 sec
Elapsed time for households 10.6966 sec
Iteration 163
Elapsed time for kappa 32.2769 sec
Elapsed time for experts 12.1117 sec
Elapsed time for households 10.5880 sec
Iteration 164
Elapsed time for kappa 32.5950 sec
Elapsed time for experts 11.8254 sec
Elapsed time for households 9.8905 sec
Iteration 165
Elapsed time for kappa 31.6943 sec
Elapsed time for experts 11.6856 sec
Elapsed time for households 10.4105 sec
Iteration 166
Elapsed time for kappa 40.8131 sec
Elapsed time for experts 12.8995 sec
Elapsed time for households 10.4363 sec
Iteration 167
Elapsed time for kappa 32.9776 sec
Elapsed time for experts 11.8333 sec
Elapsed time for households 10.4360 sec
Iteration 168
Elapsed time for kappa 32.4863 sec
Elapsed time for experts 11.7030 sec
Elapsed time for households 10.2706 sec
Iteration 169
Elapsed time for kappa 32.3676 sec
Elapsed time for experts 12.1139 sec
Elapsed time for households 9.9819 sec
Iteration 170
Elapsed time for kappa 32.0740 sec
Elapsed time for experts 11.4697 sec
Elapsed time for households 10.1410 sec
Iteration 171
Elapsed time for kappa 32.1641 sec
Elapsed time for experts 12.5872 sec
Elapsed time for households 16.8855 sec
Iteration 172
Elapsed time for kappa 33.8835 sec
Elapsed time for experts 13.5922 sec
Elapsed time for households 11.8865 sec
Iteration 173
Elapsed time for kappa 33.7962 sec
Elapsed time for experts 12.8038 sec
Elapsed time for households 10.9368 sec
Iteration 174
Elapsed time for kappa 33.6281 sec
Elapsed time for experts 12.8687 sec
Elapsed time for households 10.7126 sec
Iteration 175
Elapsed time for kappa 36.7638 sec
Elapsed time for experts 14.6495 sec
Elapsed time for households 12.0479 sec
Iteration 176
Elapsed time for kappa 36.0086 sec
Elapsed time for experts 16.5044 sec
Elapsed time for households 14.5030 sec
Iteration 177
Elapsed time for kappa 39.3767 sec
Elapsed time for experts 16.0254 sec
Elapsed time for households 13.6328 sec
Iteration 178
Elapsed time for kappa 54.1102 sec
Elapsed time for experts 19.7545 sec
Elapsed time for households 15.5316 sec
Iteration 179
Elapsed time for kappa 43.1236 sec
Elapsed time for experts 17.6168 sec
Elapsed time for households 15.2265 sec
Iteration 180
Elapsed time for kappa 43.1905 sec
Elapsed time for experts 17.0002 sec
Elapsed time for households 14.7079 sec
Iteration 181
Elapsed time for kappa 42.7880 sec
Elapsed time for experts 18.0387 sec
Elapsed time for households 14.8855 sec
Iteration 182
Elapsed time for kappa 41.9770 sec
Elapsed time for experts 17.2761 sec
Elapsed time for households 14.5692 sec
Iteration 183
Elapsed time for kappa 42.3969 sec
Elapsed time for experts 17.0438 sec
Elapsed time for households 23.4802 sec
Iteration 184
Elapsed time for kappa 44.3603 sec
Elapsed time for experts 17.4663 sec
Elapsed time for households 15.1659 sec
Iteration 185
Elapsed time for kappa 43.1365 sec
Elapsed time for experts 16.6496 sec
Elapsed time for households 15.1027 sec
Iteration 186
Elapsed time for kappa 42.8987 sec
Elapsed time for experts 16.9026 sec
Elapsed time for households 14.9330 sec
Iteration 187
Elapsed time for kappa 43.3755 sec
Elapsed time for experts 18.3094 sec
Elapsed time for households 15.2902 sec
Iteration 188
Elapsed time for kappa 42.9968 sec
Elapsed time for experts 19.3346 sec
Elapsed time for households 15.4623 sec
Iteration 189
Elapsed time for kappa 43.8592 sec
Elapsed time for experts 27.4859 sec
Elapsed time for households 16.5188 sec
Iteration 190
Elapsed time for kappa 45.0564 sec
Elapsed time for experts 18.7802 sec
Elapsed time for households 15.8386 sec
Iteration 191
Elapsed time for kappa 45.3796 sec
Elapsed time for experts 17.6733 sec
Elapsed time for households 16.3002 sec
Iteration 192
Elapsed time for kappa 45.0535 sec
Elapsed time for experts 18.2578 sec
Elapsed time for households 15.8281 sec
Iteration 193
Elapsed time for kappa 44.4754 sec
Elapsed time for experts 18.4756 sec
Elapsed time for households 15.7678 sec
Iteration 194
Elapsed time for kappa 44.7502 sec
Elapsed time for experts 18.2988 sec
Elapsed time for households 15.6510 sec
Iteration 195
Elapsed time for kappa 44.3730 sec
Elapsed time for experts 27.0398 sec
Elapsed time for households 16.0959 sec
Iteration 196
Elapsed time for kappa 44.9278 sec
Elapsed time for experts 17.8618 sec
Elapsed time for households 15.5648 sec
Iteration 197
Elapsed time for kappa 44.4003 sec
Elapsed time for experts 18.3228 sec
Elapsed time for households 15.0054 sec
Iteration 198
Elapsed time for kappa 43.8794 sec
Elapsed time for experts 18.0767 sec
Elapsed time for households 15.3203 sec
Iteration 199
Elapsed time for kappa 43.8532 sec
Elapsed time for experts 16.7917 sec
Elapsed time for households 14.7003 sec
Elapsed time for training 12517.0279 sec
90000 90000 90000 90000
