Iteration 0
Elapsed time for kappa 72.3198 sec
Elapsed time for experts 22.3969 sec
Elapsed time for households 17.7102 sec
Iteration 1
Elapsed time for kappa 35.3654 sec
Elapsed time for experts 17.7070 sec
Elapsed time for households 15.7086 sec
Iteration 2
Elapsed time for kappa 32.5697 sec
Elapsed time for experts 15.1020 sec
Elapsed time for households 15.2234 sec
Iteration 3
Elapsed time for kappa 32.2572 sec
Elapsed time for experts 16.0081 sec
Elapsed time for households 14.9098 sec
Iteration 4
Elapsed time for kappa 32.5134 sec
Elapsed time for experts 13.3983 sec
Elapsed time for households 15.1067 sec
Iteration 5
Elapsed time for kappa 32.3737 sec
Elapsed time for experts 13.1016 sec
Elapsed time for households 13.1009 sec
Iteration 6
Elapsed time for kappa 32.3751 sec
Elapsed time for experts 14.0916 sec
Elapsed time for households 12.4067 sec
Iteration 7
Elapsed time for kappa 39.2557 sec
Elapsed time for experts 14.2364 sec
Elapsed time for households 11.4732 sec
Iteration 8
Elapsed time for kappa 32.3423 sec
Elapsed time for experts 13.9249 sec
Elapsed time for households 10.4515 sec
Iteration 9
Elapsed time for kappa 32.6739 sec
Elapsed time for experts 13.1108 sec
Elapsed time for households 10.7772 sec
Iteration 10
Elapsed time for kappa 32.1900 sec
Elapsed time for experts 12.1220 sec
Elapsed time for households 10.9200 sec
Iteration 11
Elapsed time for kappa 32.4483 sec
Elapsed time for experts 13.2323 sec
Elapsed time for households 11.1596 sec
Iteration 12
Elapsed time for kappa 32.1285 sec
Elapsed time for experts 13.2841 sec
Elapsed time for households 16.8737 sec
Iteration 13
Elapsed time for kappa 33.5085 sec
Elapsed time for experts 14.4794 sec
Elapsed time for households 11.1855 sec
Iteration 14
Elapsed time for kappa 32.8495 sec
Elapsed time for experts 13.5785 sec
Elapsed time for households 10.5256 sec
Iteration 15
Elapsed time for kappa 32.8809 sec
Elapsed time for experts 14.8251 sec
Elapsed time for households 11.0858 sec
Iteration 16
Elapsed time for kappa 32.4652 sec
Elapsed time for experts 13.2462 sec
Elapsed time for households 12.5253 sec
Iteration 17
Elapsed time for kappa 32.3648 sec
Elapsed time for experts 14.6981 sec
Elapsed time for households 14.4834 sec
Iteration 18
Elapsed time for kappa 32.6230 sec
Elapsed time for experts 13.4677 sec
Elapsed time for households 17.5035 sec
Iteration 19
Elapsed time for kappa 33.3341 sec
Elapsed time for experts 15.6553 sec
Elapsed time for households 11.8811 sec
Iteration 20
Elapsed time for kappa 32.9250 sec
Elapsed time for experts 12.8616 sec
Elapsed time for households 11.6168 sec
Iteration 21
Elapsed time for kappa 32.3935 sec
Elapsed time for experts 13.3325 sec
Elapsed time for households 11.0131 sec
Iteration 22
Elapsed time for kappa 32.4611 sec
Elapsed time for experts 14.3830 sec
Elapsed time for households 15.2252 sec
Iteration 23
Elapsed time for kappa 31.9469 sec
Elapsed time for experts 13.4663 sec
Elapsed time for households 11.5557 sec
Iteration 24
Elapsed time for kappa 32.1313 sec
Elapsed time for experts 19.5492 sec
Elapsed time for households 12.0621 sec
Iteration 25
Elapsed time for kappa 32.7344 sec
Elapsed time for experts 13.0793 sec
Elapsed time for households 11.7701 sec
Iteration 26
Elapsed time for kappa 32.4326 sec
Elapsed time for experts 14.6689 sec
Elapsed time for households 11.6843 sec
Iteration 27
Elapsed time for kappa 32.1461 sec
Elapsed time for experts 13.6443 sec
Elapsed time for households 11.4159 sec
Iteration 28
Elapsed time for kappa 32.1065 sec
Elapsed time for experts 14.0939 sec
Elapsed time for households 11.2632 sec
Iteration 29
Elapsed time for kappa 32.1534 sec
Elapsed time for experts 13.8082 sec
Elapsed time for households 11.4068 sec
Iteration 30
Elapsed time for kappa 31.8629 sec
Elapsed time for experts 23.8831 sec
Elapsed time for households 11.3314 sec
Iteration 31
Elapsed time for kappa 32.8863 sec
Elapsed time for experts 13.2574 sec
Elapsed time for households 11.4828 sec
Iteration 32
Elapsed time for kappa 32.4945 sec
Elapsed time for experts 12.8655 sec
Elapsed time for households 11.6557 sec
Iteration 33
Elapsed time for kappa 32.4645 sec
Elapsed time for experts 13.7921 sec
Elapsed time for households 10.6800 sec
Iteration 34
Elapsed time for kappa 32.2201 sec
Elapsed time for experts 12.6654 sec
Elapsed time for households 10.7520 sec
Iteration 35
Elapsed time for kappa 32.1907 sec
Elapsed time for experts 15.0344 sec
Elapsed time for households 11.3981 sec
Iteration 36
Elapsed time for kappa 32.0994 sec
Elapsed time for experts 19.4159 sec
Elapsed time for households 11.2466 sec
Iteration 37
Elapsed time for kappa 33.1278 sec
Elapsed time for experts 13.9953 sec
Elapsed time for households 11.5768 sec
Iteration 38
Elapsed time for kappa 32.5190 sec
Elapsed time for experts 14.1821 sec
Elapsed time for households 11.0654 sec
Iteration 39
Elapsed time for kappa 32.4600 sec
Elapsed time for experts 13.1150 sec
Elapsed time for households 12.0850 sec
Iteration 40
Elapsed time for kappa 32.2925 sec
Elapsed time for experts 15.7912 sec
Elapsed time for households 11.8601 sec
Iteration 41
Elapsed time for kappa 32.5034 sec
Elapsed time for experts 13.5272 sec
Elapsed time for households 11.5877 sec
Iteration 42
Elapsed time for kappa 40.2962 sec
Elapsed time for experts 14.0858 sec
Elapsed time for households 11.1191 sec
Iteration 43
Elapsed time for kappa 32.8126 sec
Elapsed time for experts 12.8501 sec
Elapsed time for households 11.0462 sec
Iteration 44
Elapsed time for kappa 32.4745 sec
Elapsed time for experts 13.3576 sec
Elapsed time for households 11.0886 sec
Iteration 45
Elapsed time for kappa 32.5088 sec
Elapsed time for experts 13.1093 sec
Elapsed time for households 11.4123 sec
Iteration 46
Elapsed time for kappa 32.0850 sec
Elapsed time for experts 12.3574 sec
Elapsed time for households 10.7498 sec
Iteration 47
Elapsed time for kappa 32.0576 sec
Elapsed time for experts 13.0324 sec
Elapsed time for households 11.3281 sec
Iteration 48
Elapsed time for kappa 39.4100 sec
Elapsed time for experts 13.0175 sec
Elapsed time for households 11.4217 sec
Iteration 49
Elapsed time for kappa 32.6786 sec
Elapsed time for experts 13.4922 sec
Elapsed time for households 10.9855 sec
Iteration 50
Elapsed time for kappa 35.0195 sec
Elapsed time for experts 14.5889 sec
Elapsed time for households 15.1259 sec
Iteration 51
Elapsed time for kappa 32.3692 sec
Elapsed time for experts 12.9304 sec
Elapsed time for households 11.3978 sec
Iteration 52
Elapsed time for kappa 32.5288 sec
Elapsed time for experts 12.7315 sec
Elapsed time for households 14.4367 sec
Iteration 53
Elapsed time for kappa 32.1674 sec
Elapsed time for experts 12.3734 sec
Elapsed time for households 10.9955 sec
Iteration 54
Elapsed time for kappa 39.9640 sec
Elapsed time for experts 13.4985 sec
Elapsed time for households 15.5520 sec
Iteration 55
Elapsed time for kappa 32.8317 sec
Elapsed time for experts 12.5058 sec
Elapsed time for households 11.0545 sec
Iteration 56
Elapsed time for kappa 32.6886 sec
Elapsed time for experts 13.4662 sec
Elapsed time for households 11.0913 sec
Iteration 57
Elapsed time for kappa 32.4532 sec
Elapsed time for experts 13.1852 sec
Elapsed time for households 11.3565 sec
Iteration 58
Elapsed time for kappa 32.4496 sec
Elapsed time for experts 12.3394 sec
Elapsed time for households 10.8277 sec
Iteration 59
Elapsed time for kappa 32.2572 sec
Elapsed time for experts 12.7155 sec
Elapsed time for households 10.9667 sec
Iteration 60
Elapsed time for kappa 39.3980 sec
Elapsed time for experts 13.8266 sec
Elapsed time for households 11.5010 sec
Iteration 61
Elapsed time for kappa 32.8555 sec
Elapsed time for experts 12.5933 sec
Elapsed time for households 11.5214 sec
Iteration 62
Elapsed time for kappa 32.6634 sec
Elapsed time for experts 13.4627 sec
Elapsed time for households 10.7829 sec
Iteration 63
Elapsed time for kappa 32.3085 sec
Elapsed time for experts 12.0397 sec
Elapsed time for households 10.8304 sec
Iteration 64
Elapsed time for kappa 32.2672 sec
Elapsed time for experts 13.7467 sec
Elapsed time for households 11.3063 sec
Iteration 65
Elapsed time for kappa 32.5707 sec
Elapsed time for experts 16.4023 sec
Elapsed time for households 16.5543 sec
Iteration 66
Elapsed time for kappa 33.2675 sec
Elapsed time for experts 17.3679 sec
Elapsed time for households 12.0930 sec
Iteration 67
Elapsed time for kappa 32.8989 sec
Elapsed time for experts 13.5687 sec
Elapsed time for households 11.5232 sec
Iteration 68
Elapsed time for kappa 32.3742 sec
Elapsed time for experts 12.8043 sec
Elapsed time for households 11.0326 sec
Iteration 69
Elapsed time for kappa 32.4089 sec
Elapsed time for experts 14.4994 sec
Elapsed time for households 11.0427 sec
Iteration 70
Elapsed time for kappa 32.0705 sec
Elapsed time for experts 12.7100 sec
Elapsed time for households 11.2156 sec
Iteration 71
Elapsed time for kappa 31.9357 sec
Elapsed time for experts 19.3986 sec
Elapsed time for households 11.5060 sec
Iteration 72
Elapsed time for kappa 33.2302 sec
Elapsed time for experts 14.1747 sec
Elapsed time for households 11.2008 sec
Iteration 73
Elapsed time for kappa 32.7694 sec
Elapsed time for experts 12.5375 sec
Elapsed time for households 11.2085 sec
Iteration 74
Elapsed time for kappa 32.5851 sec
Elapsed time for experts 12.8858 sec
Elapsed time for households 11.3218 sec
Iteration 75
Elapsed time for kappa 32.3983 sec
Elapsed time for experts 13.1157 sec
Elapsed time for households 10.4463 sec
Iteration 76
Elapsed time for kappa 32.2025 sec
Elapsed time for experts 13.6405 sec
Elapsed time for households 11.3889 sec
Iteration 77
Elapsed time for kappa 32.6369 sec
Elapsed time for experts 19.5737 sec
Elapsed time for households 11.4718 sec
Iteration 78
Elapsed time for kappa 33.4560 sec
Elapsed time for experts 13.7317 sec
Elapsed time for households 10.9298 sec
Iteration 79
Elapsed time for kappa 32.6870 sec
Elapsed time for experts 13.1383 sec
Elapsed time for households 11.6934 sec
Iteration 80
Elapsed time for kappa 32.5316 sec
Elapsed time for experts 13.0886 sec
Elapsed time for households 10.7876 sec
Iteration 81
Elapsed time for kappa 32.4285 sec
Elapsed time for experts 12.6015 sec
Elapsed time for households 10.7848 sec
Iteration 82
Elapsed time for kappa 32.2618 sec
Elapsed time for experts 13.5088 sec
Elapsed time for households 11.4788 sec
Iteration 83
Elapsed time for kappa 31.9355 sec
Elapsed time for experts 19.5820 sec
Elapsed time for households 15.1246 sec
Iteration 84
Elapsed time for kappa 33.1281 sec
Elapsed time for experts 13.0327 sec
Elapsed time for households 11.2367 sec
Iteration 85
Elapsed time for kappa 32.8427 sec
Elapsed time for experts 12.4743 sec
Elapsed time for households 11.8866 sec
Iteration 86
Elapsed time for kappa 32.4157 sec
Elapsed time for experts 12.4150 sec
Elapsed time for households 11.0544 sec
Iteration 87
Elapsed time for kappa 32.3401 sec
Elapsed time for experts 12.6500 sec
Elapsed time for households 11.4442 sec
Iteration 88
Elapsed time for kappa 32.1215 sec
Elapsed time for experts 12.6862 sec
Elapsed time for households 13.2208 sec
Iteration 89
Elapsed time for kappa 32.2516 sec
Elapsed time for experts 19.0425 sec
Elapsed time for households 11.5941 sec
Iteration 90
Elapsed time for kappa 33.2897 sec
Elapsed time for experts 13.5720 sec
Elapsed time for households 11.8379 sec
Iteration 91
Elapsed time for kappa 32.6709 sec
Elapsed time for experts 12.8420 sec
Elapsed time for households 10.9288 sec
Iteration 92
Elapsed time for kappa 32.3477 sec
Elapsed time for experts 12.6805 sec
Elapsed time for households 11.3672 sec
Iteration 93
Elapsed time for kappa 32.4455 sec
Elapsed time for experts 12.7749 sec
Elapsed time for households 11.2225 sec
Iteration 94
Elapsed time for kappa 32.2272 sec
Elapsed time for experts 12.4167 sec
Elapsed time for households 10.9897 sec
Iteration 95
Elapsed time for kappa 39.5448 sec
Elapsed time for experts 12.9434 sec
Elapsed time for households 11.4671 sec
Iteration 96
Elapsed time for kappa 32.7266 sec
Elapsed time for experts 12.2420 sec
Elapsed time for households 11.4018 sec
Iteration 97
Elapsed time for kappa 32.2076 sec
Elapsed time for experts 12.6620 sec
Elapsed time for households 11.1957 sec
Iteration 98
Elapsed time for kappa 32.2625 sec
Elapsed time for experts 13.1082 sec
Elapsed time for households 11.8509 sec
Iteration 99
Elapsed time for kappa 31.8730 sec
Elapsed time for experts 13.0022 sec
Elapsed time for households 11.1128 sec
Iteration 100
Elapsed time for kappa 31.9900 sec
Elapsed time for experts 13.0662 sec
Elapsed time for households 10.6904 sec
Iteration 101
Elapsed time for kappa 38.5033 sec
Elapsed time for experts 12.7346 sec
Elapsed time for households 10.9380 sec
Iteration 102
Elapsed time for kappa 32.3752 sec
Elapsed time for experts 14.1215 sec
Elapsed time for households 11.0575 sec
Iteration 103
Elapsed time for kappa 32.4593 sec
Elapsed time for experts 12.8431 sec
Elapsed time for households 11.4488 sec
Iteration 104
Elapsed time for kappa 32.2688 sec
Elapsed time for experts 12.4685 sec
Elapsed time for households 11.4013 sec
Iteration 105
Elapsed time for kappa 32.0157 sec
Elapsed time for experts 13.2050 sec
Elapsed time for households 11.4220 sec
Iteration 106
Elapsed time for kappa 32.0531 sec
Elapsed time for experts 11.9706 sec
Elapsed time for households 11.2705 sec
Iteration 107
Elapsed time for kappa 37.9318 sec
Elapsed time for experts 12.4438 sec
Elapsed time for households 11.9020 sec
Iteration 108
Elapsed time for kappa 32.5857 sec
Elapsed time for experts 12.3045 sec
Elapsed time for households 10.9169 sec
Iteration 109
Elapsed time for kappa 32.2172 sec
Elapsed time for experts 12.3124 sec
Elapsed time for households 11.1406 sec
Iteration 110
Elapsed time for kappa 32.1981 sec
Elapsed time for experts 12.5194 sec
Elapsed time for households 11.2296 sec
Iteration 111
Elapsed time for kappa 32.0517 sec
Elapsed time for experts 12.0908 sec
Elapsed time for households 10.4037 sec
Iteration 112
Elapsed time for kappa 33.3839 sec
Elapsed time for experts 13.0150 sec
Elapsed time for households 10.3762 sec
Iteration 113
Elapsed time for kappa 38.2038 sec
Elapsed time for experts 16.6975 sec
Elapsed time for households 11.6426 sec
Iteration 114
Elapsed time for kappa 32.6131 sec
Elapsed time for experts 12.5642 sec
Elapsed time for households 12.0295 sec
Iteration 115
Elapsed time for kappa 32.5465 sec
Elapsed time for experts 13.0741 sec
Elapsed time for households 11.3364 sec
Iteration 116
Elapsed time for kappa 32.1211 sec
Elapsed time for experts 12.0499 sec
Elapsed time for households 14.0480 sec
Iteration 117
Elapsed time for kappa 32.3049 sec
Elapsed time for experts 12.0117 sec
Elapsed time for households 10.8966 sec
Iteration 118
Elapsed time for kappa 32.0108 sec
Elapsed time for experts 12.1150 sec
Elapsed time for households 16.5624 sec
Iteration 119
Elapsed time for kappa 32.7583 sec
Elapsed time for experts 12.3677 sec
Elapsed time for households 11.2774 sec
Iteration 120
Elapsed time for kappa 32.7256 sec
Elapsed time for experts 13.0188 sec
Elapsed time for households 10.8209 sec
Iteration 121
Elapsed time for kappa 32.4072 sec
Elapsed time for experts 13.2292 sec
Elapsed time for households 11.0108 sec
Iteration 122
Elapsed time for kappa 32.1111 sec
Elapsed time for experts 12.6280 sec
Elapsed time for households 11.1821 sec
Iteration 123
Elapsed time for kappa 31.8900 sec
Elapsed time for experts 12.6853 sec
Elapsed time for households 11.1057 sec
Iteration 124
Elapsed time for kappa 31.8341 sec
Elapsed time for experts 18.6266 sec
Elapsed time for households 11.3770 sec
Iteration 125
Elapsed time for kappa 32.5042 sec
Elapsed time for experts 12.5485 sec
Elapsed time for households 11.1651 sec
Iteration 126
Elapsed time for kappa 32.7178 sec
Elapsed time for experts 12.8636 sec
Elapsed time for households 10.7049 sec
Iteration 127
Elapsed time for kappa 32.1699 sec
Elapsed time for experts 12.6236 sec
Elapsed time for households 11.6725 sec
Iteration 128
Elapsed time for kappa 32.1134 sec
Elapsed time for experts 13.5486 sec
Elapsed time for households 11.4987 sec
Iteration 129
Elapsed time for kappa 31.9655 sec
Elapsed time for experts 12.6310 sec
Elapsed time for households 10.8416 sec
Iteration 130
Elapsed time for kappa 32.1493 sec
Elapsed time for experts 18.6989 sec
Elapsed time for households 10.9911 sec
Iteration 131
Elapsed time for kappa 32.6996 sec
Elapsed time for experts 13.0991 sec
Elapsed time for households 11.2070 sec
Iteration 132
Elapsed time for kappa 32.5779 sec
Elapsed time for experts 12.6924 sec
Elapsed time for households 11.0028 sec
Iteration 133
Elapsed time for kappa 32.8796 sec
Elapsed time for experts 12.7251 sec
Elapsed time for households 11.0874 sec
Iteration 134
Elapsed time for kappa 32.1190 sec
Elapsed time for experts 13.2917 sec
Elapsed time for households 10.8661 sec
Iteration 135
Elapsed time for kappa 32.3082 sec
Elapsed time for experts 12.5907 sec
Elapsed time for households 10.5297 sec
Iteration 136
Elapsed time for kappa 31.9852 sec
Elapsed time for experts 19.4034 sec
Elapsed time for households 11.8095 sec
Iteration 137
Elapsed time for kappa 32.9356 sec
Elapsed time for experts 12.4859 sec
Elapsed time for households 11.3914 sec
Iteration 138
Elapsed time for kappa 32.9146 sec
Elapsed time for experts 12.1956 sec
Elapsed time for households 10.8508 sec
Iteration 139
Elapsed time for kappa 32.5807 sec
Elapsed time for experts 12.6801 sec
Elapsed time for households 10.5597 sec
Iteration 140
Elapsed time for kappa 32.3735 sec
Elapsed time for experts 12.3102 sec
Elapsed time for households 11.0412 sec
Iteration 141
Elapsed time for kappa 32.2998 sec
Elapsed time for experts 11.9134 sec
Elapsed time for households 10.7078 sec
Iteration 142
Elapsed time for kappa 38.2943 sec
Elapsed time for experts 12.3962 sec
Elapsed time for households 10.9647 sec
Iteration 143
Elapsed time for kappa 32.5312 sec
Elapsed time for experts 12.5904 sec
Elapsed time for households 11.2187 sec
Iteration 144
Elapsed time for kappa 32.4920 sec
Elapsed time for experts 13.0714 sec
Elapsed time for households 10.9629 sec
Iteration 145
Elapsed time for kappa 32.1964 sec
Elapsed time for experts 12.6616 sec
Elapsed time for households 10.6371 sec
Iteration 146
Elapsed time for kappa 32.2066 sec
Elapsed time for experts 12.5650 sec
Elapsed time for households 11.2526 sec
Iteration 147
Elapsed time for kappa 32.0837 sec
Elapsed time for experts 12.7537 sec
Elapsed time for households 10.5495 sec
Iteration 148
Elapsed time for kappa 38.2528 sec
Elapsed time for experts 13.5669 sec
Elapsed time for households 12.0263 sec
Iteration 149
Elapsed time for kappa 32.7100 sec
Elapsed time for experts 13.5165 sec
Elapsed time for households 11.1885 sec
Iteration 150
Elapsed time for kappa 32.3168 sec
Elapsed time for experts 12.3441 sec
Elapsed time for households 11.6199 sec
Iteration 151
Elapsed time for kappa 32.2442 sec
Elapsed time for experts 12.7290 sec
Elapsed time for households 10.5524 sec
Iteration 152
Elapsed time for kappa 32.3563 sec
Elapsed time for experts 12.6544 sec
Elapsed time for households 11.2525 sec
Iteration 153
Elapsed time for kappa 31.9818 sec
Elapsed time for experts 11.8929 sec
Elapsed time for households 13.6352 sec
Iteration 154
Elapsed time for kappa 38.3404 sec
Elapsed time for experts 12.7315 sec
Elapsed time for households 10.7487 sec
Iteration 155
Elapsed time for kappa 32.5223 sec
Elapsed time for experts 12.5030 sec
Elapsed time for households 11.5156 sec
Iteration 156
Elapsed time for kappa 32.2556 sec
Elapsed time for experts 12.0553 sec
Elapsed time for households 10.7136 sec
Iteration 157
Elapsed time for kappa 32.0968 sec
Elapsed time for experts 12.4519 sec
Elapsed time for households 10.4178 sec
Iteration 158
Elapsed time for kappa 32.0302 sec
Elapsed time for experts 12.2812 sec
Elapsed time for households 11.1143 sec
Iteration 159
Elapsed time for kappa 31.8777 sec
Elapsed time for experts 12.5283 sec
Elapsed time for households 10.5360 sec
Iteration 160
Elapsed time for kappa 38.8901 sec
Elapsed time for experts 12.5744 sec
Elapsed time for households 11.2083 sec
Iteration 161
Elapsed time for kappa 32.4954 sec
Elapsed time for experts 13.2862 sec
Elapsed time for households 10.7620 sec
Iteration 162
Elapsed time for kappa 32.4932 sec
Elapsed time for experts 13.0861 sec
Elapsed time for households 10.9314 sec
Iteration 163
Elapsed time for kappa 32.4172 sec
Elapsed time for experts 13.2454 sec
Elapsed time for households 10.7285 sec
Iteration 164
Elapsed time for kappa 32.2594 sec
Elapsed time for experts 13.0006 sec
Elapsed time for households 11.1470 sec
Iteration 165
Elapsed time for kappa 32.4266 sec
Elapsed time for experts 12.2037 sec
Elapsed time for households 10.7125 sec
Iteration 166
Elapsed time for kappa 38.1915 sec
Elapsed time for experts 12.2866 sec
Elapsed time for households 10.6601 sec
Iteration 167
Elapsed time for kappa 32.6193 sec
Elapsed time for experts 12.8587 sec
Elapsed time for households 11.7257 sec
Iteration 168
Elapsed time for kappa 32.4658 sec
Elapsed time for experts 12.8195 sec
Elapsed time for households 11.6954 sec
Iteration 169
Elapsed time for kappa 32.3434 sec
Elapsed time for experts 13.0875 sec
Elapsed time for households 10.4418 sec
Iteration 170
Elapsed time for kappa 32.0305 sec
Elapsed time for experts 12.1005 sec
Elapsed time for households 10.9061 sec
Iteration 171
Elapsed time for kappa 32.4222 sec
Elapsed time for experts 17.4498 sec
Elapsed time for households 11.2600 sec
Iteration 172
Elapsed time for kappa 32.8034 sec
Elapsed time for experts 12.9843 sec
Elapsed time for households 11.4162 sec
Iteration 173
Elapsed time for kappa 32.5293 sec
Elapsed time for experts 12.5636 sec
Elapsed time for households 11.3196 sec
Iteration 174
Elapsed time for kappa 32.5257 sec
Elapsed time for experts 12.1012 sec
Elapsed time for households 11.7970 sec
Iteration 175
Elapsed time for kappa 32.1057 sec
Elapsed time for experts 12.9239 sec
Elapsed time for households 10.9227 sec
Iteration 176
Elapsed time for kappa 32.2067 sec
Elapsed time for experts 12.7718 sec
Elapsed time for households 11.1301 sec
Iteration 177
Elapsed time for kappa 31.7865 sec
Elapsed time for experts 18.6041 sec
Elapsed time for households 11.8568 sec
Iteration 178
Elapsed time for kappa 32.9014 sec
Elapsed time for experts 12.6715 sec
Elapsed time for households 11.5343 sec
Iteration 179
Elapsed time for kappa 32.6759 sec
Elapsed time for experts 12.8144 sec
Elapsed time for households 10.8612 sec
Iteration 180
Elapsed time for kappa 32.0337 sec
Elapsed time for experts 12.2249 sec
Elapsed time for households 11.2364 sec
Iteration 181
Elapsed time for kappa 32.3409 sec
Elapsed time for experts 12.7331 sec
Elapsed time for households 11.4111 sec
Iteration 182
Elapsed time for kappa 32.1007 sec
Elapsed time for experts 11.9533 sec
Elapsed time for households 11.6430 sec
Iteration 183
Elapsed time for kappa 31.8778 sec
Elapsed time for experts 18.5626 sec
Elapsed time for households 11.7957 sec
Iteration 184
Elapsed time for kappa 32.7477 sec
Elapsed time for experts 13.1746 sec
Elapsed time for households 11.1489 sec
Iteration 185
Elapsed time for kappa 32.4853 sec
Elapsed time for experts 12.5577 sec
Elapsed time for households 11.3949 sec
Iteration 186
Elapsed time for kappa 32.2439 sec
Elapsed time for experts 12.2251 sec
Elapsed time for households 11.7118 sec
Iteration 187
Elapsed time for kappa 32.3188 sec
Elapsed time for experts 12.7947 sec
Elapsed time for households 10.5537 sec
Iteration 188
Elapsed time for kappa 32.1302 sec
Elapsed time for experts 12.0866 sec
Elapsed time for households 11.2816 sec
Iteration 189
Elapsed time for kappa 32.0897 sec
Elapsed time for experts 19.1467 sec
Elapsed time for households 11.6736 sec
Iteration 190
Elapsed time for kappa 32.7032 sec
Elapsed time for experts 13.3084 sec
Elapsed time for households 11.4466 sec
Iteration 191
Elapsed time for kappa 32.6651 sec
Elapsed time for experts 12.3915 sec
Elapsed time for households 11.2772 sec
Iteration 192
Elapsed time for kappa 32.6209 sec
Elapsed time for experts 12.1990 sec
Elapsed time for households 10.5547 sec
Iteration 193
Elapsed time for kappa 32.2261 sec
Elapsed time for experts 12.7962 sec
Elapsed time for households 11.0020 sec
Iteration 194
Elapsed time for kappa 31.9760 sec
Elapsed time for experts 12.2007 sec
Elapsed time for households 11.2851 sec
Iteration 195
Elapsed time for kappa 38.6837 sec
Elapsed time for experts 13.8334 sec
Elapsed time for households 11.9120 sec
Iteration 196
Elapsed time for kappa 32.5419 sec
Elapsed time for experts 13.3614 sec
Elapsed time for households 11.3241 sec
Iteration 197
Elapsed time for kappa 32.5367 sec
Elapsed time for experts 12.9344 sec
Elapsed time for households 11.3164 sec
Iteration 198
Elapsed time for kappa 32.5366 sec
Elapsed time for experts 13.5523 sec
Elapsed time for households 10.5655 sec
Iteration 199
Elapsed time for kappa 32.2404 sec
Elapsed time for experts 12.8897 sec
Elapsed time for households 10.8334 sec
Elapsed time for training 11675.7106 sec
90000 90000 90000 90000
