Iteration 0
Elapsed time for kappa 67.5373 sec
Elapsed time for experts 21.1347 sec
Elapsed time for households 16.5759 sec
Iteration 1
Elapsed time for kappa 38.6346 sec
Elapsed time for experts 16.1482 sec
Elapsed time for households 14.4401 sec
Iteration 2
Elapsed time for kappa 34.9458 sec
Elapsed time for experts 16.3219 sec
Elapsed time for households 14.5341 sec
Iteration 3
Elapsed time for kappa 41.3198 sec
Elapsed time for experts 15.9870 sec
Elapsed time for households 14.0775 sec
Iteration 4
Elapsed time for kappa 35.2538 sec
Elapsed time for experts 15.4077 sec
Elapsed time for households 14.5610 sec
Iteration 5
Elapsed time for kappa 35.6304 sec
Elapsed time for experts 13.8324 sec
Elapsed time for households 14.5305 sec
Iteration 6
Elapsed time for kappa 34.8583 sec
Elapsed time for experts 13.5783 sec
Elapsed time for households 14.5608 sec
Iteration 7
Elapsed time for kappa 43.0108 sec
Elapsed time for experts 13.6483 sec
Elapsed time for households 13.1106 sec
Iteration 8
Elapsed time for kappa 35.0972 sec
Elapsed time for experts 12.9810 sec
Elapsed time for households 14.0776 sec
Iteration 9
Elapsed time for kappa 35.1489 sec
Elapsed time for experts 14.7240 sec
Elapsed time for households 15.1428 sec
Iteration 10
Elapsed time for kappa 34.9348 sec
Elapsed time for experts 13.9541 sec
Elapsed time for households 14.6530 sec
Iteration 11
Elapsed time for kappa 34.9270 sec
Elapsed time for experts 15.8260 sec
Elapsed time for households 12.3154 sec
Iteration 12
Elapsed time for kappa 35.0999 sec
Elapsed time for experts 14.0359 sec
Elapsed time for households 21.0961 sec
Iteration 13
Elapsed time for kappa 36.8449 sec
Elapsed time for experts 14.3022 sec
Elapsed time for households 12.4385 sec
Iteration 14
Elapsed time for kappa 36.1377 sec
Elapsed time for experts 15.5966 sec
Elapsed time for households 11.7211 sec
Iteration 15
Elapsed time for kappa 35.1318 sec
Elapsed time for experts 14.6731 sec
Elapsed time for households 12.8702 sec
Iteration 16
Elapsed time for kappa 35.5591 sec
Elapsed time for experts 14.3262 sec
Elapsed time for households 11.6321 sec
Iteration 17
Elapsed time for kappa 35.2363 sec
Elapsed time for experts 15.0197 sec
Elapsed time for households 12.3621 sec
Iteration 18
Elapsed time for kappa 35.3410 sec
Elapsed time for experts 14.9722 sec
Elapsed time for households 20.3156 sec
Iteration 19
Elapsed time for kappa 36.2864 sec
Elapsed time for experts 15.8005 sec
Elapsed time for households 12.1726 sec
Iteration 20
Elapsed time for kappa 35.4609 sec
Elapsed time for experts 16.0527 sec
Elapsed time for households 11.4340 sec
Iteration 21
Elapsed time for kappa 35.1216 sec
Elapsed time for experts 14.0870 sec
Elapsed time for households 11.9144 sec
Iteration 22
Elapsed time for kappa 34.8790 sec
Elapsed time for experts 14.7339 sec
Elapsed time for households 11.3294 sec
Iteration 23
Elapsed time for kappa 34.3437 sec
Elapsed time for experts 14.0967 sec
Elapsed time for households 11.3051 sec
Iteration 24
Elapsed time for kappa 34.2200 sec
Elapsed time for experts 21.8926 sec
Elapsed time for households 14.1317 sec
Iteration 25
Elapsed time for kappa 35.0683 sec
Elapsed time for experts 15.1475 sec
Elapsed time for households 11.4624 sec
Iteration 26
Elapsed time for kappa 35.0550 sec
Elapsed time for experts 15.4590 sec
Elapsed time for households 11.3664 sec
Iteration 27
Elapsed time for kappa 34.6914 sec
Elapsed time for experts 14.1790 sec
Elapsed time for households 13.0486 sec
Iteration 28
Elapsed time for kappa 34.4561 sec
Elapsed time for experts 13.8749 sec
Elapsed time for households 11.2871 sec
Iteration 29
Elapsed time for kappa 34.2184 sec
Elapsed time for experts 13.4719 sec
Elapsed time for households 11.3914 sec
Iteration 30
Elapsed time for kappa 34.3904 sec
Elapsed time for experts 20.5814 sec
Elapsed time for households 11.8847 sec
Iteration 31
Elapsed time for kappa 35.0000 sec
Elapsed time for experts 13.9415 sec
Elapsed time for households 11.1896 sec
Iteration 32
Elapsed time for kappa 34.6396 sec
Elapsed time for experts 14.0126 sec
Elapsed time for households 11.2281 sec
Iteration 33
Elapsed time for kappa 34.8032 sec
Elapsed time for experts 13.8917 sec
Elapsed time for households 11.4645 sec
Iteration 34
Elapsed time for kappa 34.3554 sec
Elapsed time for experts 13.5105 sec
Elapsed time for households 11.2800 sec
Iteration 35
Elapsed time for kappa 34.2305 sec
Elapsed time for experts 14.2451 sec
Elapsed time for households 11.7488 sec
Iteration 36
Elapsed time for kappa 34.8512 sec
Elapsed time for experts 20.8272 sec
Elapsed time for households 11.4248 sec
Iteration 37
Elapsed time for kappa 35.1319 sec
Elapsed time for experts 14.8070 sec
Elapsed time for households 11.6265 sec
Iteration 38
Elapsed time for kappa 34.0240 sec
Elapsed time for experts 13.3859 sec
Elapsed time for households 11.3113 sec
Iteration 39
Elapsed time for kappa 34.4864 sec
Elapsed time for experts 13.2038 sec
Elapsed time for households 11.4384 sec
Iteration 40
Elapsed time for kappa 34.1714 sec
Elapsed time for experts 12.8899 sec
Elapsed time for households 11.2569 sec
Iteration 41
Elapsed time for kappa 33.9264 sec
Elapsed time for experts 13.7445 sec
Elapsed time for households 11.4297 sec
Iteration 42
Elapsed time for kappa 40.2885 sec
Elapsed time for experts 14.3260 sec
Elapsed time for households 11.9450 sec
Iteration 43
Elapsed time for kappa 34.1606 sec
Elapsed time for experts 12.6870 sec
Elapsed time for households 10.8588 sec
Iteration 44
Elapsed time for kappa 33.8689 sec
Elapsed time for experts 13.2572 sec
Elapsed time for households 11.0994 sec
Iteration 45
Elapsed time for kappa 34.7132 sec
Elapsed time for experts 13.1262 sec
Elapsed time for households 11.0878 sec
Iteration 46
Elapsed time for kappa 34.5677 sec
Elapsed time for experts 12.9480 sec
Elapsed time for households 11.6161 sec
Iteration 47
Elapsed time for kappa 34.5091 sec
Elapsed time for experts 12.6512 sec
Elapsed time for households 10.9049 sec
Iteration 48
Elapsed time for kappa 41.4340 sec
Elapsed time for experts 13.2043 sec
Elapsed time for households 10.9444 sec
Iteration 49
Elapsed time for kappa 35.1019 sec
Elapsed time for experts 12.7881 sec
Elapsed time for households 10.8166 sec
Iteration 50
Elapsed time for kappa 34.6498 sec
Elapsed time for experts 12.4518 sec
Elapsed time for households 10.8401 sec
Iteration 51
Elapsed time for kappa 34.6564 sec
Elapsed time for experts 13.2225 sec
Elapsed time for households 10.6659 sec
Iteration 52
Elapsed time for kappa 34.0352 sec
Elapsed time for experts 13.1082 sec
Elapsed time for households 10.5866 sec
Iteration 53
Elapsed time for kappa 34.1943 sec
Elapsed time for experts 13.1822 sec
Elapsed time for households 10.8302 sec
Iteration 54
Elapsed time for kappa 40.8844 sec
Elapsed time for experts 13.6757 sec
Elapsed time for households 10.5746 sec
Iteration 55
Elapsed time for kappa 33.6528 sec
Elapsed time for experts 13.5094 sec
Elapsed time for households 10.7952 sec
Iteration 56
Elapsed time for kappa 33.7313 sec
Elapsed time for experts 13.3728 sec
Elapsed time for households 10.8486 sec
Iteration 57
Elapsed time for kappa 33.6015 sec
Elapsed time for experts 13.1213 sec
Elapsed time for households 10.9030 sec
Iteration 58
Elapsed time for kappa 33.3272 sec
Elapsed time for experts 13.2098 sec
Elapsed time for households 11.2017 sec
Iteration 59
Elapsed time for kappa 34.0097 sec
Elapsed time for experts 13.0667 sec
Elapsed time for households 11.3305 sec
Iteration 60
Elapsed time for kappa 40.8230 sec
Elapsed time for experts 14.9922 sec
Elapsed time for households 11.5883 sec
Iteration 61
Elapsed time for kappa 34.3746 sec
Elapsed time for experts 13.1835 sec
Elapsed time for households 11.3681 sec
Iteration 62
Elapsed time for kappa 33.8016 sec
Elapsed time for experts 14.3203 sec
Elapsed time for households 11.0407 sec
Iteration 63
Elapsed time for kappa 33.3797 sec
Elapsed time for experts 13.1484 sec
Elapsed time for households 10.9885 sec
Iteration 64
Elapsed time for kappa 34.2751 sec
Elapsed time for experts 13.7052 sec
Elapsed time for households 11.6847 sec
Iteration 65
Elapsed time for kappa 33.6818 sec
Elapsed time for experts 12.5074 sec
Elapsed time for households 17.1556 sec
Iteration 66
Elapsed time for kappa 34.3326 sec
Elapsed time for experts 13.2356 sec
Elapsed time for households 11.7322 sec
Iteration 67
Elapsed time for kappa 33.8707 sec
Elapsed time for experts 13.1137 sec
Elapsed time for households 10.9281 sec
Iteration 68
Elapsed time for kappa 34.1614 sec
Elapsed time for experts 12.8885 sec
Elapsed time for households 10.9473 sec
Iteration 69
Elapsed time for kappa 33.9940 sec
Elapsed time for experts 12.6166 sec
Elapsed time for households 11.0617 sec
Iteration 70
Elapsed time for kappa 34.1054 sec
Elapsed time for experts 12.9525 sec
Elapsed time for households 11.0505 sec
Iteration 71
Elapsed time for kappa 35.1893 sec
Elapsed time for experts 19.7785 sec
Elapsed time for households 11.4798 sec
Iteration 72
Elapsed time for kappa 35.0963 sec
Elapsed time for experts 13.1002 sec
Elapsed time for households 11.9935 sec
Iteration 73
Elapsed time for kappa 34.4669 sec
Elapsed time for experts 12.9804 sec
Elapsed time for households 11.1964 sec
Iteration 74
Elapsed time for kappa 34.9602 sec
Elapsed time for experts 12.3332 sec
Elapsed time for households 10.8285 sec
Iteration 75
Elapsed time for kappa 34.6513 sec
Elapsed time for experts 12.4764 sec
Elapsed time for households 10.8483 sec
Iteration 76
Elapsed time for kappa 34.7547 sec
Elapsed time for experts 13.5409 sec
Elapsed time for households 10.6142 sec
Iteration 77
Elapsed time for kappa 34.4729 sec
Elapsed time for experts 19.9591 sec
Elapsed time for households 11.6686 sec
Iteration 78
Elapsed time for kappa 35.1462 sec
Elapsed time for experts 13.0208 sec
Elapsed time for households 11.4079 sec
Iteration 79
Elapsed time for kappa 35.1283 sec
Elapsed time for experts 12.9824 sec
Elapsed time for households 11.0778 sec
Iteration 80
Elapsed time for kappa 34.7853 sec
Elapsed time for experts 12.6966 sec
Elapsed time for households 10.8480 sec
Iteration 81
Elapsed time for kappa 35.2765 sec
Elapsed time for experts 12.7281 sec
Elapsed time for households 10.9458 sec
Iteration 82
Elapsed time for kappa 34.8699 sec
Elapsed time for experts 12.0931 sec
Elapsed time for households 10.7307 sec
Iteration 83
Elapsed time for kappa 34.5846 sec
Elapsed time for experts 19.4518 sec
Elapsed time for households 10.9561 sec
Iteration 84
Elapsed time for kappa 34.7003 sec
Elapsed time for experts 12.9412 sec
Elapsed time for households 10.8325 sec
Iteration 85
Elapsed time for kappa 35.2239 sec
Elapsed time for experts 14.0110 sec
Elapsed time for households 10.7277 sec
Iteration 86
Elapsed time for kappa 35.1014 sec
Elapsed time for experts 14.3808 sec
Elapsed time for households 10.8577 sec
Iteration 87
Elapsed time for kappa 34.8559 sec
Elapsed time for experts 13.1044 sec
Elapsed time for households 10.7911 sec
Iteration 88
Elapsed time for kappa 33.9852 sec
Elapsed time for experts 14.6177 sec
Elapsed time for households 10.5412 sec
Iteration 89
Elapsed time for kappa 34.3277 sec
Elapsed time for experts 20.4987 sec
Elapsed time for households 11.0874 sec
Iteration 90
Elapsed time for kappa 34.9718 sec
Elapsed time for experts 14.0755 sec
Elapsed time for households 11.3338 sec
Iteration 91
Elapsed time for kappa 34.3912 sec
Elapsed time for experts 13.4835 sec
Elapsed time for households 11.1629 sec
Iteration 92
Elapsed time for kappa 33.9891 sec
Elapsed time for experts 13.1464 sec
Elapsed time for households 11.0431 sec
Iteration 93
Elapsed time for kappa 34.1655 sec
Elapsed time for experts 13.3989 sec
Elapsed time for households 11.2821 sec
Iteration 94
Elapsed time for kappa 33.9203 sec
Elapsed time for experts 13.0081 sec
Elapsed time for households 11.1353 sec
Iteration 95
Elapsed time for kappa 41.0589 sec
Elapsed time for experts 13.1068 sec
Elapsed time for households 11.2870 sec
Iteration 96
Elapsed time for kappa 33.9655 sec
Elapsed time for experts 13.5279 sec
Elapsed time for households 11.5197 sec
Iteration 97
Elapsed time for kappa 33.8342 sec
Elapsed time for experts 12.6027 sec
Elapsed time for households 11.4208 sec
Iteration 98
Elapsed time for kappa 33.3046 sec
Elapsed time for experts 13.1145 sec
Elapsed time for households 11.7034 sec
Iteration 99
Elapsed time for kappa 33.7031 sec
Elapsed time for experts 13.1614 sec
Elapsed time for households 11.2966 sec
Iteration 100
Elapsed time for kappa 33.8661 sec
Elapsed time for experts 13.2406 sec
Elapsed time for households 11.0636 sec
Iteration 101
Elapsed time for kappa 41.2257 sec
Elapsed time for experts 12.9062 sec
Elapsed time for households 11.6301 sec
Iteration 102
Elapsed time for kappa 34.0771 sec
Elapsed time for experts 12.7033 sec
Elapsed time for households 11.6920 sec
Iteration 103
Elapsed time for kappa 33.9398 sec
Elapsed time for experts 12.3973 sec
Elapsed time for households 10.9344 sec
Iteration 104
Elapsed time for kappa 34.1447 sec
Elapsed time for experts 12.3241 sec
Elapsed time for households 11.2436 sec
Iteration 105
Elapsed time for kappa 34.3621 sec
Elapsed time for experts 12.5514 sec
Elapsed time for households 10.6554 sec
Iteration 106
Elapsed time for kappa 34.5915 sec
Elapsed time for experts 12.9569 sec
Elapsed time for households 10.8850 sec
Iteration 107
Elapsed time for kappa 41.3507 sec
Elapsed time for experts 13.2100 sec
Elapsed time for households 11.2270 sec
Iteration 108
Elapsed time for kappa 33.7243 sec
Elapsed time for experts 12.8123 sec
Elapsed time for households 11.0068 sec
Iteration 109
Elapsed time for kappa 34.5388 sec
Elapsed time for experts 12.5670 sec
Elapsed time for households 10.6597 sec
Iteration 110
Elapsed time for kappa 34.0428 sec
Elapsed time for experts 12.4528 sec
Elapsed time for households 10.6002 sec
Iteration 111
Elapsed time for kappa 33.8015 sec
Elapsed time for experts 13.0057 sec
Elapsed time for households 10.8540 sec
Iteration 112
Elapsed time for kappa 33.9986 sec
Elapsed time for experts 13.1140 sec
Elapsed time for households 10.6592 sec
Iteration 113
Elapsed time for kappa 40.7534 sec
Elapsed time for experts 13.0293 sec
Elapsed time for households 10.8119 sec
Iteration 114
Elapsed time for kappa 34.3948 sec
Elapsed time for experts 13.8077 sec
Elapsed time for households 10.6976 sec
Iteration 115
Elapsed time for kappa 33.8290 sec
Elapsed time for experts 13.0371 sec
Elapsed time for households 10.5934 sec
Iteration 116
Elapsed time for kappa 33.1059 sec
Elapsed time for experts 13.3076 sec
Elapsed time for households 11.0427 sec
Iteration 117
Elapsed time for kappa 32.9488 sec
Elapsed time for experts 13.0840 sec
Elapsed time for households 10.9832 sec
Iteration 118
Elapsed time for kappa 32.8331 sec
Elapsed time for experts 12.4801 sec
Elapsed time for households 16.8618 sec
Iteration 119
Elapsed time for kappa 33.2854 sec
Elapsed time for experts 12.5819 sec
Elapsed time for households 11.0580 sec
Iteration 120
Elapsed time for kappa 33.1521 sec
Elapsed time for experts 12.8154 sec
Elapsed time for households 11.1727 sec
Iteration 121
Elapsed time for kappa 33.5859 sec
Elapsed time for experts 12.7716 sec
Elapsed time for households 11.2369 sec
Iteration 122
Elapsed time for kappa 32.6781 sec
Elapsed time for experts 12.4731 sec
Elapsed time for households 10.5684 sec
Iteration 123
Elapsed time for kappa 32.8058 sec
Elapsed time for experts 12.1992 sec
Elapsed time for households 10.5235 sec
Iteration 124
Elapsed time for kappa 34.0815 sec
Elapsed time for experts 12.6139 sec
Elapsed time for households 17.2379 sec
Iteration 125
Elapsed time for kappa 33.8209 sec
Elapsed time for experts 12.3719 sec
Elapsed time for households 10.7721 sec
Iteration 126
Elapsed time for kappa 33.2521 sec
Elapsed time for experts 12.3893 sec
Elapsed time for households 10.4970 sec
Iteration 127
Elapsed time for kappa 33.4863 sec
Elapsed time for experts 12.3701 sec
Elapsed time for households 10.3956 sec
Iteration 128
Elapsed time for kappa 32.8893 sec
Elapsed time for experts 12.2270 sec
Elapsed time for households 10.1880 sec
Iteration 129
Elapsed time for kappa 32.2596 sec
Elapsed time for experts 12.8576 sec
Elapsed time for households 10.3401 sec
Iteration 130
Elapsed time for kappa 31.9048 sec
Elapsed time for experts 12.7204 sec
Elapsed time for households 17.0039 sec
Iteration 131
Elapsed time for kappa 33.1202 sec
Elapsed time for experts 14.1637 sec
Elapsed time for households 10.7009 sec
Iteration 132
Elapsed time for kappa 32.2322 sec
Elapsed time for experts 12.8644 sec
Elapsed time for households 10.7129 sec
Iteration 133
Elapsed time for kappa 32.1113 sec
Elapsed time for experts 12.1062 sec
Elapsed time for households 10.9587 sec
Iteration 134
Elapsed time for kappa 31.8065 sec
Elapsed time for experts 13.2344 sec
Elapsed time for households 11.3571 sec
Iteration 135
Elapsed time for kappa 31.8397 sec
Elapsed time for experts 12.2989 sec
Elapsed time for households 10.8094 sec
Iteration 136
Elapsed time for kappa 33.6426 sec
Elapsed time for experts 18.6232 sec
Elapsed time for households 11.0042 sec
Iteration 137
Elapsed time for kappa 33.1120 sec
Elapsed time for experts 12.4349 sec
Elapsed time for households 10.6945 sec
Iteration 138
Elapsed time for kappa 32.5533 sec
Elapsed time for experts 12.7976 sec
Elapsed time for households 10.5079 sec
Iteration 139
Elapsed time for kappa 32.8920 sec
Elapsed time for experts 12.2455 sec
Elapsed time for households 10.2322 sec
Iteration 140
Elapsed time for kappa 32.4636 sec
Elapsed time for experts 12.0080 sec
Elapsed time for households 10.0894 sec
Iteration 141
Elapsed time for kappa 32.1948 sec
Elapsed time for experts 12.4417 sec
Elapsed time for households 10.4306 sec
Iteration 142
Elapsed time for kappa 32.0652 sec
Elapsed time for experts 18.3772 sec
Elapsed time for households 10.9114 sec
Iteration 143
Elapsed time for kappa 32.3068 sec
Elapsed time for experts 13.6453 sec
Elapsed time for households 10.7597 sec
Iteration 144
Elapsed time for kappa 31.9781 sec
Elapsed time for experts 12.3797 sec
Elapsed time for households 10.4931 sec
Iteration 145
Elapsed time for kappa 31.8539 sec
Elapsed time for experts 12.5018 sec
Elapsed time for households 10.9430 sec
Iteration 146
Elapsed time for kappa 31.4664 sec
Elapsed time for experts 12.8494 sec
Elapsed time for households 10.6353 sec
Iteration 147
Elapsed time for kappa 31.1556 sec
Elapsed time for experts 11.5560 sec
Elapsed time for households 10.4903 sec
Iteration 148
Elapsed time for kappa 32.4815 sec
Elapsed time for experts 18.3775 sec
Elapsed time for households 11.0614 sec
Iteration 149
Elapsed time for kappa 32.6605 sec
Elapsed time for experts 12.0887 sec
Elapsed time for households 10.4093 sec
Iteration 150
Elapsed time for kappa 32.5109 sec
Elapsed time for experts 11.9569 sec
Elapsed time for households 10.2767 sec
Iteration 151
Elapsed time for kappa 32.5483 sec
Elapsed time for experts 12.5296 sec
Elapsed time for households 10.3070 sec
Iteration 152
Elapsed time for kappa 31.9426 sec
Elapsed time for experts 12.0303 sec
Elapsed time for households 10.4097 sec
Iteration 153
Elapsed time for kappa 32.1074 sec
Elapsed time for experts 12.8340 sec
Elapsed time for households 10.4088 sec
Iteration 154
Elapsed time for kappa 31.9967 sec
Elapsed time for experts 19.1825 sec
Elapsed time for households 11.0174 sec
Iteration 155
Elapsed time for kappa 32.1606 sec
Elapsed time for experts 12.6780 sec
Elapsed time for households 10.9160 sec
Iteration 156
Elapsed time for kappa 31.6157 sec
Elapsed time for experts 12.3129 sec
Elapsed time for households 10.7789 sec
Iteration 157
Elapsed time for kappa 31.4898 sec
Elapsed time for experts 11.8574 sec
Elapsed time for households 10.5192 sec
Iteration 158
Elapsed time for kappa 31.8952 sec
Elapsed time for experts 11.6853 sec
Elapsed time for households 10.3991 sec
Iteration 159
Elapsed time for kappa 31.9034 sec
Elapsed time for experts 11.8068 sec
Elapsed time for households 10.1777 sec
Iteration 160
Elapsed time for kappa 39.1410 sec
Elapsed time for experts 12.7281 sec
Elapsed time for households 10.6102 sec
Iteration 161
Elapsed time for kappa 32.9300 sec
Elapsed time for experts 12.8373 sec
Elapsed time for households 10.2907 sec
Iteration 162
Elapsed time for kappa 32.2579 sec
Elapsed time for experts 12.4630 sec
Elapsed time for households 10.4045 sec
Iteration 163
Elapsed time for kappa 31.5207 sec
Elapsed time for experts 13.0190 sec
Elapsed time for households 10.5447 sec
Iteration 164
Elapsed time for kappa 31.4848 sec
Elapsed time for experts 11.9689 sec
Elapsed time for households 10.7269 sec
Iteration 165
Elapsed time for kappa 31.5580 sec
Elapsed time for experts 12.4074 sec
Elapsed time for households 10.7778 sec
Iteration 166
Elapsed time for kappa 38.6728 sec
Elapsed time for experts 12.6345 sec
Elapsed time for households 11.5719 sec
Iteration 167
Elapsed time for kappa 31.8868 sec
Elapsed time for experts 11.9003 sec
Elapsed time for households 10.5133 sec
Iteration 168
Elapsed time for kappa 32.8201 sec
Elapsed time for experts 11.8319 sec
Elapsed time for households 10.2845 sec
Iteration 169
Elapsed time for kappa 32.3486 sec
Elapsed time for experts 12.0035 sec
Elapsed time for households 10.1272 sec
Iteration 170
Elapsed time for kappa 31.9030 sec
Elapsed time for experts 12.3192 sec
Elapsed time for households 10.2175 sec
Iteration 171
Elapsed time for kappa 31.9627 sec
Elapsed time for experts 12.2246 sec
Elapsed time for households 9.9966 sec
Iteration 172
Elapsed time for kappa 39.0962 sec
Elapsed time for experts 12.9379 sec
Elapsed time for households 10.4449 sec
Iteration 173
Elapsed time for kappa 32.0292 sec
Elapsed time for experts 12.9146 sec
Elapsed time for households 10.5467 sec
Iteration 174
Elapsed time for kappa 31.6908 sec
Elapsed time for experts 11.9797 sec
Elapsed time for households 11.1977 sec
Iteration 175
Elapsed time for kappa 31.6745 sec
Elapsed time for experts 12.3578 sec
Elapsed time for households 10.4328 sec
Iteration 176
Elapsed time for kappa 32.3123 sec
Elapsed time for experts 11.9696 sec
Elapsed time for households 10.4804 sec
Iteration 177
Elapsed time for kappa 31.6399 sec
Elapsed time for experts 11.9629 sec
Elapsed time for households 10.2394 sec
Iteration 178
Elapsed time for kappa 38.7515 sec
Elapsed time for experts 12.8845 sec
Elapsed time for households 10.8661 sec
Iteration 179
Elapsed time for kappa 32.2848 sec
Elapsed time for experts 12.0644 sec
Elapsed time for households 10.4126 sec
Iteration 180
Elapsed time for kappa 32.7131 sec
Elapsed time for experts 12.3203 sec
Elapsed time for households 10.2721 sec
Iteration 181
Elapsed time for kappa 32.1873 sec
Elapsed time for experts 12.5617 sec
Elapsed time for households 10.4494 sec
Iteration 182
Elapsed time for kappa 31.5152 sec
Elapsed time for experts 12.1070 sec
Elapsed time for households 10.4148 sec
Iteration 183
Elapsed time for kappa 31.3642 sec
Elapsed time for experts 12.3190 sec
Elapsed time for households 16.0556 sec
Iteration 184
Elapsed time for kappa 32.5841 sec
Elapsed time for experts 12.4567 sec
Elapsed time for households 11.1368 sec
Iteration 185
Elapsed time for kappa 32.2742 sec
Elapsed time for experts 13.2383 sec
Elapsed time for households 10.6135 sec
Iteration 186
Elapsed time for kappa 31.8699 sec
Elapsed time for experts 12.5354 sec
Elapsed time for households 10.6133 sec
Iteration 187
Elapsed time for kappa 31.8889 sec
Elapsed time for experts 12.2633 sec
Elapsed time for households 10.4962 sec
Iteration 188
Elapsed time for kappa 31.7499 sec
Elapsed time for experts 11.9609 sec
Elapsed time for households 10.4663 sec
Iteration 189
Elapsed time for kappa 32.3310 sec
Elapsed time for experts 12.9404 sec
Elapsed time for households 16.7567 sec
Iteration 190
Elapsed time for kappa 32.8534 sec
Elapsed time for experts 12.2543 sec
Elapsed time for households 10.6486 sec
Iteration 191
Elapsed time for kappa 32.7210 sec
Elapsed time for experts 12.4013 sec
Elapsed time for households 10.4807 sec
Iteration 192
Elapsed time for kappa 32.4473 sec
Elapsed time for experts 12.7074 sec
Elapsed time for households 10.3866 sec
Iteration 193
Elapsed time for kappa 32.1796 sec
Elapsed time for experts 12.5831 sec
Elapsed time for households 10.1447 sec
Iteration 194
Elapsed time for kappa 31.6242 sec
Elapsed time for experts 13.0004 sec
Elapsed time for households 10.2317 sec
Iteration 195
Elapsed time for kappa 31.4082 sec
Elapsed time for experts 12.3757 sec
Elapsed time for households 16.6837 sec
Iteration 196
Elapsed time for kappa 32.5667 sec
Elapsed time for experts 13.2074 sec
Elapsed time for households 10.6795 sec
Iteration 197
Elapsed time for kappa 32.4236 sec
Elapsed time for experts 13.3845 sec
Elapsed time for households 10.5773 sec
Iteration 198
Elapsed time for kappa 32.0806 sec
Elapsed time for experts 11.9667 sec
Elapsed time for households 10.8006 sec
Iteration 199
Elapsed time for kappa 31.4402 sec
Elapsed time for experts 12.2616 sec
Elapsed time for households 11.1068 sec
Elapsed time for training 11862.7155 sec
