Iteration 0
Elapsed time for kappa 69.8600 sec
Elapsed time for experts 24.9402 sec
Elapsed time for households 19.6263 sec
Iteration 1
Elapsed time for kappa 35.9513 sec
Elapsed time for experts 18.9891 sec
Elapsed time for households 11.5309 sec
Iteration 2
Elapsed time for kappa 32.8644 sec
Elapsed time for experts 15.9879 sec
Elapsed time for households 10.9030 sec
Iteration 3
Elapsed time for kappa 32.9057 sec
Elapsed time for experts 13.9277 sec
Elapsed time for households 11.5202 sec
Iteration 4
Elapsed time for kappa 33.1151 sec
Elapsed time for experts 14.9722 sec
Elapsed time for households 10.8158 sec
Iteration 5
Elapsed time for kappa 32.7874 sec
Elapsed time for experts 18.2307 sec
Elapsed time for households 11.1646 sec
Iteration 6
Elapsed time for kappa 36.1445 sec
Elapsed time for experts 13.7891 sec
Elapsed time for households 12.3109 sec
Iteration 7
Elapsed time for kappa 40.1721 sec
Elapsed time for experts 14.2995 sec
Elapsed time for households 12.2756 sec
Iteration 8
Elapsed time for kappa 33.0355 sec
Elapsed time for experts 14.6252 sec
Elapsed time for households 10.8480 sec
Iteration 9
Elapsed time for kappa 32.3630 sec
Elapsed time for experts 13.7326 sec
Elapsed time for households 17.1504 sec
Iteration 10
Elapsed time for kappa 32.8632 sec
Elapsed time for experts 13.9855 sec
Elapsed time for households 10.9754 sec
Iteration 11
Elapsed time for kappa 32.9019 sec
Elapsed time for experts 14.3582 sec
Elapsed time for households 10.9129 sec
Iteration 12
Elapsed time for kappa 32.6902 sec
Elapsed time for experts 12.7752 sec
Elapsed time for households 16.5442 sec
Iteration 13
Elapsed time for kappa 33.7980 sec
Elapsed time for experts 12.7548 sec
Elapsed time for households 10.9744 sec
Iteration 14
Elapsed time for kappa 33.3454 sec
Elapsed time for experts 13.7570 sec
Elapsed time for households 10.9358 sec
Iteration 15
Elapsed time for kappa 32.6915 sec
Elapsed time for experts 13.6676 sec
Elapsed time for households 10.7487 sec
Iteration 16
Elapsed time for kappa 32.5255 sec
Elapsed time for experts 12.8851 sec
Elapsed time for households 10.8266 sec
Iteration 17
Elapsed time for kappa 32.6364 sec
Elapsed time for experts 12.9899 sec
Elapsed time for households 10.9351 sec
Iteration 18
Elapsed time for kappa 33.6407 sec
Elapsed time for experts 12.9207 sec
Elapsed time for households 17.5064 sec
Iteration 19
Elapsed time for kappa 33.6101 sec
Elapsed time for experts 14.8018 sec
Elapsed time for households 16.9655 sec
Iteration 20
Elapsed time for kappa 32.8165 sec
Elapsed time for experts 14.7550 sec
Elapsed time for households 12.6574 sec
Iteration 21
Elapsed time for kappa 33.0427 sec
Elapsed time for experts 15.0827 sec
Elapsed time for households 10.9756 sec
Iteration 22
Elapsed time for kappa 32.8741 sec
Elapsed time for experts 12.6416 sec
Elapsed time for households 13.1562 sec
Iteration 23
Elapsed time for kappa 32.4325 sec
Elapsed time for experts 14.2086 sec
Elapsed time for households 10.8651 sec
Iteration 24
Elapsed time for kappa 32.4375 sec
Elapsed time for experts 19.1248 sec
Elapsed time for households 10.9149 sec
Iteration 25
Elapsed time for kappa 32.6972 sec
Elapsed time for experts 14.2787 sec
Elapsed time for households 11.2097 sec
Iteration 26
Elapsed time for kappa 32.3429 sec
Elapsed time for experts 13.8761 sec
Elapsed time for households 11.9056 sec
Iteration 27
Elapsed time for kappa 32.6824 sec
Elapsed time for experts 12.1626 sec
Elapsed time for households 14.0782 sec
Iteration 28
Elapsed time for kappa 32.9243 sec
Elapsed time for experts 14.2405 sec
Elapsed time for households 10.9237 sec
Iteration 29
Elapsed time for kappa 32.6252 sec
Elapsed time for experts 12.1949 sec
Elapsed time for households 11.2158 sec
Iteration 30
Elapsed time for kappa 32.5217 sec
Elapsed time for experts 20.8787 sec
Elapsed time for households 11.0128 sec
Iteration 31
Elapsed time for kappa 32.6854 sec
Elapsed time for experts 13.7167 sec
Elapsed time for households 10.7810 sec
Iteration 32
Elapsed time for kappa 32.5977 sec
Elapsed time for experts 12.3769 sec
Elapsed time for households 10.7905 sec
Iteration 33
Elapsed time for kappa 32.5415 sec
Elapsed time for experts 12.2722 sec
Elapsed time for households 10.8131 sec
Iteration 34
Elapsed time for kappa 32.7323 sec
Elapsed time for experts 18.4292 sec
Elapsed time for households 10.7155 sec
Iteration 35
Elapsed time for kappa 32.1392 sec
Elapsed time for experts 14.1600 sec
Elapsed time for households 10.5457 sec
Iteration 36
Elapsed time for kappa 31.9593 sec
Elapsed time for experts 20.2177 sec
Elapsed time for households 11.3055 sec
Iteration 37
Elapsed time for kappa 32.8308 sec
Elapsed time for experts 13.9253 sec
Elapsed time for households 11.3169 sec
Iteration 38
Elapsed time for kappa 32.5034 sec
Elapsed time for experts 13.3197 sec
Elapsed time for households 10.5906 sec
Iteration 39
Elapsed time for kappa 32.2970 sec
Elapsed time for experts 12.1708 sec
Elapsed time for households 10.9556 sec
Iteration 40
Elapsed time for kappa 32.2552 sec
Elapsed time for experts 13.5889 sec
Elapsed time for households 10.8615 sec
Iteration 41
Elapsed time for kappa 32.3816 sec
Elapsed time for experts 14.8117 sec
Elapsed time for households 10.7697 sec
Iteration 42
Elapsed time for kappa 38.7300 sec
Elapsed time for experts 13.6050 sec
Elapsed time for households 10.6525 sec
Iteration 43
Elapsed time for kappa 32.3591 sec
Elapsed time for experts 14.4386 sec
Elapsed time for households 10.6363 sec
Iteration 44
Elapsed time for kappa 32.3854 sec
Elapsed time for experts 15.6722 sec
Elapsed time for households 10.7643 sec
Iteration 45
Elapsed time for kappa 32.4766 sec
Elapsed time for experts 13.8557 sec
Elapsed time for households 10.9585 sec
Iteration 46
Elapsed time for kappa 32.8217 sec
Elapsed time for experts 13.3995 sec
Elapsed time for households 10.7449 sec
Iteration 47
Elapsed time for kappa 32.4287 sec
Elapsed time for experts 14.1009 sec
Elapsed time for households 10.7984 sec
Iteration 48
Elapsed time for kappa 39.2120 sec
Elapsed time for experts 13.7105 sec
Elapsed time for households 10.9620 sec
Iteration 49
Elapsed time for kappa 32.4766 sec
Elapsed time for experts 12.3784 sec
Elapsed time for households 11.1898 sec
Iteration 50
Elapsed time for kappa 32.9369 sec
Elapsed time for experts 14.5685 sec
Elapsed time for households 11.1091 sec
Iteration 51
Elapsed time for kappa 32.4084 sec
Elapsed time for experts 13.5361 sec
Elapsed time for households 10.8208 sec
Iteration 52
Elapsed time for kappa 32.4691 sec
Elapsed time for experts 13.2500 sec
Elapsed time for households 11.0554 sec
Iteration 53
Elapsed time for kappa 32.6817 sec
Elapsed time for experts 14.4239 sec
Elapsed time for households 10.6930 sec
Iteration 54
Elapsed time for kappa 38.6785 sec
Elapsed time for experts 12.7345 sec
Elapsed time for households 10.8616 sec
Iteration 55
Elapsed time for kappa 32.7189 sec
Elapsed time for experts 12.7599 sec
Elapsed time for households 10.9790 sec
Iteration 56
Elapsed time for kappa 32.4720 sec
Elapsed time for experts 12.8775 sec
Elapsed time for households 10.4717 sec
Iteration 57
Elapsed time for kappa 32.9081 sec
Elapsed time for experts 13.5514 sec
Elapsed time for households 11.3100 sec
Iteration 58
Elapsed time for kappa 33.1016 sec
Elapsed time for experts 13.7100 sec
Elapsed time for households 10.6789 sec
Iteration 59
Elapsed time for kappa 32.7347 sec
Elapsed time for experts 13.8205 sec
Elapsed time for households 10.8661 sec
Iteration 60
Elapsed time for kappa 38.9740 sec
Elapsed time for experts 13.6143 sec
Elapsed time for households 11.2287 sec
Iteration 61
Elapsed time for kappa 32.7443 sec
Elapsed time for experts 13.6089 sec
Elapsed time for households 11.2387 sec
Iteration 62
Elapsed time for kappa 32.6682 sec
Elapsed time for experts 13.8345 sec
Elapsed time for households 11.0065 sec
Iteration 63
Elapsed time for kappa 33.1969 sec
Elapsed time for experts 13.7527 sec
Elapsed time for households 15.0451 sec
Iteration 64
Elapsed time for kappa 33.0104 sec
Elapsed time for experts 12.9801 sec
Elapsed time for households 12.1667 sec
Iteration 65
Elapsed time for kappa 32.8392 sec
Elapsed time for experts 13.6775 sec
Elapsed time for households 16.1355 sec
Iteration 66
Elapsed time for kappa 32.8119 sec
Elapsed time for experts 12.9999 sec
Elapsed time for households 11.0254 sec
Iteration 67
Elapsed time for kappa 32.9547 sec
Elapsed time for experts 14.0941 sec
Elapsed time for households 12.2373 sec
Iteration 68
Elapsed time for kappa 32.4693 sec
Elapsed time for experts 12.8304 sec
Elapsed time for households 10.5835 sec
Iteration 69
Elapsed time for kappa 32.6105 sec
Elapsed time for experts 16.6904 sec
Elapsed time for households 11.2080 sec
Iteration 70
Elapsed time for kappa 32.4768 sec
Elapsed time for experts 16.0892 sec
Elapsed time for households 10.9412 sec
Iteration 71
Elapsed time for kappa 32.4991 sec
Elapsed time for experts 19.7829 sec
Elapsed time for households 11.4990 sec
Iteration 72
Elapsed time for kappa 33.3610 sec
Elapsed time for experts 12.7766 sec
Elapsed time for households 11.3389 sec
Iteration 73
Elapsed time for kappa 32.8951 sec
Elapsed time for experts 13.3029 sec
Elapsed time for households 11.0845 sec
Iteration 74
Elapsed time for kappa 33.0975 sec
Elapsed time for experts 12.4012 sec
Elapsed time for households 11.2099 sec
Iteration 75
Elapsed time for kappa 33.0873 sec
Elapsed time for experts 12.3082 sec
Elapsed time for households 10.8953 sec
Iteration 76
Elapsed time for kappa 32.3424 sec
Elapsed time for experts 13.4421 sec
Elapsed time for households 11.1527 sec
Iteration 77
Elapsed time for kappa 32.6818 sec
Elapsed time for experts 19.8248 sec
Elapsed time for households 11.3390 sec
Iteration 78
Elapsed time for kappa 33.0175 sec
Elapsed time for experts 12.9753 sec
Elapsed time for households 11.0049 sec
Iteration 79
Elapsed time for kappa 33.1770 sec
Elapsed time for experts 15.4244 sec
Elapsed time for households 11.2195 sec
Iteration 80
Elapsed time for kappa 32.5853 sec
Elapsed time for experts 13.1962 sec
Elapsed time for households 11.9649 sec
Iteration 81
Elapsed time for kappa 32.9456 sec
Elapsed time for experts 13.4367 sec
Elapsed time for households 11.1472 sec
Iteration 82
Elapsed time for kappa 32.4766 sec
Elapsed time for experts 16.4498 sec
Elapsed time for households 10.5571 sec
Iteration 83
Elapsed time for kappa 32.9041 sec
Elapsed time for experts 23.1304 sec
Elapsed time for households 11.1874 sec
Iteration 84
Elapsed time for kappa 32.8635 sec
Elapsed time for experts 13.2331 sec
Elapsed time for households 10.9673 sec
Iteration 85
Elapsed time for kappa 32.7860 sec
Elapsed time for experts 13.6394 sec
Elapsed time for households 10.9324 sec
Iteration 86
Elapsed time for kappa 33.0435 sec
Elapsed time for experts 14.0310 sec
Elapsed time for households 10.7605 sec
Iteration 87
Elapsed time for kappa 33.0513 sec
Elapsed time for experts 13.8255 sec
Elapsed time for households 10.8804 sec
Iteration 88
Elapsed time for kappa 32.5339 sec
Elapsed time for experts 13.1791 sec
Elapsed time for households 10.8788 sec
Iteration 89
Elapsed time for kappa 32.3072 sec
Elapsed time for experts 19.0749 sec
Elapsed time for households 11.5468 sec
Iteration 90
Elapsed time for kappa 33.0408 sec
Elapsed time for experts 13.9691 sec
Elapsed time for households 10.7329 sec
Iteration 91
Elapsed time for kappa 33.2822 sec
Elapsed time for experts 13.4139 sec
Elapsed time for households 10.8244 sec
Iteration 92
Elapsed time for kappa 33.2600 sec
Elapsed time for experts 13.6995 sec
Elapsed time for households 10.5898 sec
Iteration 93
Elapsed time for kappa 32.7240 sec
Elapsed time for experts 13.5558 sec
Elapsed time for households 10.7712 sec
Iteration 94
Elapsed time for kappa 32.4192 sec
Elapsed time for experts 13.2443 sec
Elapsed time for households 10.9782 sec
Iteration 95
Elapsed time for kappa 38.6761 sec
Elapsed time for experts 13.8613 sec
Elapsed time for households 11.0777 sec
Iteration 96
Elapsed time for kappa 32.7192 sec
Elapsed time for experts 13.5879 sec
Elapsed time for households 10.8926 sec
Iteration 97
Elapsed time for kappa 32.4725 sec
Elapsed time for experts 13.3433 sec
Elapsed time for households 11.1853 sec
Iteration 98
Elapsed time for kappa 32.9980 sec
Elapsed time for experts 12.5111 sec
Elapsed time for households 10.7994 sec
Iteration 99
Elapsed time for kappa 32.9663 sec
Elapsed time for experts 12.7787 sec
Elapsed time for households 10.7265 sec
Iteration 100
Elapsed time for kappa 32.5934 sec
Elapsed time for experts 12.2953 sec
Elapsed time for households 11.1638 sec
Iteration 101
Elapsed time for kappa 39.3141 sec
Elapsed time for experts 13.9781 sec
Elapsed time for households 10.8066 sec
Iteration 102
Elapsed time for kappa 32.7864 sec
Elapsed time for experts 14.6792 sec
Elapsed time for households 10.9735 sec
Iteration 103
Elapsed time for kappa 32.7385 sec
Elapsed time for experts 13.2964 sec
Elapsed time for households 11.0572 sec
Iteration 104
Elapsed time for kappa 32.8883 sec
Elapsed time for experts 13.3398 sec
Elapsed time for households 11.0469 sec
Iteration 105
Elapsed time for kappa 33.0298 sec
Elapsed time for experts 13.1124 sec
Elapsed time for households 10.9613 sec
Iteration 106
Elapsed time for kappa 32.2886 sec
Elapsed time for experts 13.6271 sec
Elapsed time for households 10.4758 sec
Iteration 107
Elapsed time for kappa 38.8300 sec
Elapsed time for experts 13.5017 sec
Elapsed time for households 11.0968 sec
Iteration 108
Elapsed time for kappa 32.9636 sec
Elapsed time for experts 12.7844 sec
Elapsed time for households 10.9265 sec
Iteration 109
Elapsed time for kappa 32.3532 sec
Elapsed time for experts 12.5384 sec
Elapsed time for households 11.1782 sec
Iteration 110
Elapsed time for kappa 33.0574 sec
Elapsed time for experts 12.7699 sec
Elapsed time for households 11.6076 sec
Iteration 111
Elapsed time for kappa 32.8868 sec
Elapsed time for experts 13.1702 sec
Elapsed time for households 11.1495 sec
Iteration 112
Elapsed time for kappa 32.7375 sec
Elapsed time for experts 13.5119 sec
Elapsed time for households 10.8895 sec
Iteration 113
Elapsed time for kappa 38.9933 sec
Elapsed time for experts 14.3157 sec
Elapsed time for households 11.3491 sec
Iteration 114
Elapsed time for kappa 32.8237 sec
Elapsed time for experts 12.7679 sec
Elapsed time for households 11.0451 sec
Iteration 115
Elapsed time for kappa 33.1917 sec
Elapsed time for experts 13.9218 sec
Elapsed time for households 11.1706 sec
Iteration 116
Elapsed time for kappa 32.6559 sec
Elapsed time for experts 12.6466 sec
Elapsed time for households 10.6901 sec
Iteration 117
Elapsed time for kappa 32.3891 sec
Elapsed time for experts 13.2559 sec
Elapsed time for households 10.7711 sec
Iteration 118
Elapsed time for kappa 32.7670 sec
Elapsed time for experts 12.3470 sec
Elapsed time for households 16.6405 sec
Iteration 119
Elapsed time for kappa 33.5769 sec
Elapsed time for experts 12.6943 sec
Elapsed time for households 11.3663 sec
Iteration 120
Elapsed time for kappa 32.9735 sec
Elapsed time for experts 13.8376 sec
Elapsed time for households 11.3687 sec
Iteration 121
Elapsed time for kappa 33.0590 sec
Elapsed time for experts 12.4250 sec
Elapsed time for households 11.1305 sec
Iteration 122
Elapsed time for kappa 32.4029 sec
Elapsed time for experts 12.6138 sec
Elapsed time for households 10.7021 sec
Iteration 123
Elapsed time for kappa 32.2004 sec
Elapsed time for experts 13.7628 sec
Elapsed time for households 11.2503 sec
Iteration 124
Elapsed time for kappa 32.7465 sec
Elapsed time for experts 13.9417 sec
Elapsed time for households 17.1122 sec
Iteration 125
Elapsed time for kappa 33.3948 sec
Elapsed time for experts 14.1768 sec
Elapsed time for households 10.9881 sec
Iteration 126
Elapsed time for kappa 33.5723 sec
Elapsed time for experts 12.5552 sec
Elapsed time for households 11.0157 sec
Iteration 127
Elapsed time for kappa 32.7649 sec
Elapsed time for experts 13.8116 sec
Elapsed time for households 11.2399 sec
Iteration 128
Elapsed time for kappa 32.3595 sec
Elapsed time for experts 13.9404 sec
Elapsed time for households 11.4309 sec
Iteration 129
Elapsed time for kappa 32.8741 sec
Elapsed time for experts 12.0756 sec
Elapsed time for households 10.8870 sec
Iteration 130
Elapsed time for kappa 32.2276 sec
Elapsed time for experts 14.0350 sec
Elapsed time for households 17.0916 sec
Iteration 131
Elapsed time for kappa 33.4554 sec
Elapsed time for experts 13.9485 sec
Elapsed time for households 11.5410 sec
Iteration 132
Elapsed time for kappa 32.8187 sec
Elapsed time for experts 12.5049 sec
Elapsed time for households 10.8680 sec
Iteration 133
Elapsed time for kappa 32.7325 sec
Elapsed time for experts 12.6126 sec
Elapsed time for households 10.9358 sec
Iteration 134
Elapsed time for kappa 32.9770 sec
Elapsed time for experts 15.2329 sec
Elapsed time for households 11.1051 sec
Iteration 135
Elapsed time for kappa 32.9849 sec
Elapsed time for experts 15.8641 sec
Elapsed time for households 10.5994 sec
Iteration 136
Elapsed time for kappa 32.3630 sec
Elapsed time for experts 20.1563 sec
Elapsed time for households 11.5558 sec
Iteration 137
Elapsed time for kappa 33.0699 sec
Elapsed time for experts 13.5140 sec
Elapsed time for households 11.3170 sec
Iteration 138
Elapsed time for kappa 33.7900 sec
Elapsed time for experts 13.9428 sec
Elapsed time for households 11.0470 sec
Iteration 139
Elapsed time for kappa 32.7406 sec
Elapsed time for experts 13.1613 sec
Elapsed time for households 10.7692 sec
Iteration 140
Elapsed time for kappa 33.2253 sec
Elapsed time for experts 13.1555 sec
Elapsed time for households 11.0441 sec
Iteration 141
Elapsed time for kappa 32.9865 sec
Elapsed time for experts 13.2666 sec
Elapsed time for households 10.5288 sec
Iteration 142
Elapsed time for kappa 32.3315 sec
Elapsed time for experts 20.1219 sec
Elapsed time for households 11.5812 sec
Iteration 143
Elapsed time for kappa 33.7293 sec
Elapsed time for experts 12.8650 sec
Elapsed time for households 11.0896 sec
Iteration 144
Elapsed time for kappa 33.4090 sec
Elapsed time for experts 14.7468 sec
Elapsed time for households 10.8124 sec
Iteration 145
Elapsed time for kappa 33.3555 sec
Elapsed time for experts 12.4562 sec
Elapsed time for households 11.0813 sec
Iteration 146
Elapsed time for kappa 33.2919 sec
Elapsed time for experts 16.7302 sec
Elapsed time for households 10.5563 sec
Iteration 147
Elapsed time for kappa 32.4322 sec
Elapsed time for experts 13.3281 sec
Elapsed time for households 10.7789 sec
Iteration 148
Elapsed time for kappa 32.6194 sec
Elapsed time for experts 18.4565 sec
Elapsed time for households 11.2978 sec
Iteration 149
Elapsed time for kappa 33.7830 sec
Elapsed time for experts 13.0396 sec
Elapsed time for households 10.8344 sec
Iteration 150
Elapsed time for kappa 33.5494 sec
Elapsed time for experts 12.7177 sec
Elapsed time for households 10.8560 sec
Iteration 151
Elapsed time for kappa 32.8802 sec
Elapsed time for experts 13.2029 sec
Elapsed time for households 10.6862 sec
Iteration 152
Elapsed time for kappa 33.2750 sec
Elapsed time for experts 13.0960 sec
Elapsed time for households 10.9343 sec
Iteration 153
Elapsed time for kappa 32.4379 sec
Elapsed time for experts 12.4246 sec
Elapsed time for households 10.7508 sec
Iteration 154
Elapsed time for kappa 32.9357 sec
Elapsed time for experts 21.2785 sec
Elapsed time for households 11.1281 sec
Iteration 155
Elapsed time for kappa 33.1271 sec
Elapsed time for experts 12.8873 sec
Elapsed time for households 10.9788 sec
Iteration 156
Elapsed time for kappa 32.6685 sec
Elapsed time for experts 12.9093 sec
Elapsed time for households 11.2357 sec
Iteration 157
Elapsed time for kappa 32.9961 sec
Elapsed time for experts 14.0316 sec
Elapsed time for households 11.0824 sec
Iteration 158
Elapsed time for kappa 32.8899 sec
Elapsed time for experts 13.4389 sec
Elapsed time for households 11.1006 sec
Iteration 159
Elapsed time for kappa 32.6620 sec
Elapsed time for experts 12.9876 sec
Elapsed time for households 10.8829 sec
Iteration 160
Elapsed time for kappa 38.5775 sec
Elapsed time for experts 12.7162 sec
Elapsed time for households 11.2738 sec
Iteration 161
Elapsed time for kappa 33.0946 sec
Elapsed time for experts 15.1131 sec
Elapsed time for households 10.9324 sec
Iteration 162
Elapsed time for kappa 32.3659 sec
Elapsed time for experts 15.0778 sec
Elapsed time for households 11.0001 sec
Iteration 163
Elapsed time for kappa 32.2087 sec
Elapsed time for experts 13.4735 sec
Elapsed time for households 10.5126 sec
Iteration 164
Elapsed time for kappa 31.9540 sec
Elapsed time for experts 12.3971 sec
Elapsed time for households 11.1008 sec
Iteration 165
Elapsed time for kappa 31.9588 sec
Elapsed time for experts 12.0884 sec
Elapsed time for households 10.7943 sec
Iteration 166
Elapsed time for kappa 38.3566 sec
Elapsed time for experts 13.7468 sec
Elapsed time for households 11.3163 sec
Iteration 167
Elapsed time for kappa 33.4051 sec
Elapsed time for experts 13.3819 sec
Elapsed time for households 11.2363 sec
Iteration 168
Elapsed time for kappa 33.1167 sec
Elapsed time for experts 13.9753 sec
Elapsed time for households 10.9189 sec
Iteration 169
Elapsed time for kappa 32.3760 sec
Elapsed time for experts 12.7340 sec
Elapsed time for households 11.1112 sec
Iteration 170
Elapsed time for kappa 32.8600 sec
Elapsed time for experts 12.8776 sec
Elapsed time for households 10.9690 sec
Iteration 171
Elapsed time for kappa 32.6670 sec
Elapsed time for experts 12.5555 sec
Elapsed time for households 11.1283 sec
Iteration 172
Elapsed time for kappa 38.8806 sec
Elapsed time for experts 14.6794 sec
Elapsed time for households 11.2231 sec
Iteration 173
Elapsed time for kappa 32.9816 sec
Elapsed time for experts 14.2267 sec
Elapsed time for households 11.0840 sec
Iteration 174
Elapsed time for kappa 32.4450 sec
Elapsed time for experts 13.6758 sec
Elapsed time for households 10.8432 sec
Iteration 175
Elapsed time for kappa 32.3710 sec
Elapsed time for experts 12.2507 sec
Elapsed time for households 10.5952 sec
Iteration 176
Elapsed time for kappa 32.8691 sec
Elapsed time for experts 12.5724 sec
Elapsed time for households 10.7969 sec
Iteration 177
Elapsed time for kappa 32.4849 sec
Elapsed time for experts 12.4606 sec
Elapsed time for households 10.6528 sec
Iteration 178
Elapsed time for kappa 38.7530 sec
Elapsed time for experts 13.0997 sec
Elapsed time for households 11.2428 sec
Iteration 179
Elapsed time for kappa 33.0225 sec
Elapsed time for experts 13.9410 sec
Elapsed time for households 11.0605 sec
Iteration 180
Elapsed time for kappa 32.9005 sec
Elapsed time for experts 12.3721 sec
Elapsed time for households 10.9603 sec
Iteration 181
Elapsed time for kappa 32.4918 sec
Elapsed time for experts 12.9530 sec
Elapsed time for households 10.7279 sec
Iteration 182
Elapsed time for kappa 32.2816 sec
Elapsed time for experts 12.1849 sec
Elapsed time for households 10.4984 sec
Iteration 183
Elapsed time for kappa 32.3251 sec
Elapsed time for experts 12.6868 sec
Elapsed time for households 16.8036 sec
Iteration 184
Elapsed time for kappa 33.0955 sec
Elapsed time for experts 12.6911 sec
Elapsed time for households 11.0349 sec
Iteration 185
Elapsed time for kappa 32.8487 sec
Elapsed time for experts 12.8735 sec
Elapsed time for households 11.1525 sec
Iteration 186
Elapsed time for kappa 32.7331 sec
Elapsed time for experts 13.2951 sec
Elapsed time for households 11.2192 sec
Iteration 187
Elapsed time for kappa 32.9378 sec
Elapsed time for experts 13.6615 sec
Elapsed time for households 10.8027 sec
Iteration 188
Elapsed time for kappa 33.0171 sec
Elapsed time for experts 12.1424 sec
Elapsed time for households 11.0701 sec
Iteration 189
Elapsed time for kappa 32.9594 sec
Elapsed time for experts 16.1327 sec
Elapsed time for households 17.2401 sec
Iteration 190
Elapsed time for kappa 33.2683 sec
Elapsed time for experts 13.3300 sec
Elapsed time for households 11.2730 sec
Iteration 191
Elapsed time for kappa 33.7411 sec
Elapsed time for experts 13.1936 sec
Elapsed time for households 11.0337 sec
Iteration 192
Elapsed time for kappa 33.3731 sec
Elapsed time for experts 14.0311 sec
Elapsed time for households 11.0838 sec
Iteration 193
Elapsed time for kappa 33.1653 sec
Elapsed time for experts 12.4965 sec
Elapsed time for households 10.8833 sec
Iteration 194
Elapsed time for kappa 32.6331 sec
Elapsed time for experts 14.2671 sec
Elapsed time for households 10.6978 sec
Iteration 195
Elapsed time for kappa 32.4259 sec
Elapsed time for experts 12.1349 sec
Elapsed time for households 16.9863 sec
Iteration 196
Elapsed time for kappa 33.3259 sec
Elapsed time for experts 13.7856 sec
Elapsed time for households 11.0282 sec
Iteration 197
Elapsed time for kappa 32.9014 sec
Elapsed time for experts 12.5192 sec
Elapsed time for households 11.1983 sec
Iteration 198
Elapsed time for kappa 31.9587 sec
Elapsed time for experts 13.7121 sec
Elapsed time for households 10.9464 sec
Iteration 199
Elapsed time for kappa 31.9085 sec
Elapsed time for experts 12.2960 sec
Elapsed time for households 10.7407 sec
Elapsed time for training 11781.5038 sec
90000 90000 90000 90000
