Iteration 0
Elapsed time for kappa 74.2389 sec
Elapsed time for experts 22.7346 sec
Elapsed time for households 18.1421 sec
Iteration 1
Elapsed time for kappa 43.5276 sec
Elapsed time for experts 17.8881 sec
Elapsed time for households 15.6267 sec
Iteration 2
Elapsed time for kappa 38.2960 sec
Elapsed time for experts 15.1288 sec
Elapsed time for households 15.1533 sec
Iteration 3
Elapsed time for kappa 38.3587 sec
Elapsed time for experts 17.1118 sec
Elapsed time for households 16.1580 sec
Iteration 4
Elapsed time for kappa 40.9157 sec
Elapsed time for experts 17.0191 sec
Elapsed time for households 15.1787 sec
Iteration 5
Elapsed time for kappa 38.8133 sec
Elapsed time for experts 15.1444 sec
Elapsed time for households 15.2175 sec
Iteration 6
Elapsed time for kappa 37.5614 sec
Elapsed time for experts 15.5057 sec
Elapsed time for households 16.1665 sec
Iteration 7
Elapsed time for kappa 49.3565 sec
Elapsed time for experts 16.0814 sec
Elapsed time for households 15.4749 sec
Iteration 8
Elapsed time for kappa 38.0113 sec
Elapsed time for experts 15.0663 sec
Elapsed time for households 15.2814 sec
Iteration 9
Elapsed time for kappa 38.1504 sec
Elapsed time for experts 14.7765 sec
Elapsed time for households 12.9616 sec
Iteration 10
Elapsed time for kappa 37.9888 sec
Elapsed time for experts 14.7391 sec
Elapsed time for households 14.3632 sec
Iteration 11
Elapsed time for kappa 37.2547 sec
Elapsed time for experts 15.0698 sec
Elapsed time for households 12.9330 sec
Iteration 12
Elapsed time for kappa 36.9090 sec
Elapsed time for experts 14.2544 sec
Elapsed time for households 20.1535 sec
Iteration 13
Elapsed time for kappa 38.1627 sec
Elapsed time for experts 15.2117 sec
Elapsed time for households 12.8984 sec
Iteration 14
Elapsed time for kappa 37.6644 sec
Elapsed time for experts 18.1140 sec
Elapsed time for households 15.0880 sec
Iteration 15
Elapsed time for kappa 37.7824 sec
Elapsed time for experts 13.3084 sec
Elapsed time for households 12.8398 sec
Iteration 16
Elapsed time for kappa 41.1290 sec
Elapsed time for experts 13.7339 sec
Elapsed time for households 11.7619 sec
Iteration 17
Elapsed time for kappa 42.7918 sec
Elapsed time for experts 13.2427 sec
Elapsed time for households 11.9199 sec
Iteration 18
Elapsed time for kappa 35.7218 sec
Elapsed time for experts 12.6209 sec
Elapsed time for households 21.0894 sec
Iteration 19
Elapsed time for kappa 35.1959 sec
Elapsed time for experts 13.1481 sec
Elapsed time for households 11.4939 sec
Iteration 20
Elapsed time for kappa 35.3882 sec
Elapsed time for experts 23.0518 sec
Elapsed time for households 16.2690 sec
Iteration 21
Elapsed time for kappa 40.5685 sec
Elapsed time for experts 14.7778 sec
Elapsed time for households 13.4726 sec
Iteration 22
Elapsed time for kappa 42.9168 sec
Elapsed time for experts 16.2167 sec
Elapsed time for households 14.7083 sec
Iteration 23
Elapsed time for kappa 44.7111 sec
Elapsed time for experts 14.9736 sec
Elapsed time for households 14.3313 sec
Iteration 24
Elapsed time for kappa 41.9288 sec
Elapsed time for experts 22.4435 sec
Elapsed time for households 13.3863 sec
Iteration 25
Elapsed time for kappa 37.3151 sec
Elapsed time for experts 14.6116 sec
Elapsed time for households 12.5971 sec
Iteration 26
Elapsed time for kappa 37.0169 sec
Elapsed time for experts 14.3223 sec
Elapsed time for households 13.2338 sec
Iteration 27
Elapsed time for kappa 37.3288 sec
Elapsed time for experts 18.8976 sec
Elapsed time for households 14.2741 sec
Iteration 28
Elapsed time for kappa 38.8306 sec
Elapsed time for experts 13.3458 sec
Elapsed time for households 12.6995 sec
Iteration 29
Elapsed time for kappa 39.0514 sec
Elapsed time for experts 13.0208 sec
Elapsed time for households 11.8256 sec
Iteration 30
Elapsed time for kappa 37.4065 sec
Elapsed time for experts 20.8280 sec
Elapsed time for households 11.0709 sec
Iteration 31
Elapsed time for kappa 34.9598 sec
Elapsed time for experts 13.4052 sec
Elapsed time for households 11.2681 sec
Iteration 32
Elapsed time for kappa 35.3240 sec
Elapsed time for experts 12.6001 sec
Elapsed time for households 10.9822 sec
Iteration 33
Elapsed time for kappa 35.3969 sec
Elapsed time for experts 12.5515 sec
Elapsed time for households 11.3366 sec
Iteration 34
Elapsed time for kappa 35.6844 sec
Elapsed time for experts 12.5023 sec
Elapsed time for households 11.1076 sec
Iteration 35
Elapsed time for kappa 36.2661 sec
Elapsed time for experts 12.4655 sec
Elapsed time for households 11.5095 sec
Iteration 36
Elapsed time for kappa 36.4012 sec
Elapsed time for experts 20.5386 sec
Elapsed time for households 11.5347 sec
Iteration 37
Elapsed time for kappa 34.9153 sec
Elapsed time for experts 13.0178 sec
Elapsed time for households 11.8764 sec
Iteration 38
Elapsed time for kappa 42.3636 sec
Elapsed time for experts 17.5458 sec
Elapsed time for households 13.1253 sec
Iteration 39
Elapsed time for kappa 35.1049 sec
Elapsed time for experts 12.9371 sec
Elapsed time for households 11.0923 sec
Iteration 40
Elapsed time for kappa 34.7755 sec
Elapsed time for experts 12.7061 sec
Elapsed time for households 11.0501 sec
Iteration 41
Elapsed time for kappa 34.7556 sec
Elapsed time for experts 15.3656 sec
Elapsed time for households 11.0871 sec
Iteration 42
Elapsed time for kappa 41.1715 sec
Elapsed time for experts 12.9696 sec
Elapsed time for households 10.8700 sec
Iteration 43
Elapsed time for kappa 34.7085 sec
Elapsed time for experts 12.8789 sec
Elapsed time for households 11.0707 sec
Iteration 44
Elapsed time for kappa 34.9045 sec
Elapsed time for experts 12.9832 sec
Elapsed time for households 10.9716 sec
Iteration 45
Elapsed time for kappa 34.6864 sec
Elapsed time for experts 13.8837 sec
Elapsed time for households 11.3408 sec
Iteration 46
Elapsed time for kappa 34.4117 sec
Elapsed time for experts 12.5596 sec
Elapsed time for households 11.2424 sec
Iteration 47
Elapsed time for kappa 34.6364 sec
Elapsed time for experts 12.5325 sec
Elapsed time for households 11.0416 sec
Iteration 48
Elapsed time for kappa 40.5846 sec
Elapsed time for experts 12.9388 sec
Elapsed time for households 11.1984 sec
Iteration 49
Elapsed time for kappa 33.9876 sec
Elapsed time for experts 13.4041 sec
Elapsed time for households 11.1928 sec
Iteration 50
Elapsed time for kappa 33.7595 sec
Elapsed time for experts 13.2440 sec
Elapsed time for households 11.1271 sec
Iteration 51
Elapsed time for kappa 33.8170 sec
Elapsed time for experts 12.9472 sec
Elapsed time for households 11.5225 sec
Iteration 52
Elapsed time for kappa 33.7893 sec
Elapsed time for experts 15.1982 sec
Elapsed time for households 11.0224 sec
Iteration 53
Elapsed time for kappa 34.0131 sec
Elapsed time for experts 12.9552 sec
Elapsed time for households 11.3135 sec
Iteration 54
Elapsed time for kappa 40.4874 sec
Elapsed time for experts 12.9455 sec
Elapsed time for households 11.2709 sec
Iteration 55
Elapsed time for kappa 34.8452 sec
Elapsed time for experts 15.4822 sec
Elapsed time for households 11.3296 sec
Iteration 56
Elapsed time for kappa 34.6097 sec
Elapsed time for experts 12.7780 sec
Elapsed time for households 10.8689 sec
Iteration 57
Elapsed time for kappa 35.0063 sec
Elapsed time for experts 13.4420 sec
Elapsed time for households 10.9714 sec
Iteration 58
Elapsed time for kappa 35.0335 sec
Elapsed time for experts 13.6702 sec
Elapsed time for households 11.2163 sec
Iteration 59
Elapsed time for kappa 34.9607 sec
Elapsed time for experts 13.1870 sec
Elapsed time for households 11.5718 sec
Iteration 60
Elapsed time for kappa 41.3223 sec
Elapsed time for experts 13.1694 sec
Elapsed time for households 12.5431 sec
Iteration 61
Elapsed time for kappa 45.3319 sec
Elapsed time for experts 15.6111 sec
Elapsed time for households 12.9509 sec
Iteration 62
Elapsed time for kappa 41.4651 sec
Elapsed time for experts 14.4911 sec
Elapsed time for households 14.3090 sec
Iteration 63
Elapsed time for kappa 40.2290 sec
Elapsed time for experts 16.5433 sec
Elapsed time for households 13.1874 sec
Iteration 64
Elapsed time for kappa 42.6551 sec
Elapsed time for experts 15.6367 sec
Elapsed time for households 14.4199 sec
Iteration 65
Elapsed time for kappa 49.3461 sec
Elapsed time for experts 16.3499 sec
Elapsed time for households 20.0749 sec
Iteration 66
Elapsed time for kappa 36.5937 sec
Elapsed time for experts 14.0314 sec
Elapsed time for households 10.9865 sec
Iteration 67
Elapsed time for kappa 36.5508 sec
Elapsed time for experts 15.8098 sec
Elapsed time for households 11.1542 sec
Iteration 68
Elapsed time for kappa 36.8689 sec
Elapsed time for experts 14.8110 sec
Elapsed time for households 11.1680 sec
Iteration 69
Elapsed time for kappa 37.6606 sec
Elapsed time for experts 18.1422 sec
Elapsed time for households 17.9781 sec
Iteration 70
Elapsed time for kappa 42.7908 sec
Elapsed time for experts 14.4362 sec
Elapsed time for households 13.1986 sec
Iteration 71
Elapsed time for kappa 44.6357 sec
Elapsed time for experts 24.7421 sec
Elapsed time for households 14.4545 sec
Iteration 72
Elapsed time for kappa 38.2925 sec
Elapsed time for experts 16.1350 sec
Elapsed time for households 14.0629 sec
Iteration 73
Elapsed time for kappa 38.3063 sec
Elapsed time for experts 15.2033 sec
Elapsed time for households 13.7624 sec
Iteration 74
Elapsed time for kappa 41.5623 sec
Elapsed time for experts 15.7384 sec
Elapsed time for households 12.9335 sec
Iteration 75
Elapsed time for kappa 39.1438 sec
Elapsed time for experts 14.6529 sec
Elapsed time for households 13.0536 sec
Iteration 76
Elapsed time for kappa 38.7850 sec
Elapsed time for experts 15.5018 sec
Elapsed time for households 13.9971 sec
Iteration 77
Elapsed time for kappa 40.7271 sec
Elapsed time for experts 23.4449 sec
Elapsed time for households 15.0746 sec
Iteration 78
Elapsed time for kappa 39.5336 sec
Elapsed time for experts 13.4989 sec
Elapsed time for households 11.2569 sec
Iteration 79
Elapsed time for kappa 39.6419 sec
Elapsed time for experts 13.1879 sec
Elapsed time for households 11.4160 sec
Iteration 80
Elapsed time for kappa 40.5991 sec
Elapsed time for experts 12.6452 sec
Elapsed time for households 11.5351 sec
Iteration 81
Elapsed time for kappa 39.1887 sec
Elapsed time for experts 13.0209 sec
Elapsed time for households 11.9099 sec
Iteration 82
Elapsed time for kappa 40.0584 sec
Elapsed time for experts 13.3082 sec
Elapsed time for households 12.0003 sec
Iteration 83
Elapsed time for kappa 40.5184 sec
Elapsed time for experts 20.3054 sec
Elapsed time for households 11.9140 sec
Iteration 84
Elapsed time for kappa 35.4128 sec
Elapsed time for experts 12.3858 sec
Elapsed time for households 11.0567 sec
Iteration 85
Elapsed time for kappa 34.3134 sec
Elapsed time for experts 19.0985 sec
Elapsed time for households 14.2357 sec
Iteration 86
Elapsed time for kappa 39.6255 sec
Elapsed time for experts 14.7312 sec
Elapsed time for households 13.1149 sec
Iteration 87
Elapsed time for kappa 40.8643 sec
Elapsed time for experts 14.9550 sec
Elapsed time for households 13.3559 sec
Iteration 88
Elapsed time for kappa 40.0024 sec
Elapsed time for experts 14.9158 sec
Elapsed time for households 12.7869 sec
Iteration 89
Elapsed time for kappa 40.4923 sec
Elapsed time for experts 22.5626 sec
Elapsed time for households 13.2667 sec
Iteration 90
Elapsed time for kappa 38.7272 sec
Elapsed time for experts 14.7090 sec
Elapsed time for households 13.9784 sec
Iteration 91
Elapsed time for kappa 40.1230 sec
Elapsed time for experts 14.8695 sec
Elapsed time for households 15.3025 sec
Iteration 92
Elapsed time for kappa 37.3849 sec
Elapsed time for experts 14.3598 sec
Elapsed time for households 11.6094 sec
Iteration 93
Elapsed time for kappa 36.2501 sec
Elapsed time for experts 12.9665 sec
Elapsed time for households 11.4894 sec
Iteration 94
Elapsed time for kappa 36.4226 sec
Elapsed time for experts 12.7198 sec
Elapsed time for households 11.4631 sec
Iteration 95
Elapsed time for kappa 43.3165 sec
Elapsed time for experts 13.6971 sec
Elapsed time for households 11.1017 sec
Iteration 96
Elapsed time for kappa 34.1744 sec
Elapsed time for experts 13.0777 sec
Elapsed time for households 11.0364 sec
Iteration 97
Elapsed time for kappa 33.9722 sec
Elapsed time for experts 12.7472 sec
Elapsed time for households 11.2723 sec
Iteration 98
Elapsed time for kappa 34.2081 sec
Elapsed time for experts 12.6320 sec
Elapsed time for households 11.4133 sec
Iteration 99
Elapsed time for kappa 34.5040 sec
Elapsed time for experts 13.0403 sec
Elapsed time for households 11.7509 sec
Iteration 100
Elapsed time for kappa 35.6727 sec
Elapsed time for experts 12.8190 sec
Elapsed time for households 11.7762 sec
Iteration 101
Elapsed time for kappa 40.9442 sec
Elapsed time for experts 12.8635 sec
Elapsed time for households 11.3116 sec
Iteration 102
Elapsed time for kappa 33.9648 sec
Elapsed time for experts 13.2527 sec
Elapsed time for households 11.4588 sec
Iteration 103
Elapsed time for kappa 34.5043 sec
Elapsed time for experts 12.5161 sec
Elapsed time for households 11.1974 sec
Iteration 104
Elapsed time for kappa 34.4156 sec
Elapsed time for experts 12.1496 sec
Elapsed time for households 11.0164 sec
Iteration 105
Elapsed time for kappa 34.2131 sec
Elapsed time for experts 12.3667 sec
Elapsed time for households 11.0366 sec
Iteration 106
Elapsed time for kappa 34.2718 sec
Elapsed time for experts 12.4645 sec
Elapsed time for households 11.0883 sec
Iteration 107
Elapsed time for kappa 40.7109 sec
Elapsed time for experts 12.4710 sec
Elapsed time for households 11.2569 sec
Iteration 108
Elapsed time for kappa 34.5425 sec
Elapsed time for experts 12.7643 sec
Elapsed time for households 11.6379 sec
Iteration 109
Elapsed time for kappa 35.0357 sec
Elapsed time for experts 12.6674 sec
Elapsed time for households 11.2792 sec
Iteration 110
Elapsed time for kappa 35.7971 sec
Elapsed time for experts 12.5028 sec
Elapsed time for households 11.0924 sec
Iteration 111
Elapsed time for kappa 34.7103 sec
Elapsed time for experts 12.9406 sec
Elapsed time for households 10.8075 sec
Iteration 112
Elapsed time for kappa 34.2587 sec
Elapsed time for experts 12.3816 sec
Elapsed time for households 10.9034 sec
Iteration 113
Elapsed time for kappa 41.3149 sec
Elapsed time for experts 12.6360 sec
Elapsed time for households 11.0953 sec
Iteration 114
Elapsed time for kappa 34.9273 sec
Elapsed time for experts 12.4754 sec
Elapsed time for households 10.9351 sec
Iteration 115
Elapsed time for kappa 35.1951 sec
Elapsed time for experts 12.5257 sec
Elapsed time for households 10.7801 sec
Iteration 116
Elapsed time for kappa 34.4498 sec
Elapsed time for experts 12.8760 sec
Elapsed time for households 10.7610 sec
Iteration 117
Elapsed time for kappa 34.2707 sec
Elapsed time for experts 12.9282 sec
Elapsed time for households 10.9259 sec
Iteration 118
Elapsed time for kappa 33.8473 sec
Elapsed time for experts 12.7202 sec
Elapsed time for households 16.8481 sec
Iteration 119
Elapsed time for kappa 34.5025 sec
Elapsed time for experts 13.3983 sec
Elapsed time for households 10.9919 sec
Iteration 120
Elapsed time for kappa 34.0130 sec
Elapsed time for experts 13.3522 sec
Elapsed time for households 10.8316 sec
Iteration 121
Elapsed time for kappa 33.9402 sec
Elapsed time for experts 13.0015 sec
Elapsed time for households 11.0381 sec
Iteration 122
Elapsed time for kappa 34.1600 sec
Elapsed time for experts 13.1082 sec
Elapsed time for households 11.1693 sec
Iteration 123
Elapsed time for kappa 34.1774 sec
Elapsed time for experts 13.8354 sec
Elapsed time for households 12.2619 sec
Iteration 124
Elapsed time for kappa 36.1534 sec
Elapsed time for experts 12.9340 sec
Elapsed time for households 26.1722 sec
Iteration 125
Elapsed time for kappa 38.9478 sec
Elapsed time for experts 14.5928 sec
Elapsed time for households 13.1486 sec
Iteration 126
Elapsed time for kappa 38.3972 sec
Elapsed time for experts 14.7655 sec
Elapsed time for households 12.6827 sec
Iteration 127
Elapsed time for kappa 38.0400 sec
Elapsed time for experts 14.5001 sec
Elapsed time for households 12.7253 sec
Iteration 128
Elapsed time for kappa 39.5753 sec
Elapsed time for experts 14.5061 sec
Elapsed time for households 12.7875 sec
Iteration 129
Elapsed time for kappa 38.9737 sec
Elapsed time for experts 15.2542 sec
Elapsed time for households 12.9809 sec
Iteration 130
Elapsed time for kappa 40.4355 sec
Elapsed time for experts 16.0704 sec
Elapsed time for households 20.4758 sec
Iteration 131
Elapsed time for kappa 36.9612 sec
Elapsed time for experts 15.8445 sec
Elapsed time for households 14.0768 sec
Iteration 132
Elapsed time for kappa 40.4600 sec
Elapsed time for experts 17.7408 sec
Elapsed time for households 12.6984 sec
Iteration 133
Elapsed time for kappa 37.6381 sec
Elapsed time for experts 17.7507 sec
Elapsed time for households 13.3774 sec
Iteration 134
Elapsed time for kappa 38.9881 sec
Elapsed time for experts 15.8881 sec
Elapsed time for households 13.4556 sec
Iteration 135
Elapsed time for kappa 39.9410 sec
Elapsed time for experts 16.8878 sec
Elapsed time for households 14.3763 sec
Iteration 136
Elapsed time for kappa 44.0928 sec
Elapsed time for experts 25.7377 sec
Elapsed time for households 15.8248 sec
Iteration 137
Elapsed time for kappa 44.7087 sec
Elapsed time for experts 17.3976 sec
Elapsed time for households 14.4484 sec
Iteration 138
Elapsed time for kappa 41.7999 sec
Elapsed time for experts 16.3208 sec
Elapsed time for households 15.3376 sec
Iteration 139
Elapsed time for kappa 44.0423 sec
Elapsed time for experts 17.5553 sec
Elapsed time for households 14.2520 sec
Iteration 140
Elapsed time for kappa 41.1978 sec
Elapsed time for experts 17.5064 sec
Elapsed time for households 15.0264 sec
Iteration 141
Elapsed time for kappa 43.7319 sec
Elapsed time for experts 17.8078 sec
Elapsed time for households 14.9987 sec
Iteration 142
Elapsed time for kappa 40.7284 sec
Elapsed time for experts 24.5968 sec
Elapsed time for households 15.6175 sec
Iteration 143
Elapsed time for kappa 43.9292 sec
Elapsed time for experts 17.3551 sec
Elapsed time for households 15.5678 sec
Iteration 144
Elapsed time for kappa 44.1881 sec
Elapsed time for experts 16.3998 sec
Elapsed time for households 14.3818 sec
Iteration 145
Elapsed time for kappa 41.2181 sec
Elapsed time for experts 16.3186 sec
Elapsed time for households 15.3686 sec
Iteration 146
Elapsed time for kappa 39.5364 sec
Elapsed time for experts 13.1814 sec
Elapsed time for households 11.5943 sec
Iteration 147
Elapsed time for kappa 38.4010 sec
Elapsed time for experts 12.8563 sec
Elapsed time for households 11.3582 sec
Iteration 148
Elapsed time for kappa 36.8205 sec
Elapsed time for experts 22.2951 sec
Elapsed time for households 12.2602 sec
Iteration 149
Elapsed time for kappa 35.1512 sec
Elapsed time for experts 13.3304 sec
Elapsed time for households 11.7623 sec
Iteration 150
Elapsed time for kappa 35.2415 sec
Elapsed time for experts 13.2580 sec
Elapsed time for households 11.8950 sec
Iteration 151
Elapsed time for kappa 35.2666 sec
Elapsed time for experts 13.7047 sec
Elapsed time for households 11.6668 sec
Iteration 152
Elapsed time for kappa 35.9778 sec
Elapsed time for experts 13.1519 sec
Elapsed time for households 11.6925 sec
Iteration 153
Elapsed time for kappa 36.1630 sec
Elapsed time for experts 12.6980 sec
Elapsed time for households 11.2218 sec
Iteration 154
Elapsed time for kappa 35.6397 sec
Elapsed time for experts 20.1134 sec
Elapsed time for households 14.7024 sec
Iteration 155
Elapsed time for kappa 35.0431 sec
Elapsed time for experts 13.3232 sec
Elapsed time for households 12.0950 sec
Iteration 156
Elapsed time for kappa 34.3856 sec
Elapsed time for experts 13.0188 sec
Elapsed time for households 13.0818 sec
Iteration 157
Elapsed time for kappa 36.0628 sec
Elapsed time for experts 13.0362 sec
Elapsed time for households 11.0946 sec
Iteration 158
Elapsed time for kappa 34.4428 sec
Elapsed time for experts 12.8909 sec
Elapsed time for households 11.4845 sec
Iteration 159
Elapsed time for kappa 35.3800 sec
Elapsed time for experts 12.8281 sec
Elapsed time for households 11.3040 sec
Iteration 160
Elapsed time for kappa 42.0245 sec
Elapsed time for experts 14.1865 sec
Elapsed time for households 12.0323 sec
Iteration 161
Elapsed time for kappa 35.1097 sec
Elapsed time for experts 12.5861 sec
Elapsed time for households 11.2747 sec
Iteration 162
Elapsed time for kappa 34.6163 sec
Elapsed time for experts 12.7227 sec
Elapsed time for households 11.7425 sec
Iteration 163
Elapsed time for kappa 34.7204 sec
Elapsed time for experts 13.0406 sec
Elapsed time for households 11.3301 sec
Iteration 164
Elapsed time for kappa 35.3486 sec
Elapsed time for experts 13.1609 sec
Elapsed time for households 10.9988 sec
Iteration 165
Elapsed time for kappa 34.4650 sec
Elapsed time for experts 13.7513 sec
Elapsed time for households 10.8229 sec
Iteration 166
Elapsed time for kappa 40.9464 sec
Elapsed time for experts 12.5655 sec
Elapsed time for households 10.9324 sec
Iteration 167
Elapsed time for kappa 35.2587 sec
Elapsed time for experts 14.4401 sec
Elapsed time for households 11.1695 sec
Iteration 168
Elapsed time for kappa 35.1008 sec
Elapsed time for experts 13.0803 sec
Elapsed time for households 11.0290 sec
Iteration 169
Elapsed time for kappa 34.9192 sec
Elapsed time for experts 12.5966 sec
Elapsed time for households 10.7747 sec
Iteration 170
Elapsed time for kappa 34.6626 sec
Elapsed time for experts 13.2050 sec
Elapsed time for households 10.7467 sec
Iteration 171
Elapsed time for kappa 34.0823 sec
Elapsed time for experts 13.1540 sec
Elapsed time for households 10.6361 sec
Iteration 172
Elapsed time for kappa 41.3806 sec
Elapsed time for experts 14.5832 sec
Elapsed time for households 11.1606 sec
Iteration 173
Elapsed time for kappa 34.9425 sec
Elapsed time for experts 13.0730 sec
Elapsed time for households 11.3607 sec
Iteration 174
Elapsed time for kappa 35.1559 sec
Elapsed time for experts 13.2895 sec
Elapsed time for households 10.9580 sec
Iteration 175
Elapsed time for kappa 34.5158 sec
Elapsed time for experts 12.9125 sec
Elapsed time for households 10.8211 sec
Iteration 176
Elapsed time for kappa 34.1575 sec
Elapsed time for experts 13.6406 sec
Elapsed time for households 10.8864 sec
Iteration 177
Elapsed time for kappa 33.9893 sec
Elapsed time for experts 13.0470 sec
Elapsed time for households 11.0372 sec
Iteration 178
Elapsed time for kappa 41.4730 sec
Elapsed time for experts 13.9439 sec
Elapsed time for households 11.1064 sec
Iteration 179
Elapsed time for kappa 35.0344 sec
Elapsed time for experts 14.3396 sec
Elapsed time for households 11.1299 sec
Iteration 180
Elapsed time for kappa 34.4666 sec
Elapsed time for experts 13.8397 sec
Elapsed time for households 10.7721 sec
Iteration 181
Elapsed time for kappa 34.1549 sec
Elapsed time for experts 13.9113 sec
Elapsed time for households 11.0740 sec
Iteration 182
Elapsed time for kappa 34.1789 sec
Elapsed time for experts 13.6026 sec
Elapsed time for households 11.5913 sec
Iteration 183
Elapsed time for kappa 34.5780 sec
Elapsed time for experts 14.0190 sec
Elapsed time for households 17.5718 sec
Iteration 184
Elapsed time for kappa 34.5756 sec
Elapsed time for experts 13.0404 sec
Elapsed time for households 11.5516 sec
Iteration 185
Elapsed time for kappa 34.4862 sec
Elapsed time for experts 13.1357 sec
Elapsed time for households 11.6177 sec
Iteration 186
Elapsed time for kappa 34.1878 sec
Elapsed time for experts 13.2935 sec
Elapsed time for households 11.2598 sec
Iteration 187
Elapsed time for kappa 34.1824 sec
Elapsed time for experts 12.5972 sec
Elapsed time for households 11.3775 sec
Iteration 188
Elapsed time for kappa 34.1529 sec
Elapsed time for experts 12.6730 sec
Elapsed time for households 11.6345 sec
Iteration 189
Elapsed time for kappa 34.2963 sec
Elapsed time for experts 13.4495 sec
Elapsed time for households 18.7038 sec
Iteration 190
Elapsed time for kappa 35.2935 sec
Elapsed time for experts 13.4287 sec
Elapsed time for households 11.4521 sec
Iteration 191
Elapsed time for kappa 34.5489 sec
Elapsed time for experts 12.9420 sec
Elapsed time for households 12.2195 sec
Iteration 192
Elapsed time for kappa 34.5111 sec
Elapsed time for experts 13.1784 sec
Elapsed time for households 11.7052 sec
Iteration 193
Elapsed time for kappa 33.9852 sec
Elapsed time for experts 13.1182 sec
Elapsed time for households 11.2897 sec
Iteration 194
Elapsed time for kappa 34.5164 sec
Elapsed time for experts 14.9627 sec
Elapsed time for households 11.5668 sec
Iteration 195
Elapsed time for kappa 34.9483 sec
Elapsed time for experts 13.2544 sec
Elapsed time for households 18.4890 sec
Iteration 196
Elapsed time for kappa 34.6822 sec
Elapsed time for experts 13.1498 sec
Elapsed time for households 11.2983 sec
Iteration 197
Elapsed time for kappa 34.4116 sec
Elapsed time for experts 12.5576 sec
Elapsed time for households 11.9086 sec
Iteration 198
Elapsed time for kappa 35.2707 sec
Elapsed time for experts 13.5892 sec
Elapsed time for households 11.2094 sec
Iteration 199
Elapsed time for kappa 34.4041 sec
Elapsed time for experts 13.8392 sec
Elapsed time for households 11.8048 sec
Elapsed time for training 12980.5902 sec
90000 90000 90000 90000
