Iteration 0
Elapsed time for kappa 66.5573 sec
Elapsed time for experts 20.9247 sec
Elapsed time for households 18.1392 sec
Iteration 1
Elapsed time for kappa 34.6619 sec
Elapsed time for experts 16.2050 sec
Elapsed time for households 14.6105 sec
Iteration 2
Elapsed time for kappa 32.6248 sec
Elapsed time for experts 13.9164 sec
Elapsed time for households 14.2900 sec
Iteration 3
Elapsed time for kappa 32.4953 sec
Elapsed time for experts 13.1883 sec
Elapsed time for households 14.2022 sec
Iteration 4
Elapsed time for kappa 32.2582 sec
Elapsed time for experts 14.7601 sec
Elapsed time for households 13.9926 sec
Iteration 5
Elapsed time for kappa 32.2144 sec
Elapsed time for experts 12.0071 sec
Elapsed time for households 11.2742 sec
Iteration 6
Elapsed time for kappa 32.4368 sec
Elapsed time for experts 12.0350 sec
Elapsed time for households 11.1373 sec
Iteration 7
Elapsed time for kappa 39.0954 sec
Elapsed time for experts 12.4704 sec
Elapsed time for households 14.5079 sec
Iteration 8
Elapsed time for kappa 32.7313 sec
Elapsed time for experts 12.7054 sec
Elapsed time for households 11.5281 sec
Iteration 9
Elapsed time for kappa 32.3662 sec
Elapsed time for experts 13.2608 sec
Elapsed time for households 11.6367 sec
Iteration 10
Elapsed time for kappa 32.5327 sec
Elapsed time for experts 16.3430 sec
Elapsed time for households 11.1724 sec
Iteration 11
Elapsed time for kappa 35.1789 sec
Elapsed time for experts 13.1369 sec
Elapsed time for households 14.3186 sec
Iteration 12
Elapsed time for kappa 32.5173 sec
Elapsed time for experts 12.7694 sec
Elapsed time for households 17.3809 sec
Iteration 13
Elapsed time for kappa 33.2385 sec
Elapsed time for experts 13.1658 sec
Elapsed time for households 10.8440 sec
Iteration 14
Elapsed time for kappa 32.5479 sec
Elapsed time for experts 13.1500 sec
Elapsed time for households 11.6425 sec
Iteration 15
Elapsed time for kappa 32.4001 sec
Elapsed time for experts 12.9391 sec
Elapsed time for households 11.5441 sec
Iteration 16
Elapsed time for kappa 32.1146 sec
Elapsed time for experts 12.7049 sec
Elapsed time for households 11.8608 sec
Iteration 17
Elapsed time for kappa 32.2956 sec
Elapsed time for experts 12.4885 sec
Elapsed time for households 10.5602 sec
Iteration 18
Elapsed time for kappa 32.5926 sec
Elapsed time for experts 12.7983 sec
Elapsed time for households 21.1727 sec
Iteration 19
Elapsed time for kappa 33.1453 sec
Elapsed time for experts 13.2142 sec
Elapsed time for households 10.8539 sec
Iteration 20
Elapsed time for kappa 32.4565 sec
Elapsed time for experts 12.3158 sec
Elapsed time for households 11.6716 sec
Iteration 21
Elapsed time for kappa 32.4422 sec
Elapsed time for experts 12.0946 sec
Elapsed time for households 11.0533 sec
Iteration 22
Elapsed time for kappa 32.3606 sec
Elapsed time for experts 12.9953 sec
Elapsed time for households 13.0022 sec
Iteration 23
Elapsed time for kappa 32.3478 sec
Elapsed time for experts 12.5699 sec
Elapsed time for households 11.0182 sec
Iteration 24
Elapsed time for kappa 32.1686 sec
Elapsed time for experts 19.6436 sec
Elapsed time for households 12.1326 sec
Iteration 25
Elapsed time for kappa 33.1768 sec
Elapsed time for experts 12.8029 sec
Elapsed time for households 11.8985 sec
Iteration 26
Elapsed time for kappa 33.4038 sec
Elapsed time for experts 12.5810 sec
Elapsed time for households 11.5283 sec
Iteration 27
Elapsed time for kappa 32.5056 sec
Elapsed time for experts 12.7707 sec
Elapsed time for households 11.5291 sec
Iteration 28
Elapsed time for kappa 32.2066 sec
Elapsed time for experts 13.0650 sec
Elapsed time for households 13.7489 sec
Iteration 29
Elapsed time for kappa 32.2810 sec
Elapsed time for experts 13.1832 sec
Elapsed time for households 11.2715 sec
Iteration 30
Elapsed time for kappa 32.1545 sec
Elapsed time for experts 19.3637 sec
Elapsed time for households 15.0040 sec
Iteration 31
Elapsed time for kappa 33.3705 sec
Elapsed time for experts 12.4287 sec
Elapsed time for households 12.3251 sec
Iteration 32
Elapsed time for kappa 32.5414 sec
Elapsed time for experts 12.8544 sec
Elapsed time for households 11.3127 sec
Iteration 33
Elapsed time for kappa 32.4022 sec
Elapsed time for experts 14.0750 sec
Elapsed time for households 11.7601 sec
Iteration 34
Elapsed time for kappa 32.4710 sec
Elapsed time for experts 12.3657 sec
Elapsed time for households 11.2664 sec
Iteration 35
Elapsed time for kappa 32.3168 sec
Elapsed time for experts 12.3296 sec
Elapsed time for households 11.5432 sec
Iteration 36
Elapsed time for kappa 32.3028 sec
Elapsed time for experts 18.8118 sec
Elapsed time for households 14.4319 sec
Iteration 37
Elapsed time for kappa 32.9578 sec
Elapsed time for experts 12.3786 sec
Elapsed time for households 10.7120 sec
Iteration 38
Elapsed time for kappa 32.6490 sec
Elapsed time for experts 13.1692 sec
Elapsed time for households 12.3820 sec
Iteration 39
Elapsed time for kappa 32.4452 sec
Elapsed time for experts 12.0622 sec
Elapsed time for households 10.7452 sec
Iteration 40
Elapsed time for kappa 32.2431 sec
Elapsed time for experts 12.8785 sec
Elapsed time for households 11.5668 sec
Iteration 41
Elapsed time for kappa 32.7204 sec
Elapsed time for experts 13.0186 sec
Elapsed time for households 11.9028 sec
Iteration 42
Elapsed time for kappa 39.9518 sec
Elapsed time for experts 13.1030 sec
Elapsed time for households 13.0644 sec
Iteration 43
Elapsed time for kappa 32.7706 sec
Elapsed time for experts 13.8406 sec
Elapsed time for households 11.3275 sec
Iteration 44
Elapsed time for kappa 32.4779 sec
Elapsed time for experts 12.1538 sec
Elapsed time for households 11.0408 sec
Iteration 45
Elapsed time for kappa 32.3317 sec
Elapsed time for experts 12.0784 sec
Elapsed time for households 13.4187 sec
Iteration 46
Elapsed time for kappa 32.3310 sec
Elapsed time for experts 12.1286 sec
Elapsed time for households 12.5559 sec
Iteration 47
Elapsed time for kappa 32.3252 sec
Elapsed time for experts 13.0864 sec
Elapsed time for households 11.6218 sec
Iteration 48
Elapsed time for kappa 40.6046 sec
Elapsed time for experts 12.8752 sec
Elapsed time for households 11.4946 sec
Iteration 49
Elapsed time for kappa 32.7934 sec
Elapsed time for experts 12.7087 sec
Elapsed time for households 11.4260 sec
Iteration 50
Elapsed time for kappa 34.5278 sec
Elapsed time for experts 14.0031 sec
Elapsed time for households 12.8323 sec
Iteration 51
Elapsed time for kappa 38.3091 sec
Elapsed time for experts 14.8904 sec
Elapsed time for households 13.3138 sec
Iteration 52
Elapsed time for kappa 38.1831 sec
Elapsed time for experts 13.8514 sec
Elapsed time for households 12.8948 sec
Iteration 53
Elapsed time for kappa 38.1051 sec
Elapsed time for experts 13.9848 sec
Elapsed time for households 13.3886 sec
Iteration 54
Elapsed time for kappa 47.9646 sec
Elapsed time for experts 15.4336 sec
Elapsed time for households 12.6898 sec
Iteration 55
Elapsed time for kappa 38.4752 sec
Elapsed time for experts 14.0528 sec
Elapsed time for households 12.3516 sec
Iteration 56
Elapsed time for kappa 38.4119 sec
Elapsed time for experts 14.5746 sec
Elapsed time for households 12.2787 sec
Iteration 57
Elapsed time for kappa 38.3514 sec
Elapsed time for experts 14.4574 sec
Elapsed time for households 12.6875 sec
Iteration 58
Elapsed time for kappa 38.1175 sec
Elapsed time for experts 13.8667 sec
Elapsed time for households 12.0413 sec
Iteration 59
Elapsed time for kappa 38.0660 sec
Elapsed time for experts 13.8575 sec
Elapsed time for households 12.1664 sec
Iteration 60
Elapsed time for kappa 46.2768 sec
Elapsed time for experts 14.1574 sec
Elapsed time for households 12.9432 sec
Iteration 61
Elapsed time for kappa 38.3274 sec
Elapsed time for experts 14.8253 sec
Elapsed time for households 12.1766 sec
Iteration 62
Elapsed time for kappa 38.2551 sec
Elapsed time for experts 14.5238 sec
Elapsed time for households 12.7361 sec
Iteration 63
Elapsed time for kappa 38.2255 sec
Elapsed time for experts 13.9248 sec
Elapsed time for households 13.1691 sec
Iteration 64
Elapsed time for kappa 37.8642 sec
Elapsed time for experts 13.7450 sec
Elapsed time for households 12.6426 sec
Iteration 65
Elapsed time for kappa 38.1107 sec
Elapsed time for experts 13.8593 sec
Elapsed time for households 19.3034 sec
Iteration 66
Elapsed time for kappa 38.4850 sec
Elapsed time for experts 14.6083 sec
Elapsed time for households 12.7250 sec
Iteration 67
Elapsed time for kappa 37.8577 sec
Elapsed time for experts 13.8869 sec
Elapsed time for households 13.0093 sec
Iteration 68
Elapsed time for kappa 37.9666 sec
Elapsed time for experts 13.8507 sec
Elapsed time for households 12.7197 sec
Iteration 69
Elapsed time for kappa 37.7491 sec
Elapsed time for experts 13.6715 sec
Elapsed time for households 12.1416 sec
Iteration 70
Elapsed time for kappa 37.4665 sec
Elapsed time for experts 13.8417 sec
Elapsed time for households 12.7224 sec
Iteration 71
Elapsed time for kappa 37.8765 sec
Elapsed time for experts 21.4353 sec
Elapsed time for households 12.5549 sec
Iteration 72
Elapsed time for kappa 38.2141 sec
Elapsed time for experts 15.1968 sec
Elapsed time for households 16.2268 sec
Iteration 73
Elapsed time for kappa 37.8773 sec
Elapsed time for experts 14.3774 sec
Elapsed time for households 12.7340 sec
Iteration 74
Elapsed time for kappa 37.7511 sec
Elapsed time for experts 13.7773 sec
Elapsed time for households 15.2242 sec
Iteration 75
Elapsed time for kappa 37.2705 sec
Elapsed time for experts 13.7966 sec
Elapsed time for households 12.7817 sec
Iteration 76
Elapsed time for kappa 37.3607 sec
Elapsed time for experts 13.6117 sec
Elapsed time for households 15.6236 sec
Iteration 77
Elapsed time for kappa 37.6235 sec
Elapsed time for experts 22.0146 sec
Elapsed time for households 13.7524 sec
Iteration 78
Elapsed time for kappa 37.7618 sec
Elapsed time for experts 13.7685 sec
Elapsed time for households 12.9331 sec
Iteration 79
Elapsed time for kappa 37.7205 sec
Elapsed time for experts 13.7934 sec
Elapsed time for households 12.0140 sec
Iteration 80
Elapsed time for kappa 37.0824 sec
Elapsed time for experts 13.5771 sec
Elapsed time for households 12.8956 sec
Iteration 81
Elapsed time for kappa 37.8278 sec
Elapsed time for experts 14.0867 sec
Elapsed time for households 12.4929 sec
Iteration 82
Elapsed time for kappa 37.3877 sec
Elapsed time for experts 14.2482 sec
Elapsed time for households 12.1779 sec
Iteration 83
Elapsed time for kappa 37.1443 sec
Elapsed time for experts 21.0263 sec
Elapsed time for households 13.0011 sec
Iteration 84
Elapsed time for kappa 37.6515 sec
Elapsed time for experts 14.5002 sec
Elapsed time for households 14.2869 sec
Iteration 85
Elapsed time for kappa 37.3873 sec
Elapsed time for experts 14.7272 sec
Elapsed time for households 12.3946 sec
Iteration 86
Elapsed time for kappa 37.2057 sec
Elapsed time for experts 13.4655 sec
Elapsed time for households 12.8619 sec
Iteration 87
Elapsed time for kappa 36.9997 sec
Elapsed time for experts 13.7613 sec
Elapsed time for households 12.0937 sec
Iteration 88
Elapsed time for kappa 37.4322 sec
Elapsed time for experts 13.5959 sec
Elapsed time for households 12.4091 sec
Iteration 89
Elapsed time for kappa 36.9729 sec
Elapsed time for experts 21.5265 sec
Elapsed time for households 12.9260 sec
Iteration 90
Elapsed time for kappa 38.0635 sec
Elapsed time for experts 13.7556 sec
Elapsed time for households 12.4867 sec
Iteration 91
Elapsed time for kappa 37.8846 sec
Elapsed time for experts 13.6015 sec
Elapsed time for households 15.5654 sec
Iteration 92
Elapsed time for kappa 36.7252 sec
Elapsed time for experts 13.7042 sec
Elapsed time for households 12.1530 sec
Iteration 93
Elapsed time for kappa 36.6470 sec
Elapsed time for experts 14.3155 sec
Elapsed time for households 14.4567 sec
Iteration 94
Elapsed time for kappa 36.6977 sec
Elapsed time for experts 13.5626 sec
Elapsed time for households 12.6475 sec
Iteration 95
Elapsed time for kappa 44.2635 sec
Elapsed time for experts 13.9254 sec
Elapsed time for households 14.1673 sec
Iteration 96
Elapsed time for kappa 37.4245 sec
Elapsed time for experts 13.7076 sec
Elapsed time for households 12.3515 sec
Iteration 97
Elapsed time for kappa 36.6076 sec
Elapsed time for experts 13.4047 sec
Elapsed time for households 12.9905 sec
Iteration 98
Elapsed time for kappa 36.4213 sec
Elapsed time for experts 13.9350 sec
Elapsed time for households 12.3823 sec
Iteration 99
Elapsed time for kappa 36.4901 sec
Elapsed time for experts 13.3520 sec
Elapsed time for households 11.8382 sec
Iteration 100
Elapsed time for kappa 36.3879 sec
Elapsed time for experts 13.3482 sec
Elapsed time for households 12.0849 sec
Iteration 101
Elapsed time for kappa 43.9887 sec
Elapsed time for experts 14.9927 sec
Elapsed time for households 12.1813 sec
Iteration 102
Elapsed time for kappa 36.6429 sec
Elapsed time for experts 14.5857 sec
Elapsed time for households 12.2653 sec
Iteration 103
Elapsed time for kappa 36.6440 sec
Elapsed time for experts 13.3304 sec
Elapsed time for households 12.5593 sec
Iteration 104
Elapsed time for kappa 36.2102 sec
Elapsed time for experts 13.2690 sec
Elapsed time for households 11.7072 sec
Iteration 105
Elapsed time for kappa 36.3650 sec
Elapsed time for experts 14.3047 sec
Elapsed time for households 11.6442 sec
Iteration 106
Elapsed time for kappa 36.4667 sec
Elapsed time for experts 14.2215 sec
Elapsed time for households 12.6442 sec
Iteration 107
Elapsed time for kappa 43.9834 sec
Elapsed time for experts 13.7701 sec
Elapsed time for households 13.0705 sec
Iteration 108
Elapsed time for kappa 36.6572 sec
Elapsed time for experts 14.0481 sec
Elapsed time for households 11.7459 sec
Iteration 109
Elapsed time for kappa 36.4997 sec
Elapsed time for experts 13.9924 sec
Elapsed time for households 12.6805 sec
Iteration 110
Elapsed time for kappa 36.1381 sec
Elapsed time for experts 14.0057 sec
Elapsed time for households 11.7940 sec
Iteration 111
Elapsed time for kappa 36.7209 sec
Elapsed time for experts 13.8196 sec
Elapsed time for households 12.4203 sec
Iteration 112
Elapsed time for kappa 36.0675 sec
Elapsed time for experts 13.7541 sec
Elapsed time for households 12.3097 sec
Iteration 113
Elapsed time for kappa 44.5153 sec
Elapsed time for experts 14.3084 sec
Elapsed time for households 12.1811 sec
Iteration 114
Elapsed time for kappa 36.7461 sec
Elapsed time for experts 14.1145 sec
Elapsed time for households 11.8503 sec
Iteration 115
Elapsed time for kappa 36.2931 sec
Elapsed time for experts 13.4884 sec
Elapsed time for households 11.8893 sec
Iteration 116
Elapsed time for kappa 36.3241 sec
Elapsed time for experts 13.3653 sec
Elapsed time for households 11.8181 sec
Iteration 117
Elapsed time for kappa 36.3906 sec
Elapsed time for experts 14.1016 sec
Elapsed time for households 12.8478 sec
Iteration 118
Elapsed time for kappa 36.3158 sec
Elapsed time for experts 13.4089 sec
Elapsed time for households 18.7571 sec
Iteration 119
Elapsed time for kappa 37.4719 sec
Elapsed time for experts 13.6994 sec
Elapsed time for households 11.9883 sec
Iteration 120
Elapsed time for kappa 36.7132 sec
Elapsed time for experts 13.8702 sec
Elapsed time for households 12.5238 sec
Iteration 121
Elapsed time for kappa 36.4978 sec
Elapsed time for experts 13.8408 sec
Elapsed time for households 12.4345 sec
Iteration 122
Elapsed time for kappa 36.4275 sec
Elapsed time for experts 13.3355 sec
Elapsed time for households 11.7860 sec
Iteration 123
Elapsed time for kappa 37.0199 sec
Elapsed time for experts 13.3245 sec
Elapsed time for households 11.7901 sec
Iteration 124
Elapsed time for kappa 36.6996 sec
Elapsed time for experts 13.8075 sec
Elapsed time for households 18.9918 sec
Iteration 125
Elapsed time for kappa 37.3131 sec
Elapsed time for experts 13.6680 sec
Elapsed time for households 12.6521 sec
Iteration 126
Elapsed time for kappa 36.8052 sec
Elapsed time for experts 14.4050 sec
Elapsed time for households 12.8049 sec
Iteration 127
Elapsed time for kappa 37.2654 sec
Elapsed time for experts 13.4163 sec
Elapsed time for households 14.6179 sec
Iteration 128
Elapsed time for kappa 36.4120 sec
Elapsed time for experts 13.4360 sec
Elapsed time for households 12.4340 sec
Iteration 129
Elapsed time for kappa 36.2719 sec
Elapsed time for experts 14.2080 sec
Elapsed time for households 12.5335 sec
Iteration 130
Elapsed time for kappa 36.3855 sec
Elapsed time for experts 13.4738 sec
Elapsed time for households 19.7673 sec
Iteration 131
Elapsed time for kappa 37.5911 sec
Elapsed time for experts 13.5525 sec
Elapsed time for households 12.7576 sec
Iteration 132
Elapsed time for kappa 36.7596 sec
Elapsed time for experts 14.4479 sec
Elapsed time for households 11.8973 sec
Iteration 133
Elapsed time for kappa 36.4529 sec
Elapsed time for experts 13.4752 sec
Elapsed time for households 12.3650 sec
Iteration 134
Elapsed time for kappa 36.2391 sec
Elapsed time for experts 13.4332 sec
Elapsed time for households 12.6477 sec
Iteration 135
Elapsed time for kappa 36.1309 sec
Elapsed time for experts 13.3519 sec
Elapsed time for households 11.9040 sec
Iteration 136
Elapsed time for kappa 36.5925 sec
Elapsed time for experts 20.6272 sec
Elapsed time for households 13.0896 sec
Iteration 137
Elapsed time for kappa 36.4905 sec
Elapsed time for experts 14.1242 sec
Elapsed time for households 11.6160 sec
Iteration 138
Elapsed time for kappa 35.1812 sec
Elapsed time for experts 13.1473 sec
Elapsed time for households 11.4776 sec
Iteration 139
Elapsed time for kappa 33.1402 sec
Elapsed time for experts 11.9275 sec
Elapsed time for households 10.9594 sec
Iteration 140
Elapsed time for kappa 30.3467 sec
Elapsed time for experts 11.4602 sec
Elapsed time for households 10.0131 sec
Iteration 141
Elapsed time for kappa 30.6264 sec
Elapsed time for experts 11.4592 sec
Elapsed time for households 13.0801 sec
Iteration 142
Elapsed time for kappa 30.6296 sec
Elapsed time for experts 17.7138 sec
Elapsed time for households 11.0122 sec
Iteration 143
Elapsed time for kappa 30.9002 sec
Elapsed time for experts 11.7113 sec
Elapsed time for households 11.0598 sec
Iteration 144
Elapsed time for kappa 30.7168 sec
Elapsed time for experts 12.0751 sec
Elapsed time for households 11.0264 sec
Iteration 145
Elapsed time for kappa 30.6121 sec
Elapsed time for experts 11.4492 sec
Elapsed time for households 10.2165 sec
Iteration 146
Elapsed time for kappa 30.3329 sec
Elapsed time for experts 11.8678 sec
Elapsed time for households 10.2934 sec
Iteration 147
Elapsed time for kappa 30.9263 sec
Elapsed time for experts 11.4890 sec
Elapsed time for households 10.1475 sec
Iteration 148
Elapsed time for kappa 30.7294 sec
Elapsed time for experts 17.0848 sec
Elapsed time for households 11.6130 sec
Iteration 149
Elapsed time for kappa 31.5815 sec
Elapsed time for experts 11.8422 sec
Elapsed time for households 11.4600 sec
Iteration 150
Elapsed time for kappa 30.8291 sec
Elapsed time for experts 11.5259 sec
Elapsed time for households 10.8307 sec
Iteration 151
Elapsed time for kappa 31.0091 sec
Elapsed time for experts 11.8916 sec
Elapsed time for households 10.9056 sec
Iteration 152
Elapsed time for kappa 30.4625 sec
Elapsed time for experts 11.8541 sec
Elapsed time for households 10.3403 sec
Iteration 153
Elapsed time for kappa 30.3218 sec
Elapsed time for experts 11.7946 sec
Elapsed time for households 11.3925 sec
Iteration 154
Elapsed time for kappa 30.5428 sec
Elapsed time for experts 17.3644 sec
Elapsed time for households 11.6133 sec
Iteration 155
Elapsed time for kappa 31.0913 sec
Elapsed time for experts 12.3362 sec
Elapsed time for households 13.2370 sec
Iteration 156
Elapsed time for kappa 30.8453 sec
Elapsed time for experts 11.4910 sec
Elapsed time for households 12.6910 sec
Iteration 157
Elapsed time for kappa 30.6149 sec
Elapsed time for experts 11.8203 sec
Elapsed time for households 10.5741 sec
Iteration 158
Elapsed time for kappa 30.5652 sec
Elapsed time for experts 11.4528 sec
Elapsed time for households 10.3743 sec
Iteration 159
Elapsed time for kappa 30.3857 sec
Elapsed time for experts 11.9873 sec
Elapsed time for households 10.6590 sec
Iteration 160
Elapsed time for kappa 36.3588 sec
Elapsed time for experts 12.5618 sec
Elapsed time for households 10.4743 sec
Iteration 161
Elapsed time for kappa 30.5014 sec
Elapsed time for experts 12.0335 sec
Elapsed time for households 10.6277 sec
Iteration 162
Elapsed time for kappa 31.0489 sec
Elapsed time for experts 12.1358 sec
Elapsed time for households 10.1025 sec
Iteration 163
Elapsed time for kappa 30.4187 sec
Elapsed time for experts 11.4356 sec
Elapsed time for households 10.0822 sec
Iteration 164
Elapsed time for kappa 30.3874 sec
Elapsed time for experts 11.8338 sec
Elapsed time for households 10.6912 sec
Iteration 165
Elapsed time for kappa 30.8432 sec
Elapsed time for experts 11.5862 sec
Elapsed time for households 10.1277 sec
Iteration 166
Elapsed time for kappa 36.4332 sec
Elapsed time for experts 12.8563 sec
Elapsed time for households 10.9344 sec
Iteration 167
Elapsed time for kappa 30.7426 sec
Elapsed time for experts 12.2635 sec
Elapsed time for households 10.7032 sec
Iteration 168
Elapsed time for kappa 30.6079 sec
Elapsed time for experts 11.5732 sec
Elapsed time for households 10.7887 sec
Iteration 169
Elapsed time for kappa 30.4209 sec
Elapsed time for experts 12.0171 sec
Elapsed time for households 10.2894 sec
Iteration 170
Elapsed time for kappa 30.3140 sec
Elapsed time for experts 12.1426 sec
Elapsed time for households 11.3586 sec
Iteration 171
Elapsed time for kappa 30.3460 sec
Elapsed time for experts 11.2997 sec
Elapsed time for households 10.4810 sec
Iteration 172
Elapsed time for kappa 36.3778 sec
Elapsed time for experts 12.4481 sec
Elapsed time for households 10.8216 sec
Iteration 173
Elapsed time for kappa 30.6769 sec
Elapsed time for experts 11.9200 sec
Elapsed time for households 10.7821 sec
Iteration 174
Elapsed time for kappa 30.6430 sec
Elapsed time for experts 11.6288 sec
Elapsed time for households 10.5546 sec
Iteration 175
Elapsed time for kappa 30.4066 sec
Elapsed time for experts 11.6676 sec
Elapsed time for households 10.4612 sec
Iteration 176
Elapsed time for kappa 30.4318 sec
Elapsed time for experts 11.6015 sec
Elapsed time for households 11.3883 sec
Iteration 177
Elapsed time for kappa 30.3972 sec
Elapsed time for experts 11.8558 sec
Elapsed time for households 11.0188 sec
Iteration 178
Elapsed time for kappa 36.5092 sec
Elapsed time for experts 11.9592 sec
Elapsed time for households 10.3462 sec
Iteration 179
Elapsed time for kappa 30.8385 sec
Elapsed time for experts 11.6093 sec
Elapsed time for households 10.3746 sec
Iteration 180
Elapsed time for kappa 30.7890 sec
Elapsed time for experts 12.3432 sec
Elapsed time for households 10.6162 sec
Iteration 181
Elapsed time for kappa 31.0232 sec
Elapsed time for experts 11.4236 sec
Elapsed time for households 10.1296 sec
Iteration 182
Elapsed time for kappa 30.3266 sec
Elapsed time for experts 12.1563 sec
Elapsed time for households 10.2299 sec
Iteration 183
Elapsed time for kappa 31.1732 sec
Elapsed time for experts 11.3277 sec
Elapsed time for households 16.0329 sec
Iteration 184
Elapsed time for kappa 33.2921 sec
Elapsed time for experts 11.7531 sec
Elapsed time for households 10.8548 sec
Iteration 185
Elapsed time for kappa 31.2669 sec
Elapsed time for experts 12.0876 sec
Elapsed time for households 10.6591 sec
Iteration 186
Elapsed time for kappa 31.0092 sec
Elapsed time for experts 11.6476 sec
Elapsed time for households 11.3601 sec
Iteration 187
Elapsed time for kappa 30.8295 sec
Elapsed time for experts 11.9511 sec
Elapsed time for households 11.5623 sec
Iteration 188
Elapsed time for kappa 30.2225 sec
Elapsed time for experts 11.3951 sec
Elapsed time for households 10.5142 sec
Iteration 189
Elapsed time for kappa 30.7220 sec
Elapsed time for experts 11.7994 sec
Elapsed time for households 16.3407 sec
Iteration 190
Elapsed time for kappa 32.2073 sec
Elapsed time for experts 11.7393 sec
Elapsed time for households 10.6724 sec
Iteration 191
Elapsed time for kappa 33.3294 sec
Elapsed time for experts 11.6318 sec
Elapsed time for households 10.3760 sec
Iteration 192
Elapsed time for kappa 30.5236 sec
Elapsed time for experts 11.4348 sec
Elapsed time for households 10.7602 sec
Iteration 193
Elapsed time for kappa 30.5724 sec
Elapsed time for experts 11.5256 sec
Elapsed time for households 10.5305 sec
Iteration 194
Elapsed time for kappa 30.5902 sec
Elapsed time for experts 12.2703 sec
Elapsed time for households 10.6803 sec
Iteration 195
Elapsed time for kappa 30.6456 sec
Elapsed time for experts 11.5033 sec
Elapsed time for households 18.4572 sec
Iteration 196
Elapsed time for kappa 31.1501 sec
Elapsed time for experts 11.7996 sec
Elapsed time for households 10.7146 sec
Iteration 197
Elapsed time for kappa 30.7995 sec
Elapsed time for experts 12.4355 sec
Elapsed time for households 11.0518 sec
Iteration 198
Elapsed time for kappa 30.3476 sec
Elapsed time for experts 12.0231 sec
Elapsed time for households 10.2467 sec
Iteration 199
Elapsed time for kappa 30.4289 sec
Elapsed time for experts 12.2347 sec
Elapsed time for households 10.2285 sec
Elapsed time for training 12103.1932 sec
90000 90000 90000 90000
