Iteration 0
Elapsed time for kappa 70.4892 sec
Elapsed time for experts 23.6637 sec
Elapsed time for households 18.2896 sec
Iteration 1
Elapsed time for kappa 44.6404 sec
Elapsed time for experts 18.0908 sec
Elapsed time for households 12.3838 sec
Iteration 2
Elapsed time for kappa 35.3049 sec
Elapsed time for experts 17.3875 sec
Elapsed time for households 12.4728 sec
Iteration 3
Elapsed time for kappa 36.1166 sec
Elapsed time for experts 16.5769 sec
Elapsed time for households 12.4707 sec
Iteration 4
Elapsed time for kappa 36.1885 sec
Elapsed time for experts 13.7649 sec
Elapsed time for households 11.8375 sec
Iteration 5
Elapsed time for kappa 36.2250 sec
Elapsed time for experts 14.1005 sec
Elapsed time for households 12.1325 sec
Iteration 6
Elapsed time for kappa 35.3048 sec
Elapsed time for experts 15.4843 sec
Elapsed time for households 15.7179 sec
Iteration 7
Elapsed time for kappa 44.5091 sec
Elapsed time for experts 16.2791 sec
Elapsed time for households 17.6077 sec
Iteration 8
Elapsed time for kappa 35.0786 sec
Elapsed time for experts 14.5201 sec
Elapsed time for households 11.1923 sec
Iteration 9
Elapsed time for kappa 33.0643 sec
Elapsed time for experts 15.3929 sec
Elapsed time for households 14.9368 sec
Iteration 10
Elapsed time for kappa 36.4921 sec
Elapsed time for experts 14.9104 sec
Elapsed time for households 16.5176 sec
Iteration 11
Elapsed time for kappa 35.2305 sec
Elapsed time for experts 14.4030 sec
Elapsed time for households 13.0825 sec
Iteration 12
Elapsed time for kappa 34.6896 sec
Elapsed time for experts 14.6833 sec
Elapsed time for households 21.2312 sec
Iteration 13
Elapsed time for kappa 35.8511 sec
Elapsed time for experts 15.3193 sec
Elapsed time for households 13.6509 sec
Iteration 14
Elapsed time for kappa 35.4736 sec
Elapsed time for experts 16.7072 sec
Elapsed time for households 12.2959 sec
Iteration 15
Elapsed time for kappa 35.9805 sec
Elapsed time for experts 15.4729 sec
Elapsed time for households 12.5204 sec
Iteration 16
Elapsed time for kappa 35.3499 sec
Elapsed time for experts 14.5538 sec
Elapsed time for households 15.2259 sec
Iteration 17
Elapsed time for kappa 34.3382 sec
Elapsed time for experts 13.4147 sec
Elapsed time for households 11.8467 sec
Iteration 18
Elapsed time for kappa 36.6261 sec
Elapsed time for experts 13.3655 sec
Elapsed time for households 19.0703 sec
Iteration 19
Elapsed time for kappa 34.7961 sec
Elapsed time for experts 13.3539 sec
Elapsed time for households 11.7454 sec
Iteration 20
Elapsed time for kappa 35.4956 sec
Elapsed time for experts 13.7764 sec
Elapsed time for households 12.0623 sec
Iteration 21
Elapsed time for kappa 34.9835 sec
Elapsed time for experts 16.7239 sec
Elapsed time for households 11.2544 sec
Iteration 22
Elapsed time for kappa 35.0177 sec
Elapsed time for experts 16.8225 sec
Elapsed time for households 12.0045 sec
Iteration 23
Elapsed time for kappa 35.0090 sec
Elapsed time for experts 12.8899 sec
Elapsed time for households 11.9622 sec
Iteration 24
Elapsed time for kappa 35.4164 sec
Elapsed time for experts 23.4398 sec
Elapsed time for households 11.8805 sec
Iteration 25
Elapsed time for kappa 34.3593 sec
Elapsed time for experts 15.6875 sec
Elapsed time for households 11.6677 sec
Iteration 26
Elapsed time for kappa 34.1145 sec
Elapsed time for experts 14.7108 sec
Elapsed time for households 11.9022 sec
Iteration 27
Elapsed time for kappa 33.4836 sec
Elapsed time for experts 13.2474 sec
Elapsed time for households 11.6545 sec
Iteration 28
Elapsed time for kappa 33.9596 sec
Elapsed time for experts 13.0494 sec
Elapsed time for households 12.1213 sec
Iteration 29
Elapsed time for kappa 34.0858 sec
Elapsed time for experts 12.9262 sec
Elapsed time for households 11.7225 sec
Iteration 30
Elapsed time for kappa 35.1460 sec
Elapsed time for experts 19.8007 sec
Elapsed time for households 12.1736 sec
Iteration 31
Elapsed time for kappa 35.4792 sec
Elapsed time for experts 14.0907 sec
Elapsed time for households 12.2843 sec
Iteration 32
Elapsed time for kappa 34.3376 sec
Elapsed time for experts 12.3824 sec
Elapsed time for households 11.6195 sec
Iteration 33
Elapsed time for kappa 34.0879 sec
Elapsed time for experts 12.5656 sec
Elapsed time for households 11.3416 sec
Iteration 34
Elapsed time for kappa 34.8430 sec
Elapsed time for experts 14.3486 sec
Elapsed time for households 12.1726 sec
Iteration 35
Elapsed time for kappa 34.6383 sec
Elapsed time for experts 13.2302 sec
Elapsed time for households 14.6838 sec
Iteration 36
Elapsed time for kappa 34.4170 sec
Elapsed time for experts 20.5833 sec
Elapsed time for households 11.6906 sec
Iteration 37
Elapsed time for kappa 34.8808 sec
Elapsed time for experts 12.8062 sec
Elapsed time for households 11.4392 sec
Iteration 38
Elapsed time for kappa 34.3633 sec
Elapsed time for experts 13.0646 sec
Elapsed time for households 12.6400 sec
Iteration 39
Elapsed time for kappa 34.3205 sec
Elapsed time for experts 14.2607 sec
Elapsed time for households 11.3633 sec
Iteration 40
Elapsed time for kappa 33.8227 sec
Elapsed time for experts 13.5769 sec
Elapsed time for households 12.1117 sec
Iteration 41
Elapsed time for kappa 33.9092 sec
Elapsed time for experts 13.8667 sec
Elapsed time for households 10.8984 sec
Iteration 42
Elapsed time for kappa 40.3595 sec
Elapsed time for experts 14.5254 sec
Elapsed time for households 10.9710 sec
Iteration 43
Elapsed time for kappa 33.9581 sec
Elapsed time for experts 13.9553 sec
Elapsed time for households 11.0395 sec
Iteration 44
Elapsed time for kappa 34.7981 sec
Elapsed time for experts 14.5683 sec
Elapsed time for households 11.0372 sec
Iteration 45
Elapsed time for kappa 34.0592 sec
Elapsed time for experts 12.9821 sec
Elapsed time for households 11.3989 sec
Iteration 46
Elapsed time for kappa 33.5258 sec
Elapsed time for experts 13.6926 sec
Elapsed time for households 10.8970 sec
Iteration 47
Elapsed time for kappa 33.5874 sec
Elapsed time for experts 13.5963 sec
Elapsed time for households 11.4896 sec
Iteration 48
Elapsed time for kappa 39.5889 sec
Elapsed time for experts 12.7962 sec
Elapsed time for households 13.4826 sec
Iteration 49
Elapsed time for kappa 33.5349 sec
Elapsed time for experts 13.8880 sec
Elapsed time for households 11.6207 sec
Iteration 50
Elapsed time for kappa 33.9776 sec
Elapsed time for experts 13.9379 sec
Elapsed time for households 11.2587 sec
Iteration 51
Elapsed time for kappa 33.6888 sec
Elapsed time for experts 13.9375 sec
Elapsed time for households 10.9769 sec
Iteration 52
Elapsed time for kappa 33.3607 sec
Elapsed time for experts 13.7458 sec
Elapsed time for households 11.1178 sec
Iteration 53
Elapsed time for kappa 32.9729 sec
Elapsed time for experts 13.5604 sec
Elapsed time for households 11.3363 sec
Iteration 54
Elapsed time for kappa 39.8475 sec
Elapsed time for experts 13.4088 sec
Elapsed time for households 11.4446 sec
Iteration 55
Elapsed time for kappa 33.5163 sec
Elapsed time for experts 14.3533 sec
Elapsed time for households 11.6012 sec
Iteration 56
Elapsed time for kappa 33.3193 sec
Elapsed time for experts 14.2281 sec
Elapsed time for households 11.8144 sec
Iteration 57
Elapsed time for kappa 33.0297 sec
Elapsed time for experts 13.2191 sec
Elapsed time for households 11.6599 sec
Iteration 58
Elapsed time for kappa 33.1480 sec
Elapsed time for experts 13.7246 sec
Elapsed time for households 11.4822 sec
Iteration 59
Elapsed time for kappa 33.4318 sec
Elapsed time for experts 13.0953 sec
Elapsed time for households 11.2224 sec
Iteration 60
Elapsed time for kappa 40.2202 sec
Elapsed time for experts 14.0487 sec
Elapsed time for households 11.7958 sec
Iteration 61
Elapsed time for kappa 34.1385 sec
Elapsed time for experts 13.0956 sec
Elapsed time for households 11.1373 sec
Iteration 62
Elapsed time for kappa 33.8843 sec
Elapsed time for experts 13.8558 sec
Elapsed time for households 12.0722 sec
Iteration 63
Elapsed time for kappa 34.3525 sec
Elapsed time for experts 12.5637 sec
Elapsed time for households 11.3528 sec
Iteration 64
Elapsed time for kappa 33.6098 sec
Elapsed time for experts 13.0924 sec
Elapsed time for households 11.2521 sec
Iteration 65
Elapsed time for kappa 34.2046 sec
Elapsed time for experts 13.5648 sec
Elapsed time for households 11.0421 sec
Iteration 66
Elapsed time for kappa 40.1559 sec
Elapsed time for experts 14.1394 sec
Elapsed time for households 11.5245 sec
Iteration 67
Elapsed time for kappa 33.6749 sec
Elapsed time for experts 13.5992 sec
Elapsed time for households 11.5676 sec
Iteration 68
Elapsed time for kappa 34.8004 sec
Elapsed time for experts 12.6953 sec
Elapsed time for households 11.4617 sec
Iteration 69
Elapsed time for kappa 33.7830 sec
Elapsed time for experts 13.0345 sec
Elapsed time for households 11.5527 sec
Iteration 70
Elapsed time for kappa 34.1745 sec
Elapsed time for experts 13.0225 sec
Elapsed time for households 11.5021 sec
Iteration 71
Elapsed time for kappa 33.9787 sec
Elapsed time for experts 13.0887 sec
Elapsed time for households 17.4610 sec
Iteration 72
Elapsed time for kappa 34.9530 sec
Elapsed time for experts 13.1883 sec
Elapsed time for households 11.6322 sec
Iteration 73
Elapsed time for kappa 34.5761 sec
Elapsed time for experts 13.3379 sec
Elapsed time for households 11.3236 sec
Iteration 74
Elapsed time for kappa 35.6736 sec
Elapsed time for experts 13.0808 sec
Elapsed time for households 11.6951 sec
Iteration 75
Elapsed time for kappa 34.5385 sec
Elapsed time for experts 12.7547 sec
Elapsed time for households 10.9122 sec
Iteration 76
Elapsed time for kappa 34.5176 sec
Elapsed time for experts 13.5676 sec
Elapsed time for households 11.2604 sec
Iteration 77
Elapsed time for kappa 34.7321 sec
Elapsed time for experts 19.4610 sec
Elapsed time for households 11.5979 sec
Iteration 78
Elapsed time for kappa 34.3704 sec
Elapsed time for experts 14.1009 sec
Elapsed time for households 10.7042 sec
Iteration 79
Elapsed time for kappa 33.9546 sec
Elapsed time for experts 14.0048 sec
Elapsed time for households 11.0204 sec
Iteration 80
Elapsed time for kappa 33.8953 sec
Elapsed time for experts 13.8638 sec
Elapsed time for households 10.6653 sec
Iteration 81
Elapsed time for kappa 33.8927 sec
Elapsed time for experts 13.4538 sec
Elapsed time for households 11.1067 sec
Iteration 82
Elapsed time for kappa 33.9389 sec
Elapsed time for experts 13.8362 sec
Elapsed time for households 10.7224 sec
Iteration 83
Elapsed time for kappa 33.9658 sec
Elapsed time for experts 20.5677 sec
Elapsed time for households 11.5370 sec
Iteration 84
Elapsed time for kappa 33.8537 sec
Elapsed time for experts 13.7999 sec
Elapsed time for households 11.2200 sec
Iteration 85
Elapsed time for kappa 33.9953 sec
Elapsed time for experts 14.4604 sec
Elapsed time for households 11.8219 sec
Iteration 86
Elapsed time for kappa 35.1012 sec
Elapsed time for experts 13.7307 sec
Elapsed time for households 13.0096 sec
Iteration 87
Elapsed time for kappa 33.3894 sec
Elapsed time for experts 15.0254 sec
Elapsed time for households 11.1043 sec
Iteration 88
Elapsed time for kappa 34.0719 sec
Elapsed time for experts 14.9516 sec
Elapsed time for households 12.6183 sec
Iteration 89
Elapsed time for kappa 35.2804 sec
Elapsed time for experts 20.9263 sec
Elapsed time for households 12.8447 sec
Iteration 90
Elapsed time for kappa 34.8234 sec
Elapsed time for experts 13.4375 sec
Elapsed time for households 11.8120 sec
Iteration 91
Elapsed time for kappa 34.3162 sec
Elapsed time for experts 13.0653 sec
Elapsed time for households 11.7149 sec
Iteration 92
Elapsed time for kappa 33.7633 sec
Elapsed time for experts 15.5254 sec
Elapsed time for households 11.2086 sec
Iteration 93
Elapsed time for kappa 34.3996 sec
Elapsed time for experts 13.8490 sec
Elapsed time for households 11.1148 sec
Iteration 94
Elapsed time for kappa 34.0575 sec
Elapsed time for experts 13.3005 sec
Elapsed time for households 11.1244 sec
Iteration 95
Elapsed time for kappa 40.5547 sec
Elapsed time for experts 14.4339 sec
Elapsed time for households 11.4784 sec
Iteration 96
Elapsed time for kappa 33.7643 sec
Elapsed time for experts 12.8241 sec
Elapsed time for households 11.7201 sec
Iteration 97
Elapsed time for kappa 33.5698 sec
Elapsed time for experts 12.9269 sec
Elapsed time for households 11.7282 sec
Iteration 98
Elapsed time for kappa 34.1676 sec
Elapsed time for experts 13.2807 sec
Elapsed time for households 11.9260 sec
Iteration 99
Elapsed time for kappa 34.1396 sec
Elapsed time for experts 13.5104 sec
Elapsed time for households 11.3254 sec
Iteration 100
Elapsed time for kappa 33.0393 sec
Elapsed time for experts 14.9779 sec
Elapsed time for households 12.6776 sec
Iteration 101
Elapsed time for kappa 40.2373 sec
Elapsed time for experts 13.9590 sec
Elapsed time for households 12.2731 sec
Iteration 102
Elapsed time for kappa 33.7257 sec
Elapsed time for experts 13.4292 sec
Elapsed time for households 11.8299 sec
Iteration 103
Elapsed time for kappa 33.2536 sec
Elapsed time for experts 14.0148 sec
Elapsed time for households 12.7000 sec
Iteration 104
Elapsed time for kappa 34.2598 sec
Elapsed time for experts 13.4051 sec
Elapsed time for households 11.2393 sec
Iteration 105
Elapsed time for kappa 33.4703 sec
Elapsed time for experts 13.3012 sec
Elapsed time for households 11.9748 sec
Iteration 106
Elapsed time for kappa 33.8762 sec
Elapsed time for experts 13.3569 sec
Elapsed time for households 10.8459 sec
Iteration 107
Elapsed time for kappa 40.5213 sec
Elapsed time for experts 12.9693 sec
Elapsed time for households 11.5803 sec
Iteration 108
Elapsed time for kappa 33.6454 sec
Elapsed time for experts 13.2186 sec
Elapsed time for households 11.6325 sec
Iteration 109
Elapsed time for kappa 33.5773 sec
Elapsed time for experts 13.4596 sec
Elapsed time for households 11.3538 sec
Iteration 110
Elapsed time for kappa 33.3588 sec
Elapsed time for experts 13.6257 sec
Elapsed time for households 11.2773 sec
Iteration 111
Elapsed time for kappa 33.3923 sec
Elapsed time for experts 12.5215 sec
Elapsed time for households 10.9286 sec
Iteration 112
Elapsed time for kappa 33.7206 sec
Elapsed time for experts 13.4744 sec
Elapsed time for households 11.7595 sec
Iteration 113
Elapsed time for kappa 40.5223 sec
Elapsed time for experts 12.3133 sec
Elapsed time for households 11.2563 sec
Iteration 114
Elapsed time for kappa 34.2399 sec
Elapsed time for experts 13.1321 sec
Elapsed time for households 11.7931 sec
Iteration 115
Elapsed time for kappa 35.0798 sec
Elapsed time for experts 13.0356 sec
Elapsed time for households 10.9571 sec
Iteration 116
Elapsed time for kappa 34.3698 sec
Elapsed time for experts 13.0927 sec
Elapsed time for households 11.5661 sec
Iteration 117
Elapsed time for kappa 34.4178 sec
Elapsed time for experts 13.3972 sec
Elapsed time for households 10.6301 sec
Iteration 118
Elapsed time for kappa 33.7732 sec
Elapsed time for experts 13.3474 sec
Elapsed time for households 11.8099 sec
Iteration 119
Elapsed time for kappa 40.1958 sec
Elapsed time for experts 13.2626 sec
Elapsed time for households 10.8289 sec
Iteration 120
Elapsed time for kappa 34.4800 sec
Elapsed time for experts 12.1130 sec
Elapsed time for households 11.3960 sec
Iteration 121
Elapsed time for kappa 33.9545 sec
Elapsed time for experts 12.9672 sec
Elapsed time for households 10.7678 sec
Iteration 122
Elapsed time for kappa 33.9983 sec
Elapsed time for experts 13.7571 sec
Elapsed time for households 11.3190 sec
Iteration 123
Elapsed time for kappa 34.1102 sec
Elapsed time for experts 12.9350 sec
Elapsed time for households 10.7392 sec
Iteration 124
Elapsed time for kappa 33.7313 sec
Elapsed time for experts 18.5499 sec
Elapsed time for households 11.2116 sec
Iteration 125
Elapsed time for kappa 34.4205 sec
Elapsed time for experts 13.8899 sec
Elapsed time for households 10.7628 sec
Iteration 126
Elapsed time for kappa 34.0115 sec
Elapsed time for experts 13.3919 sec
Elapsed time for households 10.6150 sec
Iteration 127
Elapsed time for kappa 33.8162 sec
Elapsed time for experts 15.0328 sec
Elapsed time for households 10.7773 sec
Iteration 128
Elapsed time for kappa 33.4452 sec
Elapsed time for experts 12.8508 sec
Elapsed time for households 11.7130 sec
Iteration 129
Elapsed time for kappa 33.9215 sec
Elapsed time for experts 12.8974 sec
Elapsed time for households 12.8370 sec
Iteration 130
Elapsed time for kappa 35.0501 sec
Elapsed time for experts 21.4699 sec
Elapsed time for households 11.1752 sec
Iteration 131
Elapsed time for kappa 34.8776 sec
Elapsed time for experts 14.3955 sec
Elapsed time for households 11.9950 sec
Iteration 132
Elapsed time for kappa 34.1556 sec
Elapsed time for experts 13.8594 sec
Elapsed time for households 12.0279 sec
Iteration 133
Elapsed time for kappa 33.9413 sec
Elapsed time for experts 12.9175 sec
Elapsed time for households 12.1514 sec
Iteration 134
Elapsed time for kappa 33.8387 sec
Elapsed time for experts 14.5297 sec
Elapsed time for households 12.0976 sec
Iteration 135
Elapsed time for kappa 33.7791 sec
Elapsed time for experts 13.4942 sec
Elapsed time for households 11.8529 sec
Iteration 136
Elapsed time for kappa 33.2284 sec
Elapsed time for experts 19.7601 sec
Elapsed time for households 11.7674 sec
Iteration 137
Elapsed time for kappa 34.1146 sec
Elapsed time for experts 13.1615 sec
Elapsed time for households 11.4787 sec
Iteration 138
Elapsed time for kappa 34.0116 sec
Elapsed time for experts 13.9554 sec
Elapsed time for households 12.4068 sec
Iteration 139
Elapsed time for kappa 34.2463 sec
Elapsed time for experts 13.4013 sec
Elapsed time for households 11.5543 sec
Iteration 140
Elapsed time for kappa 33.4742 sec
Elapsed time for experts 12.9804 sec
Elapsed time for households 11.9831 sec
Iteration 141
Elapsed time for kappa 33.6432 sec
Elapsed time for experts 13.1740 sec
Elapsed time for households 11.7438 sec
Iteration 142
Elapsed time for kappa 34.1239 sec
Elapsed time for experts 19.8614 sec
Elapsed time for households 12.2480 sec
Iteration 143
Elapsed time for kappa 34.4578 sec
Elapsed time for experts 13.1387 sec
Elapsed time for households 11.4525 sec
Iteration 144
Elapsed time for kappa 33.9620 sec
Elapsed time for experts 13.6439 sec
Elapsed time for households 11.4315 sec
Iteration 145
Elapsed time for kappa 33.9967 sec
Elapsed time for experts 13.8949 sec
Elapsed time for households 11.5009 sec
Iteration 146
Elapsed time for kappa 34.5952 sec
Elapsed time for experts 13.1851 sec
Elapsed time for households 11.6481 sec
Iteration 147
Elapsed time for kappa 33.6092 sec
Elapsed time for experts 13.2740 sec
Elapsed time for households 10.9066 sec
Iteration 148
Elapsed time for kappa 41.2667 sec
Elapsed time for experts 14.0252 sec
Elapsed time for households 11.6799 sec
Iteration 149
Elapsed time for kappa 33.9659 sec
Elapsed time for experts 13.1136 sec
Elapsed time for households 12.0482 sec
Iteration 150
Elapsed time for kappa 34.2778 sec
Elapsed time for experts 14.1071 sec
Elapsed time for households 12.1875 sec
Iteration 151
Elapsed time for kappa 34.1263 sec
Elapsed time for experts 12.9058 sec
Elapsed time for households 12.1859 sec
Iteration 152
Elapsed time for kappa 34.3418 sec
Elapsed time for experts 13.3959 sec
Elapsed time for households 11.3871 sec
Iteration 153
Elapsed time for kappa 34.6100 sec
Elapsed time for experts 12.8266 sec
Elapsed time for households 11.5420 sec
Iteration 154
Elapsed time for kappa 40.6027 sec
Elapsed time for experts 12.7079 sec
Elapsed time for households 11.9519 sec
Iteration 155
Elapsed time for kappa 34.2274 sec
Elapsed time for experts 13.2972 sec
Elapsed time for households 12.1299 sec
Iteration 156
Elapsed time for kappa 34.7986 sec
Elapsed time for experts 13.1980 sec
Elapsed time for households 11.8455 sec
Iteration 157
Elapsed time for kappa 34.8139 sec
Elapsed time for experts 13.4459 sec
Elapsed time for households 11.1055 sec
Iteration 158
Elapsed time for kappa 34.7992 sec
Elapsed time for experts 12.9092 sec
Elapsed time for households 11.6224 sec
Iteration 159
Elapsed time for kappa 34.3241 sec
Elapsed time for experts 13.1562 sec
Elapsed time for households 11.5914 sec
Iteration 160
Elapsed time for kappa 42.3862 sec
Elapsed time for experts 14.0785 sec
Elapsed time for households 11.4548 sec
Iteration 161
Elapsed time for kappa 35.1590 sec
Elapsed time for experts 13.3062 sec
Elapsed time for households 11.2310 sec
Iteration 162
Elapsed time for kappa 34.8672 sec
Elapsed time for experts 12.6949 sec
Elapsed time for households 11.3884 sec
Iteration 163
Elapsed time for kappa 34.4109 sec
Elapsed time for experts 13.5472 sec
Elapsed time for households 11.2403 sec
Iteration 164
Elapsed time for kappa 34.2471 sec
Elapsed time for experts 13.8755 sec
Elapsed time for households 11.4857 sec
Iteration 165
Elapsed time for kappa 33.7425 sec
Elapsed time for experts 14.1718 sec
Elapsed time for households 11.1815 sec
Iteration 166
Elapsed time for kappa 40.8441 sec
Elapsed time for experts 13.8053 sec
Elapsed time for households 11.6025 sec
Iteration 167
Elapsed time for kappa 34.6621 sec
Elapsed time for experts 13.9094 sec
Elapsed time for households 11.6433 sec
Iteration 168
Elapsed time for kappa 34.4048 sec
Elapsed time for experts 13.2661 sec
Elapsed time for households 11.1258 sec
Iteration 169
Elapsed time for kappa 33.8083 sec
Elapsed time for experts 13.8213 sec
Elapsed time for households 11.2120 sec
Iteration 170
Elapsed time for kappa 33.4842 sec
Elapsed time for experts 12.8685 sec
Elapsed time for households 11.4192 sec
Iteration 171
Elapsed time for kappa 32.9605 sec
Elapsed time for experts 13.1411 sec
Elapsed time for households 17.1253 sec
Iteration 172
Elapsed time for kappa 34.1094 sec
Elapsed time for experts 13.7506 sec
Elapsed time for households 12.0074 sec
Iteration 173
Elapsed time for kappa 33.7510 sec
Elapsed time for experts 14.6039 sec
Elapsed time for households 11.5209 sec
Iteration 174
Elapsed time for kappa 33.2389 sec
Elapsed time for experts 13.2076 sec
Elapsed time for households 11.7501 sec
Iteration 175
Elapsed time for kappa 33.3275 sec
Elapsed time for experts 13.1865 sec
Elapsed time for households 11.2660 sec
Iteration 176
Elapsed time for kappa 33.1332 sec
Elapsed time for experts 13.7231 sec
Elapsed time for households 11.2933 sec
Iteration 177
Elapsed time for kappa 34.4053 sec
Elapsed time for experts 13.5241 sec
Elapsed time for households 11.3200 sec
Iteration 178
Elapsed time for kappa 41.9757 sec
Elapsed time for experts 13.7484 sec
Elapsed time for households 13.0677 sec
Iteration 179
Elapsed time for kappa 34.2751 sec
Elapsed time for experts 13.7775 sec
Elapsed time for households 12.3485 sec
Iteration 180
Elapsed time for kappa 34.3246 sec
Elapsed time for experts 13.2576 sec
Elapsed time for households 11.7565 sec
Iteration 181
Elapsed time for kappa 33.5837 sec
Elapsed time for experts 13.1824 sec
Elapsed time for households 11.6673 sec
Iteration 182
Elapsed time for kappa 33.6384 sec
Elapsed time for experts 12.7821 sec
Elapsed time for households 11.5040 sec
Iteration 183
Elapsed time for kappa 33.4894 sec
Elapsed time for experts 12.7608 sec
Elapsed time for households 17.6810 sec
Iteration 184
Elapsed time for kappa 34.2493 sec
Elapsed time for experts 14.3448 sec
Elapsed time for households 12.1609 sec
Iteration 185
Elapsed time for kappa 34.1371 sec
Elapsed time for experts 14.4715 sec
Elapsed time for households 11.2060 sec
Iteration 186
Elapsed time for kappa 33.8380 sec
Elapsed time for experts 13.3255 sec
Elapsed time for households 11.5378 sec
Iteration 187
Elapsed time for kappa 33.4763 sec
Elapsed time for experts 13.3290 sec
Elapsed time for households 11.9294 sec
Iteration 188
Elapsed time for kappa 33.6096 sec
Elapsed time for experts 13.2339 sec
Elapsed time for households 10.9575 sec
Iteration 189
Elapsed time for kappa 34.3731 sec
Elapsed time for experts 19.4950 sec
Elapsed time for households 12.7682 sec
Iteration 190
Elapsed time for kappa 34.1605 sec
Elapsed time for experts 12.6938 sec
Elapsed time for households 11.9409 sec
Iteration 191
Elapsed time for kappa 33.8599 sec
Elapsed time for experts 13.2239 sec
Elapsed time for households 11.6976 sec
Iteration 192
Elapsed time for kappa 33.7752 sec
Elapsed time for experts 12.8326 sec
Elapsed time for households 11.0985 sec
Iteration 193
Elapsed time for kappa 33.7001 sec
Elapsed time for experts 13.5770 sec
Elapsed time for households 11.7220 sec
Iteration 194
Elapsed time for kappa 34.2239 sec
Elapsed time for experts 13.7363 sec
Elapsed time for households 11.5932 sec
Iteration 195
Elapsed time for kappa 33.6141 sec
Elapsed time for experts 19.9451 sec
Elapsed time for households 12.5696 sec
Iteration 196
Elapsed time for kappa 34.4350 sec
Elapsed time for experts 13.8393 sec
Elapsed time for households 11.6696 sec
Iteration 197
Elapsed time for kappa 34.5154 sec
Elapsed time for experts 13.5598 sec
Elapsed time for households 11.0345 sec
Iteration 198
Elapsed time for kappa 33.6264 sec
Elapsed time for experts 13.1715 sec
Elapsed time for households 11.1491 sec
Iteration 199
Elapsed time for kappa 33.9576 sec
Elapsed time for experts 13.3141 sec
Elapsed time for households 11.8470 sec
Elapsed time for training 12229.4071 sec
90000 90000 90000 90000
